*******************************************************************************
*                                                                             *
*                     P A R A L L E L    M O D E L                            *
*                                                                             *
*  SIMPLE MPI FRAMEWORK (1 COMMUNICATOR)    :  1 MPI PROCESS per HFODD TASK   *
*  MULTI-THREADING FRAMEWORK WITH OPENMP   :  4 THREADS per HFODD MPI PROCESS *
*                                                                             *
*******************************************************************************
*                                                                             *
*                        __  __ _____  ___   ____   ____                      *
*                       / / / // ___/.' _ \ / __ \ / __ \                     *
*                      / /_/ // /_  / / / // / / // / / /                     *
*                     / __  // __/ / / / // / / // / / /                      *
*                    / / / // /   / /_/ // /_/ // /_/ /                       *
*                   /_/ /_//_/    \___.'/____.'/____.'                        *
*                                                                             *
*                                                                             *
*******************************************************************************
*                                                                             *
*             SKYRME-HARTREE-FOCK-BOGOLYUBOV CODE VERSION: 2.77B              *
*                                                                             *
*              NO SYMMETRY-PLANES AND NO TIME-REVERSAL SYMMETRY               *
*                                                                             *
*                DEFORMED CARTESIAN HARMONIC-OSCILLATOR BASIS                 *
*                                                                             *
*******************************************************************************
*                                                                             *
*             J. DOBACZEWSKI, P. BACZYK, B.G. CARLSSON, J. DUDEK              *
*                 J. ENGEL, Y. GAO, M. KONIECZKA, T. LESINSKI                 *
*                 J. MCDONNELL, P. OLBRATOWSKI, P. POWALOWSKI                 *
*                  M. SADZIAK, J. SARICH, K. SATO, W. SATULA                  *
*             N. SCHUNCK,  J.A. SHEIKH, A. STASZCZAK, M. STOITSOV             *
*             P. TOIVANEN, X.B. WANG, M. ZALEWSKI AND H. ZDUNCZUK             *
*                                                                             *
*                   INSTYTUT FIZYKI TEORETYCZNEJ, WARSZAWA                    *
*                 LAWRENCE LIVERMORE NATIONAL LABORATORY, USA                 *
*                                                                             *
*                                  1993-2016                                  *
*                                                                             *
*******************************************************************************

*******************************************************************************
*                                                                             *
*  CODE COMPILED WITH THE FOLLOWING ARRAY DIMENSIONS AND SWITCHES:            *
*                                                                             *
*******************************************************************************
*                                                                             *
*  NDBASE = 1200  NDSTAT = 1200  NDXHRM =   40  NDYHRM =   40  NDZHRM =   64  *
*                                                                             *
*  NDMAIN =   30  NDMULT =    9  NDMULR =    4  NDLAMB =    9  NDITER = 5000  *
*                                                                             *
*  NDAKNO =    1  NDBKNO =    1  NDPROI =    2  NDCOUL =   80  NDPOLS =   25  *
*                                                                             *
*  NDATKN =   20  NDBTKN =   10  NDPROT =    1  NDPROD =    3                 *
*                                                                             *
*  IPARAL =    0  IPARAT =    0  I_CRAY =    0                                *
*                                                                             *
*                                                                             *
*  PRE-PROCESSOR OPTIONS:                                                     *
*                                                                             *
*       switch_port = 1     switch_diag = 3     switch_essl = 0               *
*                                                                             *
*                           switch_quad = 0     switch_vect = 1               *
*                                                                             *
*******************************************************************************
*                                                                             *
*  EXECUTION BEGINS ON 2016.09.06 AT 12:59:12.061                             *
*                                                                             *
*******************************************************************************
 
*******************************************************************************
*                                                                             *
*  CLASSICAL NUCLEAR SURFACE DEFINED FOR:                    N = 98   Z = 78  *
*                                                                             *
*******************************************************************************
*                                                                             *
*  AL10 =   ZERO  AL11 =   ZERO  .............  .............  .............  *
*                                                                             *
*  AL20 =  0.650  AL21 =   ZERO  AL22 =   ZERO  .............  .............  *
*                                                                             *
*******************************************************************************
*                                                                             *
*                                           HOMEGA=  7.0754  FCHOM0=  0.9671  *
*                                                                             *
*  OSCILLATOR FREQUENCIES: HBAROX=  8.5478  HBAROY=  8.5478  HBAROZ=  4.8478  *
*                                                                             *
*  MOMENTS OF INERTIA:     XMOMFC=114.3775  YMOMFC=114.3775  ZMOMFC= 55.6712  *
*                                                                             *
*  CENTERS OF MASS:        CMSXFC= -0.0000  CMSYFC= -0.0000  CMSZFC= -0.0000  *
*                                                                             *
*******************************************************************************

*******************************************************************************
*                                                                             *
*                           SKYRME FORCE DEFINITION                           *
*                                                                             *
*******************************************************************************
*                                                                             *
* PARAMETER SET HFB1:  T0= -1666.41  T1=   255.23  T2=  1521.28  T3= 12072.51 *
*                                                                             *
* POWER=0.37658031358  X0=  0.14608  X1= -4.82248  X2= -1.35211  X3=  0.00432 *
*                                                                             *
* IETA: J=0  W=1 CM=3  M=1  P=1  T=0 HBM= 20.73553 W0=  44.0677 W0P= 207.6502 *
*                                                                             *
*******************************************************************************

*******************************************************************************
*                                                                             *
*              COUPLING CONSTANTS DEFINING THE SKYRME FUNCTIONAL              *
*                                                                             *
*******************************************************************************
*                                                                             *
*                   TOTAL(T)        SUM(S)      ISOSCALAR(P)  ISOVECTOR(M)    *
*                   --------        ------      ------------  ------------    *
*    CRHO_ =     -894.060074    538.315575       -624.902286    269.157788    *
*    CRHOD =     1008.213640   -507.363897        754.531691   -253.681949    *
*    CLPR_ =       98.335311   -287.870148        -45.599763   -143.935074    *
*    CTAU_ =       33.156062    -48.271535          9.020295    -24.135768    *
*    CSCU_ =        0.000000      0.000000          0.000000      0.000000    *
*    CDIV_ =      -22.033840   -103.825096        -73.946388    -51.912548    *
*                                                                             *
*    CSPI_ =      -60.857026    416.601524        147.443736    208.300762    *
*    CSPID =        2.171385   -503.021127       -249.339179   -251.510564    *
*    CLPS_ =       51.110395     71.467295         86.844042     35.733647    *
*    CCUR_ =      -33.156062     48.271535         -9.020295     24.135768    *
*    CKIS_ =        0.000000      0.000000          0.000000      0.000000    *
*    CROT_ =      -22.033840   -103.825096        -73.946388    -51.912548    *
*                                                                             *
*******************************************************************************

*******************************************************************************
*                                                                             *
*                          NUCLEAR MATTER PROPERTIES                          *
*                                                                             *
*******************************************************************************
*                                                                             *
*     E = -15.8000  rho0 =   0.15625   K =  244.6682   Ms =    0.9364         *
*                   asym =  28.66820   L =   40.1091   Mv =    1.2498         *
*                                                                             *
*******************************************************************************

*******************************************************************************
*                                                                             *
*  PHYSICAL CONSTANTS:     H_BARC=197.32891000           HBCOE2=137.03602000  *
*                                                                             *
*                          XMASSN=938.90590000           XMASSP=938.27231000  *
*                                                                             *
*                          HBMASS= 20.73553000           HBMRPA= 20.73553000  *
*                                                                             *
*                          ECHAR2=  1.43997841           COULEX= -1.06350868  *
*                                                                             *
*******************************************************************************
*                                                                             *
*  OSCILLATOR LENGTHS:     X= 2.2026829      Y= 2.2026829       Z= 2.9248825  *
*                                                                             *
*  OSCILLATOR CONSTANTS:   X= 0.4539918      Y= 0.4539918       Z= 0.3418941  *
*                                                                             *
*  OSCILLATOR FREQUENCIES: X= 8.5478210      Y= 8.5478210       Z= 4.8477757  *
*                                                                             *
*******************************************************************************
*                                                                             *
*  BASIS CUT-OFF CONTROL PARAMETERS:  NXMAXX = 14  NYMAXX = 14  NZMAXX =  25  *
*                                                                             *
*                                     NXHERM = 36  NYHERM = 36  NZHERM =  60  *
*                                                                             *
*                                     NLIMIT=1140  LDBASE=1140  MCOUNT=29791  *
*                                                                             *
*                                     ENECUT= 800.0000      ELIMIT= 134.0844  *
*                                                                             *
*******************************************************************************

*******************************************************************************
*                                                                             *
*   SHAPE OF THE OSCILLATOR-BASIS DIAMOND    (THREE CONSECUTIVE PROJECTIONS)  *
*                                                                             *
*******************************************************************************
*                                                                             *
*        NX ===>>>  0  1  2  3  4  5  6  7  8  9 10 11 12 13 14               *
*        MAX.NY => 14 13 12 11 10  9  8  7  6  5  4  3  2  1  0               *
*                 ---------------------------------------------               *
*   NY= 0  (14)  | 25 23 21 20 18 16 14 13 11  9  7  6  4  2  0               *
*   NY= 1  (13)  | 23 21 20 18 16 14 13 11  9  7  6  4  2  0                  *
*   NY= 2  (12)  | 21 20 18 16 14 13 11  9  7  6  4  2  0                     *
*   NY= 3  (11)  | 20 18 16 14 13 11  9  7  6  4  2  0                        *
*   NY= 4  (10)  | 18 16 14 13 11  9  7  6  4  2  0                           *
*   NY= 5  ( 9)  | 16 14 13 11  9  7  6  4  2  0                              *
*   NY= 6  ( 8)  | 14 13 11  9  7  6  4  2  0                                 *
*   NY= 7  ( 7)  | 13 11  9  7  6  4  2  0                                    *
*   NY= 8  ( 6)  | 11  9  7  6  4  2  0                                       *
*   NY= 9  ( 5)  |  9  7  6  4  2  0                                          *
*   NY=10  ( 4)  |  7  6  4  2  0                                             *
*   NY=11  ( 3)  |  6  4  2  0                                                *
*   NY=12  ( 2)  |  4  2  0                                                   *
*   NY=13  ( 1)  |  2  0                                                      *
*   NY=14  ( 0)  |  0                                                         *
*                                                                             *
*                                                                             *
*        NZ ===>>>  0  1  2  3  4  5  6  7  8  9 10 11 12 13 14 15 16 17 18   *
*        MAX.NY => 14 13 13 12 12 11 11 10  9  9  8  8  7  7  6  5  5  4  4   *
*                 ---------------------------------------------------------   *
*   NY= 0  (25)  | 14 13 13 12 12 11 11 10  9  9  8  8  7  7  6  5  5  4  4   *
*   NY= 1  (23)  | 13 12 12 11 11 10 10  9  8  8  7  7  6  6  5  4  4  3  3   *
*   NY= 2  (21)  | 12 11 11 10 10  9  9  8  7  7  6  6  5  5  4  3  3  2  2   *
*   NY= 3  (20)  | 11 10 10  9  9  8  8  7  6  6  5  5  4  4  3  2  2  1  1   *
*   NY= 4  (18)  | 10  9  9  8  8  7  7  6  5  5  4  4  3  3  2  1  1  0  0   *
*   NY= 5  (16)  |  9  8  8  7  7  6  6  5  4  4  3  3  2  2  1  0  0         *
*   NY= 6  (14)  |  8  7  7  6  6  5  5  4  3  3  2  2  1  1  0               *
*   NY= 7  (13)  |  7  6  6  5  5  4  4  3  2  2  1  1  0  0                  *
*   NY= 8  (11)  |  6  5  5  4  4  3  3  2  1  1  0  0                        *
*   NY= 9  ( 9)  |  5  4  4  3  3  2  2  1  0  0                              *
*   NY=10  ( 7)  |  4  3  3  2  2  1  1  0                                    *
*   NY=11  ( 6)  |  3  2  2  1  1  0  0                                       *
*   NY=12  ( 4)  |  2  1  1  0  0                                             *
*   NY=13  ( 2)  |  1  0  0                                                   *
*   NY=14  ( 0)  |  0                                                         *
*                                                                             *
*                                                                             *
*        NZ ===>>>  0  1  2  3  4  5  6  7  8  9 10 11 12 13 14 15 16 17 18   *
*        MAX.NX => 14 13 13 12 12 11 11 10  9  9  8  8  7  7  6  5  5  4  4   *
*                 ---------------------------------------------------------   *
*   NX= 0  (25)  | 14 13 13 12 12 11 11 10  9  9  8  8  7  7  6  5  5  4  4   *
*   NX= 1  (23)  | 13 12 12 11 11 10 10  9  8  8  7  7  6  6  5  4  4  3  3   *
*   NX= 2  (21)  | 12 11 11 10 10  9  9  8  7  7  6  6  5  5  4  3  3  2  2   *
*   NX= 3  (20)  | 11 10 10  9  9  8  8  7  6  6  5  5  4  4  3  2  2  1  1   *
*   NX= 4  (18)  | 10  9  9  8  8  7  7  6  5  5  4  4  3  3  2  1  1  0  0   *
*   NX= 5  (16)  |  9  8  8  7  7  6  6  5  4  4  3  3  2  2  1  0  0         *
*   NX= 6  (14)  |  8  7  7  6  6  5  5  4  3  3  2  2  1  1  0               *
*   NX= 7  (13)  |  7  6  6  5  5  4  4  3  2  2  1  1  0  0                  *
*   NX= 8  (11)  |  6  5  5  4  4  3  3  2  1  1  0  0                        *
*   NX= 9  ( 9)  |  5  4  4  3  3  2  2  1  0  0                              *
*   NX=10  ( 7)  |  4  3  3  2  2  1  1  0                                    *
*   NX=11  ( 6)  |  3  2  2  1  1  0  0                                       *
*   NX=12  ( 4)  |  2  1  1  0  0                                             *
*   NX=13  ( 2)  |  1  0  0                                                   *
*   NX=14  ( 0)  |  0                                                         *
*                                                                             *
*******************************************************************************

*******************************************************************************
*                                                                             *
* NUCLIDE: N =  98  Z =  78  NUMBER OF ITERATIONS = 1000   CONTINUATION? = 1  *
*                                                                             *
*******************************************************************************
*                                                                             *
* ITERATIONS WILL STOP WHEN THE STABILITY BECOMES LOWER THAN EPSITE=0.300000  *
*                                            FOR    5 CONSECUTIVE ITERATIONS  *
*                                                                             *
*******************************************************************************
*                                                                             *
* ITERATIONS WILL STOP WHEN THE PING-PONG DIVERGENCE OCCURS FOR EPSPNG=0.010  *
*                                DURING    5 PAIRS OF CONSECUTIVE ITERATIONS  *
*                                                                             *
*******************************************************************************
*                                                                             *
* ITERATIONS WILL STOP FOR CHAOTIC-DIVERGENCE CONDITION OCCURING   20  TIMES  *
*                                                                             *
*******************************************************************************
*                                                                             *
* SLOW-DOWN PARAMETERS:                                                       *
* TIME-EVEN = 0.85   TIME-ODD = 0.85   PAIRING = 0.85   LIPKIN-NOGAMI = 0.85  *
*                    LIP-MASS = 0.50   LIP-MOI = 0.50   LIPKIN-METHOD = 0.50  *
*                                                                             *
*******************************************************************************
*                                                                             *
* BROYDEN METHOD IS:  ON                                                      *
*                                                                             *
*    TRIGGERED ONLY WHEN STABILITY IS LOWER THAN :  1000.000 MEV              *
*    INITIAL SLOWING FACTOR (BEFORE TRIGGER)     :     0.85 (=SLOWEV)         *
*    BROYDEN SLOWING FACTOR (AFTER  TRIGGER)     :     0.40 (=1-ALPHAM)       *
*    NUMBER OF ITERATIONS RETAINED IN MEMORY     :    10                      *
*                                                                             *
*******************************************************************************
*                                                                             *
* DIRECT COULOMB TERMS SOLVED BY GREEN FUNCTION AND FOURIER TRANSFORM METHOD  *
* COULOMB PARAMETERS:  NUMCOU = 80  NUMETA = 79  BOUCOU = 20.0  FURMAX =0.25  *
*                                                                             *
*******************************************************************************
*                                                                             *
* EXCHANGE COULOMB TERMS TREATED BY THE SLATER APPROXIMATION                  *
*                                                                             *
*******************************************************************************
*                                                                             *
* MAXIMUM NUMBERS OF MULTIPOLE MOMENTS USED FOR THE CONSTRAINTS,    NMUCON=4  *
*                                           FOR THE COULOMB FIELD,  NMUCOU=4  *
*                                           FOR THE OUTPUT INFO,    NMUPRI=4  *
*                                                                             *
*******************************************************************************
*                                                                             *
* MULTIPOLE CONSTRAINTS: LAMBDA= 2  MIU= 0  MOMENT=169.000  STIFFNESS= 0.500  *
*                        LAMBDA= 3  MIU= 0  MOMENT= 64.000  STIFFNESS= 0.500  *
*                                                                             *
*******************************************************************************
*                                                                             *
* LINEAR MULTIPOLE CONSTRAINTS: LAMBDA= 2  MIU= 0  LAGRANGE PAR. USED= 0.000  *
*                               LAMBDA= 3  MIU= 0  LAGRANGE PAR. USED= 0.000  *
*                                                                             *
*******************************************************************************
*                                                                             *
* THE LAGRANGE PARAMETERS OF THE LINEAR CONSTRAINTS ARE RE-ADJUSTED AT EACH   *
* ITERATION BY USING THE CRANKING APPROXIMATION OF THE RPA MATRIX             *
*                                                                             *
*******************************************************************************
*                                                                             *
* PRINTING THE RESULTS FOR THE FOLLOWING ITERATIONS:         THE  FIRST: YES  *
*                                                            THE MIDDLE:  NO  *
*                                                     AND/OR THE   LAST: YES  *
*                                                                             *
*******************************************************************************
*                                                                             *
* PRINTING THE MOMENTS, RADII, AND DEFORMATIONS FOR:           NEUTRONS: YES  *
*                                                              PROTONS : YES  *
*                                                              MASS    : YES  *
*                                                                             *
*******************************************************************************
*                                                                             *
* PRINTING THE MOMENTS, MOMENTA AND DEFORMATIONS IN THE INTRINSIC FRAME: YES  *
*                                                                             *
*******************************************************************************
*                                                                             *
* NILSSON LABELS OF SINGLE-PARTICLE STATES SHOWN WITH RESPECT TO THE: Z-AXIS  *
*                                                                             *
*******************************************************************************
*                                                                             *
* CALCULATIONS WITH THE HFB PAIRING CORRELATIONS                              *
*                                                                             *
*******************************************************************************
*                                                                             *
* CONTACT PAIRING INTERACTION:     V0        V1       RHO-SAT      POWER      *
*                    NEUTRONS:  -234.380   732.438     0.320     1.0000000    *
*                     PROTONS:  -260.437   813.866     0.320     1.0000000    *
*                                                                             *
*******************************************************************************
*                                                                             *
* CUTOFF ENERGY DEFINING THE ACTIVE HFB PAIRING SPACE=      60.000            *
*                                                                             *
*******************************************************************************
*                                                                             *
* CALCULATIONS WITH SIMPLEX SYMMETRY                                          *
*                                                                             *
*******************************************************************************
*                                                                             *
* CALCULATIONS WITH TIME-ODD SYMMETRIES:        T*SIMPLEX_X =>     CONSERVED  *
*                                               T*SIMPLEX_Y =>     CONSERVED  *
*                                               T*SIMPLEX_Z => NON CONSERVED  *
*                                                                             *
*******************************************************************************
*                                                                             *
* CALCULATIONS WITHOUT ROTATION                                               *
*                                                                             *
*******************************************************************************

*******************************************************************************
*                                                                             *
*  CALLING SUBROUTINE "RECORD" TO READ THE REPLAY FILE OBTAINED PREVIOUSLY    *
*  ./restart/HFODD_00000007.REC                                               *
*                                                                             *
*******************************************************************************

*******************************************************************************
*                                                                             *
*  SINGLE-QUASIPARTICLE PROPERTIES:                                NEUTRONS   *
*                                                                             *
*******************************************************************************
*                                                                             *
*  NO)   ENERGY   (S=+,S=-)       PARITY   V2QUAP   EEQUIV   DEQUIV   V_CORR  *
*                                                                             *
*  63)    8.509   (  0, 32)        0.411  0.99822  -18.150    0.717  0.99873  *
*  64)    8.509   ( 32,  0)        0.411  0.99822  -18.150    0.717  0.99873  *
*  65)    8.463   (  0, 33)       -0.194  0.99623  -18.071    1.037  0.99730  *
*  66)    8.463   ( 33,  0)       -0.194  0.99623  -18.071    1.037  0.99730  *
*  67)    8.269   (  0, 34)       -0.515  0.99753  -17.899    0.821  0.99814  *
*  68)    8.269   ( 34,  0)       -0.515  0.99753  -17.899    0.821  0.99814  *
*  69)    7.970   (  0, 35)        0.185  0.99882  -17.622    0.546  0.99905  *
*  70)    7.970   ( 35,  0)        0.185  0.99882  -17.622    0.546  0.99905  *
*  71)    8.007   ( 36,  0)       -0.663  0.99636  -17.620    0.964  0.99709  *
*  72)    8.007   (  0, 36)       -0.663  0.99636  -17.620    0.964  0.99709  *
*  73)    7.824   ( 37,  0)       -0.377  0.99872  -17.475    0.561  0.99892  *
*  74)    7.824   (  0, 37)       -0.377  0.99872  -17.475    0.561  0.99892  *
*  75)    7.308   ( 38,  0)       -0.285  0.99813  -16.952    0.632  0.99818  *
*  76)    7.308   (  0, 38)       -0.285  0.99813  -16.952    0.632  0.99818  *
*  77)    7.184   ( 39,  0)       -0.610  0.99865  -16.836    0.528  0.99864  *
*  78)    7.184   (  0, 39)       -0.610  0.99865  -16.836    0.528  0.99864  *
*  79)    6.315   ( 40,  0)       -0.626  0.99825  -15.964    0.528  0.99761  *
*  80)    6.315   (  0, 40)       -0.626  0.99825  -15.964    0.528  0.99761  *
*  81)    5.835   (  0, 41)       -0.745  0.99772  -15.480    0.556  0.99618  *
*  82)    5.835   ( 41,  0)       -0.745  0.99772  -15.480    0.556  0.99618  *
*  83)    5.776   (  0, 42)        0.367  0.97970  -15.213    1.629  0.96814  *
*  84)    5.776   ( 42,  0)        0.367  0.97970  -15.213    1.629  0.96814  *
*  85)    4.688   ( 43,  0)        0.274  0.99289  -14.293    0.788  0.97649  *
*  86)    4.688   (  0, 43)        0.274  0.99289  -14.293    0.788  0.97649  *
*  87)    4.437   ( 44,  0)        0.315  0.99620  -14.075    0.546  0.98346  *
*  88)    4.437   (  0, 44)        0.315  0.99620  -14.075    0.546  0.98346  *
*  89)    4.321   (  0, 45)        0.223  0.99257  -13.928    0.742  0.96561  *
*  90)    4.321   ( 45,  0)        0.223  0.99257  -13.928    0.742  0.96561  *
*  91)    4.262   (  0, 46)        0.570  0.99728  -13.910    0.444  0.98531  *
*  92)    4.262   ( 46,  0)        0.570  0.99728  -13.910    0.444  0.98531  *
*  93)    4.191   ( 47,  0)       -0.084  0.99559  -13.825    0.556  0.97493  *
*  94)    4.191   (  0, 47)       -0.084  0.99559  -13.825    0.556  0.97493  *
*  95)    3.543   (  0, 48)        0.348  0.99519  -13.180    0.490  0.91875  *
*  96)    3.543   ( 48,  0)        0.348  0.99519  -13.180    0.490  0.91875  *
*  97)    3.218   ( 49,  0)        0.389  0.99490  -12.857    0.459  0.80048  *
*  98)    3.218   (  0, 49)        0.389  0.99490  -12.857    0.459  0.80048  *
*  99)    3.222   ( 50,  0)       -0.212  0.99401  -12.854    0.497  0.79326  *
* 100)    3.222   (  0, 50)       -0.212  0.99401  -12.854    0.497  0.79326  *
* 101)    3.011   ( 51,  0)        0.816  0.99246  -12.637    0.521  0.64735  *
* 102)    3.011   (  0, 51)        0.816  0.99246  -12.637    0.521  0.64735  *
* 103)    1.995   (  0, 52)       -0.719  0.98421  -11.603    0.497  0.20866  *
* 104)    1.995   ( 52,  0)       -0.719  0.98421  -11.603    0.497  0.20866  *
* 105)    1.653   ( 53,  0)        0.500  0.97893  -11.255    0.475  0.15714  *
* 106)    1.653   (  0, 53)        0.500  0.97893  -11.255    0.475  0.15714  *
* 107)    1.291   (  0, 54)       -0.426  0.96006  -10.860    0.506  0.13466  *
* 108)    1.291   ( 54,  0)       -0.426  0.96006  -10.860    0.506  0.13466  *
* 109)    1.030   ( 55,  0)       -0.331  0.94556  -10.590    0.468  0.11061  *
* 110)    1.030   (  0, 55)       -0.331  0.94556  -10.590    0.468  0.11061  *
* 111)    0.573   (  0, 56)       -0.470  0.74764   -9.955    0.498  0.10271  *
* 112)    0.573   ( 56,  0)       -0.470  0.74764   -9.955    0.498  0.10271  *
* 113)    0.530   ( 57,  0)       -0.363  0.74310   -9.929    0.464  0.09518  *
* 114)    0.530   (  0, 57)       -0.363  0.74310   -9.929    0.464  0.09518  *
* 115)    0.533   (  0, 58)        0.033  0.69415   -9.878    0.491  0.10232  *
* 116)    0.533   ( 58,  0)        0.033  0.69415   -9.878    0.491  0.10232  *
* 117)    0.467   (  0, 59)       -0.251  0.58991   -9.755    0.459  0.09976  *
* 118)    0.467   ( 59,  0)       -0.251  0.58991   -9.755    0.459  0.09976  *
* 119)    0.388   ( 60,  0)        0.497  0.59737   -9.747    0.381  0.08218  *
* 120)    0.388   (  0, 60)        0.497  0.59737   -9.747    0.381  0.08218  *
* 121)    0.495   ( 61,  0)       -0.214  0.54350   -9.714    0.493  0.11000  *
* 122)    0.495   (  0, 61)       -0.214  0.54350   -9.714    0.493  0.11000  *
* 123)    0.743   (  0, 62)       -0.527  0.12920   -9.121    0.498  0.19085  *
* 124)    0.743   ( 62,  0)       -0.527  0.12920   -9.121    0.498  0.19085  *
* 125)    0.995   ( 63,  0)        0.710  0.05574   -8.787    0.456  0.24423  *
* 126)    0.995   (  0, 63)        0.710  0.05574   -8.787    0.456  0.24423  *
* 127)    1.314   ( 64,  0)        0.263  0.02185   -8.415    0.384  0.30054  *
* 128)    1.314   (  0, 64)        0.263  0.02185   -8.415    0.384  0.30054  *
* 129)    1.485   (  0, 65)        0.560  0.02751   -8.268    0.486  0.32707  *
* 130)    1.485   ( 65,  0)        0.560  0.02751   -8.268    0.486  0.32707  *
* 131)    1.854   (  0, 66)        0.540  0.00969   -7.854    0.363  0.37784  *
* 132)    1.854   ( 66,  0)        0.540  0.00969   -7.854    0.363  0.37784  *
* 133)    2.049   (  0, 67)        0.589  0.00967   -7.662    0.401  0.40180  *
* 134)    2.049   ( 67,  0)        0.589  0.00967   -7.662    0.401  0.40180  *
* 135)    2.181   ( 68,  0)        0.661  0.01124   -7.539    0.460  0.41697  *
* 136)    2.181   (  0, 68)        0.661  0.01124   -7.539    0.460  0.41697  *
* 137)    2.983   (  0, 69)        0.707  0.00713   -6.730    0.502  0.49458  *
* 138)    2.983   ( 69,  0)        0.707  0.00713   -6.730    0.502  0.49458  *
* 139)    3.147   ( 70,  0)        0.279  0.00635   -6.565    0.500  0.50786  *
* 140)    3.147   (  0, 70)        0.279  0.00635   -6.565    0.500  0.50786  *
* 141)    3.346   (  0, 71)       -0.092  0.00512   -6.359    0.478  0.52317  *
* 142)    3.346   ( 71,  0)       -0.092  0.00512   -6.359    0.478  0.52317  *
* 143)    3.665   ( 72,  0)        0.057  0.00416   -6.037    0.472  0.54578  *
* 144)    3.665   (  0, 72)        0.057  0.00416   -6.037    0.472  0.54578  *
* 145)    3.894   (  0, 73)        0.041  0.00365   -5.806    0.470  0.56075  *
* 146)    3.894   ( 73,  0)        0.041  0.00365   -5.806    0.470  0.56075  *
* 147)    4.124   ( 74,  0)        0.003  0.00290   -5.571    0.444  0.57477  *
* 148)    4.124   (  0, 74)        0.003  0.00290   -5.571    0.444  0.57477  *
* 149)    4.233   ( 75,  0)       -0.226  0.00479   -5.479    0.584  0.58129  *
* 150)    4.233   (  0, 75)       -0.226  0.00479   -5.479    0.584  0.58129  *
* 151)    4.236   ( 76,  0)       -0.560  0.00211   -5.453    0.389  0.58126  *
* 152)    4.236   (  0, 76)       -0.560  0.00211   -5.453    0.389  0.58126  *
* 153)    4.353   ( 77,  0)        0.377  0.00332   -5.347    0.501  0.58797  *
* 154)    4.353   (  0, 77)        0.377  0.00332   -5.347    0.501  0.58797  *
* 155)    4.519   ( 78,  0)       -0.017  0.00962   -5.240    0.882  0.59761  *
* 156)    4.519   (  0, 78)       -0.017  0.00962   -5.240    0.882  0.59761  *
* 157)    4.509   ( 79,  0)        0.288  0.00336   -5.193    0.522  0.59650  *
* 158)    4.509   (  0, 79)        0.288  0.00336   -5.193    0.522  0.59650  *
* 159)    5.407   (  0, 80)       -0.294  0.00120   -4.277    0.375  0.63918  *
* 160)    5.407   ( 80,  0)       -0.294  0.00120   -4.277    0.375  0.63918  *
* 161)    5.869   ( 81,  0)        0.355  0.01977   -4.034    1.634  0.65993  *
* 162)    5.869   (  0, 81)        0.355  0.01977   -4.034    1.634  0.65993  *
* 163)    6.068   (  0, 82)       -0.637  0.00178   -3.624    0.512  0.66541  *
* 164)    6.068   ( 82,  0)       -0.637  0.00178   -3.624    0.512  0.66541  *
* 165)    6.085   ( 83,  0)       -0.268  0.00093   -3.597    0.371  0.66594  *
* 166)    6.085   (  0, 83)       -0.268  0.00093   -3.597    0.371  0.66594  *
* 167)    6.289   (  0, 84)       -0.440  0.00205   -3.408    0.569  0.67333  *
* 168)    6.289   ( 84,  0)       -0.440  0.00205   -3.408    0.569  0.67333  *
* 169)    6.706   (  0, 85)       -0.211  0.00109   -2.980    0.442  0.68720  *
* 170)    6.706   ( 85,  0)       -0.211  0.00109   -2.980    0.442  0.68720  *
* 171)    6.758   ( 86,  0)       -0.418  0.00127   -2.930    0.482  0.68889  *
* 172)    6.758   (  0, 86)       -0.418  0.00127   -2.930    0.482  0.68889  *
* 173)    7.241   (  0, 87)        0.324  0.00100   -2.445    0.459  0.70346  *
* 174)    7.241   ( 87,  0)        0.324  0.00100   -2.445    0.459  0.70346  *
* 175)    8.201   (  0, 88)       -0.159  0.00301   -1.519    0.898  0.72901  *
* 176)    8.201   ( 88,  0)       -0.159  0.00301   -1.519    0.898  0.72901  *
* 177)    8.379   ( 89,  0)       -0.201  0.00314   -1.345    0.938  0.73323  *
* 178)    8.379   (  0, 89)       -0.201  0.00314   -1.345    0.938  0.73323  *
* 179)    8.357   (  0, 90)       -0.279  0.00093   -1.330    0.508  0.73245  *
* 180)    8.357   ( 90,  0)       -0.279  0.00093   -1.330    0.508  0.73245  *
* 181)    8.361   (  0, 91)       -0.052  0.00091   -1.325    0.503  0.73256  *
* 182)    8.361   ( 91,  0)       -0.052  0.00091   -1.325    0.503  0.73256  *
* 183)    8.529   ( 92,  0)        0.465  0.00075   -1.156    0.468  0.73641  *
* 184)    8.529   (  0, 92)        0.465  0.00075   -1.156    0.468  0.73641  *
* 185)    8.758   ( 93,  0)        0.216  0.00101   -0.931    0.555  0.74157  *
* 186)    8.758   (  0, 93)        0.216  0.00101   -0.931    0.555  0.74157  *
* 187)    8.845   ( 94,  0)        0.538  0.00093   -0.843    0.539  0.74344  *
* 188)    8.845   (  0, 94)        0.538  0.00093   -0.843    0.539  0.74344  *
* 189)    8.852   (  0, 95)        0.109  0.00058   -0.830    0.428  0.74355  *
* 190)    8.852   ( 95,  0)        0.109  0.00058   -0.830    0.428  0.74355  *
* 191)    8.909   ( 96,  0)        0.017  0.00090   -0.779    0.534  0.74480  *
* 192)    8.909   (  0, 96)        0.017  0.00090   -0.779    0.534  0.74480  *
* 193)    9.004   ( 97,  0)       -0.581  0.00079   -0.681    0.506  0.74681  *
* 194)    9.004   (  0, 97)       -0.581  0.00079   -0.681    0.506  0.74681  *
* 195)    9.173   ( 98,  0)        0.415  0.00065   -0.510    0.467  0.75029  *
* 196)    9.173   (  0, 98)        0.415  0.00065   -0.510    0.467  0.75029  *
* 197)    9.649   ( 99,  0)        0.593  0.00062   -0.034    0.481  0.75966  *
* 198)    9.649   (  0, 99)        0.593  0.00062   -0.034    0.481  0.75966  *
* 199)    9.774   (100,  0)       -0.019  0.00107    0.082    0.640  0.76205  *
* 200)    9.774   (  0,100)       -0.019  0.00107    0.082    0.640  0.76205  *
* 201)    9.909   (101,  0)       -0.655  0.00195    0.199    0.875  0.76462  *
* 202)    9.909   (  0,101)       -0.655  0.00195    0.199    0.875  0.76462  *
* 203)    9.947   (  0,102)       -0.739  0.00060    0.264    0.488  0.76516  *
* 204)    9.947   (102,  0)       -0.739  0.00060    0.264    0.488  0.76516  *
*                                                                             *
*1946)   TOTAL=  ( 973, 973)                                                  *
*                                                                             *
*******************************************************************************

*******************************************************************************
*                                                                             *
*  SINGLE-PARTICLE PROPERTIES: CANONICAL                           NEUTRONS   *
*                                                                             *
*******************************************************************************
*                                                                             *
*  NO)   ENERGY   (S=+,S=-)   | N,nz,lz,OMEz>   <P>    <JY>    <SY>   GFACT   *
*                                                                             *
*  52)  -11.610   ( 52,---)   | 5, 2, 1, 3/2>   -71   0.000  -0.000  -3.497   *
*  53)  -11.255   ( 53,---)   | 8, 8, 0, 1/2>    50  -2.051  -0.352   0.172   *
*  54)  -10.867   ( 54,---)   | 7, 6, 1, 1/2>   -42   0.194  -0.160  -0.821   *
*  55)  -10.588   ( 55,---)   | 5, 2, 1, 1/2>   -34  -0.492  -0.235   0.477   *
*  56)   -9.985   ( 56,---)   | 5, 2, 3, 5/2>   -31  -0.000   0.000  -1.290   *
*  57)   -9.923   ( 57,---)   | 5, 2, 1, 1/2>   -34  -0.021  -0.244  1.E+01   *
*  58)   -9.875   ( 58,---)   | 7, 5, 2, 3/2>     3   0.000  -0.000  -0.444   *
*  59)   -9.745   ( 59,---)   | 5, 1, 4, 9/2>   -30   0.000   0.000   0.996   *
*  60)   -9.713   ( 60,---)   | 7, 5, 2, 5/2>   -23  -0.000  -0.000   0.026   *
*  61)   -9.697   ( 61,---)   | 4, 0, 2, 5/2>    24   0.000   0.000   2.435   *
*  62)   -9.108   ( 62,---)   | 7, 4, 3, 7/2>   -51   0.000  -0.000  -3.462   *
*  63)   -8.746   ( 63,---)   | 6, 3, 1, 3/2>    71  -0.000  -0.000   0.449   *
*  64)   -8.282   ( 64,---)   | 4, 0, 0, 1/2>    57  -0.243  -0.486   2.006   *
*  65)   -8.240   ( 65,---)   | 8, 7, 1, 3/2>    57   0.000   0.000   0.092   *
*  66)   -7.727   ( 66,---)   | 4, 0, 2, 3/2>    62  -0.000  -0.000   2.063   *
*  67)   -7.586   ( 67,---)   | 4, 0, 4, 7/2>    64   0.000  -0.000  -0.115   *
*  68)   -7.452   ( 68,---)   | 6, 3, 1, 1/2>    59   0.088  -0.066  -0.759   *
*  69)   -6.605   ( 69,---)   | 6, 3, 3, 5/2>    71   0.000   0.000   0.791   *
*  70)   -6.395   ( 70,---)   | 6, 2, 4, 9/2>    69  -0.000   0.000  -0.079   *
*  71)   -6.226   ( 71,---)   | 9, 8, 1, 1/2>   -21  -1.677  -0.301   0.179   *
*  72)   -5.883   ( 72,---)   | 8, 7, 1, 1/2>    32   0.105  -0.205  -1.946   *
*  73)   -5.527   ( 73,---)   | 7, 5, 0, 1/2>   -32  -1.261  -0.412   0.327   *
*  74)   -5.304   ( 74,---)   | 7, 5, 2, 3/2>   -33  -0.000   0.000  -0.304   *
*  75)   -5.248   ( 75,---)   | 8, 6, 2, 5/2>    40   0.000  -0.000  -0.725   *
*  76)   -5.195   ( 76,---)   | 5, 0, 5,11/2>   -65   0.000  -0.000  -0.021   *
*  77)   -5.024   ( 77,---)   | 5, 1, 2, 5/2>   -36   0.000   0.000   3.084   *
*  78)   -5.010   ( 78,---)   | 8, 5, 3, 7/2>     6  -0.000  -0.000   XXXXX   *
*  79)   -4.797   ( 79,---)   | 7, 4, 1, 3/2>   -29   0.000  -0.000  -0.334   *
*  80)   -3.340   ( 80,---)   | 7, 4, 1, 1/2>   -23   0.347  -0.054  -0.157   *
*  81)   -3.296   ( 81,---)   | 7, 3, 4, 9/2>   -77   0.000   0.000   0.510   *
*  82)   -3.153   ( 82,---)   | 5, 1, 0, 1/2>   -34  -0.206  -0.475   2.313   *
*  83)   -3.059   ( 83,---)   | 9, 8, 1, 3/2>   -68   0.000   0.000   0.048   *
*  84)   -2.602   ( 84,---)   | 5, 1, 2, 3/2>   -47   0.000  -0.000  -0.701   *
*  85)   -2.480   ( 85,---)   | 7, 4, 3, 5/2>   -28  -0.000   0.000  -0.030   *
*  86)   -2.328   ( 86,---)   | 5, 1, 4, 7/2>   -48  -0.000  -0.000   1.479   *
*  87)   -1.023   ( 87,---)   | 8, 6, 0, 1/2>    48  -1.294  -0.333   0.258   *
*  88)   -0.788   ( 88,---)   | 9, 7, 2, 5/2>     6  -0.000  -0.000   0.429   *
*  89)   -0.689   ( 89,---)   | 6, 2, 2, 5/2>    13  -0.000  -0.000   0.089   *
*  90)   -0.542   ( 90,---)   | 9, 8, 1, 1/2>   -42   0.119  -0.223  -1.863   *
*  91)   -0.428   ( 91,---)   | 8, 5, 3, 7/2>    33   0.000  -0.000  -0.399   *
*  92)   -0.259   ( 92,---)   | 8, 6, 2, 3/2>    50   0.000  -0.000  -0.221   *
*  93)   -0.132   ( 93,---)   | 7, 4, 1, 3/2>    -8   0.000   0.000   0.103   *
*                                                                             *
*******************************************************************************

*******************************************************************************
*                                                                             *
*  HFB PAIRING PROPERTIES                                           NEUTRONS  *
*                                                                             *
*  STRENGTH= 0.1634   GAP=-0.4765   FERMI ENERGY=-12.7255   ENERGY=  -1.3895  *
*                                                                             *
*******************************************************************************

*******************************************************************************
*                                                                             *
*  MULTIPOLE MOMENTS [UNITS:  (10 FERMI)^LAMBDA]                    NEUTRONS  *
*                                                                             *
*******************************************************************************
*                                                                             *
*  Q00 = 98.0000  .............  .............  .............  .............  *
*                                                                             *
*  Q10 =  7.5735  Q11 =    ZERO  .............  .............  .............  *
*                                                                             *
*  Q20 = 58.2390  Q21 =    ZERO  Q22 = 3.2E-07  .............  .............  *
*                                                                             *
*  Q30 =  8.8338  Q31 =    ZERO  Q32 = 2.6E-07  Q33 =    ZERO  .............  *
*                                                                             *
*  Q40 = 15.1767  Q41 =    ZERO  Q42 = 4.0E-09  Q43 =    ZERO  Q44 =-3.8E-07  *
*                                                                             *
*******************************************************************************

*******************************************************************************
*                                                                             *
*  ROOT-MEAN-SQUARE AND GEOMETRIC SIZES IN FERMIS                   NEUTRONS  *
*                                                                             *
*  R_RMS =  6.8692     X_RMS =  2.4133    Y_RMS =  2.4133    Z_RMS =  5.9614  *
*                                                                             *
*  R_GEO =  8.8681     X_GEO =  5.3963    Y_GEO =  5.3963    Z_GEO = 13.3300  *
*                                                                             *
*******************************************************************************

*******************************************************************************
*                                                                             *
*  BOHR DEFORMATIONS (FIRST-ORDER APPROXIMATION)                    NEUTRONS  *
*                                                                             *
*******************************************************************************
*                                                                             *
*  B10 =  0.1784  B11 =    ZERO  .............  .............  .............  *
*                                                                             *
*  B20 =  0.9983  B21 =    ZERO  B22 = 5.4E-09  .............  .............  *
*                                                                             *
*  B30 =  0.5414  B31 =    ZERO  B32 = 2.2E-08  B33 =    ZERO  .............  *
*                                                                             *
*  B40 =  1.0488  B41 =    ZERO  B42 = 3.9E-10  B43 =    ZERO  B44 =-3.7E-08  *
*                                                                             *
*******************************************************************************
*                                                                             *
*  BOHR DENSITY = 0.0335 FM^(-3)  BOHR RADIUS =   8.8681 FM                   *
*                                                                             *
*******************************************************************************

*******************************************************************************
*                                                                             *
*  SINGLE-QUASIPARTICLE PROPERTIES:                                 PROTONS   *
*                                                                             *
*******************************************************************************
*                                                                             *
*  NO)   ENERGY   (S=+,S=-)       PARITY   V2QUAP   EEQUIV   DEQUIV   V_CORR  *
*                                                                             *
*  41)    9.373   (  0, 21)       -0.090  0.99666  -11.798    1.081  0.99933  *
*  42)    9.373   ( 21,  0)       -0.090  0.99666  -11.798    1.081  0.99933  *
*  43)    9.168   (  0, 22)        0.826  0.99932  -11.644    0.480  0.99986  *
*  44)    9.168   ( 22,  0)        0.826  0.99932  -11.644    0.480  0.99986  *
*  45)    8.484   (  0, 23)       -0.454  0.99885  -10.953    0.576  0.99974  *
*  46)    8.484   ( 23,  0)       -0.454  0.99885  -10.953    0.576  0.99974  *
*  47)    8.033   (  0, 24)       -0.561  0.99929  -10.510    0.427  0.99983  *
*  48)    8.033   ( 24,  0)       -0.561  0.99929  -10.510    0.427  0.99983  *
*  49)    7.407   ( 25,  0)       -0.149  0.99879   -9.878    0.515  0.99967  *
*  50)    7.407   (  0, 25)       -0.149  0.99879   -9.878    0.515  0.99967  *
*  51)    6.665   (  0, 26)       -0.578  0.99904   -9.141    0.412  0.99970  *
*  52)    6.665   ( 26,  0)       -0.578  0.99904   -9.141    0.412  0.99970  *
*  53)    6.412   (  0, 27)       -0.673  0.99865   -8.883    0.470  0.99955  *
*  54)    6.412   ( 27,  0)       -0.673  0.99865   -8.883    0.470  0.99955  *
*  55)    6.104   ( 28,  0)        0.635  0.99876   -8.578    0.429  0.99955  *
*  56)    6.104   (  0, 28)        0.635  0.99876   -8.578    0.429  0.99955  *
*  57)    5.800   ( 29,  0)        0.545  0.99861   -8.273    0.432  0.99946  *
*  58)    5.800   (  0, 29)        0.545  0.99861   -8.273    0.432  0.99946  *
*  59)    5.790   ( 30,  0)        0.702  0.99794   -8.254    0.526  0.99919  *
*  60)    5.790   (  0, 30)        0.702  0.99794   -8.254    0.526  0.99919  *
*  61)    5.317   ( 31,  0)       -0.010  0.99827   -7.787    0.442  0.99923  *
*  62)    5.317   (  0, 31)       -0.010  0.99827   -7.787    0.442  0.99923  *
*  63)    3.681   ( 32,  0)       -0.065  0.99630   -6.142    0.447  0.99683  *
*  64)    3.681   (  0, 32)       -0.065  0.99630   -6.142    0.447  0.99683  *
*  65)    3.311   (  0, 33)        0.350  0.99586   -5.772    0.425  0.99557  *
*  66)    3.311   ( 33,  0)        0.350  0.99586   -5.772    0.425  0.99557  *
*  67)    3.112   ( 34,  0)        0.307  0.99531   -5.571    0.425  0.99421  *
*  68)    3.112   (  0, 34)        0.307  0.99531   -5.571    0.425  0.99421  *
*  69)    2.904   ( 35,  0)       -0.548  0.99514   -5.364    0.404  0.99288  *
*  70)    2.904   (  0, 35)       -0.548  0.99514   -5.364    0.404  0.99288  *
*  71)    2.553   ( 36,  0)       -0.568  0.99380   -5.009    0.401  0.98702  *
*  72)    2.553   (  0, 36)       -0.568  0.99380   -5.009    0.401  0.98702  *
*  73)    2.511   ( 37,  0)       -0.215  0.99250   -4.962    0.433  0.98363  *
*  74)    2.511   (  0, 37)       -0.215  0.99250   -4.962    0.433  0.98363  *
*  75)    2.219   ( 38,  0)       -0.604  0.99291   -4.676    0.372  0.97613  *
*  76)    2.219   (  0, 38)       -0.604  0.99291   -4.676    0.372  0.97613  *
*  77)    1.671   ( 39,  0)       -0.653  0.98547   -4.111    0.400  0.84019  *
*  78)    1.671   (  0, 39)       -0.653  0.98547   -4.111    0.400  0.84019  *
*  79)    1.299   ( 40,  0)       -0.526  0.97909   -3.733    0.372  0.51153  *
*  80)    1.299   (  0, 40)       -0.526  0.97909   -3.733    0.372  0.51153  *
*  81)    1.058   ( 41,  0)        0.333  0.95989   -3.462    0.415  0.35702  *
*  82)    1.058   (  0, 41)        0.333  0.95989   -3.462    0.415  0.35702  *
*  83)    0.786   (  0, 42)       -0.733  0.91079   -3.135    0.448  0.26311  *
*  84)    0.786   ( 42,  0)       -0.733  0.91079   -3.135    0.448  0.26311  *
*  85)    0.471   (  0, 43)        0.104  0.25611   -2.259    0.411  0.23644  *
*  86)    0.471   ( 43,  0)        0.104  0.25611   -2.259    0.411  0.23644  *
*  87)    0.583   ( 44,  0)        0.156  0.12219   -2.048    0.382  0.28432  *
*  88)    0.583   (  0, 44)        0.156  0.12219   -2.048    0.382  0.28432  *
*  89)    0.805   (  0, 45)        0.019  0.07411   -1.803    0.422  0.35722  *
*  90)    0.805   ( 45,  0)        0.019  0.07411   -1.803    0.422  0.35722  *
*  91)    0.985   (  0, 46)        0.377  0.03665   -1.576    0.370  0.40511  *
*  92)    0.985   ( 46,  0)        0.377  0.03665   -1.576    0.370  0.40511  *
*  93)    1.528   (  0, 47)        0.364  0.01803   -1.016    0.407  0.51390  *
*  94)    1.528   ( 47,  0)        0.364  0.01803   -1.016    0.407  0.51390  *
*  95)    1.527   ( 48,  0)        0.518  0.01688   -1.013    0.393  0.51366  *
*  96)    1.527   (  0, 48)        0.518  0.01688   -1.013    0.393  0.51366  *
*  97)    1.814   (  0, 49)       -0.418  0.01388   -0.724    0.425  0.55658  *
*  98)    1.814   ( 49,  0)       -0.418  0.01388   -0.724    0.425  0.55658  *
*  99)    2.022   (  0, 50)        0.378  0.00840   -0.500    0.369  0.58280  *
* 100)    2.022   ( 50,  0)        0.378  0.00840   -0.500    0.369  0.58280  *
* 101)    2.147   (  0, 51)        0.753  0.01014   -0.385    0.430  0.59750  *
* 102)    2.147   ( 51,  0)        0.753  0.01014   -0.385    0.430  0.59750  *
* 103)    3.218   (  0, 52)        0.453  0.00399    0.704    0.406  0.68950  *
* 104)    3.218   ( 52,  0)        0.453  0.00399    0.704    0.406  0.68950  *
* 105)    3.552   (  0, 53)       -0.594  0.00314    1.042    0.397  0.71019  *
* 106)    3.552   ( 53,  0)       -0.594  0.00314    1.042    0.397  0.71019  *
* 107)    3.723   (  0, 54)       -0.464  0.00311    1.212    0.414  0.71976  *
* 108)    3.723   ( 54,  0)       -0.464  0.00311    1.212    0.414  0.71976  *
* 109)    4.394   ( 55,  0)       -0.132  0.00196    1.889    0.389  0.75184  *
* 110)    4.394   (  0, 55)       -0.132  0.00196    1.889    0.389  0.75184  *
* 111)    4.535   ( 56,  0)        0.008  0.00220    2.026    0.424  0.75769  *
* 112)    4.535   (  0, 56)        0.008  0.00220    2.026    0.424  0.75769  *
* 113)    4.737   ( 57,  0)       -0.621  0.00214    2.228    0.438  0.76562  *
* 114)    4.737   (  0, 57)       -0.621  0.00214    2.228    0.438  0.76562  *
* 115)    4.903   ( 58,  0)       -0.235  0.00202    2.395    0.441  0.77174  *
* 116)    4.903   (  0, 58)       -0.235  0.00202    2.395    0.441  0.77174  *
* 117)    4.928   (  0, 59)       -0.512  0.00158    2.424    0.392  0.77258  *
* 118)    4.928   ( 59,  0)       -0.512  0.00158    2.424    0.392  0.77258  *
* 119)    5.398   ( 60,  0)       -0.168  0.00136    2.895    0.399  0.78817  *
* 120)    5.398   (  0, 60)       -0.168  0.00136    2.895    0.399  0.78817  *
* 121)    5.613   ( 61,  0)       -0.454  0.00142    3.109    0.423  0.79463  *
* 122)    5.613   (  0, 61)       -0.454  0.00142    3.109    0.423  0.79463  *
* 123)    6.353   (  0, 62)        0.744  0.00148    3.846    0.489  0.81410  *
* 124)    6.353   ( 62,  0)        0.744  0.00148    3.846    0.489  0.81410  *
* 125)    6.437   (  0, 63)        0.623  0.00108    3.935    0.423  0.81604  *
* 126)    6.437   ( 63,  0)        0.623  0.00108    3.935    0.423  0.81604  *
* 127)    6.731   (  0, 64)        0.414  0.00067    4.234    0.347  0.82261  *
* 128)    6.731   ( 64,  0)        0.414  0.00067    4.234    0.347  0.82261  *
* 129)    7.399   (  0, 65)        0.525  0.00068    4.900    0.386  0.83599  *
* 130)    7.399   ( 65,  0)        0.525  0.00068    4.900    0.386  0.83599  *
* 131)    7.518   ( 66,  0)        0.456  0.00062    5.020    0.374  0.83817  *
* 132)    7.518   (  0, 66)        0.456  0.00062    5.020    0.374  0.83817  *
* 133)    7.799   (  0, 67)        0.718  0.00074    5.299    0.425  0.84309  *
* 134)    7.799   ( 67,  0)        0.718  0.00074    5.299    0.425  0.84309  *
* 135)    8.243   ( 68,  0)       -0.144  0.00062    5.744    0.410  0.85027  *
* 136)    8.243   (  0, 68)       -0.144  0.00062    5.744    0.410  0.85027  *
* 137)    8.410   ( 69,  0)       -0.116  0.00086    5.907    0.492  0.85283  *
* 138)    8.410   (  0, 69)       -0.116  0.00086    5.907    0.492  0.85283  *
* 139)    8.572   (  0, 70)        0.437  0.00040    6.076    0.343  0.85516  *
* 140)    8.572   ( 70,  0)        0.437  0.00040    6.076    0.343  0.85516  *
* 141)    8.608   (  0, 71)        0.237  0.00056    6.110    0.406  0.85571  *
* 142)    8.608   ( 71,  0)        0.237  0.00056    6.110    0.406  0.85571  *
* 143)    8.625   ( 72,  0)        0.566  0.00061    6.126    0.425  0.85595  *
* 144)    8.625   (  0, 72)        0.566  0.00061    6.126    0.425  0.85595  *
* 145)    9.050   ( 73,  0)       -0.376  0.00061    6.550    0.449  0.86178  *
* 146)    9.050   (  0, 73)       -0.376  0.00061    6.550    0.449  0.86178  *
* 147)    9.338   ( 74,  0)       -0.178  0.00323    6.790    1.060  0.86572  *
* 148)    9.338   (  0, 74)       -0.178  0.00323    6.790    1.060  0.86572  *
* 149)    9.349   (  0, 75)        0.515  0.00054    6.851    0.434  0.86560  *
* 150)    9.349   ( 75,  0)        0.515  0.00054    6.851    0.434  0.86560  *
* 151)    9.527   (  0, 76)        0.059  0.00048    7.030    0.416  0.86778  *
* 152)    9.527   ( 76,  0)        0.059  0.00048    7.030    0.416  0.86778  *
*                                                                             *
*1514)   TOTAL=  ( 757, 757)                                                  *
*                                                                             *
*******************************************************************************

*******************************************************************************
*                                                                             *
*  SINGLE-PARTICLE PROPERTIES: CANONICAL                            PROTONS   *
*                                                                             *
*******************************************************************************
*                                                                             *
*  NO)   ENERGY   (S=+,S=-)   | N,nz,lz,OMEz>   <P>    <JY>    <SY>   GFACT   *
*                                                                             *
*  21)  -11.686   ( 21,---)   | 4, 2, 2, 5/2>    72   0.000  -0.000  -0.024   *
*  22)  -11.613   ( 22,---)   | 4, 3, 1, 1/2>     7   0.315  -0.065  -0.208   *
*  23)  -10.957   ( 23,---)   | 3, 1, 2, 3/2>   -43   0.000   0.000   1.031   *
*  24)  -10.910   ( 24,---)   | 3, 1, 0, 1/2>   -50  -0.424  -0.489   1.154   *
*  25)   -9.903   ( 25,---)   | 5, 4, 1, 3/2>   -11   0.000   0.000   0.237   *
*  26)   -9.142   ( 26,---)   | 3, 0, 3, 7/2>   -57   0.000   0.000   0.215   *
*  27)   -8.896   ( 27,---)   | 5, 3, 2, 5/2>   -70  -0.000  -0.000   0.049   *
*  28)   -8.595   ( 28,---)   | 6, 6, 0, 1/2>    62  -1.766  -0.432   0.245   *
*  29)   -8.553   ( 29,---)   | 4, 2, 0, 1/2>    38  -0.442  -0.392   0.887   *
*  30)   -8.272   ( 30,---)   | 4, 2, 2, 3/2>    70  -0.000   0.000  -0.582   *
*  31)   -7.805   ( 31,---)   | 5, 4, 1, 1/2>    -4   0.233  -0.159  -0.685   *
*  32)   -6.146   ( 32,---)   | 6, 5, 1, 3/2>    -7  -0.000   0.000  -0.786   *
*  33)   -5.774   ( 33,---)   | 4, 1, 3, 7/2>    34   0.000   0.000   0.027   *
*  34)   -5.572   ( 34,---)   | 6, 4, 2, 5/2>    31  -0.000  -0.000  2.E+01   *
*  35)   -5.367   ( 35,---)   | 5, 3, 0, 1/2>   -55  -0.555  -0.476   0.858   *
*  36)   -5.010   ( 36,---)   | 3, 0, 3, 5/2>   -56   0.000   0.000   1.327   *
*  37)   -4.963   ( 37,---)   | 5, 3, 2, 3/2>   -22   0.000  -0.000  -0.182   *
*  38)   -4.677   ( 38,---)   | 3, 0, 1, 3/2>   -60  -0.000   0.000  -0.058   *
*  39)   -4.112   ( 39,---)   | 7, 7, 0, 1/2>   -65  -1.980  -0.397   0.201   *
*  40)   -3.734   ( 40,---)   | 3, 0, 1, 1/2>   -52   0.197  -0.013  -0.066   *
*  41)   -3.462   ( 41,---)   | 6, 5, 1, 1/2>    33   0.361  -0.114  -0.315   *
*  42)   -3.135   ( 42,---)   | 5, 2, 3, 7/2>   -73  -0.000   0.000  -0.031   *
*  43)   -2.257   ( 43,---)   | 6, 4, 2, 3/2>    10  -0.000   0.000  -2.920   *
*  44)   -2.043   ( 44,---)   | 6, 4, 0, 1/2>    17  -0.579  -0.463   0.800   *
*  45)   -1.799   ( 45,---)   | 6, 4, 2, 5/2>     1   0.000  -0.000  -0.771   *
*  46)   -1.561   ( 46,---)   | 4, 1, 1, 3/2>    38   0.000  -0.000  -0.096   *
*  47)   -0.996   ( 47,---)   | 4, 0, 4, 9/2>    52  -0.000  -0.000   0.541   *
*  48)   -0.993   ( 48,---)   | 4, 1, 3, 5/2>    35  -0.000  -0.000   0.060   *
*  49)   -0.701   ( 49,---)   | 7, 6, 1, 3/2>   -33  -0.000   0.000  -0.102   *
*  50)   -0.447   ( 50,---)   | 4, 1, 1, 1/2>    41   0.221  -0.015  -0.066   *
*  51)   -0.345   ( 51,---)   | 6, 3, 3, 7/2>    77  -0.000   0.000  -0.198   *
*                                                                             *
*******************************************************************************

*******************************************************************************
*                                                                             *
*  HFB PAIRING PROPERTIES                                            PROTONS  *
*                                                                             *
*  STRENGTH= 0.1308   GAP=-0.4085   FERMI ENERGY= -3.9407   ENERGY=  -1.2751  *
*                                                                             *
*******************************************************************************

*******************************************************************************
*                                                                             *
*  MULTIPOLE MOMENTS [UNITS:  (10 FERMI)^LAMBDA]                     PROTONS  *
*                                                                             *
*******************************************************************************
*                                                                             *
*  Q00 = 78.0000  .............  .............  .............  .............  *
*                                                                             *
*  Q10 =  6.8575  Q11 =    ZERO  .............  .............  .............  *
*                                                                             *
*  Q20 = 50.3853  Q21 =    ZERO  Q22 = 1.5E-07  .............  .............  *
*                                                                             *
*  Q30 =  7.9142  Q31 =    ZERO  Q32 = 2.0E-07  Q33 =    ZERO  .............  *
*                                                                             *
*  Q40 = 13.8488  Q41 =    ZERO  Q42 =-9.6E-09  Q43 =    ZERO  Q44 = 7.0E-07  *
*                                                                             *
*******************************************************************************

*******************************************************************************
*                                                                             *
*  ROOT-MEAN-SQUARE AND GEOMETRIC SIZES IN FERMIS                    PROTONS  *
*                                                                             *
*  R_RMS =  6.9987     X_RMS =  2.3582    Y_RMS =  2.3582    Z_RMS =  6.1530  *
*                                                                             *
*  R_GEO =  9.0353     X_GEO =  5.2731    Y_GEO =  5.2731    Z_GEO = 13.7585  *
*                                                                             *
*******************************************************************************

*******************************************************************************
*                                                                             *
*  BOHR DEFORMATIONS (FIRST-ORDER APPROXIMATION)                     PROTONS  *
*                                                                             *
*******************************************************************************
*                                                                             *
*  B10 =  0.1991  B11 =    ZERO  .............  .............  .............  *
*                                                                             *
*  B20 =  1.0454  B21 =    ZERO  B22 = 3.1E-09  .............  .............  *
*                                                                             *
*  B30 =  0.5762  B31 =    ZERO  B32 = 2.0E-08  B33 =    ZERO  .............  *
*                                                                             *
*  B40 =  1.1160  B41 =    ZERO  B42 =-1.1E-09  B43 =    ZERO  B44 = 8.0E-08  *
*                                                                             *
*******************************************************************************
*                                                                             *
*  BOHR DENSITY = 0.0252 FM^(-3)  BOHR RADIUS =   9.0353 FM                   *
*                                                                             *
*******************************************************************************

*******************************************************************************
*                                                                             *
*                  DENSITY INTEGRALS IN THE SKYRME FUNCTIONAL                 *
*                                                                             *
*******************************************************************************
*                                                                             *
*                   TOTAL(T)        SUM(S)      ISOSCALAR(P)  ISOVECTOR(M)    *
*                   --------        ------      ------------  ------------    *
*    DRHO_ =       17.788984      9.005091         17.788984      0.221198    *
*    DRHOD =        7.827167      3.961410          7.827167      0.095653    *
*    DLPR_ =       -3.810737     -1.926073         -3.810737     -0.041409    *
*    DTAU_ =       14.299533      7.299676         14.299533      0.299820    *
*    DSCU_ =        0.112484      0.061265          0.112484      0.010047    *
*    DDIV_ =        0.797614      0.405627          0.797614      0.013640    *
*                                                                             *
*    DSPI_ =        0.000000      0.000000          0.000000      0.000000    *
*    DSPID =        0.000000      0.000000          0.000000      0.000000    *
*    DLPS_ =        0.000000      0.000000          0.000000      0.000000    *
*    DCUR_ =        0.000000      0.000000          0.000000      0.000000    *
*    DKIS_ =        0.000000      0.000000          0.000000      0.000000    *
*    DROT_ =        0.000000      0.000000          0.000000      0.000000    *
*                                                                             *
*******************************************************************************

*******************************************************************************
*                                                                             *
*               CONTRIBUTIONS TO ENERGY IN THE SKYRME FUNCTIONAL              *
*                                                                             *
*******************************************************************************
*                                                                             *
*                 TOTAL(T)        SUM(S)        ISOSCALAR(P)  ISOVECTOR(M)    *
*                 --------        ------        ------------  ------------    *
*    ERHO_ =   -15904.420653   4847.580710     -11116.376983     59.537040    *
*    ERHOD =     7891.456752  -2009.876562       5905.845719    -24.265530    *
*    ELPR_ =     -374.729978    554.458871        173.768690      5.960203    *
*    ETAU_ =      474.116199   -352.366582        128.985999     -7.236382    *
*    ESCU_ =        0.000000      0.000000          0.000000      0.000000    *
*    EDIV_ =      -17.574506    -42.114272        -58.980698     -0.708080    *
*               ============  ============      ============  ============    *
*    SUM EVEN:  -7931.152187   2997.682165      -4966.757273     33.287251    *
*                                                                             *
*    ESPI_ =        0.000000      0.000000          0.000000      0.000000    *
*    ESPID =        0.000000      0.000000          0.000000      0.000000    *
*    ELPS_ =        0.000000      0.000000          0.000000      0.000000    *
*    ECUR_ =        0.000000      0.000000          0.000000      0.000000    *
*    EKIS_ =        0.000000      0.000000          0.000000      0.000000    *
*    EROT_ =        0.000000      0.000000          0.000000      0.000000    *
*               ============  ============      ============  ============    *
*    SUM  ODD:      0.000000      0.000000          0.000000      0.000000    *
*                                                                             *
*******************************************************************************
 
*******************************************************************************
*                                                                             *
*  CENTER-OF-MASS COORDINATES IN FERMIS                                TOTAL  *
*                                                                             *
*  R_CMS =  0.8199     X_CMS =  0.0000    Y_CMS =  0.0000    Z_CMS =  0.8199  *
*                                                                             *
*******************************************************************************

*******************************************************************************
*                                                                             *
*  MULTIPOLE MOMENTS [UNITS:  (10 FERMI)^LAMBDA] [CENT-MASS FRAME]  NEUTRONS  *
*                                                                             *
*******************************************************************************
*                                                                             *
*  Q00 = 98.0000  .............  .............  .............  .............  *
*                                                                             *
*  Q10 = -0.4619  Q11 =    ZERO  .............  .............  .............  *
*                                                                             *
*  Q20 = 57.0728  Q21 =    ZERO  Q22 = 3.2E-07  .............  .............  *
*                                                                             *
*  Q30 =  3.5615  Q31 =    ZERO  Q32 = 2.4E-07  Q33 =    ZERO  .............  *
*                                                                             *
*  Q40 = 12.8751  Q41 =    ZERO  Q42 =-7.7E-08  Q43 =    ZERO  Q44 =-3.8E-07  *
*                                                                             *
*******************************************************************************

*******************************************************************************
*                                                                             *
*  BOHR DEFORMATIONS (FIRST-ORDER APPROXIMATION) [CENT-MASS FRAME]  NEUTRONS  *
*                                                                             *
*******************************************************************************
*                                                                             *
*  B10 = -0.0120  B11 =    ZERO  .............  .............  .............  *
*                                                                             *
*  B20 =  1.1969  B21 =    ZERO  B22 = 6.6E-09  .............  .............  *
*                                                                             *
*  B30 =  0.2954  B31 =    ZERO  B32 = 2.9E-08  B33 =    ZERO  .............  *
*                                                                             *
*  B40 =  1.3318  B41 =    ZERO  B42 =-1.1E-08  B43 =    ZERO  B44 =-5.6E-08  *
*                                                                             *
*******************************************************************************
*                                                                             *
*  BOHR DENSITY = 0.0454 FM^(-3)  BOHR RADIUS =   8.0176 FM                   *
*                                                                             *
*******************************************************************************

*******************************************************************************
*                                                                             *
*  MULTIPOLE MOMENTS [UNITS:  (10 FERMI)^LAMBDA] [CENT-MASS FRAME]   PROTONS  *
*                                                                             *
*******************************************************************************
*                                                                             *
*  Q00 = 78.0000  .............  .............  .............  .............  *
*                                                                             *
*  Q10 =  0.4619  Q11 =    ZERO  .............  .............  .............  *
*                                                                             *
*  Q20 = 49.1850  Q21 =    ZERO  Q22 = 1.5E-07  .............  .............  *
*                                                                             *
*  Q30 =  3.3603  Q31 =    ZERO  Q32 = 1.9E-07  Q33 =    ZERO  .............  *
*                                                                             *
*  Q40 = 11.7558  Q41 =    ZERO  Q42 =-7.2E-08  Q43 =    ZERO  Q44 = 7.0E-07  *
*                                                                             *
*******************************************************************************

*******************************************************************************
*                                                                             *
*  BOHR DEFORMATIONS (FIRST-ORDER APPROXIMATION) [CENT-MASS FRAME]   PROTONS  *
*                                                                             *
*******************************************************************************
*                                                                             *
*  B10 =  0.0150  B11 =    ZERO  .............  .............  .............  *
*                                                                             *
*  B20 =  1.2838  B21 =    ZERO  B22 = 3.9E-09  .............  .............  *
*                                                                             *
*  B30 =  0.3452  B31 =    ZERO  B32 = 2.8E-08  B33 =    ZERO  .............  *
*                                                                             *
*  B40 =  1.4992  B41 =    ZERO  B42 =-1.3E-08  B43 =    ZERO  B44 = 1.3E-07  *
*                                                                             *
*******************************************************************************
*                                                                             *
*  BOHR DENSITY = 0.0356 FM^(-3)  BOHR RADIUS =   8.0556 FM                   *
*                                                                             *
*******************************************************************************

*******************************************************************************
*                                                                             *
*  EULER ANGLES OF THE PRINCIPAL-AXES FRAME IN DEGREES                 TOTAL  *
*                                                                             *
*  ALPHA =  0.00000  BETA =  0.00000  GAMMA =  0.00000                        *
*                                                                             *
*******************************************************************************

*******************************************************************************
*                                                                             *
*  ROOT-MEAN-SQUARE AND GEOMETRIC SIZES IN FERMIS                      TOTAL  *
*                                                                             *
*  R_RMS =  6.9269     X_RMS =  2.3890    Y_RMS =  2.3890    Z_RMS =  6.0470  *
*                                                                             *
*  R_GEO =  8.9426     X_GEO =  5.3421    Y_GEO =  5.3421    Z_GEO = 13.5216  *
*                                                                             *
*******************************************************************************

*******************************************************************************
*                                                                             *
*  MULTIPOLE MOMENTS [UNITS:  (10 FERMI)^LAMBDA]                       TOTAL  *
*                                                                             *
*******************************************************************************
*                                                                             *
*  Q00 =176.0000  .............  .............  .............  .............  *
*                                                                             *
*  Q10 = 14.4310  Q11 =    ZERO  .............  .............  .............  *
*                                                                             *
*  Q20 =108.6242  Q21 =    ZERO  Q22 = 4.6E-07  .............  .............  *
*                                                                             *
*  Q30 = 16.7481  Q31 =    ZERO  Q32 = 4.6E-07  Q33 =    ZERO  .............  *
*                                                                             *
*  Q40 = 29.0255  Q41 =    ZERO  Q42 =-5.6E-09  Q43 =    ZERO  Q44 = 3.2E-07  *
*                                                                             *
*******************************************************************************

*******************************************************************************
*                                                                             *
*  BOHR DEFORMATIONS (FIRST-ORDER APPROXIMATION)                       TOTAL  *
*                                                                             *
*******************************************************************************
*                                                                             *
*  B10 =  0.1877  B11 =    ZERO  .............  .............  .............  *
*                                                                             *
*  B20 =  1.0196  B21 =    ZERO  B22 = 4.4E-09  .............  .............  *
*                                                                             *
*  B30 =  0.5574  B31 =    ZERO  B32 = 2.1E-08  B33 =    ZERO  .............  *
*                                                                             *
*  B40 =  1.0802  B41 =    ZERO  B42 =-3.0E-10  B43 =    ZERO  B44 = 1.7E-08  *
*                                                                             *
*******************************************************************************
*                                                                             *
*  BOHR DENSITY = 0.0588 FM^(-3)  BOHR RADIUS =   8.9426 FM                   *
*                                                                             *
*******************************************************************************

*******************************************************************************
*                                                                             *
*  MULTIPOLE MOMENTS [UNITS:  (10 FERMI)^LAMBDA] [CENT-MASS FRAME]     TOTAL  *
*                                                                             *
*******************************************************************************
*                                                                             *
*  Q00 =176.0000  .............  .............  .............  .............  *
*                                                                             *
*  Q10 =    ZERO  Q11 =    ZERO  .............  .............  .............  *
*                                                                             *
*  Q20 =106.2577  Q21 =    ZERO  Q22 = 4.6E-07  .............  .............  *
*                                                                             *
*  Q30 =  6.9217  Q31 =    ZERO  Q32 = 4.3E-07  Q33 =    ZERO  .............  *
*                                                                             *
*  Q40 = 24.6309  Q41 =    ZERO  Q42 =-1.5E-07  Q43 =    ZERO  Q44 = 3.2E-07  *
*                                                                             *
*******************************************************************************

*******************************************************************************
*                                                                             *
*  BOHR DEFORMATIONS (FIRST-ORDER APPROXIMATION) [CENT-MASS FRAME]     TOTAL  *
*                                                                             *
*******************************************************************************
*                                                                             *
*  B10 =    ZERO  B11 =    ZERO  .............  .............  .............  *
*                                                                             *
*  B20 =  1.2354  B21 =    ZERO  B22 = 5.4E-09  .............  .............  *
*                                                                             *
*  B30 =  0.3176  B31 =    ZERO  B32 = 2.8E-08  B33 =    ZERO  .............  *
*                                                                             *
*  B40 =  1.4063  B41 =    ZERO  B42 =-1.2E-08  B43 =    ZERO  B44 = 2.6E-08  *
*                                                                             *
*******************************************************************************
*                                                                             *
*  BOHR DENSITY = 0.0810 FM^(-3)  BOHR RADIUS =   8.0351 FM                   *
*                                                                             *
*******************************************************************************

*******************************************************************************
*                                                                             *
*  MULTIPOLE MOMENTS [UNITS:  (10 FERMI)^LAMBDA] [INTRINSIC FRAME]     TOTAL  *
*                                                                             *
*  REAL PART  FOR A NON-NEGATIVE PROJECTION                                   *
*  IMAGINARY PART FOR A NEGATIVE PROJECTION                                   *
*                                                                             *
*******************************************************************************
*                                                                             *
*  Q00 =176.0000  .............  .............  .............  .............  *
*                 .............  .............  .............  .............  *
*                                                                             *
*  Q10 =    ZERO  Q1+1=    ZERO  .............  .............  .............  *
*                 Q1-1=    ZERO  .............  .............  .............  *
*                                                                             *
*  Q20 =106.2577  Q2+1=    ZERO  Q2+2= 4.6E-07  .............  .............  *
*                 Q2-1=    ZERO  Q2-2=    ZERO  .............  .............  *
*                                                                             *
*  Q30 =  6.9217  Q3+1=    ZERO  Q3+2= 4.3E-07  Q3+3=    ZERO  .............  *
*                 Q3-1=    ZERO  Q3-2=    ZERO  Q3-3=    ZERO  .............  *
*                                                                             *
*  Q40 = 24.6309  Q4+1=    ZERO  Q4+2=-1.5E-07  Q4+3=    ZERO  Q4+4= 3.2E-07  *
*                 Q4-1=    ZERO  Q4-2=    ZERO  Q4-3=    ZERO  Q4-4=    ZERO  *
*                                                                             *
*******************************************************************************

*******************************************************************************
*                                                                             *
*  BOHR DEFORMATIONS (FIRST-ORDER APPROXIMATION) [INTRINSIC FRAME]     TOTAL  *
*                                                                             *
*  REAL PART  FOR A NON-NEGATIVE PROJECTION                                   *
*  IMAGINARY PART FOR A NEGATIVE PROJECTION                                   *
*                                                                             *
*******************************************************************************
*                                                                             *
*  B10 =    ZERO  B1+1=    ZERO  .............  .............  .............  *
*                 B1-1=    ZERO  .............  .............  .............  *
*                                                                             *
*  B20 =  1.2354  B2+1=    ZERO  B2+2= 5.4E-09  .............  .............  *
*                 B2-1=    ZERO  B2-2=    ZERO  .............  .............  *
*                                                                             *
*  B30 =  0.3176  B3+1=    ZERO  B3+2= 2.8E-08  B3+3=    ZERO  .............  *
*                 B3-1=    ZERO  B3-2=    ZERO  B3-3=    ZERO  .............  *
*                                                                             *
*  B40 =  1.4063  B4+1=    ZERO  B4+2=-1.2E-08  B4+3=    ZERO  B4+4= 2.6E-08  *
*                 B4-1=    ZERO  B4-2=    ZERO  B4-3=    ZERO  B4-4=    ZERO  *
*                                                                             *
*******************************************************************************
*                                                                             *
*  BOHR DENSITY = 0.0810 FM^(-3)  BOHR RADIUS =   8.0351 FM                   *
*                                                                             *
*******************************************************************************

*******************************************************************************
*                                                                             *
*                                ENERGIES (MEV)                               *
*                                                                             *
*******************************************************************************
*                                                                             *
*  KINETIC: (NEU)=  1739.902476    (PRO)=  1218.793245    (TOT)=  2958.695721 *
*  SUM EPS: (NEU)= -2291.938880    (PRO)= -1063.035442    (TOT)= -3354.974322 *
*  PAIRING: (NEU)=    -1.389508    (PRO)=    -1.275102    (TOT)=    -2.664610 *
*  P-REARR: (NEU)=     0.377114    (PRO)=     0.361469    (TOT)=     0.738583 *
*                                                                             *
*  PAIRGAP: (NEU)=    -0.476531    (PRO)=    -0.408459    THIS SPACE IS EMPTY *
*  E-FERMI: (NEU)=   -12.725472    (PRO)=    -3.940684    AND AWAITS  YOUR AD *
*                                                                             *
*  COULOMB: (DIR)=   677.106828    (EXC)=   -28.819907    (TOT)=   648.286921 *
*                                                                             *
*  CONSTR. (MULT)=  1204.498400    SLOPE=   230.453847    CORR.=  -115.226924 *
*  CONSTR. (SURF)=     0.000000    SLOPE=     0.000000    CORR.=     0.000000 *
*  CONSTR. (SPIN)=     0.000000    SLOPE=     0.000000    CORR.=     0.000000 *
*  CONSTR. (ISOS)=     0.000000    SLOPE=     0.000000    CORR.=     0.000000 *
*                                                                             *
*  REARRANGEMENT ENERGY FROM THE SKYRME DENSITY-DEPENDENT TERMS=  1107.443656 *
*  ROUTHIAN= TOTAL ENERGY + MULTIPOLE AND (ISO)SPIN CONSTRAINTS=  -124.653592 *
*                                                                             *
*  SPIN-ORB (EVE)=   -59.688778    (ODD)=     0.000000    (TOT)=   -59.688778 *
*  SKYRME:  (EVE)= -4933.470022    (ODD)=     0.000000    (TOT)= -4933.470022 *
*                                                                             *
*  TOTAL:  (STAB)=   125.786130     (SP)= -1203.365862    (FUN)= -1329.151992 *
*                                                                             *
*******************************************************************************

*******************************************************************************
*                                                                             *
*  ITERATION RESTARTED FROM THE DISC, THE FOLLOWING FILE(S) READ:             *
*  ./restart/HFODD_00000007.REC                                        VER=19 *
*                                                                             *
*******************************************************************************
*                                                                             *
* CONVERGENCE REPORT                                                          *
*                                                                             *
*******************************************************************************
*                                                                             *
* ITER     ENERGY     STABILITY    Q_2    GAMMA   SPIN  OMEGA   ANGLE   EPAIR *
*                                                                             *
* 1460 -1329.151992  125.786130 106.258    0.00   0.00  0.000   0.000   -2.66 *
* 1461  -740.339991    1.08E+03 176.121    0.00   0.00  0.000   0.000   -0.44 *
* 1462  -774.965121  880.581298 209.211    0.00   0.00  0.000   0.000   -3.56 *
* 1463  -840.631493  938.136649 198.552    0.00   0.00  0.000   0.000   -4.77 *
* 1464  -834.323824  936.249712 202.465    0.00   0.00  0.000   0.000   -4.75 *
* 1465  -836.758279  873.447770 201.431    0.00   0.00  0.000   0.000   -4.54 *
* 1466  -851.415551  904.045663 205.080    0.00   0.00  0.000   0.000   -3.35 *
* 1467  -853.851606    1.13E+03 204.334    0.00   0.00  0.000   0.000   -4.09 *
* 1468  -825.757531    1.16E+03 203.601    0.00   0.00  0.000   0.000   -1.41 *
* 1469  -790.586280    1.24E+03 194.911    0.00   0.00  0.000   0.000   -1.51 *
* 1470  -752.337271    1.32E+03 186.567    0.00   0.00  0.000   0.000   -1.81 *
* 1471  -718.263216   -3.17E+03 175.759    0.00   0.00  0.000   0.000   -1.31 *
* 1472  -208.200328 -726.952459  64.278    0.00   0.00  0.000   0.000   -0.84 *
* 1473   743.208259   -1.43E+04  72.995   60.00   0.00  0.000   0.000  -90.34 *

 //////////////////// MAXIMUM NUMBER OF ITERATIONS       ////////////////////
 //////////////////// EXCEEDED IN QUABCS                 ////////////////////

*******************************************************************************
*                                                                             *
*  PROCESSOR   EXECUTION  TIMES IN SUBROUTINES                                *
*  INCLUDING THEIR COMPLETE DOWN-CALLING TREES                                *
*                                                                             *
*******************************************************************************
*                                                                             *
*     4591 => HFODD    2474 => DENSHF    896 => DIAMAT    820 => HFBSIM       *
*                                                                             *
*      518 => QMULCM    246 => PAIMAC    186 => RECORD    186 => CANQUA       *
*                                                                             *
*       69 => AVEQUA     27 => INTEGH     25 => INTSOR     24 => DENMAC       *
*                                                                             *
*       24 => INTEGD     13 => MOMETS     12 => INTMUL     10 => DOBROY       *
*                                                                             *
*        8 => BEGINC      8 => SKFILD      7 => SPAVER      6 => INTMAS       *
*                                                                             *
*        5 => AVOBSE      5 => ROTAVR      5 => LINAVR      4 => COUMAT       *
*                                                                             *
*        4 => INTCOU      3 => NILASP      2 => INTCEN      2 => POWALL       *
*                                                                             *
*        2 => AVANGY      1 => SKPAIR      0 => INTKIN      0 => AVPARI       *
*                                                                             *
*        0 => QUABCS      0 => AVSIMP      0 => SHICOE      0 => SHISIF       *
*                                                                             *
*        0 => PAXMOM      0 => MOMSIF      0 => MOMVMU      0 => MAGMOM       *
*                                                                             *
*        0 => SPIMOM      0 => SHIMOM      0 => SHIMAG                        *
*                                                                             *
*******************************************************************************
*                                                                             *
*  NUMBERS OF CALLS TO SUBROUTINES                                            *
*                                                                             *
*******************************************************************************
*                                                                             *
*      653 => BEGINC    538 => INTMUL    174 => INTSOR     71 => DIAMAT       *
*                                                                             *
*       58 => INTMAS     58 => INTCEN     57 => INTKIN     56 => AVEQUA       *
*                                                                             *
*       42 => PAXMOM     29 => INTEGH     29 => INTEGD     29 => HFBSIM       *
*                                                                             *
*       29 => QUABCS     28 => CANQUA     28 => AVPARI     28 => DENSHF       *
*                                                                             *
*       28 => DENMAC     28 => PAIMAC     28 => MOMETS     28 => MOMSIF       *
*                                                                             *
*       28 => MOMVMU     28 => MAGMOM     28 => SPIMOM     28 => LINAVR       *
*                                                                             *
*       28 => ROTAVR     28 => SHICOE     15 => RECORD     15 => COUMAT       *
*                                                                             *
*       15 => INTCOU     14 => SPAVER     14 => QMULCM     14 => SKFILD       *
*                                                                             *
*       14 => SKPAIR     14 => DOBROY     14 => SHIMOM     14 => SHISIF       *
*                                                                             *
*       14 => SHIMAG      2 => AVANGY      2 => AVOBSE      2 => AVSIMP       *
*                                                                             *
*        2 => NILASP      1 => HFODD       1 => POWALL                        *
*                                                                             *
*******************************************************************************
*                                                                             *
*  EXECUTION ENDS ON 2016.09.06 AT 13:24:43.866                               *
*                                                                             *
*******************************************************************************
