*******************************************************************************
*                                                                             *
*                     P A R A L L E L    M O D E L                            *
*                                                                             *
*  SIMPLE MPI FRAMEWORK (1 COMMUNICATOR)    :  1 MPI PROCESS per HFODD TASK   *
*  MULTI-THREADING FRAMEWORK WITH OPENMP   :  4 THREADS per HFODD MPI PROCESS *
*                                                                             *
*******************************************************************************
*                                                                             *
*                        __  __ _____  ___   ____   ____                      *
*                       / / / // ___/.' _ \ / __ \ / __ \                     *
*                      / /_/ // /_  / / / // / / // / / /                     *
*                     / __  // __/ / / / // / / // / / /                      *
*                    / / / // /   / /_/ // /_/ // /_/ /                       *
*                   /_/ /_//_/    \___.'/____.'/____.'                        *
*                                                                             *
*                                                                             *
*******************************************************************************
*                                                                             *
*             SKYRME-HARTREE-FOCK-BOGOLYUBOV CODE VERSION: 2.77B              *
*                                                                             *
*              NO SYMMETRY-PLANES AND NO TIME-REVERSAL SYMMETRY               *
*                                                                             *
*                DEFORMED CARTESIAN HARMONIC-OSCILLATOR BASIS                 *
*                                                                             *
*******************************************************************************
*                                                                             *
*             J. DOBACZEWSKI, P. BACZYK, B.G. CARLSSON, J. DUDEK              *
*                 J. ENGEL, Y. GAO, M. KONIECZKA, T. LESINSKI                 *
*                 J. MCDONNELL, P. OLBRATOWSKI, P. POWALOWSKI                 *
*                  M. SADZIAK, J. SARICH, K. SATO, W. SATULA                  *
*             N. SCHUNCK,  J.A. SHEIKH, A. STASZCZAK, M. STOITSOV             *
*             P. TOIVANEN, X.B. WANG, M. ZALEWSKI AND H. ZDUNCZUK             *
*                                                                             *
*                   INSTYTUT FIZYKI TEORETYCZNEJ, WARSZAWA                    *
*                 LAWRENCE LIVERMORE NATIONAL LABORATORY, USA                 *
*                                                                             *
*                                  1993-2016                                  *
*                                                                             *
*******************************************************************************

*******************************************************************************
*                                                                             *
*  CODE COMPILED WITH THE FOLLOWING ARRAY DIMENSIONS AND SWITCHES:            *
*                                                                             *
*******************************************************************************
*                                                                             *
*  NDBASE = 1200  NDSTAT = 1200  NDXHRM =   40  NDYHRM =   40  NDZHRM =   64  *
*                                                                             *
*  NDMAIN =   30  NDMULT =    9  NDMULR =    4  NDLAMB =    9  NDITER = 5000  *
*                                                                             *
*  NDAKNO =    1  NDBKNO =    1  NDPROI =    2  NDCOUL =   80  NDPOLS =   25  *
*                                                                             *
*  NDATKN =   20  NDBTKN =   10  NDPROT =    1  NDPROD =    3                 *
*                                                                             *
*  IPARAL =    0  IPARAT =    0  I_CRAY =    0                                *
*                                                                             *
*                                                                             *
*  PRE-PROCESSOR OPTIONS:                                                     *
*                                                                             *
*       switch_port = 1     switch_diag = 3     switch_essl = 0               *
*                                                                             *
*                           switch_quad = 0     switch_vect = 1               *
*                                                                             *
*******************************************************************************
*                                                                             *
*  EXECUTION BEGINS ON 2016.08.26 AT 04:24:36.517                             *
*                                                                             *
*******************************************************************************
 
*******************************************************************************
*                                                                             *
*  CLASSICAL NUCLEAR SURFACE DEFINED FOR:                    N = 98   Z = 78  *
*                                                                             *
*******************************************************************************
*                                                                             *
*  AL10 =   ZERO  AL11 =   ZERO  .............  .............  .............  *
*                                                                             *
*  AL20 =  0.929  AL21 =   ZERO  AL22 =   ZERO  .............  .............  *
*                                                                             *
*******************************************************************************
*                                                                             *
*                                           HOMEGA=  6.5348  FCHOM0=  0.8932  *
*                                                                             *
*  OSCILLATOR FREQUENCIES: HBAROX=  8.3718  HBAROY=  8.3718  HBAROZ=  3.9816  *
*                                                                             *
*  MOMENTS OF INERTIA:     XMOMFC=136.4890  YMOMFC=136.4890  ZMOMFC= 50.3550  *
*                                                                             *
*  CENTERS OF MASS:        CMSXFC= -0.0000  CMSYFC= -0.0000  CMSZFC= -0.0000  *
*                                                                             *
*******************************************************************************

*******************************************************************************
*                                                                             *
*                           SKYRME FORCE DEFINITION                           *
*                                                                             *
*******************************************************************************
*                                                                             *
* PARAMETER SET HFB1:  T0= -1666.41  T1=   255.23  T2=  1521.28  T3= 12072.51 *
*                                                                             *
* POWER=0.37658031358  X0=  0.14608  X1= -4.82248  X2= -1.35211  X3=  0.00432 *
*                                                                             *
* IETA: J=0  W=1 CM=3  M=1  P=1  T=0 HBM= 20.73553 W0=  44.0677 W0P= 207.6502 *
*                                                                             *
*******************************************************************************

*******************************************************************************
*                                                                             *
*              COUPLING CONSTANTS DEFINING THE SKYRME FUNCTIONAL              *
*                                                                             *
*******************************************************************************
*                                                                             *
*                   TOTAL(T)        SUM(S)      ISOSCALAR(P)  ISOVECTOR(M)    *
*                   --------        ------      ------------  ------------    *
*    CRHO_ =     -894.060074    538.315575       -624.902286    269.157788    *
*    CRHOD =     1008.213640   -507.363897        754.531691   -253.681949    *
*    CLPR_ =       98.335311   -287.870148        -45.599763   -143.935074    *
*    CTAU_ =       33.156062    -48.271535          9.020295    -24.135768    *
*    CSCU_ =        0.000000      0.000000          0.000000      0.000000    *
*    CDIV_ =      -22.033840   -103.825096        -73.946388    -51.912548    *
*                                                                             *
*    CSPI_ =      -60.857026    416.601524        147.443736    208.300762    *
*    CSPID =        2.171385   -503.021127       -249.339179   -251.510564    *
*    CLPS_ =       51.110395     71.467295         86.844042     35.733647    *
*    CCUR_ =      -33.156062     48.271535         -9.020295     24.135768    *
*    CKIS_ =        0.000000      0.000000          0.000000      0.000000    *
*    CROT_ =      -22.033840   -103.825096        -73.946388    -51.912548    *
*                                                                             *
*******************************************************************************

*******************************************************************************
*                                                                             *
*                          NUCLEAR MATTER PROPERTIES                          *
*                                                                             *
*******************************************************************************
*                                                                             *
*     E = -15.8000  rho0 =   0.15625   K =  244.6682   Ms =    0.9364         *
*                   asym =  28.66820   L =   40.1091   Mv =    1.2498         *
*                                                                             *
*******************************************************************************

*******************************************************************************
*                                                                             *
*  PHYSICAL CONSTANTS:     H_BARC=197.32891000           HBCOE2=137.03602000  *
*                                                                             *
*                          XMASSN=938.90590000           XMASSP=938.27231000  *
*                                                                             *
*                          HBMASS= 20.73553000           HBMRPA= 20.73553000  *
*                                                                             *
*                          ECHAR2=  1.43997841           COULEX= -1.06350868  *
*                                                                             *
*******************************************************************************
*                                                                             *
*  OSCILLATOR LENGTHS:     X= 2.2257208      Y= 2.2257208       Z= 3.2273969  *
*                                                                             *
*  OSCILLATOR CONSTANTS:   X= 0.4492927      Y= 0.4492927       Z= 0.3098472  *
*                                                                             *
*  OSCILLATOR FREQUENCIES: X= 8.3717840      Y= 8.3717840       Z= 3.9815723  *
*                                                                             *
*******************************************************************************
*                                                                             *
*  BASIS CUT-OFF CONTROL PARAMETERS:  NXMAXX = 13  NYMAXX = 13  NZMAXX =  28  *
*                                                                             *
*                                     NXHERM = 36  NYHERM = 36  NZHERM =  60  *
*                                                                             *
*                                     NLIMIT=1140  LDBASE=1141  MCOUNT=29791  *
*                                                                             *
*                                     ENECUT= 800.0000      ELIMIT= 123.8898  *
*                                                                             *
*******************************************************************************

*******************************************************************************
*                                                                             *
*   SHAPE OF THE OSCILLATOR-BASIS DIAMOND    (THREE CONSECUTIVE PROJECTIONS)  *
*                                                                             *
*******************************************************************************
*                                                                             *
*        NX ===>>>  0  1  2  3  4  5  6  7  8  9 10 11 12 13                  *
*        MAX.NY => 13 12 11 10  9  8  7  6  5  4  3  2  1  0                  *
*                 ------------------------------------------                  *
*   NY= 0  (13)  | 28 26 24 22 20 18 15 13 11  9  7  5  3  1                  *
*   NY= 1  (12)  | 26 24 22 20 18 15 13 11  9  7  5  3  1                     *
*   NY= 2  (11)  | 24 22 20 18 15 13 11  9  7  5  3  1                        *
*   NY= 3  (10)  | 22 20 18 15 13 11  9  7  5  3  1                           *
*   NY= 4  ( 9)  | 20 18 15 13 11  9  7  5  3  1                              *
*   NY= 5  ( 8)  | 18 15 13 11  9  7  5  3  1                                 *
*   NY= 6  ( 7)  | 15 13 11  9  7  5  3  1                                    *
*   NY= 7  ( 6)  | 13 11  9  7  5  3  1                                       *
*   NY= 8  ( 5)  | 11  9  7  5  3  1                                          *
*   NY= 9  ( 4)  |  9  7  5  3  1                                             *
*   NY=10  ( 3)  |  7  5  3  1                                                *
*   NY=11  ( 2)  |  5  3  1                                                   *
*   NY=12  ( 1)  |  3  1                                                      *
*   NY=13  ( 0)  |  1                                                         *
*                                                                             *
*                                                                             *
*        NZ ===>>>  0  1  2  3  4  5  6  7  8  9 10 11 12 13 14 15 16 17 18   *
*        MAX.NY => 13 13 12 12 11 11 10 10  9  9  8  8  7  7  6  6  5  5  5   *
*                 ---------------------------------------------------------   *
*   NY= 0  (28)  | 13 13 12 12 11 11 10 10  9  9  8  8  7  7  6  6  5  5  5   *
*   NY= 1  (26)  | 12 12 11 11 10 10  9  9  8  8  7  7  6  6  5  5  4  4  4   *
*   NY= 2  (24)  | 11 11 10 10  9  9  8  8  7  7  6  6  5  5  4  4  3  3  3   *
*   NY= 3  (22)  | 10 10  9  9  8  8  7  7  6  6  5  5  4  4  3  3  2  2  2   *
*   NY= 4  (20)  |  9  9  8  8  7  7  6  6  5  5  4  4  3  3  2  2  1  1  1   *
*   NY= 5  (18)  |  8  8  7  7  6  6  5  5  4  4  3  3  2  2  1  1  0  0  0   *
*   NY= 6  (15)  |  7  7  6  6  5  5  4  4  3  3  2  2  1  1  0  0            *
*   NY= 7  (13)  |  6  6  5  5  4  4  3  3  2  2  1  1  0  0                  *
*   NY= 8  (11)  |  5  5  4  4  3  3  2  2  1  1  0  0                        *
*   NY= 9  ( 9)  |  4  4  3  3  2  2  1  1  0  0                              *
*   NY=10  ( 7)  |  3  3  2  2  1  1  0  0                                    *
*   NY=11  ( 5)  |  2  2  1  1  0  0                                          *
*   NY=12  ( 3)  |  1  1  0  0                                                *
*   NY=13  ( 1)  |  0  0                                                      *
*                                                                             *
*                                                                             *
*        NZ ===>>>  0  1  2  3  4  5  6  7  8  9 10 11 12 13 14 15 16 17 18   *
*        MAX.NX => 13 13 12 12 11 11 10 10  9  9  8  8  7  7  6  6  5  5  5   *
*                 ---------------------------------------------------------   *
*   NX= 0  (28)  | 13 13 12 12 11 11 10 10  9  9  8  8  7  7  6  6  5  5  5   *
*   NX= 1  (26)  | 12 12 11 11 10 10  9  9  8  8  7  7  6  6  5  5  4  4  4   *
*   NX= 2  (24)  | 11 11 10 10  9  9  8  8  7  7  6  6  5  5  4  4  3  3  3   *
*   NX= 3  (22)  | 10 10  9  9  8  8  7  7  6  6  5  5  4  4  3  3  2  2  2   *
*   NX= 4  (20)  |  9  9  8  8  7  7  6  6  5  5  4  4  3  3  2  2  1  1  1   *
*   NX= 5  (18)  |  8  8  7  7  6  6  5  5  4  4  3  3  2  2  1  1  0  0  0   *
*   NX= 6  (15)  |  7  7  6  6  5  5  4  4  3  3  2  2  1  1  0  0            *
*   NX= 7  (13)  |  6  6  5  5  4  4  3  3  2  2  1  1  0  0                  *
*   NX= 8  (11)  |  5  5  4  4  3  3  2  2  1  1  0  0                        *
*   NX= 9  ( 9)  |  4  4  3  3  2  2  1  1  0  0                              *
*   NX=10  ( 7)  |  3  3  2  2  1  1  0  0                                    *
*   NX=11  ( 5)  |  2  2  1  1  0  0                                          *
*   NX=12  ( 3)  |  1  1  0  0                                                *
*   NX=13  ( 1)  |  0  0                                                      *
*                                                                             *
*******************************************************************************

*******************************************************************************
*                                                                             *
* NUCLIDE: N =  98  Z =  78  NUMBER OF ITERATIONS = 1000   CONTINUATION? = 1  *
*                                                                             *
*******************************************************************************
*                                                                             *
* ITERATIONS WILL STOP WHEN THE STABILITY BECOMES LOWER THAN EPSITE=0.300000  *
*                                            FOR    5 CONSECUTIVE ITERATIONS  *
*                                                                             *
*******************************************************************************
*                                                                             *
* ITERATIONS WILL STOP WHEN THE PING-PONG DIVERGENCE OCCURS FOR EPSPNG=0.010  *
*                                DURING    5 PAIRS OF CONSECUTIVE ITERATIONS  *
*                                                                             *
*******************************************************************************
*                                                                             *
* ITERATIONS WILL STOP FOR CHAOTIC-DIVERGENCE CONDITION OCCURING   20  TIMES  *
*                                                                             *
*******************************************************************************
*                                                                             *
* SLOW-DOWN PARAMETERS:                                                       *
* TIME-EVEN = 0.85   TIME-ODD = 0.85   PAIRING = 0.85   LIPKIN-NOGAMI = 0.85  *
*                    LIP-MASS = 0.50   LIP-MOI = 0.50   LIPKIN-METHOD = 0.50  *
*                                                                             *
*******************************************************************************
*                                                                             *
* BROYDEN METHOD IS:  ON                                                      *
*                                                                             *
*    TRIGGERED ONLY WHEN STABILITY IS LOWER THAN :  1000.000 MEV              *
*    INITIAL SLOWING FACTOR (BEFORE TRIGGER)     :     0.85 (=SLOWEV)         *
*    BROYDEN SLOWING FACTOR (AFTER  TRIGGER)     :     0.40 (=1-ALPHAM)       *
*    NUMBER OF ITERATIONS RETAINED IN MEMORY     :    10                      *
*                                                                             *
*******************************************************************************
*                                                                             *
* DIRECT COULOMB TERMS SOLVED BY GREEN FUNCTION AND FOURIER TRANSFORM METHOD  *
* COULOMB PARAMETERS:  NUMCOU = 80  NUMETA = 79  BOUCOU = 20.0  FURMAX =0.25  *
*                                                                             *
*******************************************************************************
*                                                                             *
* EXCHANGE COULOMB TERMS TREATED BY THE SLATER APPROXIMATION                  *
*                                                                             *
*******************************************************************************
*                                                                             *
* MAXIMUM NUMBERS OF MULTIPOLE MOMENTS USED FOR THE CONSTRAINTS,    NMUCON=4  *
*                                           FOR THE COULOMB FIELD,  NMUCOU=4  *
*                                           FOR THE OUTPUT INFO,    NMUPRI=4  *
*                                                                             *
*******************************************************************************
*                                                                             *
* MULTIPOLE CONSTRAINTS: LAMBDA= 2  MIU= 0  MOMENT=345.000  STIFFNESS= 0.500  *
*                        LAMBDA= 3  MIU= 0  MOMENT= 20.000  STIFFNESS= 0.500  *
*                                                                             *
*******************************************************************************
*                                                                             *
* LINEAR MULTIPOLE CONSTRAINTS: LAMBDA= 2  MIU= 0  LAGRANGE PAR. USED= 0.000  *
*                               LAMBDA= 3  MIU= 0  LAGRANGE PAR. USED= 0.000  *
*                                                                             *
*******************************************************************************
*                                                                             *
* THE LAGRANGE PARAMETERS OF THE LINEAR CONSTRAINTS ARE RE-ADJUSTED AT EACH   *
* ITERATION BY USING THE CRANKING APPROXIMATION OF THE RPA MATRIX             *
*                                                                             *
*******************************************************************************
*                                                                             *
* PRINTING THE RESULTS FOR THE FOLLOWING ITERATIONS:         THE  FIRST: YES  *
*                                                            THE MIDDLE:  NO  *
*                                                     AND/OR THE   LAST: YES  *
*                                                                             *
*******************************************************************************
*                                                                             *
* PRINTING THE MOMENTS, RADII, AND DEFORMATIONS FOR:           NEUTRONS: YES  *
*                                                              PROTONS : YES  *
*                                                              MASS    : YES  *
*                                                                             *
*******************************************************************************
*                                                                             *
* PRINTING THE MOMENTS, MOMENTA AND DEFORMATIONS IN THE INTRINSIC FRAME: YES  *
*                                                                             *
*******************************************************************************
*                                                                             *
* NILSSON LABELS OF SINGLE-PARTICLE STATES SHOWN WITH RESPECT TO THE: Z-AXIS  *
*                                                                             *
*******************************************************************************
*                                                                             *
* CALCULATIONS WITH THE HFB PAIRING CORRELATIONS                              *
*                                                                             *
*******************************************************************************
*                                                                             *
* CONTACT PAIRING INTERACTION:     V0        V1       RHO-SAT      POWER      *
*                    NEUTRONS:  -234.380   732.438     0.320     1.0000000    *
*                     PROTONS:  -260.437   813.866     0.320     1.0000000    *
*                                                                             *
*******************************************************************************
*                                                                             *
* CUTOFF ENERGY DEFINING THE ACTIVE HFB PAIRING SPACE=      60.000            *
*                                                                             *
*******************************************************************************
*                                                                             *
* CALCULATIONS WITH SIMPLEX SYMMETRY                                          *
*                                                                             *
*******************************************************************************
*                                                                             *
* CALCULATIONS WITH TIME-ODD SYMMETRIES:        T*SIMPLEX_X =>     CONSERVED  *
*                                               T*SIMPLEX_Y =>     CONSERVED  *
*                                               T*SIMPLEX_Z => NON CONSERVED  *
*                                                                             *
*******************************************************************************
*                                                                             *
* CALCULATIONS WITHOUT ROTATION                                               *
*                                                                             *
*******************************************************************************

*******************************************************************************
*                                                                             *
*  CALLING SUBROUTINE "RECORD" TO READ THE REPLAY FILE OBTAINED PREVIOUSLY    *
*  ./restart/HFODD_00000063.REC                                               *
*                                                                             *
*******************************************************************************

*******************************************************************************
*                                                                             *
*  SINGLE-QUASIPARTICLE PROPERTIES:                                NEUTRONS   *
*                                                                             *
*******************************************************************************
*                                                                             *
*  NO)   ENERGY   (S=+,S=-)       PARITY   V2QUAP   EEQUIV   DEQUIV   V_CORR  *
*                                                                             *
*  47)    9.741   ( 24,  0)       -0.072  0.99921  -18.439    0.547  1.00000  *
*  48)    9.741   (  0, 24)       -0.072  0.99921  -18.439    0.547  1.00000  *
*  49)    9.504   (  0, 25)        0.106  0.99772  -18.175    0.906  1.00001  *
*  50)    9.504   ( 25,  0)        0.106  0.99772  -18.175    0.906  1.00001  *
*  51)    9.575   (  0, 26)       -0.154  0.99109  -18.118    1.800  1.00005  *
*  52)    9.575   ( 26,  0)       -0.154  0.99109  -18.118    1.800  1.00005  *
*  53)    9.654   ( 27,  0)       -0.179  0.97020  -17.792    3.283  1.00016  *
*  54)    9.654   (  0, 27)       -0.179  0.97020  -17.792    3.283  1.00016  *
*  55)    8.642   ( 28,  0)        0.010  0.99949  -17.347    0.391  1.00000  *
*  56)    8.642   (  0, 28)        0.010  0.99949  -17.347    0.391  1.00000  *
*  57)    7.976   ( 29,  0)        0.010  0.99898  -16.673    0.510  1.00001  *
*  58)    7.976   (  0, 29)        0.010  0.99898  -16.673    0.510  1.00001  *
*  59)    7.656   ( 30,  0)       -0.160  0.99915  -16.357    0.446  1.00001  *
*  60)    7.656   (  0, 30)       -0.160  0.99915  -16.357    0.446  1.00001  *
*  61)    7.443   (  0, 31)       -0.272  0.99304  -16.053    1.238  1.00005  *
*  62)    7.443   ( 31,  0)       -0.272  0.99304  -16.053    1.238  1.00005  *
*  63)    6.991   ( 32,  0)       -0.002  0.99976  -15.701    0.218  1.00000  *
*  64)    6.991   (  0, 32)       -0.002  0.99976  -15.701    0.218  1.00000  *
*  65)    8.287   ( 33,  0)       -0.636  0.88067  -15.023    5.373  1.00074  *
*  66)    8.287   (  0, 33)       -0.636  0.88067  -15.023    5.373  1.00074  *
*  67)    5.023   ( 34,  0)        0.657  0.99441  -13.680    0.749  1.00006  *
*  68)    5.023   (  0, 34)        0.657  0.99441  -13.680    0.749  1.00006  *
*  69)    4.844   ( 35,  0)        0.554  0.98161  -13.379    1.302  1.00019  *
*  70)    4.844   (  0, 35)        0.554  0.98161  -13.379    1.302  1.00019  *
*  71)    4.398   (  0, 36)        0.002  0.99749  -13.090    0.440  1.00003  *
*  72)    4.398   ( 36,  0)        0.002  0.99749  -13.090    0.440  1.00003  *
*  73)    4.059   (  0, 37)       -0.344  0.99755  -12.753    0.402  1.00003  *
*  74)    4.059   ( 37,  0)       -0.344  0.99755  -12.753    0.402  1.00003  *
*  75)    3.385   (  0, 38)       -0.014  0.99891  -12.091    0.224  1.00002  *
*  76)    3.385   ( 38,  0)       -0.014  0.99891  -12.091    0.224  1.00002  *
*  77)    4.511   (  0, 39)       -0.153  0.86654  -12.021    3.068  1.00151  *
*  78)    4.511   ( 39,  0)       -0.153  0.86654  -12.021    3.068  1.00151  *
*  79)    2.998   ( 40,  0)        0.005  0.99541  -11.685    0.405  1.00008  *
*  80)    2.998   (  0, 40)        0.005  0.99541  -11.685    0.405  1.00008  *
*  81)    6.453   (  0, 41)        0.083  0.71487  -11.487    5.827  1.00228  *
*  82)    6.453   ( 41,  0)        0.083  0.71487  -11.487    5.827  1.00228  *
*  83)    2.385   ( 42,  0)        0.169  0.99381  -11.069    0.374  1.00013  *
*  84)    2.385   (  0, 42)        0.169  0.99381  -11.069    0.374  1.00013  *
*  85)    2.249   (  0, 43)       -0.001  0.99785  -10.953    0.208  1.00005  *
*  86)    2.249   ( 43,  0)       -0.001  0.99785  -10.953    0.208  1.00005  *
*  87)    2.034   ( 44,  0)       -0.199  0.99524  -10.728    0.280  1.00012  *
*  88)    2.034   (  0, 44)       -0.199  0.99524  -10.728    0.280  1.00012  *
*  89)    1.939   (  0, 45)       -0.020  0.99422  -10.631    0.294  1.00015  *
*  90)    1.939   ( 45,  0)       -0.020  0.99422  -10.631    0.294  1.00015  *
*  91)    1.709   ( 46,  0)       -0.461  0.98773  -10.380    0.376  1.00036  *
*  92)    1.709   (  0, 46)       -0.461  0.98773  -10.380    0.376  1.00036  *
*  93)    1.507   ( 47,  0)       -0.519  0.98006  -10.161    0.421  1.00065  *
*  94)    1.507   (  0, 47)       -0.519  0.98006  -10.161    0.421  1.00065  *
*  95)    1.262   (  0, 48)        0.518  0.97697   -9.918    0.379  1.00089  *
*  96)    1.262   ( 48,  0)        0.518  0.97697   -9.918    0.379  1.00089  *
*  97)    0.564   ( 49,  0)        0.002  0.82294   -9.078    0.431  1.01479  *
*  98)    0.564   (  0, 49)        0.002  0.82294   -9.078    0.431  1.01479  *
*  99)    0.795   ( 50,  0)        0.192  0.04776   -7.995    0.339  1.06589  *
* 100)    0.795   (  0, 50)        0.192  0.04776   -7.995    0.339  1.06589  *
* 101)    0.907   (  0, 51)        0.003  0.01257   -7.830    0.202  1.05977  *
* 102)    0.907   ( 51,  0)        0.003  0.01257   -7.830    0.202  1.05977  *
* 103)    1.114   (  0, 52)        0.017  0.03505   -7.678    0.410  1.04689  *
* 104)    1.114   ( 52,  0)        0.017  0.03505   -7.678    0.410  1.04689  *
* 105)    1.235   ( 53,  0)        0.134  0.02141   -7.532    0.358  1.04280  *
* 106)    1.235   (  0, 53)        0.134  0.02141   -7.532    0.358  1.04280  *
* 107)    1.458   (  0, 54)        0.015  0.01258   -7.293    0.325  1.03638  *
* 108)    1.458   ( 54,  0)        0.015  0.01258   -7.293    0.325  1.03638  *
* 109)    1.562   ( 55,  0)        0.567  0.01035   -7.184    0.316  1.03395  *
* 110)    1.562   (  0, 55)        0.567  0.01035   -7.184    0.316  1.03395  *
* 111)    1.969   ( 56,  0)       -0.406  0.01221   -6.793    0.433  1.02670  *
* 112)    1.969   (  0, 56)       -0.406  0.01221   -6.793    0.433  1.02670  *
* 113)    2.059   (  0, 57)       -0.004  0.00814   -6.688    0.370  1.02562  *
* 114)    2.059   ( 57,  0)       -0.004  0.00814   -6.688    0.370  1.02562  *
* 115)    2.106   (  0, 58)       -0.012  0.00976   -6.649    0.414  1.02499  *
* 116)    2.106   ( 58,  0)       -0.012  0.00976   -6.649    0.414  1.02499  *
* 117)    2.155   ( 59,  0)       -0.316  0.00727   -6.590    0.366  1.02447  *
* 118)    2.155   (  0, 59)       -0.316  0.00727   -6.590    0.366  1.02447  *
* 119)    2.359   (  0, 60)       -0.021  0.00191   -6.364    0.206  1.02244  *
* 120)    2.359   ( 60,  0)       -0.021  0.00191   -6.364    0.206  1.02244  *
* 121)    6.433   ( 61,  0)        0.079  0.28472   -5.944    5.806  1.00578  *
* 122)    6.433   (  0, 61)        0.079  0.28472   -5.944    5.806  1.00578  *
* 123)    3.170   ( 62,  0)        0.339  0.00218   -5.558    0.296  1.01660  *
* 124)    3.170   (  0, 62)        0.339  0.00218   -5.558    0.296  1.01660  *
* 125)    3.252   (  0, 63)       -0.100  0.00315   -5.482    0.364  1.01615  *
* 126)    3.252   ( 63,  0)       -0.100  0.00315   -5.482    0.364  1.01615  *
* 127)    4.467   ( 64,  0)       -0.185  0.13159   -5.422    3.020  1.01016  *
* 128)    4.467   (  0, 64)       -0.185  0.13159   -5.422    3.020  1.01016  *
* 129)    3.364   ( 65,  0)       -0.001  0.00083   -5.356    0.194  1.01565  *
* 130)    3.364   (  0, 65)       -0.001  0.00083   -5.356    0.194  1.01565  *
* 131)    3.676   ( 66,  0)        0.102  0.00100   -5.045    0.232  1.01429  *
* 132)    3.676   (  0, 66)        0.102  0.00100   -5.045    0.232  1.01429  *
* 133)    4.399   ( 67,  0)        0.009  0.00051   -4.319    0.198  1.01192  *
* 134)    4.399   (  0, 67)        0.009  0.00051   -4.319    0.198  1.01192  *
* 135)    4.753   (  0, 68)        0.611  0.01837   -4.135    1.276  1.01082  *
* 136)    4.753   ( 68,  0)        0.611  0.01837   -4.135    1.276  1.01082  *
* 137)    4.958   (  0, 69)        0.535  0.00701   -3.826    0.827  1.01050  *
* 138)    4.958   ( 69,  0)        0.535  0.00701   -3.826    0.827  1.01050  *
* 139)    5.533   (  0, 70)       -0.006  0.00090   -3.191    0.333  1.00945  *
* 140)    5.533   ( 70,  0)       -0.006  0.00090   -3.191    0.333  1.00945  *
* 141)    5.757   ( 71,  0)        0.001  0.00132   -2.972    0.418  1.00908  *
* 142)    5.757   (  0, 71)        0.001  0.00132   -2.972    0.418  1.00908  *
* 143)    5.982   ( 72,  0)       -0.326  0.00066   -2.740    0.308  1.00874  *
* 144)    5.982   (  0, 72)       -0.326  0.00066   -2.740    0.308  1.00874  *
* 145)    6.032   ( 73,  0)       -0.099  0.00121   -2.696    0.420  1.00866  *
* 146)    6.032   (  0, 73)       -0.099  0.00121   -2.696    0.420  1.00866  *
* 147)    6.187   (  0, 74)       -0.098  0.00021   -2.529    0.180  1.00845  *
* 148)    6.187   ( 74,  0)       -0.098  0.00021   -2.529    0.180  1.00845  *
* 149)    8.235   (  0, 75)       -0.636  0.11926   -2.443    5.338  1.00557  *
* 150)    8.235   ( 75,  0)       -0.636  0.11926   -2.443    5.338  1.00557  *
* 151)    7.060   (  0, 76)        0.070  0.00057   -1.662    0.336  1.00740  *
* 152)    7.060   ( 76,  0)        0.070  0.00057   -1.662    0.336  1.00740  *
* 153)    7.496   ( 77,  0)       -0.417  0.00713   -1.324    1.262  1.00692  *
* 154)    7.496   (  0, 77)       -0.417  0.00713   -1.324    1.262  1.00692  *
* 155)    7.705   (  0, 78)       -0.034  0.00023   -1.012    0.236  1.00677  *
* 156)    7.705   ( 78,  0)       -0.034  0.00023   -1.012    0.236  1.00677  *
* 157)    8.173   ( 79,  0)        0.229  0.00065   -0.551    0.417  1.00638  *
* 158)    8.173   (  0, 79)        0.229  0.00065   -0.551    0.417  1.00638  *
* 159)    8.202   ( 80,  0)       -0.003  0.00014   -0.514    0.194  1.00636  *
* 160)    8.202   (  0, 80)       -0.003  0.00014   -0.514    0.194  1.00636  *
* 161)    8.354   ( 81,  0)       -0.013  0.00052   -0.369    0.380  1.00624  *
* 162)    8.354   (  0, 81)       -0.013  0.00052   -0.369    0.380  1.00624  *
* 163)    8.475   ( 82,  0)        0.030  0.00037   -0.245    0.328  1.00615  *
* 164)    8.475   (  0, 82)        0.030  0.00037   -0.245    0.328  1.00615  *
* 165)    8.929   ( 83,  0)        0.321  0.00056    0.206    0.421  1.00584  *
* 166)    8.929   (  0, 83)        0.321  0.00056    0.206    0.421  1.00584  *
* 167)    9.686   (  0, 84)       -0.286  0.03427    0.309    3.524  1.00520  *
* 168)    9.686   ( 84,  0)       -0.286  0.03427    0.309    3.524  1.00520  *
* 169)    9.097   (  0, 85)       -0.057  0.00012    0.381    0.196  1.00573  *
* 170)    9.097   ( 85,  0)       -0.057  0.00012    0.381    0.196  1.00573  *
* 171)    9.178   ( 86,  0)        0.269  0.00178    0.432    0.774  1.00567  *
* 172)    9.178   (  0, 86)        0.269  0.00178    0.432    0.774  1.00567  *
* 173)    9.365   ( 87,  0)       -0.002  0.00031    0.645    0.332  1.00557  *
* 174)    9.365   (  0, 87)       -0.002  0.00031    0.645    0.332  1.00557  *
* 175)    9.475   ( 88,  0)       -0.215  0.00520    0.663    1.364  1.00547  *
* 176)    9.475   (  0, 88)       -0.215  0.00520    0.663    1.364  1.00547  *
* 177)    9.974   (  0, 89)       -0.229  0.00078    1.245    0.556  1.00522  *
* 178)    9.974   ( 89,  0)       -0.229  0.00078    1.245    0.556  1.00522  *
* 179)    9.967   ( 90,  0)        0.062  0.00010    1.251    0.200  1.00523  *
* 180)    9.967   (  0, 90)        0.062  0.00010    1.251    0.200  1.00523  *
*                                                                             *
*1886)   TOTAL=  ( 943, 943)                                                  *
*                                                                             *
*******************************************************************************

*******************************************************************************
*                                                                             *
*  SINGLE-PARTICLE PROPERTIES: CANONICAL                           NEUTRONS   *
*                                                                             *
*******************************************************************************
*                                                                             *
*  NO)   ENERGY   (S=+,S=-)   | N,nz,lz,OMEz>   <P>    <JY>    <SY>   GFACT   *
*                                                                             *
*  41)  -11.597   ( 41,---)   | 9, 7, 2, 3/2>   -22  -0.001  -0.000   0.085   *
*  42)  -11.031   ( 42,---)   | 2, 0, 2, 5/2>    15  -0.000  -0.000   0.169   *
*  43)  -10.954   ( 43,---)   |10, 7, 3, 7/2>     0  -0.000  -0.000   0.060   *
*  44)  -10.709   ( 44,---)   | 4, 2, 2, 5/2>     0  -0.000  -0.000   0.451   *
*  45)  -10.684   ( 45,---)   | 6, 4, 2, 3/2>     5  -0.000   0.000  -0.290   *
*  46)  -10.633   ( 46,---)   |11,10, 1, 3/2>   -56  -0.003  -0.000   0.118   *
*  47)  -10.255   ( 47,---)   |13,13, 0, 1/2>   -43  -1.363  -0.310   0.227   *
*  48)  -10.000   ( 48,---)   | 4, 3, 1, 1/2>    55  -0.334  -0.199   0.597   *
*  49)   -9.080   ( 49,---)   | 7, 4, 1, 3/2>     0  -0.001  -0.002   1.985   *
*  50)   -7.918   ( 50,---)   | 7, 4, 1, 1/2>     8  -0.009  -0.154  2.E+01   *
*  51)   -7.798   ( 51,---)   |10, 7, 1, 3/2>     2  -0.000  -0.000   6.959   *
*  52)   -7.603   ( 52,---)   | 2, 0, 0, 1/2>     4  -0.219  -0.298   1.362   *
*  53)   -7.474   ( 53,---)   |12,11, 1, 3/2>    67  -0.001  -0.000   0.232   *
*  54)   -7.205   ( 54,---)   | 3, 1, 0, 1/2>    -3  -0.299  -0.370   1.238   *
*  55)   -6.952   ( 55,---)   | 2, 0, 2, 5/2>    28  -0.000  -0.000   1.178   *
*  56)   -6.698   ( 56,---)   | 8, 8, 0, 1/2>    39  -1.364  -0.324   0.237   *
*  57)   -6.695   ( 57,---)   | 7, 4, 3, 5/2>     4   0.000  -0.000  -0.210   *
*  58)   -6.645   ( 58,---)   |10, 7, 3, 7/2>     0  -0.000  -0.000   0.075   *
*  59)   -6.508   ( 59,---)   | 5, 4, 1, 1/2>   -38  -0.443  -0.258   0.582   *
*  60)   -6.192   ( 60,---)   |10, 7, 1, 1/2>     3   0.250  -0.044  -0.176   *
*  61)   -5.383   ( 61,---)   | 3, 1, 2, 5/2>    -5   0.000  -0.000  -0.268   *
*  62)   -5.260   ( 62,---)   | 2, 0, 2, 3/2>     6  -0.001   0.000  -0.093   *
*  63)   -5.236   ( 63,---)   | 7, 4, 3, 7/2>     0  -0.000  -0.000   0.055   *
*  64)   -4.357   ( 64,---)   | 3, 1, 2, 3/2>   -17  -0.001  -0.000   0.207   *
*  65)   -3.558   ( 65,---)   |11, 8, 3, 5/2>    -9  -0.000  -0.000   0.621   *
*  66)   -3.320   ( 66,---)   | 7, 6, 1, 3/2>   -18  -0.001  -0.001   1.423   *
*  67)   -3.219   ( 67,---)   | 2, 0, 0, 1/2>    27  -0.467  -0.353   0.754   *
*  68)   -3.144   ( 68,---)   | 9, 6, 1, 3/2>   -26  -0.006  -0.004   0.640   *
*  69)   -3.125   ( 69,---)   |12,11, 1, 1/2>    40  -0.047  -0.213   4.496   *
*  70)   -2.709   ( 70,---)   | 8, 4, 4, 9/2>     0   0.000  -0.000  -5.127   *
*  71)   -2.601   ( 71,---)   | 4, 2, 2, 5/2>    19  -0.000  -0.000   0.273   *
*  72)   -1.469   ( 72,---)   |11, 9, 0, 1/2>   -26  -0.913  -0.238   0.261   *
*  73)   -1.409   ( 73,---)   |10, 7, 1, 1/2>   -16  -0.498  -0.224   0.449   *
*  74)   -1.187   ( 74,---)   | 3, 1, 0, 1/2>    -9  -0.213  -0.382   1.794   *
*                                                                             *
*******************************************************************************

*******************************************************************************
*                                                                             *
*  HFB PAIRING PROPERTIES                                           NEUTRONS  *
*                                                                             *
*  STRENGTH= 0.0599   GAP=-0.3059   FERMI ENERGY= -8.6619   ENERGY=  -1.5618  *
*                                                                             *
*******************************************************************************

*******************************************************************************
*                                                                             *
*  MULTIPOLE MOMENTS [UNITS:  (10 FERMI)^LAMBDA]                    NEUTRONS  *
*                                                                             *
*******************************************************************************
*                                                                             *
*  Q00 = 98.0000  .............  .............  .............  .............  *
*                                                                             *
*  Q10 = 14.1098  Q11 =    ZERO  .............  .............  .............  *
*                                                                             *
*  Q20 =187.2555  Q21 =    ZERO  Q22 =  0.0026  .............  .............  *
*                                                                             *
*  Q30 = 33.1971  Q31 =    ZERO  Q32 = -0.0013  Q33 =    ZERO  .............  *
*                                                                             *
*  Q40 =112.9105  Q41 =    ZERO  Q42 =  0.0025  Q43 =    ZERO  Q44 = 9.7E-09  *
*                                                                             *
*******************************************************************************

*******************************************************************************
*                                                                             *
*  ROOT-MEAN-SQUARE AND GEOMETRIC SIZES IN FERMIS                   NEUTRONS  *
*                                                                             *
*  R_RMS = 10.3647     X_RMS =  1.9909    Y_RMS =  1.9905    Z_RMS =  9.9750  *
*                                                                             *
*  R_GEO = 13.3808     X_GEO =  4.4519    Y_GEO =  4.4510    Z_GEO = 22.3049  *
*                                                                             *
*******************************************************************************

*******************************************************************************
*                                                                             *
*  BOHR DEFORMATIONS (FIRST-ORDER APPROXIMATION)                    NEUTRONS  *
*                                                                             *
*******************************************************************************
*                                                                             *
*  B10 =  0.2202  B11 =    ZERO  .............  .............  .............  *
*                                                                             *
*  B20 =  1.4099  B21 =    ZERO  B22 = 2.0E-05  .............  .............  *
*                                                                             *
*  B30 =  0.5923  B31 =    ZERO  B32 =-3.4E-05  B33 =    ZERO  .............  *
*                                                                             *
*  B40 =  1.5055  B41 =    ZERO  B42 = 4.7E-05  B43 =    ZERO  B44 = 1.8E-10  *
*                                                                             *
*******************************************************************************
*                                                                             *
*  BOHR DENSITY = 0.0098 FM^(-3)  BOHR RADIUS =  13.3808 FM                   *
*                                                                             *
*******************************************************************************

*******************************************************************************
*                                                                             *
*  SINGLE-QUASIPARTICLE PROPERTIES:                                 PROTONS   *
*                                                                             *
*******************************************************************************
*                                                                             *
*  NO)   ENERGY   (S=+,S=-)       PARITY   V2QUAP   EEQUIV   DEQUIV   V_CORR  *
*                                                                             *
*  33)    9.989   ( 17,  0)       -0.001  0.99879  -14.524    0.694  1.00000  *
*  34)    9.989   (  0, 17)       -0.001  0.99879  -14.524    0.694  1.00000  *
*  35)    9.441   (  0, 18)       -0.075  0.99873  -13.976    0.674  1.00000  *
*  36)    9.441   ( 18,  0)       -0.075  0.99873  -13.976    0.674  1.00000  *
*  37)    9.135   (  0, 19)        0.001  0.99921  -13.680    0.512  1.00000  *
*  38)    9.135   ( 19,  0)        0.001  0.99921  -13.680    0.512  1.00000  *
*  39)    8.984   ( 20,  0)       -0.197  0.99835  -13.514    0.730  1.00000  *
*  40)    8.984   (  0, 20)       -0.197  0.99835  -13.514    0.730  1.00000  *
*  41)    8.182   ( 21,  0)        0.656  0.99851  -12.717    0.632  1.00000  *
*  42)    8.182   (  0, 21)        0.656  0.99851  -12.717    0.632  1.00000  *
*  43)    6.508   (  0, 22)       -0.038  0.99698  -11.028    0.714  1.00000  *
*  44)    6.508   ( 22,  0)       -0.038  0.99698  -11.028    0.714  1.00000  *
*  45)    6.112   (  0, 23)       -0.083  0.99703  -10.634    0.666  1.00000  *
*  46)    6.112   ( 23,  0)       -0.083  0.99703  -10.634    0.666  1.00000  *
*  47)    6.389   (  0, 24)        0.051  0.97440  -10.621    2.018  1.00002  *
*  48)    6.389   ( 24,  0)        0.051  0.97440  -10.621    2.018  1.00002  *
*  51)    5.819   ( 26,  0)        0.117  0.99276  -10.294    0.987  1.00001  *
*  52)    5.819   (  0, 26)        0.117  0.99276  -10.294    0.987  1.00001  *
*  53)    6.095   (  0, 27)       -0.225  0.96518  -10.229    2.235  1.00002  *
*  54)    6.095   ( 27,  0)       -0.225  0.96518  -10.229    2.235  1.00002  *
*  55)    4.848   ( 28,  0)       -0.022  0.99646   -9.373    0.576  1.00000  *
*  56)    4.848   (  0, 28)       -0.022  0.99646   -9.373    0.576  1.00000  *
*  57)    4.640   (  0, 29)       -0.670  0.99509   -9.153    0.648  1.00000  *
*  58)    4.640   ( 29,  0)       -0.670  0.99509   -9.153    0.648  1.00000  *
*  59)    4.258   ( 30,  0)        0.013  0.99384   -8.764    0.666  1.00001  *
*  60)    4.258   (  0, 30)        0.013  0.99384   -8.764    0.666  1.00001  *
*  61)    4.002   ( 31,  0)       -0.007  0.99572   -8.527    0.522  1.00000  *
*  62)    4.002   (  0, 31)       -0.007  0.99572   -8.527    0.522  1.00000  *
*  63)    3.773   ( 32,  0)       -0.499  0.99380   -8.285    0.593  1.00001  *
*  64)    3.773   (  0, 32)       -0.499  0.99380   -8.285    0.593  1.00001  *
*  65)    2.683   ( 33,  0)        0.033  0.97613   -7.114    0.819  1.00004  *
*  66)    2.683   (  0, 33)        0.033  0.97613   -7.114    0.819  1.00004  *
*  67)    1.205   ( 34,  0)        0.590  0.95052   -5.645    0.523  1.00016  *
*  68)    1.205   (  0, 34)        0.590  0.95052   -5.645    0.523  1.00016  *
*  69)    1.161   (  0, 35)        0.654  0.95279   -5.611    0.492  1.00016  *
*  70)    1.161   ( 35,  0)        0.654  0.95279   -5.611    0.492  1.00016  *
*  71)    0.849   (  0, 36)       -0.342  0.89096   -5.223    0.529  1.00051  *
*  72)    0.849   ( 36,  0)       -0.342  0.89096   -5.223    0.529  1.00051  *
*  73)    5.188   ( 37,  0)        0.016  0.55422   -5.122    5.157  1.00035  *
*  74)    5.188   (  0, 37)        0.016  0.55422   -5.122    5.157  1.00035  *
*  75)    0.668   (  0, 38)        0.005  0.68961   -4.813    0.618  1.00186  *
*  76)    0.668   ( 38,  0)        0.005  0.68961   -4.813    0.618  1.00186  *
*  77)    0.617   (  0, 39)       -0.229  0.68875   -4.792    0.571  1.00202  *
*  78)    0.617   ( 39,  0)       -0.229  0.68875   -4.792    0.571  1.00202  *
*  79)    0.507   ( 40,  0)       -0.030  0.45243   -4.511    0.505  1.00434  *
*  80)    0.507   (  0, 40)       -0.030  0.45243   -4.511    0.505  1.00434  *
*  81)    0.805   (  0, 41)        0.081  0.17655   -4.038    0.614  1.00412  *
*  82)    0.805   ( 41,  0)        0.081  0.17655   -4.038    0.614  1.00412  *
*  83)    5.128   (  0, 42)        0.010  0.44408   -3.986    5.096  1.00044  *
*  84)    5.128   ( 42,  0)        0.010  0.44408   -3.986    5.096  1.00044  *
*  85)    1.072   (  0, 43)       -0.075  0.05716   -3.610    0.498  1.00355  *
*  86)    1.072   ( 43,  0)       -0.075  0.05716   -3.610    0.498  1.00355  *
*  87)    1.261   (  0, 44)       -0.006  0.02910   -3.372    0.424  1.00311  *
*  88)    1.261   ( 44,  0)       -0.006  0.02910   -3.372    0.424  1.00311  *
*  89)    1.469   (  0, 45)       -0.033  0.02626   -3.168    0.470  1.00267  *
*  90)    1.469   ( 45,  0)       -0.033  0.02626   -3.168    0.470  1.00267  *
*  91)    1.669   ( 46,  0)        0.098  0.02974   -2.990    0.567  1.00234  *
*  92)    1.669   (  0, 46)        0.098  0.02974   -2.990    0.567  1.00234  *
*  93)    2.041   (  0, 47)       -0.639  0.01714   -2.589    0.530  1.00194  *
*  94)    2.041   ( 47,  0)       -0.639  0.01714   -2.589    0.530  1.00194  *
*  95)    2.350   ( 48,  0)       -0.471  0.01449   -2.277    0.562  1.00169  *
*  96)    2.350   (  0, 48)       -0.471  0.01449   -2.277    0.562  1.00169  *
*  97)    2.506   (  0, 49)        0.237  0.02295   -2.168    0.750  1.00157  *
*  98)    2.506   ( 49,  0)        0.237  0.02295   -2.168    0.750  1.00157  *
*  99)    3.717   (  0, 50)       -0.157  0.00621   -0.889    0.584  1.00108  *
* 100)    3.717   ( 50,  0)       -0.157  0.00621   -0.889    0.584  1.00108  *
* 101)    4.848   (  0, 51)       -0.168  0.00492    0.241    0.678  1.00083  *
* 102)    4.848   ( 51,  0)       -0.168  0.00492    0.241    0.678  1.00083  *
* 103)    5.205   (  0, 52)        0.202  0.00755    0.567    0.901  1.00077  *
* 104)    5.205   ( 52,  0)        0.202  0.00755    0.567    0.901  1.00077  *
* 105)    5.604   ( 53,  0)        0.027  0.00435    0.996    0.738  1.00071  *
* 106)    5.604   (  0, 53)        0.027  0.00435    0.996    0.738  1.00071  *
* 107)    6.007   ( 54,  0)       -0.238  0.03598    1.015    2.237  1.00065  *
* 108)    6.007   (  0, 54)       -0.238  0.03598    1.015    2.237  1.00065  *
* 109)    5.606   (  0, 55)        0.045  0.00265    1.017    0.577  1.00072  *
* 110)    5.606   ( 55,  0)        0.045  0.00265    1.017    0.577  1.00072  *
* 113)    5.887   ( 57,  0)        0.004  0.00260    1.297    0.599  1.00068  *
* 114)    5.887   (  0, 57)        0.004  0.00260    1.297    0.599  1.00068  *
* 115)    6.317   ( 58,  0)        0.162  0.02409    1.454    1.937  1.00062  *
* 116)    6.317   (  0, 58)        0.162  0.02409    1.454    1.937  1.00062  *
* 117)    6.175   ( 59,  0)       -0.338  0.00165    1.595    0.501  1.00065  *
* 118)    6.175   (  0, 59)       -0.338  0.00165    1.595    0.501  1.00065  *
* 119)    6.336   (  0, 60)       -0.003  0.00239    1.746    0.618  1.00063  *
* 120)    6.336   ( 60,  0)       -0.003  0.00239    1.746    0.618  1.00063  *
* 121)    6.916   (  0, 61)       -0.091  0.00125    2.339    0.489  1.00058  *
* 122)    6.916   ( 61,  0)       -0.091  0.00125    2.339    0.489  1.00058  *
* 123)    6.975   (  0, 62)        0.037  0.00066    2.406    0.357  1.00058  *
* 124)    6.975   ( 62,  0)        0.037  0.00066    2.406    0.357  1.00058  *
* 125)    7.001   ( 63,  0)        0.004  0.00116    2.425    0.476  1.00057  *
* 126)    7.001   (  0, 63)        0.004  0.00116    2.425    0.476  1.00057  *
* 127)    7.135   (  0, 64)        0.092  0.00147    2.555    0.547  1.00056  *
* 128)    7.135   ( 64,  0)        0.092  0.00147    2.555    0.547  1.00056  *
* 129)    7.374   (  0, 65)        0.533  0.00129    2.796    0.530  1.00054  *
* 130)    7.374   ( 65,  0)        0.533  0.00129    2.796    0.530  1.00054  *
* 131)    7.629   (  0, 66)        0.137  0.00080    3.058    0.432  1.00053  *
* 132)    7.629   ( 66,  0)        0.137  0.00080    3.058    0.432  1.00053  *
* 133)    8.873   (  0, 67)       -0.478  0.00202    4.278    0.796  1.00045  *
* 134)    8.873   ( 67,  0)       -0.478  0.00202    4.278    0.796  1.00045  *
* 135)    9.136   ( 68,  0)        0.597  0.00083    4.562    0.527  1.00044  *
* 136)    9.136   (  0, 68)        0.597  0.00083    4.562    0.527  1.00044  *
* 137)    9.729   (  0, 69)       -0.148  0.00050    5.160    0.437  1.00041  *
* 138)    9.729   ( 69,  0)       -0.148  0.00050    5.160    0.437  1.00041  *
*                                                                             *
*1614)   TOTAL=  ( 807, 807)                                                  *
*                                                                             *
*******************************************************************************

*******************************************************************************
*                                                                             *
*  SINGLE-PARTICLE PROPERTIES: CANONICAL                            PROTONS   *
*                                                                             *
*******************************************************************************
*                                                                             *
*  NO)   ENERGY   (S=+,S=-)   | N,nz,lz,OMEz>   <P>    <JY>    <SY>   GFACT   *
*                                                                             *
*  23)  -10.977   ( 23,---)   | 2, 1, 1, 1/2>    21   0.074  -0.091  -1.224   *
*  24)  -10.883   ( 24,---)   | 1, 0, 1, 1/2>   -47  -0.269  -0.135   0.501   *
*  25)  -10.839   ( 25,---)   | 5, 3, 0, 1/2>    -2  -0.204  -0.450   2.205   *
*  26)  -10.701   ( 26,---)   | 2, 1, 1, 3/2>    50  -0.003  -0.002   0.519   *
*  27)  -10.568   ( 27,---)   | 6, 4, 2, 3/2>    -4   0.001  -0.000  -0.127   *
*  28)   -9.999   ( 28,---)   |10, 8, 0, 1/2>    12  -0.398  -0.488   1.228   *
*  29)   -9.395   ( 29,---)   | 8, 6, 2, 3/2>     6  -0.000   0.000  -0.137   *
*  30)   -9.276   ( 30,---)   |11,11, 0, 1/2>   -58  -1.049  -0.381   0.363   *
*  31)   -8.772   ( 31,---)   | 4, 2, 2, 5/2>     0   0.000  -0.000  -1.584   *
*  32)   -8.550   ( 32,---)   | 6, 4, 2, 5/2>     0   0.000   0.000   0.460   *
*  33)   -8.381   ( 33,---)   | 3, 2, 1, 3/2>   -67  -0.000  -0.000   0.657   *
*  34)   -7.250   ( 34,---)   | 1, 0, 1, 1/2>    16  -0.053  -0.069   1.291   *
*  35)   -5.672   ( 35,---)   | 4, 3, 1, 3/2>    64  -0.019  -0.003   0.164   *
*  36)   -5.625   ( 36,---)   |12,12, 0, 1/2>    66  -1.459  -0.378   0.259   *
*  37)   -5.236   ( 37,---)   | 3, 2, 1, 1/2>   -44  -0.170  -0.193   1.137   *
*  38)   -4.813   ( 38,---)   | 7, 4, 3, 7/2>     0   0.000   0.000   0.343   *
*  39)   -4.788   ( 39,---)   | 3, 1, 0, 1/2>   -14  -0.254  -0.404   1.590   *
*  40)   -4.508   ( 40,---)   | 6, 4, 0, 1/2>     0  -0.268  -0.437   1.633   *
*  41)   -4.027   ( 41,---)   | 4, 2, 2, 3/2>     2  -0.002   0.000  -0.148   *
*  42)   -3.597   ( 42,---)   | 6, 4, 2, 3/2>    -1  -0.000  -0.000  1.E+01   *
*  43)   -3.353   ( 43,---)   |10, 7, 3, 7/2>     0   0.000   0.000   0.009   *
*  44)   -3.087   ( 44,---)   | 3, 1, 2, 5/2>     4   0.000   0.000   0.097   *
*  45)   -3.016   ( 45,---)   | 2, 0, 2, 5/2>     2  -0.000  -0.000   0.367   *
*  46)   -2.533   ( 46,---)   |11,10, 1, 3/2>   -67  -0.003  -0.001   0.206   *
*  47)   -2.193   ( 47,---)   |13,13, 0, 1/2>   -59  -1.507  -0.328   0.217   *
*  48)   -2.025   ( 48,---)   | 4, 3, 1, 1/2>    58  -0.075  -0.171   2.273   *
*  49)   -0.688   ( 49,---)   | 7, 4, 1, 3/2>     0  -0.002  -0.005   2.024   *
*                                                                             *
*******************************************************************************

*******************************************************************************
*                                                                             *
*  HFB PAIRING PROPERTIES                                            PROTONS  *
*                                                                             *
*  STRENGTH= 0.0623   GAP= 0.5218   FERMI ENERGY= -4.5552   ENERGY=  -4.3740  *
*                                                                             *
*******************************************************************************

*******************************************************************************
*                                                                             *
*  MULTIPOLE MOMENTS [UNITS:  (10 FERMI)^LAMBDA]                     PROTONS  *
*                                                                             *
*******************************************************************************
*                                                                             *
*  Q00 = 78.0000  .............  .............  .............  .............  *
*                                                                             *
*  Q10 = 11.0182  Q11 =    ZERO  .............  .............  .............  *
*                                                                             *
*  Q20 =150.6710  Q21 =    ZERO  Q22 =  0.0020  .............  .............  *
*                                                                             *
*  Q30 = 26.6194  Q31 =    ZERO  Q32 = -0.0010  Q33 =    ZERO  .............  *
*                                                                             *
*  Q40 = 91.8119  Q41 =    ZERO  Q42 =  0.0019  Q43 =    ZERO  Q44 =-1.1E-08  *
*                                                                             *
*******************************************************************************

*******************************************************************************
*                                                                             *
*  ROOT-MEAN-SQUARE AND GEOMETRIC SIZES IN FERMIS                    PROTONS  *
*                                                                             *
*  R_RMS = 10.3765     X_RMS =  1.9226    Y_RMS =  1.9222    Z_RMS = 10.0140  *
*                                                                             *
*  R_GEO = 13.3959     X_GEO =  4.2991    Y_GEO =  4.2982    Z_GEO = 22.3919  *
*                                                                             *
*******************************************************************************

*******************************************************************************
*                                                                             *
*  BOHR DEFORMATIONS (FIRST-ORDER APPROXIMATION)                     PROTONS  *
*                                                                             *
*******************************************************************************
*                                                                             *
*  B10 =  0.2158  B11 =    ZERO  .............  .............  .............  *
*                                                                             *
*  B20 =  1.4221  B21 =    ZERO  B22 = 1.9E-05  .............  .............  *
*                                                                             *
*  B30 =  0.5947  B31 =    ZERO  B32 =-3.3E-05  B33 =    ZERO  .............  *
*                                                                             *
*  B40 =  1.5311  B41 =    ZERO  B42 = 4.6E-05  B43 =    ZERO  B44 =-2.6E-10  *
*                                                                             *
*******************************************************************************
*                                                                             *
*  BOHR DENSITY = 0.0077 FM^(-3)  BOHR RADIUS =  13.3959 FM                   *
*                                                                             *
*******************************************************************************

*******************************************************************************
*                                                                             *
*                  DENSITY INTEGRALS IN THE SKYRME FUNCTIONAL                 *
*                                                                             *
*******************************************************************************
*                                                                             *
*                   TOTAL(T)        SUM(S)      ISOSCALAR(P)  ISOVECTOR(M)    *
*                   --------        ------      ------------  ------------    *
*    DRHO_ =       19.534165      9.862563         19.534165      0.190960    *
*    DRHOD =        9.000987      4.542147          9.000987      0.083306    *
*    DLPR_ =       -5.594060     -2.817359         -5.594060     -0.040658    *
*    DTAU_ =       16.676386      8.467580         16.676386      0.258775    *
*    DSCU_ =        0.178290      0.098000          0.178290      0.017710    *
*    DDIV_ =        1.182402      0.600092          1.182402      0.017782    *
*                                                                             *
*    DSPI_ =        0.000000      0.000000          0.000000      0.000000    *
*    DSPID =        0.000000      0.000000          0.000000      0.000000    *
*    DLPS_ =        0.000000      0.000000          0.000000      0.000000    *
*    DCUR_ =        0.000000      0.000000          0.000000      0.000000    *
*    DKIS_ =        0.000000      0.000000          0.000000      0.000000    *
*    DROT_ =        0.000000      0.000000          0.000000      0.000000    *
*                                                                             *
*******************************************************************************

*******************************************************************************
*                                                                             *
*               CONTRIBUTIONS TO ENERGY IN THE SKYRME FUNCTIONAL              *
*                                                                             *
*******************************************************************************
*                                                                             *
*                 TOTAL(T)        SUM(S)        ISOSCALAR(P)  ISOVECTOR(M)    *
*                 --------        ------        ------------  ------------    *
*    ERHO_ =   -17464.717206   5309.171052     -12206.944509     51.398355    *
*    ERHOD =     9074.917863  -2304.521208       6791.529942    -21.133287    *
*    ELPR_ =     -550.093619    811.033588        255.087805      5.852164    *
*    ETAU_ =      552.923288   -408.743100        150.425914     -6.245726    *
*    ESCU_ =        0.000000      0.000000          0.000000      0.000000    *
*    EDIV_ =      -26.052859    -62.304610        -87.434367     -0.923103    *
*               ============  ============      ============  ============    *
*    SUM EVEN:  -8413.022533   3344.635722      -5097.335215     28.948404    *
*                                                                             *
*    ESPI_ =        0.000000      0.000000          0.000000      0.000000    *
*    ESPID =        0.000000      0.000000          0.000000      0.000000    *
*    ELPS_ =        0.000000      0.000000          0.000000      0.000000    *
*    ECUR_ =        0.000000      0.000000          0.000000      0.000000    *
*    EKIS_ =        0.000000      0.000000          0.000000      0.000000    *
*    EROT_ =        0.000000      0.000000          0.000000      0.000000    *
*               ============  ============      ============  ============    *
*    SUM  ODD:      0.000000      0.000000          0.000000      0.000000    *
*                                                                             *
*******************************************************************************
 
*******************************************************************************
*                                                                             *
*  CENTER-OF-MASS COORDINATES IN FERMIS                                TOTAL  *
*                                                                             *
*  R_CMS =  1.4277     X_CMS = -0.0000    Y_CMS =  0.0000    Z_CMS =  1.4277  *
*                                                                             *
*******************************************************************************

*******************************************************************************
*                                                                             *
*  MULTIPOLE MOMENTS [UNITS:  (10 FERMI)^LAMBDA] [CENT-MASS FRAME]  NEUTRONS  *
*                                                                             *
*******************************************************************************
*                                                                             *
*  Q00 = 98.0000  .............  .............  .............  .............  *
*                                                                             *
*  Q10 =  0.1181  Q11 =    ZERO  .............  .............  .............  *
*                                                                             *
*  Q20 =183.1928  Q21 =    ZERO  Q22 =  0.0026  .............  .............  *
*                                                                             *
*  Q30 =  3.6978  Q31 =    ZERO  Q32 = -0.0016  Q33 =    ZERO  .............  *
*                                                                             *
*  Q40 =100.9999  Q41 =    ZERO  Q42 =  0.0033  Q43 =    ZERO  Q44 = 9.7E-09  *
*                                                                             *
*******************************************************************************

*******************************************************************************
*                                                                             *
*  BOHR DEFORMATIONS (FIRST-ORDER APPROXIMATION) [CENT-MASS FRAME]  NEUTRONS  *
*                                                                             *
*******************************************************************************
*                                                                             *
*  B10 =  0.0021  B11 =    ZERO  .............  .............  .............  *
*                                                                             *
*  B20 =  1.8344  B21 =    ZERO  B22 = 2.6E-05  .............  .............  *
*                                                                             *
*  B30 =  0.1012  B31 =    ZERO  B32 =-6.0E-05  B33 =    ZERO  .............  *
*                                                                             *
*  B40 =  2.3818  B41 =    ZERO  B42 = 1.1E-04  B43 =    ZERO  B44 = 3.2E-10  *
*                                                                             *
*******************************************************************************
*                                                                             *
*  BOHR DENSITY = 0.0150 FM^(-3)  BOHR RADIUS =  11.6030 FM                   *
*                                                                             *
*******************************************************************************

*******************************************************************************
*                                                                             *
*  MULTIPOLE MOMENTS [UNITS:  (10 FERMI)^LAMBDA] [CENT-MASS FRAME]   PROTONS  *
*                                                                             *
*******************************************************************************
*                                                                             *
*  Q00 = 78.0000  .............  .............  .............  .............  *
*                                                                             *
*  Q10 = -0.1181  Q11 =    ZERO  .............  .............  .............  *
*                                                                             *
*  Q20 =147.5586  Q21 =    ZERO  Q22 =  0.0020  .............  .............  *
*                                                                             *
*  Q30 =  2.8700  Q31 =    ZERO  Q32 = -0.0012  Q33 =    ZERO  .............  *
*                                                                             *
*  Q40 = 82.2908  Q41 =    ZERO  Q42 =  0.0026  Q43 =    ZERO  Q44 =-1.1E-08  *
*                                                                             *
*******************************************************************************

*******************************************************************************
*                                                                             *
*  BOHR DEFORMATIONS (FIRST-ORDER APPROXIMATION) [CENT-MASS FRAME]   PROTONS  *
*                                                                             *
*******************************************************************************
*                                                                             *
*  B10 = -0.0027  B11 =    ZERO  .............  .............  .............  *
*                                                                             *
*  B20 =  1.8428  B21 =    ZERO  B22 = 2.5E-05  .............  .............  *
*                                                                             *
*  B30 =  0.0976  B31 =    ZERO  B32 =-5.8E-05  B33 =    ZERO  .............  *
*                                                                             *
*  B40 =  2.4025  B41 =    ZERO  B42 = 1.1E-04  B43 =    ZERO  B44 =-4.5E-10  *
*                                                                             *
*******************************************************************************
*                                                                             *
*  BOHR DENSITY = 0.0118 FM^(-3)  BOHR RADIUS =  11.6458 FM                   *
*                                                                             *
*******************************************************************************

*******************************************************************************
*                                                                             *
*  EULER ANGLES OF THE PRINCIPAL-AXES FRAME IN DEGREES                 TOTAL  *
*                                                                             *
*  ALPHA =180.00000  BETA =  0.00000  GAMMA =  0.00000                        *
*                                                                             *
*******************************************************************************

*******************************************************************************
*                                                                             *
*  ROOT-MEAN-SQUARE AND GEOMETRIC SIZES IN FERMIS                      TOTAL  *
*                                                                             *
*  R_RMS = 10.3699     X_RMS =  1.9609    Y_RMS =  1.9606    Z_RMS =  9.9923  *
*                                                                             *
*  R_GEO = 13.3875     X_GEO =  4.3848    Y_GEO =  4.3839    Z_GEO = 22.3435  *
*                                                                             *
*******************************************************************************

*******************************************************************************
*                                                                             *
*  MULTIPOLE MOMENTS [UNITS:  (10 FERMI)^LAMBDA]                       TOTAL  *
*                                                                             *
*******************************************************************************
*                                                                             *
*  Q00 =176.0000  .............  .............  .............  .............  *
*                                                                             *
*  Q10 = 25.1279  Q11 =    ZERO  .............  .............  .............  *
*                                                                             *
*  Q20 =337.9265  Q21 =    ZERO  Q22 =  0.0047  .............  .............  *
*                                                                             *
*  Q30 = 59.8166  Q31 =    ZERO  Q32 = -0.0024  Q33 =    ZERO  .............  *
*                                                                             *
*  Q40 =204.7225  Q41 =    ZERO  Q42 =  0.0044  Q43 =    ZERO  Q44 =-1.2E-09  *
*                                                                             *
*******************************************************************************

*******************************************************************************
*                                                                             *
*  BOHR DEFORMATIONS (FIRST-ORDER APPROXIMATION)                       TOTAL  *
*                                                                             *
*******************************************************************************
*                                                                             *
*  B10 =  0.2183  B11 =    ZERO  .............  .............  .............  *
*                                                                             *
*  B20 =  1.4153  B21 =    ZERO  B22 = 2.0E-05  .............  .............  *
*                                                                             *
*  B30 =  0.5933  B31 =    ZERO  B32 =-3.3E-05  B33 =    ZERO  .............  *
*                                                                             *
*  B40 =  1.5168  B41 =    ZERO  B42 = 4.6E-05  B43 =    ZERO  B44 =    ZERO  *
*                                                                             *
*******************************************************************************
*                                                                             *
*  BOHR DENSITY = 0.0175 FM^(-3)  BOHR RADIUS =  13.3875 FM                   *
*                                                                             *
*******************************************************************************

*******************************************************************************
*                                                                             *
*  MULTIPOLE MOMENTS [UNITS:  (10 FERMI)^LAMBDA] [CENT-MASS FRAME]     TOTAL  *
*                                                                             *
*******************************************************************************
*                                                                             *
*  Q00 =176.0000  .............  .............  .............  .............  *
*                                                                             *
*  Q10 =    ZERO  Q11 =    ZERO  .............  .............  .............  *
*                                                                             *
*  Q20 =330.7514  Q21 =    ZERO  Q22 =  0.0047  .............  .............  *
*                                                                             *
*  Q30 =  6.5678  Q31 =    ZERO  Q32 = -0.0028  Q33 =    ZERO  .............  *
*                                                                             *
*  Q40 =183.2906  Q41 =    ZERO  Q42 =  0.0059  Q43 =    ZERO  Q44 =-1.2E-09  *
*                                                                             *
*******************************************************************************

*******************************************************************************
*                                                                             *
*  BOHR DEFORMATIONS (FIRST-ORDER APPROXIMATION) [CENT-MASS FRAME]     TOTAL  *
*                                                                             *
*******************************************************************************
*                                                                             *
*  B10 =    ZERO  B11 =    ZERO  .............  .............  .............  *
*                                                                             *
*  B20 =  1.8381  B21 =    ZERO  B22 = 2.6E-05  .............  .............  *
*                                                                             *
*  B30 =  0.0996  B31 =    ZERO  B32 =-5.9E-05  B33 =    ZERO  .............  *
*                                                                             *
*  B40 =  2.3911  B41 =    ZERO  B42 = 1.1E-04  B43 =    ZERO  B44 =    ZERO  *
*                                                                             *
*******************************************************************************
*                                                                             *
*  BOHR DENSITY = 0.0268 FM^(-3)  BOHR RADIUS =  11.6219 FM                   *
*                                                                             *
*******************************************************************************

*******************************************************************************
*                                                                             *
*  MULTIPOLE MOMENTS [UNITS:  (10 FERMI)^LAMBDA] [INTRINSIC FRAME]     TOTAL  *
*                                                                             *
*  REAL PART  FOR A NON-NEGATIVE PROJECTION                                   *
*  IMAGINARY PART FOR A NEGATIVE PROJECTION                                   *
*                                                                             *
*******************************************************************************
*                                                                             *
*  Q00 =176.0000  .............  .............  .............  .............  *
*                 .............  .............  .............  .............  *
*                                                                             *
*  Q10 =    ZERO  Q1+1=    ZERO  .............  .............  .............  *
*                 Q1-1=    ZERO  .............  .............  .............  *
*                                                                             *
*  Q20 =330.7514  Q2+1=    ZERO  Q2+2=  0.0047  .............  .............  *
*                 Q2-1=    ZERO  Q2-2=    ZERO  .............  .............  *
*                                                                             *
*  Q30 =  6.5678  Q3+1=    ZERO  Q3+2= -0.0028  Q3+3=    ZERO  .............  *
*                 Q3-1=    ZERO  Q3-2=    ZERO  Q3-3=    ZERO  .............  *
*                                                                             *
*  Q40 =183.2906  Q4+1=    ZERO  Q4+2=  0.0059  Q4+3=    ZERO  Q4+4=-1.2E-09  *
*                 Q4-1=    ZERO  Q4-2=    ZERO  Q4-3=    ZERO  Q4-4=    ZERO  *
*                                                                             *
*******************************************************************************

*******************************************************************************
*                                                                             *
*  BOHR DEFORMATIONS (FIRST-ORDER APPROXIMATION) [INTRINSIC FRAME]     TOTAL  *
*                                                                             *
*  REAL PART  FOR A NON-NEGATIVE PROJECTION                                   *
*  IMAGINARY PART FOR A NEGATIVE PROJECTION                                   *
*                                                                             *
*******************************************************************************
*                                                                             *
*  B10 =    ZERO  B1+1=    ZERO  .............  .............  .............  *
*                 B1-1=    ZERO  .............  .............  .............  *
*                                                                             *
*  B20 =  1.8381  B2+1=    ZERO  B2+2= 2.6E-05  .............  .............  *
*                 B2-1=    ZERO  B2-2=    ZERO  .............  .............  *
*                                                                             *
*  B30 =  0.0996  B3+1=    ZERO  B3+2=-5.9E-05  B3+3=    ZERO  .............  *
*                 B3-1=    ZERO  B3-2=    ZERO  B3-3=    ZERO  .............  *
*                                                                             *
*  B40 =  2.3911  B4+1=    ZERO  B4+2= 1.1E-04  B4+3=    ZERO  B4+4=    ZERO  *
*                 B4-1=    ZERO  B4-2=    ZERO  B4-3=    ZERO  B4-4=    ZERO  *
*                                                                             *
*******************************************************************************
*                                                                             *
*  BOHR DENSITY = 0.0268 FM^(-3)  BOHR RADIUS =  11.6219 FM                   *
*                                                                             *
*******************************************************************************

*******************************************************************************
*                                                                             *
*                                ENERGIES (MEV)                               *
*                                                                             *
*******************************************************************************
*                                                                             *
*  KINETIC: (NEU)=  1816.697932    (PRO)=  1320.360674    (TOT)=  3137.058606 *
*  SUM EPS: (NEU)= -1986.322641    (PRO)= -1177.724367    (TOT)= -3164.047008 *
*  PAIRING: (NEU)=    -1.561818    (PRO)=    -4.373992    (TOT)=    -5.935809 *
*  P-REARR: (NEU)=     0.394389    (PRO)=     1.163936    (TOT)=     1.558325 *
*                                                                             *
*  PAIRGAP: (NEU)=    -0.305930    (PRO)=     0.521820    THIS SPACE IS EMPTY *
*  E-FERMI: (NEU)=    -8.661856    (PRO)=    -4.555156    AND AWAITS  YOUR AD *
*                                                                             *
*  COULOMB: (DIR)=   594.951973    (EXC)=   -29.754823    (TOT)=   565.197151 *
*                                                                             *
*  CONSTR. (MULT)=   144.172035    SLOPE=   149.017655    CORR.=   -74.508828 *
*  CONSTR. (SURF)=     0.000000    SLOPE=     0.000000    CORR.=     0.000000 *
*  CONSTR. (SPIN)=     0.000000    SLOPE=     0.000000    CORR.=     0.000000 *
*  CONSTR. (ISOS)=     0.000000    SLOPE=     0.000000    CORR.=     0.000000 *
*                                                                             *
*  REARRANGEMENT ENERGY FROM THE SKYRME DENSITY-DEPENDENT TERMS=  1274.799048 *
*  ROUTHIAN= TOTAL ENERGY + MULTIPOLE AND (ISO)SPIN CONSTRAINTS= -1227.894829 *
*                                                                             *
*  SPIN-ORB (EVE)=   -88.357470    (ODD)=     0.000000    (TOT)=   -88.357470 *
*  SKYRME:  (EVE)= -5068.386811    (ODD)=     0.000000    (TOT)= -5068.386811 *
*                                                                             *
*  TOTAL:  (STAB)=   140.870034     (SP)= -1231.196830    (FUN)= -1372.066864 *
*                                                                             *
*******************************************************************************

*******************************************************************************
*                                                                             *
*  ITERATION RESTARTED FROM THE DISC, THE FOLLOWING FILE(S) READ:             *
*  ./restart/HFODD_00000063.REC                                        VER=19 *
*                                                                             *
*******************************************************************************
*                                                                             *
* CONVERGENCE REPORT                                                          *
*                                                                             *
*******************************************************************************
*                                                                             *
* ITER     ENERGY     STABILITY    Q_2    GAMMA   SPIN  OMEGA   ANGLE   EPAIR *
*                                                                             *
* 1847 -1372.066864  140.870034 330.751    0.00   0.00  0.000   0.000   -5.94 *
* 1848 -1183.343253  146.909234 427.274    0.00   0.00  0.000   0.000   -1.98 *

 //////////////////// MAXIMUM NUMBER OF ITERATIONS       ////////////////////
 //////////////////// EXCEEDED IN QUABCS                 ////////////////////

*******************************************************************************
*                                                                             *
*  PROCESSOR   EXECUTION  TIMES IN SUBROUTINES                                *
*  INCLUDING THEIR COMPLETE DOWN-CALLING TREES                                *
*                                                                             *
*******************************************************************************
*                                                                             *
*      954 => HFODD     415 => DENSHF    211 => RECORD    143 => DIAMAT       *
*                                                                             *
*      133 => HFBSIM     87 => QMULCM     40 => PAIMAC     27 => CANQUA       *
*                                                                             *
*        9 => AVEQUA      7 => SPAVER      5 => AVOBSE      4 => INTEGH       *
*                                                                             *
*        4 => INTSOR      3 => DENMAC      3 => INTEGD      3 => NILASP       *
*                                                                             *
*        2 => POWALL      2 => AVANGY      2 => INTMUL      1 => MOMETS       *
*                                                                             *
*        1 => BEGINC      1 => SKFILD      1 => INTMAS      0 => COUMAT       *
*                                                                             *
*        0 => INTCOU      0 => ROTAVR      0 => LINAVR      0 => DOBROY       *
*                                                                             *
*        0 => INTCEN      0 => SKPAIR      0 => INTKIN      0 => AVPARI       *
*                                                                             *
*        0 => QUABCS      0 => AVSIMP      0 => PAXMOM      0 => SHICOE       *
*                                                                             *
*        0 => MOMSIF      0 => MOMVMU      0 => MAGMOM      0 => SPIMOM       *
*                                                                             *
*        0 => SHIMOM      0 => SHISIF      0 => SHIMAG                        *
*                                                                             *
*******************************************************************************
*                                                                             *
*  NUMBERS OF CALLS TO SUBROUTINES                                            *
*                                                                             *
*******************************************************************************
*                                                                             *
*      113 => BEGINC     82 => INTMUL     30 => INTSOR     14 => SPAVER       *
*                                                                             *
*       11 => DIAMAT     10 => INTMAS     10 => INTCEN      9 => INTKIN       *
*                                                                             *
*        8 => AVEQUA      6 => PAXMOM      5 => INTEGH      5 => INTEGD       *
*                                                                             *
*        5 => HFBSIM      5 => QUABCS      4 => CANQUA      4 => AVPARI       *
*                                                                             *
*        4 => DENSHF      4 => DENMAC      4 => PAIMAC      4 => MOMETS       *
*                                                                             *
*        4 => MOMSIF      4 => MOMVMU      4 => MAGMOM      4 => SPIMOM       *
*                                                                             *
*        4 => LINAVR      4 => ROTAVR      4 => SHICOE      3 => RECORD       *
*                                                                             *
*        3 => COUMAT      3 => INTCOU      2 => AVANGY      2 => AVOBSE       *
*                                                                             *
*        2 => AVSIMP      2 => NILASP      2 => QMULCM      2 => SKFILD       *
*                                                                             *
*        2 => SKPAIR      2 => DOBROY      2 => SHIMOM      2 => SHISIF       *
*                                                                             *
*        2 => SHIMAG      1 => HFODD       1 => POWALL                        *
*                                                                             *
*******************************************************************************
*                                                                             *
*  EXECUTION ENDS ON 2016.08.26 AT 04:31:56.694                               *
*                                                                             *
*******************************************************************************
