*******************************************************************************
*                                                                             *
*                     P A R A L L E L    M O D E L                            *
*                                                                             *
*  SIMPLE MPI FRAMEWORK (1 COMMUNICATOR)    :  1 MPI PROCESS per HFODD TASK   *
*  MULTI-THREADING FRAMEWORK WITH OPENMP   :  4 THREADS per HFODD MPI PROCESS *
*                                                                             *
*******************************************************************************
*                                                                             *
*                        __  __ _____  ___   ____   ____                      *
*                       / / / // ___/.' _ \ / __ \ / __ \                     *
*                      / /_/ // /_  / / / // / / // / / /                     *
*                     / __  // __/ / / / // / / // / / /                      *
*                    / / / // /   / /_/ // /_/ // /_/ /                       *
*                   /_/ /_//_/    \___.'/____.'/____.'                        *
*                                                                             *
*                                                                             *
*******************************************************************************
*                                                                             *
*             SKYRME-HARTREE-FOCK-BOGOLYUBOV CODE VERSION: 2.77B              *
*                                                                             *
*              NO SYMMETRY-PLANES AND NO TIME-REVERSAL SYMMETRY               *
*                                                                             *
*                DEFORMED CARTESIAN HARMONIC-OSCILLATOR BASIS                 *
*                                                                             *
*******************************************************************************
*                                                                             *
*             J. DOBACZEWSKI, P. BACZYK, B.G. CARLSSON, J. DUDEK              *
*                 J. ENGEL, Y. GAO, M. KONIECZKA, T. LESINSKI                 *
*                 J. MCDONNELL, P. OLBRATOWSKI, P. POWALOWSKI                 *
*                  M. SADZIAK, J. SARICH, K. SATO, W. SATULA                  *
*             N. SCHUNCK,  J.A. SHEIKH, A. STASZCZAK, M. STOITSOV             *
*             P. TOIVANEN, X.B. WANG, M. ZALEWSKI AND H. ZDUNCZUK             *
*                                                                             *
*                   INSTYTUT FIZYKI TEORETYCZNEJ, WARSZAWA                    *
*                 LAWRENCE LIVERMORE NATIONAL LABORATORY, USA                 *
*                                                                             *
*                                  1993-2016                                  *
*                                                                             *
*******************************************************************************

*******************************************************************************
*                                                                             *
*  CODE COMPILED WITH THE FOLLOWING ARRAY DIMENSIONS AND SWITCHES:            *
*                                                                             *
*******************************************************************************
*                                                                             *
*  NDBASE = 1200  NDSTAT = 1200  NDXHRM =   40  NDYHRM =   40  NDZHRM =   64  *
*                                                                             *
*  NDMAIN =   30  NDMULT =    9  NDMULR =    4  NDLAMB =    9  NDITER = 5000  *
*                                                                             *
*  NDAKNO =    1  NDBKNO =    1  NDPROI =    2  NDCOUL =   80  NDPOLS =   25  *
*                                                                             *
*  NDATKN =   20  NDBTKN =   10  NDPROT =    1  NDPROD =    3                 *
*                                                                             *
*  IPARAL =    0  IPARAT =    0  I_CRAY =    0                                *
*                                                                             *
*                                                                             *
*  PRE-PROCESSOR OPTIONS:                                                     *
*                                                                             *
*       switch_port = 1     switch_diag = 3     switch_essl = 0               *
*                                                                             *
*                           switch_quad = 0     switch_vect = 1               *
*                                                                             *
*******************************************************************************
*                                                                             *
*  EXECUTION BEGINS ON 2016.09.06 AT 12:59:14.800                             *
*                                                                             *
*******************************************************************************
 
*******************************************************************************
*                                                                             *
*  CLASSICAL NUCLEAR SURFACE DEFINED FOR:                    N = 98   Z = 78  *
*                                                                             *
*******************************************************************************
*                                                                             *
*  AL10 =   ZERO  AL11 =   ZERO  .............  .............  .............  *
*                                                                             *
*  AL20 =  0.415  AL21 =   ZERO  AL22 =   ZERO  .............  .............  *
*                                                                             *
*******************************************************************************
*                                                                             *
*                                           HOMEGA=  8.2359  FCHOM0=  1.1257  *
*                                                                             *
*  OSCILLATOR FREQUENCIES: HBAROX=  9.3542  HBAROY=  9.3542  HBAROZ=  6.3844  *
*                                                                             *
*  MOMENTS OF INERTIA:     XMOMFC= 98.4869  YMOMFC= 98.4869  ZMOMFC= 62.5974  *
*                                                                             *
*  CENTERS OF MASS:        CMSXFC= -0.0000  CMSYFC= -0.0000  CMSZFC= -0.0000  *
*                                                                             *
*******************************************************************************

*******************************************************************************
*                                                                             *
*                           SKYRME FORCE DEFINITION                           *
*                                                                             *
*******************************************************************************
*                                                                             *
* PARAMETER SET HFB1:  T0= -1666.41  T1=   255.23  T2=  1521.28  T3= 12072.51 *
*                                                                             *
* POWER=0.37658031358  X0=  0.14608  X1= -4.82248  X2= -1.35211  X3=  0.00432 *
*                                                                             *
* IETA: J=0  W=1 CM=3  M=1  P=1  T=0 HBM= 20.73553 W0=  44.0677 W0P= 207.6502 *
*                                                                             *
*******************************************************************************

*******************************************************************************
*                                                                             *
*              COUPLING CONSTANTS DEFINING THE SKYRME FUNCTIONAL              *
*                                                                             *
*******************************************************************************
*                                                                             *
*                   TOTAL(T)        SUM(S)      ISOSCALAR(P)  ISOVECTOR(M)    *
*                   --------        ------      ------------  ------------    *
*    CRHO_ =     -894.060074    538.315575       -624.902286    269.157788    *
*    CRHOD =     1008.213640   -507.363897        754.531691   -253.681949    *
*    CLPR_ =       98.335311   -287.870148        -45.599763   -143.935074    *
*    CTAU_ =       33.156062    -48.271535          9.020295    -24.135768    *
*    CSCU_ =        0.000000      0.000000          0.000000      0.000000    *
*    CDIV_ =      -22.033840   -103.825096        -73.946388    -51.912548    *
*                                                                             *
*    CSPI_ =      -60.857026    416.601524        147.443736    208.300762    *
*    CSPID =        2.171385   -503.021127       -249.339179   -251.510564    *
*    CLPS_ =       51.110395     71.467295         86.844042     35.733647    *
*    CCUR_ =      -33.156062     48.271535         -9.020295     24.135768    *
*    CKIS_ =        0.000000      0.000000          0.000000      0.000000    *
*    CROT_ =      -22.033840   -103.825096        -73.946388    -51.912548    *
*                                                                             *
*******************************************************************************

*******************************************************************************
*                                                                             *
*                          NUCLEAR MATTER PROPERTIES                          *
*                                                                             *
*******************************************************************************
*                                                                             *
*     E = -15.8000  rho0 =   0.15625   K =  244.6682   Ms =    0.9364         *
*                   asym =  28.66820   L =   40.1091   Mv =    1.2498         *
*                                                                             *
*******************************************************************************

*******************************************************************************
*                                                                             *
*  PHYSICAL CONSTANTS:     H_BARC=197.32891000           HBCOE2=137.03602000  *
*                                                                             *
*                          XMASSN=938.90590000           XMASSP=938.27231000  *
*                                                                             *
*                          HBMASS= 20.73553000           HBMRPA= 20.73553000  *
*                                                                             *
*                          ECHAR2=  1.43997841           COULEX= -1.06350868  *
*                                                                             *
*******************************************************************************
*                                                                             *
*  OSCILLATOR LENGTHS:     X= 2.1056062      Y= 2.1056062       Z= 2.5487004  *
*                                                                             *
*  OSCILLATOR CONSTANTS:   X= 0.4749226      Y= 0.4749226       Z= 0.3923568  *
*                                                                             *
*  OSCILLATOR FREQUENCIES: X= 9.3541658      Y= 9.3541658       Z= 6.3844252  *
*                                                                             *
*******************************************************************************
*                                                                             *
*  BASIS CUT-OFF CONTROL PARAMETERS:  NXMAXX = 15  NYMAXX = 15  NZMAXX =  22  *
*                                                                             *
*                                     NXHERM = 36  NYHERM = 36  NZHERM =  60  *
*                                                                             *
*                                     NLIMIT=1140  LDBASE=1152  MCOUNT=29791  *
*                                                                             *
*                                     ENECUT= 800.0000      ELIMIT= 156.7185  *
*                                                                             *
*******************************************************************************

*******************************************************************************
*                                                                             *
*   SHAPE OF THE OSCILLATOR-BASIS DIAMOND    (THREE CONSECUTIVE PROJECTIONS)  *
*                                                                             *
*******************************************************************************
*                                                                             *
*        NX ===>>>  0  1  2  3  4  5  6  7  8  9 10 11 12 13 14 15            *
*        MAX.NY => 15 14 13 12 11 10  9  8  7  6  5  4  3  2  1  0            *
*                 ------------------------------------------------            *
*   NY= 0  (15)  | 22 21 19 18 16 15 13 12 10  9  7  6  5  3  2  0            *
*   NY= 1  (14)  | 21 19 18 16 15 13 12 10  9  7  6  5  3  2  0               *
*   NY= 2  (13)  | 19 18 16 15 13 12 10  9  7  6  5  3  2  0                  *
*   NY= 3  (12)  | 18 16 15 13 12 10  9  7  6  5  3  2  0                     *
*   NY= 4  (11)  | 16 15 13 12 10  9  7  6  5  3  2  0                        *
*   NY= 5  (10)  | 15 13 12 10  9  7  6  5  3  2  0                           *
*   NY= 6  ( 9)  | 13 12 10  9  7  6  5  3  2  0                              *
*   NY= 7  ( 8)  | 12 10  9  7  6  5  3  2  0                                 *
*   NY= 8  ( 7)  | 10  9  7  6  5  3  2  0                                    *
*   NY= 9  ( 6)  |  9  7  6  5  3  2  0                                       *
*   NY=10  ( 5)  |  7  6  5  3  2  0                                          *
*   NY=11  ( 4)  |  6  5  3  2  0                                             *
*   NY=12  ( 3)  |  5  3  2  0                                                *
*   NY=13  ( 2)  |  3  2  0                                                   *
*   NY=14  ( 1)  |  2  0                                                      *
*   NY=15  ( 0)  |  0                                                         *
*                                                                             *
*                                                                             *
*        NZ ===>>>  0  1  2  3  4  5  6  7  8  9 10 11 12 13 14 15 16 17 18   *
*        MAX.NY => 15 14 14 13 12 12 11 10  9  9  8  7  7  6  5  5  4  3  3   *
*                 ---------------------------------------------------------   *
*   NY= 0  (22)  | 15 14 14 13 12 12 11 10  9  9  8  7  7  6  5  5  4  3  3   *
*   NY= 1  (21)  | 14 13 13 12 11 11 10  9  8  8  7  6  6  5  4  4  3  2  2   *
*   NY= 2  (19)  | 13 12 12 11 10 10  9  8  7  7  6  5  5  4  3  3  2  1  1   *
*   NY= 3  (18)  | 12 11 11 10  9  9  8  7  6  6  5  4  4  3  2  2  1  0  0   *
*   NY= 4  (16)  | 11 10 10  9  8  8  7  6  5  5  4  3  3  2  1  1  0         *
*   NY= 5  (15)  | 10  9  9  8  7  7  6  5  4  4  3  2  2  1  0  0            *
*   NY= 6  (13)  |  9  8  8  7  6  6  5  4  3  3  2  1  1  0                  *
*   NY= 7  (12)  |  8  7  7  6  5  5  4  3  2  2  1  0  0                     *
*   NY= 8  (10)  |  7  6  6  5  4  4  3  2  1  1  0                           *
*   NY= 9  ( 9)  |  6  5  5  4  3  3  2  1  0  0                              *
*   NY=10  ( 7)  |  5  4  4  3  2  2  1  0                                    *
*   NY=11  ( 6)  |  4  3  3  2  1  1  0                                       *
*   NY=12  ( 5)  |  3  2  2  1  0  0                                          *
*   NY=13  ( 3)  |  2  1  1  0                                                *
*   NY=14  ( 2)  |  1  0  0                                                   *
*   NY=15  ( 0)  |  0                                                         *
*                                                                             *
*                                                                             *
*        NZ ===>>>  0  1  2  3  4  5  6  7  8  9 10 11 12 13 14 15 16 17 18   *
*        MAX.NX => 15 14 14 13 12 12 11 10  9  9  8  7  7  6  5  5  4  3  3   *
*                 ---------------------------------------------------------   *
*   NX= 0  (22)  | 15 14 14 13 12 12 11 10  9  9  8  7  7  6  5  5  4  3  3   *
*   NX= 1  (21)  | 14 13 13 12 11 11 10  9  8  8  7  6  6  5  4  4  3  2  2   *
*   NX= 2  (19)  | 13 12 12 11 10 10  9  8  7  7  6  5  5  4  3  3  2  1  1   *
*   NX= 3  (18)  | 12 11 11 10  9  9  8  7  6  6  5  4  4  3  2  2  1  0  0   *
*   NX= 4  (16)  | 11 10 10  9  8  8  7  6  5  5  4  3  3  2  1  1  0         *
*   NX= 5  (15)  | 10  9  9  8  7  7  6  5  4  4  3  2  2  1  0  0            *
*   NX= 6  (13)  |  9  8  8  7  6  6  5  4  3  3  2  1  1  0                  *
*   NX= 7  (12)  |  8  7  7  6  5  5  4  3  2  2  1  0  0                     *
*   NX= 8  (10)  |  7  6  6  5  4  4  3  2  1  1  0                           *
*   NX= 9  ( 9)  |  6  5  5  4  3  3  2  1  0  0                              *
*   NX=10  ( 7)  |  5  4  4  3  2  2  1  0                                    *
*   NX=11  ( 6)  |  4  3  3  2  1  1  0                                       *
*   NX=12  ( 5)  |  3  2  2  1  0  0                                          *
*   NX=13  ( 3)  |  2  1  1  0                                                *
*   NX=14  ( 2)  |  1  0  0                                                   *
*   NX=15  ( 0)  |  0                                                         *
*                                                                             *
*******************************************************************************

*******************************************************************************
*                                                                             *
* NUCLIDE: N =  98  Z =  78  NUMBER OF ITERATIONS = 1000   CONTINUATION? = 1  *
*                                                                             *
*******************************************************************************
*                                                                             *
* ITERATIONS WILL STOP WHEN THE STABILITY BECOMES LOWER THAN EPSITE=0.300000  *
*                                            FOR    5 CONSECUTIVE ITERATIONS  *
*                                                                             *
*******************************************************************************
*                                                                             *
* ITERATIONS WILL STOP WHEN THE PING-PONG DIVERGENCE OCCURS FOR EPSPNG=0.010  *
*                                DURING    5 PAIRS OF CONSECUTIVE ITERATIONS  *
*                                                                             *
*******************************************************************************
*                                                                             *
* ITERATIONS WILL STOP FOR CHAOTIC-DIVERGENCE CONDITION OCCURING   20  TIMES  *
*                                                                             *
*******************************************************************************
*                                                                             *
* SLOW-DOWN PARAMETERS:                                                       *
* TIME-EVEN = 0.85   TIME-ODD = 0.85   PAIRING = 0.85   LIPKIN-NOGAMI = 0.85  *
*                    LIP-MASS = 0.50   LIP-MOI = 0.50   LIPKIN-METHOD = 0.50  *
*                                                                             *
*******************************************************************************
*                                                                             *
* BROYDEN METHOD IS:  ON                                                      *
*                                                                             *
*    TRIGGERED ONLY WHEN STABILITY IS LOWER THAN :  1000.000 MEV              *
*    INITIAL SLOWING FACTOR (BEFORE TRIGGER)     :     0.85 (=SLOWEV)         *
*    BROYDEN SLOWING FACTOR (AFTER  TRIGGER)     :     0.40 (=1-ALPHAM)       *
*    NUMBER OF ITERATIONS RETAINED IN MEMORY     :    10                      *
*                                                                             *
*******************************************************************************
*                                                                             *
* DIRECT COULOMB TERMS SOLVED BY GREEN FUNCTION AND FOURIER TRANSFORM METHOD  *
* COULOMB PARAMETERS:  NUMCOU = 80  NUMETA = 79  BOUCOU = 20.0  FURMAX =0.25  *
*                                                                             *
*******************************************************************************
*                                                                             *
* EXCHANGE COULOMB TERMS TREATED BY THE SLATER APPROXIMATION                  *
*                                                                             *
*******************************************************************************
*                                                                             *
* MAXIMUM NUMBERS OF MULTIPOLE MOMENTS USED FOR THE CONSTRAINTS,    NMUCON=4  *
*                                           FOR THE COULOMB FIELD,  NMUCOU=4  *
*                                           FOR THE OUTPUT INFO,    NMUPRI=4  *
*                                                                             *
*******************************************************************************
*                                                                             *
* MULTIPOLE CONSTRAINTS: LAMBDA= 2  MIU= 0  MOMENT= 69.000  STIFFNESS= 0.500  *
*                        LAMBDA= 3  MIU= 0  MOMENT= 34.000  STIFFNESS= 0.500  *
*                                                                             *
*******************************************************************************
*                                                                             *
* LINEAR MULTIPOLE CONSTRAINTS: LAMBDA= 2  MIU= 0  LAGRANGE PAR. USED= 0.000  *
*                               LAMBDA= 3  MIU= 0  LAGRANGE PAR. USED= 0.000  *
*                                                                             *
*******************************************************************************
*                                                                             *
* THE LAGRANGE PARAMETERS OF THE LINEAR CONSTRAINTS ARE RE-ADJUSTED AT EACH   *
* ITERATION BY USING THE CRANKING APPROXIMATION OF THE RPA MATRIX             *
*                                                                             *
*******************************************************************************
*                                                                             *
* PRINTING THE RESULTS FOR THE FOLLOWING ITERATIONS:         THE  FIRST: YES  *
*                                                            THE MIDDLE:  NO  *
*                                                     AND/OR THE   LAST: YES  *
*                                                                             *
*******************************************************************************
*                                                                             *
* PRINTING THE MOMENTS, RADII, AND DEFORMATIONS FOR:           NEUTRONS: YES  *
*                                                              PROTONS : YES  *
*                                                              MASS    : YES  *
*                                                                             *
*******************************************************************************
*                                                                             *
* PRINTING THE MOMENTS, MOMENTA AND DEFORMATIONS IN THE INTRINSIC FRAME: YES  *
*                                                                             *
*******************************************************************************
*                                                                             *
* NILSSON LABELS OF SINGLE-PARTICLE STATES SHOWN WITH RESPECT TO THE: Z-AXIS  *
*                                                                             *
*******************************************************************************
*                                                                             *
* CALCULATIONS WITH THE HFB PAIRING CORRELATIONS                              *
*                                                                             *
*******************************************************************************
*                                                                             *
* CONTACT PAIRING INTERACTION:     V0        V1       RHO-SAT      POWER      *
*                    NEUTRONS:  -234.380   732.438     0.320     1.0000000    *
*                     PROTONS:  -260.437   813.866     0.320     1.0000000    *
*                                                                             *
*******************************************************************************
*                                                                             *
* CUTOFF ENERGY DEFINING THE ACTIVE HFB PAIRING SPACE=      60.000            *
*                                                                             *
*******************************************************************************
*                                                                             *
* CALCULATIONS WITH SIMPLEX SYMMETRY                                          *
*                                                                             *
*******************************************************************************
*                                                                             *
* CALCULATIONS WITH TIME-ODD SYMMETRIES:        T*SIMPLEX_X =>     CONSERVED  *
*                                               T*SIMPLEX_Y =>     CONSERVED  *
*                                               T*SIMPLEX_Z => NON CONSERVED  *
*                                                                             *
*******************************************************************************
*                                                                             *
* CALCULATIONS WITHOUT ROTATION                                               *
*                                                                             *
*******************************************************************************

*******************************************************************************
*                                                                             *
*  CALLING SUBROUTINE "RECORD" TO READ THE REPLAY FILE OBTAINED PREVIOUSLY    *
*  ./restart/HFODD_00000006.REC                                               *
*                                                                             *
*******************************************************************************

*******************************************************************************
*                                                                             *
*  SINGLE-QUASIPARTICLE PROPERTIES:                                NEUTRONS   *
*                                                                             *
*******************************************************************************
*                                                                             *
*  NO)   ENERGY   (S=+,S=-)       PARITY   V2QUAP   EEQUIV   DEQUIV   V_CORR  *
*                                                                             *
*  35)    9.630   (  0, 18)       -0.856  0.99848  -19.002    0.750  1.00042  *
*  36)    9.630   ( 18,  0)       -0.856  0.99848  -19.002    0.750  1.00042  *
*  37)    9.383   (  0, 19)       -0.028  0.99963  -18.778    0.363  1.00010  *
*  38)    9.383   ( 19,  0)       -0.028  0.99963  -18.778    0.363  1.00010  *
*  39)    8.626   (  0, 20)        0.108  0.98973  -17.850    1.739  1.00300  *
*  40)    8.626   ( 20,  0)        0.108  0.98973  -17.850    1.739  1.00300  *
*  41)    7.845   ( 21,  0)       -0.872  0.99560  -17.177    1.038  1.00134  *
*  42)    7.845   (  0, 21)       -0.872  0.99560  -17.177    1.038  1.00134  *
*  43)    7.681   ( 22,  0)        0.793  0.99812  -17.054    0.665  1.00058  *
*  44)    7.681   (  0, 22)        0.793  0.99812  -17.054    0.665  1.00058  *
*  45)    8.767   (  0, 23)       -0.009  0.92466  -16.847    4.628  1.02271  *
*  46)    8.767   ( 23,  0)       -0.009  0.92466  -16.847    4.628  1.02271  *
*  47)    6.937   ( 24,  0)        0.303  0.99201  -16.227    1.235  1.00258  *
*  48)    6.937   (  0, 24)        0.303  0.99201  -16.227    1.235  1.00258  *
*  49)    5.982   (  0, 25)        0.203  0.99876  -15.369    0.422  1.00043  *
*  50)    5.982   ( 25,  0)        0.203  0.99876  -15.369    0.422  1.00043  *
*  51)    5.412   ( 26,  0)        0.599  0.99536  -14.763    0.736  1.00166  *
*  52)    5.412   (  0, 26)        0.599  0.99536  -14.763    0.736  1.00166  *
*  53)    4.706   (  0, 27)       -0.086  0.99295  -14.041    0.787  1.00265  *
*  54)    4.706   ( 27,  0)       -0.086  0.99295  -14.041    0.787  1.00265  *
*  55)    3.852   ( 28,  0)       -0.823  0.99490  -13.214    0.549  1.00204  *
*  56)    3.852   (  0, 28)       -0.823  0.99490  -13.214    0.549  1.00204  *
*  57)    3.415   ( 29,  0)       -0.331  0.99664  -12.793    0.395  1.00139  *
*  58)    3.415   (  0, 29)       -0.331  0.99664  -12.793    0.395  1.00139  *
*  59)    3.241   ( 30,  0)        0.784  0.99105  -12.584    0.610  1.00375  *
*  60)    3.241   (  0, 30)        0.784  0.99105  -12.584    0.610  1.00375  *
*  61)    3.064   ( 31,  0)        0.342  0.99010  -12.404    0.607  1.00421  *
*  62)    3.064   (  0, 31)        0.342  0.99010  -12.404    0.607  1.00421  *
*  63)    2.901   (  0, 32)       -0.010  0.98626  -12.222    0.675  1.00593  *
*  64)    2.901   ( 32,  0)       -0.010  0.98626  -12.222    0.675  1.00593  *
*  65)    2.162   (  0, 33)        0.238  0.89806  -11.123    1.308  1.04987  *
*  66)    2.162   ( 33,  0)        0.238  0.89806  -11.123    1.308  1.04987  *
*  67)    1.506   ( 34,  0)       -0.758  0.96795  -10.811    0.530  1.01546  *
*  68)    1.506   (  0, 34)       -0.758  0.96795  -10.811    0.530  1.01546  *
*  69)    1.153   ( 35,  0)        0.874  0.94332  -10.424    0.533  1.02849  *
*  70)    1.153   (  0, 35)        0.874  0.94332  -10.424    0.533  1.02849  *
*  71)    0.528   ( 36,  0)       -0.303  0.10703   -8.986    0.327  3.05448  *
*  72)    0.528   (  0, 36)       -0.303  0.10703   -8.986    0.327  3.05448  *
*  73)    0.652   (  0, 37)        0.850  0.13859   -8.930    0.450  2.68234  *
*  74)    0.652   ( 37,  0)        0.850  0.13859   -8.930    0.450  2.68234  *
*  75)    1.175   ( 38,  0)        0.006  0.01227   -8.256    0.259  9.02351  *
*  76)    1.175   (  0, 38)        0.006  0.01227   -8.256    0.259  9.02351  *
*  77)    1.576   ( 39,  0)       -0.016  0.03068   -7.922    0.544  5.68879  *
*  78)    1.576   (  0, 39)       -0.016  0.03068   -7.922    0.544  5.68879  *
*  79)    2.040   ( 40,  0)        0.616  0.09047   -7.730    1.171  3.26761  *
*  80)    2.040   (  0, 40)        0.616  0.09047   -7.730    1.171  3.26761  *
*  81)    1.785   ( 41,  0)       -0.724  0.01799   -7.681    0.474  7.43298  *
*  82)    1.785   (  0, 41)       -0.724  0.01799   -7.681    0.474  7.43298  *
*  83)    2.290   (  0, 42)        0.215  0.01740   -7.191    0.599  7.52813  *
*  84)    2.290   ( 42,  0)        0.215  0.01740   -7.191    0.599  7.52813  *
*  85)    2.730   (  0, 43)       -0.518  0.00975   -6.725    0.536 10.04213  *
*  86)    2.730   ( 43,  0)       -0.518  0.00975   -6.725    0.536 10.04213  *
*  87)    2.899   ( 44,  0)        0.227  0.01141   -6.569    0.616  9.24227  *
*  88)    2.899   (  0, 44)        0.227  0.01141   -6.569    0.616  9.24227  *
*  89)    3.486   ( 45,  0)       -0.118  0.00735   -5.967    0.595 11.37914  *
*  90)    3.486   (  0, 45)       -0.118  0.00735   -5.967    0.595 11.37914  *
*  91)    3.550   (  0, 46)        0.002  0.00799   -5.908    0.632 10.85065  *
*  92)    3.550   ( 46,  0)        0.002  0.00799   -5.908    0.632 10.85065  *
*  93)    4.003   (  0, 47)        0.463  0.00384   -5.429    0.495 15.39742  *
*  94)    4.003   ( 47,  0)        0.463  0.00384   -5.429    0.495 15.39742  *
*  95)    4.174   ( 48,  0)        0.254  0.00186   -5.243    0.359 22.16445  *
*  96)    4.174   (  0, 48)        0.254  0.00186   -5.243    0.359 22.16445  *
*  97)    4.660   ( 49,  0)       -0.155  0.00781   -4.814    0.820  8.43756  *
*  98)    4.660   (  0, 49)       -0.155  0.00781   -4.814    0.820  8.43756  *
*  99)    5.230   (  0, 50)       -0.308  0.00323   -4.205    0.594  7.28856  *
* 100)    5.230   ( 50,  0)       -0.308  0.00323   -4.205    0.594  7.28856  *
* 101)    5.515   (  0, 51)        0.378  0.00297   -3.919    0.600  5.79161  *
* 102)    5.515   ( 51,  0)        0.378  0.00297   -3.919    0.600  5.79161  *
* 103)    6.248   ( 52,  0)       -0.158  0.00175   -3.175    0.522  3.87550  *
* 104)    6.248   (  0, 52)       -0.158  0.00175   -3.175    0.522  3.87550  *
* 105)    6.533   (  0, 53)        0.466  0.00726   -2.963    1.109  3.25906  *
* 106)    6.533   ( 53,  0)        0.466  0.00726   -2.963    1.109  3.25906  *
* 107)    7.009   (  0, 54)       -0.494  0.00447   -2.455    0.935  2.90750  *
* 108)    7.009   ( 54,  0)       -0.494  0.00447   -2.455    0.935  2.90750  *
* 109)    7.024   ( 55,  0)        0.183  0.00135   -2.396    0.516  2.96425  *
* 110)    7.024   (  0, 55)        0.183  0.00135   -2.396    0.516  2.96425  *
* 111)    8.689   ( 56,  0)       -0.031  0.07233   -1.969    4.502  1.81839  *
* 112)    8.689   (  0, 56)       -0.031  0.07233   -1.969    4.502  1.81839  *
* 113)    7.629   (  0, 57)        0.003  0.00172   -1.799    0.632  2.56325  *
* 114)    7.629   ( 57,  0)        0.003  0.00172   -1.799    0.632  2.56325  *
* 115)    7.817   ( 58,  0)        0.499  0.00040   -1.591    0.313  2.48691  *
* 116)    7.817   (  0, 58)        0.499  0.00040   -1.591    0.313  2.48691  *
* 117)    7.933   (  0, 59)        0.166  0.00027   -1.473    0.260  2.43546  *
* 118)    7.933   ( 59,  0)        0.166  0.00027   -1.473    0.260  2.43546  *
* 119)    8.265   (  0, 60)       -0.040  0.00221   -1.173    0.776  2.28586  *
* 120)    8.265   ( 60,  0)       -0.040  0.00221   -1.173    0.776  2.28586  *
* 121)    8.852   ( 61,  0)        0.003  0.00906   -0.709    1.678  2.06667  *
* 122)    8.852   (  0, 61)        0.003  0.00906   -0.709    1.678  2.06667  *
* 123)    9.570   (  0, 62)        0.498  0.00074    0.155    0.520  1.95353  *
* 124)    9.570   ( 62,  0)        0.498  0.00074    0.155    0.520  1.95353  *
* 125)    9.854   ( 63,  0)       -0.485  0.00074    0.438    0.535  1.90148  *
* 126)    9.854   (  0, 63)       -0.485  0.00074    0.438    0.535  1.90148  *
* 127)    9.903   ( 64,  0)       -0.114  0.00078    0.486    0.553  1.89286  *
* 128)    9.903   (  0, 64)       -0.114  0.00078    0.486    0.553  1.89286  *
* 129)    9.922   (  0, 65)        0.432  0.00079    0.505    0.556  1.88957  *
* 130)    9.922   ( 65,  0)        0.432  0.00079    0.505    0.556  1.88957  *
*                                                                             *
*1512)   TOTAL=  ( 756, 756)                                                  *
*                                                                             *
*******************************************************************************

*******************************************************************************
*                                                                             *
*  SINGLE-PARTICLE PROPERTIES: CANONICAL                           NEUTRONS   *
*                                                                             *
*******************************************************************************
*                                                                             *
*  NO)   ENERGY   (S=+,S=-)   | N,nz,lz,OMEz>   <P>    <JY>    <SY>   GFACT   *
*                                                                             *
*  31)  -11.886   ( 31,---)   | 2, 0, 2, 5/2>    62   0.000   0.000   0.012   *
*  32)  -11.410   ( 32,---)   | 2, 0, 2, 3/2>    37   0.024  -0.009  -0.370   *
*  33)  -10.843   ( 33,---)   | 9, 8, 1, 1/2>   -12  -0.677  -0.175   0.258   *
*  34)  -10.599   ( 34,---)   | 2, 0, 0, 1/2>    18  -0.834  -0.329   0.395   *
*  35)  -10.531   ( 35,---)   | 6, 3, 3, 7/2>    95   0.000  -0.000  -0.152   *
*  36)  -10.056   ( 36,---)   |10, 9, 1, 3/2>    19   0.317   0.003   0.011   *
*  37)   -9.668   ( 37,---)   | 9, 7, 2, 5/2>    16   0.000   0.000   0.125   *
*  38)   -9.240   ( 38,---)   | 4, 3, 1, 3/2>    39  -0.016  -0.001   0.080   *
*  39)   -9.112   ( 39,---)   | 5, 2, 3, 7/2>   -60  -0.000  -0.000   0.067   *
*  40)   -8.822   ( 40,---)   | 6, 3, 3, 5/2>    -5  -0.000  -0.000   0.399   *
*  41)   -8.495   ( 41,---)   | 3, 1, 0, 1/2>   -15   0.127  -0.307  -2.420   *
*  42)   -8.209   ( 42,---)   | 5, 2, 1, 1/2>     2  -0.739  -0.250   0.338   *
*  43)   -7.614   ( 43,---)   | 5, 3, 2, 3/2>     7   0.006   0.001   0.110   *
*  44)   -7.430   ( 44,---)   |10, 8, 0, 1/2>    72  -0.544  -0.276   0.508   *
*  45)   -7.199   ( 45,---)   | 2, 0, 2, 5/2>   -21  -0.000  -0.000   0.522   *
*  46)   -7.105   ( 46,---)   | 3, 1, 2, 3/2>   -23   0.000  -0.000  -0.973   *
*  47)   -6.902   ( 47,---)   | 4, 2, 0, 1/2>    59  -0.410  -0.302   0.738   *
*  48)   -6.663   ( 48,---)   | 7, 4, 3, 7/2>   -47  -0.000   0.000  -0.021   *
*  49)   -4.304   ( 49,---)   | 6, 3, 1, 3/2>    18  -0.000   0.000  -0.385   *
*  50)   -4.281   ( 50,---)   |11,10, 1, 3/2>   -82  -0.000  -0.000   1.537   *
*  51)   -3.028   ( 51,---)   |11, 9, 0, 1/2>   -57  -0.703  -0.318   0.452   *
*  52)   -2.532   ( 52,---)   | 8, 5, 1, 1/2>    33  -0.427  -0.169   0.396   *
*  53)   -2.478   ( 53,---)   |10, 8, 2, 5/2>    75   0.000  -0.000  -2.009   *
*  54)   -1.960   ( 54,---)   |12,12, 0, 1/2>    49  -0.726  -0.298   0.411   *
*  55)   -1.444   ( 55,---)   | 3, 0, 1, 3/2>   -15   0.000   0.000  1.E+01   *
*  56)   -1.321   ( 56,---)   | 7, 3, 4, 9/2>     0  -0.000  -0.000   6.235   *
*  57)   -0.027   ( 57,---)   | 6, 3, 3, 5/2>    -9  -0.000  -0.000  9.E+01   *
*                                                                             *
*******************************************************************************

*******************************************************************************
*                                                                             *
*  HFB PAIRING PROPERTIES                                           NEUTRONS  *
*                                                                             *
*  STRENGTH= 0.0096   GAP= 0.4838   FERMI ENERGY= -4.7217   ENERGY= -24.2579  *
*                                                                             *
*******************************************************************************

*******************************************************************************
*                                                                             *
*  MULTIPOLE MOMENTS [UNITS:  (10 FERMI)^LAMBDA]                    NEUTRONS  *
*                                                                             *
*******************************************************************************
*                                                                             *
*  Q00 = 98.0000  .............  .............  .............  .............  *
*                                                                             *
*  Q10 = -6.4089  Q11 =    ZERO  .............  .............  .............  *
*                                                                             *
*  Q20 = 79.0959  Q21 =    ZERO  Q22 =  0.0038  .............  .............  *
*                                                                             *
*  Q30 =  0.1517  Q31 =    ZERO  Q32 = -0.0011  Q33 =    ZERO  .............  *
*                                                                             *
*  Q40 = 19.0445  Q41 =    ZERO  Q42 =  0.0015  Q43 =    ZERO  Q44 = 9.8E-06  *
*                                                                             *
*******************************************************************************

*******************************************************************************
*                                                                             *
*  ROOT-MEAN-SQUARE AND GEOMETRIC SIZES IN FERMIS                   NEUTRONS  *
*                                                                             *
*  R_RMS =  7.2893     X_RMS =  2.0642    Y_RMS =  2.0636    Z_RMS =  6.6794  *
*                                                                             *
*  R_GEO =  9.4105     X_GEO =  4.6156    Y_GEO =  4.6144    Z_GEO = 14.9356  *
*                                                                             *
*******************************************************************************

*******************************************************************************
*                                                                             *
*  BOHR DEFORMATIONS (FIRST-ORDER APPROXIMATION)                    NEUTRONS  *
*                                                                             *
*******************************************************************************
*                                                                             *
*  B10 = -0.1422  B11 =    ZERO  .............  .............  .............  *
*                                                                             *
*  B20 =  1.2041  B21 =    ZERO  B22 = 5.7E-05  .............  .............  *
*                                                                             *
*  B30 =  0.0078  B31 =    ZERO  B32 =-8.1E-05  B33 =    ZERO  .............  *
*                                                                             *
*  B40 =  1.0380  B41 =    ZERO  B42 = 1.1E-04  B43 =    ZERO  B44 = 7.5E-07  *
*                                                                             *
*******************************************************************************
*                                                                             *
*  BOHR DENSITY = 0.0281 FM^(-3)  BOHR RADIUS =   9.4105 FM                   *
*                                                                             *
*******************************************************************************

*******************************************************************************
*                                                                             *
*  SINGLE-QUASIPARTICLE PROPERTIES:                                 PROTONS   *
*                                                                             *
*******************************************************************************
*                                                                             *
*  NO)   ENERGY   (S=+,S=-)       PARITY   V2QUAP   EEQUIV   DEQUIV   V_CORR  *
*                                                                             *
*  35)    8.357   (  0, 18)       -0.774  0.99790  -11.742    0.765  1.00047  *
*  36)    8.357   ( 18,  0)       -0.774  0.99790  -11.742    0.765  1.00047  *
*  37)    8.446   ( 19,  0)       -0.021  0.96028  -11.196    3.299  1.00905  *
*  38)    8.446   (  0, 19)       -0.021  0.96028  -11.196    3.299  1.00905  *
*  39)    7.698   (  0, 20)       -0.097  0.99854  -11.096    0.588  1.00035  *
*  40)    7.698   ( 20,  0)       -0.097  0.99854  -11.096    0.588  1.00035  *
*  41)    7.585   ( 21,  0)        0.084  0.99941  -10.996    0.367  1.00014  *
*  42)    7.585   (  0, 21)        0.084  0.99941  -10.996    0.367  1.00014  *
*  43)    6.525   (  0, 22)       -0.866  0.99846   -9.926    0.512  1.00040  *
*  44)    6.525   ( 22,  0)       -0.866  0.99846   -9.926    0.512  1.00040  *
*  45)    6.362   ( 23,  0)        0.804  0.99106   -9.668    1.198  1.00238  *
*  46)    6.362   (  0, 23)        0.804  0.99106   -9.668    1.198  1.00238  *
*  47)    5.316   ( 24,  0)        0.305  0.99867   -8.722    0.388  1.00039  *
*  48)    5.316   (  0, 24)        0.305  0.99867   -8.722    0.388  1.00039  *
*  49)    4.599   (  0, 25)        0.241  0.99636   -7.985    0.554  1.00114  *
*  50)    4.599   ( 25,  0)        0.241  0.99636   -7.985    0.554  1.00114  *
*  51)    4.069   ( 26,  0)        0.569  0.99426   -7.442    0.615  1.00190  *
*  52)    4.069   (  0, 26)        0.569  0.99426   -7.442    0.615  1.00190  *
*  53)    3.935   ( 27,  0)       -0.011  0.99400   -7.308    0.608  1.00202  *
*  54)    3.935   (  0, 27)       -0.011  0.99400   -7.308    0.608  1.00202  *
*  55)    2.160   ( 28,  0)       -0.329  0.98124   -5.499    0.586  1.00778  *
*  56)    2.160   (  0, 28)       -0.329  0.98124   -5.499    0.586  1.00778  *
*  57)    2.396   ( 29,  0)       -0.869  0.92522   -5.458    1.260  1.03154  *
*  58)    2.396   (  0, 29)       -0.869  0.92522   -5.458    1.260  1.03154  *
*  59)    1.787   ( 30,  0)        0.812  0.97878   -5.131    0.515  1.00922  *
*  60)    1.787   (  0, 30)        0.812  0.97878   -5.131    0.515  1.00922  *
*  61)    1.519   (  0, 31)        0.245  0.98889   -4.906    0.319  1.00494  *
*  62)    1.519   ( 31,  0)        0.245  0.98889   -4.906    0.319  1.00494  *
*  63)    1.305   ( 32,  0)       -0.007  0.99063   -4.701    0.251  1.00427  *
*  64)    1.305   (  0, 32)       -0.007  0.99063   -4.701    0.251  1.00427  *
*  65)    0.805   ( 33,  0)        0.265  0.96606   -4.171    0.292  1.01661  *
*  66)    0.805   (  0, 33)        0.265  0.96606   -4.171    0.292  1.01661  *
*  67)    0.413   ( 34,  0)       -0.715  0.45146   -3.380    0.411  1.48452  *
*  68)    0.413   (  0, 34)       -0.715  0.45146   -3.380    0.411  1.48452  *
*  69)    0.716   (  0, 35)        0.815  0.06524   -2.798    0.353  3.90344  *
*  70)    0.716   ( 35,  0)        0.815  0.06524   -2.798    0.353  3.90344  *
*  71)    2.134   (  0, 36)       -0.682  0.07472   -1.605    1.122  3.36976  *
*  72)    2.134   ( 36,  0)       -0.682  0.07472   -1.605    1.122  3.36976  *
*  73)    2.147   (  0, 37)        0.529  0.02190   -1.367    0.628  6.41948  *
*  74)    2.147   ( 37,  0)        0.529  0.02190   -1.367    0.628  6.41948  *
*  75)    2.696   ( 38,  0)       -0.000  0.00930   -0.774    0.518  8.82570  *
*  76)    2.696   (  0, 38)       -0.000  0.00930   -0.774    0.518  8.82570  *
*  77)    2.703   (  0, 39)       -0.272  0.00482   -0.743    0.374 12.56726  *
*  78)    2.703   ( 39,  0)       -0.272  0.00482   -0.743    0.374 12.56726  *
*  79)    3.322   ( 40,  0)        0.011  0.00723   -0.146    0.563  5.59467  *
*  80)    3.322   (  0, 40)        0.011  0.00723   -0.146    0.563  5.59467  *
*  81)    3.403   ( 41,  0)       -0.542  0.00466   -0.049    0.463  5.59238  *
*  82)    3.403   (  0, 41)       -0.542  0.00466   -0.049    0.463  5.59238  *
*  83)    3.677   ( 42,  0)        0.229  0.00216    0.240    0.341  4.53674  *
*  84)    3.677   (  0, 42)        0.229  0.00216    0.240    0.341  4.53674  *
*  85)    4.308   (  0, 43)        0.367  0.00376    0.855    0.527  2.98054  *
*  86)    4.308   ( 43,  0)        0.367  0.00376    0.855    0.527  2.98054  *
*  87)    4.327   ( 44,  0)       -0.556  0.00253    0.884    0.435  2.98429  *
*  88)    4.327   (  0, 44)       -0.556  0.00253    0.884    0.435  2.98429  *
*  89)    4.861   ( 45,  0)       -0.444  0.00153    1.426    0.380  2.46829  *
*  90)    4.861   (  0, 45)       -0.444  0.00153    1.426    0.380  2.46829  *
*  91)    5.466   (  0, 46)       -0.244  0.00052    2.040    0.250  2.13190  *
*  92)    5.466   ( 46,  0)       -0.244  0.00052    2.040    0.250  2.13190  *
*  93)    5.571   ( 47,  0)        0.749  0.00187    2.129    0.482  2.07955  *
*  94)    5.571   (  0, 47)        0.749  0.00187    2.129    0.482  2.07955  *
*  95)    5.983   ( 48,  0)        0.618  0.00212    2.538    0.550  1.93505  *
*  96)    5.983   (  0, 48)        0.618  0.00212    2.538    0.550  1.93505  *
*  97)    6.770   (  0, 49)        0.687  0.00613    3.267    1.057  1.73523  *
*  98)    6.770   ( 49,  0)        0.687  0.00613    3.267    1.057  1.73523  *
*  99)    7.250   (  0, 50)        0.359  0.00233    3.796    0.698  1.66386  *
* 100)    7.250   ( 50,  0)        0.359  0.00233    3.796    0.698  1.66386  *
* 101)    8.365   (  0, 51)       -0.038  0.03924    4.288    3.248  1.47911  *
* 102)    8.365   ( 51,  0)       -0.038  0.03924    4.288    3.248  1.47911  *
* 103)    7.931   (  0, 52)       -0.015  0.00159    4.486    0.632  1.57563  *
* 104)    7.931   ( 52,  0)       -0.015  0.00159    4.486    0.632  1.57563  *
* 105)    8.480   ( 53,  0)       -0.491  0.00132    5.038    0.615  1.51948  *
* 106)    8.480   (  0, 53)       -0.491  0.00132    5.038    0.615  1.51948  *
* 107)    8.937   ( 54,  0)       -0.398  0.00159    5.488    0.713  1.47993  *
* 108)    8.937   (  0, 54)       -0.398  0.00159    5.488    0.713  1.47993  *
* 109)    9.337   (  0, 55)        0.037  0.00068    5.904    0.487  1.45113  *
* 110)    9.337   ( 55,  0)        0.037  0.00068    5.904    0.487  1.45113  *
* 111)    9.550   ( 56,  0)        0.008  0.00015    6.127    0.233  1.43724  *
* 112)    9.550   (  0, 56)        0.008  0.00015    6.127    0.233  1.43724  *
* 113)    9.599   (  0, 57)       -0.181  0.00020    6.175    0.272  1.43400  *
* 114)    9.599   ( 57,  0)       -0.181  0.00020    6.175    0.272  1.43400  *
* 115)    9.850   (  0, 58)        0.086  0.00070    6.416    0.521  1.41785  *
* 116)    9.850   ( 58,  0)        0.086  0.00070    6.416    0.521  1.41785  *
*                                                                             *
*1266)   TOTAL=  ( 633, 633)                                                  *
*                                                                             *
*******************************************************************************

*******************************************************************************
*                                                                             *
*  SINGLE-PARTICLE PROPERTIES: CANONICAL                            PROTONS   *
*                                                                             *
*******************************************************************************
*                                                                             *
*  NO)   ENERGY   (S=+,S=-)   | N,nz,lz,OMEz>   <P>    <JY>    <SY>   GFACT   *
*                                                                             *
*  18)  -11.933   ( 18,---)   | 5, 3, 0, 1/2>    -5  -0.887  -0.427   0.482   *
*  19)  -11.840   ( 19,---)   | 7, 5, 2, 5/2>    -4  -0.000  -0.000   0.490   *
*  20)  -11.436   ( 20,---)   | 6, 4, 0, 1/2>    11  -0.942  -0.329   0.349   *
*  21)  -10.972   ( 21,---)   | 4, 2, 2, 3/2>    17  -0.009   0.001  -0.072   *
*  22)  -10.341   ( 22,---)   | 3, 2, 1, 1/2>   -78   0.334  -0.214  -0.640   *
*  23)   -9.217   ( 23,---)   | 2, 1, 1, 1/2>    21  -0.246  -0.318   1.289   *
*  24)   -9.012   ( 24,---)   | 4, 3, 1, 3/2>    46  -0.003  -0.000   0.123   *
*  25)   -8.695   ( 25,---)   | 2, 0, 2, 5/2>    46  -0.000  -0.000   0.281   *
*  26)   -8.267   ( 26,---)   | 8, 6, 2, 3/2>    34  -0.008   0.001  -0.072   *
*  27)   -6.904   ( 27,---)   | 4, 2, 2, 3/2>    12   0.008   0.001   0.084   *
*  28)   -6.895   ( 28,---)   | 7, 5, 0, 1/2>    10  -0.542  -0.459   0.847   *
*  29)   -5.846   ( 29,---)   |10,10, 0, 1/2>    51  -0.973  -0.374   0.385   *
*  30)   -5.582   ( 30,---)   | 5, 4, 1, 3/2>   -87   0.002   0.001   0.557   *
*  31)   -4.906   ( 31,---)   |11,10, 1, 1/2>   -43  -0.415  -0.172   0.416   *
*  32)   -4.701   ( 32,---)   | 6, 3, 3, 7/2>    -3  -0.000  -0.000   0.025   *
*  33)   -4.491   ( 33,---)   | 2, 0, 0, 1/2>    88  -0.093  -0.391   4.208   *
*  34)   -4.438   ( 34,---)   | 2, 0, 2, 5/2>    -4   0.000  -0.000  -4.386   *
*  35)   -3.883   ( 35,---)   | 4, 2, 2, 5/2>    45   0.000  -0.000  -0.526   *
*  36)   -1.819   ( 36,---)   | 3, 1, 0, 1/2>   -64  -0.322  -0.427   1.323   *
*  37)   -1.169   ( 37,---)   | 6, 3, 1, 3/2>    40  -0.008  -0.005   0.683   *
*  38)   -0.917   ( 38,---)   | 3, 1, 2, 3/2>   -34  -0.003   0.001  -0.164   *
*  39)   -0.703   ( 39,---)   | 7, 4, 3, 7/2>     3  -0.000  -0.000   0.055   *
*  40)   -0.156   ( 40,---)   | 3, 1, 2, 3/2>    26  -0.000  -0.001   1.889   *
*                                                                             *
*******************************************************************************

*******************************************************************************
*                                                                             *
*  HFB PAIRING PROPERTIES                                            PROTONS  *
*                                                                             *
*  STRENGTH= 0.0192   GAP=-0.4040   FERMI ENERGY= -0.5141   ENERGY=  -8.4851  *
*                                                                             *
*******************************************************************************

*******************************************************************************
*                                                                             *
*  MULTIPOLE MOMENTS [UNITS:  (10 FERMI)^LAMBDA]                     PROTONS  *
*                                                                             *
*******************************************************************************
*                                                                             *
*  Q00 = 78.0000  .............  .............  .............  .............  *
*                                                                             *
*  Q10 =  0.2413  Q11 =    ZERO  .............  .............  .............  *
*                                                                             *
*  Q20 = 64.7467  Q21 =    ZERO  Q22 =  0.0038  .............  .............  *
*                                                                             *
*  Q30 =  2.2008  Q31 =    ZERO  Q32 =-1.1E-04  Q33 =    ZERO  .............  *
*                                                                             *
*  Q40 = 15.9840  Q41 =    ZERO  Q42 =  0.0018  Q43 =    ZERO  Q44 =-1.0E-07  *
*                                                                             *
*******************************************************************************

*******************************************************************************
*                                                                             *
*  ROOT-MEAN-SQUARE AND GEOMETRIC SIZES IN FERMIS                    PROTONS  *
*                                                                             *
*  R_RMS =  7.2999     X_RMS =  1.9823    Y_RMS =  1.9816    Z_RMS =  6.7404  *
*                                                                             *
*  R_GEO =  9.4242     X_GEO =  4.4327    Y_GEO =  4.4311    Z_GEO = 15.0719  *
*                                                                             *
*******************************************************************************

*******************************************************************************
*                                                                             *
*  BOHR DEFORMATIONS (FIRST-ORDER APPROXIMATION)                     PROTONS  *
*                                                                             *
*******************************************************************************
*                                                                             *
*  B10 =  0.0067  B11 =    ZERO  .............  .............  .............  *
*                                                                             *
*  B20 =  1.2347  B21 =    ZERO  B22 = 7.2E-05  .............  .............  *
*                                                                             *
*  B30 =  0.1412  B31 =    ZERO  B32 =-1.0E-05  B33 =    ZERO  .............  *
*                                                                             *
*  B40 =  1.0882  B41 =    ZERO  B42 = 1.7E-04  B43 =    ZERO  B44 =-9.8E-09  *
*                                                                             *
*******************************************************************************
*                                                                             *
*  BOHR DENSITY = 0.0222 FM^(-3)  BOHR RADIUS =   9.4242 FM                   *
*                                                                             *
*******************************************************************************

*******************************************************************************
*                                                                             *
*                  DENSITY INTEGRALS IN THE SKYRME FUNCTIONAL                 *
*                                                                             *
*******************************************************************************
*                                                                             *
*                   TOTAL(T)        SUM(S)      ISOSCALAR(P)  ISOVECTOR(M)    *
*                   --------        ------      ------------  ------------    *
*    DRHO_ =       24.386173     12.351218         24.386173      0.316264    *
*    DRHOD =       12.172681      6.161306         12.172681      0.149930    *
*    DLPR_ =       -7.053666     -3.588900         -7.053666     -0.124134    *
*    DTAU_ =       23.730708     12.082120         23.730708      0.433533    *
*    DSCU_ =        0.208079      0.113085          0.208079      0.018092    *
*    DDIV_ =        1.384486      0.692660          1.384486      0.000834    *
*                                                                             *
*    DSPI_ =        0.000000      0.000000          0.000000      0.000000    *
*    DSPID =        0.000000      0.000000          0.000000      0.000000    *
*    DLPS_ =        0.000000      0.000000          0.000000      0.000000    *
*    DCUR_ =        0.000000      0.000000          0.000000      0.000000    *
*    DKIS_ =        0.000000      0.000000          0.000000      0.000000    *
*    DROT_ =        0.000000      0.000000          0.000000      0.000000    *
*                                                                             *
*******************************************************************************

*******************************************************************************
*                                                                             *
*               CONTRIBUTIONS TO ENERGY IN THE SKYRME FUNCTIONAL              *
*                                                                             *
*******************************************************************************
*                                                                             *
*                 TOTAL(T)        SUM(S)        ISOSCALAR(P)  ISOVECTOR(M)    *
*                 --------        ------        ------------  ------------    *
*    ERHO_ =   -21802.703295   6648.853082     -15238.975022     85.124810    *
*    ERHOD =    12272.663407  -3126.023997       9184.673873    -38.034463    *
*    ELPR_ =     -693.624444   1033.137244        321.645500     17.867300    *
*    ETAU_ =      786.816838   -583.222501        214.057980    -10.463643    *
*    ESCU_ =        0.000000      0.000000          0.000000      0.000000    *
*    EDIV_ =      -30.505534    -71.915471       -102.377708     -0.043297    *
*               ============  ============      ============  ============    *
*    SUM EVEN:  -9467.353028   3900.828357      -5620.975378     54.450707    *
*                                                                             *
*    ESPI_ =        0.000000      0.000000          0.000000      0.000000    *
*    ESPID =        0.000000      0.000000          0.000000      0.000000    *
*    ELPS_ =        0.000000      0.000000          0.000000      0.000000    *
*    ECUR_ =        0.000000      0.000000          0.000000      0.000000    *
*    EKIS_ =        0.000000      0.000000          0.000000      0.000000    *
*    EROT_ =        0.000000      0.000000          0.000000      0.000000    *
*               ============  ============      ============  ============    *
*    SUM  ODD:      0.000000      0.000000          0.000000      0.000000    *
*                                                                             *
*******************************************************************************
 
*******************************************************************************
*                                                                             *
*  CENTER-OF-MASS COORDINATES IN FERMIS                                TOTAL  *
*                                                                             *
*  R_CMS =  0.3504     X_CMS =  0.0000    Y_CMS =  0.0000    Z_CMS = -0.3504  *
*                                                                             *
*******************************************************************************

*******************************************************************************
*                                                                             *
*  MULTIPOLE MOMENTS [UNITS:  (10 FERMI)^LAMBDA] [CENT-MASS FRAME]  NEUTRONS  *
*                                                                             *
*******************************************************************************
*                                                                             *
*  Q00 = 98.0000  .............  .............  .............  .............  *
*                                                                             *
*  Q10 = -2.9747  Q11 =    ZERO  .............  .............  .............  *
*                                                                             *
*  Q20 = 78.4382  Q21 =    ZERO  Q22 =  0.0038  .............  .............  *
*                                                                             *
*  Q30 =  3.2403  Q31 =    ZERO  Q32 = -0.0010  Q33 =    ZERO  .............  *
*                                                                             *
*  Q40 = 19.3144  Q41 =    ZERO  Q42 =  0.0013  Q43 =    ZERO  Q44 = 9.8E-06  *
*                                                                             *
*******************************************************************************

*******************************************************************************
*                                                                             *
*  BOHR DEFORMATIONS (FIRST-ORDER APPROXIMATION) [CENT-MASS FRAME]  NEUTRONS  *
*                                                                             *
*******************************************************************************
*                                                                             *
*  B10 = -0.0610  B11 =    ZERO  .............  .............  .............  *
*                                                                             *
*  B20 =  1.0184  B21 =    ZERO  B22 = 4.9E-05  .............  .............  *
*                                                                             *
*  B30 =  0.1309  B31 =    ZERO  B32 =-5.9E-05  B33 =    ZERO  .............  *
*                                                                             *
*  B40 =  0.7658  B41 =    ZERO  B42 = 7.4E-05  B43 =    ZERO  B44 = 5.5E-07  *
*                                                                             *
*******************************************************************************
*                                                                             *
*  BOHR DENSITY = 0.0221 FM^(-3)  BOHR RADIUS =  10.1897 FM                   *
*                                                                             *
*******************************************************************************

*******************************************************************************
*                                                                             *
*  MULTIPOLE MOMENTS [UNITS:  (10 FERMI)^LAMBDA] [CENT-MASS FRAME]   PROTONS  *
*                                                                             *
*******************************************************************************
*                                                                             *
*  Q00 = 78.0000  .............  .............  .............  .............  *
*                                                                             *
*  Q10 =  2.9747  Q11 =    ZERO  .............  .............  .............  *
*                                                                             *
*  Q20 = 64.9721  Q21 =    ZERO  Q22 =  0.0038  .............  .............  *
*                                                                             *
*  Q30 =  4.7441  Q31 =    ZERO  Q32 =-3.4E-05  Q33 =    ZERO  .............  *
*                                                                             *
*  Q40 = 16.5358  Q41 =    ZERO  Q42 =  0.0017  Q43 =    ZERO  Q44 =-1.0E-07  *
*                                                                             *
*******************************************************************************

*******************************************************************************
*                                                                             *
*  BOHR DEFORMATIONS (FIRST-ORDER APPROXIMATION) [CENT-MASS FRAME]   PROTONS  *
*                                                                             *
*******************************************************************************
*                                                                             *
*  B10 =  0.0831  B11 =    ZERO  .............  .............  .............  *
*                                                                             *
*  B20 =  1.2488  B21 =    ZERO  B22 = 7.3E-05  .............  .............  *
*                                                                             *
*  B30 =  0.3080  B31 =    ZERO  B32 =-3.1E-06  B33 =    ZERO  .............  *
*                                                                             *
*  B40 =  1.1435  B41 =    ZERO  B42 = 1.7E-04  B43 =    ZERO  B44 =-9.9E-09  *
*                                                                             *
*******************************************************************************
*                                                                             *
*  BOHR DENSITY = 0.0225 FM^(-3)  BOHR RADIUS =   9.3873 FM                   *
*                                                                             *
*******************************************************************************

*******************************************************************************
*                                                                             *
*  EULER ANGLES OF THE PRINCIPAL-AXES FRAME IN DEGREES                 TOTAL  *
*                                                                             *
*  ALPHA =180.00000  BETA =  0.00000  GAMMA =  0.00000                        *
*                                                                             *
*******************************************************************************

*******************************************************************************
*                                                                             *
*  ROOT-MEAN-SQUARE AND GEOMETRIC SIZES IN FERMIS                      TOTAL  *
*                                                                             *
*  R_RMS =  7.2940     X_RMS =  2.0283    Y_RMS =  2.0277    Z_RMS =  6.7065  *
*                                                                             *
*  R_GEO =  9.4165     X_GEO =  4.5354    Y_GEO =  4.5341    Z_GEO = 14.9962  *
*                                                                             *
*******************************************************************************

*******************************************************************************
*                                                                             *
*  MULTIPOLE MOMENTS [UNITS:  (10 FERMI)^LAMBDA]                       TOTAL  *
*                                                                             *
*******************************************************************************
*                                                                             *
*  Q00 =176.0000  .............  .............  .............  .............  *
*                                                                             *
*  Q10 = -6.1676  Q11 =    ZERO  .............  .............  .............  *
*                                                                             *
*  Q20 =143.8426  Q21 =    ZERO  Q22 =  0.0076  .............  .............  *
*                                                                             *
*  Q30 =  2.3525  Q31 =    ZERO  Q32 = -0.0012  Q33 =    ZERO  .............  *
*                                                                             *
*  Q40 = 35.0286  Q41 =    ZERO  Q42 =  0.0032  Q43 =    ZERO  Q44 = 9.7E-06  *
*                                                                             *
*******************************************************************************

*******************************************************************************
*                                                                             *
*  BOHR DEFORMATIONS (FIRST-ORDER APPROXIMATION)                       TOTAL  *
*                                                                             *
*******************************************************************************
*                                                                             *
*  B10 = -0.0762  B11 =    ZERO  .............  .............  .............  *
*                                                                             *
*  B20 =  1.2177  B21 =    ZERO  B22 = 6.4E-05  .............  .............  *
*                                                                             *
*  B30 =  0.0671  B31 =    ZERO  B32 =-5.0E-05  B33 =    ZERO  .............  *
*                                                                             *
*  B40 =  1.0603  B41 =    ZERO  B42 = 1.4E-04  B43 =    ZERO  B44 = 4.1E-07  *
*                                                                             *
*******************************************************************************
*                                                                             *
*  BOHR DENSITY = 0.0503 FM^(-3)  BOHR RADIUS =   9.4165 FM                   *
*                                                                             *
*******************************************************************************

*******************************************************************************
*                                                                             *
*  MULTIPOLE MOMENTS [UNITS:  (10 FERMI)^LAMBDA] [CENT-MASS FRAME]     TOTAL  *
*                                                                             *
*******************************************************************************
*                                                                             *
*  Q00 =176.0000  .............  .............  .............  .............  *
*                                                                             *
*  Q10 =    ZERO  Q11 =    ZERO  .............  .............  .............  *
*                                                                             *
*  Q20 =143.4103  Q21 =    ZERO  Q22 =  0.0076  .............  .............  *
*                                                                             *
*  Q30 =  7.9844  Q31 =    ZERO  Q32 = -0.0011  Q33 =    ZERO  .............  *
*                                                                             *
*  Q40 = 35.8503  Q41 =    ZERO  Q42 =  0.0031  Q43 =    ZERO  Q44 = 9.7E-06  *
*                                                                             *
*******************************************************************************

*******************************************************************************
*                                                                             *
*  BOHR DEFORMATIONS (FIRST-ORDER APPROXIMATION) [CENT-MASS FRAME]     TOTAL  *
*                                                                             *
*******************************************************************************
*                                                                             *
*  B10 =    ZERO  B11 =    ZERO  .............  .............  .............  *
*                                                                             *
*  B20 =  1.1131  B21 =    ZERO  B22 = 5.9E-05  .............  .............  *
*                                                                             *
*  B30 =  0.1998  B31 =    ZERO  B32 =-3.8E-05  B33 =    ZERO  .............  *
*                                                                             *
*  B40 =  0.9123  B41 =    ZERO  B42 = 1.1E-04  B43 =    ZERO  B44 = 3.5E-07  *
*                                                                             *
*******************************************************************************
*                                                                             *
*  BOHR DENSITY = 0.0442 FM^(-3)  BOHR RADIUS =   9.8341 FM                   *
*                                                                             *
*******************************************************************************

*******************************************************************************
*                                                                             *
*  MULTIPOLE MOMENTS [UNITS:  (10 FERMI)^LAMBDA] [INTRINSIC FRAME]     TOTAL  *
*                                                                             *
*  REAL PART  FOR A NON-NEGATIVE PROJECTION                                   *
*  IMAGINARY PART FOR A NEGATIVE PROJECTION                                   *
*                                                                             *
*******************************************************************************
*                                                                             *
*  Q00 =176.0000  .............  .............  .............  .............  *
*                 .............  .............  .............  .............  *
*                                                                             *
*  Q10 =    ZERO  Q1+1=    ZERO  .............  .............  .............  *
*                 Q1-1=    ZERO  .............  .............  .............  *
*                                                                             *
*  Q20 =143.4103  Q2+1=    ZERO  Q2+2=  0.0076  .............  .............  *
*                 Q2-1=    ZERO  Q2-2=    ZERO  .............  .............  *
*                                                                             *
*  Q30 =  7.9844  Q3+1=    ZERO  Q3+2= -0.0011  Q3+3=    ZERO  .............  *
*                 Q3-1=    ZERO  Q3-2=    ZERO  Q3-3=    ZERO  .............  *
*                                                                             *
*  Q40 = 35.8503  Q4+1=    ZERO  Q4+2=  0.0031  Q4+3=    ZERO  Q4+4= 9.7E-06  *
*                 Q4-1=    ZERO  Q4-2=    ZERO  Q4-3=    ZERO  Q4-4=    ZERO  *
*                                                                             *
*******************************************************************************

*******************************************************************************
*                                                                             *
*  BOHR DEFORMATIONS (FIRST-ORDER APPROXIMATION) [INTRINSIC FRAME]     TOTAL  *
*                                                                             *
*  REAL PART  FOR A NON-NEGATIVE PROJECTION                                   *
*  IMAGINARY PART FOR A NEGATIVE PROJECTION                                   *
*                                                                             *
*******************************************************************************
*                                                                             *
*  B10 =    ZERO  B1+1=    ZERO  .............  .............  .............  *
*                 B1-1=    ZERO  .............  .............  .............  *
*                                                                             *
*  B20 =  1.1131  B2+1=    ZERO  B2+2= 5.9E-05  .............  .............  *
*                 B2-1=    ZERO  B2-2=    ZERO  .............  .............  *
*                                                                             *
*  B30 =  0.1998  B3+1=    ZERO  B3+2=-3.8E-05  B3+3=    ZERO  .............  *
*                 B3-1=    ZERO  B3-2=    ZERO  B3-3=    ZERO  .............  *
*                                                                             *
*  B40 =  0.9123  B4+1=    ZERO  B4+2= 1.1E-04  B4+3=    ZERO  B4+4= 3.5E-07  *
*                 B4-1=    ZERO  B4-2=    ZERO  B4-3=    ZERO  B4-4=    ZERO  *
*                                                                             *
*******************************************************************************
*                                                                             *
*  BOHR DENSITY = 0.0442 FM^(-3)  BOHR RADIUS =   9.8341 FM                   *
*                                                                             *
*******************************************************************************

*******************************************************************************
*                                                                             *
*                                ENERGIES (MEV)                               *
*                                                                             *
*******************************************************************************
*                                                                             *
*  KINETIC: (NEU)=  2034.534239    (PRO)=  1500.803277    (TOT)=  3535.337516 *
*  SUM EPS: (NEU)= -1602.391059    (PRO)=  -985.974235    (TOT)= -2588.365294 *
*  PAIRING: (NEU)=   -24.257862    (PRO)=    -8.485060    (TOT)=   -32.742922 *
*  P-REARR: (NEU)=     5.990024    (PRO)=     2.146623    (TOT)=     8.136647 *
*                                                                             *
*  PAIRGAP: (NEU)=     0.483757    (PRO)=    -0.404049    THIS SPACE IS EMPTY *
*  E-FERMI: (NEU)=    -4.721720    (PRO)=    -0.514097    AND AWAITS  YOUR AD *
*                                                                             *
*  COULOMB: (DIR)=   710.209070    (EXC)=   -32.110344    (TOT)=   678.098726 *
*                                                                             *
*  CONSTR. (MULT)=  1973.822929    SLOPE= -1568.133550    CORR.=   784.066775 *
*  CONSTR. (SURF)=     0.000000    SLOPE=     0.000000    CORR.=     0.000000 *
*  CONSTR. (SPIN)=     0.000000    SLOPE=     0.000000    CORR.=     0.000000 *
*  CONSTR. (ISOS)=     0.000000    SLOPE=     0.000000    CORR.=     0.000000 *
*                                                                             *
*  REARRANGEMENT ENERGY FROM THE SKYRME DENSITY-DEPENDENT TERMS=  1722.222169 *
*  ROUTHIAN= TOTAL ENERGY + MULTIPOLE AND (ISO)SPIN CONSTRAINTS=   587.991578 *
*                                                                             *
*  SPIN-ORB (EVE)=  -102.421005    (ODD)=     0.000000    (TOT)=  -102.421005 *
*  SKYRME:  (EVE)= -5566.524671    (ODD)=     0.000000    (TOT)= -5566.524671 *
*                                                                             *
*  TOTAL:  (STAB)=  -698.554499     (SP)= -2084.385849    (FUN)= -1385.831351 *
*                                                                             *
*******************************************************************************

*******************************************************************************
*                                                                             *
*  ITERATION RESTARTED FROM THE DISC, THE FOLLOWING FILE(S) READ:             *
*  ./restart/HFODD_00000006.REC                                        VER=19 *
*                                                                             *
*******************************************************************************
*                                                                             *
* CONVERGENCE REPORT                                                          *
*                                                                             *
*******************************************************************************
*                                                                             *
* ITER     ENERGY     STABILITY    Q_2    GAMMA   SPIN  OMEGA   ANGLE   EPAIR *
*                                                                             *
* 1796 -1385.831351 -698.554499 143.410    0.00   0.00  0.000   0.000  -32.74 *
* 1797  -860.820815  223.954534 130.527    0.00   0.00  0.000   0.000  -14.74 *
* 1798  -897.302416  480.618196  98.617    0.00   0.00  0.000   0.000   -9.42 *
* 1799  -943.775203  480.435425 109.332    0.00   0.00  0.000   0.000  -10.37 *
* 1800  -929.677384  463.996659 110.318    0.00   0.00  0.000   0.000   -9.65 *
* 1801  -936.372631  445.243313 106.217    0.00   0.00  0.000   0.000   -9.89 *
* 1802  -945.992238  485.165919 100.114    0.00   0.00  0.000   0.000  -10.53 *
* 1803  -941.581884  423.054492 100.948    0.00   0.00  0.000   0.000  -10.25 *
* 1804  -897.315797  510.802678  78.182    0.00   0.00  0.000   0.000  -11.01 *
* 1805  -902.758349  543.849179  81.276    0.00   0.00  0.000   0.000  -10.14 *
* 1806  -898.301153  543.718269  83.683    0.00   0.00  0.000   0.000   -9.37 *
* 1807  -899.476260 -606.426466  85.916    0.00   0.00  0.000   0.000   -9.28 *
* 1808  -540.450702  710.308502  74.510   59.97   0.00  0.000   0.000   -3.54 *
* 1809  -195.606155   -1.62E+03 157.569    0.01   0.00  0.000   0.000   -4.40 *
* 1810 -1571.278087  341.396773 114.781    0.12   0.00  0.000   0.000 -114.57 *
* 1811  -666.148559  806.717671 132.685    0.00   0.00  0.000   0.000  -17.93 *
* 1812  -718.627088 -498.892057 171.101    0.00   0.00  0.000   0.000  -17.06 *
* 1813  -828.529419 -643.529546  78.966    0.05   0.00  0.000   0.000  -39.69 *
* 1814  -756.860992  935.048415  54.568   59.87   0.00  0.000   0.000  -30.42 *
* 1815  -624.013004  981.656103  66.476   59.94   0.00  0.000   0.000  -20.21 *
* 1816  -507.163802 -135.513521  15.411   59.53   0.00  0.000   0.000  -19.16 *
* 1817  -724.295254    1.01E+03  64.579   59.88   0.00  0.000   0.000  -31.89 *
* 1818  -631.440708  895.777853  70.847   59.92   0.00  0.000   0.000  -16.27 *
* 1819  -726.771258  678.768264  66.376   59.86   0.00  0.000   0.000  -29.44 *
* 1820  -552.756133 -106.023966  59.945    0.18   0.00  0.000   0.000  -25.98 *
* 1821  -762.531211  501.816513  61.708   59.95   0.00  0.000   0.000  -24.15 *
* 1822  -708.012664  871.733081  87.674    0.08   0.00  0.000   0.000  -20.54 *
* 1823  -505.710107   -1.23E+03 143.059    0.08   0.00  0.000   0.000   -3.49 *
* 1824  -847.515610  410.436868  56.766   59.60   0.00  0.000   0.000  -40.64 *
* 1825  -771.367711   42.791078  66.320    0.33   0.00  0.000   0.000  -16.76 *
* 1826  -802.984169  -55.986908  10.242    0.60   0.00  0.000   0.000  -16.59 *
* 1827  -967.471254  412.291389  66.462   59.60   0.00  0.000   0.000  -31.67 *
* 1828  -810.702427  568.422135  90.976   59.85   0.00  0.000   0.000  -10.07 *
* 1829  -886.331568 -201.539779  83.355   59.84   0.00  0.000   0.000  -18.57 *
* 1830  -941.996108  144.816440  97.597    0.29   0.00  0.000   0.000  -29.85 *
* 1831  -896.291423  136.696281  26.366    0.52   0.00  0.000   0.000  -26.37 *
* 1832  -874.554689  295.145529 130.835    0.04   0.00  0.000   0.000   -6.39 *
* 1833  -940.484285  210.673875 170.140    0.09   0.00  0.000   0.000   -7.39 *
* 1834  -977.511520  413.456542 163.583    0.06   0.00  0.000   0.000  -10.75 *
* 1835  -946.425325  660.469552 206.580    0.09   0.00  0.000   0.000   -7.95 *
* 1836  -897.423677  255.269088 178.043    0.13   0.00  0.000   0.000   -8.74 *
* 1837  -953.454242 -918.697169 246.484    0.07   0.00  0.000   0.000   -9.31 *
* 1838  -969.410679  314.291081 128.644    0.27   0.00  0.000   0.000  -32.21 *
* 1839   117.047050   -2.45E+03 100.251    0.06   0.00  0.000   0.000   -1.47 *
* 1840 -1121.661735   57.413414 149.552    0.20   0.00  0.000   0.000  -98.48 *
* 1841 -1012.027937    1.86E+03 240.573    0.07   0.00  0.000   0.000  -16.65 *
* 1842  -443.570509    1.98E+03 320.337    0.01   0.00  0.000   0.000   -2.74 *
* 1843   162.061146    3.00E+03 268.160    0.00   0.00  0.000   0.000   -3.24 *
* 1844  1222.443899    1.426568  44.144    0.04   0.00  0.000   0.000   -2.06 *
* 1845  1440.422623  871.680254  20.791    0.02   0.00  0.000   0.000   -2.63 *
* 1846  1608.701308   -1.90E+04  12.096    0.24   0.00  0.000   0.000   -1.20 *
* 1847 -1170.005714    1.45E+03  81.614   59.45   0.00  0.000   0.000 -658.31 *
* 1848  1502.813940    1.04E+04 134.910    0.10   0.00  0.000   0.000   -0.64 *
* 1849  3088.547332    6.40E+04   7.262    0.28   0.00  0.000   0.000   -0.11 *
* 1850  1450.977146   -3.26E+04 532.433    0.00   0.00  0.000   0.000   -0.00 *
* 1851  5649.571373   -4.26E+04  21.954    0.09   0.00  0.000   0.000 -147.21 *
* 1852  5807.718398   -1.19E+07   6.250    2.74   0.00  0.000   0.000  373.61 *

 //////////////////// MAXIMUM NUMBER OF ITERATIONS       ////////////////////
 //////////////////// EXCEEDED IN QUABCS                 ////////////////////

*******************************************************************************
*                                                                             *
*  PROCESSOR   EXECUTION  TIMES IN SUBROUTINES                                *
*  INCLUDING THEIR COMPLETE DOWN-CALLING TREES                                *
*                                                                             *
*******************************************************************************
*                                                                             *
*    15726 => HFODD    8395 => DENSHF   3583 => DIAMAT   3270 => HFBSIM       *
*                                                                             *
*     1581 => QMULCM    867 => PAIMAC    751 => CANQUA    291 => AVEQUA       *
*                                                                             *
*      261 => RECORD    114 => INTEGH    101 => INTSOR     98 => INTEGD       *
*                                                                             *
*       85 => DENMAC     58 => DOBROY     55 => MOMETS     52 => INTMUL       *
*                                                                             *
*       35 => BEGINC     33 => SKFILD     25 => ROTAVR     24 => INTMAS       *
*                                                                             *
*       23 => LINAVR     17 => COUMAT     16 => INTCOU     13 => INTCEN       *
*                                                                             *
*        7 => SPAVER      6 => SKPAIR      5 => AVOBSE      3 => NILASP       *
*                                                                             *
*        2 => POWALL      2 => AVANGY      1 => INTKIN      0 => AVPARI       *
*                                                                             *
*        0 => QUABCS      0 => SHICOE      0 => PAXMOM      0 => AVSIMP       *
*                                                                             *
*        0 => MAGMOM      0 => SPIMOM      0 => MOMSIF      0 => SHISIF       *
*                                                                             *
*        0 => MOMVMU      0 => SHIMOM      0 => SHIMAG                        *
*                                                                             *
*******************************************************************************
*                                                                             *
*  NUMBERS OF CALLS TO SUBROUTINES                                            *
*                                                                             *
*******************************************************************************
*                                                                             *
*     2588 => BEGINC   2172 => INTMUL    690 => INTSOR    286 => DIAMAT       *
*                                                                             *
*      230 => INTMAS    230 => INTCEN    229 => INTKIN    228 => AVEQUA       *
*                                                                             *
*      171 => PAXMOM    115 => INTEGH    115 => INTEGD    115 => HFBSIM       *
*                                                                             *
*      115 => QUABCS    114 => CANQUA    114 => AVPARI    114 => DENSHF       *
*                                                                             *
*      114 => DENMAC    114 => PAIMAC    114 => MOMETS    114 => MOMSIF       *
*                                                                             *
*      114 => MOMVMU    114 => MAGMOM    114 => SPIMOM    114 => LINAVR       *
*                                                                             *
*      114 => ROTAVR    114 => SHICOE     58 => RECORD     58 => COUMAT       *
*                                                                             *
*       58 => INTCOU     57 => QMULCM     57 => SKFILD     57 => SKPAIR       *
*                                                                             *
*       57 => DOBROY     57 => SHIMOM     57 => SHISIF     57 => SHIMAG       *
*                                                                             *
*       14 => SPAVER      2 => AVANGY      2 => AVOBSE      2 => AVSIMP       *
*                                                                             *
*        2 => NILASP      1 => HFODD       1 => POWALL                        *
*                                                                             *
*******************************************************************************
*                                                                             *
*  EXECUTION ENDS ON 2016.09.06 AT 14:22:57.608                               *
*                                                                             *
*******************************************************************************
