*******************************************************************************
*                                                                             *
*                     P A R A L L E L    M O D E L                            *
*                                                                             *
*  SIMPLE MPI FRAMEWORK (1 COMMUNICATOR)    :  1 MPI PROCESS per HFODD TASK   *
*  MULTI-THREADING FRAMEWORK WITH OPENMP   :  4 THREADS per HFODD MPI PROCESS *
*                                                                             *
*******************************************************************************
*                                                                             *
*                        __  __ _____  ___   ____   ____                      *
*                       / / / // ___/.' _ \ / __ \ / __ \                     *
*                      / /_/ // /_  / / / // / / // / / /                     *
*                     / __  // __/ / / / // / / // / / /                      *
*                    / / / // /   / /_/ // /_/ // /_/ /                       *
*                   /_/ /_//_/    \___.'/____.'/____.'                        *
*                                                                             *
*                                                                             *
*******************************************************************************
*                                                                             *
*             SKYRME-HARTREE-FOCK-BOGOLYUBOV CODE VERSION: 2.77B              *
*                                                                             *
*              NO SYMMETRY-PLANES AND NO TIME-REVERSAL SYMMETRY               *
*                                                                             *
*                DEFORMED CARTESIAN HARMONIC-OSCILLATOR BASIS                 *
*                                                                             *
*******************************************************************************
*                                                                             *
*             J. DOBACZEWSKI, P. BACZYK, B.G. CARLSSON, J. DUDEK              *
*                 J. ENGEL, Y. GAO, M. KONIECZKA, T. LESINSKI                 *
*                 J. MCDONNELL, P. OLBRATOWSKI, P. POWALOWSKI                 *
*                  M. SADZIAK, J. SARICH, K. SATO, W. SATULA                  *
*             N. SCHUNCK,  J.A. SHEIKH, A. STASZCZAK, M. STOITSOV             *
*             P. TOIVANEN, X.B. WANG, M. ZALEWSKI AND H. ZDUNCZUK             *
*                                                                             *
*                   INSTYTUT FIZYKI TEORETYCZNEJ, WARSZAWA                    *
*                 LAWRENCE LIVERMORE NATIONAL LABORATORY, USA                 *
*                                                                             *
*                                  1993-2016                                  *
*                                                                             *
*******************************************************************************

*******************************************************************************
*                                                                             *
*  CODE COMPILED WITH THE FOLLOWING ARRAY DIMENSIONS AND SWITCHES:            *
*                                                                             *
*******************************************************************************
*                                                                             *
*  NDBASE = 1200  NDSTAT = 1200  NDXHRM =   40  NDYHRM =   40  NDZHRM =   64  *
*                                                                             *
*  NDMAIN =   30  NDMULT =    9  NDMULR =    4  NDLAMB =    9  NDITER = 5000  *
*                                                                             *
*  NDAKNO =    1  NDBKNO =    1  NDPROI =    2  NDCOUL =   80  NDPOLS =   25  *
*                                                                             *
*  NDATKN =   20  NDBTKN =   10  NDPROT =    1  NDPROD =    3                 *
*                                                                             *
*  IPARAL =    0  IPARAT =    0  I_CRAY =    0                                *
*                                                                             *
*                                                                             *
*  PRE-PROCESSOR OPTIONS:                                                     *
*                                                                             *
*       switch_port = 1     switch_diag = 3     switch_essl = 0               *
*                                                                             *
*                           switch_quad = 0     switch_vect = 1               *
*                                                                             *
*******************************************************************************
*                                                                             *
*  EXECUTION BEGINS ON 2016.09.06 AT 12:59:14.319                             *
*                                                                             *
*******************************************************************************
 
*******************************************************************************
*                                                                             *
*  CLASSICAL NUCLEAR SURFACE DEFINED FOR:                    N = 98   Z = 78  *
*                                                                             *
*******************************************************************************
*                                                                             *
*  AL10 =   ZERO  AL11 =   ZERO  .............  .............  .............  *
*                                                                             *
*  AL20 =  0.626  AL21 =   ZERO  AL22 =   ZERO  .............  .............  *
*                                                                             *
*******************************************************************************
*                                                                             *
*                                           HOMEGA=  7.1795  FCHOM0=  0.9813  *
*                                                                             *
*  OSCILLATOR FREQUENCIES: HBAROX=  8.6244  HBAROY=  8.6244  HBAROZ=  4.9755  *
*                                                                             *
*  MOMENTS OF INERTIA:     XMOMFC=112.6418  YMOMFC=112.6418  ZMOMFC= 56.2565  *
*                                                                             *
*  CENTERS OF MASS:        CMSXFC= -0.0000  CMSYFC= -0.0000  CMSZFC=  0.0000  *
*                                                                             *
*******************************************************************************

*******************************************************************************
*                                                                             *
*                           SKYRME FORCE DEFINITION                           *
*                                                                             *
*******************************************************************************
*                                                                             *
* PARAMETER SET HFB1:  T0= -1666.41  T1=   255.23  T2=  1521.28  T3= 12072.51 *
*                                                                             *
* POWER=0.37658031358  X0=  0.14608  X1= -4.82248  X2= -1.35211  X3=  0.00432 *
*                                                                             *
* IETA: J=0  W=1 CM=3  M=1  P=1  T=0 HBM= 20.73553 W0=  44.0677 W0P= 207.6502 *
*                                                                             *
*******************************************************************************

*******************************************************************************
*                                                                             *
*              COUPLING CONSTANTS DEFINING THE SKYRME FUNCTIONAL              *
*                                                                             *
*******************************************************************************
*                                                                             *
*                   TOTAL(T)        SUM(S)      ISOSCALAR(P)  ISOVECTOR(M)    *
*                   --------        ------      ------------  ------------    *
*    CRHO_ =     -894.060074    538.315575       -624.902286    269.157788    *
*    CRHOD =     1008.213640   -507.363897        754.531691   -253.681949    *
*    CLPR_ =       98.335311   -287.870148        -45.599763   -143.935074    *
*    CTAU_ =       33.156062    -48.271535          9.020295    -24.135768    *
*    CSCU_ =        0.000000      0.000000          0.000000      0.000000    *
*    CDIV_ =      -22.033840   -103.825096        -73.946388    -51.912548    *
*                                                                             *
*    CSPI_ =      -60.857026    416.601524        147.443736    208.300762    *
*    CSPID =        2.171385   -503.021127       -249.339179   -251.510564    *
*    CLPS_ =       51.110395     71.467295         86.844042     35.733647    *
*    CCUR_ =      -33.156062     48.271535         -9.020295     24.135768    *
*    CKIS_ =        0.000000      0.000000          0.000000      0.000000    *
*    CROT_ =      -22.033840   -103.825096        -73.946388    -51.912548    *
*                                                                             *
*******************************************************************************

*******************************************************************************
*                                                                             *
*                          NUCLEAR MATTER PROPERTIES                          *
*                                                                             *
*******************************************************************************
*                                                                             *
*     E = -15.8000  rho0 =   0.15625   K =  244.6682   Ms =    0.9364         *
*                   asym =  28.66820   L =   40.1091   Mv =    1.2498         *
*                                                                             *
*******************************************************************************

*******************************************************************************
*                                                                             *
*  PHYSICAL CONSTANTS:     H_BARC=197.32891000           HBCOE2=137.03602000  *
*                                                                             *
*                          XMASSN=938.90590000           XMASSP=938.27231000  *
*                                                                             *
*                          HBMASS= 20.73553000           HBMRPA= 20.73553000  *
*                                                                             *
*                          ECHAR2=  1.43997841           COULEX= -1.06350868  *
*                                                                             *
*******************************************************************************
*                                                                             *
*  OSCILLATOR LENGTHS:     X= 2.1928863      Y= 2.1928863       Z= 2.8871005  *
*                                                                             *
*  OSCILLATOR CONSTANTS:   X= 0.4560200      Y= 0.4560200       Z= 0.3463683  *
*                                                                             *
*  OSCILLATOR FREQUENCIES: X= 8.6243653      Y= 8.6243653       Z= 4.9754866  *
*                                                                             *
*******************************************************************************
*                                                                             *
*  BASIS CUT-OFF CONTROL PARAMETERS:  NXMAXX = 14  NYMAXX = 14  NZMAXX =  25  *
*                                                                             *
*                                     NXHERM = 36  NYHERM = 36  NZHERM =  60  *
*                                                                             *
*                                     NLIMIT=1140  LDBASE=1140  MCOUNT=29791  *
*                                                                             *
*                                     ENECUT= 800.0000      ELIMIT= 136.4949  *
*                                                                             *
*******************************************************************************

*******************************************************************************
*                                                                             *
*   SHAPE OF THE OSCILLATOR-BASIS DIAMOND    (THREE CONSECUTIVE PROJECTIONS)  *
*                                                                             *
*******************************************************************************
*                                                                             *
*        NX ===>>>  0  1  2  3  4  5  6  7  8  9 10 11 12 13 14               *
*        MAX.NY => 14 13 12 11 10  9  8  7  6  5  4  3  2  1  0               *
*                 ---------------------------------------------               *
*   NY= 0  (14)  | 25 23 21 20 18 16 14 13 11  9  7  6  4  2  0               *
*   NY= 1  (13)  | 23 21 20 18 16 14 13 11  9  7  6  4  2  0                  *
*   NY= 2  (12)  | 21 20 18 16 14 13 11  9  7  6  4  2  0                     *
*   NY= 3  (11)  | 20 18 16 14 13 11  9  7  6  4  2  0                        *
*   NY= 4  (10)  | 18 16 14 13 11  9  7  6  4  2  0                           *
*   NY= 5  ( 9)  | 16 14 13 11  9  7  6  4  2  0                              *
*   NY= 6  ( 8)  | 14 13 11  9  7  6  4  2  0                                 *
*   NY= 7  ( 7)  | 13 11  9  7  6  4  2  0                                    *
*   NY= 8  ( 6)  | 11  9  7  6  4  2  0                                       *
*   NY= 9  ( 5)  |  9  7  6  4  2  0                                          *
*   NY=10  ( 4)  |  7  6  4  2  0                                             *
*   NY=11  ( 3)  |  6  4  2  0                                                *
*   NY=12  ( 2)  |  4  2  0                                                   *
*   NY=13  ( 1)  |  2  0                                                      *
*   NY=14  ( 0)  |  0                                                         *
*                                                                             *
*                                                                             *
*        NZ ===>>>  0  1  2  3  4  5  6  7  8  9 10 11 12 13 14 15 16 17 18   *
*        MAX.NY => 14 13 13 12 12 11 11 10  9  9  8  8  7  7  6  5  5  4  4   *
*                 ---------------------------------------------------------   *
*   NY= 0  (25)  | 14 13 13 12 12 11 11 10  9  9  8  8  7  7  6  5  5  4  4   *
*   NY= 1  (23)  | 13 12 12 11 11 10 10  9  8  8  7  7  6  6  5  4  4  3  3   *
*   NY= 2  (21)  | 12 11 11 10 10  9  9  8  7  7  6  6  5  5  4  3  3  2  2   *
*   NY= 3  (20)  | 11 10 10  9  9  8  8  7  6  6  5  5  4  4  3  2  2  1  1   *
*   NY= 4  (18)  | 10  9  9  8  8  7  7  6  5  5  4  4  3  3  2  1  1  0  0   *
*   NY= 5  (16)  |  9  8  8  7  7  6  6  5  4  4  3  3  2  2  1  0  0         *
*   NY= 6  (14)  |  8  7  7  6  6  5  5  4  3  3  2  2  1  1  0               *
*   NY= 7  (13)  |  7  6  6  5  5  4  4  3  2  2  1  1  0  0                  *
*   NY= 8  (11)  |  6  5  5  4  4  3  3  2  1  1  0  0                        *
*   NY= 9  ( 9)  |  5  4  4  3  3  2  2  1  0  0                              *
*   NY=10  ( 7)  |  4  3  3  2  2  1  1  0                                    *
*   NY=11  ( 6)  |  3  2  2  1  1  0  0                                       *
*   NY=12  ( 4)  |  2  1  1  0  0                                             *
*   NY=13  ( 2)  |  1  0  0                                                   *
*   NY=14  ( 0)  |  0                                                         *
*                                                                             *
*                                                                             *
*        NZ ===>>>  0  1  2  3  4  5  6  7  8  9 10 11 12 13 14 15 16 17 18   *
*        MAX.NX => 14 13 13 12 12 11 11 10  9  9  8  8  7  7  6  5  5  4  4   *
*                 ---------------------------------------------------------   *
*   NX= 0  (25)  | 14 13 13 12 12 11 11 10  9  9  8  8  7  7  6  5  5  4  4   *
*   NX= 1  (23)  | 13 12 12 11 11 10 10  9  8  8  7  7  6  6  5  4  4  3  3   *
*   NX= 2  (21)  | 12 11 11 10 10  9  9  8  7  7  6  6  5  5  4  3  3  2  2   *
*   NX= 3  (20)  | 11 10 10  9  9  8  8  7  6  6  5  5  4  4  3  2  2  1  1   *
*   NX= 4  (18)  | 10  9  9  8  8  7  7  6  5  5  4  4  3  3  2  1  1  0  0   *
*   NX= 5  (16)  |  9  8  8  7  7  6  6  5  4  4  3  3  2  2  1  0  0         *
*   NX= 6  (14)  |  8  7  7  6  6  5  5  4  3  3  2  2  1  1  0               *
*   NX= 7  (13)  |  7  6  6  5  5  4  4  3  2  2  1  1  0  0                  *
*   NX= 8  (11)  |  6  5  5  4  4  3  3  2  1  1  0  0                        *
*   NX= 9  ( 9)  |  5  4  4  3  3  2  2  1  0  0                              *
*   NX=10  ( 7)  |  4  3  3  2  2  1  1  0                                    *
*   NX=11  ( 6)  |  3  2  2  1  1  0  0                                       *
*   NX=12  ( 4)  |  2  1  1  0  0                                             *
*   NX=13  ( 2)  |  1  0  0                                                   *
*   NX=14  ( 0)  |  0                                                         *
*                                                                             *
*******************************************************************************

*******************************************************************************
*                                                                             *
* NUCLIDE: N =  98  Z =  78  NUMBER OF ITERATIONS = 1000   CONTINUATION? = 1  *
*                                                                             *
*******************************************************************************
*                                                                             *
* ITERATIONS WILL STOP WHEN THE STABILITY BECOMES LOWER THAN EPSITE=0.300000  *
*                                            FOR    5 CONSECUTIVE ITERATIONS  *
*                                                                             *
*******************************************************************************
*                                                                             *
* ITERATIONS WILL STOP WHEN THE PING-PONG DIVERGENCE OCCURS FOR EPSPNG=0.010  *
*                                DURING    5 PAIRS OF CONSECUTIVE ITERATIONS  *
*                                                                             *
*******************************************************************************
*                                                                             *
* ITERATIONS WILL STOP FOR CHAOTIC-DIVERGENCE CONDITION OCCURING   20  TIMES  *
*                                                                             *
*******************************************************************************
*                                                                             *
* SLOW-DOWN PARAMETERS:                                                       *
* TIME-EVEN = 0.85   TIME-ODD = 0.85   PAIRING = 0.85   LIPKIN-NOGAMI = 0.85  *
*                    LIP-MASS = 0.50   LIP-MOI = 0.50   LIPKIN-METHOD = 0.50  *
*                                                                             *
*******************************************************************************
*                                                                             *
* BROYDEN METHOD IS:  ON                                                      *
*                                                                             *
*    TRIGGERED ONLY WHEN STABILITY IS LOWER THAN :  1000.000 MEV              *
*    INITIAL SLOWING FACTOR (BEFORE TRIGGER)     :     0.85 (=SLOWEV)         *
*    BROYDEN SLOWING FACTOR (AFTER  TRIGGER)     :     0.40 (=1-ALPHAM)       *
*    NUMBER OF ITERATIONS RETAINED IN MEMORY     :    10                      *
*                                                                             *
*******************************************************************************
*                                                                             *
* DIRECT COULOMB TERMS SOLVED BY GREEN FUNCTION AND FOURIER TRANSFORM METHOD  *
* COULOMB PARAMETERS:  NUMCOU = 80  NUMETA = 79  BOUCOU = 20.0  FURMAX =0.25  *
*                                                                             *
*******************************************************************************
*                                                                             *
* EXCHANGE COULOMB TERMS TREATED BY THE SLATER APPROXIMATION                  *
*                                                                             *
*******************************************************************************
*                                                                             *
* MAXIMUM NUMBERS OF MULTIPOLE MOMENTS USED FOR THE CONSTRAINTS,    NMUCON=4  *
*                                           FOR THE COULOMB FIELD,  NMUCOU=4  *
*                                           FOR THE OUTPUT INFO,    NMUPRI=4  *
*                                                                             *
*******************************************************************************
*                                                                             *
* MULTIPOLE CONSTRAINTS: LAMBDA= 2  MIU= 0  MOMENT=157.000  STIFFNESS= 0.500  *
*                        LAMBDA= 3  MIU= 0  MOMENT= 28.000  STIFFNESS= 0.500  *
*                                                                             *
*******************************************************************************
*                                                                             *
* LINEAR MULTIPOLE CONSTRAINTS: LAMBDA= 2  MIU= 0  LAGRANGE PAR. USED= 0.000  *
*                               LAMBDA= 3  MIU= 0  LAGRANGE PAR. USED= 0.000  *
*                                                                             *
*******************************************************************************
*                                                                             *
* THE LAGRANGE PARAMETERS OF THE LINEAR CONSTRAINTS ARE RE-ADJUSTED AT EACH   *
* ITERATION BY USING THE CRANKING APPROXIMATION OF THE RPA MATRIX             *
*                                                                             *
*******************************************************************************
*                                                                             *
* PRINTING THE RESULTS FOR THE FOLLOWING ITERATIONS:         THE  FIRST: YES  *
*                                                            THE MIDDLE:  NO  *
*                                                     AND/OR THE   LAST: YES  *
*                                                                             *
*******************************************************************************
*                                                                             *
* PRINTING THE MOMENTS, RADII, AND DEFORMATIONS FOR:           NEUTRONS: YES  *
*                                                              PROTONS : YES  *
*                                                              MASS    : YES  *
*                                                                             *
*******************************************************************************
*                                                                             *
* PRINTING THE MOMENTS, MOMENTA AND DEFORMATIONS IN THE INTRINSIC FRAME: YES  *
*                                                                             *
*******************************************************************************
*                                                                             *
* NILSSON LABELS OF SINGLE-PARTICLE STATES SHOWN WITH RESPECT TO THE: Z-AXIS  *
*                                                                             *
*******************************************************************************
*                                                                             *
* CALCULATIONS WITH THE HFB PAIRING CORRELATIONS                              *
*                                                                             *
*******************************************************************************
*                                                                             *
* CONTACT PAIRING INTERACTION:     V0        V1       RHO-SAT      POWER      *
*                    NEUTRONS:  -234.380   732.438     0.320     1.0000000    *
*                     PROTONS:  -260.437   813.866     0.320     1.0000000    *
*                                                                             *
*******************************************************************************
*                                                                             *
* CUTOFF ENERGY DEFINING THE ACTIVE HFB PAIRING SPACE=      60.000            *
*                                                                             *
*******************************************************************************
*                                                                             *
* CALCULATIONS WITH SIMPLEX SYMMETRY                                          *
*                                                                             *
*******************************************************************************
*                                                                             *
* CALCULATIONS WITH TIME-ODD SYMMETRIES:        T*SIMPLEX_X =>     CONSERVED  *
*                                               T*SIMPLEX_Y =>     CONSERVED  *
*                                               T*SIMPLEX_Z => NON CONSERVED  *
*                                                                             *
*******************************************************************************
*                                                                             *
* CALCULATIONS WITHOUT ROTATION                                               *
*                                                                             *
*******************************************************************************

*******************************************************************************
*                                                                             *
*  CALLING SUBROUTINE "RECORD" TO READ THE REPLAY FILE OBTAINED PREVIOUSLY    *
*  ./restart/HFODD_00000070.REC                                               *
*                                                                             *
*******************************************************************************

*******************************************************************************
*                                                                             *
*  SINGLE-QUASIPARTICLE PROPERTIES:                                NEUTRONS   *
*                                                                             *
*******************************************************************************
*                                                                             *
*  NO)   ENERGY   (S=+,S=-)       PARITY   V2QUAP   EEQUIV   DEQUIV   V_CORR  *
*                                                                             *
*  57)    9.710   (  0, 29)        0.780  0.99883  -19.414    0.662  0.99964  *
*  58)    9.710   ( 29,  0)        0.780  0.99883  -19.414    0.662  0.99964  *
*  61)    8.912   ( 31,  0)        0.893  0.99851  -18.612    0.687  0.99948  *
*  62)    8.912   (  0, 31)        0.893  0.99851  -18.612    0.687  0.99948  *
*  63)    8.654   (  0, 32)        0.573  0.99480  -18.291    1.245  0.99810  *
*  64)    8.654   ( 32,  0)        0.573  0.99480  -18.291    1.245  0.99810  *
*  65)    9.388   (  0, 33)        0.677  0.94798  -18.138    4.169  0.98382  *
*  66)    9.388   ( 33,  0)        0.677  0.94798  -18.138    4.169  0.98382  *
*  69)    7.244   (  0, 35)       -0.002  0.99739  -16.933    0.739  0.99874  *
*  70)    7.244   ( 35,  0)       -0.002  0.99739  -16.933    0.739  0.99874  *
*  71)    7.370   (  0, 36)        0.724  0.98407  -16.862    1.846  0.99265  *
*  72)    7.370   ( 36,  0)        0.724  0.98407  -16.862    1.846  0.99265  *
*  73)    7.072   (  0, 37)       -0.889  0.99752  -16.764    0.704  0.99875  *
*  74)    7.072   ( 37,  0)       -0.889  0.99752  -16.764    0.704  0.99875  *
*  75)    6.911   (  0, 38)       -0.830  0.99717  -16.598    0.734  0.99852  *
*  76)    6.911   ( 38,  0)       -0.830  0.99717  -16.598    0.734  0.99852  *
*  77)    6.934   ( 39,  0)       -0.790  0.99364  -16.573    1.103  0.99672  *
*  78)    6.934   (  0, 39)       -0.790  0.99364  -16.573    1.103  0.99672  *
*  79)    6.863   (  0, 40)        0.588  0.97577  -16.257    2.110  0.98762  *
*  80)    6.863   ( 40,  0)        0.588  0.97577  -16.257    2.110  0.98762  *
*  81)    7.552   (  0, 41)        0.751  0.91458  -15.988    4.222  0.96508  *
*  82)    7.552   ( 41,  0)        0.751  0.91458  -15.988    4.222  0.96508  *
*  83)    5.756   (  0, 42)       -0.566  0.99394  -15.413    0.894  0.99565  *
*  84)    5.756   ( 42,  0)       -0.566  0.99394  -15.413    0.894  0.99565  *
*  85)    5.345   (  0, 43)        0.027  0.99451  -15.013    0.790  0.99544  *
*  86)    5.345   ( 43,  0)        0.027  0.99451  -15.013    0.790  0.99544  *
*  87)    4.716   (  0, 44)       -0.030  0.99127  -14.360    0.877  0.99066  *
*  88)    4.716   ( 44,  0)       -0.030  0.99127  -14.360    0.877  0.99066  *
*  89)    8.783   ( 45,  0)        0.524  0.72272  -13.639    7.863  0.92126  *
*  90)    8.783   (  0, 45)        0.524  0.72272  -13.639    7.863  0.92126  *
*  91)    3.135   (  0, 46)       -0.359  0.98448  -12.765    0.775  0.95002  *
*  92)    3.135   ( 46,  0)       -0.359  0.98448  -12.765    0.775  0.95002  *
*  93)    2.922   ( 47,  0)       -0.314  0.97826  -12.522    0.852  0.91609  *
*  94)    2.922   (  0, 47)       -0.314  0.97826  -12.522    0.852  0.91609  *
*  95)    3.023   (  0, 48)       -0.266  0.87765  -12.010    1.981  0.79217  *
*  96)    3.023   ( 48,  0)       -0.266  0.87765  -12.010    1.981  0.79217  *
*  97)    2.150   (  0, 49)       -0.668  0.97808  -11.782    0.630  0.70018  *
*  98)    2.150   ( 49,  0)       -0.668  0.97808  -11.782    0.630  0.70018  *
*  99)    1.705   ( 50,  0)       -0.765  0.96917  -11.327    0.589  0.43549  *
* 100)    1.705   (  0, 50)       -0.765  0.96917  -11.327    0.589  0.43549  *
* 101)    3.227   (  0, 51)       -0.219  0.73508  -11.244    2.848  0.74031  *
* 102)    3.227   ( 51,  0)       -0.219  0.73508  -11.244    2.848  0.74031  *
* 103)    1.525   ( 52,  0)       -0.430  0.97013  -11.160    0.519  0.33661  *
* 104)    1.525   (  0, 52)       -0.430  0.97013  -11.160    0.519  0.33661  *
* 105)    1.247   ( 53,  0)       -0.579  0.94965  -10.848    0.546  0.26231  *
* 106)    1.247   (  0, 53)       -0.579  0.94965  -10.848    0.546  0.26231  *
* 107)    1.080   ( 54,  0)       -0.535  0.92527  -10.646    0.568  0.23431  *
* 108)    1.080   (  0, 54)       -0.535  0.92527  -10.646    0.568  0.23431  *
* 109)    4.526   ( 55,  0)       -0.407  0.59845  -10.618    4.438  0.78682  *
* 110)    4.526   (  0, 55)       -0.407  0.59845  -10.618    4.438  0.78682  *
* 111)    1.744   (  0, 56)       -0.670  0.61883  -10.141    1.694  0.49117  *
* 112)    1.744   ( 56,  0)       -0.670  0.61883  -10.141    1.694  0.49117  *
* 113)    0.728   (  0, 57)        0.866  0.73572  -10.070    0.642  0.20516  *
* 114)    0.728   ( 57,  0)        0.866  0.73572  -10.070    0.642  0.20516  *
* 115)    0.684   (  0, 58)       -0.690  0.71851  -10.026    0.615  0.19519  *
* 116)    0.684   ( 58,  0)       -0.690  0.71851  -10.026    0.615  0.19519  *
* 117)    0.643   ( 59,  0)        0.772  0.62165   -9.883    0.624  0.19789  *
* 118)    0.643   (  0, 59)        0.772  0.62165   -9.883    0.624  0.19789  *
* 119)    0.559   (  0, 60)       -0.628  0.46445   -9.687    0.558  0.18820  *
* 120)    0.559   ( 60,  0)       -0.628  0.46445   -9.687    0.558  0.18820  *
* 121)    0.572   ( 61,  0)        0.154  0.43453   -9.652    0.567  0.19465  *
* 122)    0.572   (  0, 61)        0.154  0.43453   -9.652    0.567  0.19465  *
* 123)    0.589   ( 62,  0)        0.204  0.42618   -9.640    0.582  0.20037  *
* 124)    0.589   (  0, 62)        0.204  0.42618   -9.640    0.582  0.20037  *
* 125)    0.603   (  0, 63)       -0.040  0.35153   -9.548    0.576  0.20979  *
* 126)    0.603   ( 63,  0)       -0.040  0.35153   -9.548    0.576  0.20979  *
* 127)    0.701   ( 64,  0)       -0.656  0.26709   -9.400    0.620  0.24316  *
* 128)    0.701   (  0, 64)       -0.656  0.26709   -9.400    0.620  0.24316  *
* 129)    1.730   ( 65,  0)       -0.772  0.37923   -9.309    1.679  0.47333  *
* 130)    1.730   (  0, 65)       -0.772  0.37923   -9.309    1.679  0.47333  *
* 131)    0.927   ( 66,  0)       -0.236  0.09232   -8.971    0.537  0.30728  *
* 132)    0.927   (  0, 66)       -0.236  0.09232   -8.971    0.537  0.30728  *
* 133)    1.003   (  0, 67)       -0.617  0.07750   -8.879    0.536  0.32488  *
* 134)    1.003   ( 67,  0)       -0.617  0.07750   -8.879    0.536  0.32488  *
* 135)    4.536   (  0, 68)       -0.403  0.39646   -8.787    4.438  0.74264  *
* 136)    4.536   ( 68,  0)       -0.403  0.39646   -8.787    4.438  0.74264  *
* 137)    3.230   ( 69,  0)       -0.202  0.26798   -8.228    2.861  0.63900  *
* 138)    3.230   (  0, 69)       -0.202  0.26798   -8.228    2.861  0.63900  *
* 139)    1.594   (  0, 70)        0.060  0.02586   -8.215    0.506  0.43475  *
* 140)    1.594   ( 70,  0)        0.060  0.02586   -8.215    0.506  0.43475  *
* 141)    2.974   (  0, 71)       -0.309  0.12764   -7.512    1.985  0.60095  *
* 142)    2.974   ( 71,  0)       -0.309  0.12764   -7.512    1.985  0.60095  *
* 143)    2.784   (  0, 72)       -0.115  0.01757   -7.041    0.731  0.57375  *
* 144)    2.784   ( 72,  0)       -0.115  0.01757   -7.041    0.731  0.57375  *
* 145)    2.940   ( 73,  0)       -0.044  0.00875   -6.838    0.548  0.58634  *
* 146)    2.940   (  0, 73)       -0.044  0.00875   -6.838    0.548  0.58634  *
* 147)    8.803   (  0, 74)        0.525  0.27574   -5.779    7.867  0.84280  *
* 148)    8.803   ( 74,  0)        0.525  0.27574   -5.779    7.867  0.84280  *
* 149)    4.451   ( 75,  0)       -0.084  0.00811   -5.348    0.798  0.68230  *
* 150)    4.451   (  0, 75)       -0.084  0.00811   -5.348    0.798  0.68230  *
* 151)    4.745   (  0, 76)       -0.035  0.00783   -5.056    0.837  0.69604  *
* 152)    4.745   ( 76,  0)       -0.035  0.00783   -5.056    0.837  0.69604  *
* 153)    5.198   (  0, 77)       -0.296  0.00524   -4.583    0.750  0.71472  *
* 154)    5.198   ( 77,  0)       -0.296  0.00524   -4.583    0.750  0.71472  *
* 155)    5.493   (  0, 78)        0.405  0.00284   -4.265    0.585  0.72554  *
* 156)    5.493   ( 78,  0)        0.405  0.00284   -4.265    0.585  0.72554  *
* 157)    5.923   ( 79,  0)        0.256  0.00385   -3.850    0.733  0.74042  *
* 158)    5.923   (  0, 79)        0.256  0.00385   -3.850    0.733  0.74042  *
* 159)    5.932   (  0, 80)        0.291  0.00261   -3.826    0.605  0.74058  *
* 160)    5.932   ( 80,  0)        0.291  0.00261   -3.826    0.605  0.74058  *
* 161)    6.012   (  0, 81)        0.244  0.00242   -3.744    0.591  0.74311  *
* 162)    6.012   ( 81,  0)        0.244  0.00242   -3.744    0.591  0.74311  *
* 163)    6.043   (  0, 82)        0.381  0.00252   -3.714    0.606  0.74413  *
* 164)    6.043   ( 82,  0)        0.381  0.00252   -3.714    0.606  0.74413  *
* 165)    7.470   ( 83,  0)        0.751  0.06919   -3.290    3.792  0.79028  *
* 166)    7.470   (  0, 83)        0.751  0.06919   -3.290    3.792  0.79028  *
* 167)    6.823   (  0, 84)        0.557  0.01919   -3.166    1.872  0.76851  *
* 168)    6.823   ( 84,  0)        0.557  0.01919   -3.166    1.872  0.76851  *
* 169)    6.687   ( 85,  0)        0.402  0.00410   -3.095    0.854  0.76312  *
* 170)    6.687   (  0, 85)        0.402  0.00410   -3.095    0.854  0.76312  *
* 171)    6.808   ( 86,  0)        0.494  0.00403   -2.974    0.863  0.76634  *
* 172)    6.808   (  0, 86)        0.494  0.00403   -2.974    0.863  0.76634  *
* 173)    6.830   ( 87,  0)       -0.822  0.00217   -2.926    0.636  0.76670  *
* 174)    6.830   (  0, 87)       -0.822  0.00217   -2.926    0.636  0.76670  *
* 175)    7.042   ( 88,  0)       -0.716  0.00197   -2.713    0.625  0.77210  *
* 176)    7.042   (  0, 88)       -0.716  0.00197   -2.713    0.625  0.77210  *
* 177)    7.216   (  0, 89)       -0.376  0.00591   -2.596    1.106  0.77682  *
* 178)    7.216   ( 89,  0)       -0.376  0.00591   -2.596    1.106  0.77682  *
* 179)    7.652   ( 90,  0)        0.777  0.01564   -2.314    1.899  0.78798  *
* 180)    7.652   (  0, 90)        0.777  0.01564   -2.314    1.899  0.78798  *
* 181)    7.624   (  0, 91)        0.732  0.01044   -2.262    1.550  0.78676  *
* 182)    7.624   ( 91,  0)        0.732  0.01044   -2.262    1.550  0.78676  *
* 183)    7.506   (  0, 92)       -0.236  0.00204   -2.251    0.677  0.78315  *
* 184)    7.506   ( 92,  0)       -0.236  0.00204   -2.251    0.677  0.78315  *
* 185)    7.722   (  0, 93)        0.750  0.00337   -2.056    0.895  0.78809  *
* 186)    7.722   ( 93,  0)        0.750  0.00337   -2.056    0.895  0.78809  *
* 189)    7.856   ( 95,  0)       -0.047  0.00170   -1.897    0.647  0.79076  *
* 190)    7.856   (  0, 95)       -0.047  0.00170   -1.897    0.647  0.79076  *
* 191)    8.011   (  0, 96)        0.761  0.00391   -1.779    0.999  0.79421  *
* 192)    8.011   ( 96,  0)        0.761  0.00391   -1.779    0.999  0.79421  *
* 193)    8.133   (  0, 97)        0.804  0.00203   -1.626    0.732  0.79648  *
* 194)    8.133   ( 97,  0)        0.804  0.00203   -1.626    0.732  0.79648  *
* 195)    8.359   ( 98,  0)        0.664  0.00151   -1.393    0.649  0.80083  *
* 196)    8.359   (  0, 98)        0.664  0.00151   -1.393    0.649  0.80083  *
* 197)    8.466   ( 99,  0)        0.059  0.00117   -1.281    0.578  0.80280  *
* 198)    8.466   (  0, 99)        0.059  0.00117   -1.281    0.578  0.80280  *
* 199)    9.311   (100,  0)        0.642  0.03956   -1.152    3.630  0.82167  *
* 200)    9.311   (  0,100)        0.642  0.03956   -1.152    3.630  0.82167  *
* 201)    8.932   (101,  0)        0.639  0.00470   -0.878    1.222  0.81155  *
* 202)    8.932   (  0,101)        0.639  0.00470   -0.878    1.222  0.81155  *
* 203)    9.449   (102,  0)        0.616  0.01370   -0.537    2.197  0.82098  *
* 204)    9.449   (  0,102)        0.616  0.01370   -0.537    2.197  0.82098  *
*                                                                             *
*1944)   TOTAL=  ( 972, 972)                                                  *
*                                                                             *
*******************************************************************************

*******************************************************************************
*                                                                             *
*  SINGLE-PARTICLE PROPERTIES: CANONICAL                           NEUTRONS   *
*                                                                             *
*******************************************************************************
*                                                                             *
*  NO)   ENERGY   (S=+,S=-)   | N,nz,lz,OMEz>   <P>    <JY>    <SY>   GFACT   *
*                                                                             *
*  51)  -11.783   ( 51,---)   | 5, 0, 5, 9/2>   -66  -0.000   0.000  -0.047   *
*  52)  -11.373   ( 52,---)   | 5, 2, 3, 5/2>   -73   0.009  -0.008  -0.930   *
*  53)  -11.328   ( 53,---)   | 5, 0, 3, 7/2>   -76   0.010  -0.000  -0.000   *
*  54)  -11.163   ( 54,---)   | 7, 6, 1, 1/2>   -43  -0.764  -0.164   0.215   *
*  55)  -10.851   ( 55,---)   | 7, 5, 2, 5/2>   -58   0.015  -0.009  -0.620   *
*  56)  -10.659   ( 56,---)   | 5, 2, 1, 3/2>   -50   0.046  -0.083  -1.822   *
*  57)  -10.154   ( 57,---)   | 5, 2, 1, 1/2>   -73   0.695  -0.043  -0.062   *
*  58)  -10.070   ( 58,---)   | 6, 0, 6,13/2>    86   0.000  -0.000  -1.618   *
*  59)   -9.885   ( 59,---)   | 6, 1, 5,11/2>    76  -0.001  -0.000   0.108   *
*  60)   -9.678   ( 60,---)   | 5, 0, 1, 3/2>   -39   0.017  -0.116  -6.914   *
*  61)   -9.672   ( 61,---)   | 6, 2, 4, 9/2>    66   0.023   0.000   0.015   *
*  62)   -9.652   ( 62,---)   | 6, 3, 3, 7/2>   -14   0.271  -0.055  -0.205   *
*  63)   -9.511   ( 63,---)   | 5, 0, 3, 5/2>   -74  -0.224   0.037  -0.164   *
*  64)   -9.170   ( 64,---)   | 5, 0, 1, 1/2>   -72   0.683   0.013   0.019   *
*  65)   -8.938   ( 65,---)   | 5, 1, 2, 3/2>   -16  -0.621  -0.084   0.135   *
*  66)   -8.905   ( 66,---)   | 5, 1, 0, 1/2>   -27  -0.041  -0.287   7.093   *
*  67)   -8.152   ( 67,---)   | 9, 9, 0, 1/2>     6  -2.022  -0.364   0.180   *
*  68)   -8.059   ( 68,---)   | 6, 2, 2, 5/2>    59   0.029   0.001   0.027   *
*  69)   -6.832   ( 69,---)   | 7, 5, 0, 1/2>    -6  -0.738  -0.317   0.429   *
*  70)   -6.677   ( 70,---)   | 9, 8, 1, 3/2>   -30  -0.018  -0.002   0.110   *
*  71)   -6.663   ( 71,---)   | 7, 5, 2, 3/2>    28  -0.035  -0.000   0.005   *
*  72)   -6.467   ( 72,---)   | 6, 1, 3, 7/2>    13   0.000   0.000   1.146   *
*  73)   -4.991   ( 73,---)   | 6, 0, 4, 9/2>    28  -0.008  -0.001   0.112   *
*  74)   -4.797   ( 74,---)   | 8, 7, 1, 1/2>    11  -1.292  -0.170   0.131   *
*  75)   -4.753   ( 75,---)   | 8, 6, 2, 5/2>    32  -0.196  -0.037   0.188   *
*  76)   -4.103   ( 76,---)   | 6, 3, 1, 3/2>    27  -0.029  -0.014   0.500   *
*  77)   -3.979   ( 77,---)   | 6, 3, 3, 5/2>    60   0.156  -0.027  -0.175   *
*  78)   -3.561   ( 78,---)   | 6, 0, 6,11/2>    55  -0.000  -0.000   0.007   *
*  79)   -3.409   ( 79,---)   | 6, 0, 4, 9/2>    54  -0.004  -0.001   0.148   *
*  80)   -3.312   ( 80,---)   | 6, 2, 4, 7/2>    59  -0.004  -0.001   0.216   *
*  81)   -3.277   ( 81,---)   | 6, 3, 1, 1/2>    50   0.946  -0.139  -0.147   *
*  82)   -2.721   ( 82,---)   | 7, 0, 7,15/2>   -80   0.000  -0.000  -0.020   *
*  83)   -2.467   ( 83,---)   | 7, 1, 6,13/2>   -65   0.000   0.000   0.105   *
*  84)   -2.148   ( 84,---)   | 6, 0, 4, 7/2>    59  -0.006   0.001  -0.102   *
*  85)   -2.131   ( 85,---)   | 6, 1, 1, 3/2>    47  -0.138  -0.119   0.862   *
*  86)   -2.109   ( 86,---)   | 6, 2, 2, 5/2>    45  -0.023   0.062  -2.703   *
*  87)   -2.032   ( 87,---)   | 6, 0, 0, 1/2>    20   0.193  -0.201  -1.040   *
*  88)   -1.958   ( 88,---)   | 7, 2, 5,11/2>   -49   0.006   0.000   0.034   *
*  89)   -1.628   ( 89,---)   | 7, 3, 4, 9/2>   -18   0.010  -0.001  -0.143   *
*  90)   -1.402   ( 90,---)   | 6, 0, 2, 5/2>    55   0.055  -0.051  -0.932   *
*  91)   -1.347   ( 91,---)   | 6, 0, 4, 7/2>    58  -0.077  -0.001   0.017   *
*  92)   -1.122   ( 92,---)   | 6, 2, 2, 3/2>    63   0.374  -0.112  -0.298   *
*  93)   -0.890   ( 93,---)   | 6, 1, 1, 1/2>    23  -0.501  -0.131   0.261   *
*  94)   -0.725   ( 94,---)   | 6, 0, 2, 3/2>    47  -0.130  -0.135   1.037   *
*  95)   -0.591   ( 95,---)   | 6, 1, 3, 5/2>    13   0.751  -0.036  -0.047   *
*  96)   -0.539   ( 96,---)   | 6, 0, 0, 1/2>    17  -1.395  -0.288   0.207   *
*                                                                             *
*******************************************************************************

*******************************************************************************
*                                                                             *
*  HFB PAIRING PROPERTIES                                           NEUTRONS  *
*                                                                             *
*  STRENGTH= 0.1276   GAP= 0.5746   FERMI ENERGY=-11.8079   ENERGY=  -2.5875  *
*                                                                             *
*******************************************************************************

*******************************************************************************
*                                                                             *
*  MULTIPOLE MOMENTS [UNITS:  (10 FERMI)^LAMBDA]                    NEUTRONS  *
*                                                                             *
*******************************************************************************
*                                                                             *
*  Q00 = 98.0000  .............  .............  .............  .............  *
*                                                                             *
*  Q10 =  8.5033  Q11 =    ZERO  .............  .............  .............  *
*                                                                             *
*  Q20 = 13.8741  Q21 =    ZERO  Q22 =  0.3928  .............  .............  *
*                                                                             *
*  Q30 =  5.4460  Q31 =    ZERO  Q32 = -0.0372  Q33 =    ZERO  .............  *
*                                                                             *
*  Q40 =  4.1043  Q41 =    ZERO  Q42 =  0.0154  Q43 =    ZERO  Q44 =  0.0024  *
*                                                                             *
*******************************************************************************

*******************************************************************************
*                                                                             *
*  ROOT-MEAN-SQUARE AND GEOMETRIC SIZES IN FERMIS                   NEUTRONS  *
*                                                                             *
*  R_RMS =  5.8500     X_RMS =  3.0272    Y_RMS =  2.9887    Z_RMS =  4.0158  *
*                                                                             *
*  R_GEO =  7.5523     X_GEO =  6.7689    Y_GEO =  6.6829    Z_GEO =  8.9796  *
*                                                                             *
*******************************************************************************

*******************************************************************************
*                                                                             *
*  BOHR DEFORMATIONS (FIRST-ORDER APPROXIMATION)                    NEUTRONS  *
*                                                                             *
*******************************************************************************
*                                                                             *
*  B10 =  0.2351  B11 =    ZERO  .............  .............  .............  *
*                                                                             *
*  B20 =  0.3279  B21 =    ZERO  B22 =  0.0093  .............  .............  *
*                                                                             *
*  B30 =  0.5404  B31 =    ZERO  B32 = -0.0052  B33 =    ZERO  .............  *
*                                                                             *
*  B40 =  0.5392  B41 =    ZERO  B42 =  0.0029  B43 =    ZERO  B44 = 4.4E-04  *
*                                                                             *
*******************************************************************************
*                                                                             *
*  BOHR DENSITY = 0.0543 FM^(-3)  BOHR RADIUS =   7.5523 FM                   *
*                                                                             *
*******************************************************************************

*******************************************************************************
*                                                                             *
*  SINGLE-QUASIPARTICLE PROPERTIES:                                 PROTONS   *
*                                                                             *
*******************************************************************************
*                                                                             *
*  NO)   ENERGY   (S=+,S=-)       PARITY   V2QUAP   EEQUIV   DEQUIV   V_CORR  *
*                                                                             *
*  41)    9.159   ( 21,  0)       -0.727  0.99919  -11.037    0.523  0.99988  *
*  42)    9.159   (  0, 21)       -0.727  0.99919  -11.037    0.523  0.99988  *
*  43)    7.668   ( 22,  0)        0.871  0.99879   -9.542    0.533  0.99977  *
*  44)    7.668   (  0, 22)        0.871  0.99879   -9.542    0.533  0.99977  *
*  45)    7.711   (  0, 23)        0.767  0.98596   -9.388    1.815  0.99738  *
*  46)    7.711   ( 23,  0)        0.767  0.98596   -9.388    1.815  0.99738  *
*  47)    7.245   ( 24,  0)        0.842  0.99842   -9.115    0.575  0.99968  *
*  48)    7.245   (  0, 24)        0.842  0.99842   -9.115    0.575  0.99968  *
*  49)    7.594   ( 25,  0)       -0.280  0.97072   -9.042    2.561  0.99447  *
*  50)    7.594   (  0, 25)       -0.280  0.97072   -9.042    2.561  0.99447  *
*  51)    8.728   (  0, 26)       -0.565  0.86886   -8.332    5.893  0.97998  *
*  52)    8.728   ( 26,  0)       -0.565  0.86886   -8.332    5.893  0.97998  *
*  53)    6.178   ( 27,  0)        0.738  0.93929   -7.321    2.951  0.98535  *
*  54)    6.178   (  0, 27)        0.738  0.93929   -7.321    2.951  0.98535  *
*  55)    5.154   (  0, 28)        0.473  0.99553   -7.001    0.688  0.99856  *
*  56)    5.154   ( 28,  0)        0.473  0.99553   -7.001    0.688  0.99856  *
*  57)    4.193   (  0, 29)        0.766  0.99762   -6.066    0.408  0.99895  *
*  58)    4.193   ( 29,  0)        0.766  0.99762   -6.066    0.408  0.99895  *
*  59)    4.027   ( 30,  0)        0.589  0.99416   -5.873    0.614  0.99727  *
*  60)    4.027   (  0, 30)        0.589  0.99416   -5.873    0.614  0.99727  *
*  61)    3.186   (  0, 31)        0.479  0.99153   -5.025    0.584  0.99410  *
*  62)    3.186   ( 31,  0)        0.479  0.99153   -5.025    0.584  0.99410  *
*  63)    4.491   (  0, 32)        0.285  0.83683   -4.918    3.319  0.94492  *
*  64)    4.491   ( 32,  0)        0.285  0.83683   -4.918    3.319  0.94492  *
*  65)    3.095   (  0, 33)        0.495  0.98454   -4.892    0.764  0.98879  *
*  66)    3.095   ( 33,  0)        0.495  0.98454   -4.892    0.764  0.98879  *
*  67)    3.001   (  0, 34)        0.816  0.99523   -4.865    0.413  0.99624  *
*  68)    3.001   ( 34,  0)        0.816  0.99523   -4.865    0.413  0.99624  *
*  69)    1.865   (  0, 35)        0.425  0.98056   -3.686    0.515  0.95434  *
*  70)    1.865   ( 35,  0)        0.425  0.98056   -3.686    0.515  0.95434  *
*  71)    1.748   (  0, 36)        0.235  0.97928   -3.569    0.498  0.94089  *
*  72)    1.748   ( 36,  0)        0.235  0.97928   -3.569    0.498  0.94089  *
*  73)    1.547   (  0, 37)        0.729  0.97907   -3.375    0.443  0.90798  *
*  74)    1.547   ( 37,  0)        0.729  0.97907   -3.375    0.443  0.90798  *
*  75)    1.472   ( 38,  0)       -0.846  0.98339   -3.316    0.376  0.90322  *
*  76)    1.472   (  0, 38)       -0.846  0.98339   -3.316    0.376  0.90322  *
*  77)    1.162   ( 39,  0)       -0.759  0.96122   -2.965    0.449  0.66687  *
*  78)    1.162   (  0, 39)       -0.759  0.96122   -2.965    0.449  0.66687  *
*  79)    1.124   (  0, 40)        0.704  0.96552   -2.939    0.410  0.63667  *
*  80)    1.124   ( 40,  0)        0.704  0.96552   -2.939    0.410  0.63667  *
*  81)    0.966   ( 41,  0)       -0.768  0.95135   -2.765    0.416  0.49290  *
*  82)    0.966   (  0, 41)       -0.768  0.95135   -2.765    0.416  0.49290  *
*  83)    5.956   (  0, 42)       -0.240  0.53357   -2.293    5.942  0.90643  *
*  84)    5.956   ( 42,  0)       -0.240  0.53357   -2.293    5.942  0.90643  *
*  85)    0.501   (  0, 43)       -0.375  0.66891   -2.062    0.471  0.27458  *
*  86)    0.501   ( 43,  0)       -0.375  0.66891   -2.062    0.471  0.27458  *
*  87)    0.521   (  0, 44)        0.349  0.64202   -2.041    0.499  0.28880  *
*  88)    0.521   ( 44,  0)        0.349  0.64202   -2.041    0.499  0.28880  *
*  89)    5.954   ( 45,  0)       -0.241  0.45341   -1.338    5.928  0.89443  *
*  90)    5.954   (  0, 45)       -0.241  0.45341   -1.338    5.928  0.89443  *
*  91)    0.958   (  0, 46)        0.216  0.08400   -1.096    0.531  0.46106  *
*  92)    0.958   ( 46,  0)        0.216  0.08400   -1.096    0.531  0.46106  *
*  93)    1.175   ( 47,  0)       -0.465  0.04361   -0.820    0.480  0.51103  *
*  94)    1.175   (  0, 47)       -0.465  0.04361   -0.820    0.480  0.51103  *
*  95)    1.978   ( 48,  0)        0.120  0.02280   -0.005    0.590  0.63723  *
*  96)    1.978   (  0, 48)        0.120  0.02280   -0.005    0.590  0.63723  *
*  97)    2.381   ( 49,  0)        0.072  0.01156    0.433    0.509  0.67797  *
*  98)    2.381   (  0, 49)        0.072  0.01156    0.433    0.509  0.67797  *
*  99)    2.562   ( 50,  0)       -0.088  0.01238    0.606    0.567  0.69396  *
* 100)    2.562   (  0, 50)       -0.088  0.01238    0.606    0.567  0.69396  *
* 101)    3.037   ( 51,  0)        0.195  0.01083    1.078    0.629  0.72875  *
* 102)    3.037   (  0, 51)        0.195  0.01083    1.078    0.629  0.72875  *
* 103)    4.435   ( 52,  0)        0.266  0.16021    1.121    3.254  0.81515  *
* 104)    4.435   (  0, 52)        0.266  0.16021    1.121    3.254  0.81515  *
* 105)    3.473   (  0, 53)       -0.703  0.00305    1.559    0.383  0.75360  *
* 106)    3.473   ( 53,  0)       -0.703  0.00305    1.559    0.383  0.75360  *
* 107)    3.999   (  0, 54)        0.083  0.00714    2.049    0.673  0.77934  *
* 108)    3.999   ( 54,  0)        0.083  0.00714    2.049    0.673  0.77934  *
* 109)    4.257   (  0, 55)       -0.281  0.00586    2.314    0.650  0.78979  *
* 110)    4.257   ( 55,  0)       -0.281  0.00586    2.314    0.650  0.78979  *
* 111)    4.312   (  0, 56)       -0.655  0.00204    2.401    0.389  0.79147  *
* 112)    4.312   ( 56,  0)       -0.655  0.00204    2.401    0.389  0.79147  *
* 113)    5.271   ( 57,  0)       -0.052  0.00215    3.356    0.488  0.82272  *
* 114)    5.271   (  0, 57)       -0.052  0.00215    3.356    0.488  0.82272  *
* 115)    5.310   ( 58,  0)        0.829  0.00119    3.405    0.367  0.82369  *
* 116)    5.310   (  0, 58)        0.829  0.00119    3.405    0.367  0.82369  *
* 117)    5.623   ( 59,  0)        0.013  0.00293    3.697    0.608  0.83203  *
* 118)    5.623   (  0, 59)        0.013  0.00293    3.697    0.608  0.83203  *
* 119)    6.047   (  0, 60)        0.649  0.02519    3.850    1.895  0.84424  *
* 120)    6.047   ( 60,  0)        0.649  0.02519    3.850    1.895  0.84424  *
* 121)    6.108   ( 61,  0)        0.719  0.02876    3.864    2.042  0.84593  *
* 122)    6.108   (  0, 61)        0.719  0.02876    3.864    2.042  0.84593  *
* 123)    5.823   ( 62,  0)        0.393  0.00186    3.909    0.502  0.83675  *
* 124)    5.823   (  0, 62)        0.393  0.00186    3.909    0.502  0.83675  *
* 125)    5.948   ( 63,  0)        0.619  0.00114    4.042    0.401  0.83956  *
* 126)    5.948   (  0, 63)        0.619  0.00114    4.042    0.401  0.83956  *
* 127)    6.222   ( 64,  0)        0.277  0.01858    4.098    1.680  0.84729  *
* 128)    6.222   (  0, 64)        0.277  0.01858    4.098    1.680  0.84729  *
* 129)    8.721   ( 65,  0)       -0.571  0.12997    4.561    5.865  0.89594  *
* 130)    8.721   (  0, 65)       -0.571  0.12997    4.561    5.865  0.89594  *
* 131)    6.771   (  0, 66)        0.052  0.00193    4.852    0.595  0.85633  *
* 132)    6.771   ( 66,  0)        0.052  0.00193    4.852    0.595  0.85633  *
* 133)    6.904   ( 67,  0)       -0.300  0.00124    4.994    0.486  0.85865  *
* 134)    6.904   (  0, 67)       -0.300  0.00124    4.994    0.486  0.85865  *
* 135)    7.650   (  0, 68)       -0.131  0.03209    5.266    2.696  0.87348  *
* 136)    7.650   ( 68,  0)       -0.131  0.03209    5.266    2.696  0.87348  *
* 137)    7.412   ( 69,  0)        0.661  0.01062    5.362    1.520  0.86792  *
* 138)    7.412   (  0, 69)        0.661  0.01062    5.362    1.520  0.86792  *
* 139)    8.170   (  0, 70)       -0.428  0.00200    6.245    0.729  0.87795  *
* 140)    8.170   ( 70,  0)       -0.428  0.00200    6.245    0.729  0.87795  *
* 141)    8.350   (  0, 71)       -0.167  0.00137    6.435    0.619  0.88021  *
* 142)    8.350   ( 71,  0)       -0.167  0.00137    6.435    0.619  0.88021  *
* 143)    8.976   (  0, 72)        0.274  0.00093    7.067    0.546  0.88759  *
* 144)    8.976   ( 72,  0)        0.274  0.00093    7.067    0.546  0.88759  *
*                                                                             *
*1474)   TOTAL=  ( 737, 737)                                                  *
*                                                                             *
*******************************************************************************

*******************************************************************************
*                                                                             *
*  SINGLE-PARTICLE PROPERTIES: CANONICAL                            PROTONS   *
*                                                                             *
*******************************************************************************
*                                                                             *
*  NO)   ENERGY   (S=+,S=-)   | N,nz,lz,OMEz>   <P>    <JY>    <SY>   GFACT   *
*                                                                             *
*  21)  -11.716   ( 21,---)   | 3, 1, 0, 1/2>   -55   0.150  -0.075  -0.501   *
*  22)  -10.602   ( 22,---)   | 3, 0, 1, 3/2>   -58  -0.051  -0.023   0.459   *
*  23)   -9.584   ( 23,---)   | 4, 2, 2, 5/2>    70  -0.047   0.010  -0.212   *
*  24)   -9.555   ( 24,---)   | 4, 0, 4, 9/2>    86  -0.000  -0.001   2.770   *
*  25)   -9.420   ( 25,---)   | 4, 3, 1, 1/2>   -17  -0.456  -0.026   0.057   *
*  26)   -9.124   ( 26,---)   | 4, 1, 3, 7/2>    85  -0.002  -0.001   0.805   *
*  27)   -8.045   ( 27,---)   | 4, 2, 2, 3/2>    73  -0.189  -0.034   0.178   *
*  28)   -7.378   ( 28,---)   | 3, 3, 0, 1/2>   -15  -0.374  -0.387   1.035   *
*  29)   -7.140   ( 29,---)   | 4, 2, 0, 1/2>    45  -1.559  -0.357   0.229   *
*  30)   -6.346   ( 30,---)   | 4, 1, 3, 5/2>    23  -0.005  -0.005   0.895   *
*  31)   -6.072   ( 31,---)   | 4, 0, 4, 7/2>    76   0.009  -0.002  -0.221   *
*  32)   -5.876   ( 32,---)   | 4, 2, 2, 3/2>    59   0.229  -0.088  -0.385   *
*  33)   -5.124   ( 33,---)   | 4, 2, 0, 1/2>    46   0.517  -0.099  -0.191   *
*  34)   -4.962   ( 34,---)   | 4, 1, 1, 3/2>    50  -0.150  -0.071   0.470   *
*  35)   -4.869   ( 35,---)   | 4, 0, 2, 5/2>    82   0.041   0.018   0.435   *
*  36)   -3.837   ( 36,---)   | 4, 0, 2, 3/2>    63   0.143  -0.142  -0.989   *
*  37)   -3.700   ( 37,---)   | 4, 0, 0, 1/2>    42  -0.466  -0.164   0.352   *
*  38)   -3.583   ( 38,---)   | 5, 3, 2, 5/2>    28  -0.127  -0.009   0.072   *
*  39)   -3.316   ( 39,---)   | 5, 0, 5,11/2>   -84   0.001  -0.000  -0.296   *
*  40)   -2.966   ( 40,---)   | 5, 2, 3, 7/2>   -75   0.016  -0.011  -0.681   *
*  41)   -2.942   ( 41,---)   | 4, 1, 1, 1/2>    69   0.088  -0.143  -1.623   *
*  42)   -2.772   ( 42,---)   | 5, 1, 4, 9/2>   -76   0.002   0.000   0.006   *
*  43)   -2.060   ( 43,---)   | 5, 3, 2, 3/2>   -37  -0.234  -0.029   0.124   *
*  44)   -2.040   ( 44,---)   | 4, 4, 0, 1/2>    40  -0.721  -0.401   0.556   *
*  45)   -1.039   ( 45,---)   | 5, 3, 0, 1/2>   -23  -1.496  -0.368   0.246   *
*  46)   -0.770   ( 46,---)   | 5, 2, 3, 5/2>   -41  -0.043  -0.010   0.234   *
*                                                                             *
*******************************************************************************

*******************************************************************************
*                                                                             *
*  HFB PAIRING PROPERTIES                                            PROTONS  *
*                                                                             *
*  STRENGTH= 0.1131   GAP=-0.4459   FERMI ENERGY= -3.0305   ENERGY=  -1.7578  *
*                                                                             *
*******************************************************************************

*******************************************************************************
*                                                                             *
*  MULTIPOLE MOMENTS [UNITS:  (10 FERMI)^LAMBDA]                     PROTONS  *
*                                                                             *
*******************************************************************************
*                                                                             *
*  Q00 = 78.0000  .............  .............  .............  .............  *
*                                                                             *
*  Q10 =  7.0154  Q11 =    ZERO  .............  .............  .............  *
*                                                                             *
*  Q20 = 11.7575  Q21 =    ZERO  Q22 =  0.3810  .............  .............  *
*                                                                             *
*  Q30 =  4.8775  Q31 =    ZERO  Q32 = -0.0427  Q33 =    ZERO  .............  *
*                                                                             *
*  Q40 =  3.7330  Q41 =    ZERO  Q42 = 5.2E-04  Q43 =    ZERO  Q44 =-9.0E-04  *
*                                                                             *
*******************************************************************************

*******************************************************************************
*                                                                             *
*  ROOT-MEAN-SQUARE AND GEOMETRIC SIZES IN FERMIS                    PROTONS  *
*                                                                             *
*  R_RMS =  5.8922     X_RMS =  3.0334    Y_RMS =  2.9865    Z_RMS =  4.0740  *
*                                                                             *
*  R_GEO =  7.6068     X_GEO =  6.7829    Y_GEO =  6.6781    Z_GEO =  9.1097  *
*                                                                             *
*******************************************************************************

*******************************************************************************
*                                                                             *
*  BOHR DEFORMATIONS (FIRST-ORDER APPROXIMATION)                     PROTONS  *
*                                                                             *
*******************************************************************************
*                                                                             *
*  B10 =  0.2420  B11 =    ZERO  .............  .............  .............  *
*                                                                             *
*  B20 =  0.3442  B21 =    ZERO  B22 =  0.0112  .............  .............  *
*                                                                             *
*  B30 =  0.5951  B31 =    ZERO  B32 = -0.0074  B33 =    ZERO  .............  *
*                                                                             *
*  B40 =  0.5987  B41 =    ZERO  B42 = 1.2E-04  B43 =    ZERO  B44 =-2.0E-04  *
*                                                                             *
*******************************************************************************
*                                                                             *
*  BOHR DENSITY = 0.0423 FM^(-3)  BOHR RADIUS =   7.6068 FM                   *
*                                                                             *
*******************************************************************************

*******************************************************************************
*                                                                             *
*                  DENSITY INTEGRALS IN THE SKYRME FUNCTIONAL                 *
*                                                                             *
*******************************************************************************
*                                                                             *
*                   TOTAL(T)        SUM(S)      ISOSCALAR(P)  ISOVECTOR(M)    *
*                   --------        ------      ------------  ------------    *
*    DRHO_ =       17.897200      9.065833         17.897200      0.234467    *
*    DRHOD =        7.873571      3.988165          7.873571      0.102759    *
*    DLPR_ =       -3.469277     -1.759822         -3.469277     -0.050367    *
*    DTAU_ =       14.546244      7.433788         14.546244      0.321332    *
*    DSCU_ =        0.097463      0.055012          0.097463      0.012560    *
*    DDIV_ =        0.703272      0.359520          0.703272      0.015768    *
*                                                                             *
*    DSPI_ =        0.000000      0.000000          0.000000      0.000000    *
*    DSPID =        0.000000      0.000000          0.000000      0.000000    *
*    DLPS_ =        0.000000      0.000000          0.000000      0.000000    *
*    DCUR_ =        0.000000      0.000000          0.000000      0.000000    *
*    DKIS_ =        0.000000      0.000000          0.000000      0.000000    *
*    DROT_ =        0.000000      0.000000          0.000000      0.000000    *
*                                                                             *
*******************************************************************************

*******************************************************************************
*                                                                             *
*               CONTRIBUTIONS TO ENERGY IN THE SKYRME FUNCTIONAL              *
*                                                                             *
*******************************************************************************
*                                                                             *
*                 TOTAL(T)        SUM(S)        ISOSCALAR(P)  ISOVECTOR(M)    *
*                 --------        ------        ------------  ------------    *
*    ERHO_ =   -16001.172075   4880.279334     -11184.001281     63.108541    *
*    ERHOD =     7938.241732  -2023.451037       5940.858884    -26.068189    *
*    ELPR_ =     -341.152428    506.600171        158.198207      7.249537    *
*    ETAU_ =      482.296182   -358.840366        131.211410     -7.755594    *
*    ESCU_ =        0.000000      0.000000          0.000000      0.000000    *
*    EDIV_ =      -15.495782    -37.327202        -52.004420     -0.818563    *
*               ============  ============      ============  ============    *
*    SUM EVEN:  -7937.282369   2967.260901      -5005.737201     35.715732    *
*                                                                             *
*    ESPI_ =        0.000000      0.000000          0.000000      0.000000    *
*    ESPID =        0.000000      0.000000          0.000000      0.000000    *
*    ELPS_ =        0.000000      0.000000          0.000000      0.000000    *
*    ECUR_ =        0.000000      0.000000          0.000000      0.000000    *
*    EKIS_ =        0.000000      0.000000          0.000000      0.000000    *
*    EROT_ =        0.000000      0.000000          0.000000      0.000000    *
*               ============  ============      ============  ============    *
*    SUM  ODD:      0.000000      0.000000          0.000000      0.000000    *
*                                                                             *
*******************************************************************************
 
*******************************************************************************
*                                                                             *
*  CENTER-OF-MASS COORDINATES IN FERMIS                                TOTAL  *
*                                                                             *
*  R_CMS =  0.8817     X_CMS =  0.0000    Y_CMS =  0.0000    Z_CMS =  0.8817  *
*                                                                             *
*******************************************************************************

*******************************************************************************
*                                                                             *
*  MULTIPOLE MOMENTS [UNITS:  (10 FERMI)^LAMBDA] [CENT-MASS FRAME]  NEUTRONS  *
*                                                                             *
*******************************************************************************
*                                                                             *
*  Q00 = 98.0000  .............  .............  .............  .............  *
*                                                                             *
*  Q10 = -0.1378  Q11 =    ZERO  .............  .............  .............  *
*                                                                             *
*  Q20 = 12.3989  Q21 =    ZERO  Q22 =  0.3928  .............  .............  *
*                                                                             *
*  Q30 =  4.1743  Q31 =    ZERO  Q32 = -0.0576  Q33 =    ZERO  .............  *
*                                                                             *
*  Q40 =  2.1855  Q41 =    ZERO  Q42 =  0.0318  Q43 =    ZERO  Q44 =  0.0024  *
*                                                                             *
*******************************************************************************

*******************************************************************************
*                                                                             *
*  BOHR DEFORMATIONS (FIRST-ORDER APPROXIMATION) [CENT-MASS FRAME]  NEUTRONS  *
*                                                                             *
*******************************************************************************
*                                                                             *
*  B10 = -0.0042  B11 =    ZERO  .............  .............  .............  *
*                                                                             *
*  B20 =  0.3581  B21 =    ZERO  B22 =  0.0113  .............  .............  *
*                                                                             *
*  B30 =  0.5595  B31 =    ZERO  B32 = -0.0109  B33 =    ZERO  .............  *
*                                                                             *
*  B40 =  0.4287  B41 =    ZERO  B42 =  0.0088  B43 =    ZERO  B44 = 6.6E-04  *
*                                                                             *
*******************************************************************************
*                                                                             *
*  BOHR DENSITY = 0.0734 FM^(-3)  BOHR RADIUS =   6.8321 FM                   *
*                                                                             *
*******************************************************************************

*******************************************************************************
*                                                                             *
*  MULTIPOLE MOMENTS [UNITS:  (10 FERMI)^LAMBDA] [CENT-MASS FRAME]   PROTONS  *
*                                                                             *
*******************************************************************************
*                                                                             *
*  Q00 = 78.0000  .............  .............  .............  .............  *
*                                                                             *
*  Q10 =  0.1378  Q11 =    ZERO  .............  .............  .............  *
*                                                                             *
*  Q20 = 10.4961  Q21 =    ZERO  Q22 =  0.3810  .............  .............  *
*                                                                             *
*  Q30 =  3.7991  Q31 =    ZERO  Q32 = -0.0625  Q33 =    ZERO  .............  *
*                                                                             *
*  Q40 =  2.0022  Q41 =    ZERO  Q42 =  0.0187  Q43 =    ZERO  Q44 =-9.0E-04  *
*                                                                             *
*******************************************************************************

*******************************************************************************
*                                                                             *
*  BOHR DEFORMATIONS (FIRST-ORDER APPROXIMATION) [CENT-MASS FRAME]   PROTONS  *
*                                                                             *
*******************************************************************************
*                                                                             *
*  B10 =  0.0053  B11 =    ZERO  .............  .............  .............  *
*                                                                             *
*  B20 =  0.3783  B21 =    ZERO  B22 =  0.0137  .............  .............  *
*                                                                             *
*  B30 =  0.6332  B31 =    ZERO  B32 = -0.0147  B33 =    ZERO  .............  *
*                                                                             *
*  B40 =  0.4868  B41 =    ZERO  B42 =  0.0064  B43 =    ZERO  B44 =-3.1E-04  *
*                                                                             *
*******************************************************************************
*                                                                             *
*  BOHR DENSITY = 0.0578 FM^(-3)  BOHR RADIUS =   6.8555 FM                   *
*                                                                             *
*******************************************************************************

*******************************************************************************
*                                                                             *
*  EULER ANGLES OF THE PRINCIPAL-AXES FRAME IN DEGREES                 TOTAL  *
*                                                                             *
*  ALPHA =180.00000  BETA =  0.00000  GAMMA =  0.00000                        *
*                                                                             *
*******************************************************************************

*******************************************************************************
*                                                                             *
*  ROOT-MEAN-SQUARE AND GEOMETRIC SIZES IN FERMIS                      TOTAL  *
*                                                                             *
*  R_RMS =  5.8688     X_RMS =  3.0299    Y_RMS =  2.9877    Z_RMS =  4.0417  *
*                                                                             *
*  R_GEO =  7.5765     X_GEO =  6.7751    Y_GEO =  6.6808    Z_GEO =  9.0375  *
*                                                                             *
*******************************************************************************

*******************************************************************************
*                                                                             *
*  MULTIPOLE MOMENTS [UNITS:  (10 FERMI)^LAMBDA]                       TOTAL  *
*                                                                             *
*******************************************************************************
*                                                                             *
*  Q00 =176.0000  .............  .............  .............  .............  *
*                                                                             *
*  Q10 = 15.5186  Q11 =    ZERO  .............  .............  .............  *
*                                                                             *
*  Q20 = 25.6317  Q21 =    ZERO  Q22 =  0.7738  .............  .............  *
*                                                                             *
*  Q30 = 10.3234  Q31 =    ZERO  Q32 = -0.0799  Q33 =    ZERO  .............  *
*                                                                             *
*  Q40 =  7.8373  Q41 =    ZERO  Q42 =  0.0159  Q43 =    ZERO  Q44 =  0.0015  *
*                                                                             *
*******************************************************************************

*******************************************************************************
*                                                                             *
*  BOHR DEFORMATIONS (FIRST-ORDER APPROXIMATION)                       TOTAL  *
*                                                                             *
*******************************************************************************
*                                                                             *
*  B10 =  0.2382  B11 =    ZERO  .............  .............  .............  *
*                                                                             *
*  B20 =  0.3352  B21 =    ZERO  B22 =  0.0101  .............  .............  *
*                                                                             *
*  B30 =  0.5649  B31 =    ZERO  B32 = -0.0062  B33 =    ZERO  .............  *
*                                                                             *
*  B40 =  0.5661  B41 =    ZERO  B42 =  0.0016  B43 =    ZERO  B44 = 1.5E-04  *
*                                                                             *
*******************************************************************************
*                                                                             *
*  BOHR DENSITY = 0.0966 FM^(-3)  BOHR RADIUS =   7.5765 FM                   *
*                                                                             *
*******************************************************************************

*******************************************************************************
*                                                                             *
*  MULTIPOLE MOMENTS [UNITS:  (10 FERMI)^LAMBDA] [CENT-MASS FRAME]     TOTAL  *
*                                                                             *
*******************************************************************************
*                                                                             *
*  Q00 =176.0000  .............  .............  .............  .............  *
*                                                                             *
*  Q10 =    ZERO  Q11 =    ZERO  .............  .............  .............  *
*                                                                             *
*  Q20 = 22.8950  Q21 =    ZERO  Q22 =  0.7738  .............  .............  *
*                                                                             *
*  Q30 =  7.9734  Q31 =    ZERO  Q32 = -0.1202  Q33 =    ZERO  .............  *
*                                                                             *
*  Q40 =  4.1877  Q41 =    ZERO  Q42 =  0.0506  Q43 =    ZERO  Q44 =  0.0015  *
*                                                                             *
*******************************************************************************

*******************************************************************************
*                                                                             *
*  BOHR DEFORMATIONS (FIRST-ORDER APPROXIMATION) [CENT-MASS FRAME]     TOTAL  *
*                                                                             *
*******************************************************************************
*                                                                             *
*  B10 =    ZERO  B11 =    ZERO  .............  .............  .............  *
*                                                                             *
*  B20 =  0.3671  B21 =    ZERO  B22 =  0.0124  .............  .............  *
*                                                                             *
*  B30 =  0.5923  B31 =    ZERO  B32 = -0.0126  B33 =    ZERO  .............  *
*                                                                             *
*  B40 =  0.4547  B41 =    ZERO  B42 =  0.0078  B43 =    ZERO  B44 = 2.3E-04  *
*                                                                             *
*******************************************************************************
*                                                                             *
*  BOHR DENSITY = 0.1312 FM^(-3)  BOHR RADIUS =   6.8425 FM                   *
*                                                                             *
*******************************************************************************

*******************************************************************************
*                                                                             *
*  MULTIPOLE MOMENTS [UNITS:  (10 FERMI)^LAMBDA] [INTRINSIC FRAME]     TOTAL  *
*                                                                             *
*  REAL PART  FOR A NON-NEGATIVE PROJECTION                                   *
*  IMAGINARY PART FOR A NEGATIVE PROJECTION                                   *
*                                                                             *
*******************************************************************************
*                                                                             *
*  Q00 =176.0000  .............  .............  .............  .............  *
*                 .............  .............  .............  .............  *
*                                                                             *
*  Q10 =    ZERO  Q1+1=    ZERO  .............  .............  .............  *
*                 Q1-1=    ZERO  .............  .............  .............  *
*                                                                             *
*  Q20 = 22.8950  Q2+1=    ZERO  Q2+2=  0.7738  .............  .............  *
*                 Q2-1=    ZERO  Q2-2=    ZERO  .............  .............  *
*                                                                             *
*  Q30 =  7.9734  Q3+1=    ZERO  Q3+2= -0.1202  Q3+3=    ZERO  .............  *
*                 Q3-1=    ZERO  Q3-2=    ZERO  Q3-3=    ZERO  .............  *
*                                                                             *
*  Q40 =  4.1877  Q4+1=    ZERO  Q4+2=  0.0506  Q4+3=    ZERO  Q4+4=  0.0015  *
*                 Q4-1=    ZERO  Q4-2=    ZERO  Q4-3=    ZERO  Q4-4=    ZERO  *
*                                                                             *
*******************************************************************************

*******************************************************************************
*                                                                             *
*  BOHR DEFORMATIONS (FIRST-ORDER APPROXIMATION) [INTRINSIC FRAME]     TOTAL  *
*                                                                             *
*  REAL PART  FOR A NON-NEGATIVE PROJECTION                                   *
*  IMAGINARY PART FOR A NEGATIVE PROJECTION                                   *
*                                                                             *
*******************************************************************************
*                                                                             *
*  B10 =    ZERO  B1+1=    ZERO  .............  .............  .............  *
*                 B1-1=    ZERO  .............  .............  .............  *
*                                                                             *
*  B20 =  0.3671  B2+1=    ZERO  B2+2=  0.0124  .............  .............  *
*                 B2-1=    ZERO  B2-2=    ZERO  .............  .............  *
*                                                                             *
*  B30 =  0.5923  B3+1=    ZERO  B3+2= -0.0126  B3+3=    ZERO  .............  *
*                 B3-1=    ZERO  B3-2=    ZERO  B3-3=    ZERO  .............  *
*                                                                             *
*  B40 =  0.4547  B4+1=    ZERO  B4+2=  0.0078  B4+3=    ZERO  B4+4= 2.3E-04  *
*                 B4-1=    ZERO  B4-2=    ZERO  B4-3=    ZERO  B4-4=    ZERO  *
*                                                                             *
*******************************************************************************
*                                                                             *
*  BOHR DENSITY = 0.1312 FM^(-3)  BOHR RADIUS =   6.8425 FM                   *
*                                                                             *
*******************************************************************************

*******************************************************************************
*                                                                             *
*                                ENERGIES (MEV)                               *
*                                                                             *
*******************************************************************************
*                                                                             *
*  KINETIC: (NEU)=  1757.661375    (PRO)=  1219.525850    (TOT)=  2977.187225 *
*  SUM EPS: (NEU)= -2319.548589    (PRO)=  -986.276392    (TOT)= -3305.824981 *
*  PAIRING: (NEU)=    -2.587453    (PRO)=    -1.757783    (TOT)=    -4.345235 *
*  P-REARR: (NEU)=     0.721070    (PRO)=     0.486918    (TOT)=     1.207988 *
*                                                                             *
*  PAIRGAP: (NEU)=     0.574630    (PRO)=    -0.445876    THIS SPACE IS EMPTY *
*  E-FERMI: (NEU)=   -11.807949    (PRO)=    -3.030510    AND AWAITS  YOUR AD *
*                                                                             *
*  COULOMB: (DIR)=   720.677759    (EXC)=   -28.836759    (TOT)=   691.841000 *
*                                                                             *
*  CONSTR. (MULT)=  5224.469331    SLOPE=   343.396855    CORR.=  -171.698428 *
*  CONSTR. (SURF)=     0.000000    SLOPE=     0.000000    CORR.=     0.000000 *
*  CONSTR. (SPIN)=     0.000000    SLOPE=     0.000000    CORR.=     0.000000 *
*  CONSTR. (ISOS)=     0.000000    SLOPE=     0.000000    CORR.=     0.000000 *
*                                                                             *
*  REARRANGEMENT ENERGY FROM THE SKYRME DENSITY-DEPENDENT TERMS=  1113.696867 *
*  ROUTHIAN= TOTAL ENERGY + MULTIPOLE AND (ISO)SPIN CONSTRAINTS=  3919.130851 *
*                                                                             *
*  SPIN-ORB (EVE)=   -52.822983    (ODD)=     0.000000    (TOT)=   -52.822983 *
*  SKYRME:  (EVE)= -4970.021469    (ODD)=     0.000000    (TOT)= -4970.021469 *
*                                                                             *
*  TOTAL:  (STAB)=   183.855685     (SP)= -1121.482794    (FUN)= -1305.338479 *
*                                                                             *
*******************************************************************************

*******************************************************************************
*                                                                             *
*  ITERATION RESTARTED FROM THE DISC, THE FOLLOWING FILE(S) READ:             *
*  ./restart/HFODD_00000070.REC                                        VER=19 *
*                                                                             *
*******************************************************************************
*                                                                             *
* CONVERGENCE REPORT                                                          *
*                                                                             *
*******************************************************************************
*                                                                             *
* ITER     ENERGY     STABILITY    Q_2    GAMMA   SPIN  OMEGA   ANGLE   EPAIR *
*                                                                             *
* 1783 -1305.338479  183.855685  22.908    1.94   0.00  0.000   0.000   -4.35 *
* 1784  1372.307340    1.84E+03  17.044    0.02   0.00  0.000   0.000   -0.01 *
* 1785  1461.101478   -4.17E+04  20.407    0.05   0.00  0.000   0.000    0.30 *
* 1786 -1764.622664   -8.92E+05   8.249   53.16   0.00  0.000   0.000 -744.41 *

 //////////////////// MAXIMUM NUMBER OF ITERATIONS       ////////////////////
 //////////////////// EXCEEDED IN QUABCS                 ////////////////////

*******************************************************************************
*                                                                             *
*  PROCESSOR   EXECUTION  TIMES IN SUBROUTINES                                *
*  INCLUDING THEIR COMPLETE DOWN-CALLING TREES                                *
*                                                                             *
*******************************************************************************
*                                                                             *
*     1563 => HFODD     791 => DENSHF    267 => DIAMAT    245 => HFBSIM       *
*                                                                             *
*      175 => RECORD    164 => QMULCM     74 => PAIMAC     54 => CANQUA       *
*                                                                             *
*       19 => AVEQUA      8 => INTEGH      7 => INTSOR      7 => INTEGD       *
*                                                                             *
*        7 => DENMAC      7 => SPAVER      5 => AVOBSE      3 => INTMUL       *
*                                                                             *
*        3 => MOMETS      3 => NILASP      2 => BEGINC      2 => POWALL       *
*                                                                             *
*        2 => SKFILD      2 => AVANGY      1 => INTMAS      1 => DOBROY       *
*                                                                             *
*        1 => ROTAVR      1 => LINAVR      1 => COUMAT      1 => INTCOU       *
*                                                                             *
*        1 => INTCEN      0 => SKPAIR      0 => INTKIN      0 => AVPARI       *
*                                                                             *
*        0 => QUABCS      0 => AVSIMP      0 => SHICOE      0 => MOMSIF       *
*                                                                             *
*        0 => MOMVMU      0 => MAGMOM      0 => SPIMOM      0 => SHIMOM       *
*                                                                             *
*        0 => SHISIF      0 => SHIMAG      0 => PAXMOM                        *
*                                                                             *
*******************************************************************************
*                                                                             *
*  NUMBERS OF CALLS TO SUBROUTINES                                            *
*                                                                             *
*******************************************************************************
*                                                                             *
*      203 => BEGINC    158 => INTMUL     54 => INTSOR     21 => DIAMAT       *
*                                                                             *
*       18 => INTMAS     18 => INTCEN     17 => INTKIN     16 => AVEQUA       *
*                                                                             *
*       14 => SPAVER     12 => PAXMOM      9 => INTEGH      9 => INTEGD       *
*                                                                             *
*        9 => HFBSIM      9 => QUABCS      8 => CANQUA      8 => AVPARI       *
*                                                                             *
*        8 => DENSHF      8 => DENMAC      8 => PAIMAC      8 => MOMETS       *
*                                                                             *
*        8 => MOMSIF      8 => MOMVMU      8 => MAGMOM      8 => SPIMOM       *
*                                                                             *
*        8 => LINAVR      8 => ROTAVR      8 => SHICOE      5 => RECORD       *
*                                                                             *
*        5 => COUMAT      5 => INTCOU      4 => QMULCM      4 => SKFILD       *
*                                                                             *
*        4 => SKPAIR      4 => DOBROY      4 => SHIMOM      4 => SHISIF       *
*                                                                             *
*        4 => SHIMAG      2 => AVANGY      2 => AVOBSE      2 => AVSIMP       *
*                                                                             *
*        2 => NILASP      1 => HFODD       1 => POWALL                        *
*                                                                             *
*******************************************************************************
*                                                                             *
*  EXECUTION ENDS ON 2016.09.06 AT 13:09:12.636                               *
*                                                                             *
*******************************************************************************
