*******************************************************************************
*                                                                             *
*                     P A R A L L E L    M O D E L                            *
*                                                                             *
*  SIMPLE MPI FRAMEWORK (1 COMMUNICATOR)    :  1 MPI PROCESS per HFODD TASK   *
*  MULTI-THREADING FRAMEWORK WITH OPENMP   :  4 THREADS per HFODD MPI PROCESS *
*                                                                             *
*******************************************************************************
*                                                                             *
*                        __  __ _____  ___   ____   ____                      *
*                       / / / // ___/.' _ \ / __ \ / __ \                     *
*                      / /_/ // /_  / / / // / / // / / /                     *
*                     / __  // __/ / / / // / / // / / /                      *
*                    / / / // /   / /_/ // /_/ // /_/ /                       *
*                   /_/ /_//_/    \___.'/____.'/____.'                        *
*                                                                             *
*                                                                             *
*******************************************************************************
*                                                                             *
*             SKYRME-HARTREE-FOCK-BOGOLYUBOV CODE VERSION: 2.77B              *
*                                                                             *
*              NO SYMMETRY-PLANES AND NO TIME-REVERSAL SYMMETRY               *
*                                                                             *
*                DEFORMED CARTESIAN HARMONIC-OSCILLATOR BASIS                 *
*                                                                             *
*******************************************************************************
*                                                                             *
*             J. DOBACZEWSKI, P. BACZYK, B.G. CARLSSON, J. DUDEK              *
*                 J. ENGEL, Y. GAO, M. KONIECZKA, T. LESINSKI                 *
*                 J. MCDONNELL, P. OLBRATOWSKI, P. POWALOWSKI                 *
*                  M. SADZIAK, J. SARICH, K. SATO, W. SATULA                  *
*             N. SCHUNCK,  J.A. SHEIKH, A. STASZCZAK, M. STOITSOV             *
*             P. TOIVANEN, X.B. WANG, M. ZALEWSKI AND H. ZDUNCZUK             *
*                                                                             *
*                   INSTYTUT FIZYKI TEORETYCZNEJ, WARSZAWA                    *
*                 LAWRENCE LIVERMORE NATIONAL LABORATORY, USA                 *
*                                                                             *
*                                  1993-2016                                  *
*                                                                             *
*******************************************************************************

*******************************************************************************
*                                                                             *
*  CODE COMPILED WITH THE FOLLOWING ARRAY DIMENSIONS AND SWITCHES:            *
*                                                                             *
*******************************************************************************
*                                                                             *
*  NDBASE = 1200  NDSTAT = 1200  NDXHRM =   40  NDYHRM =   40  NDZHRM =   64  *
*                                                                             *
*  NDMAIN =   30  NDMULT =    9  NDMULR =    4  NDLAMB =    9  NDITER = 5000  *
*                                                                             *
*  NDAKNO =    1  NDBKNO =    1  NDPROI =    2  NDCOUL =   80  NDPOLS =   25  *
*                                                                             *
*  NDATKN =   20  NDBTKN =   10  NDPROT =    1  NDPROD =    3                 *
*                                                                             *
*  IPARAL =    0  IPARAT =    0  I_CRAY =    0                                *
*                                                                             *
*                                                                             *
*  PRE-PROCESSOR OPTIONS:                                                     *
*                                                                             *
*       switch_port = 1     switch_diag = 3     switch_essl = 0               *
*                                                                             *
*                           switch_quad = 0     switch_vect = 1               *
*                                                                             *
*******************************************************************************
*                                                                             *
*  EXECUTION BEGINS ON 2016.09.06 AT 12:59:14.800                             *
*                                                                             *
*******************************************************************************
 
*******************************************************************************
*                                                                             *
*  CLASSICAL NUCLEAR SURFACE DEFINED FOR:                    N = 98   Z = 78  *
*                                                                             *
*******************************************************************************
*                                                                             *
*  AL10 =   ZERO  AL11 =   ZERO  .............  .............  .............  *
*                                                                             *
*  AL20 =  0.658  AL21 =   ZERO  AL22 =   ZERO  .............  .............  *
*                                                                             *
*******************************************************************************
*                                                                             *
*                                           HOMEGA=  7.0437  FCHOM0=  0.9628  *
*                                                                             *
*  OSCILLATOR FREQUENCIES: HBAROX=  8.5251  HBAROY=  8.5251  HBAROZ=  4.8085  *
*                                                                             *
*  MOMENTS OF INERTIA:     XMOMFC=114.9480  YMOMFC=114.9480  ZMOMFC= 55.4857  *
*                                                                             *
*  CENTERS OF MASS:        CMSXFC= -0.0000  CMSYFC= -0.0000  CMSZFC= -0.0000  *
*                                                                             *
*******************************************************************************

*******************************************************************************
*                                                                             *
*                           SKYRME FORCE DEFINITION                           *
*                                                                             *
*******************************************************************************
*                                                                             *
* PARAMETER SET HFB1:  T0= -1666.41  T1=   255.23  T2=  1521.28  T3= 12072.51 *
*                                                                             *
* POWER=0.37658031358  X0=  0.14608  X1= -4.82248  X2= -1.35211  X3=  0.00432 *
*                                                                             *
* IETA: J=0  W=1 CM=3  M=1  P=1  T=0 HBM= 20.73553 W0=  44.0677 W0P= 207.6502 *
*                                                                             *
*******************************************************************************

*******************************************************************************
*                                                                             *
*              COUPLING CONSTANTS DEFINING THE SKYRME FUNCTIONAL              *
*                                                                             *
*******************************************************************************
*                                                                             *
*                   TOTAL(T)        SUM(S)      ISOSCALAR(P)  ISOVECTOR(M)    *
*                   --------        ------      ------------  ------------    *
*    CRHO_ =     -894.060074    538.315575       -624.902286    269.157788    *
*    CRHOD =     1008.213640   -507.363897        754.531691   -253.681949    *
*    CLPR_ =       98.335311   -287.870148        -45.599763   -143.935074    *
*    CTAU_ =       33.156062    -48.271535          9.020295    -24.135768    *
*    CSCU_ =        0.000000      0.000000          0.000000      0.000000    *
*    CDIV_ =      -22.033840   -103.825096        -73.946388    -51.912548    *
*                                                                             *
*    CSPI_ =      -60.857026    416.601524        147.443736    208.300762    *
*    CSPID =        2.171385   -503.021127       -249.339179   -251.510564    *
*    CLPS_ =       51.110395     71.467295         86.844042     35.733647    *
*    CCUR_ =      -33.156062     48.271535         -9.020295     24.135768    *
*    CKIS_ =        0.000000      0.000000          0.000000      0.000000    *
*    CROT_ =      -22.033840   -103.825096        -73.946388    -51.912548    *
*                                                                             *
*******************************************************************************

*******************************************************************************
*                                                                             *
*                          NUCLEAR MATTER PROPERTIES                          *
*                                                                             *
*******************************************************************************
*                                                                             *
*     E = -15.8000  rho0 =   0.15625   K =  244.6682   Ms =    0.9364         *
*                   asym =  28.66820   L =   40.1091   Mv =    1.2498         *
*                                                                             *
*******************************************************************************

*******************************************************************************
*                                                                             *
*  PHYSICAL CONSTANTS:     H_BARC=197.32891000           HBCOE2=137.03602000  *
*                                                                             *
*                          XMASSN=938.90590000           XMASSP=938.27231000  *
*                                                                             *
*                          HBMASS= 20.73553000           HBMRPA= 20.73553000  *
*                                                                             *
*                          ECHAR2=  1.43997841           COULEX= -1.06350868  *
*                                                                             *
*******************************************************************************
*                                                                             *
*  OSCILLATOR LENGTHS:     X= 2.2056111      Y= 2.2056111       Z= 2.9368156  *
*                                                                             *
*  OSCILLATOR CONSTANTS:   X= 0.4533891      Y= 0.4533891       Z= 0.3405049  *
*                                                                             *
*  OSCILLATOR FREQUENCIES: X= 8.5251397      Y= 8.5251397       Z= 4.8084599  *
*                                                                             *
*******************************************************************************
*                                                                             *
*  BASIS CUT-OFF CONTROL PARAMETERS:  NXMAXX = 14  NYMAXX = 14  NZMAXX =  25  *
*                                                                             *
*                                     NXHERM = 36  NYHERM = 36  NZHERM =  60  *
*                                                                             *
*                                     NLIMIT=1140  LDBASE=1140  MCOUNT=29791  *
*                                                                             *
*                                     ENECUT= 800.0000      ELIMIT= 133.5567  *
*                                                                             *
*******************************************************************************

*******************************************************************************
*                                                                             *
*   SHAPE OF THE OSCILLATOR-BASIS DIAMOND    (THREE CONSECUTIVE PROJECTIONS)  *
*                                                                             *
*******************************************************************************
*                                                                             *
*        NX ===>>>  0  1  2  3  4  5  6  7  8  9 10 11 12 13 14               *
*        MAX.NY => 14 13 12 11 10  9  8  7  6  5  4  3  2  1  0               *
*                 ---------------------------------------------               *
*   NY= 0  (14)  | 25 23 21 20 18 16 14 13 11  9  7  6  4  2  0               *
*   NY= 1  (13)  | 23 21 20 18 16 14 13 11  9  7  6  4  2  0                  *
*   NY= 2  (12)  | 21 20 18 16 14 13 11  9  7  6  4  2  0                     *
*   NY= 3  (11)  | 20 18 16 14 13 11  9  7  6  4  2  0                        *
*   NY= 4  (10)  | 18 16 14 13 11  9  7  6  4  2  0                           *
*   NY= 5  ( 9)  | 16 14 13 11  9  7  6  4  2  0                              *
*   NY= 6  ( 8)  | 14 13 11  9  7  6  4  2  0                                 *
*   NY= 7  ( 7)  | 13 11  9  7  6  4  2  0                                    *
*   NY= 8  ( 6)  | 11  9  7  6  4  2  0                                       *
*   NY= 9  ( 5)  |  9  7  6  4  2  0                                          *
*   NY=10  ( 4)  |  7  6  4  2  0                                             *
*   NY=11  ( 3)  |  6  4  2  0                                                *
*   NY=12  ( 2)  |  4  2  0                                                   *
*   NY=13  ( 1)  |  2  0                                                      *
*   NY=14  ( 0)  |  0                                                         *
*                                                                             *
*                                                                             *
*        NZ ===>>>  0  1  2  3  4  5  6  7  8  9 10 11 12 13 14 15 16 17 18   *
*        MAX.NY => 14 13 13 12 12 11 11 10  9  9  8  8  7  7  6  5  5  4  4   *
*                 ---------------------------------------------------------   *
*   NY= 0  (25)  | 14 13 13 12 12 11 11 10  9  9  8  8  7  7  6  5  5  4  4   *
*   NY= 1  (23)  | 13 12 12 11 11 10 10  9  8  8  7  7  6  6  5  4  4  3  3   *
*   NY= 2  (21)  | 12 11 11 10 10  9  9  8  7  7  6  6  5  5  4  3  3  2  2   *
*   NY= 3  (20)  | 11 10 10  9  9  8  8  7  6  6  5  5  4  4  3  2  2  1  1   *
*   NY= 4  (18)  | 10  9  9  8  8  7  7  6  5  5  4  4  3  3  2  1  1  0  0   *
*   NY= 5  (16)  |  9  8  8  7  7  6  6  5  4  4  3  3  2  2  1  0  0         *
*   NY= 6  (14)  |  8  7  7  6  6  5  5  4  3  3  2  2  1  1  0               *
*   NY= 7  (13)  |  7  6  6  5  5  4  4  3  2  2  1  1  0  0                  *
*   NY= 8  (11)  |  6  5  5  4  4  3  3  2  1  1  0  0                        *
*   NY= 9  ( 9)  |  5  4  4  3  3  2  2  1  0  0                              *
*   NY=10  ( 7)  |  4  3  3  2  2  1  1  0                                    *
*   NY=11  ( 6)  |  3  2  2  1  1  0  0                                       *
*   NY=12  ( 4)  |  2  1  1  0  0                                             *
*   NY=13  ( 2)  |  1  0  0                                                   *
*   NY=14  ( 0)  |  0                                                         *
*                                                                             *
*                                                                             *
*        NZ ===>>>  0  1  2  3  4  5  6  7  8  9 10 11 12 13 14 15 16 17 18   *
*        MAX.NX => 14 13 13 12 12 11 11 10  9  9  8  8  7  7  6  5  5  4  4   *
*                 ---------------------------------------------------------   *
*   NX= 0  (25)  | 14 13 13 12 12 11 11 10  9  9  8  8  7  7  6  5  5  4  4   *
*   NX= 1  (23)  | 13 12 12 11 11 10 10  9  8  8  7  7  6  6  5  4  4  3  3   *
*   NX= 2  (21)  | 12 11 11 10 10  9  9  8  7  7  6  6  5  5  4  3  3  2  2   *
*   NX= 3  (20)  | 11 10 10  9  9  8  8  7  6  6  5  5  4  4  3  2  2  1  1   *
*   NX= 4  (18)  | 10  9  9  8  8  7  7  6  5  5  4  4  3  3  2  1  1  0  0   *
*   NX= 5  (16)  |  9  8  8  7  7  6  6  5  4  4  3  3  2  2  1  0  0         *
*   NX= 6  (14)  |  8  7  7  6  6  5  5  4  3  3  2  2  1  1  0               *
*   NX= 7  (13)  |  7  6  6  5  5  4  4  3  2  2  1  1  0  0                  *
*   NX= 8  (11)  |  6  5  5  4  4  3  3  2  1  1  0  0                        *
*   NX= 9  ( 9)  |  5  4  4  3  3  2  2  1  0  0                              *
*   NX=10  ( 7)  |  4  3  3  2  2  1  1  0                                    *
*   NX=11  ( 6)  |  3  2  2  1  1  0  0                                       *
*   NX=12  ( 4)  |  2  1  1  0  0                                             *
*   NX=13  ( 2)  |  1  0  0                                                   *
*   NX=14  ( 0)  |  0                                                         *
*                                                                             *
*******************************************************************************

*******************************************************************************
*                                                                             *
* NUCLIDE: N =  98  Z =  78  NUMBER OF ITERATIONS = 1000   CONTINUATION? = 1  *
*                                                                             *
*******************************************************************************
*                                                                             *
* ITERATIONS WILL STOP WHEN THE STABILITY BECOMES LOWER THAN EPSITE=0.300000  *
*                                            FOR    5 CONSECUTIVE ITERATIONS  *
*                                                                             *
*******************************************************************************
*                                                                             *
* ITERATIONS WILL STOP WHEN THE PING-PONG DIVERGENCE OCCURS FOR EPSPNG=0.010  *
*                                DURING    5 PAIRS OF CONSECUTIVE ITERATIONS  *
*                                                                             *
*******************************************************************************
*                                                                             *
* ITERATIONS WILL STOP FOR CHAOTIC-DIVERGENCE CONDITION OCCURING   20  TIMES  *
*                                                                             *
*******************************************************************************
*                                                                             *
* SLOW-DOWN PARAMETERS:                                                       *
* TIME-EVEN = 0.85   TIME-ODD = 0.85   PAIRING = 0.85   LIPKIN-NOGAMI = 0.85  *
*                    LIP-MASS = 0.50   LIP-MOI = 0.50   LIPKIN-METHOD = 0.50  *
*                                                                             *
*******************************************************************************
*                                                                             *
* BROYDEN METHOD IS:  ON                                                      *
*                                                                             *
*    TRIGGERED ONLY WHEN STABILITY IS LOWER THAN :  1000.000 MEV              *
*    INITIAL SLOWING FACTOR (BEFORE TRIGGER)     :     0.85 (=SLOWEV)         *
*    BROYDEN SLOWING FACTOR (AFTER  TRIGGER)     :     0.40 (=1-ALPHAM)       *
*    NUMBER OF ITERATIONS RETAINED IN MEMORY     :    10                      *
*                                                                             *
*******************************************************************************
*                                                                             *
* DIRECT COULOMB TERMS SOLVED BY GREEN FUNCTION AND FOURIER TRANSFORM METHOD  *
* COULOMB PARAMETERS:  NUMCOU = 80  NUMETA = 79  BOUCOU = 20.0  FURMAX =0.25  *
*                                                                             *
*******************************************************************************
*                                                                             *
* EXCHANGE COULOMB TERMS TREATED BY THE SLATER APPROXIMATION                  *
*                                                                             *
*******************************************************************************
*                                                                             *
* MAXIMUM NUMBERS OF MULTIPOLE MOMENTS USED FOR THE CONSTRAINTS,    NMUCON=4  *
*                                           FOR THE COULOMB FIELD,  NMUCOU=4  *
*                                           FOR THE OUTPUT INFO,    NMUPRI=4  *
*                                                                             *
*******************************************************************************
*                                                                             *
* MULTIPOLE CONSTRAINTS: LAMBDA= 2  MIU= 0  MOMENT=173.000  STIFFNESS= 0.500  *
*                        LAMBDA= 3  MIU= 0  MOMENT= 36.000  STIFFNESS= 0.500  *
*                                                                             *
*******************************************************************************
*                                                                             *
* LINEAR MULTIPOLE CONSTRAINTS: LAMBDA= 2  MIU= 0  LAGRANGE PAR. USED= 0.000  *
*                               LAMBDA= 3  MIU= 0  LAGRANGE PAR. USED= 0.000  *
*                                                                             *
*******************************************************************************
*                                                                             *
* THE LAGRANGE PARAMETERS OF THE LINEAR CONSTRAINTS ARE RE-ADJUSTED AT EACH   *
* ITERATION BY USING THE CRANKING APPROXIMATION OF THE RPA MATRIX             *
*                                                                             *
*******************************************************************************
*                                                                             *
* PRINTING THE RESULTS FOR THE FOLLOWING ITERATIONS:         THE  FIRST: YES  *
*                                                            THE MIDDLE:  NO  *
*                                                     AND/OR THE   LAST: YES  *
*                                                                             *
*******************************************************************************
*                                                                             *
* PRINTING THE MOMENTS, RADII, AND DEFORMATIONS FOR:           NEUTRONS: YES  *
*                                                              PROTONS : YES  *
*                                                              MASS    : YES  *
*                                                                             *
*******************************************************************************
*                                                                             *
* PRINTING THE MOMENTS, MOMENTA AND DEFORMATIONS IN THE INTRINSIC FRAME: YES  *
*                                                                             *
*******************************************************************************
*                                                                             *
* NILSSON LABELS OF SINGLE-PARTICLE STATES SHOWN WITH RESPECT TO THE: Z-AXIS  *
*                                                                             *
*******************************************************************************
*                                                                             *
* CALCULATIONS WITH THE HFB PAIRING CORRELATIONS                              *
*                                                                             *
*******************************************************************************
*                                                                             *
* CONTACT PAIRING INTERACTION:     V0        V1       RHO-SAT      POWER      *
*                    NEUTRONS:  -234.380   732.438     0.320     1.0000000    *
*                     PROTONS:  -260.437   813.866     0.320     1.0000000    *
*                                                                             *
*******************************************************************************
*                                                                             *
* CUTOFF ENERGY DEFINING THE ACTIVE HFB PAIRING SPACE=      60.000            *
*                                                                             *
*******************************************************************************
*                                                                             *
* CALCULATIONS WITH SIMPLEX SYMMETRY                                          *
*                                                                             *
*******************************************************************************
*                                                                             *
* CALCULATIONS WITH TIME-ODD SYMMETRIES:        T*SIMPLEX_X =>     CONSERVED  *
*                                               T*SIMPLEX_Y =>     CONSERVED  *
*                                               T*SIMPLEX_Z => NON CONSERVED  *
*                                                                             *
*******************************************************************************
*                                                                             *
* CALCULATIONS WITHOUT ROTATION                                               *
*                                                                             *
*******************************************************************************

*******************************************************************************
*                                                                             *
*  CALLING SUBROUTINE "RECORD" TO READ THE REPLAY FILE OBTAINED PREVIOUSLY    *
*  ./restart/HFODD_00000020.REC                                               *
*                                                                             *
*******************************************************************************

*******************************************************************************
*                                                                             *
*  SINGLE-QUASIPARTICLE PROPERTIES:                                NEUTRONS   *
*                                                                             *
*******************************************************************************
*                                                                             *
*  NO)   ENERGY   (S=+,S=-)       PARITY   V2QUAP   EEQUIV   DEQUIV   V_CORR  *
*                                                                             *
*  59)    9.954   (  0, 30)        0.787  0.99687  -19.493    1.113  0.99780  *
*  60)    9.954   ( 30,  0)        0.787  0.99687  -19.493    1.113  0.99780  *
*  61)    9.115   ( 31,  0)       -0.592  0.99638  -18.650    1.095  0.99699  *
*  62)    9.115   (  0, 31)       -0.592  0.99638  -18.650    1.095  0.99699  *
*  63)    8.795   ( 32,  0)       -0.459  0.99671  -18.338    1.007  0.99705  *
*  64)    8.795   (  0, 32)       -0.459  0.99671  -18.338    1.007  0.99705  *
*  65)    8.565   ( 33,  0)        0.382  0.99838  -18.139    0.690  0.99845  *
*  66)    8.565   (  0, 33)        0.382  0.99838  -18.139    0.690  0.99845  *
*  67)    8.601   ( 34,  0)       -0.770  0.99280  -18.079    1.454  0.99331  *
*  68)    8.601   (  0, 34)       -0.770  0.99280  -18.079    1.454  0.99331  *
*  69)    8.206   (  0, 35)       -0.743  0.99850  -17.783    0.636  0.99843  *
*  70)    8.206   ( 35,  0)       -0.743  0.99850  -17.783    0.636  0.99843  *
*  71)    7.573   ( 36,  0)       -0.904  0.99846  -17.151    0.594  0.99806  *
*  72)    7.573   (  0, 36)       -0.904  0.99846  -17.151    0.594  0.99806  *
*  73)    7.511   ( 37,  0)       -0.774  0.99790  -17.081    0.688  0.99730  *
*  74)    7.511   (  0, 37)       -0.774  0.99790  -17.081    0.688  0.99730  *
*  75)    7.438   (  0, 38)        0.040  0.99217  -16.923    1.311  0.98994  *
*  76)    7.438   ( 38,  0)        0.040  0.99217  -16.923    1.311  0.98994  *
*  77)    5.964   ( 39,  0)        0.747  0.99793  -15.540    0.542  0.99483  *
*  78)    5.964   (  0, 39)        0.747  0.99793  -15.540    0.542  0.99483  *
*  79)    5.650   (  0, 40)        0.044  0.99762  -15.225    0.551  0.99278  *
*  80)    5.650   ( 40,  0)        0.044  0.99762  -15.225    0.551  0.99278  *
*  81)    5.480   (  0, 41)        0.147  0.99674  -15.045    0.625  0.98896  *
*  82)    5.480   ( 41,  0)        0.147  0.99674  -15.045    0.625  0.98896  *
*  83)    5.182   (  0, 42)        0.736  0.99685  -14.750    0.581  0.98644  *
*  84)    5.182   ( 42,  0)        0.736  0.99685  -14.750    0.581  0.98644  *
*  85)    5.087   (  0, 43)        0.376  0.99683  -14.656    0.572  0.98514  *
*  86)    5.087   ( 43,  0)        0.376  0.99683  -14.656    0.572  0.98514  *
*  87)    4.600   (  0, 44)       -0.201  0.99504  -14.156    0.647  0.96190  *
*  88)    4.600   ( 44,  0)       -0.201  0.99504  -14.156    0.647  0.96190  *
*  89)    4.607   (  0, 45)        0.746  0.99226  -14.137    0.808  0.94545  *
*  90)    4.607   ( 45,  0)        0.746  0.99226  -14.137    0.808  0.94545  *
*  91)    4.559   (  0, 46)        0.517  0.99643  -14.128    0.544  0.96976  *
*  92)    4.559   ( 46,  0)        0.517  0.99643  -14.128    0.544  0.96976  *
*  93)    4.227   (  0, 47)        0.714  0.99496  -13.785    0.599  0.93186  *
*  94)    4.227   ( 47,  0)        0.714  0.99496  -13.785    0.599  0.93186  *
*  95)    4.948   (  0, 48)        0.104  0.89925  -13.552    2.979  0.79404  *
*  96)    4.948   ( 48,  0)        0.104  0.89925  -13.552    2.979  0.79404  *
*  97)    3.550   ( 49,  0)       -0.879  0.99424  -13.111    0.537  0.68299  *
*  98)    3.550   (  0, 49)       -0.879  0.99424  -13.111    0.537  0.68299  *
* 101)    2.864   ( 51,  0)       -0.252  0.99101  -12.414    0.541  0.31290  *
* 102)    2.864   (  0, 51)       -0.252  0.99101  -12.414    0.541  0.31290  *
* 103)    2.436   (  0, 52)       -0.841  0.98478  -11.963    0.596  0.23257  *
* 104)    2.436   ( 52,  0)       -0.841  0.98478  -11.963    0.596  0.23257  *
* 105)    2.409   ( 53,  0)       -0.821  0.98830  -11.954    0.518  0.20419  *
* 106)    2.409   (  0, 53)       -0.821  0.98830  -11.954    0.518  0.20419  *
* 107)    1.724   (  0, 54)       -0.726  0.97663  -11.244    0.521  0.13459  *
* 108)    1.724   ( 54,  0)       -0.726  0.97663  -11.244    0.521  0.13459  *
* 111)    1.208   (  0, 56)       -0.160  0.93800  -10.659    0.582  0.11834  *
* 112)    1.208   ( 56,  0)       -0.160  0.93800  -10.659    0.582  0.11834  *
* 113)    0.851   (  0, 57)       -0.218  0.89417  -10.272    0.524  0.09505  *
* 114)    0.851   ( 57,  0)       -0.218  0.89417  -10.272    0.524  0.09505  *
* 115)    0.853   (  0, 58)       -0.128  0.88990  -10.267    0.534  0.09700  *
* 116)    0.853   ( 58,  0)       -0.128  0.88990  -10.267    0.534  0.09700  *
* 117)    0.702   (  0, 59)       -0.473  0.82479  -10.058    0.534  0.09404  *
* 118)    0.702   ( 59,  0)       -0.473  0.82479  -10.058    0.534  0.09404  *
* 119)    0.656   (  0, 60)        0.452  0.83057  -10.035    0.492  0.08595  *
* 120)    0.656   ( 60,  0)        0.452  0.83057  -10.035    0.492  0.08595  *
* 121)    0.581   ( 61,  0)        0.416  0.78501   -9.933    0.478  0.08311  *
* 122)    0.581   (  0, 61)        0.416  0.78501   -9.933    0.478  0.08311  *
* 123)    0.538   (  0, 62)        0.665  0.71328   -9.831    0.487  0.08611  *
* 124)    0.538   ( 62,  0)        0.665  0.71328   -9.831    0.487  0.08611  *
* 125)    0.501   ( 63,  0)        0.490  0.55371   -9.655    0.498  0.09505  *
* 126)    0.501   (  0, 63)        0.490  0.55371   -9.655    0.498  0.09505  *
* 127)    0.922   ( 64,  0)        0.694  0.05325   -8.778    0.414  0.20443  *
* 128)    0.922   (  0, 64)        0.694  0.05325   -8.778    0.414  0.20443  *
* 129)    0.998   (  0, 65)        0.922  0.07758   -8.759    0.534  0.21700  *
* 130)    0.998   ( 65,  0)        0.922  0.07758   -8.759    0.534  0.21700  *
* 131)    1.208   ( 66,  0)        0.378  0.05070   -8.516    0.530  0.25280  *
* 132)    1.208   (  0, 66)        0.378  0.05070   -8.516    0.530  0.25280  *
* 135)    1.576   ( 68,  0)        0.430  0.02968   -8.119    0.535  0.30729  *
* 136)    1.576   (  0, 68)        0.430  0.02968   -8.119    0.535  0.30729  *
* 137)    1.552   ( 69,  0)        0.746  0.01692   -8.102    0.400  0.30407  *
* 138)    1.552   (  0, 69)        0.746  0.01692   -8.102    0.400  0.30407  *
* 139)    1.697   ( 70,  0)        0.754  0.01845   -7.967    0.457  0.32343  *
* 140)    1.697   (  0, 70)        0.754  0.01845   -7.967    0.457  0.32343  *
* 141)    2.097   ( 71,  0)        0.490  0.01604   -7.571    0.527  0.37169  *
* 142)    2.097   (  0, 71)        0.490  0.01604   -7.571    0.527  0.37169  *
* 143)    2.580   (  0, 72)       -0.719  0.00917   -7.069    0.492  0.42125  *
* 144)    2.580   ( 72,  0)       -0.719  0.00917   -7.069    0.492  0.42125  *
* 147)    3.551   (  0, 74)       -0.051  0.00520   -6.087    0.511  0.50051  *
* 148)    3.551   ( 74,  0)       -0.051  0.00520   -6.087    0.511  0.50051  *
* 149)    3.621   ( 75,  0)       -0.447  0.00457   -6.014    0.488  0.50533  *
* 150)    3.621   (  0, 75)       -0.447  0.00457   -6.014    0.488  0.50533  *
* 151)    3.722   ( 76,  0)        0.332  0.00606   -5.925    0.578  0.51235  *
* 152)    3.722   (  0, 76)        0.332  0.00606   -5.925    0.578  0.51235  *
* 153)    3.851   ( 77,  0)       -0.683  0.00266   -5.771    0.397  0.52065  *
* 154)    3.851   (  0, 77)       -0.683  0.00266   -5.771    0.397  0.52065  *
* 155)    3.904   ( 78,  0)       -0.711  0.00322   -5.723    0.443  0.52409  *
* 156)    3.904   (  0, 78)       -0.711  0.00322   -5.723    0.443  0.52409  *
* 157)    4.931   ( 79,  0)        0.073  0.09879   -5.644    2.943  0.59099  *
* 158)    4.931   (  0, 79)        0.073  0.09879   -5.644    2.943  0.59099  *
* 159)    4.074   ( 80,  0)       -0.089  0.00452   -5.564    0.546  0.53484  *
* 160)    4.074   (  0, 80)       -0.089  0.00452   -5.564    0.546  0.53484  *
* 161)    4.220   (  0, 81)        0.047  0.00531   -5.427    0.613  0.54363  *
* 162)    4.220   ( 81,  0)        0.047  0.00531   -5.427    0.613  0.54363  *
* 163)    4.340   ( 82,  0)        0.026  0.00880   -5.337    0.811  0.55092  *
* 164)    4.340   (  0, 82)        0.026  0.00880   -5.337    0.811  0.55092  *
* 165)    4.389   ( 83,  0)        0.406  0.00365   -5.244    0.529  0.55328  *
* 166)    4.389   (  0, 83)        0.406  0.00365   -5.244    0.529  0.55328  *
* 167)    4.595   (  0, 84)       -0.675  0.00211   -5.025    0.421  0.56447  *
* 168)    4.595   ( 84,  0)       -0.675  0.00211   -5.025    0.421  0.56447  *
* 169)    5.027   (  0, 85)       -0.668  0.00240   -4.599    0.492  0.58642  *
* 170)    5.027   ( 85,  0)       -0.668  0.00240   -4.599    0.492  0.58642  *
* 171)    5.107   (  0, 86)        0.846  0.00232   -4.518    0.491  0.59026  *
* 172)    5.107   ( 86,  0)        0.846  0.00232   -4.518    0.491  0.59026  *
* 173)    5.321   ( 87,  0)       -0.439  0.00426   -4.325    0.693  0.60036  *
* 174)    5.321   (  0, 87)       -0.439  0.00426   -4.325    0.693  0.60036  *
* 175)    5.859   ( 88,  0)       -0.145  0.00212   -3.768    0.539  0.62302  *
* 176)    5.859   (  0, 88)       -0.145  0.00212   -3.768    0.539  0.62302  *
* 177)    6.420   (  0, 89)        0.845  0.00105   -3.195    0.417  0.64415  *
* 178)    6.420   ( 89,  0)        0.845  0.00105   -3.195    0.417  0.64415  *
* 179)    6.888   (  0, 90)        0.513  0.00120   -2.730    0.478  0.66014  *
* 180)    6.888   ( 90,  0)        0.513  0.00120   -2.730    0.478  0.66014  *
* 181)    7.238   ( 91,  0)        0.047  0.00748   -2.472    1.247  0.67187  *
* 182)    7.238   (  0, 91)        0.047  0.00748   -2.472    1.247  0.67187  *
* 183)    7.236   ( 92,  0)        0.626  0.00110   -2.382    0.479  0.67109  *
* 184)    7.236   (  0, 92)        0.626  0.00110   -2.382    0.479  0.67109  *
* 185)    7.758   (  0, 93)        0.544  0.00094   -1.858    0.474  0.68626  *
* 186)    7.758   ( 93,  0)        0.544  0.00094   -1.858    0.474  0.68626  *
* 187)    8.071   (  0, 94)        0.059  0.00093   -1.545    0.493  0.69473  *
* 188)    8.071   ( 94,  0)        0.059  0.00093   -1.545    0.493  0.69473  *
* 189)    8.125   (  0, 95)       -0.051  0.00068   -1.487    0.423  0.69613  *
* 190)    8.125   ( 95,  0)       -0.051  0.00068   -1.487    0.423  0.69613  *
* 191)    8.220   ( 96,  0)        0.046  0.00114   -1.400    0.556  0.69863  *
* 192)    8.220   (  0, 96)        0.046  0.00114   -1.400    0.556  0.69863  *
* 193)    8.227   (  0, 97)        0.507  0.00100   -1.391    0.521  0.69879  *
* 194)    8.227   ( 97,  0)        0.507  0.00100   -1.391    0.521  0.69879  *
* 195)    8.386   (  0, 98)       -0.282  0.00164   -1.243    0.679  0.70288  *
* 196)    8.386   ( 98,  0)       -0.282  0.00164   -1.243    0.679  0.70288  *
* 197)    8.485   ( 99,  0)       -0.162  0.00101   -1.134    0.540  0.70525  *
* 198)    8.485   (  0, 99)       -0.162  0.00101   -1.134    0.540  0.70525  *
* 199)    8.881   (  0,100)       -0.424  0.00194   -0.755    0.781  0.71474  *
* 200)    8.881   (100,  0)       -0.424  0.00194   -0.755    0.781  0.71474  *
* 201)    8.886   (101,  0)       -0.098  0.00098   -0.732    0.555  0.71476  *
* 202)    8.886   (  0,101)       -0.098  0.00098   -0.732    0.555  0.71476  *
* 203)    9.108   (  0,102)        0.041  0.00078   -0.508    0.509  0.71973  *
* 204)    9.108   (102,  0)        0.041  0.00078   -0.508    0.509  0.71973  *
* 205)    9.436   (103,  0)       -0.004  0.00142   -0.192    0.711  0.72689  *
* 206)    9.436   (  0,103)       -0.004  0.00142   -0.192    0.711  0.72689  *
* 207)    9.570   (  0,104)       -0.812  0.00777   -0.180    1.681  0.73043  *
* 208)    9.570   (104,  0)       -0.812  0.00777   -0.180    1.681  0.73043  *
* 209)    9.766   (  0,105)        0.014  0.00295    0.107    1.060  0.73384  *
* 210)    9.766   (105,  0)        0.014  0.00295    0.107    1.060  0.73384  *
* 211)    9.848   (  0,106)       -0.883  0.00065    0.234    0.503  0.73521  *
* 212)    9.848   (106,  0)       -0.883  0.00065    0.234    0.503  0.73521  *
*                                                                             *
*1982)   TOTAL=  ( 991, 991)                                                  *
*                                                                             *
*******************************************************************************

*******************************************************************************
*                                                                             *
*  SINGLE-PARTICLE PROPERTIES: CANONICAL                           NEUTRONS   *
*                                                                             *
*******************************************************************************
*                                                                             *
*  NO)   ENERGY   (S=+,S=-)   | N,nz,lz,OMEz>   <P>    <JY>    <SY>   GFACT   *
*                                                                             *
*  53)  -11.977   ( 53,---)   | 5, 2, 3, 5/2>   -84   0.000   0.000   0.135   *
*  54)  -11.956   ( 54,---)   | 5, 2, 1, 1/2>   -82   0.108  -0.043  -0.397   *
*  55)  -11.246   ( 55,---)   | 5, 1, 4, 9/2>   -71   0.000   0.000   0.993   *
*  56)  -10.669   ( 56,---)   | 7, 5, 0, 1/2>   -16  -0.579  -0.359   0.620   *
*  57)  -10.270   ( 57,---)   | 7, 6, 1, 1/2>   -19  -0.005  -0.182  3.E+01   *
*  58)  -10.266   ( 58,---)   | 7, 5, 2, 3/2>   -11   0.001  -0.000  -0.033   *
*  59)  -10.079   ( 59,---)   | 4, 0, 2, 5/2>    68   0.000   0.000   1.430   *
*  60)  -10.056   ( 60,---)   | 7, 4, 3, 7/2>   -45  -0.000  -0.000   0.653   *
*  61)   -9.885   ( 61,---)   | 7, 5, 2, 5/2>    11   0.000  -0.000  -0.034   *
*  62)   -9.827   ( 62,---)   | 6, 3, 1, 3/2>    65  -0.000   0.000  -0.255   *
*  63)   -9.649   ( 63,---)   | 8, 8, 0, 1/2>    48  -2.202  -0.404   0.184   *
*  64)   -8.731   ( 64,---)   | 6, 2, 4, 9/2>    88   0.000   0.000   1.015   *
*  65)   -8.607   ( 65,---)   | 6, 3, 1, 1/2>    61   0.205  -0.050  -0.242   *
*  66)   -8.573   ( 66,---)   | 4, 0, 0, 1/2>    75  -0.228  -0.477   2.095   *
*  67)   -8.084   ( 67,---)   | 6, 3, 3, 5/2>    55   0.000   0.000   0.106   *
*  68)   -7.987   ( 68,---)   | 4, 0, 2, 3/2>    77  -0.000  -0.000   0.586   *
*  69)   -7.905   ( 69,---)   | 4, 0, 4, 7/2>    79  -0.000  -0.000   1.182   *
*  70)   -7.527   ( 70,---)   | 8, 7, 1, 3/2>    39   0.000  -0.000  -0.110   *
*  71)   -6.513   ( 71,---)   | 5, 1, 2, 5/2>   -54   0.000   0.000   1.818   *
*  72)   -5.926   ( 72,---)   | 7, 5, 0, 1/2>   -16  -0.703  -0.344   0.490   *
*  73)   -5.812   ( 73,---)   | 8, 5, 3, 7/2>    16  -0.000  -0.000   0.286   *
*  74)   -5.766   ( 74,---)   | 7, 4, 1, 3/2>   -27  -0.000  -0.000   0.013   *
*  75)   -5.579   ( 75,---)   | 5, 1, 2, 5/2>   -14  -0.000   0.000  -0.187   *
*  76)   -5.498   ( 76,---)   | 5, 0, 5,11/2>   -77   0.000  -0.000  -0.014   *
*  77)   -5.421   ( 77,---)   | 7, 5, 2, 3/2>   -13   0.000   0.000   0.453   *
*  78)   -5.123   ( 78,---)   | 7, 3, 4, 9/2>   -68   0.000   0.000   0.464   *
*  79)   -5.039   ( 79,---)   | 8, 7, 1, 1/2>    27   0.119  -0.207  -1.736   *
*  80)   -4.934   ( 80,---)   | 5, 1, 0, 1/2>   -69  -0.205  -0.448   2.180   *
*  81)   -4.527   ( 81,---)   | 7, 4, 1, 1/2>   -15   0.200  -0.085  -0.425   *
*  82)   -4.379   ( 82,---)   | 5, 1, 2, 3/2>   -74  -0.000  -0.000   0.144   *
*  83)   -4.226   ( 83,---)   | 5, 1, 4, 7/2>   -76  -0.000  -0.000   0.795   *
*  84)   -4.004   ( 84,---)   | 9, 9, 0, 1/2>   -65  -2.484  -0.384   0.155   *
*  85)   -3.928   ( 85,---)   | 6, 2, 2, 5/2>    84   0.000   0.000   0.471   *
*  86)   -3.494   ( 86,---)   | 7, 4, 3, 5/2>   -10  -0.000   0.000  -1.536   *
*  87)   -2.135   ( 87,---)   | 9, 8, 1, 3/2>   -44   0.000   0.000   0.024   *
*  88)   -2.040   ( 88,---)   | 6, 2, 0, 1/2>    75  -0.251  -0.458   1.824   *
*  89)   -1.680   ( 89,---)   | 6, 1, 5,11/2>    75  -0.000  -0.000   0.026   *
*  90)   -1.630   ( 90,---)   | 6, 2, 2, 3/2>    57   0.000  -0.000  -0.103   *
*  91)   -1.235   ( 91,---)   | 6, 2, 4, 7/2>    81   0.000  -0.000  -0.105   *
*  92)   -0.974   ( 92,---)   | 8, 5, 3, 7/2>    12  -0.000  -0.000   0.903   *
*  93)   -0.919   ( 93,---)   | 8, 4, 4, 9/2>    37  -0.000   0.000  -0.093   *
*  94)   -0.632   ( 94,---)   | 8, 5, 1, 3/2>     8   0.000  -0.000  -0.085   *
*  95)   -0.607   ( 95,---)   | 8, 6, 0, 1/2>    34  -0.722  -0.334   0.462   *
*  96)   -0.229   ( 96,---)   | 9, 7, 2, 5/2>   -16  -0.000  -0.000   0.029   *
*  97)   -0.085   ( 97,---)   | 8, 6, 2, 3/2>    33   0.000   0.000   0.415   *
*                                                                             *
*******************************************************************************

*******************************************************************************
*                                                                             *
*  HFB PAIRING PROPERTIES                                           NEUTRONS  *
*                                                                             *
*  STRENGTH= 0.1818   GAP= 0.5196   FERMI ENERGY=-13.1496   ENERGY=  -1.4853  *
*                                                                             *
*******************************************************************************

*******************************************************************************
*                                                                             *
*  MULTIPOLE MOMENTS [UNITS:  (10 FERMI)^LAMBDA]                    NEUTRONS  *
*                                                                             *
*******************************************************************************
*                                                                             *
*  Q00 = 98.0000  .............  .............  .............  .............  *
*                                                                             *
*  Q10 =  7.8066  Q11 =    ZERO  .............  .............  .............  *
*                                                                             *
*  Q20 = 53.0113  Q21 =    ZERO  Q22 = 3.5E-05  .............  .............  *
*                                                                             *
*  Q30 =  6.4249  Q31 =    ZERO  Q32 = 1.7E-05  Q33 =    ZERO  .............  *
*                                                                             *
*  Q40 = 11.0790  Q41 =    ZERO  Q42 = 1.6E-05  Q43 =    ZERO  Q44 =-5.7E-07  *
*                                                                             *
*******************************************************************************

*******************************************************************************
*                                                                             *
*  ROOT-MEAN-SQUARE AND GEOMETRIC SIZES IN FERMIS                   NEUTRONS  *
*                                                                             *
*  R_RMS =  6.7368     X_RMS =  2.4723    Y_RMS =  2.4723    Z_RMS =  5.7584  *
*                                                                             *
*  R_GEO =  8.6971     X_GEO =  5.5283    Y_GEO =  5.5283    Z_GEO = 12.8762  *
*                                                                             *
*******************************************************************************

*******************************************************************************
*                                                                             *
*  BOHR DEFORMATIONS (FIRST-ORDER APPROXIMATION)                    NEUTRONS  *
*                                                                             *
*******************************************************************************
*                                                                             *
*  B10 =  0.1875  B11 =    ZERO  .............  .............  .............  *
*                                                                             *
*  B20 =  0.9448  B21 =    ZERO  B22 = 6.3E-07  .............  .............  *
*                                                                             *
*  B30 =  0.4174  B31 =    ZERO  B32 = 1.6E-06  B33 =    ZERO  .............  *
*                                                                             *
*  B40 =  0.8277  B41 =    ZERO  B42 = 1.6E-06  B43 =    ZERO  B44 =-6.0E-08  *
*                                                                             *
*******************************************************************************
*                                                                             *
*  BOHR DENSITY = 0.0356 FM^(-3)  BOHR RADIUS =   8.6971 FM                   *
*                                                                             *
*******************************************************************************

*******************************************************************************
*                                                                             *
*  SINGLE-QUASIPARTICLE PROPERTIES:                                 PROTONS   *
*                                                                             *
*******************************************************************************
*                                                                             *
*  NO)   ENERGY   (S=+,S=-)       PARITY   V2QUAP   EEQUIV   DEQUIV   V_CORR  *
*                                                                             *
*  39)    9.679   (  0, 20)        0.819  0.99649  -12.149    1.144  0.99943  *
*  40)    9.679   ( 20,  0)        0.819  0.99649  -12.149    1.144  0.99943  *
*  41)    9.343   (  0, 21)       -0.732  0.99829  -11.849    0.773  0.99971  *
*  42)    9.343   ( 21,  0)       -0.732  0.99829  -11.849    0.773  0.99971  *
*  43)    9.093   ( 22,  0)       -0.557  0.99747  -11.585    0.913  0.99955  *
*  44)    9.093   (  0, 22)       -0.557  0.99747  -11.585    0.913  0.99955  *
*  45)    8.890   ( 23,  0)       -0.208  0.99796  -11.392    0.802  0.99963  *
*  46)    8.890   (  0, 23)       -0.208  0.99796  -11.392    0.802  0.99963  *
*  47)    8.646   (  0, 24)       -0.448  0.99837  -11.156    0.697  0.99969  *
*  48)    8.646   ( 24,  0)       -0.448  0.99837  -11.156    0.697  0.99969  *
*  49)    7.199   ( 25,  0)        0.609  0.99858   -9.717    0.542  0.99966  *
*  50)    7.199   (  0, 25)        0.609  0.99858   -9.717    0.542  0.99966  *
*  51)    6.625   (  0, 26)       -0.594  0.99723   -9.126    0.696  0.99926  *
*  52)    6.625   ( 26,  0)       -0.594  0.99723   -9.126    0.696  0.99926  *
*  53)    6.379   (  0, 27)       -0.749  0.99854   -8.899    0.487  0.99959  *
*  54)    6.379   ( 27,  0)       -0.749  0.99854   -8.899    0.487  0.99959  *
*  55)    6.386   (  0, 28)        0.722  0.99570   -8.869    0.835  0.99880  *
*  56)    6.386   ( 28,  0)        0.722  0.99570   -8.869    0.835  0.99880  *
*  57)    6.106   ( 29,  0)        0.254  0.99672   -8.604    0.698  0.99902  *
*  58)    6.106   (  0, 29)        0.254  0.99672   -8.604    0.698  0.99902  *
*  59)    4.601   ( 30,  0)        0.079  0.98356   -6.988    1.170  0.99265  *
*  60)    4.601   (  0, 30)        0.079  0.98356   -6.988    1.170  0.99265  *
*  61)    4.399   ( 31,  0)        0.152  0.99431   -6.887    0.662  0.99723  *
*  62)    4.399   (  0, 31)        0.152  0.99431   -6.887    0.662  0.99723  *
*  63)    4.310   ( 32,  0)        0.734  0.99483   -6.804    0.618  0.99739  *
*  64)    4.310   (  0, 32)        0.734  0.99483   -6.804    0.618  0.99739  *
*  65)    3.722   ( 33,  0)       -0.521  0.99533   -6.225    0.508  0.99696  *
*  66)    3.722   (  0, 33)       -0.521  0.99533   -6.225    0.508  0.99696  *
*  67)    3.111   ( 34,  0)       -0.368  0.99248   -5.603    0.538  0.99311  *
*  68)    3.111   (  0, 34)       -0.368  0.99248   -5.603    0.538  0.99311  *
*  69)    3.052   (  0, 35)        0.355  0.99325   -5.549    0.500  0.99355  *
*  70)    3.052   ( 35,  0)        0.355  0.99325   -5.549    0.500  0.99355  *
*  71)    2.297   (  0, 36)       -0.746  0.98931   -4.787    0.472  0.97982  *
*  72)    2.297   ( 36,  0)       -0.746  0.98931   -4.787    0.472  0.97982  *
*  73)    2.058   (  0, 37)       -0.506  0.98495   -4.534    0.501  0.96148  *
*  74)    2.058   ( 37,  0)       -0.506  0.98495   -4.534    0.501  0.96148  *
*  75)    1.971   ( 38,  0)       -0.190  0.98343   -4.444    0.503  0.95173  *
*  76)    1.971   (  0, 38)       -0.190  0.98343   -4.444    0.503  0.95173  *
*  77)    1.896   (  0, 39)       -0.871  0.98062   -4.361    0.523  0.93732  *
*  78)    1.896   ( 39,  0)       -0.871  0.98062   -4.361    0.523  0.93732  *
*  79)    1.101   ( 40,  0)       -0.760  0.93528   -3.496    0.542  0.51445  *
*  80)    1.101   (  0, 40)       -0.760  0.93528   -3.496    0.542  0.51445  *
*  81)    0.575   ( 41,  0)        0.668  0.70949   -2.779    0.522  0.27489  *
*  82)    0.575   (  0, 41)        0.668  0.70949   -2.779    0.522  0.27489  *
*  83)    0.496   ( 42,  0)        0.150  0.50326   -2.541    0.496  0.26070  *
*  84)    0.496   (  0, 42)        0.150  0.50326   -2.541    0.496  0.26070  *
*  85)    0.494   (  0, 43)        0.161  0.46463   -2.503    0.493  0.26252  *
*  86)    0.494   ( 43,  0)        0.161  0.46463   -2.503    0.493  0.26252  *
*  87)    0.632   (  0, 44)        0.747  0.23289   -2.201    0.534  0.32984  *
*  88)    0.632   ( 44,  0)        0.747  0.23289   -2.201    0.534  0.32984  *
*  89)    0.666   (  0, 45)        0.467  0.17066   -2.099    0.501  0.34313  *
*  90)    0.666   ( 45,  0)        0.467  0.17066   -2.099    0.501  0.34313  *
*  91)    0.977   ( 46,  0)        0.125  0.08169   -1.721    0.535  0.43675  *
*  92)    0.977   (  0, 46)        0.125  0.08169   -1.721    0.535  0.43675  *
*  93)    1.072   (  0, 47)       -0.122  0.05483   -1.584    0.488  0.45930  *
*  94)    1.072   ( 47,  0)       -0.122  0.05483   -1.584    0.488  0.45930  *
*  95)    1.235   (  0, 48)       -0.247  0.05801   -1.446    0.577  0.49555  *
*  96)    1.235   ( 48,  0)       -0.247  0.05801   -1.446    0.577  0.49555  *
*  97)    1.466   ( 49,  0)        0.397  0.03079   -1.162    0.507  0.53720  *
*  98)    1.466   (  0, 49)        0.397  0.03079   -1.162    0.507  0.53720  *
*  99)    1.783   (  0, 50)        0.703  0.01678   -0.815    0.458  0.58457  *
* 100)    1.783   ( 50,  0)        0.703  0.01678   -0.815    0.458  0.58457  *
* 101)    2.379   ( 51,  0)       -0.765  0.01212   -0.217    0.521  0.65238  *
* 102)    2.379   (  0, 51)       -0.765  0.01212   -0.217    0.521  0.65238  *
* 103)    2.807   ( 52,  0)       -0.097  0.00846    0.221    0.514  0.68859  *
* 104)    2.807   (  0, 52)       -0.097  0.00846    0.221    0.514  0.68859  *
* 105)    3.202   (  0, 53)       -0.813  0.00626    0.623    0.505  0.71589  *
* 106)    3.202   ( 53,  0)       -0.813  0.00626    0.623    0.505  0.71589  *
* 107)    3.395   (  0, 54)       -0.672  0.00551    0.820    0.503  0.72761  *
* 108)    3.395   ( 54,  0)       -0.672  0.00551    0.820    0.503  0.72761  *
* 109)    4.304   ( 55,  0)       -0.586  0.00382    1.733    0.531  0.77189  *
* 110)    4.304   (  0, 55)       -0.586  0.00382    1.733    0.531  0.77189  *
* 111)    4.653   (  0, 56)        0.134  0.01848    1.943    1.253  0.78701  *
* 112)    4.653   ( 56,  0)        0.134  0.01848    1.943    1.253  0.78701  *
* 113)    4.838   (  0, 57)       -0.099  0.00278    2.273    0.509  0.79172  *
* 114)    4.838   ( 57,  0)       -0.099  0.00278    2.273    0.509  0.79172  *
* 115)    5.014   ( 58,  0)       -0.187  0.00251    2.451    0.501  0.79753  *
* 116)    5.014   (  0, 58)       -0.187  0.00251    2.451    0.501  0.79753  *
* 117)    5.178   (  0, 59)        0.174  0.00338    2.605    0.601  0.80276  *
* 118)    5.178   ( 59,  0)        0.174  0.00338    2.605    0.601  0.80276  *
* 119)    5.207   (  0, 60)        0.024  0.00248    2.642    0.518  0.80354  *
* 120)    5.207   ( 60,  0)        0.024  0.00248    2.642    0.518  0.80354  *
* 121)    5.771   (  0, 61)        0.380  0.00304    3.197    0.636  0.81934  *
* 122)    5.771   ( 61,  0)        0.380  0.00304    3.197    0.636  0.81934  *
* 123)    6.137   ( 62,  0)        0.556  0.00429    3.546    0.802  0.82841  *
* 124)    6.137   (  0, 62)        0.556  0.00429    3.546    0.802  0.82841  *
* 125)    6.752   (  0, 63)        0.885  0.00132    4.196    0.491  0.84128  *
* 126)    6.752   ( 63,  0)        0.885  0.00132    4.196    0.491  0.84128  *
* 127)    6.849   ( 64,  0)       -0.009  0.00197    4.284    0.607  0.84324  *
* 128)    6.849   (  0, 64)       -0.009  0.00197    4.284    0.607  0.84324  *
* 129)    6.863   ( 65,  0)        0.410  0.00123    4.308    0.480  0.84343  *
* 130)    6.863   (  0, 65)        0.410  0.00123    4.308    0.480  0.84343  *
* 131)    7.044   ( 66,  0)        0.348  0.00118    4.490    0.484  0.84684  *
* 132)    7.044   (  0, 66)        0.348  0.00118    4.490    0.484  0.84684  *
* 133)    7.627   ( 67,  0)        0.730  0.00087    5.076    0.450  0.85684  *
* 134)    7.627   (  0, 67)        0.730  0.00087    5.076    0.450  0.85684  *
* 135)    7.779   ( 68,  0)        0.474  0.00125    5.221    0.550  0.85927  *
* 136)    7.779   (  0, 68)        0.474  0.00125    5.221    0.550  0.85927  *
* 137)    8.632   ( 69,  0)        0.648  0.00054    6.085    0.403  0.87134  *
* 138)    8.632   (  0, 69)        0.648  0.00054    6.085    0.403  0.87134  *
* 139)    8.818   (  0, 70)       -0.056  0.00206    6.244    0.799  0.87385  *
* 140)    8.818   ( 70,  0)       -0.056  0.00206    6.244    0.799  0.87385  *
* 141)    9.365   (  0, 71)       -0.334  0.00231    6.783    0.900  0.88035  *
* 142)    9.365   ( 71,  0)       -0.334  0.00231    6.783    0.900  0.88035  *
* 143)    9.344   ( 72,  0)       -0.069  0.00088    6.790    0.553  0.88000  *
* 144)    9.344   (  0, 72)       -0.069  0.00088    6.790    0.553  0.88000  *
* 145)    9.372   (  0, 73)        0.093  0.00068    6.821    0.487  0.88029  *
* 146)    9.372   ( 73,  0)        0.093  0.00068    6.821    0.487  0.88029  *
* 147)    9.504   ( 74,  0)       -0.389  0.00155    6.937    0.747  0.88183  *
* 148)    9.504   (  0, 74)       -0.389  0.00155    6.937    0.747  0.88183  *
* 149)    9.759   ( 75,  0)       -0.345  0.00078    7.206    0.544  0.88450  *
* 150)    9.759   (  0, 75)       -0.345  0.00078    7.206    0.544  0.88450  *
* 151)    9.844   ( 76,  0)        0.682  0.00307    7.246    1.090  0.88558  *
* 152)    9.844   (  0, 76)        0.682  0.00307    7.246    1.090  0.88558  *
*                                                                             *
*1526)   TOTAL=  ( 763, 763)                                                  *
*                                                                             *
*******************************************************************************

*******************************************************************************
*                                                                             *
*  SINGLE-PARTICLE PROPERTIES: CANONICAL                            PROTONS   *
*                                                                             *
*******************************************************************************
*                                                                             *
*  NO)   ENERGY   (S=+,S=-)   | N,nz,lz,OMEz>   <P>    <JY>    <SY>   GFACT   *
*                                                                             *
*  23)  -11.605   ( 23,---)   | 3, 1, 0, 1/2>   -49  -0.264  -0.373   1.413   *
*  24)  -11.441   ( 24,---)   | 5, 4, 1, 1/2>   -24  -0.852  -0.261   0.306   *
*  25)   -9.792   ( 25,---)   | 4, 2, 2, 3/2>    64  -0.001  -0.000   0.169   *
*  26)   -9.152   ( 26,---)   | 5, 3, 2, 5/2>   -61   0.000   0.000   0.061   *
*  27)   -8.921   ( 27,---)   | 4, 2, 0, 1/2>    69  -0.512  -0.491   0.960   *
*  28)   -8.899   ( 28,---)   | 3, 0, 3, 7/2>   -72  -0.000  -0.000   0.463   *
*  29)   -8.631   ( 29,---)   | 4, 2, 2, 3/2>    24  -0.000   0.000  -0.076   *
*  30)   -6.980   ( 30,---)   | 6, 5, 1, 1/2>    21  -0.363  -0.192   0.531   *
*  31)   -6.915   ( 31,---)   | 6, 6, 0, 1/2>     6  -1.267  -0.344   0.271   *
*  32)   -6.816   ( 32,---)   | 4, 1, 3, 7/2>    70   0.000   0.000   0.007   *
*  33)   -6.231   ( 33,---)   | 5, 3, 2, 3/2>   -52   0.000   0.000   0.222   *
*  34)   -5.743   ( 34,---)   | 5, 3, 0, 1/2>   -42  -0.501  -0.441   0.880   *
*  35)   -5.553   ( 35,---)   | 6, 4, 2, 5/2>    36   0.000  -0.000  -5.070   *
*  36)   -4.788   ( 36,---)   | 3, 0, 3, 5/2>   -74   0.000  -0.000  -0.018   *
*  37)   -4.543   ( 37,---)   | 3, 0, 1, 3/2>   -53  -0.000  -0.000   1.137   *
*  38)   -4.448   ( 38,---)   | 3, 0, 1, 3/2>   -16  -0.000  -0.000   0.316   *
*  39)   -4.367   ( 39,---)   | 5, 2, 3, 7/2>   -87   0.000   0.000   0.088   *
*  40)   -3.542   ( 40,---)   | 3, 0, 1, 1/2>   -76   0.183  -0.009  -0.047   *
*  41)   -2.788   ( 41,---)   | 4, 1, 1, 3/2>    69  -0.000  -0.000   0.850   *
*  42)   -2.549   ( 42,---)   | 7, 6, 1, 1/2>    12  -0.293  -0.202   0.690   *
*  43)   -2.492   ( 43,---)   | 6, 5, 1, 1/2>    16  -0.474  -0.291   0.614   *
*  44)   -2.196   ( 44,---)   | 4, 1, 3, 5/2>    71   0.000  -0.000  -1.380   *
*  45)   -2.088   ( 45,---)   | 6, 4, 2, 3/2>    33  -0.000  -0.000   0.521   *
*  46)   -1.689   ( 46,---)   | 4, 1, 1, 1/2>    11  -0.998  -0.205   0.205   *
*  47)   -1.575   ( 47,---)   | 6, 4, 2, 5/2>   -14   0.000  -0.000  -0.400   *
*  48)   -1.397   ( 48,---)   | 4, 1, 1, 1/2>    24  -0.469  -0.283   0.603   *
*  49)   -1.136   ( 49,---)   | 6, 3, 3, 7/2>    62   0.000  -0.000  -0.005   *
*  50)   -0.775   ( 50,---)   | 4, 0, 4, 9/2>    77  -0.000  -0.000   0.741   *
*  51)   -0.114   ( 51,---)   | 5, 2, 1, 3/2>   -76  -0.000  -0.000   1.855   *
*                                                                             *
*******************************************************************************

*******************************************************************************
*                                                                             *
*  HFB PAIRING PROPERTIES                                            PROTONS  *
*                                                                             *
*  STRENGTH= 0.1178   GAP=-0.4995   FERMI ENERGY= -3.8134   ENERGY=  -2.1182  *
*                                                                             *
*******************************************************************************

*******************************************************************************
*                                                                             *
*  MULTIPOLE MOMENTS [UNITS:  (10 FERMI)^LAMBDA]                     PROTONS  *
*                                                                             *
*******************************************************************************
*                                                                             *
*  Q00 = 78.0000  .............  .............  .............  .............  *
*                                                                             *
*  Q10 =  6.5991  Q11 =    ZERO  .............  .............  .............  *
*                                                                             *
*  Q20 = 45.5872  Q21 =    ZERO  Q22 = 2.5E-05  .............  .............  *
*                                                                             *
*  Q30 =  5.6603  Q31 =    ZERO  Q32 = 5.6E-06  Q33 =    ZERO  .............  *
*                                                                             *
*  Q40 =  9.8992  Q41 =    ZERO  Q42 = 9.1E-06  Q43 =    ZERO  Q44 = 1.0E-06  *
*                                                                             *
*******************************************************************************

*******************************************************************************
*                                                                             *
*  ROOT-MEAN-SQUARE AND GEOMETRIC SIZES IN FERMIS                    PROTONS  *
*                                                                             *
*  R_RMS =  6.8525     X_RMS =  2.4313    Y_RMS =  2.4313    Z_RMS =  5.9274  *
*                                                                             *
*  R_GEO =  8.8465     X_GEO =  5.4366    Y_GEO =  5.4366    Z_GEO = 13.2540  *
*                                                                             *
*******************************************************************************

*******************************************************************************
*                                                                             *
*  BOHR DEFORMATIONS (FIRST-ORDER APPROXIMATION)                     PROTONS  *
*                                                                             *
*******************************************************************************
*                                                                             *
*  B10 =  0.1957  B11 =    ZERO  .............  .............  .............  *
*                                                                             *
*  B20 =  0.9866  B21 =    ZERO  B22 = 5.3E-07  .............  .............  *
*                                                                             *
*  B30 =  0.4390  B31 =    ZERO  B32 = 6.2E-07  B33 =    ZERO  .............  *
*                                                                             *
*  B40 =  0.8680  B41 =    ZERO  B42 = 1.1E-06  B43 =    ZERO  B44 = 1.3E-07  *
*                                                                             *
*******************************************************************************
*                                                                             *
*  BOHR DENSITY = 0.0269 FM^(-3)  BOHR RADIUS =   8.8465 FM                   *
*                                                                             *
*******************************************************************************

*******************************************************************************
*                                                                             *
*                  DENSITY INTEGRALS IN THE SKYRME FUNCTIONAL                 *
*                                                                             *
*******************************************************************************
*                                                                             *
*                   TOTAL(T)        SUM(S)      ISOSCALAR(P)  ISOVECTOR(M)    *
*                   --------        ------      ------------  ------------    *
*    DRHO_ =       17.372444      8.797182         17.372444      0.221920    *
*    DRHOD =        7.568395      3.832108          7.568395      0.095820    *
*    DLPR_ =       -3.606338     -1.822584         -3.606338     -0.038831    *
*    DTAU_ =       13.785300      7.043478         13.785300      0.301656    *
*    DSCU_ =        0.119682      0.063513          0.119682      0.007345    *
*    DDIV_ =        0.794953      0.402251          0.794953      0.009548    *
*                                                                             *
*    DSPI_ =        0.000000      0.000000          0.000000      0.000000    *
*    DSPID =        0.000000      0.000000          0.000000      0.000000    *
*    DLPS_ =        0.000000      0.000000          0.000000      0.000000    *
*    DCUR_ =        0.000000      0.000000          0.000000      0.000000    *
*    DKIS_ =        0.000000      0.000000          0.000000      0.000000    *
*    DROT_ =        0.000000      0.000000          0.000000      0.000000    *
*                                                                             *
*******************************************************************************

*******************************************************************************
*                                                                             *
*               CONTRIBUTIONS TO ENERGY IN THE SKYRME FUNCTIONAL              *
*                                                                             *
*******************************************************************************
*                                                                             *
*                 TOTAL(T)        SUM(S)        ISOSCALAR(P)  ISOVECTOR(M)    *
*                 --------        ------        ------------  ------------    *
*    ERHO_ =   -15532.008816   4735.660244     -10856.080147     59.731575    *
*    ERHOD =     7630.558949  -1944.273003       5710.593788    -24.307842    *
*    ELPR_ =     -354.630328    524.667654        164.448139      5.589186    *
*    ETAU_ =      457.066260   -339.999501        124.347466     -7.280708    *
*    ESCU_ =        0.000000      0.000000          0.000000      0.000000    *
*    EDIV_ =      -17.515878    -41.763702        -58.783939     -0.495641    *
*               ============  ============      ============  ============    *
*    SUM EVEN:  -7816.529813   2934.291691      -4915.474693     33.236570    *
*                                                                             *
*    ESPI_ =        0.000000      0.000000          0.000000      0.000000    *
*    ESPID =        0.000000      0.000000          0.000000      0.000000    *
*    ELPS_ =        0.000000      0.000000          0.000000      0.000000    *
*    ECUR_ =        0.000000      0.000000          0.000000      0.000000    *
*    EKIS_ =        0.000000      0.000000          0.000000      0.000000    *
*    EROT_ =        0.000000      0.000000          0.000000      0.000000    *
*               ============  ============      ============  ============    *
*    SUM  ODD:      0.000000      0.000000          0.000000      0.000000    *
*                                                                             *
*******************************************************************************
 
*******************************************************************************
*                                                                             *
*  CENTER-OF-MASS COORDINATES IN FERMIS                                TOTAL  *
*                                                                             *
*  R_CMS =  0.8185     X_CMS =  0.0000    Y_CMS =  0.0000    Z_CMS =  0.8185  *
*                                                                             *
*******************************************************************************

*******************************************************************************
*                                                                             *
*  MULTIPOLE MOMENTS [UNITS:  (10 FERMI)^LAMBDA] [CENT-MASS FRAME]  NEUTRONS  *
*                                                                             *
*******************************************************************************
*                                                                             *
*  Q00 = 98.0000  .............  .............  .............  .............  *
*                                                                             *
*  Q10 = -0.2148  Q11 =    ZERO  .............  .............  .............  *
*                                                                             *
*  Q20 = 51.7685  Q21 =    ZERO  Q22 = 3.5E-05  .............  .............  *
*                                                                             *
*  Q30 =  1.6443  Q31 =    ZERO  Q32 = 1.6E-05  Q33 =    ZERO  .............  *
*                                                                             *
*  Q40 =  9.5847  Q41 =    ZERO  Q42 = 1.0E-05  Q43 =    ZERO  Q44 =-5.7E-07  *
*                                                                             *
*******************************************************************************

*******************************************************************************
*                                                                             *
*  BOHR DEFORMATIONS (FIRST-ORDER APPROXIMATION) [CENT-MASS FRAME]  NEUTRONS  *
*                                                                             *
*******************************************************************************
*                                                                             *
*  B10 = -0.0057  B11 =    ZERO  .............  .............  .............  *
*                                                                             *
*  B20 =  1.1365  B21 =    ZERO  B22 = 7.7E-07  .............  .............  *
*                                                                             *
*  B30 =  0.1461  B31 =    ZERO  B32 = 2.0E-06  B33 =    ZERO  .............  *
*                                                                             *
*  B40 =  1.0864  B41 =    ZERO  B42 = 1.6E-06  B43 =    ZERO  B44 =-9.1E-08  *
*                                                                             *
*******************************************************************************
*                                                                             *
*  BOHR DENSITY = 0.0486 FM^(-3)  BOHR RADIUS =   7.8363 FM                   *
*                                                                             *
*******************************************************************************

*******************************************************************************
*                                                                             *
*  MULTIPOLE MOMENTS [UNITS:  (10 FERMI)^LAMBDA] [CENT-MASS FRAME]   PROTONS  *
*                                                                             *
*******************************************************************************
*                                                                             *
*  Q00 = 78.0000  .............  .............  .............  .............  *
*                                                                             *
*  Q10 =  0.2148  Q11 =    ZERO  .............  .............  .............  *
*                                                                             *
*  Q20 = 44.4718  Q21 =    ZERO  Q22 = 2.5E-05  .............  .............  *
*                                                                             *
*  Q30 =  1.5500  Q31 =    ZERO  Q32 = 4.5E-06  Q33 =    ZERO  .............  *
*                                                                             *
*  Q40 =  8.5639  Q41 =    ZERO  Q42 = 7.5E-06  Q43 =    ZERO  Q44 = 1.0E-06  *
*                                                                             *
*******************************************************************************

*******************************************************************************
*                                                                             *
*  BOHR DEFORMATIONS (FIRST-ORDER APPROXIMATION) [CENT-MASS FRAME]   PROTONS  *
*                                                                             *
*******************************************************************************
*                                                                             *
*  B10 =  0.0071  B11 =    ZERO  .............  .............  .............  *
*                                                                             *
*  B20 =  1.2006  B21 =    ZERO  B22 = 6.6E-07  .............  .............  *
*                                                                             *
*  B30 =  0.1675  B31 =    ZERO  B32 = 6.8E-07  B33 =    ZERO  .............  *
*                                                                             *
*  B40 =  1.1684  B41 =    ZERO  B42 = 1.4E-06  B43 =    ZERO  B44 = 2.0E-07  *
*                                                                             *
*******************************************************************************
*                                                                             *
*  BOHR DENSITY = 0.0375 FM^(-3)  BOHR RADIUS =   7.9207 FM                   *
*                                                                             *
*******************************************************************************

*******************************************************************************
*                                                                             *
*  EULER ANGLES OF THE PRINCIPAL-AXES FRAME IN DEGREES                 TOTAL  *
*                                                                             *
*  ALPHA =180.00000  BETA =  0.00000  GAMMA =  0.00000                        *
*                                                                             *
*******************************************************************************

*******************************************************************************
*                                                                             *
*  ROOT-MEAN-SQUARE AND GEOMETRIC SIZES IN FERMIS                      TOTAL  *
*                                                                             *
*  R_RMS =  6.7883     X_RMS =  2.4543    Y_RMS =  2.4543    Z_RMS =  5.8339  *
*                                                                             *
*  R_GEO =  8.7637     X_GEO =  5.4879    Y_GEO =  5.4879    Z_GEO = 13.0450  *
*                                                                             *
*******************************************************************************

*******************************************************************************
*                                                                             *
*  MULTIPOLE MOMENTS [UNITS:  (10 FERMI)^LAMBDA]                       TOTAL  *
*                                                                             *
*******************************************************************************
*                                                                             *
*  Q00 =176.0000  .............  .............  .............  .............  *
*                                                                             *
*  Q10 = 14.4057  Q11 =    ZERO  .............  .............  .............  *
*                                                                             *
*  Q20 = 98.5985  Q21 =    ZERO  Q22 = 6.0E-05  .............  .............  *
*                                                                             *
*  Q30 = 12.0852  Q31 =    ZERO  Q32 = 2.3E-05  Q33 =    ZERO  .............  *
*                                                                             *
*  Q40 = 20.9782  Q41 =    ZERO  Q42 = 2.5E-05  Q43 =    ZERO  Q44 = 4.5E-07  *
*                                                                             *
*******************************************************************************

*******************************************************************************
*                                                                             *
*  BOHR DEFORMATIONS (FIRST-ORDER APPROXIMATION)                       TOTAL  *
*                                                                             *
*******************************************************************************
*                                                                             *
*  B10 =  0.1912  B11 =    ZERO  .............  .............  .............  *
*                                                                             *
*  B20 =  0.9637  B21 =    ZERO  B22 = 5.8E-07  .............  .............  *
*                                                                             *
*  B30 =  0.4273  B31 =    ZERO  B32 = 1.1E-06  B33 =    ZERO  .............  *
*                                                                             *
*  B40 =  0.8464  B41 =    ZERO  B42 = 1.4E-06  B43 =    ZERO  B44 = 2.5E-08  *
*                                                                             *
*******************************************************************************
*                                                                             *
*  BOHR DENSITY = 0.0624 FM^(-3)  BOHR RADIUS =   8.7637 FM                   *
*                                                                             *
*******************************************************************************

*******************************************************************************
*                                                                             *
*  MULTIPOLE MOMENTS [UNITS:  (10 FERMI)^LAMBDA] [CENT-MASS FRAME]     TOTAL  *
*                                                                             *
*******************************************************************************
*                                                                             *
*  Q00 =176.0000  .............  .............  .............  .............  *
*                                                                             *
*  Q10 =    ZERO  Q11 =    ZERO  .............  .............  .............  *
*                                                                             *
*  Q20 = 96.2403  Q21 =    ZERO  Q22 = 6.0E-05  .............  .............  *
*                                                                             *
*  Q30 =  3.1943  Q31 =    ZERO  Q32 = 2.0E-05  Q33 =    ZERO  .............  *
*                                                                             *
*  Q40 = 18.1487  Q41 =    ZERO  Q42 = 1.8E-05  Q43 =    ZERO  Q44 = 4.5E-07  *
*                                                                             *
*******************************************************************************

*******************************************************************************
*                                                                             *
*  BOHR DEFORMATIONS (FIRST-ORDER APPROXIMATION) [CENT-MASS FRAME]     TOTAL  *
*                                                                             *
*******************************************************************************
*                                                                             *
*  B10 =    ZERO  B11 =    ZERO  .............  .............  .............  *
*                                                                             *
*  B20 =  1.1651  B21 =    ZERO  B22 = 7.2E-07  .............  .............  *
*                                                                             *
*  B30 =  0.1557  B31 =    ZERO  B32 = 1.4E-06  B33 =    ZERO  .............  *
*                                                                             *
*  B40 =  1.1236  B41 =    ZERO  B42 = 1.6E-06  B43 =    ZERO  B44 = 3.9E-08  *
*                                                                             *
*******************************************************************************
*                                                                             *
*  BOHR DENSITY = 0.0861 FM^(-3)  BOHR RADIUS =   7.8741 FM                   *
*                                                                             *
*******************************************************************************

*******************************************************************************
*                                                                             *
*  MULTIPOLE MOMENTS [UNITS:  (10 FERMI)^LAMBDA] [INTRINSIC FRAME]     TOTAL  *
*                                                                             *
*  REAL PART  FOR A NON-NEGATIVE PROJECTION                                   *
*  IMAGINARY PART FOR A NEGATIVE PROJECTION                                   *
*                                                                             *
*******************************************************************************
*                                                                             *
*  Q00 =176.0000  .............  .............  .............  .............  *
*                 .............  .............  .............  .............  *
*                                                                             *
*  Q10 =    ZERO  Q1+1=    ZERO  .............  .............  .............  *
*                 Q1-1=    ZERO  .............  .............  .............  *
*                                                                             *
*  Q20 = 96.2403  Q2+1=    ZERO  Q2+2= 6.0E-05  .............  .............  *
*                 Q2-1=    ZERO  Q2-2=    ZERO  .............  .............  *
*                                                                             *
*  Q30 =  3.1943  Q3+1=    ZERO  Q3+2= 2.0E-05  Q3+3=    ZERO  .............  *
*                 Q3-1=    ZERO  Q3-2=    ZERO  Q3-3=    ZERO  .............  *
*                                                                             *
*  Q40 = 18.1487  Q4+1=    ZERO  Q4+2= 1.8E-05  Q4+3=    ZERO  Q4+4= 4.5E-07  *
*                 Q4-1=    ZERO  Q4-2=    ZERO  Q4-3=    ZERO  Q4-4=    ZERO  *
*                                                                             *
*******************************************************************************

*******************************************************************************
*                                                                             *
*  BOHR DEFORMATIONS (FIRST-ORDER APPROXIMATION) [INTRINSIC FRAME]     TOTAL  *
*                                                                             *
*  REAL PART  FOR A NON-NEGATIVE PROJECTION                                   *
*  IMAGINARY PART FOR A NEGATIVE PROJECTION                                   *
*                                                                             *
*******************************************************************************
*                                                                             *
*  B10 =    ZERO  B1+1=    ZERO  .............  .............  .............  *
*                 B1-1=    ZERO  .............  .............  .............  *
*                                                                             *
*  B20 =  1.1651  B2+1=    ZERO  B2+2= 7.2E-07  .............  .............  *
*                 B2-1=    ZERO  B2-2=    ZERO  .............  .............  *
*                                                                             *
*  B30 =  0.1557  B3+1=    ZERO  B3+2= 1.4E-06  B3+3=    ZERO  .............  *
*                 B3-1=    ZERO  B3-2=    ZERO  B3-3=    ZERO  .............  *
*                                                                             *
*  B40 =  1.1236  B4+1=    ZERO  B4+2= 1.6E-06  B4+3=    ZERO  B4+4= 3.9E-08  *
*                 B4-1=    ZERO  B4-2=    ZERO  B4-3=    ZERO  B4-4=    ZERO  *
*                                                                             *
*******************************************************************************
*                                                                             *
*  BOHR DENSITY = 0.0861 FM^(-3)  BOHR RADIUS =   7.8741 FM                   *
*                                                                             *
*******************************************************************************

*******************************************************************************
*                                                                             *
*                                ENERGIES (MEV)                               *
*                                                                             *
*******************************************************************************
*                                                                             *
*  KINETIC: (NEU)=  1722.168692    (PRO)=  1202.178312    (TOT)=  2924.347003 *
*  SUM EPS: (NEU)= -2330.724689    (PRO)= -1051.908041    (TOT)= -3382.632731 *
*  PAIRING: (NEU)=    -1.485266    (PRO)=    -2.118183    (TOT)=    -3.603449 *
*  P-REARR: (NEU)=     0.407244    (PRO)=     0.613029    (TOT)=     1.020273 *
*                                                                             *
*  PAIRGAP: (NEU)=     0.519585    (PRO)=    -0.499523    THIS SPACE IS EMPTY *
*  E-FERMI: (NEU)=   -13.149640    (PRO)=    -3.813352    AND AWAITS  YOUR AD *
*                                                                             *
*  COULOMB: (DIR)=   678.053295    (EXC)=   -28.584000    (TOT)=   649.469295 *
*                                                                             *
*  CONSTR. (MULT)=   493.197983    SLOPE=   424.088393    CORR.=  -212.044196 *
*  CONSTR. (SURF)=     0.000000    SLOPE=     0.000000    CORR.=     0.000000 *
*  CONSTR. (SPIN)=     0.000000    SLOPE=     0.000000    CORR.=     0.000000 *
*  CONSTR. (ISOS)=     0.000000    SLOPE=     0.000000    CORR.=     0.000000 *
*                                                                             *
*  REARRANGEMENT ENERGY FROM THE SKYRME DENSITY-DEPENDENT TERMS=  1070.671672 *
*  ROUTHIAN= TOTAL ENERGY + MULTIPOLE AND (ISO)SPIN CONSTRAINTS=  -818.827290 *
*                                                                             *
*  SPIN-ORB (EVE)=   -59.279580    (ODD)=     0.000000    (TOT)=   -59.279580 *
*  SKYRME:  (EVE)= -4882.238123    (ODD)=     0.000000    (TOT)= -4882.238123 *
*                                                                             *
*  TOTAL:  (STAB)=   210.103212     (SP)= -1101.922062    (FUN)= -1312.025273 *
*                                                                             *
*******************************************************************************

*******************************************************************************
*                                                                             *
*  ITERATION RESTARTED FROM THE DISC, THE FOLLOWING FILE(S) READ:             *
*  ./restart/HFODD_00000020.REC                                        VER=19 *
*                                                                             *
*******************************************************************************
*                                                                             *
* CONVERGENCE REPORT                                                          *
*                                                                             *
*******************************************************************************
*                                                                             *
* ITER     ENERGY     STABILITY    Q_2    GAMMA   SPIN  OMEGA   ANGLE   EPAIR *
*                                                                             *
* 1860 -1312.025273  210.103212  96.240    0.00   0.00  0.000   0.000   -3.60 *
* 1861 -1003.635760  604.899053 223.996    0.00   0.00  0.000   0.000   -0.95 *
* 1862 -1026.835156  393.756019 224.621    0.00   0.00  0.000   0.000   -4.86 *
* 1863 -1045.423007  506.290992 224.348    0.00   0.00  0.000   0.000   -5.63 *
* 1864 -1045.954723  436.038464 223.747    0.00   0.00  0.000   0.000   -6.00 *
* 1865 -1051.826626  514.463729 222.898    0.00   0.00  0.000   0.000   -6.15 *
* 1866 -1027.301164    1.29E+03 226.100    0.00   0.00  0.000   0.000   -3.82 *
* 1867  -776.413454  786.201116 192.893    0.00   0.00  0.000   0.000   -1.54 *
* 1868  -877.323445  523.400688 217.276    0.00   0.00  0.000   0.000  -10.18 *
* 1869 -1055.099509  737.297497 219.656    0.00   0.00  0.000   0.000  -20.70 *
* 1870  -985.097036  876.380446 219.214    0.00   0.00  0.000   0.000   -4.68 *
* 1871  -890.888222   -5.11E+03 214.108    0.00   0.00  0.000   0.000   -2.46 *
* 1872 -1035.735776   -6.44E+03 229.428    0.00   0.00  0.000   0.000  -32.56 *
* 1873  1152.379027    5.28E+03  12.980    0.00   0.00  0.000   0.000   -0.07 *
* 1874  1223.475603   -6.70E+03  12.668    0.00   0.00  0.000   0.000   -0.25 *
* 1875    61.741917    5.66E+04 851.500    0.00   0.00  0.000   0.000   -0.11 *
* 1876   740.780341    6.76E+03 621.371    0.00   0.00  0.000   0.000   -0.00 *
* 1877   763.102796   -1.15E+05 617.759    0.00   0.00  0.000   0.000   -0.00 *
* 1878   129.862532   -4.14E+07   3.559   60.00   0.00  0.000   0.000 -119.16 *

 //////////////////// MAXIMUM NUMBER OF ITERATIONS       ////////////////////
 //////////////////// EXCEEDED IN QUABCS                 ////////////////////

*******************************************************************************
*                                                                             *
*  PROCESSOR   EXECUTION  TIMES IN SUBROUTINES                                *
*  INCLUDING THEIR COMPLETE DOWN-CALLING TREES                                *
*                                                                             *
*******************************************************************************
*                                                                             *
*     6573 => HFODD    3519 => DENSHF   1232 => DIAMAT   1119 => HFBSIM       *
*                                                                             *
*      797 => QMULCM    391 => PAIMAC    275 => CANQUA    233 => RECORD       *
*                                                                             *
*       99 => AVEQUA     42 => INTEGH     38 => INTSOR     37 => INTEGD       *
*                                                                             *
*       36 => DENMAC     19 => MOMETS     18 => INTMUL     17 => DOBROY       *
*                                                                             *
*       13 => BEGINC     12 => SKFILD      9 => ROTAVR      9 => INTMAS       *
*                                                                             *
*        8 => LINAVR      7 => SPAVER      7 => COUMAT      7 => INTCOU       *
*                                                                             *
*        5 => AVOBSE      4 => INTCEN      3 => NILASP      2 => POWALL       *
*                                                                             *
*        2 => SKPAIR      2 => AVANGY      0 => INTKIN      0 => AVPARI       *
*                                                                             *
*        0 => QUABCS      0 => SHICOE      0 => AVSIMP      0 => PAXMOM       *
*                                                                             *
*        0 => MAGMOM      0 => SHIMAG      0 => MOMSIF      0 => MOMVMU       *
*                                                                             *
*        0 => SPIMOM      0 => SHIMOM      0 => SHISIF                        *
*                                                                             *
*******************************************************************************
*                                                                             *
*  NUMBERS OF CALLS TO SUBROUTINES                                            *
*                                                                             *
*******************************************************************************
*                                                                             *
*      878 => BEGINC    728 => INTMUL    234 => INTSOR     96 => DIAMAT       *
*                                                                             *
*       78 => INTMAS     78 => INTCEN     77 => INTKIN     76 => AVEQUA       *
*                                                                             *
*       57 => PAXMOM     39 => INTEGH     39 => INTEGD     39 => HFBSIM       *
*                                                                             *
*       39 => QUABCS     38 => CANQUA     38 => AVPARI     38 => DENSHF       *
*                                                                             *
*       38 => DENMAC     38 => PAIMAC     38 => MOMETS     38 => MOMSIF       *
*                                                                             *
*       38 => MOMVMU     38 => MAGMOM     38 => SPIMOM     38 => LINAVR       *
*                                                                             *
*       38 => ROTAVR     38 => SHICOE     20 => RECORD     20 => COUMAT       *
*                                                                             *
*       20 => INTCOU     19 => QMULCM     19 => SKFILD     19 => SKPAIR       *
*                                                                             *
*       19 => DOBROY     19 => SHIMOM     19 => SHISIF     19 => SHIMAG       *
*                                                                             *
*       14 => SPAVER      2 => AVANGY      2 => AVOBSE      2 => AVSIMP       *
*                                                                             *
*        2 => NILASP      1 => HFODD       1 => POWALL                        *
*                                                                             *
*******************************************************************************
*                                                                             *
*  EXECUTION ENDS ON 2016.09.06 AT 13:36:03.778                               *
*                                                                             *
*******************************************************************************
