*******************************************************************************
*                                                                             *
*                     P A R A L L E L    M O D E L                            *
*                                                                             *
*  SIMPLE MPI FRAMEWORK (1 COMMUNICATOR)    :  1 MPI PROCESS per HFODD TASK   *
*  MULTI-THREADING FRAMEWORK WITH OPENMP   :  4 THREADS per HFODD MPI PROCESS *
*                                                                             *
*******************************************************************************
*                                                                             *
*                        __  __ _____  ___   ____   ____                      *
*                       / / / // ___/.' _ \ / __ \ / __ \                     *
*                      / /_/ // /_  / / / // / / // / / /                     *
*                     / __  // __/ / / / // / / // / / /                      *
*                    / / / // /   / /_/ // /_/ // /_/ /                       *
*                   /_/ /_//_/    \___.'/____.'/____.'                        *
*                                                                             *
*                                                                             *
*******************************************************************************
*                                                                             *
*             SKYRME-HARTREE-FOCK-BOGOLYUBOV CODE VERSION: 2.77B              *
*                                                                             *
*              NO SYMMETRY-PLANES AND NO TIME-REVERSAL SYMMETRY               *
*                                                                             *
*                DEFORMED CARTESIAN HARMONIC-OSCILLATOR BASIS                 *
*                                                                             *
*******************************************************************************
*                                                                             *
*             J. DOBACZEWSKI, P. BACZYK, B.G. CARLSSON, J. DUDEK              *
*                 J. ENGEL, Y. GAO, M. KONIECZKA, T. LESINSKI                 *
*                 J. MCDONNELL, P. OLBRATOWSKI, P. POWALOWSKI                 *
*                  M. SADZIAK, J. SARICH, K. SATO, W. SATULA                  *
*             N. SCHUNCK,  J.A. SHEIKH, A. STASZCZAK, M. STOITSOV             *
*             P. TOIVANEN, X.B. WANG, M. ZALEWSKI AND H. ZDUNCZUK             *
*                                                                             *
*                   INSTYTUT FIZYKI TEORETYCZNEJ, WARSZAWA                    *
*                 LAWRENCE LIVERMORE NATIONAL LABORATORY, USA                 *
*                                                                             *
*                                  1993-2016                                  *
*                                                                             *
*******************************************************************************

*******************************************************************************
*                                                                             *
*  CODE COMPILED WITH THE FOLLOWING ARRAY DIMENSIONS AND SWITCHES:            *
*                                                                             *
*******************************************************************************
*                                                                             *
*  NDBASE = 1200  NDSTAT = 1200  NDXHRM =   40  NDYHRM =   40  NDZHRM =   64  *
*                                                                             *
*  NDMAIN =   30  NDMULT =    9  NDMULR =    4  NDLAMB =    9  NDITER = 5000  *
*                                                                             *
*  NDAKNO =    1  NDBKNO =    1  NDPROI =    2  NDCOUL =   80  NDPOLS =   25  *
*                                                                             *
*  NDATKN =   20  NDBTKN =   10  NDPROT =    1  NDPROD =    3                 *
*                                                                             *
*  IPARAL =    0  IPARAT =    0  I_CRAY =    0                                *
*                                                                             *
*                                                                             *
*  PRE-PROCESSOR OPTIONS:                                                     *
*                                                                             *
*       switch_port = 1     switch_diag = 3     switch_essl = 0               *
*                                                                             *
*                           switch_quad = 0     switch_vect = 1               *
*                                                                             *
*******************************************************************************
*                                                                             *
*  EXECUTION BEGINS ON 2016.08.26 AT 12:33:27.055                             *
*                                                                             *
*******************************************************************************
 
*******************************************************************************
*                                                                             *
*  CLASSICAL NUCLEAR SURFACE DEFINED FOR:                    N = 98   Z = 78  *
*                                                                             *
*******************************************************************************
*                                                                             *
*  AL10 =   ZERO  AL11 =   ZERO  .............  .............  .............  *
*                                                                             *
*  AL20 =  0.320  AL21 =   ZERO  AL22 =   ZERO  .............  .............  *
*                                                                             *
*******************************************************************************
*                                                                             *
*                                           HOMEGA=  8.3058  FCHOM0=  1.1353  *
*                                                                             *
*  OSCILLATOR FREQUENCIES: HBAROX=  9.1754  HBAROY=  9.1754  HBAROZ=  6.8060  *
*                                                                             *
*  MOMENTS OF INERTIA:     XMOMFC= 93.1270  YMOMFC= 93.1270  ZMOMFC= 66.1075  *
*                                                                             *
*  CENTERS OF MASS:        CMSXFC= -0.0000  CMSYFC= -0.0000  CMSZFC= -0.0000  *
*                                                                             *
*******************************************************************************

*******************************************************************************
*                                                                             *
*                           SKYRME FORCE DEFINITION                           *
*                                                                             *
*******************************************************************************
*                                                                             *
* PARAMETER SET HFB1:  T0= -1666.41  T1=   255.23  T2=  1521.28  T3= 12072.51 *
*                                                                             *
* POWER=0.37658031358  X0=  0.14608  X1= -4.82248  X2= -1.35211  X3=  0.00432 *
*                                                                             *
* IETA: J=0  W=1 CM=3  M=1  P=1  T=0 HBM= 20.73553 W0=  44.0677 W0P= 207.6502 *
*                                                                             *
*******************************************************************************

*******************************************************************************
*                                                                             *
*              COUPLING CONSTANTS DEFINING THE SKYRME FUNCTIONAL              *
*                                                                             *
*******************************************************************************
*                                                                             *
*                   TOTAL(T)        SUM(S)      ISOSCALAR(P)  ISOVECTOR(M)    *
*                   --------        ------      ------------  ------------    *
*    CRHO_ =     -894.060074    538.315575       -624.902286    269.157788    *
*    CRHOD =     1008.213640   -507.363897        754.531691   -253.681949    *
*    CLPR_ =       98.335311   -287.870148        -45.599763   -143.935074    *
*    CTAU_ =       33.156062    -48.271535          9.020295    -24.135768    *
*    CSCU_ =        0.000000      0.000000          0.000000      0.000000    *
*    CDIV_ =      -22.033840   -103.825096        -73.946388    -51.912548    *
*                                                                             *
*    CSPI_ =      -60.857026    416.601524        147.443736    208.300762    *
*    CSPID =        2.171385   -503.021127       -249.339179   -251.510564    *
*    CLPS_ =       51.110395     71.467295         86.844042     35.733647    *
*    CCUR_ =      -33.156062     48.271535         -9.020295     24.135768    *
*    CKIS_ =        0.000000      0.000000          0.000000      0.000000    *
*    CROT_ =      -22.033840   -103.825096        -73.946388    -51.912548    *
*                                                                             *
*******************************************************************************

*******************************************************************************
*                                                                             *
*                          NUCLEAR MATTER PROPERTIES                          *
*                                                                             *
*******************************************************************************
*                                                                             *
*     E = -15.8000  rho0 =   0.15625   K =  244.6682   Ms =    0.9364         *
*                   asym =  28.66820   L =   40.1091   Mv =    1.2498         *
*                                                                             *
*******************************************************************************

*******************************************************************************
*                                                                             *
*  PHYSICAL CONSTANTS:     H_BARC=197.32891000           HBCOE2=137.03602000  *
*                                                                             *
*                          XMASSN=938.90590000           XMASSP=938.27231000  *
*                                                                             *
*                          HBMASS= 20.73553000           HBMRPA= 20.73553000  *
*                                                                             *
*                          ECHAR2=  1.43997841           COULEX= -1.06350868  *
*                                                                             *
*******************************************************************************
*                                                                             *
*  OSCILLATOR LENGTHS:     X= 2.1260235      Y= 2.1260235       Z= 2.4684997  *
*                                                                             *
*  OSCILLATOR CONSTANTS:   X= 0.4703617      Y= 0.4703617       Z= 0.4051044  *
*                                                                             *
*  OSCILLATOR FREQUENCIES: X= 9.1753626      Y= 9.1753626       Z= 6.8060197  *
*                                                                             *
*******************************************************************************
*                                                                             *
*  BASIS CUT-OFF CONTROL PARAMETERS:  NXMAXX = 15  NYMAXX = 15  NZMAXX =  21  *
*                                                                             *
*                                     NXHERM = 36  NYHERM = 36  NZHERM =  60  *
*                                                                             *
*                                     NLIMIT=1140  LDBASE=1144  MCOUNT=29791  *
*                                                                             *
*                                     ENECUT= 800.0000      ELIMIT= 158.1761  *
*                                                                             *
*******************************************************************************

*******************************************************************************
*                                                                             *
*   SHAPE OF THE OSCILLATOR-BASIS DIAMOND    (THREE CONSECUTIVE PROJECTIONS)  *
*                                                                             *
*******************************************************************************
*                                                                             *
*        NX ===>>>  0  1  2  3  4  5  6  7  8  9 10 11 12 13 14 15            *
*        MAX.NY => 15 14 13 12 11 10  9  8  7  6  5  4  3  2  1  0            *
*                 ------------------------------------------------            *
*   NY= 0  (15)  | 21 20 18 17 16 14 13 11 10  9  7  6  5  3  2  1            *
*   NY= 1  (14)  | 20 18 17 16 14 13 11 10  9  7  6  5  3  2  1               *
*   NY= 2  (13)  | 18 17 16 14 13 11 10  9  7  6  5  3  2  1                  *
*   NY= 3  (12)  | 17 16 14 13 11 10  9  7  6  5  3  2  1                     *
*   NY= 4  (11)  | 16 14 13 11 10  9  7  6  5  3  2  1                        *
*   NY= 5  (10)  | 14 13 11 10  9  7  6  5  3  2  1                           *
*   NY= 6  ( 9)  | 13 11 10  9  7  6  5  3  2  1                              *
*   NY= 7  ( 8)  | 11 10  9  7  6  5  3  2  1                                 *
*   NY= 8  ( 7)  | 10  9  7  6  5  3  2  1                                    *
*   NY= 9  ( 6)  |  9  7  6  5  3  2  1                                       *
*   NY=10  ( 5)  |  7  6  5  3  2  1                                          *
*   NY=11  ( 4)  |  6  5  3  2  1                                             *
*   NY=12  ( 3)  |  5  3  2  1                                                *
*   NY=13  ( 2)  |  3  2  1                                                   *
*   NY=14  ( 1)  |  2  1                                                      *
*   NY=15  ( 0)  |  1                                                         *
*                                                                             *
*                                                                             *
*        NZ ===>>>  0  1  2  3  4  5  6  7  8  9 10 11 12 13 14 15 16 17 18   *
*        MAX.NY => 15 15 14 13 12 12 11 10  9  9  8  7  6  6  5  4  4  3  2   *
*                 ---------------------------------------------------------   *
*   NY= 0  (21)  | 15 15 14 13 12 12 11 10  9  9  8  7  6  6  5  4  4  3  2   *
*   NY= 1  (20)  | 14 14 13 12 11 11 10  9  8  8  7  6  5  5  4  3  3  2  1   *
*   NY= 2  (18)  | 13 13 12 11 10 10  9  8  7  7  6  5  4  4  3  2  2  1  0   *
*   NY= 3  (17)  | 12 12 11 10  9  9  8  7  6  6  5  4  3  3  2  1  1  0      *
*   NY= 4  (16)  | 11 11 10  9  8  8  7  6  5  5  4  3  2  2  1  0  0         *
*   NY= 5  (14)  | 10 10  9  8  7  7  6  5  4  4  3  2  1  1  0               *
*   NY= 6  (13)  |  9  9  8  7  6  6  5  4  3  3  2  1  0  0                  *
*   NY= 7  (11)  |  8  8  7  6  5  5  4  3  2  2  1  0                        *
*   NY= 8  (10)  |  7  7  6  5  4  4  3  2  1  1  0                           *
*   NY= 9  ( 9)  |  6  6  5  4  3  3  2  1  0  0                              *
*   NY=10  ( 7)  |  5  5  4  3  2  2  1  0                                    *
*   NY=11  ( 6)  |  4  4  3  2  1  1  0                                       *
*   NY=12  ( 5)  |  3  3  2  1  0  0                                          *
*   NY=13  ( 3)  |  2  2  1  0                                                *
*   NY=14  ( 2)  |  1  1  0                                                   *
*   NY=15  ( 1)  |  0  0                                                      *
*                                                                             *
*                                                                             *
*        NZ ===>>>  0  1  2  3  4  5  6  7  8  9 10 11 12 13 14 15 16 17 18   *
*        MAX.NX => 15 15 14 13 12 12 11 10  9  9  8  7  6  6  5  4  4  3  2   *
*                 ---------------------------------------------------------   *
*   NX= 0  (21)  | 15 15 14 13 12 12 11 10  9  9  8  7  6  6  5  4  4  3  2   *
*   NX= 1  (20)  | 14 14 13 12 11 11 10  9  8  8  7  6  5  5  4  3  3  2  1   *
*   NX= 2  (18)  | 13 13 12 11 10 10  9  8  7  7  6  5  4  4  3  2  2  1  0   *
*   NX= 3  (17)  | 12 12 11 10  9  9  8  7  6  6  5  4  3  3  2  1  1  0      *
*   NX= 4  (16)  | 11 11 10  9  8  8  7  6  5  5  4  3  2  2  1  0  0         *
*   NX= 5  (14)  | 10 10  9  8  7  7  6  5  4  4  3  2  1  1  0               *
*   NX= 6  (13)  |  9  9  8  7  6  6  5  4  3  3  2  1  0  0                  *
*   NX= 7  (11)  |  8  8  7  6  5  5  4  3  2  2  1  0                        *
*   NX= 8  (10)  |  7  7  6  5  4  4  3  2  1  1  0                           *
*   NX= 9  ( 9)  |  6  6  5  4  3  3  2  1  0  0                              *
*   NX=10  ( 7)  |  5  5  4  3  2  2  1  0                                    *
*   NX=11  ( 6)  |  4  4  3  2  1  1  0                                       *
*   NX=12  ( 5)  |  3  3  2  1  0  0                                          *
*   NX=13  ( 3)  |  2  2  1  0                                                *
*   NX=14  ( 2)  |  1  1  0                                                   *
*   NX=15  ( 1)  |  0  0                                                      *
*                                                                             *
*******************************************************************************

*******************************************************************************
*                                                                             *
* NUCLIDE: N =  98  Z =  78  NUMBER OF ITERATIONS = 1000   CONTINUATION? = 1  *
*                                                                             *
*******************************************************************************
*                                                                             *
* ITERATIONS WILL STOP WHEN THE STABILITY BECOMES LOWER THAN EPSITE=0.300000  *
*                                            FOR    5 CONSECUTIVE ITERATIONS  *
*                                                                             *
*******************************************************************************
*                                                                             *
* ITERATIONS WILL STOP WHEN THE PING-PONG DIVERGENCE OCCURS FOR EPSPNG=0.010  *
*                                DURING    5 PAIRS OF CONSECUTIVE ITERATIONS  *
*                                                                             *
*******************************************************************************
*                                                                             *
* ITERATIONS WILL STOP FOR CHAOTIC-DIVERGENCE CONDITION OCCURING   20  TIMES  *
*                                                                             *
*******************************************************************************
*                                                                             *
* SLOW-DOWN PARAMETERS:                                                       *
* TIME-EVEN = 0.85   TIME-ODD = 0.85   PAIRING = 0.85   LIPKIN-NOGAMI = 0.85  *
*                    LIP-MASS = 0.50   LIP-MOI = 0.50   LIPKIN-METHOD = 0.50  *
*                                                                             *
*******************************************************************************
*                                                                             *
* BROYDEN METHOD IS:  ON                                                      *
*                                                                             *
*    TRIGGERED ONLY WHEN STABILITY IS LOWER THAN :  1000.000 MEV              *
*    INITIAL SLOWING FACTOR (BEFORE TRIGGER)     :     0.85 (=SLOWEV)         *
*    BROYDEN SLOWING FACTOR (AFTER  TRIGGER)     :     0.40 (=1-ALPHAM)       *
*    NUMBER OF ITERATIONS RETAINED IN MEMORY     :    10                      *
*                                                                             *
*******************************************************************************
*                                                                             *
* DIRECT COULOMB TERMS SOLVED BY GREEN FUNCTION AND FOURIER TRANSFORM METHOD  *
* COULOMB PARAMETERS:  NUMCOU = 80  NUMETA = 79  BOUCOU = 20.0  FURMAX =0.25  *
*                                                                             *
*******************************************************************************
*                                                                             *
* EXCHANGE COULOMB TERMS TREATED BY THE SLATER APPROXIMATION                  *
*                                                                             *
*******************************************************************************
*                                                                             *
* MAXIMUM NUMBERS OF MULTIPOLE MOMENTS USED FOR THE CONSTRAINTS,    NMUCON=4  *
*                                           FOR THE COULOMB FIELD,  NMUCOU=4  *
*                                           FOR THE OUTPUT INFO,    NMUPRI=4  *
*                                                                             *
*******************************************************************************
*                                                                             *
* MULTIPOLE CONSTRAINTS: LAMBDA= 2  MIU= 0  MOMENT= 41.000  STIFFNESS= 0.500  *
*                        LAMBDA= 3  MIU= 0  MOMENT= 18.000  STIFFNESS= 0.500  *
*                                                                             *
*******************************************************************************
*                                                                             *
* LINEAR MULTIPOLE CONSTRAINTS: LAMBDA= 2  MIU= 0  LAGRANGE PAR. USED= 0.000  *
*                               LAMBDA= 3  MIU= 0  LAGRANGE PAR. USED= 0.000  *
*                                                                             *
*******************************************************************************
*                                                                             *
* THE LAGRANGE PARAMETERS OF THE LINEAR CONSTRAINTS ARE RE-ADJUSTED AT EACH   *
* ITERATION BY USING THE CRANKING APPROXIMATION OF THE RPA MATRIX             *
*                                                                             *
*******************************************************************************
*                                                                             *
* PRINTING THE RESULTS FOR THE FOLLOWING ITERATIONS:         THE  FIRST: YES  *
*                                                            THE MIDDLE:  NO  *
*                                                     AND/OR THE   LAST: YES  *
*                                                                             *
*******************************************************************************
*                                                                             *
* PRINTING THE MOMENTS, RADII, AND DEFORMATIONS FOR:           NEUTRONS: YES  *
*                                                              PROTONS : YES  *
*                                                              MASS    : YES  *
*                                                                             *
*******************************************************************************
*                                                                             *
* PRINTING THE MOMENTS, MOMENTA AND DEFORMATIONS IN THE INTRINSIC FRAME: YES  *
*                                                                             *
*******************************************************************************
*                                                                             *
* NILSSON LABELS OF SINGLE-PARTICLE STATES SHOWN WITH RESPECT TO THE: Z-AXIS  *
*                                                                             *
*******************************************************************************
*                                                                             *
* CALCULATIONS WITH THE HFB PAIRING CORRELATIONS                              *
*                                                                             *
*******************************************************************************
*                                                                             *
* CONTACT PAIRING INTERACTION:     V0        V1       RHO-SAT      POWER      *
*                    NEUTRONS:  -234.380   732.438     0.320     1.0000000    *
*                     PROTONS:  -260.437   813.866     0.320     1.0000000    *
*                                                                             *
*******************************************************************************
*                                                                             *
* CUTOFF ENERGY DEFINING THE ACTIVE HFB PAIRING SPACE=      60.000            *
*                                                                             *
*******************************************************************************
*                                                                             *
* CALCULATIONS WITH SIMPLEX SYMMETRY                                          *
*                                                                             *
*******************************************************************************
*                                                                             *
* CALCULATIONS WITH TIME-ODD SYMMETRIES:        T*SIMPLEX_X =>     CONSERVED  *
*                                               T*SIMPLEX_Y =>     CONSERVED  *
*                                               T*SIMPLEX_Z => NON CONSERVED  *
*                                                                             *
*******************************************************************************
*                                                                             *
* CALCULATIONS WITHOUT ROTATION                                               *
*                                                                             *
*******************************************************************************

*******************************************************************************
*                                                                             *
*  CALLING SUBROUTINE "RECORD" TO READ THE REPLAY FILE OBTAINED PREVIOUSLY    *
*  ./restart/HFODD_00000008.REC                                               *
*                                                                             *
*******************************************************************************

*******************************************************************************
*                                                                             *
*  SINGLE-QUASIPARTICLE PROPERTIES:                                NEUTRONS   *
*                                                                             *
*******************************************************************************
*                                                                             *
*  NO)   ENERGY   (S=+,S=-)       PARITY   V2QUAP   EEQUIV   DEQUIV   V_CORR  *
*                                                                             *
*  51)    9.880   (  0, 26)        0.294  0.99842  -19.723    0.786  1.00001  *
*  52)    9.880   ( 26,  0)        0.294  0.99842  -19.723    0.786  1.00001  *
*  53)    9.256   ( 27,  0)        0.832  0.99921  -19.116    0.519  1.00001  *
*  54)    9.256   (  0, 27)        0.832  0.99921  -19.116    0.519  1.00001  *
*  55)    8.601   (  0, 28)        0.600  0.99777  -18.437    0.811  1.00002  *
*  56)    8.601   ( 28,  0)        0.600  0.99777  -18.437    0.811  1.00002  *
*  57)    8.199   (  0, 29)        0.802  0.99901  -18.057    0.515  1.00001  *
*  58)    8.199   ( 29,  0)        0.802  0.99901  -18.057    0.515  1.00001  *
*  59)    7.926   ( 30,  0)        0.857  0.99907  -17.786    0.484  1.00001  *
*  60)    7.926   (  0, 30)        0.857  0.99907  -17.786    0.484  1.00001  *
*  61)    7.536   (  0, 31)        0.251  0.99903  -17.395    0.469  1.00001  *
*  62)    7.536   ( 31,  0)        0.251  0.99903  -17.395    0.469  1.00001  *
*  63)    7.220   (  0, 32)       -0.367  0.99804  -17.066    0.638  1.00002  *
*  64)    7.220   ( 32,  0)       -0.367  0.99804  -17.066    0.638  1.00002  *
*  65)    5.797   ( 33,  0)       -0.171  0.99520  -15.616    0.801  1.00005  *
*  66)    5.797   (  0, 33)       -0.171  0.99520  -15.616    0.801  1.00005  *
*  67)    5.624   (  0, 34)        0.297  0.96874  -15.146    1.957  1.00033  *
*  68)    5.624   ( 34,  0)        0.297  0.96874  -15.146    1.957  1.00033  *
*  69)    4.799   (  0, 35)        0.709  0.99797  -14.654    0.432  1.00002  *
*  70)    4.799   ( 35,  0)        0.709  0.99797  -14.654    0.432  1.00002  *
*  71)    4.220   (  0, 36)        0.521  0.99750  -14.073    0.422  1.00003  *
*  72)    4.220   ( 36,  0)        0.521  0.99750  -14.073    0.422  1.00003  *
*  73)    4.121   (  0, 37)       -0.187  0.99694  -13.970    0.455  1.00004  *
*  74)    4.121   ( 37,  0)       -0.187  0.99694  -13.970    0.455  1.00004  *
*  75)    4.119   ( 38,  0)       -0.587  0.99576  -13.958    0.535  1.00006  *
*  76)    4.119   (  0, 38)       -0.587  0.99576  -13.958    0.535  1.00006  *
*  77)    3.299   ( 39,  0)        0.755  0.99613  -13.147    0.410  1.00007  *
*  78)    3.299   (  0, 39)        0.755  0.99613  -13.147    0.410  1.00007  *
*  79)    3.297   ( 40,  0)       -0.083  0.99563  -13.142    0.435  1.00008  *
*  80)    3.297   (  0, 40)       -0.083  0.99563  -13.142    0.435  1.00008  *
*  81)    2.867   (  0, 41)       -0.281  0.99347  -12.704    0.462  1.00013  *
*  82)    2.867   ( 41,  0)       -0.281  0.99347  -12.704    0.462  1.00013  *
*  83)    2.803   ( 42,  0)        0.522  0.99361  -12.641    0.447  1.00013  *
*  84)    2.803   (  0, 42)        0.522  0.99361  -12.641    0.447  1.00013  *
*  85)    1.959   ( 43,  0)       -0.057  0.98781  -11.785    0.430  1.00036  *
*  86)    1.959   (  0, 43)       -0.057  0.98781  -11.785    0.430  1.00036  *
*  87)    1.876   ( 44,  0)       -0.175  0.98661  -11.700    0.431  1.00041  *
*  88)    1.876   (  0, 44)       -0.175  0.98661  -11.700    0.431  1.00041  *
*  89)    1.675   ( 45,  0)       -0.754  0.98369  -11.495    0.425  1.00055  *
*  90)    1.675   (  0, 45)       -0.754  0.98369  -11.495    0.425  1.00055  *
*  91)    1.440   ( 46,  0)        0.638  0.97978  -11.256    0.405  1.00079  *
*  92)    1.440   (  0, 46)        0.638  0.97978  -11.256    0.405  1.00079  *
*  93)    1.412   ( 47,  0)        0.719  0.98091  -11.233    0.387  1.00076  *
*  94)    1.412   (  0, 47)        0.719  0.98091  -11.233    0.387  1.00076  *
*  95)    0.615   (  0, 48)       -0.828  0.83643  -10.288    0.455  1.01432  *
*  96)    0.615   ( 48,  0)       -0.828  0.83643  -10.288    0.455  1.01432  *
*  97)    0.450   (  0, 49)       -0.381  0.59388   -9.959    0.442  1.05025  *
*  98)    0.450   ( 49,  0)       -0.381  0.59388   -9.959    0.442  1.05025  *
*  99)    0.475   (  0, 50)       -0.094  0.37359   -9.754    0.460  1.07888  *
* 100)    0.475   ( 50,  0)       -0.094  0.37359   -9.754    0.460  1.07888  *
* 101)    1.218   ( 51,  0)        0.600  0.03410   -8.739    0.442  1.04960  *
* 102)    1.218   (  0, 51)        0.600  0.03410   -8.739    0.442  1.04960  *
* 103)    1.400   (  0, 52)       -0.772  0.02398   -8.541    0.428  1.04338  *
* 104)    1.400   ( 52,  0)       -0.772  0.02398   -8.541    0.428  1.04338  *
* 105)    1.562   (  0, 53)        0.405  0.01910   -8.371    0.428  1.03892  *
* 106)    1.562   ( 53,  0)        0.405  0.01910   -8.371    0.428  1.03892  *
* 107)    1.568   (  0, 54)       -0.668  0.01730   -8.360    0.409  1.03885  *
* 108)    1.568   ( 54,  0)       -0.668  0.01730   -8.360    0.409  1.03885  *
* 109)    2.319   (  0, 55)       -0.359  0.00806   -7.592    0.415  1.02622  *
* 110)    2.319   ( 55,  0)       -0.359  0.00806   -7.592    0.415  1.02622  *
* 111)    2.813   ( 56,  0)       -0.354  0.00521   -7.090    0.405  1.02158  *
* 112)    2.813   (  0, 56)       -0.354  0.00521   -7.090    0.405  1.02158  *
* 113)    3.009   (  0, 57)        0.170  0.00537   -6.897    0.440  1.02014  *
* 114)    3.009   ( 57,  0)        0.170  0.00537   -6.897    0.440  1.02014  *
* 115)    3.723   ( 58,  0)        0.203  0.00314   -6.175    0.417  1.01626  *
* 116)    3.723   (  0, 58)        0.203  0.00314   -6.175    0.417  1.01626  *
* 117)    4.105   (  0, 59)        0.254  0.00237   -5.788    0.399  1.01473  *
* 118)    4.105   ( 59,  0)        0.254  0.00237   -5.788    0.399  1.01473  *
* 119)    4.335   ( 60,  0)        0.789  0.00251   -5.560    0.434  1.01394  *
* 120)    4.335   (  0, 60)        0.789  0.00251   -5.560    0.434  1.01394  *
* 121)    4.379   (  0, 61)       -0.675  0.00298   -5.521    0.478  1.01379  *
* 122)    4.379   ( 61,  0)       -0.675  0.00298   -5.521    0.478  1.01379  *
* 123)    4.642   (  0, 62)       -0.076  0.00200   -5.251    0.415  1.01301  *
* 124)    4.642   ( 62,  0)       -0.076  0.00200   -5.251    0.415  1.01301  *
* 125)    4.752   ( 63,  0)       -0.407  0.00145   -5.135    0.362  1.01271  *
* 126)    4.752   (  0, 63)       -0.407  0.00145   -5.135    0.362  1.01271  *
* 127)    4.842   ( 64,  0)       -0.760  0.00183   -5.050    0.414  1.01247  *
* 128)    4.842   (  0, 64)       -0.760  0.00183   -5.050    0.414  1.01247  *
* 129)    5.663   ( 65,  0)        0.248  0.03080   -4.560    1.957  1.01033  *
* 130)    5.663   (  0, 65)        0.248  0.03080   -4.560    1.957  1.01033  *
* 131)    6.164   (  0, 66)       -0.261  0.00432   -3.763    0.809  1.00974  *
* 132)    6.164   ( 66,  0)       -0.261  0.00432   -3.763    0.809  1.00974  *
* 133)    6.359   (  0, 67)       -0.419  0.00077   -3.525    0.353  1.00948  *
* 134)    6.359   ( 67,  0)       -0.419  0.00077   -3.525    0.353  1.00948  *
* 135)    6.375   (  0, 68)       -0.680  0.00120   -3.515    0.441  1.00945  *
* 136)    6.375   ( 68,  0)       -0.680  0.00120   -3.515    0.441  1.00945  *
* 137)    6.488   (  0, 69)        0.648  0.00101   -3.399    0.413  1.00928  *
* 138)    6.488   ( 69,  0)        0.648  0.00101   -3.399    0.413  1.00928  *
* 139)    6.536   (  0, 70)       -0.405  0.00076   -3.348    0.361  1.00922  *
* 140)    6.536   ( 70,  0)       -0.405  0.00076   -3.348    0.361  1.00922  *
* 141)    6.543   ( 71,  0)       -0.422  0.00089   -3.343    0.390  1.00921  *
* 142)    6.543   (  0, 71)       -0.422  0.00089   -3.343    0.390  1.00921  *
* 143)    6.701   ( 72,  0)       -0.162  0.00098   -3.186    0.420  1.00899  *
* 144)    6.701   (  0, 72)       -0.162  0.00098   -3.186    0.420  1.00899  *
* 145)    7.039   (  0, 73)       -0.258  0.00084   -2.846    0.408  1.00855  *
* 146)    7.039   ( 73,  0)       -0.258  0.00084   -2.846    0.408  1.00855  *
* 147)    7.267   (  0, 74)        0.288  0.00071   -2.617    0.387  1.00828  *
* 148)    7.267   ( 74,  0)        0.288  0.00071   -2.617    0.387  1.00828  *
* 149)    7.419   (  0, 75)        0.075  0.00160   -2.479    0.594  1.00810  *
* 150)    7.419   ( 75,  0)        0.075  0.00160   -2.479    0.594  1.00810  *
* 151)    7.605   ( 76,  0)        0.780  0.00085   -2.282    0.444  1.00791  *
* 152)    7.605   (  0, 76)        0.780  0.00085   -2.282    0.444  1.00791  *
* 153)    8.303   (  0, 77)        0.564  0.00191   -1.603    0.726  1.00723  *
* 154)    8.303   ( 77,  0)        0.564  0.00191   -1.603    0.726  1.00723  *
* 155)    8.713   ( 78,  0)        0.277  0.00055   -1.171    0.410  1.00690  *
* 156)    8.713   (  0, 78)        0.277  0.00055   -1.171    0.410  1.00690  *
* 157)    9.143   (  0, 79)        0.283  0.00077   -0.746    0.509  1.00657  *
* 158)    9.143   ( 79,  0)        0.283  0.00077   -0.746    0.509  1.00657  *
* 159)    9.298   (  0, 80)       -0.245  0.00055   -0.587    0.435  1.00646  *
* 160)    9.298   ( 80,  0)       -0.245  0.00055   -0.587    0.435  1.00646  *
* 161)    9.983   (  0, 81)       -0.697  0.00045    0.100    0.426  1.00602  *
* 162)    9.983   ( 81,  0)       -0.697  0.00045    0.100    0.426  1.00602  *
*                                                                             *
*1604)   TOTAL=  ( 802, 802)                                                  *
*                                                                             *
*******************************************************************************

*******************************************************************************
*                                                                             *
*  SINGLE-PARTICLE PROPERTIES: CANONICAL                           NEUTRONS   *
*                                                                             *
*******************************************************************************
*                                                                             *
*  NO)   ENERGY   (S=+,S=-)   | N,nz,lz,OMEz>   <P>    <JY>    <SY>   GFACT   *
*                                                                             *
*  43)  -11.792   ( 43,---)   | 6, 4, 2, 5/2>    -7  -0.000  -0.000   1.549   *
*  44)  -11.706   ( 44,---)   | 5, 4, 1, 1/2>   -18  -0.567  -0.208   0.366   *
*  45)  -11.496   ( 45,---)   | 5, 1, 4, 9/2>   -75   0.000   0.000   0.033   *
*  46)  -11.263   ( 46,---)   | 4, 0, 2, 3/2>    63   0.003  -0.000  -0.001   *
*  47)  -11.243   ( 47,---)   | 4, 0, 0, 1/2>    69  -0.351  -0.468   1.333   *
*  48)  -10.288   ( 48,---)   | 5, 0, 5,11/2>   -82   0.000   0.000   0.001   *
*  49)   -9.959   ( 49,---)   | 5, 2, 1, 3/2>   -37   0.000   0.000   0.164   *
*  50)   -9.753   ( 50,---)   | 5, 5, 0, 1/2>    -9  -0.721  -0.310   0.430   *
*  51)   -8.728   ( 51,---)   | 6, 3, 3, 7/2>    60  -0.000  -0.000   0.105   *
*  52)   -8.522   ( 52,---)   | 5, 2, 3, 5/2>   -78   0.000  -0.000  -0.757   *
*  53)   -8.337   ( 53,---)   | 5, 2, 1, 3/2>    19   0.000   0.000   1.000   *
*  54)   -8.318   ( 54,---)   | 5, 2, 1, 1/2>   -68  -0.505  -0.136   0.268   *
*  55)   -7.526   ( 55,---)   | 5, 3, 0, 1/2>   -32  -0.287  -0.364   1.266   *
*  56)   -6.967   ( 56,---)   | 5, 1, 2, 5/2>   -24   0.000  -0.000  -0.165   *
*  57)   -6.811   ( 57,---)   | 6, 5, 1, 3/2>   -14  -0.000   0.000  -0.043   *
*  58)   -5.961   ( 58,---)   | 6, 3, 1, 1/2>    20  -1.166  -0.248   0.212   *
*  59)   -5.637   ( 59,---)   | 5, 1, 2, 5/2>     1  -0.000  -0.000   1.170   *
*  60)   -5.432   ( 60,---)   | 6, 2, 4, 9/2>    69   0.000   0.000   1.308   *
*  61)   -5.210   ( 61,---)   | 5, 1, 4, 7/2>   -59   0.000  -0.000  -0.075   *
*  62)   -4.853   ( 62,---)   | 5, 0, 3, 7/2>   -75  -0.000   0.000  -0.060   *
*  63)   -4.787   ( 63,---)   | 6, 3, 1, 3/2>     0   0.000   0.000   1.353   *
*  64)   -4.551   ( 64,---)   | 5, 1, 0, 1/2>   -33   0.043  -0.371  -8.570   *
*  65)   -3.880   ( 65,---)   | 5, 1, 2, 3/2>   -37  -0.002  -0.000   0.139   *
*  66)   -3.398   ( 66,---)   | 6, 6, 0, 1/2>    -6  -0.893  -0.318   0.356   *
*  67)   -3.248   ( 67,---)   | 5, 0, 5, 9/2>   -64   0.000  -0.000  -0.234   *
*  68)   -3.107   ( 68,---)   | 6, 1, 5,11/2>    60   0.000   0.000   0.066   *
*  69)   -2.884   ( 69,---)   | 7, 4, 3, 7/2>   -21  -0.000  -0.000   0.067   *
*  70)   -2.669   ( 70,---)   | 6, 3, 3, 5/2>    24   0.000  -0.000  -0.075   *
*  71)   -2.571   ( 71,---)   | 5, 0, 1, 3/2>   -49   0.000   0.000   0.730   *
*  72)   -2.427   ( 72,---)   | 6, 3, 1, 1/2>    27   0.360  -0.124  -0.344   *
*  73)   -2.402   ( 73,---)   | 7, 4, 1, 3/2>   -37   0.000   0.000   3.370   *
*  74)   -1.900   ( 74,---)   | 6, 0, 6,13/2>    77  -0.000   0.000  -0.067   *
*  75)   -1.875   ( 75,---)   | 5, 0, 3, 5/2>   -50  -0.000  -0.000   0.031   *
*  76)   -1.635   ( 76,---)   | 5, 0, 1, 1/2>   -22   0.343  -0.133  -0.387   *
*  77)   -0.989   ( 77,---)   | 5, 0, 1, 1/2>    25  -1.439  -0.286   0.199   *
*  78)   -0.521   ( 78,---)   | 6, 2, 2, 5/2>    -1   0.000   0.000   0.042   *
*  79)   -0.028   ( 79,---)   | 6, 5, 1, 3/2>    45  -0.000   0.000  -0.080   *
*                                                                             *
*******************************************************************************

*******************************************************************************
*                                                                             *
*  HFB PAIRING PROPERTIES                                           NEUTRONS  *
*                                                                             *
*  STRENGTH= 0.0590   GAP= 0.4343   FERMI ENERGY= -9.8142   ENERGY=  -3.1979  *
*                                                                             *
*******************************************************************************

*******************************************************************************
*                                                                             *
*  MULTIPOLE MOMENTS [UNITS:  (10 FERMI)^LAMBDA]                    NEUTRONS  *
*                                                                             *
*******************************************************************************
*                                                                             *
*  Q00 = 98.0000  .............  .............  .............  .............  *
*                                                                             *
*  Q10 =  7.7938  Q11 =    ZERO  .............  .............  .............  *
*                                                                             *
*  Q20 = 21.4185  Q21 =    ZERO  Q22 =-5.7E-05  .............  .............  *
*                                                                             *
*  Q30 =  5.1753  Q31 =    ZERO  Q32 = 3.6E-06  Q33 =    ZERO  .............  *
*                                                                             *
*  Q40 =  4.1671  Q41 =    ZERO  Q42 =-1.7E-06  Q43 =    ZERO  Q44 = 1.4E-06  *
*                                                                             *
*******************************************************************************

*******************************************************************************
*                                                                             *
*  ROOT-MEAN-SQUARE AND GEOMETRIC SIZES IN FERMIS                   NEUTRONS  *
*                                                                             *
*  R_RMS =  5.7130     X_RMS =  2.6901    Y_RMS =  2.6902    Z_RMS =  4.2620  *
*                                                                             *
*  R_GEO =  7.3755     X_GEO =  6.0154    Y_GEO =  6.0154    Z_GEO =  9.5301  *
*                                                                             *
*******************************************************************************

*******************************************************************************
*                                                                             *
*  BOHR DEFORMATIONS (FIRST-ORDER APPROXIMATION)                    NEUTRONS  *
*                                                                             *
*******************************************************************************
*                                                                             *
*  B10 =  0.2207  B11 =    ZERO  .............  .............  .............  *
*                                                                             *
*  B20 =  0.5308  B21 =    ZERO  B22 =-1.4E-06  .............  .............  *
*                                                                             *
*  B30 =  0.5513  B31 =    ZERO  B32 = 5.4E-07  B33 =    ZERO  .............  *
*                                                                             *
*  B40 =  0.6019  B41 =    ZERO  B42 =-3.6E-07  B43 =    ZERO  B44 = 2.8E-07  *
*                                                                             *
*******************************************************************************
*                                                                             *
*  BOHR DENSITY = 0.0583 FM^(-3)  BOHR RADIUS =   7.3755 FM                   *
*                                                                             *
*******************************************************************************

*******************************************************************************
*                                                                             *
*  SINGLE-QUASIPARTICLE PROPERTIES:                                 PROTONS   *
*                                                                             *
*******************************************************************************
*                                                                             *
*  NO)   ENERGY   (S=+,S=-)       PARITY   V2QUAP   EEQUIV   DEQUIV   V_CORR  *
*                                                                             *
*  39)    9.635   (  0, 20)       -0.273  0.99743  -11.457    0.975  1.00002  *
*  40)    9.635   ( 20,  0)       -0.273  0.99743  -11.457    0.975  1.00002  *
*  41)    9.082   (  0, 21)       -0.530  0.99811  -10.919    0.788  1.00002  *
*  42)    9.082   ( 21,  0)       -0.530  0.99811  -10.919    0.788  1.00002  *
*  43)    7.954   ( 22,  0)        0.243  0.99777   -9.790    0.751  1.00002  *
*  44)    7.954   (  0, 22)        0.243  0.99777   -9.790    0.751  1.00002  *
*  45)    7.901   (  0, 23)        0.537  0.99700   -9.725    0.865  1.00003  *
*  46)    7.901   ( 23,  0)        0.537  0.99700   -9.725    0.865  1.00003  *
*  47)    7.810   ( 24,  0)       -0.639  0.99752   -9.642    0.776  1.00002  *
*  48)    7.810   (  0, 24)       -0.639  0.99752   -9.642    0.776  1.00002  *
*  49)    6.894   (  0, 25)       -0.749  0.99695   -8.723    0.761  1.00003  *
*  50)    6.894   ( 25,  0)       -0.749  0.99695   -8.723    0.761  1.00003  *
*  51)    5.794   (  0, 26)        0.784  0.99581   -7.617    0.748  1.00006  *
*  52)    5.794   ( 26,  0)        0.784  0.99581   -7.617    0.748  1.00006  *
*  53)    4.982   (  0, 27)        0.445  0.99500   -6.804    0.703  1.00008  *
*  54)    4.982   ( 27,  0)        0.445  0.99500   -6.804    0.703  1.00008  *
*  55)    4.884   ( 28,  0)        0.832  0.99421   -6.698    0.741  1.00009  *
*  56)    4.884   (  0, 28)        0.832  0.99421   -6.698    0.741  1.00009  *
*  57)    4.801   ( 29,  0)        0.810  0.99471   -6.622    0.696  1.00009  *
*  58)    4.801   (  0, 29)        0.810  0.99471   -6.622    0.696  1.00009  *
*  59)    6.542   ( 30,  0)        0.319  0.85663   -6.537    4.585  1.00172  *
*  60)    6.542   (  0, 30)        0.319  0.85663   -6.537    4.585  1.00172  *
*  61)    4.273   ( 31,  0)        0.434  0.99361   -6.090    0.681  1.00012  *
*  62)    4.273   (  0, 31)        0.434  0.99361   -6.090    0.681  1.00012  *
*  63)    3.876   ( 32,  0)       -0.325  0.99152   -5.682    0.711  1.00017  *
*  64)    3.876   (  0, 32)       -0.325  0.99152   -5.682    0.711  1.00017  *
*  65)    2.321   (  0, 33)       -0.153  0.97994   -4.100    0.651  1.00065  *
*  66)    2.321   ( 33,  0)       -0.153  0.97994   -4.100    0.651  1.00065  *
*  67)    2.051   ( 34,  0)        0.030  0.97006   -3.799    0.699  1.00110  *
*  68)    2.051   (  0, 34)        0.030  0.97006   -3.799    0.699  1.00110  *
*  69)    1.644   (  0, 35)        0.677  0.93550   -3.303    0.808  1.00293  *
*  70)    1.644   ( 35,  0)        0.677  0.93550   -3.303    0.808  1.00293  *
*  71)    0.948   ( 36,  0)        0.174  0.81660   -2.471    0.733  1.01413  *
*  72)    0.948   (  0, 36)        0.174  0.81660   -2.471    0.733  1.01413  *
*  73)    0.788   ( 37,  0)        0.438  0.75180   -2.268    0.681  1.02293  *
*  74)    0.788   (  0, 37)        0.438  0.75180   -2.268    0.681  1.02293  *
*  75)    0.772   (  0, 38)        0.004  0.72153   -2.213    0.692  1.02639  *
*  76)    0.772   ( 38,  0)        0.004  0.72153   -2.213    0.692  1.02639  *
*  77)    0.700   (  0, 39)        0.697  0.43182   -1.776    0.693  1.06369  *
*  78)    0.700   ( 39,  0)        0.697  0.43182   -1.776    0.693  1.06369  *
*  79)    0.725   (  0, 40)        0.024  0.32966   -1.624    0.682  1.07466  *
*  80)    0.725   ( 40,  0)        0.024  0.32966   -1.624    0.682  1.07466  *
*  81)    0.823   ( 41,  0)       -0.493  0.25014   -1.460    0.713  1.07503  *
*  82)    0.823   (  0, 41)       -0.493  0.25014   -1.460    0.713  1.07503  *
*  83)    0.817   ( 42,  0)       -0.267  0.24808   -1.460    0.705  1.07587  *
*  84)    0.817   (  0, 42)       -0.267  0.24808   -1.460    0.705  1.07587  *
*  85)    1.665   ( 43,  0)        0.078  0.06079   -0.409    0.795  1.04679  *
*  86)    1.665   (  0, 43)        0.078  0.06079   -0.409    0.795  1.04679  *
*  87)    1.646   ( 44,  0)        0.052  0.04246   -0.365    0.664  1.04838  *
*  88)    1.646   (  0, 44)        0.052  0.04246   -0.365    0.664  1.04838  *
*  89)    1.866   ( 45,  0)        0.576  0.03092   -0.120    0.646  1.04301  *
*  90)    1.866   (  0, 45)        0.576  0.03092   -0.120    0.646  1.04301  *
*  91)    1.919   (  0, 46)        0.580  0.03421   -0.083    0.698  1.04163  *
*  92)    1.919   ( 46,  0)        0.580  0.03421   -0.083    0.698  1.04163  *
*  93)    2.063   (  0, 47)       -0.669  0.03039    0.067    0.708  1.03878  *
*  94)    2.063   ( 47,  0)       -0.669  0.03039    0.067    0.708  1.03878  *
*  95)    2.860   ( 48,  0)       -0.790  0.01642    0.895    0.727  1.02812  *
*  96)    2.860   (  0, 48)       -0.790  0.01642    0.895    0.727  1.02812  *
*  97)    3.532   ( 49,  0)       -0.111  0.00828    1.602    0.640  1.02285  *
*  98)    3.532   (  0, 49)       -0.111  0.00828    1.602    0.640  1.02285  *
*  99)    3.668   (  0, 50)       -0.076  0.00833    1.736    0.667  1.02198  *
* 100)    3.668   ( 50,  0)       -0.076  0.00833    1.736    0.667  1.02198  *
* 101)    6.587   (  0, 51)        0.339  0.14268    2.836    4.608  1.01044  *
* 102)    6.587   ( 51,  0)        0.339  0.14268    2.836    4.608  1.01044  *
* 103)    4.933   ( 52,  0)        0.531  0.00510    3.011    0.703  1.01631  *
* 104)    4.933   (  0, 52)        0.531  0.00510    3.011    0.703  1.01631  *
* 105)    5.005   (  0, 53)       -0.814  0.00463    3.088    0.680  1.01608  *
* 106)    5.005   ( 53,  0)       -0.814  0.00463    3.088    0.680  1.01608  *
* 107)    5.502   (  0, 54)       -0.139  0.00365    3.590    0.664  1.01462  *
* 108)    5.502   ( 54,  0)       -0.139  0.00365    3.590    0.664  1.01462  *
* 109)    5.624   (  0, 55)       -0.703  0.00336    3.715    0.651  1.01430  *
* 110)    5.624   ( 55,  0)       -0.703  0.00336    3.715    0.651  1.01430  *
* 111)    6.117   ( 56,  0)       -0.433  0.00277    4.212    0.643  1.01314  *
* 112)    6.117   (  0, 56)       -0.433  0.00277    4.212    0.643  1.01314  *
* 113)    6.729   (  0, 57)        0.011  0.00245    4.825    0.665  1.01194  *
* 114)    6.729   ( 57,  0)        0.011  0.00245    4.825    0.665  1.01194  *
* 115)    7.478   ( 58,  0)        0.269  0.00185    5.579    0.643  1.01074  *
* 116)    7.478   (  0, 58)        0.269  0.00185    5.579    0.643  1.01074  *
* 117)    7.926   (  0, 59)       -0.584  0.00191    6.025    0.692  1.01012  *
* 118)    7.926   ( 59,  0)       -0.584  0.00191    6.025    0.692  1.01012  *
* 119)    8.164   (  0, 60)        0.349  0.00184    6.262    0.700  1.00983  *
* 120)    8.164   ( 60,  0)        0.349  0.00184    6.262    0.700  1.00983  *
* 121)    8.192   (  0, 61)        0.022  0.00255    6.278    0.827  1.00979  *
* 122)    8.192   ( 61,  0)        0.022  0.00255    6.278    0.827  1.00979  *
* 123)    8.540   (  0, 62)       -0.699  0.00138    6.645    0.634  1.00939  *
* 124)    8.540   ( 62,  0)       -0.699  0.00138    6.645    0.634  1.00939  *
* 125)    8.706   (  0, 63)       -0.220  0.00138    6.811    0.647  1.00921  *
* 126)    8.706   ( 63,  0)       -0.220  0.00138    6.811    0.647  1.00921  *
* 127)    9.234   ( 64,  0)       -0.329  0.00297    7.308    1.005  1.00867  *
* 128)    9.234   (  0, 64)       -0.329  0.00297    7.308    1.005  1.00867  *
* 129)    9.416   ( 65,  0)       -0.391  0.00138    7.518    0.699  1.00851  *
* 130)    9.416   (  0, 65)       -0.391  0.00138    7.518    0.699  1.00851  *
* 131)    9.627   ( 66,  0)       -0.184  0.00111    7.735    0.640  1.00833  *
* 132)    9.627   (  0, 66)       -0.184  0.00111    7.735    0.640  1.00833  *
* 133)    9.875   ( 67,  0)       -0.170  0.00335    7.938    1.142  1.00810  *
* 134)    9.875   (  0, 67)       -0.170  0.00335    7.938    1.142  1.00810  *
*                                                                             *
*1234)   TOTAL=  ( 617, 617)                                                  *
*                                                                             *
*******************************************************************************

*******************************************************************************
*                                                                             *
*  SINGLE-PARTICLE PROPERTIES: CANONICAL                            PROTONS   *
*                                                                             *
*******************************************************************************
*                                                                             *
*  NO)   ENERGY   (S=+,S=-)   | N,nz,lz,OMEz>   <P>    <JY>    <SY>   GFACT   *
*                                                                             *
*  20)  -11.489   ( 20,---)   | 4, 3, 1, 1/2>   -19   0.515  -0.115  -0.223   *
*  21)  -10.899   ( 21,---)   | 3, 0, 3, 5/2>   -29   0.000  -0.000  -0.666   *
*  22)   -9.822   ( 22,---)   | 4, 4, 0, 1/2>    12  -1.152  -0.450   0.391   *
*  23)   -9.776   ( 23,---)   | 4, 2, 2, 5/2>    28   0.000   0.000   0.025   *
*  24)   -9.659   ( 24,---)   | 3, 0, 1, 3/2>   -64  -0.000   0.000  -0.105   *
*  25)   -8.735   ( 25,---)   | 3, 0, 1, 1/2>   -75   0.207  -0.021  -0.104   *
*  26)   -8.386   ( 26,---)   | 4, 3, 1, 3/2>    32   0.000   0.000   0.086   *
*  27)   -7.623   ( 27,---)   | 4, 1, 3, 7/2>    80   0.000   0.000   0.079   *
*  28)   -6.817   ( 28,---)   | 4, 2, 0, 1/2>    47  -1.109  -0.418   0.377   *
*  29)   -6.700   ( 29,---)   | 4, 0, 4, 9/2>    83  -0.000   0.000  -0.090   *
*  30)   -6.629   ( 30,---)   | 4, 2, 2, 3/2>    81  -0.000   0.000  -0.252   *
*  31)   -6.101   ( 31,---)   | 4, 3, 1, 1/2>    40   0.354  -0.141  -0.398   *
*  32)   -5.690   ( 32,---)   | 5, 3, 2, 5/2>   -30  -0.000  -0.000   0.483   *
*  33)   -4.108   ( 33,---)   | 4, 4, 0, 1/2>   -15  -1.082  -0.392   0.362   *
*  34)   -3.808   ( 34,---)   | 4, 1, 1, 3/2>     2   0.000   0.000   0.884   *
*  35)   -3.356   ( 35,---)   | 4, 1, 3, 5/2>    68   0.000   0.000   0.059   *
*  36)   -2.489   ( 36,---)   | 4, 0, 4, 7/2>     3  -0.000  -0.000   0.539   *
*  37)   -2.273   ( 37,---)   | 4, 1, 1, 1/2>    47  -0.528  -0.132   0.250   *
*  38)   -2.239   ( 38,---)   | 4, 1, 1, 3/2>     0  -0.000  -0.000   1.615   *
*  39)   -1.776   ( 39,---)   | 4, 0, 2, 5/2>    69  -0.000   0.000  -2.411   *
*  40)   -1.620   ( 40,---)   | 5, 3, 0, 1/2>    -3  -0.149  -0.377   2.534   *
*  41)   -1.442   ( 41,---)   | 5, 2, 3, 7/2>   -10   0.000  -0.000  -0.657   *
*  42)   -1.433   ( 42,---)   | 5, 4, 1, 3/2>   -23  -0.000  -0.000  2.E+01   *
*  43)   -0.340   ( 43,---)   | 5, 3, 2, 5/2>   -11  -0.000   0.000  -4.371   *
*  44)   -0.335   ( 44,---)   | 5, 4, 1, 1/2>    -1  -0.512  -0.217   0.423   *
*  45)   -0.076   ( 45,---)   | 4, 0, 0, 1/2>    50  -0.501  -0.441   0.879   *
*  46)   -0.038   ( 46,---)   | 4, 0, 2, 3/2>    62  -0.000  -0.000   1.002   *
*                                                                             *
*******************************************************************************

*******************************************************************************
*                                                                             *
*  HFB PAIRING PROPERTIES                                            PROTONS  *
*                                                                             *
*  STRENGTH= 0.0648   GAP= 0.7001   FERMI ENERGY= -1.7917   ENERGY=  -7.5588  *
*                                                                             *
*******************************************************************************

*******************************************************************************
*                                                                             *
*  MULTIPOLE MOMENTS [UNITS:  (10 FERMI)^LAMBDA]                     PROTONS  *
*                                                                             *
*******************************************************************************
*                                                                             *
*  Q00 = 78.0000  .............  .............  .............  .............  *
*                                                                             *
*  Q10 =  6.7199  Q11 =    ZERO  .............  .............  .............  *
*                                                                             *
*  Q20 = 18.3085  Q21 =    ZERO  Q22 =-4.6E-05  .............  .............  *
*                                                                             *
*  Q30 =  4.3964  Q31 =    ZERO  Q32 = 2.7E-06  Q33 =    ZERO  .............  *
*                                                                             *
*  Q40 =  3.5845  Q41 =    ZERO  Q42 =-1.4E-06  Q43 =    ZERO  Q44 =-1.6E-06  *
*                                                                             *
*******************************************************************************

*******************************************************************************
*                                                                             *
*  ROOT-MEAN-SQUARE AND GEOMETRIC SIZES IN FERMIS                    PROTONS  *
*                                                                             *
*  R_RMS =  5.7066     X_RMS =  2.6350    Y_RMS =  2.6350    Z_RMS =  4.3220  *
*                                                                             *
*  R_GEO =  7.3672     X_GEO =  5.8920    Y_GEO =  5.8920    Z_GEO =  9.6642  *
*                                                                             *
*******************************************************************************

*******************************************************************************
*                                                                             *
*  BOHR DEFORMATIONS (FIRST-ORDER APPROXIMATION)                     PROTONS  *
*                                                                             *
*******************************************************************************
*                                                                             *
*  B10 =  0.2393  B11 =    ZERO  .............  .............  .............  *
*                                                                             *
*  B20 =  0.5713  B21 =    ZERO  B22 =-1.4E-06  .............  .............  *
*                                                                             *
*  B30 =  0.5904  B31 =    ZERO  B32 = 5.1E-07  B33 =    ZERO  .............  *
*                                                                             *
*  B40 =  0.6534  B41 =    ZERO  B42 =-3.7E-07  B43 =    ZERO  B44 =-4.2E-07  *
*                                                                             *
*******************************************************************************
*                                                                             *
*  BOHR DENSITY = 0.0466 FM^(-3)  BOHR RADIUS =   7.3672 FM                   *
*                                                                             *
*******************************************************************************

*******************************************************************************
*                                                                             *
*                  DENSITY INTEGRALS IN THE SKYRME FUNCTIONAL                 *
*                                                                             *
*******************************************************************************
*                                                                             *
*                   TOTAL(T)        SUM(S)      ISOSCALAR(P)  ISOVECTOR(M)    *
*                   --------        ------      ------------  ------------    *
*    DRHO_ =       20.622752     10.427927         20.622752      0.233101    *
*    DRHOD =        9.582050      4.844130          9.582050      0.106209    *
*    DLPR_ =       -4.290165     -2.162400         -4.290165     -0.034635    *
*    DTAU_ =       18.348797      9.345087         18.348797      0.341378    *
*    DSCU_ =        0.126537      0.070053          0.126537      0.013569    *
*    DDIV_ =        0.889307      0.452658          0.889307      0.016010    *
*                                                                             *
*    DSPI_ =        0.000000      0.000000          0.000000      0.000000    *
*    DSPID =        0.000000      0.000000          0.000000      0.000000    *
*    DLPS_ =        0.000000      0.000000          0.000000      0.000000    *
*    DCUR_ =        0.000000      0.000000          0.000000      0.000000    *
*    DKIS_ =        0.000000      0.000000          0.000000      0.000000    *
*    DROT_ =        0.000000      0.000000          0.000000      0.000000    *
*                                                                             *
*******************************************************************************

*******************************************************************************
*                                                                             *
*               CONTRIBUTIONS TO ENERGY IN THE SKYRME FUNCTIONAL              *
*                                                                             *
*******************************************************************************
*                                                                             *
*                 TOTAL(T)        SUM(S)        ISOSCALAR(P)  ISOVECTOR(M)    *
*                 --------        ------        ------------  ------------    *
*    ERHO_ =   -18437.979415   5613.515290     -12887.205039     62.740914    *
*    ERHOD =     9660.753177  -2457.736463       7229.960144    -26.943430    *
*    ELPR_ =     -421.874680    622.490329        195.630493      4.985157    *
*    ETAU_ =      608.373842   -451.101714        165.511551     -8.239424    *
*    ESCU_ =        0.000000      0.000000          0.000000      0.000000    *
*    EDIV_ =      -19.594837    -46.997264        -65.761004     -0.831098    *
*               ============  ============      ============  ============    *
*    SUM EVEN:  -8610.321913   3280.170178      -5361.863854     31.712119    *
*                                                                             *
*    ESPI_ =        0.000000      0.000000          0.000000      0.000000    *
*    ESPID =        0.000000      0.000000          0.000000      0.000000    *
*    ELPS_ =        0.000000      0.000000          0.000000      0.000000    *
*    ECUR_ =        0.000000      0.000000          0.000000      0.000000    *
*    EKIS_ =        0.000000      0.000000          0.000000      0.000000    *
*    EROT_ =        0.000000      0.000000          0.000000      0.000000    *
*               ============  ============      ============  ============    *
*    SUM  ODD:      0.000000      0.000000          0.000000      0.000000    *
*                                                                             *
*******************************************************************************
 
*******************************************************************************
*                                                                             *
*  CENTER-OF-MASS COORDINATES IN FERMIS                                TOTAL  *
*                                                                             *
*  R_CMS =  0.8246     X_CMS = -0.0000    Y_CMS =  0.0000    Z_CMS =  0.8246  *
*                                                                             *
*******************************************************************************

*******************************************************************************
*                                                                             *
*  MULTIPOLE MOMENTS [UNITS:  (10 FERMI)^LAMBDA] [CENT-MASS FRAME]  NEUTRONS  *
*                                                                             *
*******************************************************************************
*                                                                             *
*  Q00 = 98.0000  .............  .............  .............  .............  *
*                                                                             *
*  Q10 = -0.2877  Q11 =    ZERO  .............  .............  .............  *
*                                                                             *
*  Q20 = 20.1805  Q21 =    ZERO  Q22 =-5.7E-05  .............  .............  *
*                                                                             *
*  Q30 =  3.2755  Q31 =    ZERO  Q32 = 6.4E-06  Q33 =    ZERO  .............  *
*                                                                             *
*  Q40 =  2.5902  Q41 =    ZERO  Q42 =-3.4E-06  Q43 =    ZERO  Q44 = 1.4E-06  *
*                                                                             *
*******************************************************************************

*******************************************************************************
*                                                                             *
*  BOHR DEFORMATIONS (FIRST-ORDER APPROXIMATION) [CENT-MASS FRAME]  NEUTRONS  *
*                                                                             *
*******************************************************************************
*                                                                             *
*  B10 = -0.0090  B11 =    ZERO  .............  .............  .............  *
*                                                                             *
*  B20 =  0.6161  B21 =    ZERO  B22 =-1.8E-06  .............  .............  *
*                                                                             *
*  B30 =  0.4772  B31 =    ZERO  B32 = 1.3E-06  B33 =    ZERO  .............  *
*                                                                             *
*  B40 =  0.5679  B41 =    ZERO  B42 =-1.0E-06  B43 =    ZERO  B44 = 4.3E-07  *
*                                                                             *
*******************************************************************************
*                                                                             *
*  BOHR DENSITY = 0.0797 FM^(-3)  BOHR RADIUS =   6.6448 FM                   *
*                                                                             *
*******************************************************************************

*******************************************************************************
*                                                                             *
*  MULTIPOLE MOMENTS [UNITS:  (10 FERMI)^LAMBDA] [CENT-MASS FRAME]   PROTONS  *
*                                                                             *
*******************************************************************************
*                                                                             *
*  Q00 = 78.0000  .............  .............  .............  .............  *
*                                                                             *
*  Q10 =  0.2877  Q11 =    ZERO  .............  .............  .............  *
*                                                                             *
*  Q20 = 17.1527  Q21 =    ZERO  Q22 =-4.6E-05  .............  .............  *
*                                                                             *
*  Q30 =  2.7758  Q31 =    ZERO  Q32 = 4.9E-06  Q33 =    ZERO  .............  *
*                                                                             *
*  Q40 =  2.2465  Q41 =    ZERO  Q42 =-2.7E-06  Q43 =    ZERO  Q44 =-1.6E-06  *
*                                                                             *
*******************************************************************************

*******************************************************************************
*                                                                             *
*  BOHR DEFORMATIONS (FIRST-ORDER APPROXIMATION) [CENT-MASS FRAME]   PROTONS  *
*                                                                             *
*******************************************************************************
*                                                                             *
*  B10 =  0.0115  B11 =    ZERO  .............  .............  .............  *
*                                                                             *
*  B20 =  0.6740  B21 =    ZERO  B22 =-1.8E-06  .............  .............  *
*                                                                             *
*  B30 =  0.5268  B31 =    ZERO  B32 = 1.3E-06  B33 =    ZERO  .............  *
*                                                                             *
*  B40 =  0.6494  B41 =    ZERO  B42 =-1.1E-06  B43 =    ZERO  B44 =-6.7E-07  *
*                                                                             *
*******************************************************************************
*                                                                             *
*  BOHR DENSITY = 0.0658 FM^(-3)  BOHR RADIUS =   6.5652 FM                   *
*                                                                             *
*******************************************************************************

*******************************************************************************
*                                                                             *
*  EULER ANGLES OF THE PRINCIPAL-AXES FRAME IN DEGREES                 TOTAL  *
*                                                                             *
*  ALPHA =270.00000  BETA =  0.00000  GAMMA =  0.00000                        *
*                                                                             *
*******************************************************************************

*******************************************************************************
*                                                                             *
*  ROOT-MEAN-SQUARE AND GEOMETRIC SIZES IN FERMIS                      TOTAL  *
*                                                                             *
*  R_RMS =  5.7102     X_RMS =  2.6658    Y_RMS =  2.6658    Z_RMS =  4.2887  *
*                                                                             *
*  R_GEO =  7.3718     X_GEO =  5.9610    Y_GEO =  5.9610    Z_GEO =  9.5898  *
*                                                                             *
*******************************************************************************

*******************************************************************************
*                                                                             *
*  MULTIPOLE MOMENTS [UNITS:  (10 FERMI)^LAMBDA]                       TOTAL  *
*                                                                             *
*******************************************************************************
*                                                                             *
*  Q00 =176.0000  .............  .............  .............  .............  *
*                                                                             *
*  Q10 = 14.5138  Q11 =    ZERO  .............  .............  .............  *
*                                                                             *
*  Q20 = 39.7270  Q21 =    ZERO  Q22 =-1.0E-04  .............  .............  *
*                                                                             *
*  Q30 =  9.5716  Q31 =    ZERO  Q32 = 6.3E-06  Q33 =    ZERO  .............  *
*                                                                             *
*  Q40 =  7.7516  Q41 =    ZERO  Q42 =-3.2E-06  Q43 =    ZERO  Q44 =-2.6E-07  *
*                                                                             *
*******************************************************************************

*******************************************************************************
*                                                                             *
*  BOHR DEFORMATIONS (FIRST-ORDER APPROXIMATION)                       TOTAL  *
*                                                                             *
*******************************************************************************
*                                                                             *
*  B10 =  0.2289  B11 =    ZERO  .............  .............  .............  *
*                                                                             *
*  B20 =  0.5487  B21 =    ZERO  B22 =-1.4E-06  .............  .............  *
*                                                                             *
*  B30 =  0.5686  B31 =    ZERO  B32 = 5.3E-07  B33 =    ZERO  .............  *
*                                                                             *
*  B40 =  0.6247  B41 =    ZERO  B42 =-3.6E-07  B43 =    ZERO  B44 =-3.0E-08  *
*                                                                             *
*******************************************************************************
*                                                                             *
*  BOHR DENSITY = 0.1049 FM^(-3)  BOHR RADIUS =   7.3718 FM                   *
*                                                                             *
*******************************************************************************

*******************************************************************************
*                                                                             *
*  MULTIPOLE MOMENTS [UNITS:  (10 FERMI)^LAMBDA] [CENT-MASS FRAME]     TOTAL  *
*                                                                             *
*******************************************************************************
*                                                                             *
*  Q00 =176.0000  .............  .............  .............  .............  *
*                                                                             *
*  Q10 =    ZERO  Q11 =    ZERO  .............  .............  .............  *
*                                                                             *
*  Q20 = 37.3332  Q21 =    ZERO  Q22 =-1.0E-04  .............  .............  *
*                                                                             *
*  Q30 =  6.0513  Q31 =    ZERO  Q32 = 1.1E-05  Q33 =    ZERO  .............  *
*                                                                             *
*  Q40 =  4.8368  Q41 =    ZERO  Q42 =-6.0E-06  Q43 =    ZERO  Q44 =-2.6E-07  *
*                                                                             *
*******************************************************************************

*******************************************************************************
*                                                                             *
*  BOHR DEFORMATIONS (FIRST-ORDER APPROXIMATION) [CENT-MASS FRAME]     TOTAL  *
*                                                                             *
*******************************************************************************
*                                                                             *
*  B10 =    ZERO  B11 =    ZERO  .............  .............  .............  *
*                                                                             *
*  B20 =  0.6414  B21 =    ZERO  B22 =-1.8E-06  .............  .............  *
*                                                                             *
*  B30 =  0.4987  B31 =    ZERO  B32 = 1.3E-06  B33 =    ZERO  .............  *
*                                                                             *
*  B40 =  0.6031  B41 =    ZERO  B42 =-1.1E-06  B43 =    ZERO  B44 =-4.6E-08  *
*                                                                             *
*******************************************************************************
*                                                                             *
*  BOHR DENSITY = 0.1455 FM^(-3)  BOHR RADIUS =   6.6097 FM                   *
*                                                                             *
*******************************************************************************

*******************************************************************************
*                                                                             *
*  MULTIPOLE MOMENTS [UNITS:  (10 FERMI)^LAMBDA] [INTRINSIC FRAME]     TOTAL  *
*                                                                             *
*  REAL PART  FOR A NON-NEGATIVE PROJECTION                                   *
*  IMAGINARY PART FOR A NEGATIVE PROJECTION                                   *
*                                                                             *
*******************************************************************************
*                                                                             *
*  Q00 =176.0000  .............  .............  .............  .............  *
*                 .............  .............  .............  .............  *
*                                                                             *
*  Q10 =    ZERO  Q1+1=    ZERO  .............  .............  .............  *
*                 Q1-1=    ZERO  .............  .............  .............  *
*                                                                             *
*  Q20 = 37.3332  Q2+1=    ZERO  Q2+2= 1.0E-04  .............  .............  *
*                 Q2-1=    ZERO  Q2-2=    ZERO  .............  .............  *
*                                                                             *
*  Q30 =  6.0513  Q3+1=    ZERO  Q3+2=-1.1E-05  Q3+3=    ZERO  .............  *
*                 Q3-1=    ZERO  Q3-2=    ZERO  Q3-3=    ZERO  .............  *
*                                                                             *
*  Q40 =  4.8368  Q4+1=    ZERO  Q4+2= 6.0E-06  Q4+3=    ZERO  Q4+4=-2.6E-07  *
*                 Q4-1=    ZERO  Q4-2=    ZERO  Q4-3=    ZERO  Q4-4=    ZERO  *
*                                                                             *
*******************************************************************************

*******************************************************************************
*                                                                             *
*  BOHR DEFORMATIONS (FIRST-ORDER APPROXIMATION) [INTRINSIC FRAME]     TOTAL  *
*                                                                             *
*  REAL PART  FOR A NON-NEGATIVE PROJECTION                                   *
*  IMAGINARY PART FOR A NEGATIVE PROJECTION                                   *
*                                                                             *
*******************************************************************************
*                                                                             *
*  B10 =    ZERO  B1+1=    ZERO  .............  .............  .............  *
*                 B1-1=    ZERO  .............  .............  .............  *
*                                                                             *
*  B20 =  0.6414  B2+1=    ZERO  B2+2= 1.8E-06  .............  .............  *
*                 B2-1=    ZERO  B2-2=    ZERO  .............  .............  *
*                                                                             *
*  B30 =  0.4987  B3+1=    ZERO  B3+2=-1.3E-06  B3+3=    ZERO  .............  *
*                 B3-1=    ZERO  B3-2=    ZERO  B3-3=    ZERO  .............  *
*                                                                             *
*  B40 =  0.6031  B4+1=    ZERO  B4+2= 1.1E-06  B4+3=    ZERO  B4+4=-4.6E-08  *
*                 B4-1=    ZERO  B4-2=    ZERO  B4-3=    ZERO  B4-4=    ZERO  *
*                                                                             *
*******************************************************************************
*                                                                             *
*  BOHR DENSITY = 0.1455 FM^(-3)  BOHR RADIUS =   6.6097 FM                   *
*                                                                             *
*******************************************************************************

*******************************************************************************
*                                                                             *
*                                ENERGIES (MEV)                               *
*                                                                             *
*******************************************************************************
*                                                                             *
*  KINETIC: (NEU)=  1890.137598    (PRO)=  1346.043466    (TOT)=  3236.181064 *
*  SUM EPS: (NEU)= -2107.453957    (PRO)=  -989.454320    (TOT)= -3096.908277 *
*  PAIRING: (NEU)=    -3.197891    (PRO)=    -7.558803    (TOT)=   -10.756694 *
*  P-REARR: (NEU)=     0.867687    (PRO)=     2.158257    (TOT)=     3.025944 *
*                                                                             *
*  PAIRGAP: (NEU)=     0.434345    (PRO)=     0.700050    THIS SPACE IS EMPTY *
*  E-FERMI: (NEU)=    -9.814234    (PRO)=    -1.791679    AND AWAITS  YOUR AD *
*                                                                             *
*  COULOMB: (DIR)=   755.848252    (EXC)=   -30.346703    (TOT)=   725.501549 *
*                                                                             *
*  CONSTR. (MULT)=   479.422945    SLOPE=    -3.438357    CORR.=     1.719179 *
*  CONSTR. (SURF)=     0.000000    SLOPE=     0.000000    CORR.=     0.000000 *
*  CONSTR. (SPIN)=     0.000000    SLOPE=     0.000000    CORR.=     0.000000 *
*  CONSTR. (ISOS)=     0.000000    SLOPE=     0.000000    CORR.=     0.000000 *
*                                                                             *
*  REARRANGEMENT ENERGY FROM THE SKYRME DENSITY-DEPENDENT TERMS=  1356.257146 *
*  ROUTHIAN= TOTAL ENERGY + MULTIPOLE AND (ISO)SPIN CONSTRAINTS=  -899.802871 *
*                                                                             *
*  SPIN-ORB (EVE)=   -66.592102    (ODD)=     0.000000    (TOT)=   -66.592102 *
*  SKYRME:  (EVE)= -5330.151735    (ODD)=     0.000000    (TOT)= -5330.151735 *
*                                                                             *
*  TOTAL:  (STAB)=    66.987679     (SP)= -1312.238137    (FUN)= -1379.225816 *
*                                                                             *
*******************************************************************************

*******************************************************************************
*                                                                             *
*  ITERATION RESTARTED FROM THE DISC, THE FOLLOWING FILE(S) READ:             *
*  ./restart/HFODD_00000008.REC                                        VER=19 *
*                                                                             *
*******************************************************************************
*                                                                             *
* CONVERGENCE REPORT                                                          *
*                                                                             *
*******************************************************************************
*                                                                             *
* ITER     ENERGY     STABILITY    Q_2    GAMMA   SPIN  OMEGA   ANGLE   EPAIR *
*                                                                             *
* 2378 -1379.225816   66.987679  37.333    0.00   0.00  0.000   0.000  -10.76 *
* 2379  -832.957376  430.592215  84.523    0.00   0.00  0.000   0.000   -2.19 *
* 2380  -909.772819  224.854165  75.286    0.00   0.00  0.000   0.000   -8.80 *
* 2381  -919.951859  291.845762  76.357    0.00   0.00  0.000   0.000  -11.36 *
* 2382  -918.654806  266.230803  75.766    0.00   0.00  0.000   0.000  -10.75 *
* 2383  -932.581246  246.743694  76.610    0.00   0.00  0.000   0.000  -11.38 *
* 2384  -983.260726  219.181146  79.656    0.00   0.00  0.000   0.000  -13.36 *
* 2385 -1107.008703  251.991050  84.508    0.00   0.00  0.000   0.000  -15.31 *
* 2386 -1134.491193  264.619742  85.437    0.00   0.00  0.000   0.000  -12.52 *
* 2387 -1119.433730  242.980364  85.270    0.00   0.00  0.000   0.000  -10.56 *
* 2388 -1117.098292  160.136715  84.317    0.00   0.00  0.000   0.000  -10.43 *
* 2389 -1151.283643  684.420238  69.828    0.00   0.00  0.000   0.000  -13.16 *
* 2390  -318.465469   -3.18E+03 121.347    0.00   0.00  0.000   0.000   -3.14 *
* 2391 -1503.481595  -40.797194  20.844   59.99   0.00  0.000   0.000 -122.84 *
* 2392  1009.912627   -1.26E+03  51.086    0.01   0.00  0.000   0.000   -1.28 *
* 2393   126.360120 -611.666260 102.004    0.00   0.00  0.000   0.000  -30.39 *
* 2394  -364.551721    2.06E+03 114.073    0.02   0.00  0.000   0.000  -46.65 *
* 2395   676.470545   -1.51E+03  73.424    0.01   0.00  0.000   0.000   -5.72 *
* 2396  -123.476762    5.21E+03 461.505    0.00   0.00  0.000   0.000   -2.65 *
* 2397   217.717664  998.719820 447.653    0.00   0.00  0.000   0.000   -2.34 *
* 2398  1696.714358   -2.42E+03 111.916    0.00   0.00  0.000   0.000   -2.07 *
* 2399   119.667976    1.92E+03 498.636    0.00   0.00  0.000   0.000   -1.49 *
* 2400   633.819909    1.52E+04 345.561    0.00   0.00  0.000   0.000   -9.20 *
* 2401   737.590922    9.37E+03 518.744    0.00   0.00  0.000   0.000   -0.32 *
* 2402   942.637933   -7.10E+04 513.754    0.00   0.00  0.000   0.000   -0.23 *
* 2403 12300.426097   -6.23E+05  71.888   59.92   0.00  0.000   0.000 -141.85 *

 //////////////////// MAXIMUM NUMBER OF ITERATIONS       ////////////////////
 //////////////////// EXCEEDED IN QUABCS                 ////////////////////

*******************************************************************************
*                                                                             *
*  PROCESSOR   EXECUTION  TIMES IN SUBROUTINES                                *
*  INCLUDING THEIR COMPLETE DOWN-CALLING TREES                                *
*                                                                             *
*******************************************************************************
*                                                                             *
*     8070 => HFODD    4364 => DENSHF   1732 => DIAMAT   1578 => HFBSIM       *
*                                                                             *
*      811 => QMULCM    448 => PAIMAC    361 => CANQUA    198 => RECORD       *
*                                                                             *
*      135 => AVEQUA     56 => INTEGH     48 => INTEGD     47 => INTSOR       *
*                                                                             *
*       44 => DENMAC     27 => MOMETS     25 => DOBROY     25 => INTMUL       *
*                                                                             *
*       19 => BEGINC     16 => SKFILD     12 => ROTAVR     11 => LINAVR       *
*                                                                             *
*       11 => INTMAS      8 => COUMAT      8 => INTCOU      7 => SPAVER       *
*                                                                             *
*        6 => INTCEN      5 => AVOBSE      3 => NILASP      3 => SKPAIR       *
*                                                                             *
*        2 => POWALL      2 => AVANGY      0 => INTKIN      0 => AVPARI       *
*                                                                             *
*        0 => QUABCS      0 => SHICOE      0 => AVSIMP      0 => PAXMOM       *
*                                                                             *
*        0 => MOMSIF      0 => MOMVMU      0 => MAGMOM      0 => SPIMOM       *
*                                                                             *
*        0 => SHIMOM      0 => SHISIF      0 => SHIMAG                        *
*                                                                             *
*******************************************************************************
*                                                                             *
*  NUMBERS OF CALLS TO SUBROUTINES                                            *
*                                                                             *
*******************************************************************************
*                                                                             *
*     1193 => BEGINC    994 => INTMUL    318 => INTSOR    131 => DIAMAT       *
*                                                                             *
*      106 => INTMAS    106 => INTCEN    105 => INTKIN    104 => AVEQUA       *
*                                                                             *
*       78 => PAXMOM     53 => INTEGH     53 => INTEGD     53 => HFBSIM       *
*                                                                             *
*       53 => QUABCS     52 => CANQUA     52 => AVPARI     52 => DENSHF       *
*                                                                             *
*       52 => DENMAC     52 => PAIMAC     52 => MOMETS     52 => MOMSIF       *
*                                                                             *
*       52 => MOMVMU     52 => MAGMOM     52 => SPIMOM     52 => LINAVR       *
*                                                                             *
*       52 => ROTAVR     52 => SHICOE     27 => RECORD     27 => COUMAT       *
*                                                                             *
*       27 => INTCOU     26 => QMULCM     26 => SKFILD     26 => SKPAIR       *
*                                                                             *
*       26 => DOBROY     26 => SHIMOM     26 => SHISIF     26 => SHIMAG       *
*                                                                             *
*       14 => SPAVER      2 => AVANGY      2 => AVOBSE      2 => AVSIMP       *
*                                                                             *
*        2 => NILASP      1 => HFODD       1 => POWALL                        *
*                                                                             *
*******************************************************************************
*                                                                             *
*  EXECUTION ENDS ON 2016.08.26 AT 13:17:21.185                               *
*                                                                             *
*******************************************************************************
