*******************************************************************************
*                                                                             *
*                     P A R A L L E L    M O D E L                            *
*                                                                             *
*  SIMPLE MPI FRAMEWORK (1 COMMUNICATOR)    :  1 MPI PROCESS per HFODD TASK   *
*  MULTI-THREADING FRAMEWORK WITH OPENMP   :  4 THREADS per HFODD MPI PROCESS *
*                                                                             *
*******************************************************************************
*                                                                             *
*                        __  __ _____  ___   ____   ____                      *
*                       / / / // ___/.' _ \ / __ \ / __ \                     *
*                      / /_/ // /_  / / / // / / // / / /                     *
*                     / __  // __/ / / / // / / // / / /                      *
*                    / / / // /   / /_/ // /_/ // /_/ /                       *
*                   /_/ /_//_/    \___.'/____.'/____.'                        *
*                                                                             *
*                                                                             *
*******************************************************************************
*                                                                             *
*             SKYRME-HARTREE-FOCK-BOGOLYUBOV CODE VERSION: 2.77B              *
*                                                                             *
*              NO SYMMETRY-PLANES AND NO TIME-REVERSAL SYMMETRY               *
*                                                                             *
*                DEFORMED CARTESIAN HARMONIC-OSCILLATOR BASIS                 *
*                                                                             *
*******************************************************************************
*                                                                             *
*             J. DOBACZEWSKI, P. BACZYK, B.G. CARLSSON, J. DUDEK              *
*                 J. ENGEL, Y. GAO, M. KONIECZKA, T. LESINSKI                 *
*                 J. MCDONNELL, P. OLBRATOWSKI, P. POWALOWSKI                 *
*                  M. SADZIAK, J. SARICH, K. SATO, W. SATULA                  *
*             N. SCHUNCK,  J.A. SHEIKH, A. STASZCZAK, M. STOITSOV             *
*             P. TOIVANEN, X.B. WANG, M. ZALEWSKI AND H. ZDUNCZUK             *
*                                                                             *
*                   INSTYTUT FIZYKI TEORETYCZNEJ, WARSZAWA                    *
*                 LAWRENCE LIVERMORE NATIONAL LABORATORY, USA                 *
*                                                                             *
*                                  1993-2016                                  *
*                                                                             *
*******************************************************************************

*******************************************************************************
*                                                                             *
*  CODE COMPILED WITH THE FOLLOWING ARRAY DIMENSIONS AND SWITCHES:            *
*                                                                             *
*******************************************************************************
*                                                                             *
*  NDBASE = 1200  NDSTAT = 1200  NDXHRM =   40  NDYHRM =   40  NDZHRM =   64  *
*                                                                             *
*  NDMAIN =   30  NDMULT =    9  NDMULR =    4  NDLAMB =    9  NDITER = 5000  *
*                                                                             *
*  NDAKNO =    1  NDBKNO =    1  NDPROI =    2  NDCOUL =   80  NDPOLS =   25  *
*                                                                             *
*  NDATKN =   20  NDBTKN =   10  NDPROT =    1  NDPROD =    3                 *
*                                                                             *
*  IPARAL =    0  IPARAT =    0  I_CRAY =    0                                *
*                                                                             *
*                                                                             *
*  PRE-PROCESSOR OPTIONS:                                                     *
*                                                                             *
*       switch_port = 1     switch_diag = 3     switch_essl = 0               *
*                                                                             *
*                           switch_quad = 0     switch_vect = 1               *
*                                                                             *
*******************************************************************************
*                                                                             *
*  EXECUTION BEGINS ON 2016.08.26 AT 13:00:47.858                             *
*                                                                             *
*******************************************************************************
 
*******************************************************************************
*                                                                             *
*  CLASSICAL NUCLEAR SURFACE DEFINED FOR:                    N = 98   Z = 78  *
*                                                                             *
*******************************************************************************
*                                                                             *
*  AL10 =   ZERO  AL11 =   ZERO  .............  .............  .............  *
*                                                                             *
*  AL20 =  0.427  AL21 =   ZERO  AL22 =   ZERO  .............  .............  *
*                                                                             *
*******************************************************************************
*                                                                             *
*                                           HOMEGA=  8.1953  FCHOM0=  1.1202  *
*                                                                             *
*  OSCILLATOR FREQUENCIES: HBAROX=  9.3395  HBAROY=  9.3395  HBAROZ=  6.3104  *
*                                                                             *
*  MOMENTS OF INERTIA:     XMOMFC= 99.2038  YMOMFC= 99.2038  ZMOMFC= 62.1881  *
*                                                                             *
*  CENTERS OF MASS:        CMSXFC= -0.0000  CMSYFC= -0.0000  CMSZFC= -0.0000  *
*                                                                             *
*******************************************************************************

*******************************************************************************
*                                                                             *
*                           SKYRME FORCE DEFINITION                           *
*                                                                             *
*******************************************************************************
*                                                                             *
* PARAMETER SET HFB1:  T0= -1666.41  T1=   255.23  T2=  1521.28  T3= 12072.51 *
*                                                                             *
* POWER=0.37658031358  X0=  0.14608  X1= -4.82248  X2= -1.35211  X3=  0.00432 *
*                                                                             *
* IETA: J=0  W=1 CM=3  M=1  P=1  T=0 HBM= 20.73553 W0=  44.0677 W0P= 207.6502 *
*                                                                             *
*******************************************************************************

*******************************************************************************
*                                                                             *
*              COUPLING CONSTANTS DEFINING THE SKYRME FUNCTIONAL              *
*                                                                             *
*******************************************************************************
*                                                                             *
*                   TOTAL(T)        SUM(S)      ISOSCALAR(P)  ISOVECTOR(M)    *
*                   --------        ------      ------------  ------------    *
*    CRHO_ =     -894.060074    538.315575       -624.902286    269.157788    *
*    CRHOD =     1008.213640   -507.363897        754.531691   -253.681949    *
*    CLPR_ =       98.335311   -287.870148        -45.599763   -143.935074    *
*    CTAU_ =       33.156062    -48.271535          9.020295    -24.135768    *
*    CSCU_ =        0.000000      0.000000          0.000000      0.000000    *
*    CDIV_ =      -22.033840   -103.825096        -73.946388    -51.912548    *
*                                                                             *
*    CSPI_ =      -60.857026    416.601524        147.443736    208.300762    *
*    CSPID =        2.171385   -503.021127       -249.339179   -251.510564    *
*    CLPS_ =       51.110395     71.467295         86.844042     35.733647    *
*    CCUR_ =      -33.156062     48.271535         -9.020295     24.135768    *
*    CKIS_ =        0.000000      0.000000          0.000000      0.000000    *
*    CROT_ =      -22.033840   -103.825096        -73.946388    -51.912548    *
*                                                                             *
*******************************************************************************

*******************************************************************************
*                                                                             *
*                          NUCLEAR MATTER PROPERTIES                          *
*                                                                             *
*******************************************************************************
*                                                                             *
*     E = -15.8000  rho0 =   0.15625   K =  244.6682   Ms =    0.9364         *
*                   asym =  28.66820   L =   40.1091   Mv =    1.2498         *
*                                                                             *
*******************************************************************************

*******************************************************************************
*                                                                             *
*  PHYSICAL CONSTANTS:     H_BARC=197.32891000           HBCOE2=137.03602000  *
*                                                                             *
*                          XMASSN=938.90590000           XMASSP=938.27231000  *
*                                                                             *
*                          HBMASS= 20.73553000           HBMRPA= 20.73553000  *
*                                                                             *
*                          ECHAR2=  1.43997841           COULEX= -1.06350868  *
*                                                                             *
*******************************************************************************
*                                                                             *
*  OSCILLATOR LENGTHS:     X= 2.1072641      Y= 2.1072641       Z= 2.5636093  *
*                                                                             *
*  OSCILLATOR CONSTANTS:   X= 0.4745490      Y= 0.4745490       Z= 0.3900750  *
*                                                                             *
*  OSCILLATOR FREQUENCIES: X= 9.3394525      Y= 9.3394525       Z= 6.3103824  *
*                                                                             *
*******************************************************************************
*                                                                             *
*  BASIS CUT-OFF CONTROL PARAMETERS:  NXMAXX = 15  NYMAXX = 15  NZMAXX =  22  *
*                                                                             *
*                                     NXHERM = 36  NYHERM = 36  NZHERM =  60  *
*                                                                             *
*                                     NLIMIT=1140  LDBASE=1152  MCOUNT=29791  *
*                                                                             *
*                                     ENECUT= 800.0000      ELIMIT= 156.1200  *
*                                                                             *
*******************************************************************************

*******************************************************************************
*                                                                             *
*   SHAPE OF THE OSCILLATOR-BASIS DIAMOND    (THREE CONSECUTIVE PROJECTIONS)  *
*                                                                             *
*******************************************************************************
*                                                                             *
*        NX ===>>>  0  1  2  3  4  5  6  7  8  9 10 11 12 13 14 15            *
*        MAX.NY => 15 14 13 12 11 10  9  8  7  6  5  4  3  2  1  0            *
*                 ------------------------------------------------            *
*   NY= 0  (15)  | 22 21 19 18 16 15 13 12 10  9  7  6  5  3  2  0            *
*   NY= 1  (14)  | 21 19 18 16 15 13 12 10  9  7  6  5  3  2  0               *
*   NY= 2  (13)  | 19 18 16 15 13 12 10  9  7  6  5  3  2  0                  *
*   NY= 3  (12)  | 18 16 15 13 12 10  9  7  6  5  3  2  0                     *
*   NY= 4  (11)  | 16 15 13 12 10  9  7  6  5  3  2  0                        *
*   NY= 5  (10)  | 15 13 12 10  9  7  6  5  3  2  0                           *
*   NY= 6  ( 9)  | 13 12 10  9  7  6  5  3  2  0                              *
*   NY= 7  ( 8)  | 12 10  9  7  6  5  3  2  0                                 *
*   NY= 8  ( 7)  | 10  9  7  6  5  3  2  0                                    *
*   NY= 9  ( 6)  |  9  7  6  5  3  2  0                                       *
*   NY=10  ( 5)  |  7  6  5  3  2  0                                          *
*   NY=11  ( 4)  |  6  5  3  2  0                                             *
*   NY=12  ( 3)  |  5  3  2  0                                                *
*   NY=13  ( 2)  |  3  2  0                                                   *
*   NY=14  ( 1)  |  2  0                                                      *
*   NY=15  ( 0)  |  0                                                         *
*                                                                             *
*                                                                             *
*        NZ ===>>>  0  1  2  3  4  5  6  7  8  9 10 11 12 13 14 15 16 17 18   *
*        MAX.NY => 15 14 14 13 12 12 11 10  9  9  8  7  7  6  5  5  4  3  3   *
*                 ---------------------------------------------------------   *
*   NY= 0  (22)  | 15 14 14 13 12 12 11 10  9  9  8  7  7  6  5  5  4  3  3   *
*   NY= 1  (21)  | 14 13 13 12 11 11 10  9  8  8  7  6  6  5  4  4  3  2  2   *
*   NY= 2  (19)  | 13 12 12 11 10 10  9  8  7  7  6  5  5  4  3  3  2  1  1   *
*   NY= 3  (18)  | 12 11 11 10  9  9  8  7  6  6  5  4  4  3  2  2  1  0  0   *
*   NY= 4  (16)  | 11 10 10  9  8  8  7  6  5  5  4  3  3  2  1  1  0         *
*   NY= 5  (15)  | 10  9  9  8  7  7  6  5  4  4  3  2  2  1  0  0            *
*   NY= 6  (13)  |  9  8  8  7  6  6  5  4  3  3  2  1  1  0                  *
*   NY= 7  (12)  |  8  7  7  6  5  5  4  3  2  2  1  0  0                     *
*   NY= 8  (10)  |  7  6  6  5  4  4  3  2  1  1  0                           *
*   NY= 9  ( 9)  |  6  5  5  4  3  3  2  1  0  0                              *
*   NY=10  ( 7)  |  5  4  4  3  2  2  1  0                                    *
*   NY=11  ( 6)  |  4  3  3  2  1  1  0                                       *
*   NY=12  ( 5)  |  3  2  2  1  0  0                                          *
*   NY=13  ( 3)  |  2  1  1  0                                                *
*   NY=14  ( 2)  |  1  0  0                                                   *
*   NY=15  ( 0)  |  0                                                         *
*                                                                             *
*                                                                             *
*        NZ ===>>>  0  1  2  3  4  5  6  7  8  9 10 11 12 13 14 15 16 17 18   *
*        MAX.NX => 15 14 14 13 12 12 11 10  9  9  8  7  7  6  5  5  4  3  3   *
*                 ---------------------------------------------------------   *
*   NX= 0  (22)  | 15 14 14 13 12 12 11 10  9  9  8  7  7  6  5  5  4  3  3   *
*   NX= 1  (21)  | 14 13 13 12 11 11 10  9  8  8  7  6  6  5  4  4  3  2  2   *
*   NX= 2  (19)  | 13 12 12 11 10 10  9  8  7  7  6  5  5  4  3  3  2  1  1   *
*   NX= 3  (18)  | 12 11 11 10  9  9  8  7  6  6  5  4  4  3  2  2  1  0  0   *
*   NX= 4  (16)  | 11 10 10  9  8  8  7  6  5  5  4  3  3  2  1  1  0         *
*   NX= 5  (15)  | 10  9  9  8  7  7  6  5  4  4  3  2  2  1  0  0            *
*   NX= 6  (13)  |  9  8  8  7  6  6  5  4  3  3  2  1  1  0                  *
*   NX= 7  (12)  |  8  7  7  6  5  5  4  3  2  2  1  0  0                     *
*   NX= 8  (10)  |  7  6  6  5  4  4  3  2  1  1  0                           *
*   NX= 9  ( 9)  |  6  5  5  4  3  3  2  1  0  0                              *
*   NX=10  ( 7)  |  5  4  4  3  2  2  1  0                                    *
*   NX=11  ( 6)  |  4  3  3  2  1  1  0                                       *
*   NX=12  ( 5)  |  3  2  2  1  0  0                                          *
*   NX=13  ( 3)  |  2  1  1  0                                                *
*   NX=14  ( 2)  |  1  0  0                                                   *
*   NX=15  ( 0)  |  0                                                         *
*                                                                             *
*******************************************************************************

*******************************************************************************
*                                                                             *
* NUCLIDE: N =  98  Z =  78  NUMBER OF ITERATIONS = 1000   CONTINUATION? = 1  *
*                                                                             *
*******************************************************************************
*                                                                             *
* ITERATIONS WILL STOP WHEN THE STABILITY BECOMES LOWER THAN EPSITE=0.300000  *
*                                            FOR    5 CONSECUTIVE ITERATIONS  *
*                                                                             *
*******************************************************************************
*                                                                             *
* ITERATIONS WILL STOP WHEN THE PING-PONG DIVERGENCE OCCURS FOR EPSPNG=0.010  *
*                                DURING    5 PAIRS OF CONSECUTIVE ITERATIONS  *
*                                                                             *
*******************************************************************************
*                                                                             *
* ITERATIONS WILL STOP FOR CHAOTIC-DIVERGENCE CONDITION OCCURING   20  TIMES  *
*                                                                             *
*******************************************************************************
*                                                                             *
* SLOW-DOWN PARAMETERS:                                                       *
* TIME-EVEN = 0.85   TIME-ODD = 0.85   PAIRING = 0.85   LIPKIN-NOGAMI = 0.85  *
*                    LIP-MASS = 0.50   LIP-MOI = 0.50   LIPKIN-METHOD = 0.50  *
*                                                                             *
*******************************************************************************
*                                                                             *
* BROYDEN METHOD IS:  ON                                                      *
*                                                                             *
*    TRIGGERED ONLY WHEN STABILITY IS LOWER THAN :  1000.000 MEV              *
*    INITIAL SLOWING FACTOR (BEFORE TRIGGER)     :     0.85 (=SLOWEV)         *
*    BROYDEN SLOWING FACTOR (AFTER  TRIGGER)     :     0.40 (=1-ALPHAM)       *
*    NUMBER OF ITERATIONS RETAINED IN MEMORY     :    10                      *
*                                                                             *
*******************************************************************************
*                                                                             *
* DIRECT COULOMB TERMS SOLVED BY GREEN FUNCTION AND FOURIER TRANSFORM METHOD  *
* COULOMB PARAMETERS:  NUMCOU = 80  NUMETA = 79  BOUCOU = 20.0  FURMAX =0.25  *
*                                                                             *
*******************************************************************************
*                                                                             *
* EXCHANGE COULOMB TERMS TREATED BY THE SLATER APPROXIMATION                  *
*                                                                             *
*******************************************************************************
*                                                                             *
* MAXIMUM NUMBERS OF MULTIPOLE MOMENTS USED FOR THE CONSTRAINTS,    NMUCON=4  *
*                                           FOR THE COULOMB FIELD,  NMUCOU=4  *
*                                           FOR THE OUTPUT INFO,    NMUPRI=4  *
*                                                                             *
*******************************************************************************
*                                                                             *
* MULTIPOLE CONSTRAINTS: LAMBDA= 2  MIU= 0  MOMENT= 73.000  STIFFNESS= 0.500  *
*                        LAMBDA= 3  MIU= 0  MOMENT= 22.000  STIFFNESS= 0.500  *
*                                                                             *
*******************************************************************************
*                                                                             *
* LINEAR MULTIPOLE CONSTRAINTS: LAMBDA= 2  MIU= 0  LAGRANGE PAR. USED= 0.000  *
*                               LAMBDA= 3  MIU= 0  LAGRANGE PAR. USED= 0.000  *
*                                                                             *
*******************************************************************************
*                                                                             *
* THE LAGRANGE PARAMETERS OF THE LINEAR CONSTRAINTS ARE RE-ADJUSTED AT EACH   *
* ITERATION BY USING THE CRANKING APPROXIMATION OF THE RPA MATRIX             *
*                                                                             *
*******************************************************************************
*                                                                             *
* PRINTING THE RESULTS FOR THE FOLLOWING ITERATIONS:         THE  FIRST: YES  *
*                                                            THE MIDDLE:  NO  *
*                                                     AND/OR THE   LAST: YES  *
*                                                                             *
*******************************************************************************
*                                                                             *
* PRINTING THE MOMENTS, RADII, AND DEFORMATIONS FOR:           NEUTRONS: YES  *
*                                                              PROTONS : YES  *
*                                                              MASS    : YES  *
*                                                                             *
*******************************************************************************
*                                                                             *
* PRINTING THE MOMENTS, MOMENTA AND DEFORMATIONS IN THE INTRINSIC FRAME: YES  *
*                                                                             *
*******************************************************************************
*                                                                             *
* NILSSON LABELS OF SINGLE-PARTICLE STATES SHOWN WITH RESPECT TO THE: Z-AXIS  *
*                                                                             *
*******************************************************************************
*                                                                             *
* CALCULATIONS WITH THE HFB PAIRING CORRELATIONS                              *
*                                                                             *
*******************************************************************************
*                                                                             *
* CONTACT PAIRING INTERACTION:     V0        V1       RHO-SAT      POWER      *
*                    NEUTRONS:  -234.380   732.438     0.320     1.0000000    *
*                     PROTONS:  -260.437   813.866     0.320     1.0000000    *
*                                                                             *
*******************************************************************************
*                                                                             *
* CUTOFF ENERGY DEFINING THE ACTIVE HFB PAIRING SPACE=      60.000            *
*                                                                             *
*******************************************************************************
*                                                                             *
* CALCULATIONS WITH SIMPLEX SYMMETRY                                          *
*                                                                             *
*******************************************************************************
*                                                                             *
* CALCULATIONS WITH TIME-ODD SYMMETRIES:        T*SIMPLEX_X =>     CONSERVED  *
*                                               T*SIMPLEX_Y =>     CONSERVED  *
*                                               T*SIMPLEX_Z => NON CONSERVED  *
*                                                                             *
*******************************************************************************
*                                                                             *
* CALCULATIONS WITHOUT ROTATION                                               *
*                                                                             *
*******************************************************************************

*******************************************************************************
*                                                                             *
*  CALLING SUBROUTINE "RECORD" TO READ THE REPLAY FILE OBTAINED PREVIOUSLY    *
*  ./restart/HFODD_00000066.REC                                               *
*                                                                             *
*******************************************************************************

*******************************************************************************
*                                                                             *
*  SINGLE-QUASIPARTICLE PROPERTIES:                                NEUTRONS   *
*                                                                             *
*******************************************************************************
*                                                                             *
*  NO)   ENERGY   (S=+,S=-)       PARITY   V2QUAP   EEQUIV   DEQUIV   V_CORR  *
*                                                                             *
*  45)    9.827   (  0, 23)        0.331  0.99849  -19.739    0.762  1.00004  *
*  46)    9.827   ( 23,  0)        0.331  0.99849  -19.739    0.762  1.00004  *
*  47)    9.269   ( 24,  0)        0.761  0.99919  -19.197    0.526  1.00002  *
*  48)    9.269   (  0, 24)        0.761  0.99919  -19.197    0.526  1.00002  *
*  49)    8.953   (  0, 25)        0.208  0.99646  -18.832    1.064  1.00010  *
*  50)    8.953   ( 25,  0)        0.208  0.99646  -18.832    1.064  1.00010  *
*  51)    8.471   (  0, 26)        0.612  0.99944  -18.403    0.401  1.00002  *
*  52)    8.471   ( 26,  0)        0.612  0.99944  -18.403    0.401  1.00002  *
*  53)    8.383   ( 27,  0)        0.781  0.99963  -18.319    0.324  1.00001  *
*  54)    8.383   (  0, 27)        0.781  0.99963  -18.319    0.324  1.00001  *
*  55)    7.975   (  0, 28)        0.113  0.99833  -17.890    0.651  1.00005  *
*  56)    7.975   ( 28,  0)        0.113  0.99833  -17.890    0.651  1.00005  *
*  57)    7.233   (  0, 29)        0.069  0.99626  -17.121    0.883  1.00013  *
*  58)    7.233   ( 29,  0)        0.069  0.99626  -17.121    0.883  1.00013  *
*  59)    6.163   ( 30,  0)        0.439  0.98200  -15.884    1.639  1.00074  *
*  60)    6.163   (  0, 30)        0.439  0.98200  -15.884    1.639  1.00074  *
*  61)    4.809   ( 31,  0)        0.126  0.99173  -14.672    0.871  1.00043  *
*  62)    4.809   (  0, 31)        0.126  0.99173  -14.672    0.871  1.00043  *
*  63)    4.749   (  0, 32)        0.298  0.99796  -14.671    0.429  1.00011  *
*  64)    4.749   ( 32,  0)        0.298  0.99796  -14.671    0.429  1.00011  *
*  65)    4.836   (  0, 33)        0.586  0.98680  -14.651    1.104  1.00068  *
*  66)    4.836   ( 33,  0)        0.586  0.98680  -14.651    1.104  1.00068  *
*  67)    3.984   (  0, 34)        0.185  0.97575  -13.733    1.226  1.00149  *
*  68)    3.984   ( 34,  0)        0.185  0.97575  -13.733    1.226  1.00149  *
*  69)    3.673   ( 35,  0)        0.677  0.99830  -13.603    0.303  1.00011  *
*  70)    3.673   (  0, 35)        0.677  0.99830  -13.603    0.303  1.00011  *
*  71)    3.657   ( 36,  0)        0.704  0.99832  -13.587    0.300  1.00011  *
*  72)    3.657   (  0, 36)        0.704  0.99832  -13.587    0.300  1.00011  *
*  73)    4.129   (  0, 37)        0.373  0.93144  -13.506    2.087  1.00409  *
*  74)    4.129   ( 37,  0)        0.373  0.93144  -13.506    2.087  1.00409  *
*  75)    2.543   (  0, 38)       -0.340  0.99301  -12.450    0.424  1.00064  *
*  76)    2.543   ( 38,  0)       -0.340  0.99301  -12.450    0.424  1.00064  *
*  77)    2.508   (  0, 39)        0.244  0.96937  -12.297    0.864  1.00284  *
*  78)    2.508   ( 39,  0)        0.244  0.96937  -12.297    0.864  1.00284  *
*  79)    2.119   (  0, 40)        0.445  0.99316  -12.032    0.349  1.00073  *
*  80)    2.119   ( 40,  0)        0.445  0.99316  -12.032    0.349  1.00073  *
*  81)    2.089   ( 41,  0)        0.407  0.99305  -12.002    0.347  1.00075  *
*  82)    2.089   (  0, 41)        0.407  0.99305  -12.002    0.347  1.00075  *
*  83)    1.927   ( 42,  0)       -0.084  0.99015  -11.832    0.381  1.00113  *
*  84)    1.927   (  0, 42)       -0.084  0.99015  -11.832    0.381  1.00113  *
*  85)    1.639   (  0, 43)       -0.575  0.99042  -11.550    0.319  1.00126  *
*  86)    1.639   ( 43,  0)       -0.575  0.99042  -11.550    0.319  1.00126  *
*  87)    1.178   (  0, 44)       -0.755  0.98417  -11.083    0.294  1.00268  *
*  88)    1.178   ( 44,  0)       -0.755  0.98417  -11.083    0.294  1.00268  *
*  89)    1.143   (  0, 45)       -0.520  0.98172  -11.043    0.306  1.00317  *
*  90)    1.143   ( 45,  0)       -0.520  0.98172  -11.043    0.306  1.00317  *
*  91)    1.089   ( 46,  0)       -0.115  0.96765  -10.961    0.385  1.00584  *
*  92)    1.089   (  0, 46)       -0.115  0.96765  -10.961    0.385  1.00584  *
*  99)    0.493   (  0, 50)        0.090  0.29887   -9.744    0.451  1.38904  *
* 100)    0.493   ( 50,  0)        0.090  0.29887   -9.744    0.451  1.38904  *
* 101)    0.695   (  0, 51)       -0.192  0.08720   -9.369    0.392  1.48636  *
* 102)    0.695   ( 51,  0)       -0.192  0.08720   -9.369    0.392  1.48636  *
* 103)    0.758   ( 52,  0)       -0.343  0.07754   -9.302    0.406  1.44457  *
* 104)    0.758   (  0, 52)       -0.343  0.07754   -9.302    0.406  1.44457  *
* 107)    1.700   (  0, 54)       -0.197  0.01467   -8.292    0.409  1.18316  *
* 108)    1.700   ( 54,  0)       -0.197  0.01467   -8.292    0.409  1.18316  *
* 109)    2.141   ( 55,  0)       -0.247  0.01169   -7.852    0.460  1.14090  *
* 110)    2.141   (  0, 55)       -0.247  0.01169   -7.852    0.460  1.14090  *
* 111)    2.376   ( 56,  0)        0.044  0.03284   -7.722    0.847  1.12169  *
* 112)    2.376   (  0, 56)        0.044  0.03284   -7.722    0.847  1.12169  *
* 113)    2.424   ( 57,  0)       -0.460  0.00703   -7.552    0.405  1.12323  *
* 114)    2.424   (  0, 57)       -0.460  0.00703   -7.552    0.405  1.12323  *
* 115)    3.392   ( 58,  0)       -0.314  0.00151   -6.561    0.263  1.08570  *
* 116)    3.392   (  0, 58)       -0.314  0.00151   -6.561    0.263  1.08570  *
* 117)    4.108   ( 59,  0)        0.243  0.06911   -6.403    2.084  1.06421  *
* 118)    4.108   (  0, 59)        0.243  0.06911   -6.403    2.084  1.06421  *
* 119)    4.042   ( 60,  0)        0.111  0.02397   -6.094    1.237  1.06905  *
* 120)    4.042   (  0, 60)        0.111  0.02397   -6.094    1.237  1.06905  *
* 121)    4.326   ( 61,  0)        0.075  0.00185   -5.633    0.371  1.06595  *
* 122)    4.326   (  0, 61)        0.075  0.00185   -5.633    0.371  1.06595  *
* 123)    4.817   ( 62,  0)        0.488  0.01215   -5.242    1.056  1.05813  *
* 124)    4.817   (  0, 62)        0.488  0.01215   -5.242    1.056  1.05813  *
* 125)    4.758   ( 63,  0)       -0.009  0.00101   -5.194    0.302  1.05965  *
* 126)    4.758   (  0, 63)       -0.009  0.00101   -5.194    0.302  1.05965  *
* 127)    4.923   (  0, 64)       -0.049  0.00777   -5.096    0.864  1.05710  *
* 128)    4.923   ( 64,  0)       -0.049  0.00777   -5.096    0.864  1.05710  *
* 129)    4.959   ( 65,  0)       -0.039  0.00113   -4.995    0.334  1.05710  *
* 130)    4.959   (  0, 65)       -0.039  0.00113   -4.995    0.334  1.05710  *
* 131)    5.228   ( 66,  0)       -0.560  0.00076   -4.722    0.289  1.05402  *
* 132)    5.228   (  0, 66)       -0.560  0.00076   -4.722    0.289  1.05402  *
* 133)    5.361   ( 67,  0)        0.332  0.00198   -4.603    0.477  1.05254  *
* 134)    5.361   (  0, 67)        0.332  0.00198   -4.603    0.477  1.05254  *
* 135)    5.668   ( 68,  0)       -0.041  0.00082   -4.283    0.325  1.04961  *
* 136)    5.668   (  0, 68)       -0.041  0.00082   -4.283    0.325  1.04961  *
* 137)    6.056   (  0, 69)        0.133  0.00157   -3.905    0.480  1.04625  *
* 138)    6.056   ( 69,  0)        0.133  0.00157   -3.905    0.480  1.04625  *
* 139)    6.084   ( 70,  0)       -0.553  0.00040   -3.863    0.244  1.04609  *
* 140)    6.084   (  0, 70)       -0.553  0.00040   -3.863    0.244  1.04609  *
* 141)    6.126   ( 71,  0)        0.301  0.00068   -3.824    0.319  1.04574  *
* 142)    6.126   (  0, 71)        0.301  0.00068   -3.824    0.319  1.04574  *
* 143)    6.362   (  0, 72)        0.327  0.01483   -3.769    1.538  1.04328  *
* 144)    6.362   ( 72,  0)        0.327  0.01483   -3.769    1.538  1.04328  *
* 145)    6.527   ( 73,  0)        0.086  0.00344   -3.460    0.764  1.04268  *
* 146)    6.527   (  0, 73)        0.086  0.00344   -3.460    0.764  1.04268  *
* 147)    6.492   (  0, 74)        0.296  0.00055   -3.457    0.306  1.04306  *
* 148)    6.492   ( 74,  0)        0.296  0.00055   -3.457    0.306  1.04306  *
* 149)    6.591   ( 75,  0)        0.746  0.00047   -3.357    0.285  1.04239  *
* 150)    6.591   (  0, 75)        0.746  0.00047   -3.357    0.285  1.04239  *
* 151)    6.723   ( 76,  0)        0.337  0.00048   -3.226    0.296  1.04152  *
* 152)    6.723   (  0, 76)        0.337  0.00048   -3.226    0.296  1.04152  *
* 153)    6.794   (  0, 77)        0.055  0.00110   -3.163    0.451  1.04104  *
* 154)    6.794   ( 77,  0)        0.055  0.00110   -3.163    0.451  1.04104  *
* 155)    7.179   ( 78,  0)       -0.054  0.00081   -2.775    0.410  1.03877  *
* 156)    7.179   (  0, 78)       -0.054  0.00081   -2.775    0.410  1.03877  *
* 157)    7.302   ( 79,  0)        0.334  0.00205   -2.670    0.660  1.03804  *
* 158)    7.302   (  0, 79)        0.334  0.00205   -2.670    0.660  1.03804  *
* 159)    8.702   ( 80,  0)        0.266  0.00340   -1.299    1.013  1.03168  *
* 160)    8.702   (  0, 80)        0.266  0.00340   -1.299    1.013  1.03168  *
* 161)    9.401   ( 81,  0)        0.287  0.00052   -0.551    0.430  1.02935  *
* 162)    9.401   (  0, 81)        0.287  0.00052   -0.551    0.430  1.02935  *
* 163)    9.944   (  0, 82)        0.112  0.00041   -0.007    0.403  1.02770  *
* 164)    9.944   ( 82,  0)        0.112  0.00041   -0.007    0.403  1.02770  *
*                                                                             *
*1606)   TOTAL=  ( 803, 803)                                                  *
*                                                                             *
*******************************************************************************

*******************************************************************************
*                                                                             *
*  SINGLE-PARTICLE PROPERTIES: CANONICAL                           NEUTRONS   *
*                                                                             *
*******************************************************************************
*                                                                             *
*  NO)   ENERGY   (S=+,S=-)   | N,nz,lz,OMEz>   <P>    <JY>    <SY>   GFACT   *
*                                                                             *
*  44)  -11.918   ( 44,---)   | 5, 3, 2, 3/2>   -31  -0.000  -0.000   0.115   *
*  45)  -11.551   ( 45,---)   | 5, 2, 3, 7/2>   -58   0.000   0.000   0.072   *
*  46)  -11.083   ( 46,---)   | 5, 0, 5,11/2>   -75  -0.000   0.000  -0.001   *
*  47)  -11.044   ( 47,---)   | 5, 1, 4, 9/2>   -51  -0.000  -0.000   0.165   *
*  48)  -11.037   ( 48,---)   | 5, 3, 0, 1/2>   -15  -0.794  -0.234   0.295   *
*  49)   -9.745   ( 49,---)   | 6, 4, 2, 5/2>    10  -0.000  -0.000   0.171   *
*  50)   -9.355   ( 50,---)   | 5, 4, 1, 3/2>   -21   0.000   0.000   0.445   *
*  51)   -9.289   ( 51,---)   | 5, 5, 0, 1/2>   -38  -0.651  -0.388   0.596   *
*  52)   -8.197   ( 52,---)   | 5, 3, 0, 1/2>   -33  -0.338  -0.323   0.955   *
*  53)   -7.692   ( 53,---)   | 6, 2, 2, 5/2>     6   0.000  -0.000  -1.352   *
*  54)   -7.418   ( 54,---)   | 5, 4, 1, 1/2>    -7  -0.615  -0.234   0.381   *
*  55)   -7.362   ( 55,---)   | 5, 3, 2, 3/2>   -52   0.000   0.000   0.161   *
*  56)   -6.179   ( 56,---)   | 5, 0, 3, 7/2>     4   0.000  -0.000  -0.066   *
*  57)   -5.450   ( 57,---)   | 6, 5, 1, 3/2>   -14  -0.000  -0.000   0.049   *
*  58)   -5.388   ( 58,---)   | 5, 3, 0, 1/2>   -18  -0.197  -0.354   1.793   *
*  59)   -5.297   ( 59,---)   | 5, 2, 3, 5/2>   -50  -0.000  -0.000   0.216   *
*  60)   -5.120   ( 60,---)   | 5, 0, 3, 7/2>   -55  -0.000   0.000  -0.062   *
*  61)   -4.538   ( 61,---)   | 5, 0, 5, 9/2>   -48   0.000  -0.000  -0.063   *
*  62)   -4.477   ( 62,---)   | 6, 4, 2, 5/2>   -17  -0.000   0.000  -0.262   *
*  63)   -4.338   ( 63,---)   | 6, 6, 0, 1/2>     1  -0.985  -0.380   0.386   *
*  64)   -3.635   ( 64,---)   | 5, 1, 0, 1/2>     1  -0.219  -0.244   1.115   *
*  65)   -3.528   ( 65,---)   | 6, 3, 3, 7/2>     6   0.000   0.000   0.055   *
*  66)   -3.453   ( 66,---)   | 6, 4, 2, 3/2>    -5   0.000  -0.000  -0.124   *
*  67)   -3.276   ( 67,---)   | 5, 2, 1, 3/2>    12  -0.000   0.000  -0.169   *
*  68)   -3.265   ( 68,---)   | 5, 2, 1, 1/2>   -19   0.190  -0.181  -0.953   *
*  69)   -3.173   ( 69,---)   | 6, 2, 4, 9/2>    20  -0.000  -0.000   0.015   *
*  70)   -3.076   ( 70,---)   | 6, 0, 6,13/2>    76  -0.000  -0.000   0.061   *
*  71)   -2.932   ( 71,---)   | 6, 1, 5,11/2>    41   0.000   0.000   0.078   *
*  72)   -2.876   ( 72,---)   | 5, 0, 1, 3/2>   -42   0.000  -0.000  -0.113   *
*  73)   -2.874   ( 73,---)   | 5, 0, 3, 5/2>   -60   0.000   0.000   0.027   *
*  74)   -2.743   ( 74,---)   | 5, 1, 2, 3/2>   -16   0.000   0.000   0.175   *
*  75)   -2.524   ( 75,---)   | 5, 0, 1, 1/2>   -61   0.338  -0.091  -0.270   *
*  76)   -2.452   ( 76,---)   | 8, 6, 2, 5/2>    10  -0.000  -0.000   0.126   *
*  77)   -2.226   ( 77,---)   | 5, 1, 0, 1/2>   -15  -0.907  -0.385   0.424   *
*  78)   -0.617   ( 78,---)   | 7, 5, 0, 1/2>   -11  -1.387  -0.288   0.207   *
*                                                                             *
*******************************************************************************

*******************************************************************************
*                                                                             *
*  HFB PAIRING PROPERTIES                                           NEUTRONS  *
*                                                                             *
*  STRENGTH= 0.0491   GAP= 0.3491   FERMI ENERGY= -9.6742   ENERGY=  -2.4843  *
*                                                                             *
*******************************************************************************

*******************************************************************************
*                                                                             *
*  MULTIPOLE MOMENTS [UNITS:  (10 FERMI)^LAMBDA]                    NEUTRONS  *
*                                                                             *
*******************************************************************************
*                                                                             *
*  Q00 = 98.0000  .............  .............  .............  .............  *
*                                                                             *
*  Q10 = 12.2182  Q11 =    ZERO  .............  .............  .............  *
*                                                                             *
*  Q20 = 37.2219  Q21 =    ZERO  Q22 =-7.8E-10  .............  .............  *
*                                                                             *
*  Q30 = 15.0388  Q31 =    ZERO  Q32 = 1.1E-09  Q33 =    ZERO  .............  *
*                                                                             *
*  Q40 = 18.7303  Q41 =    ZERO  Q42 = 5.8E-09  Q43 =    ZERO  Q44 = 5.2E-07  *
*                                                                             *
*******************************************************************************

*******************************************************************************
*                                                                             *
*  ROOT-MEAN-SQUARE AND GEOMETRIC SIZES IN FERMIS                   NEUTRONS  *
*                                                                             *
*  R_RMS =  6.3590     X_RMS =  2.6737    Y_RMS =  2.6737    Z_RMS =  5.1127  *
*                                                                             *
*  R_GEO =  8.2095     X_GEO =  5.9786    Y_GEO =  5.9786    Z_GEO = 11.4323  *
*                                                                             *
*******************************************************************************

*******************************************************************************
*                                                                             *
*  BOHR DEFORMATIONS (FIRST-ORDER APPROXIMATION)                    NEUTRONS  *
*                                                                             *
*******************************************************************************
*                                                                             *
*  B10 =  0.3108  B11 =    ZERO  .............  .............  .............  *
*                                                                             *
*  B20 =  0.7445  B21 =    ZERO  B22 =    ZERO  .............  .............  *
*                                                                             *
*  B30 =  1.1618  B31 =    ZERO  B32 = 1.2E-10  B33 =    ZERO  .............  *
*                                                                             *
*  B40 =  1.7626  B41 =    ZERO  B42 = 7.7E-10  B43 =    ZERO  B44 = 6.9E-08  *
*                                                                             *
*******************************************************************************
*                                                                             *
*  BOHR DENSITY = 0.0423 FM^(-3)  BOHR RADIUS =   8.2095 FM                   *
*                                                                             *
*******************************************************************************

*******************************************************************************
*                                                                             *
*  SINGLE-QUASIPARTICLE PROPERTIES:                                 PROTONS   *
*                                                                             *
*******************************************************************************
*                                                                             *
*  NO)   ENERGY   (S=+,S=-)       PARITY   V2QUAP   EEQUIV   DEQUIV   V_CORR  *
*                                                                             *
*  37)    9.373   ( 19,  0)       -0.409  0.99833  -11.673    0.765  1.00001  *
*  38)    9.373   (  0, 19)       -0.409  0.99833  -11.673    0.765  1.00001  *
*  39)    9.336   ( 20,  0)       -0.751  0.99811  -11.632    0.811  1.00001  *
*  40)    9.336   (  0, 20)       -0.751  0.99811  -11.632    0.811  1.00001  *
*  41)    9.487   ( 21,  0)       -0.257  0.98850  -11.601    2.023  1.00007  *
*  42)    9.487   (  0, 21)       -0.257  0.98850  -11.601    2.023  1.00007  *
*  43)    8.352   (  0, 22)       -0.474  0.99732  -10.640    0.864  1.00002  *
*  44)    8.352   ( 22,  0)       -0.474  0.99732  -10.640    0.864  1.00002  *
*  45)    7.643   ( 23,  0)       -0.444  0.99696   -9.928    0.842  1.00002  *
*  46)    7.643   (  0, 23)       -0.444  0.99696   -9.928    0.842  1.00002  *
*  47)    7.180   (  0, 24)       -0.024  0.99666   -9.464    0.829  1.00003  *
*  48)    7.180   ( 24,  0)       -0.024  0.99666   -9.464    0.829  1.00003  *
*  49)    6.817   (  0, 25)        0.284  0.99761   -9.117    0.665  1.00002  *
*  50)    6.817   ( 25,  0)        0.284  0.99761   -9.117    0.665  1.00002  *
*  51)    6.087   (  0, 26)        0.033  0.99767   -8.390    0.586  1.00002  *
*  52)    6.087   ( 26,  0)        0.033  0.99767   -8.390    0.586  1.00002  *
*  53)    5.982   ( 27,  0)        0.739  0.99695   -8.277    0.659  1.00003  *
*  54)    5.982   (  0, 27)        0.739  0.99695   -8.277    0.659  1.00003  *
*  55)    5.538   (  0, 28)        0.774  0.99643   -7.831    0.660  1.00004  *
*  56)    5.538   ( 28,  0)        0.774  0.99643   -7.831    0.660  1.00004  *
*  57)    5.438   ( 29,  0)        0.595  0.99646   -7.731    0.646  1.00004  *
*  58)    5.438   (  0, 29)        0.595  0.99646   -7.731    0.646  1.00004  *
*  59)    5.289   ( 30,  0)        0.274  0.92058   -6.781    2.860  1.00091  *
*  60)    5.289   (  0, 30)        0.274  0.92058   -6.781    2.860  1.00091  *
*  61)    4.196   ( 31,  0)        0.080  0.99365   -6.474    0.667  1.00009  *
*  62)    4.196   (  0, 31)        0.080  0.99365   -6.474    0.667  1.00009  *
*  63)    3.245   (  0, 32)        0.372  0.99112   -5.519    0.609  1.00016  *
*  64)    3.245   ( 32,  0)        0.372  0.99112   -5.519    0.609  1.00016  *
*  65)    1.878   ( 33,  0)        0.586  0.96809   -4.090    0.660  1.00100  *
*  66)    1.878   (  0, 33)        0.586  0.96809   -4.090    0.660  1.00100  *
*  67)    1.636   (  0, 34)        0.233  0.96137   -3.842    0.631  1.00138  *
*  68)    1.636   ( 34,  0)        0.233  0.96137   -3.842    0.631  1.00138  *
*  69)    1.559   (  0, 35)        0.250  0.96072   -3.768    0.606  1.00146  *
*  70)    1.559   ( 35,  0)        0.250  0.96072   -3.768    0.606  1.00146  *
*  71)    1.135   (  0, 36)        0.702  0.91095   -3.265    0.647  1.00450  *
*  72)    1.135   ( 36,  0)        0.702  0.91095   -3.265    0.647  1.00450  *
*  73)    1.007   (  0, 37)        0.324  0.89811   -3.134    0.609  1.00576  *
*  74)    1.007   ( 37,  0)        0.324  0.89811   -3.134    0.609  1.00576  *
*  75)    0.809   (  0, 38)        0.623  0.81298   -2.839    0.631  1.01312  *
*  76)    0.809   ( 38,  0)        0.623  0.81298   -2.839    0.631  1.01312  *
*  77)    0.711   ( 39,  0)        0.292  0.79452   -2.751    0.574  1.01630  *
*  78)    0.711   (  0, 39)        0.292  0.79452   -2.751    0.574  1.01630  *
*  79)    0.839   (  0, 40)        0.436  0.16097   -1.763    0.616  1.06410  *
*  80)    0.839   ( 40,  0)        0.436  0.16097   -1.763    0.616  1.06410  *
*  81)    1.007   ( 41,  0)       -0.418  0.09187   -1.510    0.582  1.05803  *
*  82)    1.007   (  0, 41)       -0.418  0.09187   -1.510    0.582  1.05803  *
*  83)    1.278   (  0, 42)        0.634  0.06984   -1.232    0.652  1.04646  *
*  84)    1.278   ( 42,  0)        0.634  0.06984   -1.232    0.652  1.04646  *
*  85)    1.308   ( 43,  0)        0.379  0.06394   -1.191    0.640  1.04569  *
*  86)    1.308   (  0, 43)        0.379  0.06394   -1.191    0.640  1.04569  *
*  87)    1.462   (  0, 44)        0.102  0.04974   -1.015    0.636  1.04137  *
*  88)    1.462   ( 44,  0)        0.102  0.04974   -1.015    0.636  1.04137  *
*  89)    1.803   (  0, 45)       -0.540  0.02999   -0.637    0.615  1.03406  *
*  90)    1.803   ( 45,  0)       -0.540  0.02999   -0.637    0.615  1.03406  *
*  91)    1.951   ( 46,  0)       -0.735  0.02858   -0.493    0.650  1.03146  *
*  92)    1.951   (  0, 46)       -0.735  0.02858   -0.493    0.650  1.03146  *
*  93)    2.086   ( 47,  0)        0.171  0.01879   -0.324    0.566  1.02968  *
*  94)    2.086   (  0, 47)        0.171  0.01879   -0.324    0.566  1.02968  *
*  95)    2.129   (  0, 48)       -0.468  0.02265   -0.300    0.634  1.02895  *
*  96)    2.129   ( 48,  0)       -0.468  0.02265   -0.300    0.634  1.02895  *
*  97)    2.949   (  0, 49)       -0.318  0.00558    0.584    0.439  1.02111  *
*  98)    2.949   ( 49,  0)       -0.318  0.00558    0.584    0.439  1.02111  *
*  99)    3.798   (  0, 50)       -0.305  0.00729    1.411    0.646  1.01629  *
* 100)    3.798   ( 50,  0)       -0.305  0.00729    1.411    0.646  1.01629  *
* 101)    3.979   ( 51,  0)       -0.048  0.00489    1.609    0.555  1.01557  *
* 102)    3.979   (  0, 51)       -0.048  0.00489    1.609    0.555  1.01557  *
* 103)    5.249   (  0, 52)        0.228  0.07254    2.155    2.723  1.01094  *
* 104)    5.249   ( 52,  0)        0.228  0.07254    2.155    2.723  1.01094  *
* 105)    5.341   (  0, 53)        0.197  0.00279    2.979    0.564  1.01158  *
* 106)    5.341   ( 53,  0)        0.197  0.00279    2.979    0.564  1.01158  *
* 107)    5.464   ( 54,  0)        0.217  0.00851    3.039    1.004  1.01125  *
* 108)    5.464   (  0, 54)        0.217  0.00851    3.039    1.004  1.01125  *
* 109)    5.866   (  0, 55)       -0.497  0.00237    3.506    0.570  1.01054  *
* 110)    5.866   ( 55,  0)       -0.497  0.00237    3.506    0.570  1.01054  *
* 111)    7.236   ( 56,  0)       -0.243  0.00173    4.879    0.601  1.00853  *
* 112)    7.236   (  0, 56)       -0.243  0.00173    4.879    0.601  1.00853  *
* 113)    7.271   ( 57,  0)       -0.455  0.00344    4.889    0.851  1.00848  *
* 114)    7.271   (  0, 57)       -0.455  0.00344    4.889    0.851  1.00848  *
* 115)    7.828   ( 58,  0)       -0.160  0.00162    5.471    0.630  1.00788  *
* 116)    7.828   (  0, 58)       -0.160  0.00162    5.471    0.630  1.00788  *
* 117)    7.860   (  0, 59)       -0.594  0.00146    5.505    0.601  1.00785  *
* 118)    7.860   ( 59,  0)       -0.594  0.00146    5.505    0.601  1.00785  *
* 119)    8.016   (  0, 60)       -0.634  0.00158    5.658    0.637  1.00770  *
* 120)    8.016   ( 60,  0)       -0.634  0.00158    5.658    0.637  1.00770  *
* 121)    8.089   (  0, 61)       -0.555  0.00138    5.735    0.601  1.00763  *
* 122)    8.089   ( 61,  0)       -0.555  0.00138    5.735    0.601  1.00763  *
* 123)    8.426   ( 62,  0)       -0.049  0.00101    6.077    0.535  1.00733  *
* 124)    8.426   (  0, 62)       -0.049  0.00101    6.077    0.535  1.00733  *
* 125)    8.643   ( 63,  0)       -0.306  0.00167    6.282    0.705  1.00714  *
* 126)    8.643   (  0, 63)       -0.306  0.00167    6.282    0.705  1.00714  *
* 127)    8.752   (  0, 64)       -0.226  0.00129    6.398    0.629  1.00705  *
* 128)    8.752   ( 64,  0)       -0.226  0.00129    6.398    0.629  1.00705  *
* 129)    9.314   (  0, 65)       -0.235  0.01092    6.779    1.936  1.00656  *
* 130)    9.314   ( 65,  0)       -0.235  0.01092    6.779    1.936  1.00656  *
* 131)    9.495   (  0, 66)       -0.194  0.00120    7.140    0.657  1.00649  *
* 132)    9.495   ( 66,  0)       -0.194  0.00120    7.140    0.657  1.00649  *
* 133)    9.537   ( 67,  0)        0.251  0.00100    7.187    0.602  1.00647  *
* 134)    9.537   (  0, 67)        0.251  0.00100    7.187    0.602  1.00647  *
* 135)    9.747   (  0, 68)       -0.596  0.00143    7.387    0.738  1.00632  *
* 136)    9.747   ( 68,  0)       -0.596  0.00143    7.387    0.738  1.00632  *
* 139)    9.803   ( 70,  0)        0.683  0.00105    7.450    0.634  1.00629  *
* 140)    9.803   (  0, 70)        0.683  0.00105    7.450    0.634  1.00629  *
* 141)    9.892   ( 71,  0)        0.332  0.00093    7.542    0.604  1.00623  *
* 142)    9.892   (  0, 71)        0.332  0.00093    7.542    0.604  1.00623  *
* 143)    9.988   (  0, 72)       -0.236  0.00076    7.641    0.551  1.00617  *
* 144)    9.988   ( 72,  0)       -0.236  0.00076    7.641    0.551  1.00617  *
*                                                                             *
*1258)   TOTAL=  ( 629, 629)                                                  *
*                                                                             *
*******************************************************************************

*******************************************************************************
*                                                                             *
*  SINGLE-PARTICLE PROPERTIES: CANONICAL                            PROTONS   *
*                                                                             *
*******************************************************************************
*                                                                             *
*  NO)   ENERGY   (S=+,S=-)   | N,nz,lz,OMEz>   <P>    <JY>    <SY>   GFACT   *
*                                                                             *
*  20)  -11.654   ( 20,---)   | 3, 0, 3, 5/2>   -75   0.000  -0.000  -0.053   *
*  21)  -11.255   ( 21,---)   | 3, 1, 2, 3/2>   -18  -0.000  -0.000   0.600   *
*  22)  -10.672   ( 22,---)   | 3, 1, 2, 3/2>   -28  -0.000   0.000  -0.225   *
*  23)   -9.609   ( 23,---)   | 3, 1, 0, 1/2>   -27  -1.162  -0.383   0.330   *
*  24)   -9.573   ( 24,---)   | 3, 0, 1, 3/2>   -40  -0.000  -0.000   0.074   *
*  25)   -9.244   ( 25,---)   | 4, 3, 1, 1/2>    16   0.024  -0.125  -5.166   *
*  26)   -9.208   ( 26,---)   | 3, 0, 1, 1/2>   -65   0.434  -0.094  -0.216   *
*  27)   -8.285   ( 27,---)   | 4, 2, 2, 5/2>    75   0.000   0.000   0.139   *
*  28)   -7.834   ( 28,---)   | 4, 3, 1, 1/2>    13  -0.388  -0.123   0.317   *
*  29)   -7.832   ( 29,---)   | 4, 0, 4, 9/2>    77  -0.000  -0.000   0.101   *
*  30)   -7.735   ( 30,---)   | 4, 1, 3, 7/2>    61   0.000   0.000   0.114   *
*  31)   -6.673   ( 31,---)   | 4, 2, 2, 3/2>    18  -0.000  -0.000   0.097   *
*  32)   -5.635   ( 32,---)   | 4, 2, 0, 1/2>    39  -0.091  -0.259   2.840   *
*  33)   -4.169   ( 33,---)   | 4, 2, 2, 3/2>    63   0.000  -0.000  -0.053   *
*  34)   -3.850   ( 34,---)   | 4, 4, 0, 1/2>    29  -0.569  -0.292   0.514   *
*  35)   -3.850   ( 35,---)   | 4, 1, 3, 5/2>    21  -0.000   0.000  -2.300   *
*  36)   -3.265   ( 36,---)   | 4, 0, 4, 7/2>    70  -0.000  -0.000  2.E+01   *
*  37)   -3.172   ( 37,---)   | 4, 1, 1, 3/2>    37  -0.000  -0.000   0.373   *
*  38)   -2.842   ( 38,---)   | 4, 0, 2, 5/2>    63   0.000   0.000   0.105   *
*  39)   -2.801   ( 39,---)   | 4, 2, 0, 1/2>    35  -0.241  -0.314   1.303   *
*  40)   -1.696   ( 40,---)   | 4, 0, 0, 1/2>    35  -0.590  -0.277   0.470   *
*  41)   -1.489   ( 41,---)   | 5, 3, 2, 5/2>   -37   0.000   0.000   0.887   *
*  42)   -1.192   ( 42,---)   | 4, 0, 2, 3/2>    64  -0.000  -0.000   1.413   *
*  43)   -1.155   ( 43,---)   | 4, 1, 1, 1/2>    42   0.197  -0.238  -1.211   *
*  44)   -0.946   ( 44,---)   | 5, 4, 1, 3/2>   -36  -0.000  -0.000   0.116   *
*  45)   -0.620   ( 45,---)   | 5, 2, 3, 7/2>   -55  -0.000  -0.000   0.079   *
*  46)   -0.474   ( 46,---)   | 5, 0, 5,11/2>   -73  -0.000  -0.000   0.046   *
*  47)   -0.276   ( 47,---)   | 5, 1, 4, 9/2>   -49   0.000   0.000   0.106   *
*  48)   -0.228   ( 48,---)   | 5, 3, 0, 1/2>   -19  -1.506  -0.318   0.211   *
*                                                                             *
*******************************************************************************

*******************************************************************************
*                                                                             *
*  HFB PAIRING PROPERTIES                                            PROTONS  *
*                                                                             *
*  STRENGTH= 0.0677   GAP= 0.5848   FERMI ENERGY= -2.2706   ENERGY=  -5.0536  *
*                                                                             *
*******************************************************************************

*******************************************************************************
*                                                                             *
*  MULTIPOLE MOMENTS [UNITS:  (10 FERMI)^LAMBDA]                     PROTONS  *
*                                                                             *
*******************************************************************************
*                                                                             *
*  Q00 = 78.0000  .............  .............  .............  .............  *
*                                                                             *
*  Q10 = 11.0656  Q11 =    ZERO  .............  .............  .............  *
*                                                                             *
*  Q20 = 33.1248  Q21 =    ZERO  Q22 =-1.3E-08  .............  .............  *
*                                                                             *
*  Q30 = 13.5210  Q31 =    ZERO  Q32 =-1.4E-09  Q33 =    ZERO  .............  *
*                                                                             *
*  Q40 = 17.1015  Q41 =    ZERO  Q42 =-1.1E-08  Q43 =    ZERO  Q44 = 4.6E-07  *
*                                                                             *
*******************************************************************************

*******************************************************************************
*                                                                             *
*  ROOT-MEAN-SQUARE AND GEOMETRIC SIZES IN FERMIS                    PROTONS  *
*                                                                             *
*  R_RMS =  6.4581     X_RMS =  2.6123    Y_RMS =  2.6123    Z_RMS =  5.2970  *
*                                                                             *
*  R_GEO =  8.3373     X_GEO =  5.8413    Y_GEO =  5.8413    Z_GEO = 11.8444  *
*                                                                             *
*******************************************************************************

*******************************************************************************
*                                                                             *
*  BOHR DEFORMATIONS (FIRST-ORDER APPROXIMATION)                     PROTONS  *
*                                                                             *
*******************************************************************************
*                                                                             *
*  B10 =  0.3483  B11 =    ZERO  .............  .............  .............  *
*                                                                             *
*  B20 =  0.8071  B21 =    ZERO  B22 =-3.2E-10  .............  .............  *
*                                                                             *
*  B30 =  1.2529  B31 =    ZERO  B32 =-1.8E-10  B33 =    ZERO  .............  *
*                                                                             *
*  B40 =  1.9007  B41 =    ZERO  B42 =-1.7E-09  B43 =    ZERO  B44 = 7.2E-08  *
*                                                                             *
*******************************************************************************
*                                                                             *
*  BOHR DENSITY = 0.0321 FM^(-3)  BOHR RADIUS =   8.3373 FM                   *
*                                                                             *
*******************************************************************************

*******************************************************************************
*                                                                             *
*                  DENSITY INTEGRALS IN THE SKYRME FUNCTIONAL                 *
*                                                                             *
*******************************************************************************
*                                                                             *
*                   TOTAL(T)        SUM(S)      ISOSCALAR(P)  ISOVECTOR(M)    *
*                   --------        ------      ------------  ------------    *
*    DRHO_ =       20.243799     10.237905         20.243799      0.232011    *
*    DRHOD =        9.369127      4.737042          9.369127      0.104958    *
*    DLPR_ =       -4.672318     -2.354231         -4.672318     -0.036145    *
*    DTAU_ =       17.693400      9.015736         17.693400      0.338071    *
*    DSCU_ =        0.117554      0.073561          0.117554      0.029567    *
*    DDIV_ =        0.899289      0.463651          0.899289      0.028014    *
*                                                                             *
*    DSPI_ =        0.000000      0.000000          0.000000      0.000000    *
*    DSPID =        0.000000      0.000000          0.000000      0.000000    *
*    DLPS_ =        0.000000      0.000000          0.000000      0.000000    *
*    DCUR_ =        0.000000      0.000000          0.000000      0.000000    *
*    DKIS_ =        0.000000      0.000000          0.000000      0.000000    *
*    DROT_ =        0.000000      0.000000          0.000000      0.000000    *
*                                                                             *
*******************************************************************************

*******************************************************************************
*                                                                             *
*               CONTRIBUTIONS TO ENERGY IN THE SKYRME FUNCTIONAL              *
*                                                                             *
*******************************************************************************
*                                                                             *
*                 TOTAL(T)        SUM(S)        ISOSCALAR(P)  ISOVECTOR(M)    *
*                 --------        ------        ------------  ------------    *
*    ERHO_ =   -18099.172301   5511.223565     -12650.396186     62.447451    *
*    ERHOD =     9446.081758  -2403.404323       7069.303333    -26.625897    *
*    ELPR_ =     -459.453821    677.712934        213.056583      5.202529    *
*    ETAU_ =      586.643473   -435.203405        159.599682     -8.159613    *
*    ESCU_ =        0.000000      0.000000          0.000000      0.000000    *
*    EDIV_ =      -19.814791    -48.138646        -66.499177     -1.454260    *
*               ============  ============      ============  ============    *
*    SUM EVEN:  -8545.715681   3302.190125      -5274.935766     31.410210    *
*                                                                             *
*    ESPI_ =        0.000000      0.000000          0.000000      0.000000    *
*    ESPID =        0.000000      0.000000          0.000000      0.000000    *
*    ELPS_ =        0.000000      0.000000          0.000000      0.000000    *
*    ECUR_ =        0.000000      0.000000          0.000000      0.000000    *
*    EKIS_ =        0.000000      0.000000          0.000000      0.000000    *
*    EROT_ =        0.000000      0.000000          0.000000      0.000000    *
*               ============  ============      ============  ============    *
*    SUM  ODD:      0.000000      0.000000          0.000000      0.000000    *
*                                                                             *
*******************************************************************************
 
*******************************************************************************
*                                                                             *
*  CENTER-OF-MASS COORDINATES IN FERMIS                                TOTAL  *
*                                                                             *
*  R_CMS =  1.3229     X_CMS = -0.0000    Y_CMS =  0.0000    Z_CMS =  1.3229  *
*                                                                             *
*******************************************************************************

*******************************************************************************
*                                                                             *
*  MULTIPOLE MOMENTS [UNITS:  (10 FERMI)^LAMBDA] [CENT-MASS FRAME]  NEUTRONS  *
*                                                                             *
*******************************************************************************
*                                                                             *
*  Q00 = 98.0000  .............  .............  .............  .............  *
*                                                                             *
*  Q10 = -0.7466  Q11 =    ZERO  .............  .............  .............  *
*                                                                             *
*  Q20 = 34.1867  Q21 =    ZERO  Q22 =-7.8E-10  .............  .............  *
*                                                                             *
*  Q30 =  9.8354  Q31 =    ZERO  Q32 = 1.2E-09  Q33 =    ZERO  .............  *
*                                                                             *
*  Q40 = 11.2902  Q41 =    ZERO  Q42 = 5.2E-09  Q43 =    ZERO  Q44 = 5.2E-07  *
*                                                                             *
*******************************************************************************

*******************************************************************************
*                                                                             *
*  BOHR DEFORMATIONS (FIRST-ORDER APPROXIMATION) [CENT-MASS FRAME]  NEUTRONS  *
*                                                                             *
*******************************************************************************
*                                                                             *
*  B10 = -0.0223  B11 =    ZERO  .............  .............  .............  *
*                                                                             *
*  B20 =  0.9456  B21 =    ZERO  B22 =    ZERO  .............  .............  *
*                                                                             *
*  B30 =  1.2355  B31 =    ZERO  B32 = 2.1E-10  B33 =    ZERO  .............  *
*                                                                             *
*  B40 =  2.0315  B41 =    ZERO  B42 = 1.3E-09  B43 =    ZERO  B44 = 1.3E-07  *
*                                                                             *
*******************************************************************************
*                                                                             *
*  BOHR DENSITY = 0.0688 FM^(-3)  BOHR RADIUS =   6.9813 FM                   *
*                                                                             *
*******************************************************************************

*******************************************************************************
*                                                                             *
*  MULTIPOLE MOMENTS [UNITS:  (10 FERMI)^LAMBDA] [CENT-MASS FRAME]   PROTONS  *
*                                                                             *
*******************************************************************************
*                                                                             *
*  Q00 = 78.0000  .............  .............  .............  .............  *
*                                                                             *
*  Q10 =  0.7466  Q11 =    ZERO  .............  .............  .............  *
*                                                                             *
*  Q20 = 29.9995  Q21 =    ZERO  Q22 =-1.3E-08  .............  .............  *
*                                                                             *
*  Q30 =  8.9138  Q31 =    ZERO  Q32 =-3.8E-10  Q33 =    ZERO  .............  *
*                                                                             *
*  Q40 = 10.3939  Q41 =    ZERO  Q42 =-1.0E-08  Q43 =    ZERO  Q44 = 4.6E-07  *
*                                                                             *
*******************************************************************************

*******************************************************************************
*                                                                             *
*  BOHR DEFORMATIONS (FIRST-ORDER APPROXIMATION) [CENT-MASS FRAME]   PROTONS  *
*                                                                             *
*******************************************************************************
*                                                                             *
*  B10 =  0.0283  B11 =    ZERO  .............  .............  .............  *
*                                                                             *
*  B20 =  1.0626  B21 =    ZERO  B22 =-4.6E-10  .............  .............  *
*                                                                             *
*  B30 =  1.4477  B31 =    ZERO  B32 =    ZERO  B33 =    ZERO  .............  *
*                                                                             *
*  B40 =  2.4413  B41 =    ZERO  B42 =-3.3E-09  B43 =    ZERO  B44 = 1.5E-07  *
*                                                                             *
*******************************************************************************
*                                                                             *
*  BOHR DENSITY = 0.0563 FM^(-3)  BOHR RADIUS =   6.9149 FM                   *
*                                                                             *
*******************************************************************************

*******************************************************************************
*                                                                             *
*  EULER ANGLES OF THE PRINCIPAL-AXES FRAME IN DEGREES                 TOTAL  *
*                                                                             *
*  ALPHA =270.00000  BETA =  0.00000  GAMMA =  0.00000                        *
*                                                                             *
*******************************************************************************

*******************************************************************************
*                                                                             *
*  ROOT-MEAN-SQUARE AND GEOMETRIC SIZES IN FERMIS                      TOTAL  *
*                                                                             *
*  R_RMS =  6.4031     X_RMS =  2.6467    Y_RMS =  2.6467    Z_RMS =  5.1952  *
*                                                                             *
*  R_GEO =  8.2664     X_GEO =  5.9182    Y_GEO =  5.9182    Z_GEO = 11.6168  *
*                                                                             *
*******************************************************************************

*******************************************************************************
*                                                                             *
*  MULTIPOLE MOMENTS [UNITS:  (10 FERMI)^LAMBDA]                       TOTAL  *
*                                                                             *
*******************************************************************************
*                                                                             *
*  Q00 =176.0000  .............  .............  .............  .............  *
*                                                                             *
*  Q10 = 23.2838  Q11 =    ZERO  .............  .............  .............  *
*                                                                             *
*  Q20 = 70.3468  Q21 =    ZERO  Q22 =-1.4E-08  .............  .............  *
*                                                                             *
*  Q30 = 28.5597  Q31 =    ZERO  Q32 =-3.0E-10  Q33 =    ZERO  .............  *
*                                                                             *
*  Q40 = 35.8318  Q41 =    ZERO  Q42 =-4.7E-09  Q43 =    ZERO  Q44 = 9.8E-07  *
*                                                                             *
*******************************************************************************

*******************************************************************************
*                                                                             *
*  BOHR DEFORMATIONS (FIRST-ORDER APPROXIMATION)                       TOTAL  *
*                                                                             *
*******************************************************************************
*                                                                             *
*  B10 =  0.3275  B11 =    ZERO  .............  .............  .............  *
*                                                                             *
*  B20 =  0.7728  B21 =    ZERO  B22 =-1.5E-10  .............  .............  *
*                                                                             *
*  B30 =  1.2033  B31 =    ZERO  B32 =    ZERO  B33 =    ZERO  .............  *
*                                                                             *
*  B40 =  1.8264  B41 =    ZERO  B42 =-3.4E-10  B43 =    ZERO  B44 = 7.1E-08  *
*                                                                             *
*******************************************************************************
*                                                                             *
*  BOHR DENSITY = 0.0744 FM^(-3)  BOHR RADIUS =   8.2664 FM                   *
*                                                                             *
*******************************************************************************

*******************************************************************************
*                                                                             *
*  MULTIPOLE MOMENTS [UNITS:  (10 FERMI)^LAMBDA] [CENT-MASS FRAME]     TOTAL  *
*                                                                             *
*******************************************************************************
*                                                                             *
*  Q00 =176.0000  .............  .............  .............  .............  *
*                                                                             *
*  Q10 =    ZERO  Q11 =    ZERO  .............  .............  .............  *
*                                                                             *
*  Q20 = 64.1862  Q21 =    ZERO  Q22 =-1.4E-08  .............  .............  *
*                                                                             *
*  Q30 = 18.7492  Q31 =    ZERO  Q32 = 7.8E-10  Q33 =    ZERO  .............  *
*                                                                             *
*  Q40 = 21.6840  Q41 =    ZERO  Q42 =-4.9E-09  Q43 =    ZERO  Q44 = 9.8E-07  *
*                                                                             *
*******************************************************************************

*******************************************************************************
*                                                                             *
*  BOHR DEFORMATIONS (FIRST-ORDER APPROXIMATION) [CENT-MASS FRAME]     TOTAL  *
*                                                                             *
*******************************************************************************
*                                                                             *
*  B10 =    ZERO  B11 =    ZERO  .............  .............  .............  *
*                                                                             *
*  B20 =  0.9967  B21 =    ZERO  B22 =-2.1E-10  .............  .............  *
*                                                                             *
*  B30 =  1.3277  B31 =    ZERO  B32 =    ZERO  B33 =    ZERO  .............  *
*                                                                             *
*  B40 =  2.2085  B41 =    ZERO  B42 =-7.0E-10  B43 =    ZERO  B44 = 1.4E-07  *
*                                                                             *
*******************************************************************************
*                                                                             *
*  BOHR DENSITY = 0.1250 FM^(-3)  BOHR RADIUS =   6.9527 FM                   *
*                                                                             *
*******************************************************************************

*******************************************************************************
*                                                                             *
*  MULTIPOLE MOMENTS [UNITS:  (10 FERMI)^LAMBDA] [INTRINSIC FRAME]     TOTAL  *
*                                                                             *
*  REAL PART  FOR A NON-NEGATIVE PROJECTION                                   *
*  IMAGINARY PART FOR A NEGATIVE PROJECTION                                   *
*                                                                             *
*******************************************************************************
*                                                                             *
*  Q00 =176.0000  .............  .............  .............  .............  *
*                 .............  .............  .............  .............  *
*                                                                             *
*  Q10 =    ZERO  Q1+1=    ZERO  .............  .............  .............  *
*                 Q1-1=    ZERO  .............  .............  .............  *
*                                                                             *
*  Q20 = 64.1862  Q2+1=    ZERO  Q2+2= 1.4E-08  .............  .............  *
*                 Q2-1=    ZERO  Q2-2=    ZERO  .............  .............  *
*                                                                             *
*  Q30 = 18.7492  Q3+1=    ZERO  Q3+2=-7.8E-10  Q3+3=    ZERO  .............  *
*                 Q3-1=    ZERO  Q3-2=    ZERO  Q3-3=    ZERO  .............  *
*                                                                             *
*  Q40 = 21.6840  Q4+1=    ZERO  Q4+2= 4.9E-09  Q4+3=    ZERO  Q4+4= 9.8E-07  *
*                 Q4-1=    ZERO  Q4-2=    ZERO  Q4-3=    ZERO  Q4-4=    ZERO  *
*                                                                             *
*******************************************************************************

*******************************************************************************
*                                                                             *
*  BOHR DEFORMATIONS (FIRST-ORDER APPROXIMATION) [INTRINSIC FRAME]     TOTAL  *
*                                                                             *
*  REAL PART  FOR A NON-NEGATIVE PROJECTION                                   *
*  IMAGINARY PART FOR A NEGATIVE PROJECTION                                   *
*                                                                             *
*******************************************************************************
*                                                                             *
*  B10 =    ZERO  B1+1=    ZERO  .............  .............  .............  *
*                 B1-1=    ZERO  .............  .............  .............  *
*                                                                             *
*  B20 =  0.9967  B2+1=    ZERO  B2+2= 2.1E-10  .............  .............  *
*                 B2-1=    ZERO  B2-2=    ZERO  .............  .............  *
*                                                                             *
*  B30 =  1.3277  B3+1=    ZERO  B3+2=    ZERO  B3+3=    ZERO  .............  *
*                 B3-1=    ZERO  B3-2=    ZERO  B3-3=    ZERO  .............  *
*                                                                             *
*  B40 =  2.2085  B4+1=    ZERO  B4+2= 7.0E-10  B4+3=    ZERO  B4+4= 1.4E-07  *
*                 B4-1=    ZERO  B4-2=    ZERO  B4-3=    ZERO  B4-4=    ZERO  *
*                                                                             *
*******************************************************************************
*                                                                             *
*  BOHR DENSITY = 0.1250 FM^(-3)  BOHR RADIUS =   6.9527 FM                   *
*                                                                             *
*******************************************************************************

*******************************************************************************
*                                                                             *
*                                ENERGIES (MEV)                               *
*                                                                             *
*******************************************************************************
*                                                                             *
*  KINETIC: (NEU)=  1868.002631    (PRO)=  1325.429928    (TOT)=  3193.432559 *
*  SUM EPS: (NEU)= -2076.618434    (PRO)= -1015.652690    (TOT)= -3092.271124 *
*  PAIRING: (NEU)=    -2.484256    (PRO)=    -5.053563    (TOT)=    -7.537819 *
*  P-REARR: (NEU)=     0.612694    (PRO)=     1.444573    (TOT)=     2.057267 *
*                                                                             *
*  PAIRGAP: (NEU)=     0.349119    (PRO)=     0.584836    THIS SPACE IS EMPTY *
*  E-FERMI: (NEU)=    -9.674169    (PRO)=    -2.270563    AND AWAITS  YOUR AD *
*                                                                             *
*  COULOMB: (DIR)=   723.721618    (EXC)=   -30.113333    (TOT)=   693.608284 *
*                                                                             *
*  CONSTR. (MULT)=   235.279734    SLOPE=    77.227126    CORR.=   -38.613563 *
*  CONSTR. (SURF)=     0.000000    SLOPE=     0.000000    CORR.=     0.000000 *
*  CONSTR. (SPIN)=     0.000000    SLOPE=     0.000000    CORR.=     0.000000 *
*  CONSTR. (ISOS)=     0.000000    SLOPE=     0.000000    CORR.=     0.000000 *
*                                                                             *
*  REARRANGEMENT ENERGY FROM THE SKYRME DENSITY-DEPENDENT TERMS=  1326.066839 *
*  ROUTHIAN= TOTAL ENERGY + MULTIPOLE AND (ISO)SPIN CONSTRAINTS= -1128.742798 *
*                                                                             *
*  SPIN-ORB (EVE)=   -67.953437    (ODD)=     0.000000    (TOT)=   -67.953437 *
*  SKYRME:  (EVE)= -5243.525556    (ODD)=     0.000000    (TOT)= -5243.525556 *
*                                                                             *
*  TOTAL:  (STAB)=   107.517110     (SP)= -1256.505422    (FUN)= -1364.022532 *
*                                                                             *
*******************************************************************************

*******************************************************************************
*                                                                             *
*  ITERATION RESTARTED FROM THE DISC, THE FOLLOWING FILE(S) READ:             *
*  ./restart/HFODD_00000066.REC                                        VER=19 *
*                                                                             *
*******************************************************************************
*                                                                             *
* CONVERGENCE REPORT                                                          *
*                                                                             *
*******************************************************************************
*                                                                             *
* ITER     ENERGY     STABILITY    Q_2    GAMMA   SPIN  OMEGA   ANGLE   EPAIR *
*                                                                             *
* 2045 -1364.022532  107.517110  64.186    0.00   0.00  0.000   0.000   -7.54 *
* 2046  -179.530893    1.09E+03 153.136    0.00   0.00  0.000   0.000   -0.47 *
* 2047  -451.865868    2.16E+03 204.349    0.00   0.00  0.000   0.000  -10.25 *
* 2048   -56.860908    1.71E+03 142.323    0.00   0.00  0.000   0.000   -1.38 *
* 2049  -103.857799  835.536033 162.638    0.00   0.00  0.000   0.000   -4.12 *
* 2050  -264.829897  901.872079 190.897    0.00   0.00  0.000   0.000  -20.75 *
* 2051  -507.960268    1.56E+03 204.191    0.00   0.00  0.000   0.000  -19.84 *
* 2052  -453.764143    1.05E+03 201.889    0.00   0.00  0.000   0.000   -3.38 *
* 2053  -479.683489    1.87E+03 218.355    0.00   0.00  0.000   0.000  -11.91 *
* 2054  -301.415069    1.48E+03 178.820    0.00   0.00  0.000   0.000   -1.87 *
* 2055  -296.813608  915.684816 199.728    0.00   0.00  0.000   0.000   -5.99 *
* 2056  -523.916274   -2.38E+04 209.801    0.00   0.00  0.000   0.000  -14.38 *
* 2057   174.301985   -1.58E+03  93.594    0.00   0.00  0.000   0.000   -0.52 *
* 2058  1353.267327   -1.51E+04  72.525   60.00   0.00  0.000   0.000 -100.57 *
* 2059  3430.219595   -2.86E+04  15.212    0.00   0.00  0.000   0.000   -0.00 *
* 2060  2449.344123   -6.50E+04 540.033    0.00   0.00  0.000   0.000  -44.77 *
* 2061   371.878866   -5.83E+06  77.285   60.00   0.00  0.000   0.000 -209.13 *

 //////////////////// MAXIMUM NUMBER OF ITERATIONS       ////////////////////
 //////////////////// EXCEEDED IN QUABCS                 ////////////////////

*******************************************************************************
*                                                                             *
*  PROCESSOR   EXECUTION  TIMES IN SUBROUTINES                                *
*  INCLUDING THEIR COMPLETE DOWN-CALLING TREES                                *
*                                                                             *
*******************************************************************************
*                                                                             *
*     5333 => HFODD    2843 => DENSHF   1078 => DIAMAT    985 => HFBSIM       *
*                                                                             *
*      565 => QMULCM    288 => PAIMAC    230 => RECORD    228 => CANQUA       *
*                                                                             *
*       86 => AVEQUA     33 => INTEGH     29 => INTSOR     29 => INTEGD       *
*                                                                             *
*       28 => DENMAC     16 => MOMETS     15 => INTMUL     13 => DOBROY       *
*                                                                             *
*       10 => BEGINC     10 => SKFILD      7 => SPAVER      7 => INTMAS       *
*                                                                             *
*        7 => ROTAVR      7 => LINAVR      5 => AVOBSE      5 => COUMAT       *
*                                                                             *
*        5 => INTCOU      3 => INTCEN      3 => NILASP      2 => POWALL       *
*                                                                             *
*        2 => AVANGY      2 => SKPAIR      0 => INTKIN      0 => AVPARI       *
*                                                                             *
*        0 => QUABCS      0 => PAXMOM      0 => SHICOE      0 => AVSIMP       *
*                                                                             *
*        0 => SHISIF      0 => MOMSIF      0 => MOMVMU      0 => MAGMOM       *
*                                                                             *
*        0 => SPIMOM      0 => SHIMOM      0 => SHIMAG                        *
*                                                                             *
*******************************************************************************
*                                                                             *
*  NUMBERS OF CALLS TO SUBROUTINES                                            *
*                                                                             *
*******************************************************************************
*                                                                             *
*      788 => BEGINC    652 => INTMUL    210 => INTSOR     86 => DIAMAT       *
*                                                                             *
*       70 => INTMAS     70 => INTCEN     69 => INTKIN     68 => AVEQUA       *
*                                                                             *
*       51 => PAXMOM     35 => INTEGH     35 => INTEGD     35 => HFBSIM       *
*                                                                             *
*       35 => QUABCS     34 => CANQUA     34 => AVPARI     34 => DENSHF       *
*                                                                             *
*       34 => DENMAC     34 => PAIMAC     34 => MOMETS     34 => MOMSIF       *
*                                                                             *
*       34 => MOMVMU     34 => MAGMOM     34 => SPIMOM     34 => LINAVR       *
*                                                                             *
*       34 => ROTAVR     34 => SHICOE     18 => RECORD     18 => COUMAT       *
*                                                                             *
*       18 => INTCOU     17 => QMULCM     17 => SKFILD     17 => SKPAIR       *
*                                                                             *
*       17 => DOBROY     17 => SHIMOM     17 => SHISIF     17 => SHIMAG       *
*                                                                             *
*       14 => SPAVER      2 => AVANGY      2 => AVOBSE      2 => AVSIMP       *
*                                                                             *
*        2 => NILASP      1 => HFODD       1 => POWALL                        *
*                                                                             *
*******************************************************************************
*                                                                             *
*  EXECUTION ENDS ON 2016.08.26 AT 13:30:40.465                               *
*                                                                             *
*******************************************************************************
