*******************************************************************************
*                                                                             *
*                     P A R A L L E L    M O D E L                            *
*                                                                             *
*  SIMPLE MPI FRAMEWORK (1 COMMUNICATOR)    :  1 MPI PROCESS per HFODD TASK   *
*  MULTI-THREADING FRAMEWORK WITH OPENMP   :  4 THREADS per HFODD MPI PROCESS *
*                                                                             *
*******************************************************************************
*                                                                             *
*                        __  __ _____  ___   ____   ____                      *
*                       / / / // ___/.' _ \ / __ \ / __ \                     *
*                      / /_/ // /_  / / / // / / // / / /                     *
*                     / __  // __/ / / / // / / // / / /                      *
*                    / / / // /   / /_/ // /_/ // /_/ /                       *
*                   /_/ /_//_/    \___.'/____.'/____.'                        *
*                                                                             *
*                                                                             *
*******************************************************************************
*                                                                             *
*             SKYRME-HARTREE-FOCK-BOGOLYUBOV CODE VERSION: 2.77B              *
*                                                                             *
*              NO SYMMETRY-PLANES AND NO TIME-REVERSAL SYMMETRY               *
*                                                                             *
*                DEFORMED CARTESIAN HARMONIC-OSCILLATOR BASIS                 *
*                                                                             *
*******************************************************************************
*                                                                             *
*             J. DOBACZEWSKI, P. BACZYK, B.G. CARLSSON, J. DUDEK              *
*                 J. ENGEL, Y. GAO, M. KONIECZKA, T. LESINSKI                 *
*                 J. MCDONNELL, P. OLBRATOWSKI, P. POWALOWSKI                 *
*                  M. SADZIAK, J. SARICH, K. SATO, W. SATULA                  *
*             N. SCHUNCK,  J.A. SHEIKH, A. STASZCZAK, M. STOITSOV             *
*             P. TOIVANEN, X.B. WANG, M. ZALEWSKI AND H. ZDUNCZUK             *
*                                                                             *
*                   INSTYTUT FIZYKI TEORETYCZNEJ, WARSZAWA                    *
*                 LAWRENCE LIVERMORE NATIONAL LABORATORY, USA                 *
*                                                                             *
*                                  1993-2016                                  *
*                                                                             *
*******************************************************************************

*******************************************************************************
*                                                                             *
*  CODE COMPILED WITH THE FOLLOWING ARRAY DIMENSIONS AND SWITCHES:            *
*                                                                             *
*******************************************************************************
*                                                                             *
*  NDBASE = 1200  NDSTAT = 1200  NDXHRM =   40  NDYHRM =   40  NDZHRM =   64  *
*                                                                             *
*  NDMAIN =   30  NDMULT =    9  NDMULR =    4  NDLAMB =    9  NDITER = 5000  *
*                                                                             *
*  NDAKNO =    1  NDBKNO =    1  NDPROI =    2  NDCOUL =   80  NDPOLS =   25  *
*                                                                             *
*  NDATKN =   20  NDBTKN =   10  NDPROT =    1  NDPROD =    3                 *
*                                                                             *
*  IPARAL =    0  IPARAT =    0  I_CRAY =    0                                *
*                                                                             *
*                                                                             *
*  PRE-PROCESSOR OPTIONS:                                                     *
*                                                                             *
*       switch_port = 1     switch_diag = 3     switch_essl = 0               *
*                                                                             *
*                           switch_quad = 0     switch_vect = 1               *
*                                                                             *
*******************************************************************************
*                                                                             *
*  EXECUTION BEGINS ON 2016.08.25 AT 09:53:20.811                             *
*                                                                             *
*******************************************************************************
 
*******************************************************************************
*                                                                             *
*  CLASSICAL NUCLEAR SURFACE DEFINED FOR:                    N = 98   Z = 78  *
*                                                                             *
*******************************************************************************
*                                                                             *
*  AL10 =   ZERO  AL11 =   ZERO  .............  .............  .............  *
*                                                                             *
*  AL20 =  0.862  AL21 =   ZERO  AL22 =   ZERO  .............  .............  *
*                                                                             *
*******************************************************************************
*                                                                             *
*                                           HOMEGA=  6.5782  FCHOM0=  0.8991  *
*                                                                             *
*  OSCILLATOR FREQUENCIES: HBAROX=  8.3217  HBAROY=  8.3217  HBAROZ=  4.1105  *
*                                                                             *
*  MOMENTS OF INERTIA:     XMOMFC=130.9881  YMOMFC=130.9881  ZMOMFC= 51.3817  *
*                                                                             *
*  CENTERS OF MASS:        CMSXFC= -0.0000  CMSYFC= -0.0000  CMSZFC= -0.0000  *
*                                                                             *
*******************************************************************************

*******************************************************************************
*                                                                             *
*                           SKYRME FORCE DEFINITION                           *
*                                                                             *
*******************************************************************************
*                                                                             *
* PARAMETER SET HFB1:  T0= -1666.41  T1=   255.23  T2=  1521.28  T3= 12072.51 *
*                                                                             *
* POWER=0.37658031358  X0=  0.14608  X1= -4.82248  X2= -1.35211  X3=  0.00432 *
*                                                                             *
* IETA: J=0  W=1 CM=3  M=1  P=1  T=0 HBM= 20.73553 W0=  44.0677 W0P= 207.6502 *
*                                                                             *
*******************************************************************************

*******************************************************************************
*                                                                             *
*              COUPLING CONSTANTS DEFINING THE SKYRME FUNCTIONAL              *
*                                                                             *
*******************************************************************************
*                                                                             *
*                   TOTAL(T)        SUM(S)      ISOSCALAR(P)  ISOVECTOR(M)    *
*                   --------        ------      ------------  ------------    *
*    CRHO_ =     -894.060074    538.315575       -624.902286    269.157788    *
*    CRHOD =     1008.213640   -507.363897        754.531691   -253.681949    *
*    CLPR_ =       98.335311   -287.870148        -45.599763   -143.935074    *
*    CTAU_ =       33.156062    -48.271535          9.020295    -24.135768    *
*    CSCU_ =        0.000000      0.000000          0.000000      0.000000    *
*    CDIV_ =      -22.033840   -103.825096        -73.946388    -51.912548    *
*                                                                             *
*    CSPI_ =      -60.857026    416.601524        147.443736    208.300762    *
*    CSPID =        2.171385   -503.021127       -249.339179   -251.510564    *
*    CLPS_ =       51.110395     71.467295         86.844042     35.733647    *
*    CCUR_ =      -33.156062     48.271535         -9.020295     24.135768    *
*    CKIS_ =        0.000000      0.000000          0.000000      0.000000    *
*    CROT_ =      -22.033840   -103.825096        -73.946388    -51.912548    *
*                                                                             *
*******************************************************************************

*******************************************************************************
*                                                                             *
*                          NUCLEAR MATTER PROPERTIES                          *
*                                                                             *
*******************************************************************************
*                                                                             *
*     E = -15.8000  rho0 =   0.15625   K =  244.6682   Ms =    0.9364         *
*                   asym =  28.66820   L =   40.1091   Mv =    1.2498         *
*                                                                             *
*******************************************************************************

*******************************************************************************
*                                                                             *
*  PHYSICAL CONSTANTS:     H_BARC=197.32891000           HBCOE2=137.03602000  *
*                                                                             *
*                          XMASSN=938.90590000           XMASSP=938.27231000  *
*                                                                             *
*                          HBMASS= 20.73553000           HBMRPA= 20.73553000  *
*                                                                             *
*                          ECHAR2=  1.43997841           COULEX= -1.06350868  *
*                                                                             *
*******************************************************************************
*                                                                             *
*  OSCILLATOR LENGTHS:     X= 2.2324097      Y= 2.2324097       Z= 3.1763875  *
*                                                                             *
*  OSCILLATOR CONSTANTS:   X= 0.4479465      Y= 0.4479465       Z= 0.3148230  *
*                                                                             *
*  OSCILLATOR FREQUENCIES: X= 8.3216907      Y= 8.3216907       Z= 4.1104786  *
*                                                                             *
*******************************************************************************
*                                                                             *
*  BASIS CUT-OFF CONTROL PARAMETERS:  NXMAXX = 13  NYMAXX = 13  NZMAXX =  28  *
*                                                                             *
*                                     NXHERM = 36  NYHERM = 36  NZHERM =  60  *
*                                                                             *
*                                     NLIMIT=1140  LDBASE=1141  MCOUNT=29791  *
*                                                                             *
*                                     ENECUT= 800.0000      ELIMIT= 125.9740  *
*                                                                             *
*******************************************************************************

*******************************************************************************
*                                                                             *
*   SHAPE OF THE OSCILLATOR-BASIS DIAMOND    (THREE CONSECUTIVE PROJECTIONS)  *
*                                                                             *
*******************************************************************************
*                                                                             *
*        NX ===>>>  0  1  2  3  4  5  6  7  8  9 10 11 12 13                  *
*        MAX.NY => 13 12 11 10  9  8  7  6  5  4  3  2  1  0                  *
*                 ------------------------------------------                  *
*   NY= 0  (13)  | 28 26 24 22 20 18 15 13 11  9  7  5  3  1                  *
*   NY= 1  (12)  | 26 24 22 20 18 15 13 11  9  7  5  3  1                     *
*   NY= 2  (11)  | 24 22 20 18 15 13 11  9  7  5  3  1                        *
*   NY= 3  (10)  | 22 20 18 15 13 11  9  7  5  3  1                           *
*   NY= 4  ( 9)  | 20 18 15 13 11  9  7  5  3  1                              *
*   NY= 5  ( 8)  | 18 15 13 11  9  7  5  3  1                                 *
*   NY= 6  ( 7)  | 15 13 11  9  7  5  3  1                                    *
*   NY= 7  ( 6)  | 13 11  9  7  5  3  1                                       *
*   NY= 8  ( 5)  | 11  9  7  5  3  1                                          *
*   NY= 9  ( 4)  |  9  7  5  3  1                                             *
*   NY=10  ( 3)  |  7  5  3  1                                                *
*   NY=11  ( 2)  |  5  3  1                                                   *
*   NY=12  ( 1)  |  3  1                                                      *
*   NY=13  ( 0)  |  1                                                         *
*                                                                             *
*                                                                             *
*        NZ ===>>>  0  1  2  3  4  5  6  7  8  9 10 11 12 13 14 15 16 17 18   *
*        MAX.NY => 13 13 12 12 11 11 10 10  9  9  8  8  7  7  6  6  5  5  5   *
*                 ---------------------------------------------------------   *
*   NY= 0  (28)  | 13 13 12 12 11 11 10 10  9  9  8  8  7  7  6  6  5  5  5   *
*   NY= 1  (26)  | 12 12 11 11 10 10  9  9  8  8  7  7  6  6  5  5  4  4  4   *
*   NY= 2  (24)  | 11 11 10 10  9  9  8  8  7  7  6  6  5  5  4  4  3  3  3   *
*   NY= 3  (22)  | 10 10  9  9  8  8  7  7  6  6  5  5  4  4  3  3  2  2  2   *
*   NY= 4  (20)  |  9  9  8  8  7  7  6  6  5  5  4  4  3  3  2  2  1  1  1   *
*   NY= 5  (18)  |  8  8  7  7  6  6  5  5  4  4  3  3  2  2  1  1  0  0  0   *
*   NY= 6  (15)  |  7  7  6  6  5  5  4  4  3  3  2  2  1  1  0  0            *
*   NY= 7  (13)  |  6  6  5  5  4  4  3  3  2  2  1  1  0  0                  *
*   NY= 8  (11)  |  5  5  4  4  3  3  2  2  1  1  0  0                        *
*   NY= 9  ( 9)  |  4  4  3  3  2  2  1  1  0  0                              *
*   NY=10  ( 7)  |  3  3  2  2  1  1  0  0                                    *
*   NY=11  ( 5)  |  2  2  1  1  0  0                                          *
*   NY=12  ( 3)  |  1  1  0  0                                                *
*   NY=13  ( 1)  |  0  0                                                      *
*                                                                             *
*                                                                             *
*        NZ ===>>>  0  1  2  3  4  5  6  7  8  9 10 11 12 13 14 15 16 17 18   *
*        MAX.NX => 13 13 12 12 11 11 10 10  9  9  8  8  7  7  6  6  5  5  5   *
*                 ---------------------------------------------------------   *
*   NX= 0  (28)  | 13 13 12 12 11 11 10 10  9  9  8  8  7  7  6  6  5  5  5   *
*   NX= 1  (26)  | 12 12 11 11 10 10  9  9  8  8  7  7  6  6  5  5  4  4  4   *
*   NX= 2  (24)  | 11 11 10 10  9  9  8  8  7  7  6  6  5  5  4  4  3  3  3   *
*   NX= 3  (22)  | 10 10  9  9  8  8  7  7  6  6  5  5  4  4  3  3  2  2  2   *
*   NX= 4  (20)  |  9  9  8  8  7  7  6  6  5  5  4  4  3  3  2  2  1  1  1   *
*   NX= 5  (18)  |  8  8  7  7  6  6  5  5  4  4  3  3  2  2  1  1  0  0  0   *
*   NX= 6  (15)  |  7  7  6  6  5  5  4  4  3  3  2  2  1  1  0  0            *
*   NX= 7  (13)  |  6  6  5  5  4  4  3  3  2  2  1  1  0  0                  *
*   NX= 8  (11)  |  5  5  4  4  3  3  2  2  1  1  0  0                        *
*   NX= 9  ( 9)  |  4  4  3  3  2  2  1  1  0  0                              *
*   NX=10  ( 7)  |  3  3  2  2  1  1  0  0                                    *
*   NX=11  ( 5)  |  2  2  1  1  0  0                                          *
*   NX=12  ( 3)  |  1  1  0  0                                                *
*   NX=13  ( 1)  |  0  0                                                      *
*                                                                             *
*******************************************************************************

*******************************************************************************
*                                                                             *
* NUCLIDE: N =  98  Z =  78  NUMBER OF ITERATIONS = 1000   CONTINUATION? = 1  *
*                                                                             *
*******************************************************************************
*                                                                             *
* ITERATIONS WILL STOP WHEN THE STABILITY BECOMES LOWER THAN EPSITE=0.300000  *
*                                            FOR    5 CONSECUTIVE ITERATIONS  *
*                                                                             *
*******************************************************************************
*                                                                             *
* ITERATIONS WILL STOP WHEN THE PING-PONG DIVERGENCE OCCURS FOR EPSPNG=0.010  *
*                                DURING    5 PAIRS OF CONSECUTIVE ITERATIONS  *
*                                                                             *
*******************************************************************************
*                                                                             *
* ITERATIONS WILL STOP FOR CHAOTIC-DIVERGENCE CONDITION OCCURING   20  TIMES  *
*                                                                             *
*******************************************************************************
*                                                                             *
* SLOW-DOWN PARAMETERS:                                                       *
* TIME-EVEN = 0.85   TIME-ODD = 0.85   PAIRING = 0.85   LIPKIN-NOGAMI = 0.85  *
*                    LIP-MASS = 0.50   LIP-MOI = 0.50   LIPKIN-METHOD = 0.50  *
*                                                                             *
*******************************************************************************
*                                                                             *
* BROYDEN METHOD IS:  ON                                                      *
*                                                                             *
*    TRIGGERED ONLY WHEN STABILITY IS LOWER THAN :  1000.000 MEV              *
*    INITIAL SLOWING FACTOR (BEFORE TRIGGER)     :     0.85 (=SLOWEV)         *
*    BROYDEN SLOWING FACTOR (AFTER  TRIGGER)     :     0.40 (=1-ALPHAM)       *
*    NUMBER OF ITERATIONS RETAINED IN MEMORY     :    10                      *
*                                                                             *
*******************************************************************************
*                                                                             *
* DIRECT COULOMB TERMS SOLVED BY GREEN FUNCTION AND FOURIER TRANSFORM METHOD  *
* COULOMB PARAMETERS:  NUMCOU = 80  NUMETA = 79  BOUCOU = 20.0  FURMAX =0.25  *
*                                                                             *
*******************************************************************************
*                                                                             *
* EXCHANGE COULOMB TERMS TREATED BY THE SLATER APPROXIMATION                  *
*                                                                             *
*******************************************************************************
*                                                                             *
* MAXIMUM NUMBERS OF MULTIPOLE MOMENTS USED FOR THE CONSTRAINTS,    NMUCON=4  *
*                                           FOR THE COULOMB FIELD,  NMUCOU=4  *
*                                           FOR THE OUTPUT INFO,    NMUPRI=4  *
*                                                                             *
*******************************************************************************
*                                                                             *
* MULTIPOLE CONSTRAINTS: LAMBDA= 2  MIU= 0  MOMENT=297.000  STIFFNESS= 0.500  *
*                        LAMBDA= 3  MIU= 0  MOMENT= 50.000  STIFFNESS= 0.500  *
*                                                                             *
*******************************************************************************
*                                                                             *
* LINEAR MULTIPOLE CONSTRAINTS: LAMBDA= 2  MIU= 0  LAGRANGE PAR. USED= 0.000  *
*                               LAMBDA= 3  MIU= 0  LAGRANGE PAR. USED= 0.000  *
*                                                                             *
*******************************************************************************
*                                                                             *
* THE LAGRANGE PARAMETERS OF THE LINEAR CONSTRAINTS ARE RE-ADJUSTED AT EACH   *
* ITERATION BY USING THE CRANKING APPROXIMATION OF THE RPA MATRIX             *
*                                                                             *
*******************************************************************************
*                                                                             *
* PRINTING THE RESULTS FOR THE FOLLOWING ITERATIONS:         THE  FIRST: YES  *
*                                                            THE MIDDLE:  NO  *
*                                                     AND/OR THE   LAST: YES  *
*                                                                             *
*******************************************************************************
*                                                                             *
* PRINTING THE MOMENTS, RADII, AND DEFORMATIONS FOR:           NEUTRONS: YES  *
*                                                              PROTONS : YES  *
*                                                              MASS    : YES  *
*                                                                             *
*******************************************************************************
*                                                                             *
* PRINTING THE MOMENTS, MOMENTA AND DEFORMATIONS IN THE INTRINSIC FRAME: YES  *
*                                                                             *
*******************************************************************************
*                                                                             *
* NILSSON LABELS OF SINGLE-PARTICLE STATES SHOWN WITH RESPECT TO THE: Z-AXIS  *
*                                                                             *
*******************************************************************************
*                                                                             *
* CALCULATIONS WITH THE HFB PAIRING CORRELATIONS                              *
*                                                                             *
*******************************************************************************
*                                                                             *
* CONTACT PAIRING INTERACTION:     V0        V1       RHO-SAT      POWER      *
*                    NEUTRONS:  -234.380   732.438     0.320     1.0000000    *
*                     PROTONS:  -260.437   813.866     0.320     1.0000000    *
*                                                                             *
*******************************************************************************
*                                                                             *
* CUTOFF ENERGY DEFINING THE ACTIVE HFB PAIRING SPACE=      60.000            *
*                                                                             *
*******************************************************************************
*                                                                             *
* CALCULATIONS WITH SIMPLEX SYMMETRY                                          *
*                                                                             *
*******************************************************************************
*                                                                             *
* CALCULATIONS WITH TIME-ODD SYMMETRIES:        T*SIMPLEX_X =>     CONSERVED  *
*                                               T*SIMPLEX_Y =>     CONSERVED  *
*                                               T*SIMPLEX_Z => NON CONSERVED  *
*                                                                             *
*******************************************************************************
*                                                                             *
* CALCULATIONS WITHOUT ROTATION                                               *
*                                                                             *
*******************************************************************************

*******************************************************************************
*                                                                             *
*  CALLING SUBROUTINE "RECORD" TO READ THE REPLAY FILE OBTAINED PREVIOUSLY    *
*  ./restart/HFODD_00000006.REC                                               *
*                                                                             *
*******************************************************************************

*******************************************************************************
*                                                                             *
*  SINGLE-QUASIPARTICLE PROPERTIES:                                NEUTRONS   *
*                                                                             *
*******************************************************************************
*                                                                             *
*  NO)   ENERGY   (S=+,S=-)       PARITY   V2QUAP   EEQUIV   DEQUIV   V_CORR  *
*                                                                             *
*  49)    9.055   (  0, 25)        0.023  0.99837  -17.707    0.731  0.99997  *
*  50)    9.055   ( 25,  0)        0.023  0.99837  -17.707    0.731  0.99997  *
*  53)    8.638   (  0, 27)       -0.070  0.99843  -17.293    0.683  0.99997  *
*  54)    8.638   ( 27,  0)       -0.070  0.99843  -17.293    0.683  0.99997  *
*  55)    8.080   (  0, 28)        0.131  0.99097  -16.616    1.529  0.99984  *
*  56)    8.080   ( 28,  0)        0.131  0.99097  -16.616    1.529  0.99984  *
*  57)    7.701   ( 29,  0)        0.231  0.99897  -16.368    0.495  0.99998  *
*  58)    7.701   (  0, 29)        0.231  0.99897  -16.368    0.495  0.99998  *
*  59)    7.707   ( 30,  0)       -0.273  0.99821  -16.362    0.652  0.99997  *
*  60)    7.707   (  0, 30)       -0.273  0.99821  -16.362    0.652  0.99997  *
*  61)    7.318   ( 31,  0)       -0.050  0.99801  -15.971    0.652  0.99996  *
*  62)    7.318   (  0, 31)       -0.050  0.99801  -15.971    0.652  0.99996  *
*  63)    6.904   (  0, 32)        0.027  0.99855  -15.565    0.525  0.99997  *
*  64)    6.904   ( 32,  0)        0.027  0.99855  -15.565    0.525  0.99997  *
*  65)    6.460   ( 33,  0)        0.000  0.99946  -15.135    0.299  0.99999  *
*  66)    6.460   (  0, 33)        0.000  0.99946  -15.135    0.299  0.99999  *
*  67)    6.381   ( 34,  0)       -0.000  0.98664  -14.893    1.465  0.99971  *
*  68)    6.381   (  0, 34)       -0.000  0.98664  -14.893    1.465  0.99971  *
*  69)    5.786   ( 35,  0)        0.002  0.99956  -14.463    0.242  0.99999  *
*  70)    5.786   (  0, 35)        0.002  0.99956  -14.463    0.242  0.99999  *
*  71)    5.532   ( 36,  0)       -0.079  0.99686  -14.179    0.619  0.99992  *
*  72)    5.532   (  0, 36)       -0.079  0.99686  -14.179    0.619  0.99992  *
*  73)    5.444   ( 37,  0)       -0.006  0.99927  -14.118    0.294  0.99998  *
*  74)    5.444   (  0, 37)       -0.006  0.99927  -14.118    0.294  0.99998  *
*  75)    4.261   (  0, 38)       -0.193  0.99751  -12.922    0.425  0.99992  *
*  76)    4.261   ( 38,  0)       -0.193  0.99751  -12.922    0.425  0.99992  *
*  77)    4.145   ( 39,  0)        0.017  0.99782  -12.809    0.387  0.99992  *
*  78)    4.145   (  0, 39)        0.017  0.99782  -12.809    0.387  0.99992  *
*  79)    4.096   (  0, 40)       -0.034  0.99589  -12.744    0.524  0.99986  *
*  80)    4.096   ( 40,  0)       -0.034  0.99589  -12.744    0.524  0.99986  *
*  81)    3.029   ( 41,  0)        0.000  0.99833  -11.700    0.247  0.99992  *
*  82)    3.029   (  0, 41)        0.000  0.99833  -11.700    0.247  0.99992  *
*  83)    2.642   ( 42,  0)       -0.009  0.99010  -11.271    0.523  0.99945  *
*  84)    2.642   (  0, 42)       -0.009  0.99010  -11.271    0.523  0.99945  *
*  85)    2.429   (  0, 43)       -0.002  0.99447  -11.084    0.360  0.99966  *
*  86)    2.429   ( 43,  0)       -0.002  0.99447  -11.084    0.360  0.99966  *
*  87)    2.250   (  0, 44)        0.000  0.99777  -10.922    0.212  0.99985  *
*  88)    2.250   ( 44,  0)        0.000  0.99777  -10.922    0.212  0.99985  *
*  89)    2.206   ( 45,  0)        0.298  0.98696  -10.830    0.501  0.99912  *
*  90)    2.206   (  0, 45)        0.298  0.98696  -10.830    0.501  0.99912  *
*  91)    1.336   (  0, 46)       -0.006  0.97120   -9.941    0.447  0.99659  *
*  92)    1.336   ( 46,  0)       -0.006  0.97120   -9.941    0.447  0.99659  *
*  93)    0.668   (  0, 47)       -0.139  0.93817   -9.267    0.322  0.98304  *
*  94)    0.668   ( 47,  0)       -0.139  0.93817   -9.267    0.322  0.98304  *
*  95)    0.644   (  0, 48)       -0.198  0.80343   -9.073    0.512  0.94862  *
*  96)    0.644   ( 48,  0)       -0.198  0.80343   -9.073    0.512  0.94862  *
*  97)    0.506   ( 49,  0)        0.040  0.77349   -8.959    0.423  0.92221  *
*  98)    0.506   (  0, 49)        0.040  0.77349   -8.959    0.423  0.92221  *
*  99)    0.478   ( 50,  0)       -0.000  0.67046   -8.845    0.449  0.88925  *
* 100)    0.478   (  0, 50)       -0.000  0.67046   -8.845    0.449  0.88925  *
* 101)    0.683   ( 51,  0)       -0.226  0.23804   -8.324    0.581  0.86104  *
* 102)    0.683   (  0, 51)       -0.226  0.23804   -8.324    0.581  0.86104  *
* 103)    0.961   ( 52,  0)       -0.017  0.03287   -7.784    0.343  0.87912  *
* 104)    0.961   (  0, 52)       -0.017  0.03287   -7.784    0.343  0.87912  *
* 105)    1.340   ( 53,  0)        0.024  0.00673   -7.360    0.219  0.90848  *
* 106)    1.340   (  0, 53)        0.024  0.00673   -7.360    0.219  0.90848  *
* 107)    1.573   ( 54,  0)       -0.086  0.01231   -7.148    0.347  0.92135  *
* 108)    1.573   (  0, 54)       -0.086  0.01231   -7.148    0.347  0.92135  *
* 109)    1.869   ( 55,  0)       -0.024  0.00687   -6.839    0.309  0.93267  *
* 110)    1.869   (  0, 55)       -0.024  0.00687   -6.839    0.309  0.93267  *
* 111)    1.989   (  0, 56)        0.074  0.00929   -6.730    0.382  0.93660  *
* 112)    1.989   ( 56,  0)        0.074  0.00929   -6.730    0.382  0.93660  *
* 113)    2.248   (  0, 57)        0.011  0.00632   -6.463    0.356  0.94335  *
* 114)    2.248   ( 57,  0)        0.011  0.00632   -6.463    0.356  0.94335  *
* 115)    2.427   ( 58,  0)       -0.119  0.00749   -6.291    0.419  0.94737  *
* 116)    2.427   (  0, 58)       -0.119  0.00749   -6.291    0.419  0.94737  *
* 117)    2.964   (  0, 59)        0.040  0.00481   -5.747    0.410  0.95638  *
* 118)    2.964   ( 59,  0)        0.040  0.00481   -5.747    0.410  0.95638  *
* 119)    3.014   ( 60,  0)        0.018  0.00240   -5.683    0.295  0.95699  *
* 120)    3.014   (  0, 60)        0.018  0.00240   -5.683    0.295  0.95699  *
* 121)    3.350   ( 61,  0)        0.036  0.00132   -5.341    0.243  0.96110  *
* 122)    3.350   (  0, 61)        0.036  0.00132   -5.341    0.243  0.96110  *
* 123)    3.418   (  0, 62)       -0.067  0.00508   -5.299    0.486  0.96197  *
* 124)    3.418   ( 62,  0)       -0.067  0.00508   -5.299    0.486  0.96197  *
* 125)    3.778   ( 63,  0)       -0.003  0.00090   -4.911    0.227  0.96534  *
* 126)    3.778   (  0, 63)       -0.003  0.00090   -4.911    0.227  0.96534  *
* 127)    3.946   (  0, 64)        0.001  0.00236   -4.755    0.383  0.96681  *
* 128)    3.946   ( 64,  0)        0.001  0.00236   -4.755    0.383  0.96681  *
* 129)    3.975   (  0, 65)       -0.003  0.00163   -4.720    0.321  0.96702  *
* 130)    3.975   ( 65,  0)       -0.003  0.00163   -4.720    0.321  0.96702  *
* 131)    4.269   (  0, 66)       -0.001  0.00157   -4.427    0.338  0.96922  *
* 132)    4.269   ( 66,  0)       -0.001  0.00157   -4.427    0.338  0.96922  *
* 133)    4.349   ( 67,  0)        0.001  0.00073   -4.339    0.234  0.96975  *
* 134)    4.349   (  0, 67)        0.001  0.00073   -4.339    0.234  0.96975  *
* 135)    4.886   (  0, 68)        0.200  0.00164   -3.812    0.396  0.97301  *
* 136)    4.886   ( 68,  0)        0.200  0.00164   -3.812    0.396  0.97301  *
* 137)    5.119   ( 69,  0)       -0.006  0.00059   -3.569    0.248  0.97418  *
* 138)    5.119   (  0, 69)       -0.006  0.00059   -3.569    0.248  0.97418  *
* 139)    5.199   (  0, 70)       -0.022  0.00158   -3.499    0.412  0.97459  *
* 140)    5.199   ( 70,  0)       -0.022  0.00158   -3.499    0.412  0.97459  *
* 141)    5.897   ( 71,  0)       -0.386  0.00317   -2.823    0.663  0.97756  *
* 142)    5.897   (  0, 71)       -0.386  0.00317   -2.823    0.663  0.97756  *
* 143)    5.936   ( 72,  0)        0.003  0.00035   -2.750    0.222  0.97765  *
* 144)    5.936   (  0, 72)        0.003  0.00035   -2.750    0.222  0.97765  *
* 145)    6.200   ( 73,  0)        0.017  0.00109   -2.496    0.410  0.97859  *
* 146)    6.200   (  0, 73)        0.017  0.00109   -2.496    0.410  0.97859  *
* 147)    6.714   (  0, 74)       -0.001  0.01318   -2.145    1.531  0.98043  *
* 148)    6.714   ( 74,  0)       -0.001  0.01318   -2.145    1.531  0.98043  *
* 149)    6.616   ( 75,  0)       -0.001  0.00023   -2.069    0.199  0.97990  *
* 150)    6.616   (  0, 75)       -0.001  0.00023   -2.069    0.199  0.97990  *
* 151)    6.716   (  0, 76)       -0.080  0.00200   -1.992    0.601  0.98022  *
* 152)    6.716   ( 76,  0)       -0.080  0.00200   -1.992    0.601  0.98022  *
* 153)    7.172   (  0, 77)        0.015  0.00066   -1.519    0.368  0.98143  *
* 154)    7.172   ( 77,  0)        0.015  0.00066   -1.519    0.368  0.98143  *
* 155)    8.110   ( 78,  0)        0.042  0.00828   -0.706    1.470  0.98367  *
* 156)    8.110   (  0, 78)        0.042  0.00828   -0.706    1.470  0.98367  *
* 157)    7.994   (  0, 79)       -0.001  0.00040   -0.694    0.319  0.98331  *
* 158)    7.994   ( 79,  0)       -0.001  0.00040   -0.694    0.319  0.98331  *
* 159)    8.333   (  0, 80)        0.107  0.00171   -0.377    0.690  0.98400  *
* 160)    8.333   ( 80,  0)        0.107  0.00171   -0.377    0.690  0.98400  *
* 161)    8.386   ( 81,  0)       -0.252  0.00106   -0.314    0.546  0.98408  *
* 162)    8.386   (  0, 81)       -0.252  0.00106   -0.314    0.546  0.98408  *
* 163)    8.919   ( 82,  0)        0.106  0.00028    0.232    0.298  0.98501  *
* 164)    8.919   (  0, 82)        0.106  0.00028    0.232    0.298  0.98501  *
* 167)    9.132   ( 84,  0)        0.070  0.00127    0.427    0.651  0.98537  *
* 168)    9.132   (  0, 84)        0.070  0.00127    0.427    0.651  0.98537  *
* 169)    9.599   (  0, 85)        0.038  0.00042    0.909    0.394  0.98606  *
* 170)    9.599   ( 85,  0)        0.038  0.00042    0.909    0.394  0.98606  *
* 171)    9.617   ( 86,  0)        0.248  0.00048    0.926    0.422  0.98609  *
* 172)    9.617   (  0, 86)        0.248  0.00048    0.926    0.422  0.98609  *
* 173)    9.930   ( 87,  0)       -0.008  0.00126    1.223    0.704  0.98653  *
* 174)    9.930   (  0, 87)       -0.008  0.00126    1.223    0.704  0.98653  *
*                                                                             *
*1900)   TOTAL=  ( 950, 950)                                                  *
*                                                                             *
*******************************************************************************

*******************************************************************************
*                                                                             *
*  SINGLE-PARTICLE PROPERTIES: CANONICAL                           NEUTRONS   *
*                                                                             *
*******************************************************************************
*                                                                             *
*  NO)   ENERGY   (S=+,S=-)   | N,nz,lz,OMEz>   <P>    <JY>    <SY>   GFACT   *
*                                                                             *
*  41)  -11.701   ( 41,---)   | 8, 5, 3, 7/2>     0   0.000   0.000   0.094   *
*  42)  -11.313   ( 42,---)   |12,10, 0, 1/2>     0  -0.344  -0.443   1.286   *
*  43)  -11.085   ( 43,---)   |10, 7, 3, 7/2>     0  -0.000  -0.000   0.001   *
*  44)  -10.922   ( 44,---)   | 7, 3, 4, 9/2>     0  -0.000  -0.000   0.001   *
*  45)  -10.894   ( 45,---)   |10,10, 0, 1/2>    26  -0.813  -0.340   0.418   *
*  46)   -9.956   ( 46,---)   | 6, 4, 2, 3/2>     0   0.000  -0.000  -0.097   *
*  47)   -9.276   ( 47,---)   | 1, 0, 1, 3/2>   -15  -0.000  -0.000   0.400   *
*  48)   -9.203   ( 48,---)   | 3, 2, 1, 1/2>   -20   0.173  -0.200  -1.155   *
*  49)   -9.019   ( 49,---)   | 1, 0, 1, 1/2>     3  -0.178  -0.206   1.153   *
*  50)   -8.845   ( 50,---)   |14,12, 2, 5/2>     0   0.000   0.000   1.248   *
*  51)   -8.123   ( 51,---)   |17,17, 0, 1/2>   -32  -1.418  -0.390   0.275   *
*  52)   -7.743   ( 52,---)   | 9, 6, 1, 3/2>    -2  -0.000   0.000  -0.265   *
*  53)   -7.234   ( 53,---)   | 7, 3, 2, 5/2>     3  -0.000  -0.000   1.240   *
*  54)   -6.864   ( 54,---)   | 2, 1, 1, 3/2>   -12  -0.000   0.000  -0.750   *
*  55)   -6.725   ( 55,---)   | 9, 7, 2, 3/2>     2  -0.000  -0.000   1.047   *
*  56)   -6.402   ( 56,---)   |10, 9, 1, 3/2>    -1  -0.000   0.000  -0.256   *
*  57)   -6.278   ( 57,---)   | 9, 6, 1, 1/2>   -12  -1.285  -0.292   0.227   *
*  58)   -6.213   ( 58,---)   |10, 7, 1, 1/2>     7   0.142  -0.076  -0.536   *
*  59)   -5.625   ( 59,---)   | 4, 1, 1, 1/2>    19  -0.508  -0.269   0.529   *
*  60)   -5.460   ( 60,---)   |10, 8, 2, 5/2>     5   0.000  -0.000  -0.487   *
*  61)   -5.068   ( 61,---)   |14,12, 0, 1/2>     0  -0.095  -0.343   3.624   *
*  62)   -5.053   ( 62,---)   | 7, 3, 0, 1/2>     0   0.449  -0.367  -0.818   *
*  63)   -4.479   ( 63,---)   | 8, 5, 3, 5/2>     1  -0.000  -0.000   0.703   *
*  64)   -4.465   ( 64,---)   | 7, 4, 3, 7/2>     0  -0.000  -0.000   0.083   *
*  65)   -4.141   ( 65,---)   |10, 7, 3, 5/2>     0   0.000  -0.000  -0.195   *
*  66)   -3.780   ( 66,---)   |10, 7, 3, 7/2>     0   0.000  -0.000  -0.015   *
*  67)   -3.621   ( 67,---)   | 7, 3, 4, 7/2>     0   0.000  -0.000  -0.206   *
*  68)   -3.528   ( 68,---)   | 7, 3, 2, 3/2>    -3  -0.000  -0.000   0.222   *
*  69)   -3.376   ( 69,---)   | 1, 0, 1, 1/2>   -11   0.029  -0.171  -5.842   *
*  70)   -2.858   ( 70,---)   | 5, 3, 2, 3/2>     0  -0.000   0.000  -0.197   *
*  71)   -2.734   ( 71,---)   | 1, 0, 1, 3/2>     5   0.000   0.000   0.159   *
*  72)   -2.383   ( 72,---)   | 9, 5, 4, 9/2>    -1  -0.000  -0.000   0.103   *
*  73)   -1.741   ( 73,---)   | 8, 3, 5,11/2>     0   0.000   0.000   0.004   *
*  74)   -1.539   ( 74,---)   |18,18, 0, 1/2>    18  -0.412  -0.283   0.687   *
*  75)   -1.417   ( 75,---)   |16,14, 2, 5/2>     0   0.000   0.000  2.E+01   *
*  76)   -1.164   ( 76,---)   | 1, 0, 1, 1/2>   -27  -0.848  -0.250   0.295   *
*  77)   -0.227   ( 77,---)   |13,10, 1, 3/2>     0   0.000   0.000   0.447   *
*                                                                             *
*******************************************************************************

*******************************************************************************
*                                                                             *
*  HFB PAIRING PROPERTIES                                           NEUTRONS  *
*                                                                             *
*  STRENGTH= 0.0565   GAP= 0.3437   FERMI ENERGY= -8.8177   ENERGY=  -2.0906  *
*                                                                             *
*******************************************************************************

*******************************************************************************
*                                                                             *
*  MULTIPOLE MOMENTS [UNITS:  (10 FERMI)^LAMBDA]                    NEUTRONS  *
*                                                                             *
*******************************************************************************
*                                                                             *
*  Q00 = 98.0000  .............  .............  .............  .............  *
*                                                                             *
*  Q10 =  8.2344  Q11 =    ZERO  .............  .............  .............  *
*                                                                             *
*  Q20 =165.0668  Q21 =    ZERO  Q22 = 6.5E-06  .............  .............  *
*                                                                             *
*  Q30 = 34.4165  Q31 =    ZERO  Q32 =-2.9E-06  Q33 =    ZERO  .............  *
*                                                                             *
*  Q40 = 85.9164  Q41 =    ZERO  Q42 = 5.7E-06  Q43 =    ZERO  Q44 = 8.5E-09  *
*                                                                             *
*******************************************************************************

*******************************************************************************
*                                                                             *
*  ROOT-MEAN-SQUARE AND GEOMETRIC SIZES IN FERMIS                   NEUTRONS  *
*                                                                             *
*  R_RMS =  9.9527     X_RMS =  2.2240    Y_RMS =  2.2240    Z_RMS =  9.4427  *
*                                                                             *
*  R_GEO = 12.8489     X_GEO =  4.9730    Y_GEO =  4.9730    Z_GEO = 21.1144  *
*                                                                             *
*******************************************************************************

*******************************************************************************
*                                                                             *
*  BOHR DEFORMATIONS (FIRST-ORDER APPROXIMATION)                    NEUTRONS  *
*                                                                             *
*******************************************************************************
*                                                                             *
*  B10 =  0.1338  B11 =    ZERO  .............  .............  .............  *
*                                                                             *
*  B20 =  1.3479  B21 =    ZERO  B22 = 5.3E-08  .............  .............  *
*                                                                             *
*  B30 =  0.6935  B31 =    ZERO  B32 =-8.3E-08  B33 =    ZERO  .............  *
*                                                                             *
*  B40 =  1.3473  B41 =    ZERO  B42 = 1.3E-07  B43 =    ZERO  B44 = 1.9E-10  *
*                                                                             *
*******************************************************************************
*                                                                             *
*  BOHR DENSITY = 0.0110 FM^(-3)  BOHR RADIUS =  12.8489 FM                   *
*                                                                             *
*******************************************************************************

*******************************************************************************
*                                                                             *
*  SINGLE-QUASIPARTICLE PROPERTIES:                                 PROTONS   *
*                                                                             *
*******************************************************************************
*                                                                             *
*  NO)   ENERGY   (S=+,S=-)       PARITY   V2QUAP   EEQUIV   DEQUIV   V_CORR  *
*                                                                             *
*  37)    9.955   ( 19,  0)        0.179  0.99820  -14.321    0.843  0.99998  *
*  38)    9.955   (  0, 19)        0.179  0.99820  -14.321    0.843  0.99998  *
*  39)    9.515   ( 20,  0)       -0.000  0.99931  -13.904    0.501  0.99999  *
*  40)    9.515   (  0, 20)       -0.000  0.99931  -13.904    0.501  0.99999  *
*  41)    8.544   (  0, 21)       -0.031  0.94569  -12.017    3.872  0.99931  *
*  42)    8.544   ( 21,  0)       -0.031  0.94569  -12.017    3.872  0.99931  *
*  43)    7.497   ( 22,  0)       -0.007  0.99906  -11.884    0.458  0.99999  *
*  44)    7.497   (  0, 22)       -0.007  0.99906  -11.884    0.458  0.99999  *
*  45)    7.256   (  0, 23)        0.001  0.99778  -11.625    0.683  0.99997  *
*  46)    7.256   ( 23,  0)        0.001  0.99778  -11.625    0.683  0.99997  *
*  47)    6.759   (  0, 24)       -0.087  0.99257  -11.060    1.161  0.99988  *
*  48)    6.759   ( 24,  0)       -0.087  0.99257  -11.060    1.161  0.99988  *
*  49)    6.447   (  0, 25)       -0.000  0.99812  -10.824    0.558  0.99997  *
*  50)    6.447   ( 25,  0)       -0.000  0.99812  -10.824    0.558  0.99997  *
*  51)    5.787   ( 26,  0)       -0.007  0.99688  -10.153    0.645  0.99994  *
*  52)    5.787   (  0, 26)       -0.007  0.99688  -10.153    0.645  0.99994  *
*  53)    5.439   ( 27,  0)        0.216  0.99790   -9.818    0.497  0.99996  *
*  54)    5.439   (  0, 27)        0.216  0.99790   -9.818    0.497  0.99996  *
*  55)    5.228   (  0, 28)       -0.001  0.99791   -9.608    0.478  0.99996  *
*  56)    5.228   ( 28,  0)       -0.001  0.99791   -9.608    0.478  0.99996  *
*  57)    4.372   (  0, 29)       -0.245  0.99656   -8.743    0.512  0.99991  *
*  58)    4.372   ( 29,  0)       -0.245  0.99656   -8.743    0.512  0.99991  *
*  59)    3.890   ( 30,  0)        0.248  0.99560   -8.258    0.515  0.99987  *
*  60)    3.890   (  0, 30)        0.248  0.99560   -8.258    0.515  0.99987  *
*  61)    3.721   (  0, 31)        0.000  0.99542   -8.088    0.502  0.99986  *
*  62)    3.721   ( 31,  0)        0.000  0.99542   -8.088    0.502  0.99986  *
*  63)    3.471   ( 32,  0)       -0.042  0.99286   -7.823    0.584  0.99977  *
*  64)    3.471   (  0, 32)       -0.042  0.99286   -7.823    0.584  0.99977  *
*  65)    2.338   (  0, 33)       -0.172  0.98789   -6.683    0.511  0.99941  *
*  66)    2.338   ( 33,  0)       -0.172  0.98789   -6.683    0.511  0.99941  *
*  67)    1.920   (  0, 34)       -0.036  0.98081   -6.248    0.527  0.99885  *
*  68)    1.920   ( 34,  0)       -0.036  0.98081   -6.248    0.527  0.99885  *
*  69)    1.866   (  0, 35)        0.001  0.97826   -6.187    0.544  0.99865  *
*  70)    1.866   ( 35,  0)        0.001  0.97826   -6.187    0.544  0.99865  *
*  71)    1.111   (  0, 36)       -0.009  0.93896   -5.377    0.532  0.99333  *
*  72)    1.111   ( 36,  0)       -0.009  0.93896   -5.377    0.532  0.99333  *
*  73)    0.980   (  0, 37)       -0.081  0.94165   -5.267    0.459  0.99262  *
*  74)    0.980   ( 37,  0)       -0.081  0.94165   -5.267    0.459  0.99262  *
*  75)    0.847   ( 38,  0)       -0.062  0.89591   -5.072    0.517  0.98464  *
*  76)    0.847   (  0, 38)       -0.062  0.89591   -5.072    0.517  0.98464  *
*  77)    0.559   ( 39,  0)       -0.084  0.67895   -4.602    0.522  0.93106  *
*  78)    0.559   (  0, 39)       -0.084  0.67895   -4.602    0.522  0.93106  *
*  79)    0.467   ( 40,  0)       -0.004  0.46482   -4.369    0.466  0.87643  *
*  80)    0.467   (  0, 40)       -0.004  0.46482   -4.369    0.466  0.87643  *
*  81)    0.603   (  0, 41)        0.013  0.31206   -4.175    0.559  0.88454  *
*  82)    0.603   ( 41,  0)        0.013  0.31206   -4.175    0.559  0.88454  *
*  83)    0.808   (  0, 42)        0.001  0.06697   -3.702    0.404  0.88962  *
*  84)    0.808   ( 42,  0)        0.001  0.06697   -3.702    0.404  0.88962  *
*  85)    1.383   ( 43,  0)       -0.006  0.02559   -3.090    0.437  0.93020  *
*  86)    1.383   (  0, 43)       -0.006  0.02559   -3.090    0.437  0.93020  *
*  87)    1.469   (  0, 44)       -0.000  0.03513   -3.036    0.541  0.93458  *
*  88)    1.469   ( 44,  0)       -0.000  0.03513   -3.036    0.541  0.93458  *
*  89)    1.702   (  0, 45)        0.331  0.02085   -2.771    0.486  0.94232  *
*  90)    1.702   ( 45,  0)        0.331  0.02085   -2.771    0.486  0.94232  *
*  91)    2.166   ( 46,  0)        0.001  0.01571   -2.304    0.539  0.95391  *
*  92)    2.166   (  0, 46)        0.001  0.01571   -2.304    0.539  0.95391  *
*  93)    2.974   ( 47,  0)        0.000  0.00579   -1.462    0.451  0.96571  *
*  94)    2.974   (  0, 47)        0.000  0.00579   -1.462    0.451  0.96571  *
*  95)    3.000   ( 48,  0)       -0.108  0.00629   -1.439    0.474  0.96601  *
*  96)    3.000   (  0, 48)       -0.108  0.00629   -1.439    0.474  0.96601  *
*  97)    3.625   (  0, 49)       -0.114  0.00509   -0.814    0.516  0.97167  *
*  98)    3.625   ( 49,  0)       -0.114  0.00509   -0.814    0.516  0.97167  *
*  99)    3.791   (  0, 50)       -0.002  0.00545   -0.652    0.558  0.97289  *
* 100)    3.791   ( 50,  0)       -0.002  0.00545   -0.652    0.558  0.97289  *
* 101)    5.006   (  0, 51)       -0.002  0.00150    0.590    0.387  0.97926  *
* 102)    5.006   ( 51,  0)       -0.002  0.00150    0.590    0.387  0.97926  *
* 103)    5.275   (  0, 52)       -0.448  0.00213    0.851    0.486  0.98031  *
* 104)    5.275   ( 52,  0)       -0.448  0.00213    0.851    0.486  0.98031  *
* 105)    5.865   ( 53,  0)       -0.145  0.00141    1.447    0.441  0.98224  *
* 106)    5.865   (  0, 53)       -0.145  0.00141    1.447    0.441  0.98224  *
* 107)    6.245   (  0, 54)       -0.031  0.00174    1.821    0.520  0.98331  *
* 108)    6.245   ( 54,  0)       -0.031  0.00174    1.821    0.520  0.98331  *
* 109)    6.397   ( 55,  0)       -0.012  0.00165    1.974    0.519  0.98370  *
* 110)    6.397   (  0, 55)       -0.012  0.00165    1.974    0.519  0.98370  *
* 111)    6.842   ( 56,  0)       -0.043  0.00542    2.367    1.005  0.98480  *
* 112)    6.842   (  0, 56)       -0.043  0.00542    2.367    1.005  0.98480  *
* 113)    6.829   ( 57,  0)        0.010  0.00159    2.406    0.544  0.98471  *
* 114)    6.829   (  0, 57)        0.010  0.00159    2.406    0.544  0.98471  *
* 115)    6.917   ( 58,  0)       -0.041  0.00321    2.471    0.782  0.98493  *
* 116)    6.917   (  0, 58)       -0.041  0.00321    2.471    0.782  0.98493  *
* 117)    7.105   (  0, 59)        0.000  0.00076    2.693    0.392  0.98529  *
* 118)    7.105   ( 59,  0)        0.000  0.00076    2.693    0.392  0.98529  *
* 119)    7.117   ( 60,  0)        0.003  0.00091    2.703    0.430  0.98531  *
* 120)    7.117   (  0, 60)        0.003  0.00091    2.703    0.430  0.98531  *
* 121)    7.232   (  0, 61)        0.068  0.00115    2.814    0.491  0.98555  *
* 122)    7.232   ( 61,  0)        0.068  0.00115    2.814    0.491  0.98555  *
* 123)    8.542   ( 62,  0)       -0.102  0.05360    3.224    3.848  0.98836  *
* 124)    8.542   (  0, 62)       -0.102  0.05360    3.224    3.848  0.98836  *
* 125)    7.822   ( 63,  0)       -0.000  0.00145    3.398    0.595  0.98662  *
* 126)    7.822   (  0, 63)       -0.000  0.00145    3.398    0.595  0.98662  *
* 127)    7.880   (  0, 64)        0.236  0.00090    3.464    0.473  0.98671  *
* 128)    7.880   ( 64,  0)        0.236  0.00090    3.464    0.473  0.98671  *
* 129)    8.548   ( 65,  0)        0.000  0.00094    4.130    0.525  0.98774  *
* 130)    8.548   (  0, 65)        0.000  0.00094    4.130    0.525  0.98774  *
* 131)    8.592   (  0, 66)        0.017  0.00095    4.174    0.528  0.98780  *
* 132)    8.592   ( 66,  0)        0.017  0.00095    4.174    0.528  0.98780  *
* 133)    9.237   (  0, 67)       -0.033  0.00061    4.824    0.457  0.98864  *
* 134)    9.237   ( 67,  0)       -0.033  0.00061    4.824    0.457  0.98864  *
* 135)    9.283   (  0, 68)        0.103  0.00110    4.861    0.615  0.98870  *
* 136)    9.283   ( 68,  0)        0.103  0.00110    4.861    0.615  0.98870  *
* 137)    9.363   ( 69,  0)        0.007  0.00063    4.950    0.472  0.98879  *
* 138)    9.363   (  0, 69)        0.007  0.00063    4.950    0.472  0.98879  *
* 139)    9.718   ( 70,  0)       -0.002  0.00077    5.302    0.538  0.98920  *
* 140)    9.718   (  0, 70)       -0.002  0.00077    5.302    0.538  0.98920  *
*                                                                             *
*1610)   TOTAL=  ( 805, 805)                                                  *
*                                                                             *
*******************************************************************************

*******************************************************************************
*                                                                             *
*  SINGLE-PARTICLE PROPERTIES: CANONICAL                            PROTONS   *
*                                                                             *
*******************************************************************************
*                                                                             *
*  NO)   ENERGY   (S=+,S=-)   | N,nz,lz,OMEz>   <P>    <JY>    <SY>   GFACT   *
*                                                                             *
*  22)  -11.924   ( 22,---)   | 4, 3, 1, 3/2>     0   0.000   0.000   2.516   *
*  23)  -11.643   ( 23,---)   | 7, 5, 2, 5/2>     0   0.000  -0.000  -3.079   *
*  24)  -10.884   ( 24,---)   | 9, 7, 0, 1/2>   -20  -0.716  -0.471   0.658   *
*  25)  -10.825   ( 25,---)   | 6, 3, 3, 7/2>     0  -0.000  -0.000   0.001   *
*  26)  -10.775   ( 26,---)   | 1, 1, 0, 1/2>   -26  -1.160  -0.340   0.293   *
*  27)  -10.377   ( 27,---)   | 8, 7, 1, 1/2>    42  -0.781  -0.199   0.255   *
*  28)   -9.615   ( 28,---)   | 9, 7, 2, 3/2>     0   0.000   0.000   0.035   *
*  29)   -8.730   ( 29,---)   | 7, 6, 1, 1/2>   -20   0.207  -0.204  -0.984   *
*  30)   -8.381   ( 30,---)   | 1, 0, 1, 1/2>    13   0.163  -0.307  -1.881   *
*  31)   -8.104   ( 31,---)   | 6, 4, 2, 5/2>     0   0.000   0.000   0.991   *
*  32)   -7.831   ( 32,---)   | 8, 6, 2, 3/2>    -4  -0.000  -0.000   6.359   *
*  33)   -6.693   ( 33,---)   | 9, 9, 0, 1/2>   -18  -1.021  -0.442   0.433   *
*  34)   -6.251   ( 34,---)   | 6, 3, 1, 3/2>    -2   0.000  -0.000  -1.137   *
*  35)   -6.187   ( 35,---)   | 6, 3, 3, 5/2>     0   0.000  -0.000  -0.200   *
*  36)   -5.341   ( 36,---)   |10, 9, 1, 3/2>     0  -0.000  -0.000   6.141   *
*  37)   -5.306   ( 37,---)   | 9, 8, 1, 3/2>   -10   0.000  -0.000  -0.528   *
*  38)   -5.073   ( 38,---)   | 6, 3, 1, 1/2>    -6  -0.168  -0.112   0.670   *
*  39)   -4.605   ( 39,---)   | 6, 3, 1, 1/2>    -7  -1.273  -0.254   0.200   *
*  40)   -4.366   ( 40,---)   |12,10, 0, 1/2>    -1  -0.318  -0.465   1.461   *
*  41)   -4.174   ( 41,---)   | 9, 7, 2, 5/2>     1   0.000  -0.000  -0.966   *
*  42)   -3.696   ( 42,---)   |10, 7, 3, 7/2>     0   0.000   0.000   0.008   *
*  43)   -3.072   ( 43,---)   | 6, 4, 2, 3/2>     0  -0.000   0.000  -2.546   *
*  44)   -3.022   ( 44,---)   | 8, 5, 3, 7/2>     0  -0.000  -0.000   0.097   *
*  45)   -2.731   ( 45,---)   |10, 9, 1, 1/2>    35  -0.784  -0.272   0.347   *
*  46)   -2.272   ( 46,---)   | 7, 3, 4, 9/2>     0   0.000  -0.000  -0.163   *
*  47)   -1.391   ( 47,---)   |14,12, 2, 5/2>     0  -0.000  -0.000   0.183   *
*  48)   -1.216   ( 48,---)   | 3, 2, 1, 1/2>   -16   0.468  -0.189  -0.404   *
*  49)   -0.796   ( 49,---)   | 1, 0, 1, 1/2>     4  -0.179  -0.264   1.471   *
*  50)   -0.464   ( 50,---)   | 9, 7, 2, 3/2>   -13  -0.000  -0.000   0.545   *
*                                                                             *
*******************************************************************************

*******************************************************************************
*                                                                             *
*  HFB PAIRING PROPERTIES                                            PROTONS  *
*                                                                             *
*  STRENGTH= 0.0676   GAP= 0.4984   FERMI ENERGY= -4.5077   ENERGY=  -3.6725  *
*                                                                             *
*******************************************************************************

*******************************************************************************
*                                                                             *
*  MULTIPOLE MOMENTS [UNITS:  (10 FERMI)^LAMBDA]                     PROTONS  *
*                                                                             *
*******************************************************************************
*                                                                             *
*  Q00 = 78.0000  .............  .............  .............  .............  *
*                                                                             *
*  Q10 =  6.4974  Q11 =    ZERO  .............  .............  .............  *
*                                                                             *
*  Q20 =132.8762  Q21 =    ZERO  Q22 = 7.8E-06  .............  .............  *
*                                                                             *
*  Q30 = 27.8510  Q31 =    ZERO  Q32 =-5.2E-06  Q33 =    ZERO  .............  *
*                                                                             *
*  Q40 = 69.8366  Q41 =    ZERO  Q42 = 6.8E-06  Q43 =    ZERO  Q44 = 1.0E-08  *
*                                                                             *
*******************************************************************************

*******************************************************************************
*                                                                             *
*  ROOT-MEAN-SQUARE AND GEOMETRIC SIZES IN FERMIS                    PROTONS  *
*                                                                             *
*  R_RMS =  9.9638     X_RMS =  2.1679    Y_RMS =  2.1679    Z_RMS =  9.4803  *
*                                                                             *
*  R_GEO = 12.8632     X_GEO =  4.8476    Y_GEO =  4.8476    Z_GEO = 21.1987  *
*                                                                             *
*******************************************************************************

*******************************************************************************
*                                                                             *
*  BOHR DEFORMATIONS (FIRST-ORDER APPROXIMATION)                     PROTONS  *
*                                                                             *
*******************************************************************************
*                                                                             *
*  B10 =  0.1325  B11 =    ZERO  .............  .............  .............  *
*                                                                             *
*  B20 =  1.3602  B21 =    ZERO  B22 = 8.0E-08  .............  .............  *
*                                                                             *
*  B30 =  0.7027  B31 =    ZERO  B32 =-1.8E-07  B33 =    ZERO  .............  *
*                                                                             *
*  B40 =  1.3699  B41 =    ZERO  B42 = 1.9E-07  B43 =    ZERO  B44 = 2.8E-10  *
*                                                                             *
*******************************************************************************
*                                                                             *
*  BOHR DENSITY = 0.0087 FM^(-3)  BOHR RADIUS =  12.8632 FM                   *
*                                                                             *
*******************************************************************************

*******************************************************************************
*                                                                             *
*                  DENSITY INTEGRALS IN THE SKYRME FUNCTIONAL                 *
*                                                                             *
*******************************************************************************
*                                                                             *
*                   TOTAL(T)        SUM(S)      ISOSCALAR(P)  ISOVECTOR(M)    *
*                   --------        ------      ------------  ------------    *
*    DRHO_ =       19.755706      9.975100         19.755706      0.194493    *
*    DRHOD =        9.137648      4.611576          9.137648      0.085504    *
*    DLPR_ =       -5.356665     -2.698459         -5.356665     -0.040253    *
*    DTAU_ =       17.067743      8.668914         17.067743      0.270085    *
*    DSCU_ =        0.153375      0.092995          0.153375      0.032616    *
*    DDIV_ =        1.086519      0.555858          1.086519      0.025198    *
*                                                                             *
*    DSPI_ =        0.000000      0.000000          0.000000      0.000000    *
*    DSPID =        0.000000      0.000000          0.000000      0.000000    *
*    DLPS_ =        0.000000      0.000000          0.000000      0.000000    *
*    DCUR_ =        0.000000      0.000000          0.000000      0.000000    *
*    DKIS_ =        0.000000      0.000000          0.000000      0.000000    *
*    DROT_ =        0.000000      0.000000          0.000000      0.000000    *
*                                                                             *
*******************************************************************************

*******************************************************************************
*                                                                             *
*               CONTRIBUTIONS TO ENERGY IN THE SKYRME FUNCTIONAL              *
*                                                                             *
*******************************************************************************
*                                                                             *
*                 TOTAL(T)        SUM(S)        ISOSCALAR(P)  ISOVECTOR(M)    *
*                 --------        ------        ------------  ------------    *
*    ERHO_ =   -17662.788362   5369.751638     -12345.386121     52.349398    *
*    ERHOD =     9212.701510  -2339.747322       6894.645119    -21.690931    *
*    ELPR_ =     -526.749310    776.805714        244.262650      5.793754    *
*    ETAU_ =      565.899164   -418.461794        153.956075     -6.518704    *
*    ESCU_ =        0.000000      0.000000          0.000000      0.000000    *
*    EDIV_ =      -23.940186    -57.712050        -80.344155     -1.308081    *
*               ============  ============      ============  ============    *
*    SUM EVEN:  -8434.877183   3330.636186      -5132.866432     28.625436    *
*                                                                             *
*    ESPI_ =        0.000000      0.000000          0.000000      0.000000    *
*    ESPID =        0.000000      0.000000          0.000000      0.000000    *
*    ELPS_ =        0.000000      0.000000          0.000000      0.000000    *
*    ECUR_ =        0.000000      0.000000          0.000000      0.000000    *
*    EKIS_ =        0.000000      0.000000          0.000000      0.000000    *
*    EROT_ =        0.000000      0.000000          0.000000      0.000000    *
*               ============  ============      ============  ============    *
*    SUM  ODD:      0.000000      0.000000          0.000000      0.000000    *
*                                                                             *
*******************************************************************************
 
*******************************************************************************
*                                                                             *
*  CENTER-OF-MASS COORDINATES IN FERMIS                                TOTAL  *
*                                                                             *
*  R_CMS =  0.8370     X_CMS = -0.0000    Y_CMS =  0.0000    Z_CMS =  0.8370  *
*                                                                             *
*******************************************************************************

*******************************************************************************
*                                                                             *
*  MULTIPOLE MOMENTS [UNITS:  (10 FERMI)^LAMBDA] [CENT-MASS FRAME]  NEUTRONS  *
*                                                                             *
*******************************************************************************
*                                                                             *
*  Q00 = 98.0000  .............  .............  .............  .............  *
*                                                                             *
*  Q10 =  0.0314  Q11 =    ZERO  .............  .............  .............  *
*                                                                             *
*  Q20 =163.6831  Q21 =    ZERO  Q22 = 6.5E-06  .............  .............  *
*                                                                             *
*  Q30 = 19.0346  Q31 =    ZERO  Q32 =-3.2E-06  Q33 =    ZERO  .............  *
*                                                                             *
*  Q40 = 75.7743  Q41 =    ZERO  Q42 = 6.7E-06  Q43 =    ZERO  Q44 = 8.5E-09  *
*                                                                             *
*******************************************************************************

*******************************************************************************
*                                                                             *
*  BOHR DEFORMATIONS (FIRST-ORDER APPROXIMATION) [CENT-MASS FRAME]  NEUTRONS  *
*                                                                             *
*******************************************************************************
*                                                                             *
*  B10 = 5.6E-04  B11 =    ZERO  .............  .............  .............  *
*                                                                             *
*  B20 =  1.5781  B21 =    ZERO  B22 = 6.3E-08  .............  .............  *
*                                                                             *
*  B30 =  0.4921  B31 =    ZERO  B32 =-1.2E-07  B33 =    ZERO  .............  *
*                                                                             *
*  B40 =  1.6566  B41 =    ZERO  B42 = 2.1E-07  B43 =    ZERO  B44 = 2.6E-10  *
*                                                                             *
*******************************************************************************
*                                                                             *
*  BOHR DENSITY = 0.0142 FM^(-3)  BOHR RADIUS =  11.8247 FM                   *
*                                                                             *
*******************************************************************************

*******************************************************************************
*                                                                             *
*  MULTIPOLE MOMENTS [UNITS:  (10 FERMI)^LAMBDA] [CENT-MASS FRAME]   PROTONS  *
*                                                                             *
*******************************************************************************
*                                                                             *
*  Q00 = 78.0000  .............  .............  .............  .............  *
*                                                                             *
*  Q10 = -0.0314  Q11 =    ZERO  .............  .............  .............  *
*                                                                             *
*  Q20 =131.7938  Q21 =    ZERO  Q22 = 7.8E-06  .............  .............  *
*                                                                             *
*  Q30 = 15.4671  Q31 =    ZERO  Q32 =-5.6E-06  Q33 =    ZERO  .............  *
*                                                                             *
*  Q40 = 61.6171  Q41 =    ZERO  Q42 = 8.5E-06  Q43 =    ZERO  Q44 = 1.0E-08  *
*                                                                             *
*******************************************************************************

*******************************************************************************
*                                                                             *
*  BOHR DEFORMATIONS (FIRST-ORDER APPROXIMATION) [CENT-MASS FRAME]   PROTONS  *
*                                                                             *
*******************************************************************************
*                                                                             *
*  B10 =-7.0E-04  B11 =    ZERO  .............  .............  .............  *
*                                                                             *
*  B20 =  1.5911  B21 =    ZERO  B22 = 9.4E-08  .............  .............  *
*                                                                             *
*  B30 =  0.4999  B31 =    ZERO  B32 =-2.5E-07  B33 =    ZERO  .............  *
*                                                                             *
*  B40 =  1.6812  B41 =    ZERO  B42 = 3.3E-07  B43 =    ZERO  B44 = 4.0E-10  *
*                                                                             *
*******************************************************************************
*                                                                             *
*  BOHR DENSITY = 0.0112 FM^(-3)  BOHR RADIUS =  11.8446 FM                   *
*                                                                             *
*******************************************************************************

*******************************************************************************
*                                                                             *
*  EULER ANGLES OF THE PRINCIPAL-AXES FRAME IN DEGREES                 TOTAL  *
*                                                                             *
*  ALPHA =  0.00000  BETA =  0.00000  GAMMA =  0.00000                        *
*                                                                             *
*******************************************************************************

*******************************************************************************
*                                                                             *
*  ROOT-MEAN-SQUARE AND GEOMETRIC SIZES IN FERMIS                      TOTAL  *
*                                                                             *
*  R_RMS =  9.9576     X_RMS =  2.1993    Y_RMS =  2.1993    Z_RMS =  9.4594  *
*                                                                             *
*  R_GEO = 12.8552     X_GEO =  4.9178    Y_GEO =  4.9178    Z_GEO = 21.1518  *
*                                                                             *
*******************************************************************************

*******************************************************************************
*                                                                             *
*  MULTIPOLE MOMENTS [UNITS:  (10 FERMI)^LAMBDA]                       TOTAL  *
*                                                                             *
*******************************************************************************
*                                                                             *
*  Q00 =176.0000  .............  .............  .............  .............  *
*                                                                             *
*  Q10 = 14.7318  Q11 =    ZERO  .............  .............  .............  *
*                                                                             *
*  Q20 =297.9431  Q21 =    ZERO  Q22 = 1.4E-05  .............  .............  *
*                                                                             *
*  Q30 = 62.2675  Q31 =    ZERO  Q32 =-8.1E-06  Q33 =    ZERO  .............  *
*                                                                             *
*  Q40 =155.7531  Q41 =    ZERO  Q42 = 1.2E-05  Q43 =    ZERO  Q44 = 1.9E-08  *
*                                                                             *
*******************************************************************************

*******************************************************************************
*                                                                             *
*  BOHR DEFORMATIONS (FIRST-ORDER APPROXIMATION)                       TOTAL  *
*                                                                             *
*******************************************************************************
*                                                                             *
*  B10 =  0.1333  B11 =    ZERO  .............  .............  .............  *
*                                                                             *
*  B20 =  1.3533  B21 =    ZERO  B22 = 6.5E-08  .............  .............  *
*                                                                             *
*  B30 =  0.6976  B31 =    ZERO  B32 =-1.3E-07  B33 =    ZERO  .............  *
*                                                                             *
*  B40 =  1.3574  B41 =    ZERO  B42 = 1.5E-07  B43 =    ZERO  B44 = 2.3E-10  *
*                                                                             *
*******************************************************************************
*                                                                             *
*  BOHR DENSITY = 0.0198 FM^(-3)  BOHR RADIUS =  12.8552 FM                   *
*                                                                             *
*******************************************************************************

*******************************************************************************
*                                                                             *
*  MULTIPOLE MOMENTS [UNITS:  (10 FERMI)^LAMBDA] [CENT-MASS FRAME]     TOTAL  *
*                                                                             *
*******************************************************************************
*                                                                             *
*  Q00 =176.0000  .............  .............  .............  .............  *
*                                                                             *
*  Q10 =    ZERO  Q11 =    ZERO  .............  .............  .............  *
*                                                                             *
*  Q20 =295.4769  Q21 =    ZERO  Q22 = 1.4E-05  .............  .............  *
*                                                                             *
*  Q30 = 34.5018  Q31 =    ZERO  Q32 =-8.8E-06  Q33 =    ZERO  .............  *
*                                                                             *
*  Q40 =137.3915  Q41 =    ZERO  Q42 = 1.5E-05  Q43 =    ZERO  Q44 = 1.9E-08  *
*                                                                             *
*******************************************************************************

*******************************************************************************
*                                                                             *
*  BOHR DEFORMATIONS (FIRST-ORDER APPROXIMATION) [CENT-MASS FRAME]     TOTAL  *
*                                                                             *
*******************************************************************************
*                                                                             *
*  B10 =    ZERO  B11 =    ZERO  .............  .............  .............  *
*                                                                             *
*  B20 =  1.5839  B21 =    ZERO  B22 = 7.7E-08  .............  .............  *
*                                                                             *
*  B30 =  0.4955  B31 =    ZERO  B32 =-1.8E-07  B33 =    ZERO  .............  *
*                                                                             *
*  B40 =  1.6676  B41 =    ZERO  B42 = 2.6E-07  B43 =    ZERO  B44 = 3.2E-10  *
*                                                                             *
*******************************************************************************
*                                                                             *
*  BOHR DENSITY = 0.0254 FM^(-3)  BOHR RADIUS =  11.8335 FM                   *
*                                                                             *
*******************************************************************************

*******************************************************************************
*                                                                             *
*  MULTIPOLE MOMENTS [UNITS:  (10 FERMI)^LAMBDA] [INTRINSIC FRAME]     TOTAL  *
*                                                                             *
*  REAL PART  FOR A NON-NEGATIVE PROJECTION                                   *
*  IMAGINARY PART FOR A NEGATIVE PROJECTION                                   *
*                                                                             *
*******************************************************************************
*                                                                             *
*  Q00 =176.0000  .............  .............  .............  .............  *
*                 .............  .............  .............  .............  *
*                                                                             *
*  Q10 =    ZERO  Q1+1=    ZERO  .............  .............  .............  *
*                 Q1-1=    ZERO  .............  .............  .............  *
*                                                                             *
*  Q20 =295.4769  Q2+1=    ZERO  Q2+2= 1.4E-05  .............  .............  *
*                 Q2-1=    ZERO  Q2-2=    ZERO  .............  .............  *
*                                                                             *
*  Q30 = 34.5018  Q3+1=    ZERO  Q3+2=-8.8E-06  Q3+3=    ZERO  .............  *
*                 Q3-1=    ZERO  Q3-2=    ZERO  Q3-3=    ZERO  .............  *
*                                                                             *
*  Q40 =137.3915  Q4+1=    ZERO  Q4+2= 1.5E-05  Q4+3=    ZERO  Q4+4= 1.9E-08  *
*                 Q4-1=    ZERO  Q4-2=    ZERO  Q4-3=    ZERO  Q4-4=    ZERO  *
*                                                                             *
*******************************************************************************

*******************************************************************************
*                                                                             *
*  BOHR DEFORMATIONS (FIRST-ORDER APPROXIMATION) [INTRINSIC FRAME]     TOTAL  *
*                                                                             *
*  REAL PART  FOR A NON-NEGATIVE PROJECTION                                   *
*  IMAGINARY PART FOR A NEGATIVE PROJECTION                                   *
*                                                                             *
*******************************************************************************
*                                                                             *
*  B10 =    ZERO  B1+1=    ZERO  .............  .............  .............  *
*                 B1-1=    ZERO  .............  .............  .............  *
*                                                                             *
*  B20 =  1.5839  B2+1=    ZERO  B2+2= 7.7E-08  .............  .............  *
*                 B2-1=    ZERO  B2-2=    ZERO  .............  .............  *
*                                                                             *
*  B30 =  0.4955  B3+1=    ZERO  B3+2=-1.8E-07  B3+3=    ZERO  .............  *
*                 B3-1=    ZERO  B3-2=    ZERO  B3-3=    ZERO  .............  *
*                                                                             *
*  B40 =  1.6676  B4+1=    ZERO  B4+2= 2.6E-07  B4+3=    ZERO  B4+4= 3.2E-10  *
*                 B4-1=    ZERO  B4-2=    ZERO  B4-3=    ZERO  B4-4=    ZERO  *
*                                                                             *
*******************************************************************************
*                                                                             *
*  BOHR DENSITY = 0.0254 FM^(-3)  BOHR RADIUS =  11.8335 FM                   *
*                                                                             *
*******************************************************************************

*******************************************************************************
*                                                                             *
*                                ENERGIES (MEV)                               *
*                                                                             *
*******************************************************************************
*                                                                             *
*  KINETIC: (NEU)=  1831.816374    (PRO)=  1321.685122    (TOT)=  3153.501497 *
*  SUM EPS: (NEU)= -1993.302785    (PRO)= -1158.477279    (TOT)= -3151.780064 *
*  PAIRING: (NEU)=    -2.090645    (PRO)=    -3.672547    (TOT)=    -5.763192 *
*  P-REARR: (NEU)=     0.511575    (PRO)=     0.994624    (TOT)=     1.506199 *
*                                                                             *
*  PAIRGAP: (NEU)=     0.343667    (PRO)=     0.498432    THIS SPACE IS EMPTY *
*  E-FERMI: (NEU)=    -8.817714    (PRO)=    -4.507693    AND AWAITS  YOUR AD *
*                                                                             *
*  COULOMB: (DIR)=   610.362123    (EXC)=   -29.852622    (TOT)=   580.509501 *
*                                                                             *
*  CONSTR. (MULT)=    23.318836    SLOPE=    95.165356    CORR.=   -47.582678 *
*  CONSTR. (SURF)=     0.000000    SLOPE=     0.000000    CORR.=     0.000000 *
*  CONSTR. (SPIN)=     0.000000    SLOPE=     0.000000    CORR.=     0.000000 *
*  CONSTR. (ISOS)=     0.000000    SLOPE=     0.000000    CORR.=     0.000000 *
*                                                                             *
*  REARRANGEMENT ENERGY FROM THE SKYRME DENSITY-DEPENDENT TERMS=  1294.109622 *
*  ROUTHIAN= TOTAL ENERGY + MULTIPOLE AND (ISO)SPIN CONSTRAINTS= -1352.674354 *
*                                                                             *
*  SPIN-ORB (EVE)=   -81.652236    (ODD)=     0.000000    (TOT)=   -81.652236 *
*  SKYRME:  (EVE)= -5104.240996    (ODD)=     0.000000    (TOT)= -5104.240996 *
*                                                                             *
*  TOTAL:  (STAB)=   113.106698     (SP)= -1262.886493    (FUN)= -1375.993190 *
*                                                                             *
*******************************************************************************

*******************************************************************************
*                                                                             *
*  ITERATION RESTARTED FROM THE DISC, THE FOLLOWING FILE(S) READ:             *
*  ./restart/HFODD_00000006.REC                                        VER=19 *
*                                                                             *
*******************************************************************************
*                                                                             *
* CONVERGENCE REPORT                                                          *
*                                                                             *
*******************************************************************************
*                                                                             *
* ITER     ENERGY     STABILITY    Q_2    GAMMA   SPIN  OMEGA   ANGLE   EPAIR *
*                                                                             *
* 2482 -1375.993190  113.106698 295.477    0.00   0.00  0.000   0.000   -5.76 *
* 2483 -1327.301497    6.910906 320.669    0.00   0.00  0.000   0.000   -3.97 *
* 2484 -1363.178817   33.141483 301.921    0.00   0.00  0.000   0.000   -8.10 *
* 2485 -1334.176918   60.094633 321.133    0.00   0.00  0.000   0.000   -5.39 *
* 2486 -1333.772528  106.074559 326.273    0.00   0.00  0.000   0.000   -6.52 *
* 2487 -1235.480952  109.210875 389.757    0.00   0.00  0.000   0.000   -4.09 *
* 2488 -1264.457858   75.761064 383.247    0.00   0.00  0.000   0.000   -7.65 *
* 2489 -1269.590804  127.374259 383.938    0.00   0.00  0.000   0.000   -9.25 *
* 2490 -1210.317519  117.232198 406.260    0.00   0.00  0.000   0.000   -6.03 *
* 2491 -1236.982999   71.250715 394.799    0.00   0.00  0.000   0.000  -11.28 *
* 2492 -1277.647791   41.786027 385.683    0.00   0.00  0.000   0.000  -11.84 *
* 2493 -1280.582737  535.764940 382.313    0.00   0.00  0.000   0.000  -10.92 *
* 2494  -920.874161  718.005566 406.409    0.00   0.00  0.000   0.000   -1.76 *
* 2495  -982.092740  507.234329 421.963    0.00   0.00  0.000   0.000  -18.71 *
* 2496 -1008.062069    2.38E+03 399.121    0.00   0.00  0.000   0.000   -8.68 *
* 2497  -638.755700    4.43E+03 256.035    0.00   0.00  0.000   0.000   -0.88 *
* 2498  -342.786634  631.298329  57.197    0.00   0.00  0.000   0.000   -1.28 *
* 2499  -600.600950 -666.815486 328.983    0.00   0.00  0.000   0.000  -60.87 *
* 2500 -1274.495366    2.89E+03 642.465    0.00   0.00  0.000   0.000 -199.89 *
* 2501  -448.560022  894.135434 201.243    0.00   0.00  0.000   0.000   -1.65 *
* 2502  -696.099026    4.54E+03 344.739    0.00   0.00  0.000   0.000  -71.45 *
* 2503  -295.340220   -4.22E+03  41.667    0.01   0.00  0.000   0.000   -1.46 *
* 2504 -1237.121575    1.22E+03 467.017    0.00   0.00  0.000   0.000 -519.12 *
* 2505   843.933045   -4.13E+04  26.939    0.00   0.00  0.000   0.000   -0.01 *
* 2506  4440.276753   -1.96E+04  72.751    0.00   0.00  0.000   0.000 -162.17 *
* 2507  1185.307705    1.68E+04 290.570    0.00   0.00  0.000   0.000 -214.12 *

 //////////////////// MAXIMUM NUMBER OF ITERATIONS       ////////////////////
 //////////////////// EXCEEDED IN QUABCS                 ////////////////////

*******************************************************************************
*                                                                             *
*  PROCESSOR   EXECUTION  TIMES IN SUBROUTINES                                *
*  INCLUDING THEIR COMPLETE DOWN-CALLING TREES                                *
*                                                                             *
*******************************************************************************
*                                                                             *
*     9233 => HFODD    5250 => DENSHF   1603 => DIAMAT   1459 => HFBSIM       *
*                                                                             *
*     1159 => QMULCM    527 => PAIMAC    357 => CANQUA    190 => RECORD       *
*                                                                             *
*      129 => AVEQUA     52 => DENMAC     50 => INTEGH     46 => INTSOR       *
*                                                                             *
*       43 => INTEGD     24 => MOMETS     23 => INTMUL     22 => DOBROY       *
*                                                                             *
*       14 => SKFILD     14 => BEGINC     11 => INTMAS     11 => ROTAVR       *
*                                                                             *
*       10 => LINAVR      8 => COUMAT      8 => INTCOU      7 => SPAVER       *
*                                                                             *
*        5 => INTCEN      5 => AVOBSE      3 => NILASP      3 => SKPAIR       *
*                                                                             *
*        2 => POWALL      2 => AVANGY      0 => INTKIN      0 => AVPARI       *
*                                                                             *
*        0 => QUABCS      0 => SHICOE      0 => PAXMOM      0 => AVSIMP       *
*                                                                             *
*        0 => MAGMOM      0 => MOMVMU      0 => SHIMOM      0 => MOMSIF       *
*                                                                             *
*        0 => SPIMOM      0 => SHISIF      0 => SHIMAG                        *
*                                                                             *
*******************************************************************************
*                                                                             *
*  NUMBERS OF CALLS TO SUBROUTINES                                            *
*                                                                             *
*******************************************************************************
*                                                                             *
*     1193 => BEGINC    994 => INTMUL    318 => INTSOR    131 => DIAMAT       *
*                                                                             *
*      106 => INTMAS    106 => INTCEN    105 => INTKIN    104 => AVEQUA       *
*                                                                             *
*       78 => PAXMOM     53 => INTEGH     53 => INTEGD     53 => HFBSIM       *
*                                                                             *
*       53 => QUABCS     52 => CANQUA     52 => AVPARI     52 => DENSHF       *
*                                                                             *
*       52 => DENMAC     52 => PAIMAC     52 => MOMETS     52 => MOMSIF       *
*                                                                             *
*       52 => MOMVMU     52 => MAGMOM     52 => SPIMOM     52 => LINAVR       *
*                                                                             *
*       52 => ROTAVR     52 => SHICOE     27 => RECORD     27 => COUMAT       *
*                                                                             *
*       27 => INTCOU     26 => QMULCM     26 => SKFILD     26 => SKPAIR       *
*                                                                             *
*       26 => DOBROY     26 => SHIMOM     26 => SHISIF     26 => SHIMAG       *
*                                                                             *
*       14 => SPAVER      2 => AVANGY      2 => AVOBSE      2 => AVSIMP       *
*                                                                             *
*        2 => NILASP      1 => HFODD       1 => POWALL                        *
*                                                                             *
*******************************************************************************
*                                                                             *
*  EXECUTION ENDS ON 2016.08.25 AT 10:42:32.202                               *
*                                                                             *
*******************************************************************************
