*******************************************************************************
*                                                                             *
*                     P A R A L L E L    M O D E L                            *
*                                                                             *
*  SIMPLE MPI FRAMEWORK (1 COMMUNICATOR)    :  1 MPI PROCESS per HFODD TASK   *
*  MULTI-THREADING FRAMEWORK WITH OPENMP   :  4 THREADS per HFODD MPI PROCESS *
*                                                                             *
*******************************************************************************
*                                                                             *
*                        __  __ _____  ___   ____   ____                      *
*                       / / / // ___/.' _ \ / __ \ / __ \                     *
*                      / /_/ // /_  / / / // / / // / / /                     *
*                     / __  // __/ / / / // / / // / / /                      *
*                    / / / // /   / /_/ // /_/ // /_/ /                       *
*                   /_/ /_//_/    \___.'/____.'/____.'                        *
*                                                                             *
*                                                                             *
*******************************************************************************
*                                                                             *
*             SKYRME-HARTREE-FOCK-BOGOLYUBOV CODE VERSION: 2.77B              *
*                                                                             *
*              NO SYMMETRY-PLANES AND NO TIME-REVERSAL SYMMETRY               *
*                                                                             *
*                DEFORMED CARTESIAN HARMONIC-OSCILLATOR BASIS                 *
*                                                                             *
*******************************************************************************
*                                                                             *
*             J. DOBACZEWSKI, P. BACZYK, B.G. CARLSSON, J. DUDEK              *
*                 J. ENGEL, Y. GAO, M. KONIECZKA, T. LESINSKI                 *
*                 J. MCDONNELL, P. OLBRATOWSKI, P. POWALOWSKI                 *
*                  M. SADZIAK, J. SARICH, K. SATO, W. SATULA                  *
*             N. SCHUNCK,  J.A. SHEIKH, A. STASZCZAK, M. STOITSOV             *
*             P. TOIVANEN, X.B. WANG, M. ZALEWSKI AND H. ZDUNCZUK             *
*                                                                             *
*                   INSTYTUT FIZYKI TEORETYCZNEJ, WARSZAWA                    *
*                 LAWRENCE LIVERMORE NATIONAL LABORATORY, USA                 *
*                                                                             *
*                                  1993-2016                                  *
*                                                                             *
*******************************************************************************

*******************************************************************************
*                                                                             *
*  CODE COMPILED WITH THE FOLLOWING ARRAY DIMENSIONS AND SWITCHES:            *
*                                                                             *
*******************************************************************************
*                                                                             *
*  NDBASE = 1200  NDSTAT = 1200  NDXHRM =   40  NDYHRM =   40  NDZHRM =   64  *
*                                                                             *
*  NDMAIN =   30  NDMULT =    9  NDMULR =    4  NDLAMB =    9  NDITER = 5000  *
*                                                                             *
*  NDAKNO =    1  NDBKNO =    1  NDPROI =    2  NDCOUL =   80  NDPOLS =   25  *
*                                                                             *
*  NDATKN =   20  NDBTKN =   10  NDPROT =    1  NDPROD =    3                 *
*                                                                             *
*  IPARAL =    0  IPARAT =    0  I_CRAY =    0                                *
*                                                                             *
*                                                                             *
*  PRE-PROCESSOR OPTIONS:                                                     *
*                                                                             *
*       switch_port = 1     switch_diag = 3     switch_essl = 0               *
*                                                                             *
*                           switch_quad = 0     switch_vect = 1               *
*                                                                             *
*******************************************************************************
*                                                                             *
*  EXECUTION BEGINS ON 2016.09.06 AT 12:59:14.803                             *
*                                                                             *
*******************************************************************************
 
*******************************************************************************
*                                                                             *
*  CLASSICAL NUCLEAR SURFACE DEFINED FOR:                    N = 98   Z = 78  *
*                                                                             *
*******************************************************************************
*                                                                             *
*  AL10 =   ZERO  AL11 =   ZERO  .............  .............  .............  *
*                                                                             *
*  AL20 =  0.559  AL21 =   ZERO  AL22 =   ZERO  .............  .............  *
*                                                                             *
*******************************************************************************
*                                                                             *
*                                           HOMEGA=  7.5261  FCHOM0=  1.0287  *
*                                                                             *
*  OSCILLATOR FREQUENCIES: HBAROX=  8.8884  HBAROY=  8.8884  HBAROZ=  5.3958  *
*                                                                             *
*  MOMENTS OF INERTIA:     XMOMFC=107.8190  YMOMFC=107.8190  ZMOMFC= 58.0684  *
*                                                                             *
*  CENTERS OF MASS:        CMSXFC= -0.0000  CMSYFC= -0.0000  CMSZFC= -0.0000  *
*                                                                             *
*******************************************************************************

*******************************************************************************
*                                                                             *
*                           SKYRME FORCE DEFINITION                           *
*                                                                             *
*******************************************************************************
*                                                                             *
* PARAMETER SET HFB1:  T0= -1666.41  T1=   255.23  T2=  1521.28  T3= 12072.51 *
*                                                                             *
* POWER=0.37658031358  X0=  0.14608  X1= -4.82248  X2= -1.35211  X3=  0.00432 *
*                                                                             *
* IETA: J=0  W=1 CM=3  M=1  P=1  T=0 HBM= 20.73553 W0=  44.0677 W0P= 207.6502 *
*                                                                             *
*******************************************************************************

*******************************************************************************
*                                                                             *
*              COUPLING CONSTANTS DEFINING THE SKYRME FUNCTIONAL              *
*                                                                             *
*******************************************************************************
*                                                                             *
*                   TOTAL(T)        SUM(S)      ISOSCALAR(P)  ISOVECTOR(M)    *
*                   --------        ------      ------------  ------------    *
*    CRHO_ =     -894.060074    538.315575       -624.902286    269.157788    *
*    CRHOD =     1008.213640   -507.363897        754.531691   -253.681949    *
*    CLPR_ =       98.335311   -287.870148        -45.599763   -143.935074    *
*    CTAU_ =       33.156062    -48.271535          9.020295    -24.135768    *
*    CSCU_ =        0.000000      0.000000          0.000000      0.000000    *
*    CDIV_ =      -22.033840   -103.825096        -73.946388    -51.912548    *
*                                                                             *
*    CSPI_ =      -60.857026    416.601524        147.443736    208.300762    *
*    CSPID =        2.171385   -503.021127       -249.339179   -251.510564    *
*    CLPS_ =       51.110395     71.467295         86.844042     35.733647    *
*    CCUR_ =      -33.156062     48.271535         -9.020295     24.135768    *
*    CKIS_ =        0.000000      0.000000          0.000000      0.000000    *
*    CROT_ =      -22.033840   -103.825096        -73.946388    -51.912548    *
*                                                                             *
*******************************************************************************

*******************************************************************************
*                                                                             *
*                          NUCLEAR MATTER PROPERTIES                          *
*                                                                             *
*******************************************************************************
*                                                                             *
*     E = -15.8000  rho0 =   0.15625   K =  244.6682   Ms =    0.9364         *
*                   asym =  28.66820   L =   40.1091   Mv =    1.2498         *
*                                                                             *
*******************************************************************************

*******************************************************************************
*                                                                             *
*  PHYSICAL CONSTANTS:     H_BARC=197.32891000           HBCOE2=137.03602000  *
*                                                                             *
*                          XMASSN=938.90590000           XMASSP=938.27231000  *
*                                                                             *
*                          HBMASS= 20.73553000           HBMRPA= 20.73553000  *
*                                                                             *
*                          ECHAR2=  1.43997841           COULEX= -1.06350868  *
*                                                                             *
*******************************************************************************
*                                                                             *
*  OSCILLATOR LENGTHS:     X= 2.1600712      Y= 2.1600712       Z= 2.7723699  *
*                                                                             *
*  OSCILLATOR CONSTANTS:   X= 0.4629477      Y= 0.4629477       Z= 0.3607022  *
*                                                                             *
*  OSCILLATOR FREQUENCIES: X= 8.8883923      Y= 8.8883923       Z= 5.3958148  *
*                                                                             *
*******************************************************************************
*                                                                             *
*  BASIS CUT-OFF CONTROL PARAMETERS:  NXMAXX = 14  NYMAXX = 14  NZMAXX =  24  *
*                                                                             *
*                                     NXHERM = 36  NYHERM = 36  NZHERM =  60  *
*                                                                             *
*                                     NLIMIT=1140  LDBASE=1149  MCOUNT=29791  *
*                                                                             *
*                                     ENECUT= 800.0000      ELIMIT= 143.3229  *
*                                                                             *
*******************************************************************************

*******************************************************************************
*                                                                             *
*   SHAPE OF THE OSCILLATOR-BASIS DIAMOND    (THREE CONSECUTIVE PROJECTIONS)  *
*                                                                             *
*******************************************************************************
*                                                                             *
*        NX ===>>>  0  1  2  3  4  5  6  7  8  9 10 11 12 13 14               *
*        MAX.NY => 14 13 12 11 10  9  8  7  6  5  4  3  2  1  0               *
*                 ---------------------------------------------               *
*   NY= 0  (14)  | 24 22 21 19 17 16 14 12 11  9  7  6  4  3  1               *
*   NY= 1  (13)  | 22 21 19 17 16 14 12 11  9  7  6  4  3  1                  *
*   NY= 2  (12)  | 21 19 17 16 14 12 11  9  7  6  4  3  1                     *
*   NY= 3  (11)  | 19 17 16 14 12 11  9  7  6  4  3  1                        *
*   NY= 4  (10)  | 17 16 14 12 11  9  7  6  4  3  1                           *
*   NY= 5  ( 9)  | 16 14 12 11  9  7  6  4  3  1                              *
*   NY= 6  ( 8)  | 14 12 11  9  7  6  4  3  1                                 *
*   NY= 7  ( 7)  | 12 11  9  7  6  4  3  1                                    *
*   NY= 8  ( 6)  | 11  9  7  6  4  3  1                                       *
*   NY= 9  ( 5)  |  9  7  6  4  3  1                                          *
*   NY=10  ( 4)  |  7  6  4  3  1                                             *
*   NY=11  ( 3)  |  6  4  3  1                                                *
*   NY=12  ( 2)  |  4  3  1                                                   *
*   NY=13  ( 1)  |  3  1                                                      *
*   NY=14  ( 0)  |  1                                                         *
*                                                                             *
*                                                                             *
*        NZ ===>>>  0  1  2  3  4  5  6  7  8  9 10 11 12 13 14 15 16 17 18   *
*        MAX.NY => 14 14 13 13 12 11 11 10  9  9  8  8  7  6  6  5  5  4  3   *
*                 ---------------------------------------------------------   *
*   NY= 0  (24)  | 14 14 13 13 12 11 11 10  9  9  8  8  7  6  6  5  5  4  3   *
*   NY= 1  (22)  | 13 13 12 12 11 10 10  9  8  8  7  7  6  5  5  4  4  3  2   *
*   NY= 2  (21)  | 12 12 11 11 10  9  9  8  7  7  6  6  5  4  4  3  3  2  1   *
*   NY= 3  (19)  | 11 11 10 10  9  8  8  7  6  6  5  5  4  3  3  2  2  1  0   *
*   NY= 4  (17)  | 10 10  9  9  8  7  7  6  5  5  4  4  3  2  2  1  1  0      *
*   NY= 5  (16)  |  9  9  8  8  7  6  6  5  4  4  3  3  2  1  1  0  0         *
*   NY= 6  (14)  |  8  8  7  7  6  5  5  4  3  3  2  2  1  0  0               *
*   NY= 7  (12)  |  7  7  6  6  5  4  4  3  2  2  1  1  0                     *
*   NY= 8  (11)  |  6  6  5  5  4  3  3  2  1  1  0  0                        *
*   NY= 9  ( 9)  |  5  5  4  4  3  2  2  1  0  0                              *
*   NY=10  ( 7)  |  4  4  3  3  2  1  1  0                                    *
*   NY=11  ( 6)  |  3  3  2  2  1  0  0                                       *
*   NY=12  ( 4)  |  2  2  1  1  0                                             *
*   NY=13  ( 3)  |  1  1  0  0                                                *
*   NY=14  ( 1)  |  0  0                                                      *
*                                                                             *
*                                                                             *
*        NZ ===>>>  0  1  2  3  4  5  6  7  8  9 10 11 12 13 14 15 16 17 18   *
*        MAX.NX => 14 14 13 13 12 11 11 10  9  9  8  8  7  6  6  5  5  4  3   *
*                 ---------------------------------------------------------   *
*   NX= 0  (24)  | 14 14 13 13 12 11 11 10  9  9  8  8  7  6  6  5  5  4  3   *
*   NX= 1  (22)  | 13 13 12 12 11 10 10  9  8  8  7  7  6  5  5  4  4  3  2   *
*   NX= 2  (21)  | 12 12 11 11 10  9  9  8  7  7  6  6  5  4  4  3  3  2  1   *
*   NX= 3  (19)  | 11 11 10 10  9  8  8  7  6  6  5  5  4  3  3  2  2  1  0   *
*   NX= 4  (17)  | 10 10  9  9  8  7  7  6  5  5  4  4  3  2  2  1  1  0      *
*   NX= 5  (16)  |  9  9  8  8  7  6  6  5  4  4  3  3  2  1  1  0  0         *
*   NX= 6  (14)  |  8  8  7  7  6  5  5  4  3  3  2  2  1  0  0               *
*   NX= 7  (12)  |  7  7  6  6  5  4  4  3  2  2  1  1  0                     *
*   NX= 8  (11)  |  6  6  5  5  4  3  3  2  1  1  0  0                        *
*   NX= 9  ( 9)  |  5  5  4  4  3  2  2  1  0  0                              *
*   NX=10  ( 7)  |  4  4  3  3  2  1  1  0                                    *
*   NX=11  ( 6)  |  3  3  2  2  1  0  0                                       *
*   NX=12  ( 4)  |  2  2  1  1  0                                             *
*   NX=13  ( 3)  |  1  1  0  0                                                *
*   NX=14  ( 1)  |  0  0                                                      *
*                                                                             *
*******************************************************************************

*******************************************************************************
*                                                                             *
* NUCLIDE: N =  98  Z =  78  NUMBER OF ITERATIONS = 1000   CONTINUATION? = 1  *
*                                                                             *
*******************************************************************************
*                                                                             *
* ITERATIONS WILL STOP WHEN THE STABILITY BECOMES LOWER THAN EPSITE=0.300000  *
*                                            FOR    5 CONSECUTIVE ITERATIONS  *
*                                                                             *
*******************************************************************************
*                                                                             *
* ITERATIONS WILL STOP WHEN THE PING-PONG DIVERGENCE OCCURS FOR EPSPNG=0.010  *
*                                DURING    5 PAIRS OF CONSECUTIVE ITERATIONS  *
*                                                                             *
*******************************************************************************
*                                                                             *
* ITERATIONS WILL STOP FOR CHAOTIC-DIVERGENCE CONDITION OCCURING   20  TIMES  *
*                                                                             *
*******************************************************************************
*                                                                             *
* SLOW-DOWN PARAMETERS:                                                       *
* TIME-EVEN = 0.85   TIME-ODD = 0.85   PAIRING = 0.85   LIPKIN-NOGAMI = 0.85  *
*                    LIP-MASS = 0.50   LIP-MOI = 0.50   LIPKIN-METHOD = 0.50  *
*                                                                             *
*******************************************************************************
*                                                                             *
* BROYDEN METHOD IS:  ON                                                      *
*                                                                             *
*    TRIGGERED ONLY WHEN STABILITY IS LOWER THAN :  1000.000 MEV              *
*    INITIAL SLOWING FACTOR (BEFORE TRIGGER)     :     0.85 (=SLOWEV)         *
*    BROYDEN SLOWING FACTOR (AFTER  TRIGGER)     :     0.40 (=1-ALPHAM)       *
*    NUMBER OF ITERATIONS RETAINED IN MEMORY     :    10                      *
*                                                                             *
*******************************************************************************
*                                                                             *
* DIRECT COULOMB TERMS SOLVED BY GREEN FUNCTION AND FOURIER TRANSFORM METHOD  *
* COULOMB PARAMETERS:  NUMCOU = 80  NUMETA = 79  BOUCOU = 20.0  FURMAX =0.25  *
*                                                                             *
*******************************************************************************
*                                                                             *
* EXCHANGE COULOMB TERMS TREATED BY THE SLATER APPROXIMATION                  *
*                                                                             *
*******************************************************************************
*                                                                             *
* MAXIMUM NUMBERS OF MULTIPOLE MOMENTS USED FOR THE CONSTRAINTS,    NMUCON=4  *
*                                           FOR THE COULOMB FIELD,  NMUCOU=4  *
*                                           FOR THE OUTPUT INFO,    NMUPRI=4  *
*                                                                             *
*******************************************************************************
*                                                                             *
* MULTIPOLE CONSTRAINTS: LAMBDA= 2  MIU= 0  MOMENT=125.000  STIFFNESS= 0.500  *
*                        LAMBDA= 3  MIU= 0  MOMENT= 54.000  STIFFNESS= 0.500  *
*                                                                             *
*******************************************************************************
*                                                                             *
* LINEAR MULTIPOLE CONSTRAINTS: LAMBDA= 2  MIU= 0  LAGRANGE PAR. USED= 0.000  *
*                               LAMBDA= 3  MIU= 0  LAGRANGE PAR. USED= 0.000  *
*                                                                             *
*******************************************************************************
*                                                                             *
* THE LAGRANGE PARAMETERS OF THE LINEAR CONSTRAINTS ARE RE-ADJUSTED AT EACH   *
* ITERATION BY USING THE CRANKING APPROXIMATION OF THE RPA MATRIX             *
*                                                                             *
*******************************************************************************
*                                                                             *
* PRINTING THE RESULTS FOR THE FOLLOWING ITERATIONS:         THE  FIRST: YES  *
*                                                            THE MIDDLE:  NO  *
*                                                     AND/OR THE   LAST: YES  *
*                                                                             *
*******************************************************************************
*                                                                             *
* PRINTING THE MOMENTS, RADII, AND DEFORMATIONS FOR:           NEUTRONS: YES  *
*                                                              PROTONS : YES  *
*                                                              MASS    : YES  *
*                                                                             *
*******************************************************************************
*                                                                             *
* PRINTING THE MOMENTS, MOMENTA AND DEFORMATIONS IN THE INTRINSIC FRAME: YES  *
*                                                                             *
*******************************************************************************
*                                                                             *
* NILSSON LABELS OF SINGLE-PARTICLE STATES SHOWN WITH RESPECT TO THE: Z-AXIS  *
*                                                                             *
*******************************************************************************
*                                                                             *
* CALCULATIONS WITH THE HFB PAIRING CORRELATIONS                              *
*                                                                             *
*******************************************************************************
*                                                                             *
* CONTACT PAIRING INTERACTION:     V0        V1       RHO-SAT      POWER      *
*                    NEUTRONS:  -234.380   732.438     0.320     1.0000000    *
*                     PROTONS:  -260.437   813.866     0.320     1.0000000    *
*                                                                             *
*******************************************************************************
*                                                                             *
* CUTOFF ENERGY DEFINING THE ACTIVE HFB PAIRING SPACE=      60.000            *
*                                                                             *
*******************************************************************************
*                                                                             *
* CALCULATIONS WITH SIMPLEX SYMMETRY                                          *
*                                                                             *
*******************************************************************************
*                                                                             *
* CALCULATIONS WITH TIME-ODD SYMMETRIES:        T*SIMPLEX_X =>     CONSERVED  *
*                                               T*SIMPLEX_Y =>     CONSERVED  *
*                                               T*SIMPLEX_Z => NON CONSERVED  *
*                                                                             *
*******************************************************************************
*                                                                             *
* CALCULATIONS WITHOUT ROTATION                                               *
*                                                                             *
*******************************************************************************

*******************************************************************************
*                                                                             *
*  CALLING SUBROUTINE "RECORD" TO READ THE REPLAY FILE OBTAINED PREVIOUSLY    *
*  ./restart/HFODD_00000065.REC                                               *
*                                                                             *
*******************************************************************************

*******************************************************************************
*                                                                             *
*  SINGLE-QUASIPARTICLE PROPERTIES:                                NEUTRONS   *
*                                                                             *
*******************************************************************************
*                                                                             *
*  NO)   ENERGY   (S=+,S=-)       PARITY   V2QUAP   EEQUIV   DEQUIV   V_CORR  *
*                                                                             *
*  51)    9.917   ( 26,  0)       -0.828  0.99913  -19.467    0.583  0.99988  *
*  52)    9.917   (  0, 26)       -0.828  0.99913  -19.467    0.583  0.99988  *
*  53)    9.497   (  0, 27)        0.218  0.99888  -19.043    0.635  0.99983  *
*  54)    9.497   ( 27,  0)        0.218  0.99888  -19.043    0.635  0.99983  *
*  55)    9.291   ( 28,  0)        0.439  0.99832  -18.828    0.761  0.99974  *
*  56)    9.291   (  0, 28)        0.439  0.99832  -18.828    0.761  0.99974  *
*  57)    8.668   ( 29,  0)        0.347  0.99081  -18.077    1.654  0.99846  *
*  58)    8.668   (  0, 29)        0.347  0.99081  -18.077    1.654  0.99846  *
*  59)    8.513   ( 30,  0)        0.431  0.99912  -18.065    0.504  0.99985  *
*  60)    8.513   (  0, 30)        0.431  0.99912  -18.065    0.504  0.99985  *
*  61)    7.391   (  0, 31)       -0.317  0.99827  -16.933    0.614  0.99964  *
*  62)    7.391   ( 31,  0)       -0.317  0.99827  -16.933    0.614  0.99964  *
*  63)    6.949   (  0, 32)       -0.393  0.99805  -16.489    0.612  0.99957  *
*  64)    6.949   ( 32,  0)       -0.393  0.99805  -16.489    0.612  0.99957  *
*  65)    6.851   ( 33,  0)       -0.179  0.99821  -16.394    0.579  0.99959  *
*  66)    6.851   (  0, 33)       -0.179  0.99821  -16.394    0.579  0.99959  *
*  67)    6.538   (  0, 34)       -0.598  0.99824  -16.083    0.548  0.99957  *
*  68)    6.538   ( 34,  0)       -0.598  0.99824  -16.083    0.548  0.99957  *
*  69)    6.807   ( 35,  0)       -0.259  0.96235  -15.862    2.592  0.99154  *
*  70)    6.807   (  0, 35)       -0.259  0.96235  -15.862    2.592  0.99154  *
*  71)    6.329   ( 36,  0)        0.671  0.99231  -15.799    1.106  0.99806  *
*  72)    6.329   (  0, 36)        0.671  0.99231  -15.799    1.106  0.99806  *
*  73)    6.137   ( 37,  0)       -0.430  0.99780  -15.677    0.575  0.99942  *
*  74)    6.137   (  0, 37)       -0.430  0.99780  -15.677    0.575  0.99942  *
*  77)    5.505   (  0, 39)       -0.544  0.99783  -15.049    0.512  0.99933  *
*  78)    5.505   ( 39,  0)       -0.544  0.99783  -15.049    0.512  0.99933  *
*  79)    4.652   (  0, 40)       -0.280  0.99593  -14.181    0.592  0.99840  *
*  80)    4.652   ( 40,  0)       -0.280  0.99593  -14.181    0.592  0.99840  *
*  81)    4.120   (  0, 41)       -0.133  0.99677  -13.660    0.468  0.99846  *
*  82)    4.120   ( 41,  0)       -0.133  0.99677  -13.660    0.468  0.99846  *
*  83)    3.669   (  0, 42)       -0.238  0.99551  -13.204    0.490  0.99742  *
*  84)    3.669   ( 42,  0)       -0.238  0.99551  -13.204    0.490  0.99742  *
*  85)    3.132   ( 43,  0)        0.252  0.99524  -12.669    0.431  0.99634  *
*  86)    3.132   (  0, 43)        0.252  0.99524  -12.669    0.431  0.99634  *
*  87)    2.685   (  0, 44)        0.493  0.99261  -12.213    0.460  0.99224  *
*  88)    2.685   ( 44,  0)        0.493  0.99261  -12.213    0.460  0.99224  *
*  89)    3.077   ( 45,  0)        0.331  0.91367  -12.114    1.729  0.94215  *
*  90)    3.077   (  0, 45)        0.331  0.91367  -12.114    1.729  0.94215  *
*  91)    2.516   (  0, 46)       -0.630  0.98659  -12.016    0.579  0.98402  *
*  92)    2.516   ( 46,  0)       -0.630  0.98659  -12.016    0.579  0.98402  *
*  93)    2.544   (  0, 47)       -0.016  0.94180  -11.815    1.191  0.94157  *
*  94)    2.544   ( 47,  0)       -0.016  0.94180  -11.815    1.191  0.94157  *
*  95)    1.590   ( 48,  0)       -0.275  0.97347  -11.073    0.511  0.89100  *
*  96)    1.590   (  0, 48)       -0.275  0.97347  -11.073    0.511  0.89100  *
*  97)    1.467   (  0, 49)       -0.144  0.97489  -10.961    0.459  0.85739  *
*  98)    1.467   ( 49,  0)       -0.144  0.97489  -10.961    0.459  0.85739  *
*  99)    1.250   ( 50,  0)        0.253  0.96499  -10.730    0.460  0.71185  *
* 100)    1.250   (  0, 50)        0.253  0.96499  -10.730    0.460  0.71185  *
* 101)    1.191   (  0, 51)        0.699  0.95679  -10.655    0.484  0.65759  *
* 102)    1.191   ( 51,  0)        0.699  0.95679  -10.655    0.484  0.65759  *
* 103)    0.414   ( 52,  0)       -0.364  0.47174   -9.544    0.414  0.24131  *
* 104)    0.414   (  0, 52)       -0.364  0.47174   -9.544    0.414  0.24131  *
* 105)    0.478   ( 53,  0)        0.096  0.27227   -9.350    0.426  0.28367  *
* 106)    0.478   (  0, 53)        0.096  0.27227   -9.350    0.426  0.28367  *
* 107)    0.833   (  0, 54)       -0.139  0.07327   -8.857    0.434  0.41744  *
* 108)    0.833   ( 54,  0)       -0.139  0.07327   -8.857    0.434  0.41744  *
* 109)    1.041   (  0, 55)        0.263  0.03140   -8.592    0.363  0.47187  *
* 110)    1.041   ( 55,  0)        0.263  0.03140   -8.592    0.363  0.47187  *
* 111)    1.187   ( 56,  0)       -0.106  0.03024   -8.453    0.406  0.50485  *
* 112)    1.187   (  0, 56)       -0.106  0.03024   -8.453    0.406  0.50485  *
* 113)    1.697   ( 57,  0)       -0.479  0.01748   -7.930    0.445  0.59291  *
* 114)    1.697   (  0, 57)       -0.479  0.01748   -7.930    0.445  0.59291  *
* 115)    1.853   (  0, 58)        0.417  0.01533   -7.771    0.455  0.61394  *
* 116)    1.853   ( 58,  0)        0.417  0.01533   -7.771    0.455  0.61394  *
* 117)    1.864   ( 59,  0)       -0.279  0.01233   -7.750    0.411  0.61499  *
* 118)    1.864   (  0, 59)       -0.279  0.01233   -7.750    0.411  0.61499  *
* 119)    1.992   (  0, 60)        0.231  0.01484   -7.634    0.482  0.63098  *
* 120)    1.992   ( 60,  0)        0.231  0.01484   -7.634    0.482  0.63098  *
* 121)    2.645   ( 61,  0)        0.050  0.05819   -7.231    1.238  0.69962  *
* 122)    2.645   (  0, 61)        0.050  0.05819   -7.231    1.238  0.69962  *
* 123)    2.446   ( 62,  0)       -0.131  0.01438   -7.191    0.583  0.67756  *
* 124)    2.446   (  0, 62)       -0.131  0.01438   -7.191    0.583  0.67756  *
* 125)    2.435   ( 63,  0)        0.140  0.00525   -7.157    0.352  0.67554  *
* 126)    2.435   (  0, 63)        0.140  0.00525   -7.157    0.352  0.67554  *
* 127)    2.577   ( 64,  0)       -0.809  0.00833   -7.033    0.468  0.68819  *
* 128)    2.577   (  0, 64)       -0.809  0.00833   -7.033    0.468  0.68819  *
* 129)    3.066   (  0, 65)        0.395  0.08181   -7.003    1.681  0.73328  *
* 130)    3.066   ( 65,  0)        0.395  0.08181   -7.003    1.681  0.73328  *
* 131)    3.337   (  0, 66)        0.260  0.00376   -6.255    0.408  0.74037  *
* 132)    3.337   ( 66,  0)        0.260  0.00376   -6.255    0.408  0.74037  *
* 133)    3.707   (  0, 67)        0.011  0.00405   -5.890    0.471  0.76013  *
* 134)    3.707   ( 67,  0)        0.011  0.00405   -5.890    0.471  0.76013  *
* 135)    3.929   ( 68,  0)        0.484  0.00317   -5.663    0.442  0.77049  *
* 136)    3.929   (  0, 68)        0.484  0.00317   -5.663    0.442  0.77049  *
* 137)    5.193   ( 69,  0)        0.324  0.00227   -4.398    0.495  0.81599  *
* 138)    5.193   (  0, 69)        0.324  0.00227   -4.398    0.495  0.81599  *
* 139)    5.342   ( 70,  0)       -0.149  0.00325   -4.260    0.608  0.82031  *
* 140)    5.342   (  0, 70)       -0.149  0.00325   -4.260    0.608  0.82031  *
* 141)    5.615   ( 71,  0)       -0.253  0.00119   -3.966    0.388  0.82733  *
* 142)    5.615   (  0, 71)       -0.253  0.00119   -3.966    0.388  0.82733  *
* 143)    5.724   ( 72,  0)        0.074  0.00202   -3.866    0.515  0.83016  *
* 144)    5.724   (  0, 72)        0.074  0.00202   -3.866    0.515  0.83016  *
* 147)    5.868   ( 74,  0)        0.231  0.00162   -3.718    0.472  0.83359  *
* 148)    5.868   (  0, 74)        0.231  0.00162   -3.718    0.472  0.83359  *
* 149)    6.042   ( 75,  0)        0.549  0.00304   -3.562    0.665  0.83774  *
* 150)    6.042   (  0, 75)        0.549  0.00304   -3.562    0.665  0.83774  *
* 151)    6.623   (  0, 76)       -0.146  0.03738   -3.440    2.513  0.85329  *
* 152)    6.623   ( 76,  0)       -0.146  0.03738   -3.440    2.513  0.85329  *
* 153)    6.212   (  0, 77)        0.277  0.00174   -3.377    0.518  0.84135  *
* 154)    6.212   ( 77,  0)        0.277  0.00174   -3.377    0.518  0.84135  *
* 155)    6.335   ( 78,  0)       -0.527  0.00171   -3.254    0.524  0.84396  *
* 156)    6.335   (  0, 78)       -0.527  0.00171   -3.254    0.524  0.84396  *
* 157)    6.490   (  0, 79)        0.404  0.00593   -3.154    0.997  0.84753  *
* 158)    6.490   ( 79,  0)        0.404  0.00593   -3.154    0.997  0.84753  *
* 159)    6.445   ( 80,  0)       -0.754  0.00183   -3.146    0.551  0.84622  *
* 160)    6.445   (  0, 80)       -0.754  0.00183   -3.146    0.551  0.84622  *
* 161)    7.177   (  0, 81)        0.004  0.00084   -2.403    0.415  0.85961  *
* 162)    7.177   ( 81,  0)        0.004  0.00084   -2.403    0.415  0.85961  *
* 163)    7.862   ( 82,  0)       -0.253  0.00078   -1.718    0.440  0.87025  *
* 164)    7.862   (  0, 82)       -0.253  0.00078   -1.718    0.440  0.87025  *
* 165)    7.995   (  0, 83)        0.293  0.00064   -1.583    0.405  0.87212  *
* 166)    7.995   ( 83,  0)        0.293  0.00064   -1.583    0.405  0.87212  *
* 167)    8.477   (  0, 84)       -0.355  0.00076   -1.103    0.468  0.87852  *
* 168)    8.477   ( 84,  0)       -0.355  0.00076   -1.103    0.468  0.87852  *
* 169)    8.714   (  0, 85)        0.303  0.00887   -1.008    1.634  0.88213  *
* 170)    8.714   ( 85,  0)        0.303  0.00887   -1.008    1.634  0.88213  *
* 171)    8.831   (  0, 86)        0.398  0.00061   -0.747    0.438  0.88281  *
* 172)    8.831   ( 86,  0)        0.398  0.00061   -0.747    0.438  0.88281  *
* 173)    9.084   ( 87,  0)       -0.475  0.00062   -0.494    0.451  0.88570  *
* 174)    9.084   (  0, 87)       -0.475  0.00062   -0.494    0.451  0.88570  *
* 175)    9.495   ( 88,  0)       -0.127  0.00043   -0.080    0.395  0.89009  *
* 176)    9.495   (  0, 88)       -0.127  0.00043   -0.080    0.395  0.89009  *
* 177)    9.662   (  0, 89)       -0.143  0.00080    0.079    0.546  0.89181  *
* 178)    9.662   ( 89,  0)       -0.143  0.00080    0.079    0.546  0.89181  *
*                                                                             *
*1788)   TOTAL=  ( 894, 894)                                                  *
*                                                                             *
*******************************************************************************

*******************************************************************************
*                                                                             *
*  SINGLE-PARTICLE PROPERTIES: CANONICAL                           NEUTRONS   *
*                                                                             *
*******************************************************************************
*                                                                             *
*  NO)   ENERGY   (S=+,S=-)   | N,nz,lz,OMEz>   <P>    <JY>    <SY>   GFACT   *
*                                                                             *
*  48)  -11.081   ( 48,---)   | 3, 0, 3, 5/2>   -27   0.000  -0.000  -0.072   *
*  49)  -10.967   ( 49,---)   | 3, 0, 1, 1/2>   -14   0.220  -0.056  -0.254   *
*  50)  -10.731   ( 50,---)   | 6, 4, 2, 3/2>    25  -0.000   0.000  -0.033   *
*  51)  -10.656   ( 51,---)   | 6, 3, 3, 7/2>    69   0.000  -0.000  -0.115   *
*  52)   -9.543   ( 52,---)   | 5, 2, 1, 3/2>   -36  -0.000  -0.000   0.469   *
*  53)   -9.347   ( 53,---)   | 8, 7, 1, 1/2>     8  -1.679  -0.320   0.191   *
*  54)   -8.849   ( 54,---)   | 7, 6, 1, 1/2>   -13   0.206  -0.167  -0.811   *
*  55)   -8.434   ( 55,---)   | 4, 0, 2, 5/2>    33   0.000   0.000   4.212   *
*  56)   -8.413   ( 56,---)   | 8, 8, 0, 1/2>     2  -0.872  -0.254   0.291   *
*  57)   -7.902   ( 57,---)   | 7, 5, 2, 3/2>   -47   0.000   0.000   0.007   *
*  58)   -7.849   ( 58,---)   | 8, 6, 2, 5/2>    36  -0.000   0.000  -0.263   *
*  59)   -7.658   ( 59,---)   | 5, 2, 1, 1/2>   -32  -0.089  -0.254   2.836   *
*  60)   -7.561   ( 60,---)   | 4, 0, 4, 9/2>    39   0.000   0.000   0.927   *
*  61)   -7.117   ( 61,---)   | 4, 1, 3, 5/2>   -13   0.000   0.000   1.298   *
*  62)   -6.971   ( 62,---)   | 7, 4, 3, 7/2>   -78   0.000  -0.000  -0.009   *
*  63)   -6.919   ( 63,---)   | 4, 0, 0, 1/2>    26  -0.188  -0.453   2.412   *
*  64)   -6.775   ( 64,---)   | 6, 3, 1, 3/2>    68  -0.000  -0.000   2.618   *
*  65)   -6.305   ( 65,---)   | 4, 0, 2, 3/2>    35   0.000  -0.000  -1.833   *
*  66)   -6.089   ( 66,---)   | 4, 0, 4, 7/2>    33  -0.000  -0.000   1.035   *
*  67)   -5.756   ( 67,---)   | 8, 7, 1, 3/2>     9  -0.000  -0.000   0.089   *
*  68)   -5.412   ( 68,---)   | 6, 3, 1, 1/2>    67   0.138  -0.089  -0.643   *
*  69)   -4.111   ( 69,---)   | 6, 3, 3, 5/2>    58   0.000   0.000   0.148   *
*  70)   -3.999   ( 70,---)   | 8, 6, 0, 1/2>    10  -1.358  -0.286   0.210   *
*  71)   -3.555   ( 71,---)   | 8, 7, 1, 1/2>    18   0.218  -0.220  -1.010   *
*  72)   -3.531   ( 72,---)   | 5, 0, 5,11/2>   -34   0.000  -0.000  -0.009   *
*  73)   -3.409   ( 73,---)   | 5, 1, 4, 9/2>    -2   0.000   0.000   0.735   *
*  74)   -3.102   ( 74,---)   | 8, 6, 2, 3/2>    32  -0.000   0.000  -0.344   *
*  75)   -2.982   ( 75,---)   | 8, 6, 2, 5/2>   -23   0.000  -0.000  -0.115   *
*  76)   -2.642   ( 76,---)   | 8, 5, 3, 7/2>    71  -0.000  -0.000   0.149   *
*  77)   -2.576   ( 77,---)   | 9, 9, 0, 1/2>   -40  -1.717  -0.407   0.237   *
*  78)   -2.569   ( 78,---)   | 4, 0, 2, 5/2>    40   0.000   0.000   0.664   *
*  79)   -2.464   ( 79,---)   | 7, 4, 1, 3/2>   -66  -0.000  -0.000   0.759   *
*  80)   -1.039   ( 80,---)   | 7, 4, 1, 1/2>   -54   0.345  -0.088  -0.256   *
*  81)   -0.658   ( 81,---)   | 4, 0, 0, 1/2>    26  -0.105  -0.439   4.161   *
*  82)   -0.541   ( 82,---)   | 7, 3, 4, 9/2>   -48   0.000   0.000   0.273   *
*  83)   -0.246   ( 83,---)   | 9, 8, 1, 3/2>   -28  -0.000  -0.000   0.033   *
*  84)   -0.153   ( 84,---)   | 4, 0, 2, 3/2>    29  -0.000  -0.000   0.097   *
*                                                                             *
*******************************************************************************

*******************************************************************************
*                                                                             *
*  HFB PAIRING PROPERTIES                                           NEUTRONS  *
*                                                                             *
*  STRENGTH= 0.1023   GAP=-0.4525   FERMI ENERGY=-10.7403   ENERGY=  -2.0014  *
*                                                                             *
*******************************************************************************

*******************************************************************************
*                                                                             *
*  MULTIPOLE MOMENTS [UNITS:  (10 FERMI)^LAMBDA]                    NEUTRONS  *
*                                                                             *
*******************************************************************************
*                                                                             *
*  Q00 = 98.0000  .............  .............  .............  .............  *
*                                                                             *
*  Q10 =  1.9745  Q11 =    ZERO  .............  .............  .............  *
*                                                                             *
*  Q20 = 55.7398  Q21 =    ZERO  Q22 =-2.6E-06  .............  .............  *
*                                                                             *
*  Q30 =  5.9975  Q31 =    ZERO  Q32 = 1.4E-07  Q33 =    ZERO  .............  *
*                                                                             *
*  Q40 = 12.4903  Q41 =    ZERO  Q42 = 9.5E-07  Q43 =    ZERO  Q44 =-2.6E-07  *
*                                                                             *
*******************************************************************************

*******************************************************************************
*                                                                             *
*  ROOT-MEAN-SQUARE AND GEOMETRIC SIZES IN FERMIS                   NEUTRONS  *
*                                                                             *
*  R_RMS =  6.7238     X_RMS =  2.3644    Y_RMS =  2.3644    Z_RMS =  5.8334  *
*                                                                             *
*  R_GEO =  8.6804     X_GEO =  5.2869    Y_GEO =  5.2869    Z_GEO = 13.0440  *
*                                                                             *
*******************************************************************************

*******************************************************************************
*                                                                             *
*  BOHR DEFORMATIONS (FIRST-ORDER APPROXIMATION)                    NEUTRONS  *
*                                                                             *
*******************************************************************************
*                                                                             *
*  B10 =  0.0475  B11 =    ZERO  .............  .............  .............  *
*                                                                             *
*  B20 =  0.9972  B21 =    ZERO  B22 =-4.6E-08  .............  .............  *
*                                                                             *
*  B30 =  0.3919  B31 =    ZERO  B32 = 1.3E-08  B33 =    ZERO  .............  *
*                                                                             *
*  B40 =  0.9403  B41 =    ZERO  B42 = 1.0E-07  B43 =    ZERO  B44 =-2.7E-08  *
*                                                                             *
*******************************************************************************
*                                                                             *
*  BOHR DENSITY = 0.0358 FM^(-3)  BOHR RADIUS =   8.6804 FM                   *
*                                                                             *
*******************************************************************************

*******************************************************************************
*                                                                             *
*  SINGLE-QUASIPARTICLE PROPERTIES:                                 PROTONS   *
*                                                                             *
*******************************************************************************
*                                                                             *
*  NO)   ENERGY   (S=+,S=-)       PARITY   V2QUAP   EEQUIV   DEQUIV   V_CORR  *
*                                                                             *
*  37)    9.851   ( 19,  0)       -0.086  0.99462  -12.475    1.441  0.99952  *
*  38)    9.851   (  0, 19)       -0.086  0.99462  -12.475    1.441  0.99952  *
*  39)    8.951   (  0, 20)       -0.574  0.99611  -11.612    1.114  0.99961  *
*  40)    8.951   ( 20,  0)       -0.574  0.99611  -11.612    1.114  0.99961  *
*  41)    8.586   ( 21,  0)        0.562  0.99922  -11.303    0.479  0.99992  *
*  42)    8.586   (  0, 21)        0.562  0.99922  -11.303    0.479  0.99992  *
*  43)    7.741   ( 22,  0)        0.240  0.99910  -10.457    0.463  0.99989  *
*  44)    7.741   (  0, 22)        0.240  0.99910  -10.457    0.463  0.99989  *
*  45)    7.317   (  0, 23)       -0.021  0.99912  -10.034    0.434  0.99989  *
*  46)    7.317   ( 23,  0)       -0.021  0.99912  -10.034    0.434  0.99989  *
*  47)    6.814   ( 24,  0)        0.215  0.99863   -9.525    0.504  0.99981  *
*  48)    6.814   (  0, 24)        0.215  0.99863   -9.525    0.504  0.99981  *
*  49)    6.704   (  0, 25)       -0.282  0.99883   -9.418    0.458  0.99984  *
*  50)    6.704   ( 25,  0)       -0.282  0.99883   -9.418    0.458  0.99984  *
*  51)    5.817   (  0, 26)       -0.834  0.99730   -8.515    0.603  0.99955  *
*  52)    5.817   ( 26,  0)       -0.834  0.99730   -8.515    0.603  0.99955  *
*  53)    5.381   (  0, 27)        0.260  0.99697   -8.079    0.591  0.99945  *
*  54)    5.381   ( 27,  0)        0.260  0.99697   -8.079    0.591  0.99945  *
*  55)    5.047   (  0, 28)        0.433  0.98581   -7.634    1.194  0.99721  *
*  56)    5.047   ( 28,  0)        0.433  0.98581   -7.634    1.194  0.99721  *
*  57)    4.791   (  0, 29)        0.425  0.99737   -7.496    0.491  0.99944  *
*  58)    4.791   ( 29,  0)        0.425  0.99737   -7.496    0.491  0.99944  *
*  59)    4.594   ( 30,  0)        0.385  0.99455   -7.274    0.677  0.99878  *
*  60)    4.594   (  0, 30)        0.385  0.99455   -7.274    0.677  0.99878  *
*  61)    2.992   (  0, 31)       -0.441  0.99310   -5.681    0.495  0.99719  *
*  62)    2.992   ( 31,  0)       -0.441  0.99310   -5.681    0.495  0.99719  *
*  63)    2.594   (  0, 32)        0.067  0.99209   -5.283    0.460  0.99595  *
*  64)    2.594   ( 32,  0)        0.067  0.99209   -5.283    0.460  0.99595  *
*  65)    2.355   ( 33,  0)       -0.294  0.99190   -5.047    0.422  0.99512  *
*  66)    2.355   (  0, 33)       -0.294  0.99190   -5.047    0.422  0.99512  *
*  67)    2.215   (  0, 34)        0.371  0.98990   -4.900    0.443  0.99323  *
*  68)    2.215   ( 34,  0)        0.371  0.98990   -4.900    0.443  0.99323  *
*  69)    2.164   (  0, 35)       -0.308  0.98899   -4.846    0.452  0.99231  *
*  70)    2.164   ( 35,  0)       -0.308  0.98899   -4.846    0.452  0.99231  *
*  71)    2.133   (  0, 36)       -0.673  0.99031   -4.821    0.418  0.99303  *
*  72)    2.133   ( 36,  0)       -0.673  0.99031   -4.821    0.418  0.99303  *
*  73)    1.517   (  0, 37)       -0.468  0.97697   -4.177    0.455  0.96721  *
*  74)    1.517   ( 37,  0)       -0.468  0.97697   -4.177    0.455  0.96721  *
*  75)    1.193   (  0, 38)       -0.336  0.97110   -3.854    0.400  0.92364  *
*  76)    1.193   ( 38,  0)       -0.336  0.97110   -3.854    0.400  0.92364  *
*  79)    0.730   (  0, 40)       -0.298  0.88445   -3.292    0.467  0.57427  *
*  80)    0.730   ( 40,  0)       -0.298  0.88445   -3.292    0.467  0.57427  *
*  81)    0.457   ( 41,  0)       -0.069  0.54632   -2.772    0.455  0.37072  *
*  82)    0.457   (  0, 41)       -0.069  0.54632   -2.772    0.455  0.37072  *
*  83)    0.828   (  0, 42)       -0.283  0.07613   -2.028    0.439  0.52186  *
*  84)    0.828   ( 42,  0)       -0.283  0.07613   -2.028    0.439  0.52186  *
*  87)    1.156   ( 44,  0)        0.493  0.03782   -1.661    0.441  0.60221  *
*  88)    1.156   (  0, 44)        0.493  0.03782   -1.661    0.441  0.60221  *
*  89)    1.563   ( 45,  0)        0.394  0.01719   -1.221    0.406  0.67029  *
*  90)    1.563   (  0, 45)        0.394  0.01719   -1.221    0.406  0.67029  *
*  91)    1.669   ( 46,  0)       -0.511  0.01822   -1.122    0.446  0.68477  *
*  92)    1.669   (  0, 46)       -0.511  0.01822   -1.122    0.446  0.68477  *
*  93)    1.768   (  0, 47)        0.217  0.01424   -1.012    0.419  0.69676  *
*  94)    1.768   ( 47,  0)        0.217  0.01424   -1.012    0.419  0.69676  *
*  95)    2.085   ( 48,  0)       -0.734  0.01075   -0.690    0.430  0.73011  *
*  96)    2.085   (  0, 48)       -0.734  0.01075   -0.690    0.430  0.73011  *
*  97)    2.733   (  0, 49)        0.065  0.00670   -0.034    0.446  0.77971  *
*  98)    2.733   ( 49,  0)        0.065  0.00670   -0.034    0.446  0.77971  *
*  99)    3.056   ( 50,  0)       -0.274  0.00659    0.285    0.494  0.79831  *
* 100)    3.056   (  0, 50)       -0.274  0.00659    0.285    0.494  0.79831  *
* 101)    3.159   ( 51,  0)       -0.192  0.00359    0.407    0.378  0.80330  *
* 102)    3.159   (  0, 51)       -0.192  0.00359    0.407    0.378  0.80330  *
* 103)    3.231   ( 52,  0)        0.830  0.00464    0.471    0.439  0.80697  *
* 104)    3.231   (  0, 52)        0.830  0.00464    0.471    0.439  0.80697  *
* 105)    4.412   (  0, 53)        0.393  0.00445    1.643    0.587  0.85095  *
* 106)    4.412   ( 53,  0)        0.393  0.00445    1.643    0.587  0.85095  *
* 107)    4.921   ( 54,  0)        0.494  0.01670    2.027    1.261  0.86544  *
* 108)    4.921   (  0, 54)        0.494  0.01670    2.027    1.261  0.86544  *
* 109)    4.953   (  0, 55)       -0.069  0.00182    2.205    0.422  0.86478  *
* 110)    4.953   ( 55,  0)       -0.069  0.00182    2.205    0.422  0.86478  *
* 111)    5.736   ( 56,  0)       -0.359  0.00144    2.990    0.435  0.88103  *
* 112)    5.736   (  0, 56)       -0.359  0.00144    2.990    0.435  0.88103  *
* 113)    5.877   ( 57,  0)        0.116  0.00116    3.133    0.399  0.88352  *
* 114)    5.877   (  0, 57)        0.116  0.00116    3.133    0.399  0.88352  *
* 115)    6.074   (  0, 58)       -0.494  0.00248    3.314    0.604  0.88698  *
* 116)    6.074   ( 58,  0)       -0.494  0.00248    3.314    0.604  0.88698  *
* 117)    6.506   ( 59,  0)       -0.175  0.00085    3.765    0.379  0.89356  *
* 118)    6.506   (  0, 59)       -0.175  0.00085    3.765    0.379  0.89356  *
* 119)    6.513   ( 60,  0)       -0.199  0.00108    3.769    0.427  0.89368  *
* 120)    6.513   (  0, 60)       -0.199  0.00108    3.769    0.427  0.89368  *
* 121)    6.706   (  0, 61)        0.405  0.00089    3.964    0.401  0.89642  *
* 122)    6.706   ( 61,  0)        0.405  0.00089    3.964    0.401  0.89642  *
* 123)    6.886   ( 62,  0)       -0.804  0.00107    4.141    0.450  0.89885  *
* 124)    6.886   (  0, 62)       -0.804  0.00107    4.141    0.450  0.89885  *
* 125)    7.049   ( 63,  0)        0.165  0.00065    4.309    0.359  0.90093  *
* 126)    7.049   (  0, 63)        0.165  0.00065    4.309    0.359  0.90093  *
* 127)    7.593   ( 64,  0)        0.471  0.00083    4.851    0.437  0.90739  *
* 128)    7.593   (  0, 64)        0.471  0.00083    4.851    0.437  0.90739  *
* 129)    7.804   ( 65,  0)        0.182  0.00070    5.063    0.412  0.90965  *
* 130)    7.804   (  0, 65)        0.182  0.00070    5.063    0.412  0.90965  *
* 131)    7.912   (  0, 66)        0.330  0.00082    5.169    0.452  0.91078  *
* 132)    7.912   ( 66,  0)        0.330  0.00082    5.169    0.452  0.91078  *
* 133)    8.594   ( 67,  0)        0.290  0.00050    5.855    0.382  0.91726  *
* 134)    8.594   (  0, 67)        0.290  0.00050    5.855    0.382  0.91726  *
* 135)    8.743   ( 68,  0)        0.244  0.00041    6.006    0.353  0.91855  *
* 136)    8.743   (  0, 68)        0.244  0.00041    6.006    0.353  0.91855  *
* 137)    8.920   ( 69,  0)       -0.516  0.00354    6.127    1.060  0.92024  *
* 138)    8.920   (  0, 69)       -0.516  0.00354    6.127    1.060  0.92024  *
* 139)    9.240   (  0, 70)        0.616  0.00054    6.500    0.428  0.92260  *
* 140)    9.240   ( 70,  0)        0.616  0.00054    6.500    0.428  0.92260  *
* 141)    9.679   (  0, 71)       -0.157  0.00512    6.850    1.382  0.92613  *
* 142)    9.679   ( 71,  0)       -0.157  0.00512    6.850    1.382  0.92613  *
* 143)    9.987   (  0, 72)        0.047  0.00064    7.244    0.505  0.92798  *
* 144)    9.987   ( 72,  0)        0.047  0.00064    7.244    0.505  0.92798  *
*                                                                             *
*1408)   TOTAL=  ( 704, 704)                                                  *
*                                                                             *
*******************************************************************************

*******************************************************************************
*                                                                             *
*  SINGLE-PARTICLE PROPERTIES: CANONICAL                            PROTONS   *
*                                                                             *
*******************************************************************************
*                                                                             *
*  NO)   ENERGY   (S=+,S=-)   | N,nz,lz,OMEz>   <P>    <JY>    <SY>   GFACT   *
*                                                                             *
*  21)  -11.725   ( 21,---)   | 3, 2, 1, 1/2>   -57  -0.085  -0.068   0.801   *
*  22)  -11.307   ( 22,---)   | 4, 2, 2, 5/2>    60  -0.000  -0.000   0.279   *
*  23)  -10.459   ( 23,---)   | 2, 0, 2, 3/2>    24  -0.000   0.000  -0.037   *
*  24)  -10.062   ( 24,---)   | 2, 0, 0, 1/2>    -1  -0.381  -0.482   1.266   *
*  25)   -9.537   ( 25,---)   | 4, 3, 1, 3/2>    24   0.000   0.000   0.130   *
*  26)   -9.420   ( 26,---)   | 3, 0, 3, 7/2>   -28   0.000  -0.000  -0.017   *
*  27)   -8.575   ( 27,---)   | 5, 3, 2, 5/2>   -86   0.000  -0.000  -0.495   *
*  28)   -8.103   ( 28,---)   | 6, 6, 0, 1/2>    25  -1.451  -0.421   0.290   *
*  29)   -7.736   ( 29,---)   | 4, 2, 0, 1/2>    48  -0.681  -0.467   0.686   *
*  30)   -7.501   ( 30,---)   | 4, 2, 2, 3/2>    40   0.000   0.000   3.205   *
*  31)   -7.342   ( 31,---)   | 8, 7, 1, 1/2>    34   0.299  -0.107  -0.358   *
*  32)   -5.689   ( 32,---)   | 7, 5, 2, 3/2>   -45   0.000   0.000   0.350   *
*  33)   -5.288   ( 33,---)   | 3, 0, 3, 5/2>     3   0.000  -0.000  -0.123   *
*  34)   -5.048   ( 34,---)   | 3, 0, 3, 7/2>   -28   0.000   0.000   0.040   *
*  35)   -4.901   ( 35,---)   | 6, 4, 2, 5/2>    40  -0.000  -0.000   0.594   *
*  36)   -4.857   ( 36,---)   | 3, 0, 1, 3/2>   -31  -0.000   0.000  -1.463   *
*  37)   -4.823   ( 37,---)   | 5, 3, 0, 1/2>   -67  -0.592  -0.466   0.788   *
*  38)   -4.178   ( 38,---)   | 5, 3, 2, 3/2>   -46   0.000   0.000   0.901   *
*  39)   -3.854   ( 39,---)   | 3, 0, 1, 1/2>   -33   0.210  -0.021  -0.098   *
*  40)   -3.292   ( 40,---)   | 7, 7, 0, 1/2>   -29  -1.856  -0.389   0.209   *
*  41)   -2.772   ( 41,---)   | 6, 5, 1, 1/2>    -6   0.315  -0.121  -0.385   *
*  42)   -2.022   ( 42,---)   | 5, 2, 3, 7/2>   -28  -0.000   0.000  -0.388   *
*  43)   -1.649   ( 43,---)   | 8, 6, 2, 3/2>    48   0.000   0.000   0.409   *
*  44)   -1.193   ( 44,---)   | 4, 2, 0, 1/2>    40  -0.692  -0.465   0.673   *
*  45)   -1.104   ( 45,---)   | 5, 3, 2, 5/2>   -54  -0.000  -0.000   0.464   *
*  46)   -0.989   ( 46,---)   | 4, 0, 4, 9/2>    21  -0.000  -0.000   0.210   *
*  47)   -0.620   ( 47,---)   | 3, 0, 1, 3/2>   -24   0.000   0.000   1.187   *
*                                                                             *
*******************************************************************************

*******************************************************************************
*                                                                             *
*  HFB PAIRING PROPERTIES                                            PROTONS  *
*                                                                             *
*  STRENGTH= 0.1085   GAP=-0.4380   FERMI ENERGY= -3.5055   ENERGY=  -1.7681  *
*                                                                             *
*******************************************************************************

*******************************************************************************
*                                                                             *
*  MULTIPOLE MOMENTS [UNITS:  (10 FERMI)^LAMBDA]                     PROTONS  *
*                                                                             *
*******************************************************************************
*                                                                             *
*  Q00 = 78.0000  .............  .............  .............  .............  *
*                                                                             *
*  Q10 =  1.9878  Q11 =    ZERO  .............  .............  .............  *
*                                                                             *
*  Q20 = 46.3602  Q21 =    ZERO  Q22 =-2.2E-06  .............  .............  *
*                                                                             *
*  Q30 =  5.2188  Q31 =    ZERO  Q32 = 1.2E-07  Q33 =    ZERO  .............  *
*                                                                             *
*  Q40 = 10.6414  Q41 =    ZERO  Q42 = 7.3E-07  Q43 =    ZERO  Q44 = 1.5E-07  *
*                                                                             *
*******************************************************************************

*******************************************************************************
*                                                                             *
*  ROOT-MEAN-SQUARE AND GEOMETRIC SIZES IN FERMIS                    PROTONS  *
*                                                                             *
*  R_RMS =  6.7697     X_RMS =  2.3174    Y_RMS =  2.3174    Z_RMS =  5.9235  *
*                                                                             *
*  R_GEO =  8.7397     X_GEO =  5.1818    Y_GEO =  5.1818    Z_GEO = 13.2454  *
*                                                                             *
*******************************************************************************

*******************************************************************************
*                                                                             *
*  BOHR DEFORMATIONS (FIRST-ORDER APPROXIMATION)                     PROTONS  *
*                                                                             *
*******************************************************************************
*                                                                             *
*  B10 =  0.0597  B11 =    ZERO  .............  .............  .............  *
*                                                                             *
*  B20 =  1.0280  B21 =    ZERO  B22 =-4.9E-08  .............  .............  *
*                                                                             *
*  B30 =  0.4198  B31 =    ZERO  B32 = 1.4E-08  B33 =    ZERO  .............  *
*                                                                             *
*  B40 =  0.9795  B41 =    ZERO  B42 = 9.6E-08  B43 =    ZERO  B44 = 1.9E-08  *
*                                                                             *
*******************************************************************************
*                                                                             *
*  BOHR DENSITY = 0.0279 FM^(-3)  BOHR RADIUS =   8.7397 FM                   *
*                                                                             *
*******************************************************************************

*******************************************************************************
*                                                                             *
*                  DENSITY INTEGRALS IN THE SKYRME FUNCTIONAL                 *
*                                                                             *
*******************************************************************************
*                                                                             *
*                   TOTAL(T)        SUM(S)      ISOSCALAR(P)  ISOVECTOR(M)    *
*                   --------        ------      ------------  ------------    *
*    DRHO_ =       19.213348      9.715969         19.213348      0.218591    *
*    DRHOD =        8.713397      4.405236          8.713397      0.097074    *
*    DLPR_ =       -4.280899     -2.158086         -4.280899     -0.035272    *
*    DTAU_ =       16.264327      8.287601         16.264327      0.310874    *
*    DSCU_ =        0.120659      0.066723          0.120659      0.012787    *
*    DDIV_ =        0.871098      0.444547          0.871098      0.017996    *
*                                                                             *
*    DSPI_ =        0.000000      0.000000          0.000000      0.000000    *
*    DSPID =        0.000000      0.000000          0.000000      0.000000    *
*    DLPS_ =        0.000000      0.000000          0.000000      0.000000    *
*    DCUR_ =        0.000000      0.000000          0.000000      0.000000    *
*    DKIS_ =        0.000000      0.000000          0.000000      0.000000    *
*    DROT_ =        0.000000      0.000000          0.000000      0.000000    *
*                                                                             *
*******************************************************************************

*******************************************************************************
*                                                                             *
*               CONTRIBUTIONS TO ENERGY IN THE SKYRME FUNCTIONAL              *
*                                                                             *
*******************************************************************************
*                                                                             *
*                 TOTAL(T)        SUM(S)        ISOSCALAR(P)  ISOVECTOR(M)    *
*                 --------        ------        ------------  ------------    *
*    ERHO_ =   -17177.887036   5230.257616     -12006.464883     58.835464    *
*    ERHOD =     8784.965970  -2235.057556       6574.534373    -24.625959    *
*    ELPR_ =     -420.963575    621.248503        195.207998      5.076930    *
*    ETAU_ =      539.261042   -400.055200        146.709023     -7.503181    *
*    ESCU_ =        0.000000      0.000000          0.000000      0.000000    *
*    EDIV_ =      -19.193626    -46.155094        -64.414526     -0.934194    *
*               ============  ============      ============  ============    *
*    SUM EVEN:  -8293.817224   3170.238269      -5154.428015     30.849060    *
*                                                                             *
*    ESPI_ =        0.000000      0.000000          0.000000      0.000000    *
*    ESPID =        0.000000      0.000000          0.000000      0.000000    *
*    ELPS_ =        0.000000      0.000000          0.000000      0.000000    *
*    ECUR_ =        0.000000      0.000000          0.000000      0.000000    *
*    EKIS_ =        0.000000      0.000000          0.000000      0.000000    *
*    EROT_ =        0.000000      0.000000          0.000000      0.000000    *
*               ============  ============      ============  ============    *
*    SUM  ODD:      0.000000      0.000000          0.000000      0.000000    *
*                                                                             *
*******************************************************************************
 
*******************************************************************************
*                                                                             *
*  CENTER-OF-MASS COORDINATES IN FERMIS                                TOTAL  *
*                                                                             *
*  R_CMS =  0.2251     X_CMS =  0.0000    Y_CMS =  0.0000    Z_CMS =  0.2251  *
*                                                                             *
*******************************************************************************

*******************************************************************************
*                                                                             *
*  MULTIPOLE MOMENTS [UNITS:  (10 FERMI)^LAMBDA] [CENT-MASS FRAME]  NEUTRONS  *
*                                                                             *
*******************************************************************************
*                                                                             *
*  Q00 = 98.0000  .............  .............  .............  .............  *
*                                                                             *
*  Q10 = -0.2318  Q11 =    ZERO  .............  .............  .............  *
*                                                                             *
*  Q20 = 55.6614  Q21 =    ZERO  Q22 =-2.6E-06  .............  .............  *
*                                                                             *
*  Q30 =  4.5941  Q31 =    ZERO  Q32 = 1.8E-07  Q33 =    ZERO  .............  *
*                                                                             *
*  Q40 = 11.9495  Q41 =    ZERO  Q42 = 9.4E-07  Q43 =    ZERO  Q44 =-2.6E-07  *
*                                                                             *
*******************************************************************************

*******************************************************************************
*                                                                             *
*  BOHR DEFORMATIONS (FIRST-ORDER APPROXIMATION) [CENT-MASS FRAME]  NEUTRONS  *
*                                                                             *
*******************************************************************************
*                                                                             *
*  B10 = -0.0057  B11 =    ZERO  .............  .............  .............  *
*                                                                             *
*  B20 =  1.0495  B21 =    ZERO  B22 =-4.9E-08  .............  .............  *
*                                                                             *
*  B30 =  0.3248  B31 =    ZERO  B32 = 1.8E-08  B33 =    ZERO  .............  *
*                                                                             *
*  B40 =  0.9991  B41 =    ZERO  B42 = 1.1E-07  B43 =    ZERO  B44 =-3.0E-08  *
*                                                                             *
*******************************************************************************
*                                                                             *
*  BOHR DENSITY = 0.0387 FM^(-3)  BOHR RADIUS =   8.4557 FM                   *
*                                                                             *
*******************************************************************************

*******************************************************************************
*                                                                             *
*  MULTIPOLE MOMENTS [UNITS:  (10 FERMI)^LAMBDA] [CENT-MASS FRAME]   PROTONS  *
*                                                                             *
*******************************************************************************
*                                                                             *
*  Q00 = 78.0000  .............  .............  .............  .............  *
*                                                                             *
*  Q10 =  0.2318  Q11 =    ZERO  .............  .............  .............  *
*                                                                             *
*  Q20 = 46.2603  Q21 =    ZERO  Q22 =-2.2E-06  .............  .............  *
*                                                                             *
*  Q30 =  4.0519  Q31 =    ZERO  Q32 = 1.5E-07  Q33 =    ZERO  .............  *
*                                                                             *
*  Q40 = 10.1682  Q41 =    ZERO  Q42 = 7.2E-07  Q43 =    ZERO  Q44 = 1.5E-07  *
*                                                                             *
*******************************************************************************

*******************************************************************************
*                                                                             *
*  BOHR DEFORMATIONS (FIRST-ORDER APPROXIMATION) [CENT-MASS FRAME]   PROTONS  *
*                                                                             *
*******************************************************************************
*                                                                             *
*  B10 =  0.0072  B11 =    ZERO  .............  .............  .............  *
*                                                                             *
*  B20 =  1.0965  B21 =    ZERO  B22 =-5.2E-08  .............  .............  *
*                                                                             *
*  B30 =  0.3602  B31 =    ZERO  B32 = 1.9E-08  B33 =    ZERO  .............  *
*                                                                             *
*  B40 =  1.0694  B41 =    ZERO  B42 = 1.1E-07  B43 =    ZERO  B44 = 2.2E-08  *
*                                                                             *
*******************************************************************************
*                                                                             *
*  BOHR DENSITY = 0.0308 FM^(-3)  BOHR RADIUS =   8.4533 FM                   *
*                                                                             *
*******************************************************************************

*******************************************************************************
*                                                                             *
*  EULER ANGLES OF THE PRINCIPAL-AXES FRAME IN DEGREES                 TOTAL  *
*                                                                             *
*  ALPHA =270.00000  BETA =  0.00000  GAMMA =  0.00000                        *
*                                                                             *
*******************************************************************************

*******************************************************************************
*                                                                             *
*  ROOT-MEAN-SQUARE AND GEOMETRIC SIZES IN FERMIS                      TOTAL  *
*                                                                             *
*  R_RMS =  6.7442     X_RMS =  2.3437    Y_RMS =  2.3437    Z_RMS =  5.8735  *
*                                                                             *
*  R_GEO =  8.7067     X_GEO =  5.2406    Y_GEO =  5.2406    Z_GEO = 13.1336  *
*                                                                             *
*******************************************************************************

*******************************************************************************
*                                                                             *
*  MULTIPOLE MOMENTS [UNITS:  (10 FERMI)^LAMBDA]                       TOTAL  *
*                                                                             *
*******************************************************************************
*                                                                             *
*  Q00 =176.0000  .............  .............  .............  .............  *
*                                                                             *
*  Q10 =  3.9623  Q11 =    ZERO  .............  .............  .............  *
*                                                                             *
*  Q20 =102.1000  Q21 =    ZERO  Q22 =-4.8E-06  .............  .............  *
*                                                                             *
*  Q30 = 11.2163  Q31 =    ZERO  Q32 = 2.6E-07  Q33 =    ZERO  .............  *
*                                                                             *
*  Q40 = 23.1317  Q41 =    ZERO  Q42 = 1.7E-06  Q43 =    ZERO  Q44 =-1.1E-07  *
*                                                                             *
*******************************************************************************

*******************************************************************************
*                                                                             *
*  BOHR DEFORMATIONS (FIRST-ORDER APPROXIMATION)                       TOTAL  *
*                                                                             *
*******************************************************************************
*                                                                             *
*  B10 =  0.0529  B11 =    ZERO  .............  .............  .............  *
*                                                                             *
*  B20 =  1.0110  B21 =    ZERO  B22 =-4.8E-08  .............  .............  *
*                                                                             *
*  B30 =  0.4045  B31 =    ZERO  B32 = 1.3E-08  B33 =    ZERO  .............  *
*                                                                             *
*  B40 =  0.9580  B41 =    ZERO  B42 = 9.9E-08  B43 =    ZERO  B44 =-6.4E-09  *
*                                                                             *
*******************************************************************************
*                                                                             *
*  BOHR DENSITY = 0.0637 FM^(-3)  BOHR RADIUS =   8.7067 FM                   *
*                                                                             *
*******************************************************************************

*******************************************************************************
*                                                                             *
*  MULTIPOLE MOMENTS [UNITS:  (10 FERMI)^LAMBDA] [CENT-MASS FRAME]     TOTAL  *
*                                                                             *
*******************************************************************************
*                                                                             *
*  Q00 =176.0000  .............  .............  .............  .............  *
*                                                                             *
*  Q10 =    ZERO  Q11 =    ZERO  .............  .............  .............  *
*                                                                             *
*  Q20 =101.9216  Q21 =    ZERO  Q22 =-4.8E-06  .............  .............  *
*                                                                             *
*  Q30 =  8.6460  Q31 =    ZERO  Q32 = 3.3E-07  Q33 =    ZERO  .............  *
*                                                                             *
*  Q40 = 22.1177  Q41 =    ZERO  Q42 = 1.7E-06  Q43 =    ZERO  Q44 =-1.1E-07  *
*                                                                             *
*******************************************************************************

*******************************************************************************
*                                                                             *
*  BOHR DEFORMATIONS (FIRST-ORDER APPROXIMATION) [CENT-MASS FRAME]     TOTAL  *
*                                                                             *
*******************************************************************************
*                                                                             *
*  B10 =    ZERO  B11 =    ZERO  .............  .............  .............  *
*                                                                             *
*  B20 =  1.0703  B21 =    ZERO  B22 =-5.0E-08  .............  .............  *
*                                                                             *
*  B30 =  0.3405  B31 =    ZERO  B32 = 1.8E-08  B33 =    ZERO  .............  *
*                                                                             *
*  B40 =  1.0302  B41 =    ZERO  B42 = 1.1E-07  B43 =    ZERO  B44 =-7.2E-09  *
*                                                                             *
*******************************************************************************
*                                                                             *
*  BOHR DENSITY = 0.0695 FM^(-3)  BOHR RADIUS =   8.4548 FM                   *
*                                                                             *
*******************************************************************************

*******************************************************************************
*                                                                             *
*  MULTIPOLE MOMENTS [UNITS:  (10 FERMI)^LAMBDA] [INTRINSIC FRAME]     TOTAL  *
*                                                                             *
*  REAL PART  FOR A NON-NEGATIVE PROJECTION                                   *
*  IMAGINARY PART FOR A NEGATIVE PROJECTION                                   *
*                                                                             *
*******************************************************************************
*                                                                             *
*  Q00 =176.0000  .............  .............  .............  .............  *
*                 .............  .............  .............  .............  *
*                                                                             *
*  Q10 =    ZERO  Q1+1=    ZERO  .............  .............  .............  *
*                 Q1-1=    ZERO  .............  .............  .............  *
*                                                                             *
*  Q20 =101.9216  Q2+1=    ZERO  Q2+2= 4.8E-06  .............  .............  *
*                 Q2-1=    ZERO  Q2-2=    ZERO  .............  .............  *
*                                                                             *
*  Q30 =  8.6460  Q3+1=    ZERO  Q3+2=-3.3E-07  Q3+3=    ZERO  .............  *
*                 Q3-1=    ZERO  Q3-2=    ZERO  Q3-3=    ZERO  .............  *
*                                                                             *
*  Q40 = 22.1177  Q4+1=    ZERO  Q4+2=-1.7E-06  Q4+3=    ZERO  Q4+4=-1.1E-07  *
*                 Q4-1=    ZERO  Q4-2=    ZERO  Q4-3=    ZERO  Q4-4=    ZERO  *
*                                                                             *
*******************************************************************************

*******************************************************************************
*                                                                             *
*  BOHR DEFORMATIONS (FIRST-ORDER APPROXIMATION) [INTRINSIC FRAME]     TOTAL  *
*                                                                             *
*  REAL PART  FOR A NON-NEGATIVE PROJECTION                                   *
*  IMAGINARY PART FOR A NEGATIVE PROJECTION                                   *
*                                                                             *
*******************************************************************************
*                                                                             *
*  B10 =    ZERO  B1+1=    ZERO  .............  .............  .............  *
*                 B1-1=    ZERO  .............  .............  .............  *
*                                                                             *
*  B20 =  1.0703  B2+1=    ZERO  B2+2= 5.0E-08  .............  .............  *
*                 B2-1=    ZERO  B2-2=    ZERO  .............  .............  *
*                                                                             *
*  B30 =  0.3405  B3+1=    ZERO  B3+2=-1.8E-08  B3+3=    ZERO  .............  *
*                 B3-1=    ZERO  B3-2=    ZERO  B3-3=    ZERO  .............  *
*                                                                             *
*  B40 =  1.0302  B4+1=    ZERO  B4+2=-1.1E-07  B4+3=    ZERO  B4+4=-7.2E-09  *
*                 B4-1=    ZERO  B4-2=    ZERO  B4-3=    ZERO  B4-4=    ZERO  *
*                                                                             *
*******************************************************************************
*                                                                             *
*  BOHR DENSITY = 0.0695 FM^(-3)  BOHR RADIUS =   8.4548 FM                   *
*                                                                             *
*******************************************************************************

*******************************************************************************
*                                                                             *
*                                ENERGIES (MEV)                               *
*                                                                             *
*******************************************************************************
*                                                                             *
*  KINETIC: (NEU)=  1815.848617    (PRO)=  1281.887142    (TOT)=  3097.735760 *
*  SUM EPS: (NEU)= -2166.797789    (PRO)= -1059.054227    (TOT)= -3225.852016 *
*  PAIRING: (NEU)=    -2.001384    (PRO)=    -1.768126    (TOT)=    -3.769509 *
*  P-REARR: (NEU)=     0.536399    (PRO)=     0.500331    (TOT)=     1.036730 *
*                                                                             *
*  PAIRGAP: (NEU)=    -0.452526    (PRO)=    -0.438034    THIS SPACE IS EMPTY *
*  E-FERMI: (NEU)=   -10.740334    (PRO)=    -3.505524    AND AWAITS  YOUR AD *
*                                                                             *
*  COULOMB: (DIR)=   695.849752    (EXC)=   -29.585982    (TOT)=   666.263769 *
*                                                                             *
*  CONSTR. (MULT)=  1688.864613    SLOPE=   -63.524290    CORR.=    31.762145 *
*  CONSTR. (SURF)=     0.000000    SLOPE=     0.000000    CORR.=     0.000000 *
*  CONSTR. (SPIN)=     0.000000    SLOPE=     0.000000    CORR.=     0.000000 *
*  CONSTR. (ISOS)=     0.000000    SLOPE=     0.000000    CORR.=     0.000000 *
*                                                                             *
*  REARRANGEMENT ENERGY FROM THE SKYRME DENSITY-DEPENDENT TERMS=  1233.283282 *
*  ROUTHIAN= TOTAL ENERGY + MULTIPOLE AND (ISO)SPIN CONSTRAINTS=   325.515677 *
*                                                                             *
*  SPIN-ORB (EVE)=   -65.348720    (ODD)=     0.000000    (TOT)=   -65.348720 *
*  SKYRME:  (EVE)= -5123.578955    (ODD)=     0.000000    (TOT)= -5123.578955 *
*                                                                             *
*  TOTAL:  (STAB)=    19.577147     (SP)= -1343.771789    (FUN)= -1363.348936 *
*                                                                             *
*******************************************************************************

*******************************************************************************
*                                                                             *
*  ITERATION RESTARTED FROM THE DISC, THE FOLLOWING FILE(S) READ:             *
*  ./restart/HFODD_00000065.REC                                        VER=19 *
*                                                                             *
*******************************************************************************
*                                                                             *
* CONVERGENCE REPORT                                                          *
*                                                                             *
*******************************************************************************
*                                                                             *
* ITER     ENERGY     STABILITY    Q_2    GAMMA   SPIN  OMEGA   ANGLE   EPAIR *
*                                                                             *
* 1673 -1363.348936   19.577147 101.922    0.00   0.00  0.000   0.000   -3.77 *
* 1674  -626.370844  913.948840 152.566    0.00   0.00  0.000   0.000   -0.47 *
* 1675  -741.845690  881.589246 186.287    0.00   0.00  0.000   0.000   -5.68 *
* 1676  -806.704172    1.01E+03 177.050    0.00   0.00  0.000   0.000   -5.85 *
* 1677  -783.013428  870.929344 181.509    0.00   0.00  0.000   0.000   -5.17 *
* 1678  -783.737429    1.04E+03 182.725    0.00   0.00  0.000   0.000   -6.62 *
* 1679  -793.608475    1.35E+03 180.940    0.00   0.00  0.000   0.000   -3.72 *
* 1680  -712.808089    1.09E+03 167.887    0.00   0.00  0.000   0.000   -1.52 *
* 1681  -711.997734    1.01E+03 168.598    0.00   0.00  0.000   0.000   -2.71 *
* 1682  -725.460971    1.47E+03 169.098    0.00   0.00  0.000   0.000   -3.99 *
* 1683  -577.089614    1.49E+03 150.587    0.00   0.00  0.000   0.000   -1.05 *
* 1684  -447.911836    1.09E+04 136.150    0.00   0.00  0.000   0.000   -1.20 *
* 1685  1401.361560   -3.66E+04  13.512    0.00   0.00  0.000   0.000   -0.03 *
* 1686  5738.148933   -1.06E+04   6.392   60.00   0.00  0.000   0.000 -403.54 *

 //////////////////// MAXIMUM NUMBER OF ITERATIONS       ////////////////////
 //////////////////// EXCEEDED IN QUABCS                 ////////////////////

*******************************************************************************
*                                                                             *
*  PROCESSOR   EXECUTION  TIMES IN SUBROUTINES                                *
*  INCLUDING THEIR COMPLETE DOWN-CALLING TREES                                *
*                                                                             *
*******************************************************************************
*                                                                             *
*     4778 => HFODD    2572 => DENSHF    958 => DIAMAT    871 => HFBSIM       *
*                                                                             *
*      500 => QMULCM    273 => PAIMAC    207 => CANQUA    179 => RECORD       *
*                                                                             *
*       76 => AVEQUA     29 => INTEGH     26 => INTSOR     25 => INTEGD       *
*                                                                             *
*       24 => DENMAC     14 => MOMETS     14 => INTMUL     11 => DOBROY       *
*                                                                             *
*        9 => SKFILD      9 => BEGINC      7 => SPAVER      6 => ROTAVR       *
*                                                                             *
*        6 => LINAVR      6 => INTMAS      5 => AVOBSE      5 => COUMAT       *
*                                                                             *
*        4 => INTCOU      3 => NILASP      3 => INTCEN      2 => POWALL       *
*                                                                             *
*        2 => AVANGY      1 => SKPAIR      0 => INTKIN      0 => AVPARI       *
*                                                                             *
*        0 => QUABCS      0 => SHICOE      0 => AVSIMP      0 => SHIMOM       *
*                                                                             *
*        0 => PAXMOM      0 => MOMSIF      0 => MOMVMU      0 => MAGMOM       *
*                                                                             *
*        0 => SPIMOM      0 => SHISIF      0 => SHIMAG                        *
*                                                                             *
*******************************************************************************
*                                                                             *
*  NUMBERS OF CALLS TO SUBROUTINES                                            *
*                                                                             *
*******************************************************************************
*                                                                             *
*      653 => BEGINC    538 => INTMUL    174 => INTSOR     71 => DIAMAT       *
*                                                                             *
*       58 => INTMAS     58 => INTCEN     57 => INTKIN     56 => AVEQUA       *
*                                                                             *
*       42 => PAXMOM     29 => INTEGH     29 => INTEGD     29 => HFBSIM       *
*                                                                             *
*       29 => QUABCS     28 => CANQUA     28 => AVPARI     28 => DENSHF       *
*                                                                             *
*       28 => DENMAC     28 => PAIMAC     28 => MOMETS     28 => MOMSIF       *
*                                                                             *
*       28 => MOMVMU     28 => MAGMOM     28 => SPIMOM     28 => LINAVR       *
*                                                                             *
*       28 => ROTAVR     28 => SHICOE     15 => RECORD     15 => COUMAT       *
*                                                                             *
*       15 => INTCOU     14 => SPAVER     14 => QMULCM     14 => SKFILD       *
*                                                                             *
*       14 => SKPAIR     14 => DOBROY     14 => SHIMOM     14 => SHISIF       *
*                                                                             *
*       14 => SHIMAG      2 => AVANGY      2 => AVOBSE      2 => AVSIMP       *
*                                                                             *
*        2 => NILASP      1 => HFODD       1 => POWALL                        *
*                                                                             *
*******************************************************************************
*                                                                             *
*  EXECUTION ENDS ON 2016.09.06 AT 13:25:59.392                               *
*                                                                             *
*******************************************************************************
