*******************************************************************************
*                                                                             *
*                     P A R A L L E L    M O D E L                            *
*                                                                             *
*  SIMPLE MPI FRAMEWORK (1 COMMUNICATOR)    :  1 MPI PROCESS per HFODD TASK   *
*  MULTI-THREADING FRAMEWORK WITH OPENMP   :  4 THREADS per HFODD MPI PROCESS *
*                                                                             *
*******************************************************************************
*                                                                             *
*                        __  __ _____  ___   ____   ____                      *
*                       / / / // ___/.' _ \ / __ \ / __ \                     *
*                      / /_/ // /_  / / / // / / // / / /                     *
*                     / __  // __/ / / / // / / // / / /                      *
*                    / / / // /   / /_/ // /_/ // /_/ /                       *
*                   /_/ /_//_/    \___.'/____.'/____.'                        *
*                                                                             *
*                                                                             *
*******************************************************************************
*                                                                             *
*             SKYRME-HARTREE-FOCK-BOGOLYUBOV CODE VERSION: 2.77B              *
*                                                                             *
*              NO SYMMETRY-PLANES AND NO TIME-REVERSAL SYMMETRY               *
*                                                                             *
*                DEFORMED CARTESIAN HARMONIC-OSCILLATOR BASIS                 *
*                                                                             *
*******************************************************************************
*                                                                             *
*             J. DOBACZEWSKI, P. BACZYK, B.G. CARLSSON, J. DUDEK              *
*                 J. ENGEL, Y. GAO, M. KONIECZKA, T. LESINSKI                 *
*                 J. MCDONNELL, P. OLBRATOWSKI, P. POWALOWSKI                 *
*                  M. SADZIAK, J. SARICH, K. SATO, W. SATULA                  *
*             N. SCHUNCK,  J.A. SHEIKH, A. STASZCZAK, M. STOITSOV             *
*             P. TOIVANEN, X.B. WANG, M. ZALEWSKI AND H. ZDUNCZUK             *
*                                                                             *
*                   INSTYTUT FIZYKI TEORETYCZNEJ, WARSZAWA                    *
*                 LAWRENCE LIVERMORE NATIONAL LABORATORY, USA                 *
*                                                                             *
*                                  1993-2016                                  *
*                                                                             *
*******************************************************************************

*******************************************************************************
*                                                                             *
*  CODE COMPILED WITH THE FOLLOWING ARRAY DIMENSIONS AND SWITCHES:            *
*                                                                             *
*******************************************************************************
*                                                                             *
*  NDBASE = 1200  NDSTAT = 1200  NDXHRM =   40  NDYHRM =   40  NDZHRM =   64  *
*                                                                             *
*  NDMAIN =   30  NDMULT =    9  NDMULR =    4  NDLAMB =    9  NDITER = 5000  *
*                                                                             *
*  NDAKNO =    1  NDBKNO =    1  NDPROI =    2  NDCOUL =   80  NDPOLS =   25  *
*                                                                             *
*  NDATKN =   20  NDBTKN =   10  NDPROT =    1  NDPROD =    3                 *
*                                                                             *
*  IPARAL =    0  IPARAT =    0  I_CRAY =    0                                *
*                                                                             *
*                                                                             *
*  PRE-PROCESSOR OPTIONS:                                                     *
*                                                                             *
*       switch_port = 1     switch_diag = 3     switch_essl = 0               *
*                                                                             *
*                           switch_quad = 0     switch_vect = 1               *
*                                                                             *
*******************************************************************************
*                                                                             *
*  EXECUTION BEGINS ON 2016.09.06 AT 12:59:14.799                             *
*                                                                             *
*******************************************************************************
 
*******************************************************************************
*                                                                             *
*  CLASSICAL NUCLEAR SURFACE DEFINED FOR:                    N = 98   Z = 78  *
*                                                                             *
*******************************************************************************
*                                                                             *
*  AL10 =   ZERO  AL11 =   ZERO  .............  .............  .............  *
*                                                                             *
*  AL20 =  0.610  AL21 =   ZERO  AL22 =   ZERO  .............  .............  *
*                                                                             *
*******************************************************************************
*                                                                             *
*                                           HOMEGA=  7.2568  FCHOM0=  0.9919  *
*                                                                             *
*  OSCILLATOR FREQUENCIES: HBAROX=  8.6825  HBAROY=  8.6825  HBAROZ=  5.0693  *
*                                                                             *
*  MOMENTS OF INERTIA:     XMOMFC=111.4637  YMOMFC=111.4637  ZMOMFC= 56.6729  *
*                                                                             *
*  CENTERS OF MASS:        CMSXFC= -0.0000  CMSYFC= -0.0000  CMSZFC= -0.0000  *
*                                                                             *
*******************************************************************************

*******************************************************************************
*                                                                             *
*                           SKYRME FORCE DEFINITION                           *
*                                                                             *
*******************************************************************************
*                                                                             *
* PARAMETER SET HFB1:  T0= -1666.41  T1=   255.23  T2=  1521.28  T3= 12072.51 *
*                                                                             *
* POWER=0.37658031358  X0=  0.14608  X1= -4.82248  X2= -1.35211  X3=  0.00432 *
*                                                                             *
* IETA: J=0  W=1 CM=3  M=1  P=1  T=0 HBM= 20.73553 W0=  44.0677 W0P= 207.6502 *
*                                                                             *
*******************************************************************************

*******************************************************************************
*                                                                             *
*              COUPLING CONSTANTS DEFINING THE SKYRME FUNCTIONAL              *
*                                                                             *
*******************************************************************************
*                                                                             *
*                   TOTAL(T)        SUM(S)      ISOSCALAR(P)  ISOVECTOR(M)    *
*                   --------        ------      ------------  ------------    *
*    CRHO_ =     -894.060074    538.315575       -624.902286    269.157788    *
*    CRHOD =     1008.213640   -507.363897        754.531691   -253.681949    *
*    CLPR_ =       98.335311   -287.870148        -45.599763   -143.935074    *
*    CTAU_ =       33.156062    -48.271535          9.020295    -24.135768    *
*    CSCU_ =        0.000000      0.000000          0.000000      0.000000    *
*    CDIV_ =      -22.033840   -103.825096        -73.946388    -51.912548    *
*                                                                             *
*    CSPI_ =      -60.857026    416.601524        147.443736    208.300762    *
*    CSPID =        2.171385   -503.021127       -249.339179   -251.510564    *
*    CLPS_ =       51.110395     71.467295         86.844042     35.733647    *
*    CCUR_ =      -33.156062     48.271535         -9.020295     24.135768    *
*    CKIS_ =        0.000000      0.000000          0.000000      0.000000    *
*    CROT_ =      -22.033840   -103.825096        -73.946388    -51.912548    *
*                                                                             *
*******************************************************************************

*******************************************************************************
*                                                                             *
*                          NUCLEAR MATTER PROPERTIES                          *
*                                                                             *
*******************************************************************************
*                                                                             *
*     E = -15.8000  rho0 =   0.15625   K =  244.6682   Ms =    0.9364         *
*                   asym =  28.66820   L =   40.1091   Mv =    1.2498         *
*                                                                             *
*******************************************************************************

*******************************************************************************
*                                                                             *
*  PHYSICAL CONSTANTS:     H_BARC=197.32891000           HBCOE2=137.03602000  *
*                                                                             *
*                          XMASSN=938.90590000           XMASSP=938.27231000  *
*                                                                             *
*                          HBMASS= 20.73553000           HBMRPA= 20.73553000  *
*                                                                             *
*                          ECHAR2=  1.43997841           COULEX= -1.06350868  *
*                                                                             *
*******************************************************************************
*                                                                             *
*  OSCILLATOR LENGTHS:     X= 2.1855304      Y= 2.1855304       Z= 2.8602660  *
*                                                                             *
*  OSCILLATOR CONSTANTS:   X= 0.4575548      Y= 0.4575548       Z= 0.3496178  *
*                                                                             *
*  OSCILLATOR FREQUENCIES: X= 8.6825175      Y= 8.6825175       Z= 5.0692826  *
*                                                                             *
*******************************************************************************
*                                                                             *
*  BASIS CUT-OFF CONTROL PARAMETERS:  NXMAXX = 14  NYMAXX = 14  NZMAXX =  24  *
*                                                                             *
*                                     NXHERM = 36  NYHERM = 36  NZHERM =  60  *
*                                                                             *
*                                     NLIMIT=1140  LDBASE=1142  MCOUNT=29791  *
*                                                                             *
*                                     ENECUT= 800.0000      ELIMIT= 137.8417  *
*                                                                             *
*******************************************************************************

*******************************************************************************
*                                                                             *
*   SHAPE OF THE OSCILLATOR-BASIS DIAMOND    (THREE CONSECUTIVE PROJECTIONS)  *
*                                                                             *
*******************************************************************************
*                                                                             *
*        NX ===>>>  0  1  2  3  4  5  6  7  8  9 10 11 12 13 14               *
*        MAX.NY => 14 13 12 11 10  9  8  7  6  5  4  3  2  1  0               *
*                 ---------------------------------------------               *
*   NY= 0  (14)  | 24 23 21 19 18 16 14 12 11  9  7  6  4  2  1               *
*   NY= 1  (13)  | 23 21 19 18 16 14 12 11  9  7  6  4  2  1                  *
*   NY= 2  (12)  | 21 19 18 16 14 12 11  9  7  6  4  2  1                     *
*   NY= 3  (11)  | 19 18 16 14 12 11  9  7  6  4  2  1                        *
*   NY= 4  (10)  | 18 16 14 12 11  9  7  6  4  2  1                           *
*   NY= 5  ( 9)  | 16 14 12 11  9  7  6  4  2  1                              *
*   NY= 6  ( 8)  | 14 12 11  9  7  6  4  2  1                                 *
*   NY= 7  ( 7)  | 12 11  9  7  6  4  2  1                                    *
*   NY= 8  ( 6)  | 11  9  7  6  4  2  1                                       *
*   NY= 9  ( 5)  |  9  7  6  4  2  1                                          *
*   NY=10  ( 4)  |  7  6  4  2  1                                             *
*   NY=11  ( 3)  |  6  4  2  1                                                *
*   NY=12  ( 2)  |  4  2  1                                                   *
*   NY=13  ( 1)  |  2  1                                                      *
*   NY=14  ( 0)  |  1                                                         *
*                                                                             *
*                                                                             *
*        NZ ===>>>  0  1  2  3  4  5  6  7  8  9 10 11 12 13 14 15 16 17 18   *
*        MAX.NY => 14 14 13 12 12 11 11 10  9  9  8  8  7  6  6  5  5  4  4   *
*                 ---------------------------------------------------------   *
*   NY= 0  (24)  | 14 14 13 12 12 11 11 10  9  9  8  8  7  6  6  5  5  4  4   *
*   NY= 1  (23)  | 13 13 12 11 11 10 10  9  8  8  7  7  6  5  5  4  4  3  3   *
*   NY= 2  (21)  | 12 12 11 10 10  9  9  8  7  7  6  6  5  4  4  3  3  2  2   *
*   NY= 3  (19)  | 11 11 10  9  9  8  8  7  6  6  5  5  4  3  3  2  2  1  1   *
*   NY= 4  (18)  | 10 10  9  8  8  7  7  6  5  5  4  4  3  2  2  1  1  0  0   *
*   NY= 5  (16)  |  9  9  8  7  7  6  6  5  4  4  3  3  2  1  1  0  0         *
*   NY= 6  (14)  |  8  8  7  6  6  5  5  4  3  3  2  2  1  0  0               *
*   NY= 7  (12)  |  7  7  6  5  5  4  4  3  2  2  1  1  0                     *
*   NY= 8  (11)  |  6  6  5  4  4  3  3  2  1  1  0  0                        *
*   NY= 9  ( 9)  |  5  5  4  3  3  2  2  1  0  0                              *
*   NY=10  ( 7)  |  4  4  3  2  2  1  1  0                                    *
*   NY=11  ( 6)  |  3  3  2  1  1  0  0                                       *
*   NY=12  ( 4)  |  2  2  1  0  0                                             *
*   NY=13  ( 2)  |  1  1  0                                                   *
*   NY=14  ( 1)  |  0  0                                                      *
*                                                                             *
*                                                                             *
*        NZ ===>>>  0  1  2  3  4  5  6  7  8  9 10 11 12 13 14 15 16 17 18   *
*        MAX.NX => 14 14 13 12 12 11 11 10  9  9  8  8  7  6  6  5  5  4  4   *
*                 ---------------------------------------------------------   *
*   NX= 0  (24)  | 14 14 13 12 12 11 11 10  9  9  8  8  7  6  6  5  5  4  4   *
*   NX= 1  (23)  | 13 13 12 11 11 10 10  9  8  8  7  7  6  5  5  4  4  3  3   *
*   NX= 2  (21)  | 12 12 11 10 10  9  9  8  7  7  6  6  5  4  4  3  3  2  2   *
*   NX= 3  (19)  | 11 11 10  9  9  8  8  7  6  6  5  5  4  3  3  2  2  1  1   *
*   NX= 4  (18)  | 10 10  9  8  8  7  7  6  5  5  4  4  3  2  2  1  1  0  0   *
*   NX= 5  (16)  |  9  9  8  7  7  6  6  5  4  4  3  3  2  1  1  0  0         *
*   NX= 6  (14)  |  8  8  7  6  6  5  5  4  3  3  2  2  1  0  0               *
*   NX= 7  (12)  |  7  7  6  5  5  4  4  3  2  2  1  1  0                     *
*   NX= 8  (11)  |  6  6  5  4  4  3  3  2  1  1  0  0                        *
*   NX= 9  ( 9)  |  5  5  4  3  3  2  2  1  0  0                              *
*   NX=10  ( 7)  |  4  4  3  2  2  1  1  0                                    *
*   NX=11  ( 6)  |  3  3  2  1  1  0  0                                       *
*   NX=12  ( 4)  |  2  2  1  0  0                                             *
*   NX=13  ( 2)  |  1  1  0                                                   *
*   NX=14  ( 1)  |  0  0                                                      *
*                                                                             *
*******************************************************************************

*******************************************************************************
*                                                                             *
* NUCLIDE: N =  98  Z =  78  NUMBER OF ITERATIONS = 1000   CONTINUATION? = 1  *
*                                                                             *
*******************************************************************************
*                                                                             *
* ITERATIONS WILL STOP WHEN THE STABILITY BECOMES LOWER THAN EPSITE=0.300000  *
*                                            FOR    5 CONSECUTIVE ITERATIONS  *
*                                                                             *
*******************************************************************************
*                                                                             *
* ITERATIONS WILL STOP WHEN THE PING-PONG DIVERGENCE OCCURS FOR EPSPNG=0.010  *
*                                DURING    5 PAIRS OF CONSECUTIVE ITERATIONS  *
*                                                                             *
*******************************************************************************
*                                                                             *
* ITERATIONS WILL STOP FOR CHAOTIC-DIVERGENCE CONDITION OCCURING   20  TIMES  *
*                                                                             *
*******************************************************************************
*                                                                             *
* SLOW-DOWN PARAMETERS:                                                       *
* TIME-EVEN = 0.85   TIME-ODD = 0.85   PAIRING = 0.85   LIPKIN-NOGAMI = 0.85  *
*                    LIP-MASS = 0.50   LIP-MOI = 0.50   LIPKIN-METHOD = 0.50  *
*                                                                             *
*******************************************************************************
*                                                                             *
* BROYDEN METHOD IS:  ON                                                      *
*                                                                             *
*    TRIGGERED ONLY WHEN STABILITY IS LOWER THAN :  1000.000 MEV              *
*    INITIAL SLOWING FACTOR (BEFORE TRIGGER)     :     0.85 (=SLOWEV)         *
*    BROYDEN SLOWING FACTOR (AFTER  TRIGGER)     :     0.40 (=1-ALPHAM)       *
*    NUMBER OF ITERATIONS RETAINED IN MEMORY     :    10                      *
*                                                                             *
*******************************************************************************
*                                                                             *
* DIRECT COULOMB TERMS SOLVED BY GREEN FUNCTION AND FOURIER TRANSFORM METHOD  *
* COULOMB PARAMETERS:  NUMCOU = 80  NUMETA = 79  BOUCOU = 20.0  FURMAX =0.25  *
*                                                                             *
*******************************************************************************
*                                                                             *
* EXCHANGE COULOMB TERMS TREATED BY THE SLATER APPROXIMATION                  *
*                                                                             *
*******************************************************************************
*                                                                             *
* MAXIMUM NUMBERS OF MULTIPOLE MOMENTS USED FOR THE CONSTRAINTS,    NMUCON=4  *
*                                           FOR THE COULOMB FIELD,  NMUCOU=4  *
*                                           FOR THE OUTPUT INFO,    NMUPRI=4  *
*                                                                             *
*******************************************************************************
*                                                                             *
* MULTIPOLE CONSTRAINTS: LAMBDA= 2  MIU= 0  MOMENT=149.000  STIFFNESS= 0.500  *
*                        LAMBDA= 3  MIU= 0  MOMENT= 50.000  STIFFNESS= 0.500  *
*                                                                             *
*******************************************************************************
*                                                                             *
* LINEAR MULTIPOLE CONSTRAINTS: LAMBDA= 2  MIU= 0  LAGRANGE PAR. USED= 0.000  *
*                               LAMBDA= 3  MIU= 0  LAGRANGE PAR. USED= 0.000  *
*                                                                             *
*******************************************************************************
*                                                                             *
* THE LAGRANGE PARAMETERS OF THE LINEAR CONSTRAINTS ARE RE-ADJUSTED AT EACH   *
* ITERATION BY USING THE CRANKING APPROXIMATION OF THE RPA MATRIX             *
*                                                                             *
*******************************************************************************
*                                                                             *
* PRINTING THE RESULTS FOR THE FOLLOWING ITERATIONS:         THE  FIRST: YES  *
*                                                            THE MIDDLE:  NO  *
*                                                     AND/OR THE   LAST: YES  *
*                                                                             *
*******************************************************************************
*                                                                             *
* PRINTING THE MOMENTS, RADII, AND DEFORMATIONS FOR:           NEUTRONS: YES  *
*                                                              PROTONS : YES  *
*                                                              MASS    : YES  *
*                                                                             *
*******************************************************************************
*                                                                             *
* PRINTING THE MOMENTS, MOMENTA AND DEFORMATIONS IN THE INTRINSIC FRAME: YES  *
*                                                                             *
*******************************************************************************
*                                                                             *
* NILSSON LABELS OF SINGLE-PARTICLE STATES SHOWN WITH RESPECT TO THE: Z-AXIS  *
*                                                                             *
*******************************************************************************
*                                                                             *
* CALCULATIONS WITH THE HFB PAIRING CORRELATIONS                              *
*                                                                             *
*******************************************************************************
*                                                                             *
* CONTACT PAIRING INTERACTION:     V0        V1       RHO-SAT      POWER      *
*                    NEUTRONS:  -234.380   732.438     0.320     1.0000000    *
*                     PROTONS:  -260.437   813.866     0.320     1.0000000    *
*                                                                             *
*******************************************************************************
*                                                                             *
* CUTOFF ENERGY DEFINING THE ACTIVE HFB PAIRING SPACE=      60.000            *
*                                                                             *
*******************************************************************************
*                                                                             *
* CALCULATIONS WITH SIMPLEX SYMMETRY                                          *
*                                                                             *
*******************************************************************************
*                                                                             *
* CALCULATIONS WITH TIME-ODD SYMMETRIES:        T*SIMPLEX_X =>     CONSERVED  *
*                                               T*SIMPLEX_Y =>     CONSERVED  *
*                                               T*SIMPLEX_Z => NON CONSERVED  *
*                                                                             *
*******************************************************************************
*                                                                             *
* CALCULATIONS WITHOUT ROTATION                                               *
*                                                                             *
*******************************************************************************

*******************************************************************************
*                                                                             *
*  CALLING SUBROUTINE "RECORD" TO READ THE REPLAY FILE OBTAINED PREVIOUSLY    *
*  ./restart/HFODD_00000058.REC                                               *
*                                                                             *
*******************************************************************************

*******************************************************************************
*                                                                             *
*  SINGLE-QUASIPARTICLE PROPERTIES:                                NEUTRONS   *
*                                                                             *
*******************************************************************************
*                                                                             *
*  NO)   ENERGY   (S=+,S=-)       PARITY   V2QUAP   EEQUIV   DEQUIV   V_CORR  *
*                                                                             *
*  53)    9.739   (  0, 27)        0.604  0.99888  -19.151    0.653  0.99993  *
*  54)    9.739   ( 27,  0)        0.604  0.99888  -19.151    0.653  0.99993  *
*  55)    9.586   (  0, 28)       -0.867  0.99384  -18.901    1.500  0.99961  *
*  56)    9.586   ( 28,  0)       -0.867  0.99384  -18.901    1.500  0.99961  *
*  57)    8.022   (  0, 29)       -0.402  0.99842  -17.430    0.638  0.99988  *
*  58)    8.022   ( 29,  0)       -0.402  0.99842  -17.430    0.638  0.99988  *
*  59)    8.201   (  0, 30)        0.913  0.98671  -17.417    1.879  0.99901  *
*  60)    8.201   ( 30,  0)        0.913  0.98671  -17.417    1.879  0.99901  *
*  61)    7.620   (  0, 31)        0.812  0.99602  -16.993    0.959  0.99968  *
*  62)    7.620   ( 31,  0)        0.812  0.99602  -16.993    0.959  0.99968  *
*  63)    7.216   (  0, 32)       -0.132  0.99913  -16.637    0.425  0.99993  *
*  64)    7.216   ( 32,  0)       -0.132  0.99913  -16.637    0.425  0.99993  *
*  65)    6.937   (  0, 33)        0.200  0.99216  -16.262    1.224  0.99929  *
*  66)    6.937   ( 33,  0)        0.200  0.99216  -16.262    1.224  0.99929  *
*  67)    6.222   (  0, 34)       -0.734  0.99744  -15.624    0.629  0.99974  *
*  68)    6.222   ( 34,  0)       -0.734  0.99744  -15.624    0.629  0.99974  *
*  69)    6.373   ( 35,  0)        0.789  0.97597  -15.501    1.952  0.99763  *
*  70)    6.373   (  0, 35)        0.789  0.97597  -15.501    1.952  0.99763  *
*  71)    5.235   (  0, 36)        0.138  0.99666  -14.634    0.604  0.99958  *
*  72)    5.235   ( 36,  0)        0.138  0.99666  -14.634    0.604  0.99958  *
*  73)    5.222   ( 37,  0)       -0.824  0.99640  -14.618    0.626  0.99955  *
*  74)    5.222   (  0, 37)       -0.824  0.99640  -14.618    0.626  0.99955  *
*  75)    5.379   ( 38,  0)       -0.571  0.97601  -14.555    1.646  0.99712  *
*  76)    5.379   (  0, 38)       -0.571  0.97601  -14.555    1.646  0.99712  *
*  77)    3.969   (  0, 39)        0.458  0.99593  -13.370    0.505  0.99929  *
*  78)    3.969   ( 39,  0)        0.458  0.99593  -13.370    0.505  0.99929  *
*  79)    3.067   ( 40,  0)       -0.182  0.99663  -12.480    0.355  0.99918  *
*  80)    3.067   (  0, 40)       -0.182  0.99663  -12.480    0.355  0.99918  *
*  81)    3.019   ( 41,  0)       -0.676  0.99345  -12.413    0.487  0.99838  *
*  82)    3.019   (  0, 41)       -0.676  0.99345  -12.413    0.487  0.99838  *
*  83)    2.824   (  0, 42)        0.718  0.99151  -12.210    0.518  0.99770  *
*  84)    2.824   ( 42,  0)        0.718  0.99151  -12.210    0.518  0.99770  *
*  85)    2.549   (  0, 43)       -0.903  0.99210  -11.943    0.451  0.99753  *
*  86)    2.549   ( 43,  0)       -0.903  0.99210  -11.943    0.451  0.99753  *
*  87)    2.262   (  0, 44)       -0.115  0.98389  -11.623    0.569  0.99406  *
*  88)    2.262   ( 44,  0)       -0.115  0.98389  -11.623    0.569  0.99406  *
*  89)    1.810   (  0, 45)       -0.215  0.99042  -11.209    0.353  0.99495  *
*  90)    1.810   ( 45,  0)       -0.215  0.99042  -11.209    0.353  0.99495  *
*  91)    1.717   (  0, 46)       -0.093  0.98641  -11.104    0.398  0.99221  *
*  92)    1.717   ( 46,  0)       -0.093  0.98641  -11.104    0.398  0.99221  *
*  93)    1.619   ( 47,  0)        0.575  0.96525  -10.940    0.593  0.97876  *
*  94)    1.619   (  0, 47)        0.575  0.96525  -10.940    0.593  0.97876  *
*  95)    1.129   ( 48,  0)        0.378  0.95283  -10.456    0.479  0.94474  *
*  96)    1.129   (  0, 48)        0.378  0.95283  -10.456    0.479  0.94474  *
*  97)    1.151   (  0, 49)        0.303  0.93741  -10.441    0.558  0.93303  *
*  98)    1.151   ( 49,  0)        0.303  0.93741  -10.441    0.558  0.93303  *
*  99)    0.582   ( 50,  0)        0.847  0.75453   -9.730    0.501  0.60068  *
* 100)    0.582   (  0, 50)        0.847  0.75453   -9.730    0.501  0.60068  *
* 101)    0.493   (  0, 51)       -0.413  0.33658   -9.272    0.466  0.49172  *
* 102)    0.493   ( 51,  0)       -0.413  0.33658   -9.272    0.466  0.49172  *
* 103)    0.555   (  0, 52)        0.206  0.30054   -9.212    0.509  0.52329  *
* 104)    0.555   ( 52,  0)        0.206  0.30054   -9.212    0.509  0.52329  *
* 105)    0.833   (  0, 53)       -0.454  0.07587   -8.727    0.441  0.60888  *
* 106)    0.833   ( 53,  0)       -0.454  0.07587   -8.727    0.441  0.60888  *
* 107)    0.927   ( 54,  0)        0.294  0.07984   -8.655    0.502  0.63517  *
* 108)    0.927   (  0, 54)        0.294  0.07984   -8.655    0.502  0.63517  *
* 109)    1.276   (  0, 55)        0.318  0.04555   -8.273    0.532  0.70340  *
* 110)    1.276   ( 55,  0)        0.318  0.04555   -8.273    0.532  0.70340  *
* 111)    1.399   (  0, 56)        0.004  0.03911   -8.144    0.542  0.72160  *
* 112)    1.399   ( 56,  0)        0.004  0.03911   -8.144    0.542  0.72160  *
* 113)    1.970   ( 57,  0)        0.088  0.00917   -7.499    0.376  0.78215  *
* 114)    1.970   (  0, 57)        0.088  0.00917   -7.499    0.376  0.78215  *
* 115)    2.578   ( 58,  0)       -0.629  0.00930   -6.904    0.495  0.82457  *
* 116)    2.578   (  0, 58)       -0.629  0.00930   -6.904    0.495  0.82457  *
* 117)    2.624   ( 59,  0)        0.413  0.01219   -6.874    0.576  0.82742  *
* 118)    2.624   (  0, 59)        0.413  0.01219   -6.874    0.576  0.82742  *
* 119)    2.768   ( 60,  0)       -0.384  0.00706   -6.704    0.464  0.83444  *
* 120)    2.768   (  0, 60)       -0.384  0.00706   -6.704    0.464  0.83444  *
* 121)    3.073   ( 61,  0)       -0.819  0.00640   -6.400    0.490  0.84832  *
* 122)    3.073   (  0, 61)       -0.819  0.00640   -6.400    0.490  0.84832  *
* 123)    3.560   (  0, 62)        0.708  0.00395   -5.902    0.446  0.86608  *
* 124)    3.560   ( 62,  0)        0.708  0.00395   -5.902    0.446  0.86608  *
* 125)    3.588   ( 63,  0)       -0.381  0.00437   -5.877    0.473  0.86704  *
* 126)    3.588   (  0, 63)       -0.381  0.00437   -5.877    0.473  0.86704  *
* 127)    3.742   (  0, 64)       -0.931  0.00307   -5.715    0.414  0.87168  *
* 128)    3.742   ( 64,  0)       -0.931  0.00307   -5.715    0.414  0.87168  *
* 129)    4.429   (  0, 65)        0.444  0.00307   -5.032    0.490  0.88940  *
* 130)    4.429   ( 65,  0)        0.444  0.00307   -5.032    0.490  0.88940  *
* 131)    4.792   (  0, 66)       -0.062  0.00330   -4.673    0.549  0.89694  *
* 132)    4.792   ( 66,  0)       -0.062  0.00330   -4.673    0.549  0.89694  *
* 133)    4.865   ( 67,  0)        0.162  0.00350   -4.602    0.574  0.89834  *
* 134)    4.865   (  0, 67)        0.162  0.00350   -4.602    0.574  0.89834  *
* 135)    5.344   (  0, 68)       -0.522  0.02388   -4.345    1.632  0.90810  *
* 136)    5.344   ( 68,  0)       -0.522  0.02388   -4.345    1.632  0.90810  *
* 137)    5.214   ( 69,  0)       -0.245  0.00291   -4.250    0.562  0.90444  *
* 138)    5.214   (  0, 69)       -0.245  0.00291   -4.250    0.562  0.90444  *
* 139)    5.790   ( 70,  0)        0.335  0.00084   -3.653    0.336  0.91299  *
* 140)    5.790   (  0, 70)        0.335  0.00084   -3.653    0.336  0.91299  *
* 141)    6.351   (  0, 71)        0.777  0.02297   -3.375    1.903  0.92150  *
* 142)    6.351   ( 71,  0)        0.777  0.02297   -3.375    1.903  0.92150  *
* 143)    6.534   (  0, 72)        0.555  0.00140   -2.918    0.488  0.92216  *
* 144)    6.534   ( 72,  0)        0.555  0.00140   -2.918    0.488  0.92216  *
* 145)    6.851   (  0, 73)        0.222  0.00374   -2.634    0.836  0.92564  *
* 146)    6.851   ( 73,  0)        0.222  0.00374   -2.634    0.836  0.92564  *
* 147)    6.849   (  0, 74)       -0.438  0.00131   -2.603    0.496  0.92547  *
* 148)    6.849   ( 74,  0)       -0.438  0.00131   -2.603    0.496  0.92547  *
* 149)    6.963   ( 75,  0)       -0.109  0.00130   -2.489    0.502  0.92660  *
* 150)    6.963   (  0, 75)       -0.109  0.00130   -2.489    0.502  0.92660  *
* 151)    7.335   (  0, 76)        0.896  0.00072   -2.110    0.393  0.93003  *
* 152)    7.335   ( 76,  0)        0.896  0.00072   -2.110    0.393  0.93003  *
* 153)    7.499   ( 77,  0)        0.105  0.00407   -1.996    0.955  0.93164  *
* 154)    7.499   (  0, 77)        0.105  0.00407   -1.996    0.955  0.93164  *
* 155)    7.718   ( 78,  0)        0.410  0.00342   -1.769    0.902  0.93342  *
* 156)    7.718   (  0, 78)        0.410  0.00342   -1.769    0.902  0.93342  *
* 157)    8.182   ( 79,  0)        0.866  0.01275   -1.460    1.836  0.93746  *
* 158)    8.182   (  0, 79)        0.866  0.01275   -1.460    1.836  0.93746  *
* 159)    8.370   ( 80,  0)        0.033  0.00090   -1.079    0.503  0.93816  *
* 160)    8.370   (  0, 80)        0.033  0.00090   -1.079    0.503  0.93816  *
* 161)    8.395   ( 81,  0)       -0.074  0.00060   -1.049    0.411  0.93831  *
* 162)    8.395   (  0, 81)       -0.074  0.00060   -1.049    0.411  0.93831  *
* 163)    9.091   ( 82,  0)        0.087  0.00037   -0.349    0.351  0.94276  *
* 164)    9.091   (  0, 82)        0.087  0.00037   -0.349    0.351  0.94276  *
* 165)    9.222   (  0, 83)        0.034  0.00113   -0.232    0.620  0.94356  *
* 166)    9.222   ( 83,  0)        0.034  0.00113   -0.232    0.620  0.94356  *
* 167)    9.393   (  0, 84)       -0.108  0.00071   -0.054    0.501  0.94451  *
* 168)    9.393   ( 84,  0)       -0.108  0.00071   -0.054    0.501  0.94451  *
* 169)    9.433   ( 85,  0)       -0.221  0.00073   -0.015    0.510  0.94473  *
* 170)    9.433   (  0, 85)       -0.221  0.00073   -0.015    0.510  0.94473  *
* 171)    9.553   ( 86,  0)       -0.768  0.00472    0.030    1.309  0.94558  *
* 172)    9.553   (  0, 86)       -0.768  0.00472    0.030    1.309  0.94558  *
* 173)    9.734   ( 87,  0)       -0.630  0.00061    0.289    0.482  0.94635  *
* 174)    9.734   (  0, 87)       -0.630  0.00061    0.289    0.482  0.94635  *
* 175)    9.895   ( 88,  0)       -0.790  0.00169    0.428    0.813  0.94722  *
* 176)    9.895   (  0, 88)       -0.790  0.00169    0.428    0.813  0.94722  *
* 177)    9.973   ( 89,  0)       -0.124  0.00329    0.474    1.142  0.94769  *
* 178)    9.973   (  0, 89)       -0.124  0.00329    0.474    1.142  0.94769  *
*                                                                             *
*1810)   TOTAL=  ( 905, 905)                                                  *
*                                                                             *
*******************************************************************************

*******************************************************************************
*                                                                             *
*  SINGLE-PARTICLE PROPERTIES: CANONICAL                           NEUTRONS   *
*                                                                             *
*******************************************************************************
*                                                                             *
*  NO)   ENERGY   (S=+,S=-)   | N,nz,lz,OMEz>   <P>    <JY>    <SY>   GFACT   *
*                                                                             *
*  43)  -11.952   ( 43,---)   | 3, 0, 3, 7/2>   -91   0.000   0.000   0.151   *
*  44)  -11.650   ( 44,---)   | 8, 8, 0, 1/2>   -14  -1.590  -0.394   0.248   *
*  45)  -11.233   ( 45,---)   | 5, 2, 1, 1/2>   -18   0.198  -0.055  -0.278   *
*  46)  -11.107   ( 46,---)   | 4, 1, 3, 5/2>    -9  -0.000  -0.000   0.749   *
*  47)  -10.979   ( 47,---)   | 4, 2, 2, 3/2>    58  -0.000   0.000  -0.368   *
*  48)  -10.466   ( 48,---)   | 4, 1, 1, 3/2>    30   0.000  -0.000  -0.615   *
*  49)  -10.458   ( 49,---)   |10, 9, 1, 1/2>    38  -0.111  -0.140   1.264   *
*  50)   -9.730   ( 50,---)   | 4, 1, 3, 7/2>    83  -0.000   0.000  -0.033   *
*  51)   -9.271   ( 51,---)   | 9, 7, 2, 3/2>   -41  -0.000   0.000  -1.402   *
*  52)   -9.208   ( 52,---)   | 4, 1, 1, 1/2>    18   0.162  -0.031  -0.189   *
*  53)   -8.707   ( 53,---)   | 9, 7, 0, 1/2>   -56  -0.621  -0.416   0.670   *
*  54)   -8.611   ( 54,---)   | 6, 3, 3, 5/2>    21  -0.000  -0.000   0.013   *
*  55)   -8.288   ( 55,---)   |10, 8, 2, 5/2>    40  -0.000  -0.000   3.425   *
*  56)   -7.981   ( 56,---)   | 3, 0, 1, 3/2>   -80  -0.000  -0.000   0.271   *
*  57)   -7.450   ( 57,---)   | 6, 2, 4, 9/2>    11   0.000   0.000   1.302   *
*  58)   -6.824   ( 58,---)   | 5, 3, 2, 3/2>   -52   0.000  -0.000  -0.110   *
*  59)   -6.748   ( 59,---)   | 9, 9, 0, 1/2>    -3  -1.667  -0.366   0.219   *
*  60)   -6.329   ( 60,---)   | 3, 0, 1, 1/2>   -86   0.249  -0.038  -0.151   *
*  61)   -6.259   ( 61,---)   | 5, 2, 3, 7/2>   -74  -0.000  -0.000   0.080   *
*  62)   -5.743   ( 62,---)   |11,10, 1, 1/2>   -14  -0.056  -0.147   2.611   *
*  63)   -5.610   ( 63,---)   | 4, 1, 1, 3/2>    70   0.000   0.000   0.078   *
*  64)   -5.304   ( 64,---)   | 3, 0, 3, 5/2>   -88  -0.000  -0.000   0.040   *
*  65)   -4.643   ( 65,---)   | 8, 5, 1, 1/2>    37  -0.462  -0.305   0.661   *
*  66)   -4.461   ( 66,---)   | 7, 3, 4, 9/2>   -10  -0.000  -0.000   4.592   *
*  67)   -4.360   ( 67,---)   |10, 8, 2, 3/2>    24  -0.000  -0.000   0.483   *
*  68)   -3.975   ( 68,---)   |11, 9, 2, 5/2>   -26  -0.000  -0.000  2.E+01   *
*  69)   -3.609   ( 69,---)   | 4, 1, 1, 1/2>    51   0.147  -0.172  -1.174   *
*  70)   -3.023   ( 70,---)   | 4, 1, 3, 5/2>    71  -0.000   0.000  -0.133   *
*  71)   -2.516   ( 71,---)   |10, 7, 3, 7/2>    43  -0.000  -0.000   0.050   *
*  72)   -2.113   ( 72,---)   | 7, 5, 2, 3/2>     7  -0.000  -0.000   0.178   *
*  73)   -1.514   ( 73,---)   | 9, 6, 1, 3/2>   -38   0.000  -0.000  -2.257   *
*  74)   -1.360   ( 74,---)   |10,10, 0, 1/2>    18  -1.753  -0.332   0.189   *
*  75)   -0.969   ( 75,---)   | 6, 2, 2, 5/2>    10  -0.000  -0.000   2.621   *
*  76)   -0.801   ( 76,---)   | 5, 1, 0, 1/2>   -19  -0.284  -0.483   1.699   *
*  77)   -0.570   ( 77,---)   | 7, 3, 2, 5/2>   -27  -0.000  -0.000   4.235   *
*  78)   -0.489   ( 78,---)   | 9, 8, 1, 1/2>   -14  -0.261  -0.178   0.682   *
*  79)   -0.366   ( 79,---)   | 4, 0, 4, 9/2>    61  -0.000  -0.000   3.027   *
*                                                                             *
*******************************************************************************

*******************************************************************************
*                                                                             *
*  HFB PAIRING PROPERTIES                                           NEUTRONS  *
*                                                                             *
*  STRENGTH= 0.0770   GAP= 0.4693   FERMI ENERGY= -9.9858   ENERGY=  -2.8605  *
*                                                                             *
*******************************************************************************

*******************************************************************************
*                                                                             *
*  MULTIPOLE MOMENTS [UNITS:  (10 FERMI)^LAMBDA]                    NEUTRONS  *
*                                                                             *
*******************************************************************************
*                                                                             *
*  Q00 = 98.0000  .............  .............  .............  .............  *
*                                                                             *
*  Q10 =  3.6061  Q11 =    ZERO  .............  .............  .............  *
*                                                                             *
*  Q20 = 76.0392  Q21 =    ZERO  Q22 = 6.2E-07  .............  .............  *
*                                                                             *
*  Q30 =  5.6827  Q31 =    ZERO  Q32 = 3.3E-07  Q33 =    ZERO  .............  *
*                                                                             *
*  Q40 = 19.6536  Q41 =    ZERO  Q42 = 3.7E-07  Q43 =    ZERO  Q44 = 2.1E-07  *
*                                                                             *
*******************************************************************************

*******************************************************************************
*                                                                             *
*  ROOT-MEAN-SQUARE AND GEOMETRIC SIZES IN FERMIS                   NEUTRONS  *
*                                                                             *
*  R_RMS =  7.3215     X_RMS =  2.2218    Y_RMS =  2.2218    Z_RMS =  6.6130  *
*                                                                             *
*  R_GEO =  9.4520     X_GEO =  4.9680    Y_GEO =  4.9680    Z_GEO = 14.7871  *
*                                                                             *
*******************************************************************************

*******************************************************************************
*                                                                             *
*  BOHR DEFORMATIONS (FIRST-ORDER APPROXIMATION)                    NEUTRONS  *
*                                                                             *
*******************************************************************************
*                                                                             *
*  B10 =  0.0797  B11 =    ZERO  .............  .............  .............  *
*                                                                             *
*  B20 =  1.1474  B21 =    ZERO  B22 = 9.3E-09  .............  .............  *
*                                                                             *
*  B30 =  0.2876  B31 =    ZERO  B32 = 2.4E-08  B33 =    ZERO  .............  *
*                                                                             *
*  B40 =  1.0525  B41 =    ZERO  B42 = 2.8E-08  B43 =    ZERO  B44 = 1.6E-08  *
*                                                                             *
*******************************************************************************
*                                                                             *
*  BOHR DENSITY = 0.0277 FM^(-3)  BOHR RADIUS =   9.4520 FM                   *
*                                                                             *
*******************************************************************************

*******************************************************************************
*                                                                             *
*  SINGLE-QUASIPARTICLE PROPERTIES:                                 PROTONS   *
*                                                                             *
*******************************************************************************
*                                                                             *
*  NO)   ENERGY   (S=+,S=-)       PARITY   V2QUAP   EEQUIV   DEQUIV   V_CORR  *
*                                                                             *
*  39)    9.744   (  0, 20)        0.133  0.99863  -12.561    0.720  0.99997  *
*  40)    9.744   ( 20,  0)        0.133  0.99863  -12.561    0.720  0.99997  *
*  41)    9.468   ( 21,  0)        0.087  0.99545  -12.226    1.275  0.99988  *
*  42)    9.468   (  0, 21)        0.087  0.99545  -12.226    1.275  0.99988  *
*  43)    8.159   (  0, 22)        0.616  0.99840  -10.977    0.651  0.99995  *
*  44)    8.159   ( 22,  0)        0.616  0.99840  -10.977    0.651  0.99995  *
*  45)    8.132   (  0, 23)        0.886  0.99870  -10.955    0.586  0.99996  *
*  46)    8.132   ( 23,  0)        0.886  0.99870  -10.955    0.586  0.99996  *
*  47)    7.885   ( 24,  0)       -0.383  0.99846  -10.704    0.618  0.99995  *
*  48)    7.885   (  0, 24)       -0.383  0.99846  -10.704    0.618  0.99995  *
*  49)    7.028   (  0, 25)       -0.104  0.99142   -9.751    1.296  0.99970  *
*  50)    7.028   ( 25,  0)       -0.104  0.99142   -9.751    1.296  0.99970  *
*  51)    6.750   (  0, 26)       -0.089  0.99898   -9.580    0.432  0.99996  *
*  52)    6.750   ( 26,  0)       -0.089  0.99898   -9.580    0.432  0.99996  *
*  53)    6.219   (  0, 27)        0.629  0.99747   -9.032    0.625  0.99990  *
*  54)    6.219   ( 27,  0)        0.629  0.99747   -9.032    0.625  0.99990  *
*  55)    5.794   ( 28,  0)       -0.815  0.99802   -8.615    0.515  0.99991  *
*  56)    5.794   (  0, 28)       -0.815  0.99802   -8.615    0.515  0.99991  *
*  57)    4.482   (  0, 29)        0.069  0.99701   -7.299    0.490  0.99983  *
*  58)    4.482   ( 29,  0)        0.069  0.99701   -7.299    0.490  0.99983  *
*  59)    4.445   (  0, 30)        0.866  0.98487   -7.154    1.085  0.99914  *
*  60)    4.445   ( 30,  0)        0.866  0.98487   -7.154    1.085  0.99914  *
*  61)    4.276   (  0, 31)       -0.060  0.99362   -7.065    0.681  0.99962  *
*  62)    4.276   ( 31,  0)       -0.060  0.99362   -7.065    0.681  0.99962  *
*  63)    4.104   (  0, 32)        0.224  0.96727   -6.680    1.461  0.99797  *
*  64)    4.104   ( 32,  0)        0.224  0.96727   -6.680    1.461  0.99797  *
*  65)    3.422   (  0, 33)        0.241  0.99542   -6.234    0.462  0.99965  *
*  66)    3.422   ( 33,  0)        0.241  0.99542   -6.234    0.462  0.99965  *
*  67)    2.761   (  0, 34)        0.841  0.99257   -5.564    0.474  0.99928  *
*  68)    2.761   ( 34,  0)        0.841  0.99257   -5.564    0.474  0.99928  *
*  69)    2.546   (  0, 35)       -0.641  0.98001   -5.288    0.713  0.99788  *
*  70)    2.546   ( 35,  0)       -0.641  0.98001   -5.288    0.713  0.99788  *
*  71)    1.665   (  0, 36)       -0.640  0.98116   -4.446    0.453  0.99669  *
*  72)    1.665   ( 36,  0)       -0.640  0.98116   -4.446    0.453  0.99669  *
*  73)    1.654   ( 37,  0)       -0.763  0.97048   -4.400    0.560  0.99480  *
*  74)    1.654   (  0, 37)       -0.763  0.97048   -4.400    0.560  0.99480  *
*  75)    1.058   (  0, 38)        0.078  0.96465   -3.827    0.391  0.98887  *
*  76)    1.058   ( 38,  0)        0.078  0.96465   -3.827    0.391  0.98887  *
*  77)    0.613   (  0, 39)        0.307  0.69633   -3.085    0.564  0.85220  *
*  78)    0.613   ( 39,  0)        0.307  0.69633   -3.085    0.564  0.85220  *
*  79)    0.543   ( 40,  0)        0.291  0.61822   -2.972    0.528  0.80611  *
*  80)    0.543   (  0, 40)        0.291  0.61822   -2.972    0.528  0.80611  *
*  81)    0.809   (  0, 41)        0.634  0.08595   -2.174    0.453  0.78561  *
*  82)    0.809   ( 41,  0)        0.634  0.08595   -2.174    0.453  0.78561  *
*  83)    0.853   (  0, 42)       -0.659  0.08646   -2.138    0.480  0.79482  *
*  84)    0.853   ( 42,  0)       -0.659  0.08646   -2.138    0.480  0.79482  *
*  85)    1.237   ( 43,  0)       -0.078  0.05491   -1.743    0.564  0.84643  *
*  86)    1.237   (  0, 43)       -0.078  0.05491   -1.743    0.564  0.84643  *
*  87)    1.298   (  0, 44)       -0.080  0.04479   -1.662    0.537  0.85159  *
*  88)    1.298   ( 44,  0)       -0.080  0.04479   -1.662    0.537  0.85159  *
*  89)    1.410   ( 45,  0)       -0.648  0.02994   -1.518    0.481  0.86043  *
*  90)    1.410   (  0, 45)       -0.648  0.02994   -1.518    0.481  0.86043  *
*  91)    1.420   (  0, 46)       -0.198  0.02589   -1.497    0.451  0.86086  *
*  92)    1.420   ( 46,  0)       -0.198  0.02589   -1.497    0.451  0.86086  *
*  93)    2.000   ( 47,  0)       -0.190  0.02415   -0.940    0.614  0.89707  *
*  94)    2.000   (  0, 47)       -0.190  0.02415   -0.940    0.614  0.89707  *
*  95)    2.655   ( 48,  0)       -0.649  0.02077   -0.299    0.757  0.92028  *
*  96)    2.655   (  0, 48)       -0.649  0.02077   -0.299    0.757  0.92028  *
*  97)    2.955   (  0, 49)        0.264  0.00320    0.092    0.334  0.92672  *
*  98)    2.955   ( 49,  0)        0.264  0.00320    0.092    0.334  0.92672  *
*  99)    4.032   ( 50,  0)        0.255  0.03262    0.925    1.433  0.94664  *
* 100)    4.032   (  0, 50)        0.255  0.03262    0.925    1.433  0.94664  *
* 101)    3.881   ( 51,  0)        0.351  0.00420    1.004    0.502  0.94326  *
* 102)    3.881   (  0, 51)        0.351  0.00420    1.004    0.502  0.94326  *
* 103)    4.108   (  0, 52)        0.120  0.00184    1.249    0.352  0.94612  *
* 104)    4.108   ( 52,  0)        0.120  0.00184    1.249    0.352  0.94612  *
* 105)    4.628   ( 53,  0)        0.551  0.01428    1.652    1.098  0.95242  *
* 106)    4.628   (  0, 53)        0.551  0.01428    1.652    1.098  0.95242  *
* 107)    4.697   ( 54,  0)        0.241  0.00227    1.832    0.447  0.95258  *
* 108)    4.697   (  0, 54)        0.241  0.00227    1.832    0.447  0.95258  *
* 109)    5.094   (  0, 55)       -0.044  0.00194    2.230    0.448  0.95609  *
* 110)    5.094   ( 55,  0)       -0.044  0.00194    2.230    0.448  0.95609  *
* 111)    5.189   (  0, 56)        0.020  0.00320    2.312    0.586  0.95692  *
* 112)    5.189   ( 56,  0)        0.020  0.00320    2.312    0.586  0.95692  *
* 113)    5.762   ( 57,  0)       -0.381  0.00143    2.902    0.435  0.96097  *
* 114)    5.762   (  0, 57)       -0.381  0.00143    2.902    0.435  0.96097  *
* 115)    6.182   ( 58,  0)       -0.588  0.00153    3.320    0.483  0.96353  *
* 116)    6.182   (  0, 58)       -0.588  0.00153    3.320    0.483  0.96353  *
* 117)    6.355   ( 59,  0)       -0.014  0.00217    3.483    0.591  0.96451  *
* 118)    6.355   (  0, 59)       -0.014  0.00217    3.483    0.591  0.96451  *
* 119)    7.048   ( 60,  0)       -0.008  0.00764    4.096    1.227  0.96805  *
* 120)    7.048   (  0, 60)       -0.008  0.00764    4.096    1.227  0.96805  *
* 121)    6.961   ( 61,  0)       -0.771  0.00122    4.101    0.486  0.96747  *
* 122)    6.961   (  0, 61)       -0.771  0.00122    4.101    0.486  0.96747  *
* 123)    7.284   ( 62,  0)       -0.590  0.00104    4.425    0.470  0.96886  *
* 124)    7.284   (  0, 62)       -0.590  0.00104    4.425    0.470  0.96886  *
* 125)    7.325   ( 63,  0)        0.113  0.00262    4.443    0.749  0.96908  *
* 126)    7.325   (  0, 63)        0.113  0.00262    4.443    0.749  0.96908  *
* 127)    7.890   ( 64,  0)        0.587  0.00068    5.035    0.410  0.97117  *
* 128)    7.890   (  0, 64)        0.587  0.00068    5.035    0.410  0.97117  *
* 129)    8.626   (  0, 65)        0.234  0.00108    5.764    0.566  0.97358  *
* 130)    8.626   ( 65,  0)        0.234  0.00108    5.764    0.566  0.97358  *
* 131)    8.817   ( 66,  0)        0.398  0.00128    5.951    0.632  0.97414  *
* 132)    8.817   (  0, 66)        0.398  0.00128    5.951    0.632  0.97414  *
* 133)    9.102   ( 67,  0)       -0.116  0.00098    6.240    0.571  0.97492  *
* 134)    9.102   (  0, 67)       -0.116  0.00098    6.240    0.571  0.97492  *
* 135)    9.278   ( 68,  0)       -0.101  0.00038    6.427    0.362  0.97538  *
* 136)    9.278   (  0, 68)       -0.101  0.00038    6.427    0.362  0.97538  *
* 137)    9.717   ( 69,  0)       -0.098  0.00406    6.795    1.235  0.97654  *
* 138)    9.717   (  0, 69)       -0.098  0.00406    6.795    1.235  0.97654  *
*                                                                             *
*1458)   TOTAL=  ( 729, 729)                                                  *
*                                                                             *
*******************************************************************************

*******************************************************************************
*                                                                             *
*  SINGLE-PARTICLE PROPERTIES: CANONICAL                            PROTONS   *
*                                                                             *
*******************************************************************************
*                                                                             *
*  NO)   ENERGY   (S=+,S=-)   | N,nz,lz,OMEz>   <P>    <JY>    <SY>   GFACT   *
*                                                                             *
*  23)  -11.074   ( 23,---)   | 4, 4, 0, 1/2>     4  -1.014  -0.406   0.401   *
*  24)  -11.003   ( 24,---)   | 2, 0, 2, 5/2>    72   0.000  -0.000  -0.926   *
*  25)  -10.719   ( 25,---)   | 5, 3, 2, 3/2>   -11  -0.000  -0.000   0.394   *
*  26)   -9.788   ( 26,---)   | 6, 4, 0, 1/2>     2  -0.417  -0.374   0.896   *
*  27)   -9.273   ( 27,---)   | 8, 7, 1, 1/2>    25  -0.160  -0.221   1.383   *
*  28)   -8.841   ( 28,---)   | 3, 1, 2, 5/2>   -77  -0.000  -0.000   0.220   *
*  29)   -7.625   ( 29,---)   | 2, 0, 0, 1/2>    81  -0.392  -0.440   1.122   *
*  30)   -7.347   ( 30,---)   | 2, 0, 2, 3/2>    12   0.000  -0.000  -0.006   *
*  31)   -7.078   ( 31,---)   | 5, 2, 3, 7/2>    -7  -0.000  -0.000   0.019   *
*  32)   -6.920   ( 32,---)   | 2, 0, 2, 3/2>    25   0.000   0.000   0.601   *
*  33)   -6.547   ( 33,---)   | 7, 7, 0, 1/2>    11  -1.468  -0.436   0.297   *
*  34)   -5.606   ( 34,---)   | 4, 2, 2, 5/2>    79  -0.000  -0.000   0.498   *
*  35)   -5.379   ( 35,---)   | 3, 1, 0, 1/2>   -69  -0.654  -0.374   0.572   *
*  36)   -4.482   ( 36,---)   | 9, 8, 1, 1/2>   -59   0.032  -0.195  -6.136   *
*  37)   -4.455   ( 37,---)   | 3, 1, 2, 3/2>   -79  -0.000   0.000  -0.729   *
*  38)   -3.829   ( 38,---)   | 6, 3, 3, 7/2>     9  -0.000  -0.000   0.019   *
*  39)   -3.200   ( 39,---)   | 6, 5, 1, 3/2>    49   0.000   0.000   0.267   *
*  40)   -2.857   ( 40,---)   | 4, 1, 1, 3/2>    -3  -0.000  -0.000   0.177   *
*  41)   -2.100   ( 41,---)   | 6, 3, 1, 1/2>    42  -0.303  -0.213   0.703   *
*  42)   -2.081   ( 42,---)   | 5, 3, 2, 5/2>   -40  -0.000  -0.000   0.731   *
*  43)   -1.777   ( 43,---)   | 9, 7, 2, 5/2>   -39  -0.000  -0.000   2.330   *
*  44)   -1.683   ( 44,---)   | 8, 6, 0, 1/2>    24  -0.160  -0.247   1.542   *
*  45)   -1.474   ( 45,---)   | 3, 0, 3, 7/2>   -64  -0.000  -0.000   0.058   *
*  46)   -1.472   ( 46,---)   | 8, 8, 0, 1/2>   -13  -1.520  -0.402   0.264   *
*  47)   -0.831   ( 47,---)   | 4, 2, 2, 3/2>    73   0.000   0.000   1.019   *
*  48)   -0.145   ( 48,---)   |10, 9, 1, 1/2>    48   0.201  -0.127  -0.632   *
*                                                                             *
*******************************************************************************

*******************************************************************************
*                                                                             *
*  HFB PAIRING PROPERTIES                                            PROTONS  *
*                                                                             *
*  STRENGTH= 0.0739   GAP= 0.4610   FERMI ENERGY= -3.0781   ENERGY=  -2.8757  *
*                                                                             *
*******************************************************************************

*******************************************************************************
*                                                                             *
*  MULTIPOLE MOMENTS [UNITS:  (10 FERMI)^LAMBDA]                     PROTONS  *
*                                                                             *
*******************************************************************************
*                                                                             *
*  Q00 = 78.0000  .............  .............  .............  .............  *
*                                                                             *
*  Q10 =  3.8900  Q11 =    ZERO  .............  .............  .............  *
*                                                                             *
*  Q20 = 62.6804  Q21 =    ZERO  Q22 = 5.4E-07  .............  .............  *
*                                                                             *
*  Q30 =  4.9228  Q31 =    ZERO  Q32 = 2.7E-07  Q33 =    ZERO  .............  *
*                                                                             *
*  Q40 = 16.5049  Q41 =    ZERO  Q42 = 3.4E-07  Q43 =    ZERO  Q44 = 1.9E-07  *
*                                                                             *
*******************************************************************************

*******************************************************************************
*                                                                             *
*  ROOT-MEAN-SQUARE AND GEOMETRIC SIZES IN FERMIS                    PROTONS  *
*                                                                             *
*  R_RMS =  7.3626     X_RMS =  2.1624    Y_RMS =  2.1624    Z_RMS =  6.6975  *
*                                                                             *
*  R_GEO =  9.5051     X_GEO =  4.8354    Y_GEO =  4.8354    Z_GEO = 14.9760  *
*                                                                             *
*******************************************************************************

*******************************************************************************
*                                                                             *
*  BOHR DEFORMATIONS (FIRST-ORDER APPROXIMATION)                     PROTONS  *
*                                                                             *
*******************************************************************************
*                                                                             *
*  B10 =  0.1074  B11 =    ZERO  .............  .............  .............  *
*                                                                             *
*  B20 =  1.1751  B21 =    ZERO  B22 = 1.0E-08  .............  .............  *
*                                                                             *
*  B30 =  0.3078  B31 =    ZERO  B32 = 2.4E-08  B33 =    ZERO  .............  *
*                                                                             *
*  B40 =  1.0859  B41 =    ZERO  B42 = 3.1E-08  B43 =    ZERO  B44 = 1.8E-08  *
*                                                                             *
*******************************************************************************
*                                                                             *
*  BOHR DENSITY = 0.0217 FM^(-3)  BOHR RADIUS =   9.5051 FM                   *
*                                                                             *
*******************************************************************************

*******************************************************************************
*                                                                             *
*                  DENSITY INTEGRALS IN THE SKYRME FUNCTIONAL                 *
*                                                                             *
*******************************************************************************
*                                                                             *
*                   TOTAL(T)        SUM(S)      ISOSCALAR(P)  ISOVECTOR(M)    *
*                   --------        ------      ------------  ------------    *
*    DRHO_ =       19.722902      9.968032         19.722902      0.213163    *
*    DRHOD =        9.056690      4.575761          9.056690      0.094832    *
*    DLPR_ =       -4.710609     -2.373585         -4.710609     -0.036560    *
*    DTAU_ =       16.994887      8.647906         16.994887      0.300925    *
*    DSCU_ =        0.140194      0.075754          0.140194      0.011315    *
*    DDIV_ =        0.977089      0.492924          0.977089      0.008758    *
*                                                                             *
*    DSPI_ =        0.000000      0.000000          0.000000      0.000000    *
*    DSPID =        0.000000      0.000000          0.000000      0.000000    *
*    DLPS_ =        0.000000      0.000000          0.000000      0.000000    *
*    DCUR_ =        0.000000      0.000000          0.000000      0.000000    *
*    DKIS_ =        0.000000      0.000000          0.000000      0.000000    *
*    DROT_ =        0.000000      0.000000          0.000000      0.000000    *
*                                                                             *
*******************************************************************************

*******************************************************************************
*                                                                             *
*               CONTRIBUTIONS TO ENERGY IN THE SKYRME FUNCTIONAL              *
*                                                                             *
*******************************************************************************
*                                                                             *
*                 TOTAL(T)        SUM(S)        ISOSCALAR(P)  ISOVECTOR(M)    *
*                 --------        ------        ------------  ------------    *
*    ERHO_ =   -17633.459089   5365.946999     -12324.886459     57.374369    *
*    ERHOD =     9131.078798  -2321.575968       6833.559928    -24.057098    *
*    ELPR_ =     -463.219178    683.284133        214.802643      5.262311    *
*    ETAU_ =      563.483520   -417.447687        153.298885     -7.263051    *
*    ESCU_ =        0.000000      0.000000          0.000000      0.000000    *
*    EDIV_ =      -21.529022    -51.177837        -72.252199     -0.454659    *
*               ============  ============      ============  ============    *
*    SUM EVEN:  -8423.644971   3259.029641      -5195.477202     30.861871    *
*                                                                             *
*    ESPI_ =        0.000000      0.000000          0.000000      0.000000    *
*    ESPID =        0.000000      0.000000          0.000000      0.000000    *
*    ELPS_ =        0.000000      0.000000          0.000000      0.000000    *
*    ECUR_ =        0.000000      0.000000          0.000000      0.000000    *
*    EKIS_ =        0.000000      0.000000          0.000000      0.000000    *
*    EROT_ =        0.000000      0.000000          0.000000      0.000000    *
*               ============  ============      ============  ============    *
*    SUM  ODD:      0.000000      0.000000          0.000000      0.000000    *
*                                                                             *
*******************************************************************************
 
*******************************************************************************
*                                                                             *
*  CENTER-OF-MASS COORDINATES IN FERMIS                                TOTAL  *
*                                                                             *
*  R_CMS =  0.4259     X_CMS = -0.0000    Y_CMS =  0.0000    Z_CMS =  0.4259  *
*                                                                             *
*******************************************************************************

*******************************************************************************
*                                                                             *
*  MULTIPOLE MOMENTS [UNITS:  (10 FERMI)^LAMBDA] [CENT-MASS FRAME]  NEUTRONS  *
*                                                                             *
*******************************************************************************
*                                                                             *
*  Q00 = 98.0000  .............  .............  .............  .............  *
*                                                                             *
*  Q10 = -0.5679  Q11 =    ZERO  .............  .............  .............  *
*                                                                             *
*  Q20 = 75.7804  Q21 =    ZERO  Q22 = 6.2E-07  .............  .............  *
*                                                                             *
*  Q30 =  2.0659  Q31 =    ZERO  Q32 = 3.2E-07  Q33 =    ZERO  .............  *
*                                                                             *
*  Q40 = 18.9054  Q41 =    ZERO  Q42 = 3.2E-07  Q43 =    ZERO  Q44 = 2.1E-07  *
*                                                                             *
*******************************************************************************

*******************************************************************************
*                                                                             *
*  BOHR DEFORMATIONS (FIRST-ORDER APPROXIMATION) [CENT-MASS FRAME]  NEUTRONS  *
*                                                                             *
*******************************************************************************
*                                                                             *
*  B10 = -0.0131  B11 =    ZERO  .............  .............  .............  *
*                                                                             *
*  B20 =  1.2542  B21 =    ZERO  B22 = 1.0E-08  .............  .............  *
*                                                                             *
*  B30 =  0.1201  B31 =    ZERO  B32 = 2.6E-08  B33 =    ZERO  .............  *
*                                                                             *
*  B40 =  1.2179  B41 =    ZERO  B42 = 2.9E-08  B43 =    ZERO  B44 = 1.9E-08  *
*                                                                             *
*******************************************************************************
*                                                                             *
*  BOHR DENSITY = 0.0318 FM^(-3)  BOHR RADIUS =   9.0252 FM                   *
*                                                                             *
*******************************************************************************

*******************************************************************************
*                                                                             *
*  MULTIPOLE MOMENTS [UNITS:  (10 FERMI)^LAMBDA] [CENT-MASS FRAME]   PROTONS  *
*                                                                             *
*******************************************************************************
*                                                                             *
*  Q00 = 78.0000  .............  .............  .............  .............  *
*                                                                             *
*  Q10 =  0.5679  Q11 =    ZERO  .............  .............  .............  *
*                                                                             *
*  Q20 = 62.3007  Q21 =    ZERO  Q22 = 5.4E-07  .............  .............  *
*                                                                             *
*  Q30 =  1.9454  Q31 =    ZERO  Q32 = 2.6E-07  Q33 =    ZERO  .............  *
*                                                                             *
*  Q40 = 15.8418  Q41 =    ZERO  Q42 = 2.9E-07  Q43 =    ZERO  Q44 = 1.9E-07  *
*                                                                             *
*******************************************************************************

*******************************************************************************
*                                                                             *
*  BOHR DEFORMATIONS (FIRST-ORDER APPROXIMATION) [CENT-MASS FRAME]   PROTONS  *
*                                                                             *
*******************************************************************************
*                                                                             *
*  B10 =  0.0167  B11 =    ZERO  .............  .............  .............  *
*                                                                             *
*  B20 =  1.3252  B21 =    ZERO  B22 = 1.2E-08  .............  .............  *
*                                                                             *
*  B30 =  0.1470  B31 =    ZERO  B32 = 2.7E-08  B33 =    ZERO  .............  *
*                                                                             *
*  B40 =  1.3418  B41 =    ZERO  B42 = 3.5E-08  B43 =    ZERO  B44 = 2.3E-08  *
*                                                                             *
*******************************************************************************
*                                                                             *
*  BOHR DENSITY = 0.0262 FM^(-3)  BOHR RADIUS =   8.9234 FM                   *
*                                                                             *
*******************************************************************************

*******************************************************************************
*                                                                             *
*  EULER ANGLES OF THE PRINCIPAL-AXES FRAME IN DEGREES                 TOTAL  *
*                                                                             *
*  ALPHA =180.00000  BETA =  0.00000  GAMMA =  0.00000                        *
*                                                                             *
*******************************************************************************

*******************************************************************************
*                                                                             *
*  ROOT-MEAN-SQUARE AND GEOMETRIC SIZES IN FERMIS                      TOTAL  *
*                                                                             *
*  R_RMS =  7.3397     X_RMS =  2.1957    Y_RMS =  2.1957    Z_RMS =  6.6506  *
*                                                                             *
*  R_GEO =  9.4756     X_GEO =  4.9097    Y_GEO =  4.9097    Z_GEO = 14.8711  *
*                                                                             *
*******************************************************************************

*******************************************************************************
*                                                                             *
*  MULTIPOLE MOMENTS [UNITS:  (10 FERMI)^LAMBDA]                       TOTAL  *
*                                                                             *
*******************************************************************************
*                                                                             *
*  Q00 =176.0000  .............  .............  .............  .............  *
*                                                                             *
*  Q10 =  7.4961  Q11 =    ZERO  .............  .............  .............  *
*                                                                             *
*  Q20 =138.7196  Q21 =    ZERO  Q22 = 1.2E-06  .............  .............  *
*                                                                             *
*  Q30 = 10.6055  Q31 =    ZERO  Q32 = 6.0E-07  Q33 =    ZERO  .............  *
*                                                                             *
*  Q40 = 36.1585  Q41 =    ZERO  Q42 = 7.1E-07  Q43 =    ZERO  Q44 = 4.0E-07  *
*                                                                             *
*******************************************************************************

*******************************************************************************
*                                                                             *
*  BOHR DEFORMATIONS (FIRST-ORDER APPROXIMATION)                       TOTAL  *
*                                                                             *
*******************************************************************************
*                                                                             *
*  B10 =  0.0920  B11 =    ZERO  .............  .............  .............  *
*                                                                             *
*  B20 =  1.1597  B21 =    ZERO  B22 = 9.7E-09  .............  .............  *
*                                                                             *
*  B30 =  0.2967  B31 =    ZERO  B32 = 2.4E-08  B33 =    ZERO  .............  *
*                                                                             *
*  B40 =  1.0675  B41 =    ZERO  B42 = 3.0E-08  B43 =    ZERO  B44 = 1.7E-08  *
*                                                                             *
*******************************************************************************
*                                                                             *
*  BOHR DENSITY = 0.0494 FM^(-3)  BOHR RADIUS =   9.4756 FM                   *
*                                                                             *
*******************************************************************************

*******************************************************************************
*                                                                             *
*  MULTIPOLE MOMENTS [UNITS:  (10 FERMI)^LAMBDA] [CENT-MASS FRAME]     TOTAL  *
*                                                                             *
*******************************************************************************
*                                                                             *
*  Q00 =176.0000  .............  .............  .............  .............  *
*                                                                             *
*  Q10 =    ZERO  Q11 =    ZERO  .............  .............  .............  *
*                                                                             *
*  Q20 =138.0811  Q21 =    ZERO  Q22 = 1.2E-06  .............  .............  *
*                                                                             *
*  Q30 =  4.0113  Q31 =    ZERO  Q32 = 5.7E-07  Q33 =    ZERO  .............  *
*                                                                             *
*  Q40 = 34.7472  Q41 =    ZERO  Q42 = 6.1E-07  Q43 =    ZERO  Q44 = 4.0E-07  *
*                                                                             *
*******************************************************************************

*******************************************************************************
*                                                                             *
*  BOHR DEFORMATIONS (FIRST-ORDER APPROXIMATION) [CENT-MASS FRAME]     TOTAL  *
*                                                                             *
*******************************************************************************
*                                                                             *
*  B10 =    ZERO  B11 =    ZERO  .............  .............  .............  *
*                                                                             *
*  B20 =  1.2852  B21 =    ZERO  B22 = 1.1E-08  .............  .............  *
*                                                                             *
*  B30 =  0.1318  B31 =    ZERO  B32 = 2.7E-08  B33 =    ZERO  .............  *
*                                                                             *
*  B40 =  1.2715  B41 =    ZERO  B42 = 3.2E-08  B43 =    ZERO  B44 = 2.1E-08  *
*                                                                             *
*******************************************************************************
*                                                                             *
*  BOHR DENSITY = 0.0580 FM^(-3)  BOHR RADIUS =   8.9804 FM                   *
*                                                                             *
*******************************************************************************

*******************************************************************************
*                                                                             *
*  MULTIPOLE MOMENTS [UNITS:  (10 FERMI)^LAMBDA] [INTRINSIC FRAME]     TOTAL  *
*                                                                             *
*  REAL PART  FOR A NON-NEGATIVE PROJECTION                                   *
*  IMAGINARY PART FOR A NEGATIVE PROJECTION                                   *
*                                                                             *
*******************************************************************************
*                                                                             *
*  Q00 =176.0000  .............  .............  .............  .............  *
*                 .............  .............  .............  .............  *
*                                                                             *
*  Q10 =    ZERO  Q1+1=    ZERO  .............  .............  .............  *
*                 Q1-1=    ZERO  .............  .............  .............  *
*                                                                             *
*  Q20 =138.0811  Q2+1=    ZERO  Q2+2= 1.2E-06  .............  .............  *
*                 Q2-1=    ZERO  Q2-2=    ZERO  .............  .............  *
*                                                                             *
*  Q30 =  4.0113  Q3+1=    ZERO  Q3+2= 5.7E-07  Q3+3=    ZERO  .............  *
*                 Q3-1=    ZERO  Q3-2=    ZERO  Q3-3=    ZERO  .............  *
*                                                                             *
*  Q40 = 34.7472  Q4+1=    ZERO  Q4+2= 6.1E-07  Q4+3=    ZERO  Q4+4= 4.0E-07  *
*                 Q4-1=    ZERO  Q4-2=    ZERO  Q4-3=    ZERO  Q4-4=    ZERO  *
*                                                                             *
*******************************************************************************

*******************************************************************************
*                                                                             *
*  BOHR DEFORMATIONS (FIRST-ORDER APPROXIMATION) [INTRINSIC FRAME]     TOTAL  *
*                                                                             *
*  REAL PART  FOR A NON-NEGATIVE PROJECTION                                   *
*  IMAGINARY PART FOR A NEGATIVE PROJECTION                                   *
*                                                                             *
*******************************************************************************
*                                                                             *
*  B10 =    ZERO  B1+1=    ZERO  .............  .............  .............  *
*                 B1-1=    ZERO  .............  .............  .............  *
*                                                                             *
*  B20 =  1.2852  B2+1=    ZERO  B2+2= 1.1E-08  .............  .............  *
*                 B2-1=    ZERO  B2-2=    ZERO  .............  .............  *
*                                                                             *
*  B30 =  0.1318  B3+1=    ZERO  B3+2= 2.7E-08  B3+3=    ZERO  .............  *
*                 B3-1=    ZERO  B3-2=    ZERO  B3-3=    ZERO  .............  *
*                                                                             *
*  B40 =  1.2715  B4+1=    ZERO  B4+2= 3.2E-08  B4+3=    ZERO  B4+4= 2.1E-08  *
*                 B4-1=    ZERO  B4-2=    ZERO  B4-3=    ZERO  B4-4=    ZERO  *
*                                                                             *
*******************************************************************************
*                                                                             *
*  BOHR DENSITY = 0.0580 FM^(-3)  BOHR RADIUS =   8.9804 FM                   *
*                                                                             *
*******************************************************************************

*******************************************************************************
*                                                                             *
*                                ENERGIES (MEV)                               *
*                                                                             *
*******************************************************************************
*                                                                             *
*  KINETIC: (NEU)=  1834.305469    (PRO)=  1315.350437    (TOT)=  3149.655906 *
*  SUM EPS: (NEU)= -2091.777576    (PRO)= -1082.530962    (TOT)= -3174.308538 *
*  PAIRING: (NEU)=    -2.860478    (PRO)=    -2.875726    (TOT)=    -5.736204 *
*  P-REARR: (NEU)=     0.752772    (PRO)=     0.798457    (TOT)=     1.551229 *
*                                                                             *
*  PAIRGAP: (NEU)=     0.469271    (PRO)=     0.461028    THIS SPACE IS EMPTY *
*  E-FERMI: (NEU)=    -9.985818    (PRO)=    -3.078096    AND AWAITS  YOUR AD *
*                                                                             *
*  COULOMB: (DIR)=   677.922422    (EXC)=   -29.877002    (TOT)=   648.045420 *
*                                                                             *
*  CONSTR. (MULT)=   896.928687    SLOPE=   -62.476981    CORR.=    31.238491 *
*  CONSTR. (SURF)=     0.000000    SLOPE=     0.000000    CORR.=     0.000000 *
*  CONSTR. (SPIN)=     0.000000    SLOPE=     0.000000    CORR.=     0.000000 *
*  CONSTR. (ISOS)=     0.000000    SLOPE=     0.000000    CORR.=     0.000000 *
*                                                                             *
*  REARRANGEMENT ENERGY FROM THE SKYRME DENSITY-DEPENDENT TERMS=  1282.162356 *
*  ROUTHIAN= TOTAL ENERGY + MULTIPOLE AND (ISO)SPIN CONSTRAINTS=  -475.721521 *
*                                                                             *
*  SPIN-ORB (EVE)=   -72.706858    (ODD)=     0.000000    (TOT)=   -72.706858 *
*  SKYRME:  (EVE)= -5164.615330    (ODD)=     0.000000    (TOT)= -5164.615330 *
*                                                                             *
*  TOTAL:  (STAB)=    29.676612     (SP)= -1342.973596    (FUN)= -1372.650208 *
*                                                                             *
*******************************************************************************

*******************************************************************************
*                                                                             *
*  ITERATION RESTARTED FROM THE DISC, THE FOLLOWING FILE(S) READ:             *
*  ./restart/HFODD_00000058.REC                                        VER=19 *
*                                                                             *
*******************************************************************************
*                                                                             *
* CONVERGENCE REPORT                                                          *
*                                                                             *
*******************************************************************************
*                                                                             *
* ITER     ENERGY     STABILITY    Q_2    GAMMA   SPIN  OMEGA   ANGLE   EPAIR *
*                                                                             *
* 1480 -1372.650208   29.676612 138.081    0.00   0.00  0.000   0.000   -5.74 *
* 1481 -1001.879371  755.454906 203.686    0.00   0.00  0.000   0.000   -1.08 *
* 1482 -1031.420000  572.558129 215.605    0.00   0.00  0.000   0.000   -5.79 *
* 1483 -1069.042531  676.224820 211.212    0.00   0.00  0.000   0.000   -6.20 *
* 1484 -1066.583949  679.224437 212.809    0.00   0.00  0.000   0.000   -6.87 *
* 1485 -1055.695235  744.814685 212.740    0.00   0.00  0.000   0.000   -4.50 *
* 1486 -1052.675197  620.221668 212.436    0.00   0.00  0.000   0.000   -5.30 *
* 1487 -1072.402439  714.709792 212.659    0.00   0.00  0.000   0.000   -6.94 *
* 1488 -1046.478362  768.797145 213.466    0.00   0.00  0.000   0.000   -4.11 *
* 1489 -1036.354162  743.638114 212.808    0.00   0.00  0.000   0.000   -4.31 *
* 1490 -1036.540737  577.680753 212.653    0.00   0.00  0.000   0.000   -4.76 *
* 1491 -1084.194395   -9.18E+03 216.074    0.00   0.00  0.000   0.000   -8.39 *
* 1492  -389.894911   -5.10E+03  65.126   60.00   0.00  0.000   0.000  -31.24 *
* 1493  1574.907755   -1.16E+04  41.218    0.00   0.00  0.000   0.000   -0.00 *
* 1494   903.835743   -6.14E+04 624.711    0.00   0.00  0.000   0.000  -16.72 *
* 1495  -302.751573    9.13E+04  12.187   59.99   0.00  0.000   0.000 -353.64 *

 //////////////////// MAXIMUM NUMBER OF ITERATIONS       ////////////////////
 //////////////////// EXCEEDED IN QUABCS                 ////////////////////

*******************************************************************************
*                                                                             *
*  PROCESSOR   EXECUTION  TIMES IN SUBROUTINES                                *
*  INCLUDING THEIR COMPLETE DOWN-CALLING TREES                                *
*                                                                             *
*******************************************************************************
*                                                                             *
*     4971 => HFODD    2627 => DENSHF    988 => DIAMAT    902 => HFBSIM       *
*                                                                             *
*      547 => QMULCM    275 => PAIMAC    233 => RECORD    210 => CANQUA       *
*                                                                             *
*       79 => AVEQUA     30 => INTEGH     27 => INTSOR     26 => DENMAC       *
*                                                                             *
*       26 => INTEGD     15 => MOMETS     14 => INTMUL     11 => DOBROY       *
*                                                                             *
*        9 => SKFILD      9 => BEGINC      7 => SPAVER      6 => INTMAS       *
*                                                                             *
*        6 => ROTAVR      6 => LINAVR      5 => AVOBSE      4 => COUMAT       *
*                                                                             *
*        4 => INTCOU      3 => INTCEN      3 => NILASP      2 => POWALL       *
*                                                                             *
*        2 => AVANGY      1 => SKPAIR      0 => INTKIN      0 => AVPARI       *
*                                                                             *
*        0 => QUABCS      0 => SHICOE      0 => AVSIMP      0 => SPIMOM       *
*                                                                             *
*        0 => SHIMOM      0 => SHISIF      0 => MOMSIF      0 => MOMVMU       *
*                                                                             *
*        0 => MAGMOM      0 => SHIMAG      0 => PAXMOM                        *
*                                                                             *
*******************************************************************************
*                                                                             *
*  NUMBERS OF CALLS TO SUBROUTINES                                            *
*                                                                             *
*******************************************************************************
*                                                                             *
*      743 => BEGINC    614 => INTMUL    198 => INTSOR     81 => DIAMAT       *
*                                                                             *
*       66 => INTMAS     66 => INTCEN     65 => INTKIN     64 => AVEQUA       *
*                                                                             *
*       48 => PAXMOM     33 => INTEGH     33 => INTEGD     33 => HFBSIM       *
*                                                                             *
*       33 => QUABCS     32 => CANQUA     32 => AVPARI     32 => DENSHF       *
*                                                                             *
*       32 => DENMAC     32 => PAIMAC     32 => MOMETS     32 => MOMSIF       *
*                                                                             *
*       32 => MOMVMU     32 => MAGMOM     32 => SPIMOM     32 => LINAVR       *
*                                                                             *
*       32 => ROTAVR     32 => SHICOE     17 => RECORD     17 => COUMAT       *
*                                                                             *
*       17 => INTCOU     16 => QMULCM     16 => SKFILD     16 => SKPAIR       *
*                                                                             *
*       16 => DOBROY     16 => SHIMOM     16 => SHISIF     16 => SHIMAG       *
*                                                                             *
*       14 => SPAVER      2 => AVANGY      2 => AVOBSE      2 => AVSIMP       *
*                                                                             *
*        2 => NILASP      1 => HFODD       1 => POWALL                        *
*                                                                             *
*******************************************************************************
*                                                                             *
*  EXECUTION ENDS ON 2016.09.06 AT 13:27:22.351                               *
*                                                                             *
*******************************************************************************
