*******************************************************************************
*                                                                             *
*                     P A R A L L E L    M O D E L                            *
*                                                                             *
*  SIMPLE MPI FRAMEWORK (1 COMMUNICATOR)    :  1 MPI PROCESS per HFODD TASK   *
*  MULTI-THREADING FRAMEWORK WITH OPENMP   :  4 THREADS per HFODD MPI PROCESS *
*                                                                             *
*******************************************************************************
*                                                                             *
*                        __  __ _____  ___   ____   ____                      *
*                       / / / // ___/.' _ \ / __ \ / __ \                     *
*                      / /_/ // /_  / / / // / / // / / /                     *
*                     / __  // __/ / / / // / / // / / /                      *
*                    / / / // /   / /_/ // /_/ // /_/ /                       *
*                   /_/ /_//_/    \___.'/____.'/____.'                        *
*                                                                             *
*                                                                             *
*******************************************************************************
*                                                                             *
*             SKYRME-HARTREE-FOCK-BOGOLYUBOV CODE VERSION: 2.77B              *
*                                                                             *
*              NO SYMMETRY-PLANES AND NO TIME-REVERSAL SYMMETRY               *
*                                                                             *
*                DEFORMED CARTESIAN HARMONIC-OSCILLATOR BASIS                 *
*                                                                             *
*******************************************************************************
*                                                                             *
*             J. DOBACZEWSKI, P. BACZYK, B.G. CARLSSON, J. DUDEK              *
*                 J. ENGEL, Y. GAO, M. KONIECZKA, T. LESINSKI                 *
*                 J. MCDONNELL, P. OLBRATOWSKI, P. POWALOWSKI                 *
*                  M. SADZIAK, J. SARICH, K. SATO, W. SATULA                  *
*             N. SCHUNCK,  J.A. SHEIKH, A. STASZCZAK, M. STOITSOV             *
*             P. TOIVANEN, X.B. WANG, M. ZALEWSKI AND H. ZDUNCZUK             *
*                                                                             *
*                   INSTYTUT FIZYKI TEORETYCZNEJ, WARSZAWA                    *
*                 LAWRENCE LIVERMORE NATIONAL LABORATORY, USA                 *
*                                                                             *
*                                  1993-2016                                  *
*                                                                             *
*******************************************************************************

*******************************************************************************
*                                                                             *
*  CODE COMPILED WITH THE FOLLOWING ARRAY DIMENSIONS AND SWITCHES:            *
*                                                                             *
*******************************************************************************
*                                                                             *
*  NDBASE = 1200  NDSTAT = 1200  NDXHRM =   40  NDYHRM =   40  NDZHRM =   64  *
*                                                                             *
*  NDMAIN =   30  NDMULT =    9  NDMULR =    4  NDLAMB =    9  NDITER = 5000  *
*                                                                             *
*  NDAKNO =    1  NDBKNO =    1  NDPROI =    2  NDCOUL =   80  NDPOLS =   25  *
*                                                                             *
*  NDATKN =   20  NDBTKN =   10  NDPROT =    1  NDPROD =    3                 *
*                                                                             *
*  IPARAL =    0  IPARAT =    0  I_CRAY =    0                                *
*                                                                             *
*                                                                             *
*  PRE-PROCESSOR OPTIONS:                                                     *
*                                                                             *
*       switch_port = 1     switch_diag = 3     switch_essl = 0               *
*                                                                             *
*                           switch_quad = 0     switch_vect = 1               *
*                                                                             *
*******************************************************************************
*                                                                             *
*  EXECUTION BEGINS ON 2016.09.06 AT 12:59:14.801                             *
*                                                                             *
*******************************************************************************
 
*******************************************************************************
*                                                                             *
*  CLASSICAL NUCLEAR SURFACE DEFINED FOR:                    N = 98   Z = 78  *
*                                                                             *
*******************************************************************************
*                                                                             *
*  AL10 =   ZERO  AL11 =   ZERO  .............  .............  .............  *
*                                                                             *
*  AL20 =  0.439  AL21 =   ZERO  AL22 =   ZERO  .............  .............  *
*                                                                             *
*******************************************************************************
*                                                                             *
*                                           HOMEGA=  8.1507  FCHOM0=  1.1141  *
*                                                                             *
*  OSCILLATOR FREQUENCIES: HBAROX=  9.3189  HBAROY=  9.3189  HBAROZ=  6.2354  *
*                                                                             *
*  MOMENTS OF INERTIA:     XMOMFC= 99.9111  YMOMFC= 99.9111  ZMOMFC= 61.7960  *
*                                                                             *
*  CENTERS OF MASS:        CMSXFC= -0.0000  CMSYFC= -0.0000  CMSZFC= -0.0000  *
*                                                                             *
*******************************************************************************

*******************************************************************************
*                                                                             *
*                           SKYRME FORCE DEFINITION                           *
*                                                                             *
*******************************************************************************
*                                                                             *
* PARAMETER SET HFB1:  T0= -1666.41  T1=   255.23  T2=  1521.28  T3= 12072.51 *
*                                                                             *
* POWER=0.37658031358  X0=  0.14608  X1= -4.82248  X2= -1.35211  X3=  0.00432 *
*                                                                             *
* IETA: J=0  W=1 CM=3  M=1  P=1  T=0 HBM= 20.73553 W0=  44.0677 W0P= 207.6502 *
*                                                                             *
*******************************************************************************

*******************************************************************************
*                                                                             *
*              COUPLING CONSTANTS DEFINING THE SKYRME FUNCTIONAL              *
*                                                                             *
*******************************************************************************
*                                                                             *
*                   TOTAL(T)        SUM(S)      ISOSCALAR(P)  ISOVECTOR(M)    *
*                   --------        ------      ------------  ------------    *
*    CRHO_ =     -894.060074    538.315575       -624.902286    269.157788    *
*    CRHOD =     1008.213640   -507.363897        754.531691   -253.681949    *
*    CLPR_ =       98.335311   -287.870148        -45.599763   -143.935074    *
*    CTAU_ =       33.156062    -48.271535          9.020295    -24.135768    *
*    CSCU_ =        0.000000      0.000000          0.000000      0.000000    *
*    CDIV_ =      -22.033840   -103.825096        -73.946388    -51.912548    *
*                                                                             *
*    CSPI_ =      -60.857026    416.601524        147.443736    208.300762    *
*    CSPID =        2.171385   -503.021127       -249.339179   -251.510564    *
*    CLPS_ =       51.110395     71.467295         86.844042     35.733647    *
*    CCUR_ =      -33.156062     48.271535         -9.020295     24.135768    *
*    CKIS_ =        0.000000      0.000000          0.000000      0.000000    *
*    CROT_ =      -22.033840   -103.825096        -73.946388    -51.912548    *
*                                                                             *
*******************************************************************************

*******************************************************************************
*                                                                             *
*                          NUCLEAR MATTER PROPERTIES                          *
*                                                                             *
*******************************************************************************
*                                                                             *
*     E = -15.8000  rho0 =   0.15625   K =  244.6682   Ms =    0.9364         *
*                   asym =  28.66820   L =   40.1091   Mv =    1.2498         *
*                                                                             *
*******************************************************************************

*******************************************************************************
*                                                                             *
*  PHYSICAL CONSTANTS:     H_BARC=197.32891000           HBCOE2=137.03602000  *
*                                                                             *
*                          XMASSN=938.90590000           XMASSP=938.27231000  *
*                                                                             *
*                          HBMASS= 20.73553000           HBMRPA= 20.73553000  *
*                                                                             *
*                          ECHAR2=  1.43997841           COULEX= -1.06350868  *
*                                                                             *
*******************************************************************************
*                                                                             *
*  OSCILLATOR LENGTHS:     X= 2.1095891      Y= 2.1095891       Z= 2.5789812  *
*                                                                             *
*  OSCILLATOR CONSTANTS:   X= 0.4740260      Y= 0.4740260       Z= 0.3877500  *
*                                                                             *
*  OSCILLATOR FREQUENCIES: X= 9.3188777      Y= 9.3188777       Z= 6.2353813  *
*                                                                             *
*******************************************************************************
*                                                                             *
*  BASIS CUT-OFF CONTROL PARAMETERS:  NXMAXX = 15  NYMAXX = 15  NZMAXX =  22  *
*                                                                             *
*                                     NXHERM = 36  NYHERM = 36  NZHERM =  60  *
*                                                                             *
*                                     NLIMIT=1140  LDBASE=1152  MCOUNT=29791  *
*                                                                             *
*                                     ENECUT= 800.0000      ELIMIT= 155.4400  *
*                                                                             *
*******************************************************************************

*******************************************************************************
*                                                                             *
*   SHAPE OF THE OSCILLATOR-BASIS DIAMOND    (THREE CONSECUTIVE PROJECTIONS)  *
*                                                                             *
*******************************************************************************
*                                                                             *
*        NX ===>>>  0  1  2  3  4  5  6  7  8  9 10 11 12 13 14 15            *
*        MAX.NY => 15 14 13 12 11 10  9  8  7  6  5  4  3  2  1  0            *
*                 ------------------------------------------------            *
*   NY= 0  (15)  | 22 21 19 18 16 15 13 12 10  9  7  6  5  3  2  0            *
*   NY= 1  (14)  | 21 19 18 16 15 13 12 10  9  7  6  5  3  2  0               *
*   NY= 2  (13)  | 19 18 16 15 13 12 10  9  7  6  5  3  2  0                  *
*   NY= 3  (12)  | 18 16 15 13 12 10  9  7  6  5  3  2  0                     *
*   NY= 4  (11)  | 16 15 13 12 10  9  7  6  5  3  2  0                        *
*   NY= 5  (10)  | 15 13 12 10  9  7  6  5  3  2  0                           *
*   NY= 6  ( 9)  | 13 12 10  9  7  6  5  3  2  0                              *
*   NY= 7  ( 8)  | 12 10  9  7  6  5  3  2  0                                 *
*   NY= 8  ( 7)  | 10  9  7  6  5  3  2  0                                    *
*   NY= 9  ( 6)  |  9  7  6  5  3  2  0                                       *
*   NY=10  ( 5)  |  7  6  5  3  2  0                                          *
*   NY=11  ( 4)  |  6  5  3  2  0                                             *
*   NY=12  ( 3)  |  5  3  2  0                                                *
*   NY=13  ( 2)  |  3  2  0                                                   *
*   NY=14  ( 1)  |  2  0                                                      *
*   NY=15  ( 0)  |  0                                                         *
*                                                                             *
*                                                                             *
*        NZ ===>>>  0  1  2  3  4  5  6  7  8  9 10 11 12 13 14 15 16 17 18   *
*        MAX.NY => 15 14 14 13 12 12 11 10  9  9  8  7  7  6  5  5  4  3  3   *
*                 ---------------------------------------------------------   *
*   NY= 0  (22)  | 15 14 14 13 12 12 11 10  9  9  8  7  7  6  5  5  4  3  3   *
*   NY= 1  (21)  | 14 13 13 12 11 11 10  9  8  8  7  6  6  5  4  4  3  2  2   *
*   NY= 2  (19)  | 13 12 12 11 10 10  9  8  7  7  6  5  5  4  3  3  2  1  1   *
*   NY= 3  (18)  | 12 11 11 10  9  9  8  7  6  6  5  4  4  3  2  2  1  0  0   *
*   NY= 4  (16)  | 11 10 10  9  8  8  7  6  5  5  4  3  3  2  1  1  0         *
*   NY= 5  (15)  | 10  9  9  8  7  7  6  5  4  4  3  2  2  1  0  0            *
*   NY= 6  (13)  |  9  8  8  7  6  6  5  4  3  3  2  1  1  0                  *
*   NY= 7  (12)  |  8  7  7  6  5  5  4  3  2  2  1  0  0                     *
*   NY= 8  (10)  |  7  6  6  5  4  4  3  2  1  1  0                           *
*   NY= 9  ( 9)  |  6  5  5  4  3  3  2  1  0  0                              *
*   NY=10  ( 7)  |  5  4  4  3  2  2  1  0                                    *
*   NY=11  ( 6)  |  4  3  3  2  1  1  0                                       *
*   NY=12  ( 5)  |  3  2  2  1  0  0                                          *
*   NY=13  ( 3)  |  2  1  1  0                                                *
*   NY=14  ( 2)  |  1  0  0                                                   *
*   NY=15  ( 0)  |  0                                                         *
*                                                                             *
*                                                                             *
*        NZ ===>>>  0  1  2  3  4  5  6  7  8  9 10 11 12 13 14 15 16 17 18   *
*        MAX.NX => 15 14 14 13 12 12 11 10  9  9  8  7  7  6  5  5  4  3  3   *
*                 ---------------------------------------------------------   *
*   NX= 0  (22)  | 15 14 14 13 12 12 11 10  9  9  8  7  7  6  5  5  4  3  3   *
*   NX= 1  (21)  | 14 13 13 12 11 11 10  9  8  8  7  6  6  5  4  4  3  2  2   *
*   NX= 2  (19)  | 13 12 12 11 10 10  9  8  7  7  6  5  5  4  3  3  2  1  1   *
*   NX= 3  (18)  | 12 11 11 10  9  9  8  7  6  6  5  4  4  3  2  2  1  0  0   *
*   NX= 4  (16)  | 11 10 10  9  8  8  7  6  5  5  4  3  3  2  1  1  0         *
*   NX= 5  (15)  | 10  9  9  8  7  7  6  5  4  4  3  2  2  1  0  0            *
*   NX= 6  (13)  |  9  8  8  7  6  6  5  4  3  3  2  1  1  0                  *
*   NX= 7  (12)  |  8  7  7  6  5  5  4  3  2  2  1  0  0                     *
*   NX= 8  (10)  |  7  6  6  5  4  4  3  2  1  1  0                           *
*   NX= 9  ( 9)  |  6  5  5  4  3  3  2  1  0  0                              *
*   NX=10  ( 7)  |  5  4  4  3  2  2  1  0                                    *
*   NX=11  ( 6)  |  4  3  3  2  1  1  0                                       *
*   NX=12  ( 5)  |  3  2  2  1  0  0                                          *
*   NX=13  ( 3)  |  2  1  1  0                                                *
*   NX=14  ( 2)  |  1  0  0                                                   *
*   NX=15  ( 0)  |  0                                                         *
*                                                                             *
*******************************************************************************

*******************************************************************************
*                                                                             *
* NUCLIDE: N =  98  Z =  78  NUMBER OF ITERATIONS = 1000   CONTINUATION? = 1  *
*                                                                             *
*******************************************************************************
*                                                                             *
* ITERATIONS WILL STOP WHEN THE STABILITY BECOMES LOWER THAN EPSITE=0.300000  *
*                                            FOR    5 CONSECUTIVE ITERATIONS  *
*                                                                             *
*******************************************************************************
*                                                                             *
* ITERATIONS WILL STOP WHEN THE PING-PONG DIVERGENCE OCCURS FOR EPSPNG=0.010  *
*                                DURING    5 PAIRS OF CONSECUTIVE ITERATIONS  *
*                                                                             *
*******************************************************************************
*                                                                             *
* ITERATIONS WILL STOP FOR CHAOTIC-DIVERGENCE CONDITION OCCURING   20  TIMES  *
*                                                                             *
*******************************************************************************
*                                                                             *
* SLOW-DOWN PARAMETERS:                                                       *
* TIME-EVEN = 0.85   TIME-ODD = 0.85   PAIRING = 0.85   LIPKIN-NOGAMI = 0.85  *
*                    LIP-MASS = 0.50   LIP-MOI = 0.50   LIPKIN-METHOD = 0.50  *
*                                                                             *
*******************************************************************************
*                                                                             *
* BROYDEN METHOD IS:  ON                                                      *
*                                                                             *
*    TRIGGERED ONLY WHEN STABILITY IS LOWER THAN :  1000.000 MEV              *
*    INITIAL SLOWING FACTOR (BEFORE TRIGGER)     :     0.85 (=SLOWEV)         *
*    BROYDEN SLOWING FACTOR (AFTER  TRIGGER)     :     0.40 (=1-ALPHAM)       *
*    NUMBER OF ITERATIONS RETAINED IN MEMORY     :    10                      *
*                                                                             *
*******************************************************************************
*                                                                             *
* DIRECT COULOMB TERMS SOLVED BY GREEN FUNCTION AND FOURIER TRANSFORM METHOD  *
* COULOMB PARAMETERS:  NUMCOU = 80  NUMETA = 79  BOUCOU = 20.0  FURMAX =0.25  *
*                                                                             *
*******************************************************************************
*                                                                             *
* EXCHANGE COULOMB TERMS TREATED BY THE SLATER APPROXIMATION                  *
*                                                                             *
*******************************************************************************
*                                                                             *
* MAXIMUM NUMBERS OF MULTIPOLE MOMENTS USED FOR THE CONSTRAINTS,    NMUCON=4  *
*                                           FOR THE COULOMB FIELD,  NMUCOU=4  *
*                                           FOR THE OUTPUT INFO,    NMUPRI=4  *
*                                                                             *
*******************************************************************************
*                                                                             *
* MULTIPOLE CONSTRAINTS: LAMBDA= 2  MIU= 0  MOMENT= 77.000  STIFFNESS= 0.500  *
*                        LAMBDA= 3  MIU= 0  MOMENT= 36.000  STIFFNESS= 0.500  *
*                                                                             *
*******************************************************************************
*                                                                             *
* LINEAR MULTIPOLE CONSTRAINTS: LAMBDA= 2  MIU= 0  LAGRANGE PAR. USED= 0.000  *
*                               LAMBDA= 3  MIU= 0  LAGRANGE PAR. USED= 0.000  *
*                                                                             *
*******************************************************************************
*                                                                             *
* THE LAGRANGE PARAMETERS OF THE LINEAR CONSTRAINTS ARE RE-ADJUSTED AT EACH   *
* ITERATION BY USING THE CRANKING APPROXIMATION OF THE RPA MATRIX             *
*                                                                             *
*******************************************************************************
*                                                                             *
* PRINTING THE RESULTS FOR THE FOLLOWING ITERATIONS:         THE  FIRST: YES  *
*                                                            THE MIDDLE:  NO  *
*                                                     AND/OR THE   LAST: YES  *
*                                                                             *
*******************************************************************************
*                                                                             *
* PRINTING THE MOMENTS, RADII, AND DEFORMATIONS FOR:           NEUTRONS: YES  *
*                                                              PROTONS : YES  *
*                                                              MASS    : YES  *
*                                                                             *
*******************************************************************************
*                                                                             *
* PRINTING THE MOMENTS, MOMENTA AND DEFORMATIONS IN THE INTRINSIC FRAME: YES  *
*                                                                             *
*******************************************************************************
*                                                                             *
* NILSSON LABELS OF SINGLE-PARTICLE STATES SHOWN WITH RESPECT TO THE: Z-AXIS  *
*                                                                             *
*******************************************************************************
*                                                                             *
* CALCULATIONS WITH THE HFB PAIRING CORRELATIONS                              *
*                                                                             *
*******************************************************************************
*                                                                             *
* CONTACT PAIRING INTERACTION:     V0        V1       RHO-SAT      POWER      *
*                    NEUTRONS:  -234.380   732.438     0.320     1.0000000    *
*                     PROTONS:  -260.437   813.866     0.320     1.0000000    *
*                                                                             *
*******************************************************************************
*                                                                             *
* CUTOFF ENERGY DEFINING THE ACTIVE HFB PAIRING SPACE=      60.000            *
*                                                                             *
*******************************************************************************
*                                                                             *
* CALCULATIONS WITH SIMPLEX SYMMETRY                                          *
*                                                                             *
*******************************************************************************
*                                                                             *
* CALCULATIONS WITH TIME-ODD SYMMETRIES:        T*SIMPLEX_X =>     CONSERVED  *
*                                               T*SIMPLEX_Y =>     CONSERVED  *
*                                               T*SIMPLEX_Z => NON CONSERVED  *
*                                                                             *
*******************************************************************************
*                                                                             *
* CALCULATIONS WITHOUT ROTATION                                               *
*                                                                             *
*******************************************************************************

*******************************************************************************
*                                                                             *
*  CALLING SUBROUTINE "RECORD" TO READ THE REPLAY FILE OBTAINED PREVIOUSLY    *
*  ./restart/HFODD_00000014.REC                                               *
*                                                                             *
*******************************************************************************

*******************************************************************************
*                                                                             *
*  SINGLE-QUASIPARTICLE PROPERTIES:                                NEUTRONS   *
*                                                                             *
*******************************************************************************
*                                                                             *
*  NO)   ENERGY   (S=+,S=-)       PARITY   V2QUAP   EEQUIV   DEQUIV   V_CORR  *
*                                                                             *
*  53)    9.701   ( 27,  0)        0.633  0.99772  -19.255    0.925  0.99990  *
*  54)    9.701   (  0, 27)        0.633  0.99772  -19.255    0.925  0.99990  *
*  55)    8.966   ( 28,  0)        0.514  0.99835  -18.534    0.728  0.99992  *
*  56)    8.966   (  0, 28)        0.514  0.99835  -18.534    0.728  0.99992  *
*  57)    8.505   (  0, 29)        0.748  0.99947  -18.094    0.390  0.99997  *
*  58)    8.505   ( 29,  0)        0.748  0.99947  -18.094    0.390  0.99997  *
*  59)    8.542   ( 30,  0)        0.787  0.95787  -17.421    3.432  0.99785  *
*  60)    8.542   (  0, 30)        0.787  0.95787  -17.421    3.432  0.99785  *
*  61)    7.566   (  0, 31)       -0.562  0.99753  -17.127    0.751  0.99986  *
*  62)    7.566   ( 31,  0)       -0.562  0.99753  -17.127    0.751  0.99986  *
*  63)    7.825   (  0, 32)        0.103  0.97124  -16.973    2.616  0.99839  *
*  64)    7.825   ( 32,  0)        0.103  0.97124  -16.973    2.616  0.99839  *
*  65)    6.107   (  0, 33)       -0.256  0.99660  -15.663    0.711  0.99975  *
*  66)    6.107   ( 33,  0)       -0.256  0.99660  -15.663    0.711  0.99975  *
*  67)    6.071   ( 34,  0)        0.222  0.99620  -15.622    0.747  0.99972  *
*  68)    6.071   (  0, 34)        0.222  0.99620  -15.622    0.747  0.99972  *
*  69)    5.267   (  0, 35)        0.424  0.99856  -14.850    0.399  0.99987  *
*  70)    5.267   ( 35,  0)        0.424  0.99856  -14.850    0.399  0.99987  *
*  71)    4.714   ( 36,  0)        0.259  0.99830  -14.296    0.389  0.99983  *
*  72)    4.714   (  0, 36)        0.259  0.99830  -14.296    0.389  0.99983  *
*  73)    4.558   (  0, 37)       -0.317  0.99726  -14.131    0.476  0.99972  *
*  74)    4.558   ( 37,  0)       -0.317  0.99726  -14.131    0.476  0.99972  *
*  75)    4.457   (  0, 38)       -0.173  0.99795  -14.037    0.403  0.99978  *
*  76)    4.457   ( 38,  0)       -0.173  0.99795  -14.037    0.403  0.99978  *
*  77)    3.877   ( 39,  0)        0.640  0.99794  -13.459    0.351  0.99975  *
*  78)    3.877   (  0, 39)        0.640  0.99794  -13.459    0.351  0.99975  *
*  79)    3.634   (  0, 40)       -0.244  0.99692  -13.209    0.402  0.99959  *
*  80)    3.634   ( 40,  0)       -0.244  0.99692  -13.209    0.402  0.99959  *
*  81)    3.403   ( 41,  0)        0.240  0.99694  -12.980    0.376  0.99956  *
*  82)    3.403   (  0, 41)        0.240  0.99694  -12.980    0.376  0.99956  *
*  83)    3.235   (  0, 42)       -0.430  0.99477  -12.799    0.467  0.99920  *
*  84)    3.235   ( 42,  0)       -0.430  0.99477  -12.799    0.467  0.99920  *
*  85)    2.269   ( 43,  0)        0.306  0.98111  -11.781    0.618  0.99548  *
*  86)    2.269   (  0, 43)        0.306  0.98111  -11.781    0.618  0.99548  *
*  87)    2.204   ( 44,  0)       -0.049  0.99239  -11.768    0.383  0.99809  *
*  88)    2.204   (  0, 44)       -0.049  0.99239  -11.768    0.383  0.99809  *
*  89)    2.158   ( 45,  0)       -0.507  0.99363  -11.729    0.343  0.99836  *
*  90)    2.158   (  0, 45)       -0.507  0.99363  -11.729    0.343  0.99836  *
*  91)    1.997   ( 46,  0)        0.422  0.99075  -11.558    0.382  0.99735  *
*  92)    1.997   (  0, 46)        0.422  0.99075  -11.558    0.382  0.99735  *
*  93)    1.950   ( 47,  0)        0.543  0.97599  -11.455    0.597  0.99299  *
*  94)    1.950   (  0, 47)        0.543  0.97599  -11.455    0.597  0.99299  *
*  95)    1.093   ( 48,  0)       -0.709  0.97757  -10.642    0.324  0.98364  *
*  96)    1.093   (  0, 48)       -0.709  0.97757  -10.642    0.324  0.98364  *
*  97)    0.648   (  0, 49)       -0.233  0.89437  -10.109    0.398  0.83711  *
*  98)    0.648   ( 49,  0)       -0.233  0.89437  -10.109    0.398  0.83711  *
*  99)    0.544   ( 50,  0)        0.003  0.83490   -9.962    0.404  0.73247  *
* 100)    0.544   (  0, 50)        0.003  0.83490   -9.962    0.404  0.73247  *
* 101)    0.852   (  0, 51)        0.717  0.05953   -8.847    0.403  0.68400  *
* 102)    0.852   ( 51,  0)        0.717  0.05953   -8.847    0.403  0.68400  *
* 103)    0.977   (  0, 52)       -0.655  0.04146   -8.702    0.390  0.71120  *
* 104)    0.977   ( 52,  0)       -0.655  0.04146   -8.702    0.390  0.71120  *
* 105)    1.119   ( 53,  0)       -0.437  0.02860   -8.543    0.373  0.73691  *
* 106)    1.119   (  0, 53)       -0.437  0.02860   -8.543    0.373  0.73691  *
* 107)    1.262   (  0, 54)        0.330  0.02308   -8.394    0.379  0.75913  *
* 108)    1.262   ( 54,  0)        0.330  0.02308   -8.394    0.379  0.75913  *
* 109)    2.045   (  0, 55)        0.371  0.02872   -7.671    0.683  0.83718  *
* 110)    2.045   ( 55,  0)        0.371  0.02872   -7.671    0.683  0.83718  *
* 111)    2.372   ( 56,  0)       -0.173  0.01703   -7.307    0.614  0.85536  *
* 112)    2.372   (  0, 56)       -0.173  0.01703   -7.307    0.614  0.85536  *
* 113)    2.667   ( 57,  0)       -0.048  0.00691   -6.968    0.442  0.86838  *
* 114)    2.667   (  0, 57)       -0.048  0.00691   -6.968    0.442  0.86838  *
* 115)    3.269   (  0, 58)        0.079  0.00319   -6.350    0.369  0.88966  *
* 116)    3.269   ( 58,  0)        0.079  0.00319   -6.350    0.369  0.88966  *
* 117)    3.745   (  0, 59)        0.319  0.00265   -5.872    0.385  0.90230  *
* 118)    3.745   ( 59,  0)        0.319  0.00265   -5.872    0.385  0.90230  *
* 119)    3.801   ( 60,  0)        0.366  0.00220   -5.813    0.356  0.90357  *
* 120)    3.801   (  0, 60)        0.366  0.00220   -5.813    0.356  0.90357  *
* 121)    3.895   ( 61,  0)        0.470  0.00222   -5.721    0.366  0.90565  *
* 122)    3.895   (  0, 61)        0.470  0.00222   -5.721    0.366  0.90565  *
* 123)    4.125   ( 62,  0)        0.065  0.00180   -5.488    0.350  0.91043  *
* 124)    4.125   (  0, 62)        0.065  0.00180   -5.488    0.350  0.91043  *
* 125)    4.245   ( 63,  0)       -0.139  0.00135   -5.365    0.312  0.91270  *
* 126)    4.245   (  0, 63)       -0.139  0.00135   -5.365    0.312  0.91270  *
* 127)    4.255   (  0, 64)       -0.669  0.00202   -5.361    0.382  0.91293  *
* 128)    4.255   ( 64,  0)       -0.669  0.00202   -5.361    0.382  0.91293  *
* 129)    5.245   ( 65,  0)        0.091  0.00151   -4.369    0.407  0.92816  *
* 130)    5.245   (  0, 65)        0.091  0.00151   -4.369    0.407  0.92816  *
* 131)    5.659   (  0, 66)       -0.411  0.00083   -3.949    0.326  0.93303  *
* 132)    5.659   ( 66,  0)       -0.411  0.00083   -3.949    0.326  0.93303  *
* 133)    5.677   ( 67,  0)        0.100  0.00152   -3.938    0.443  0.93327  *
* 134)    5.677   (  0, 67)        0.100  0.00152   -3.938    0.443  0.93327  *
* 135)    5.818   ( 68,  0)        0.059  0.00279   -3.812    0.614  0.93485  *
* 136)    5.818   (  0, 68)        0.059  0.00279   -3.812    0.614  0.93485  *
* 137)    5.921   ( 69,  0)        0.379  0.00076   -3.686    0.326  0.93580  *
* 138)    5.921   (  0, 69)        0.379  0.00076   -3.686    0.326  0.93580  *
* 139)    5.950   ( 70,  0)       -0.305  0.00071   -3.656    0.316  0.93609  *
* 140)    5.950   (  0, 70)       -0.305  0.00071   -3.656    0.316  0.93609  *
* 141)    6.009   ( 71,  0)       -0.282  0.00227   -3.616    0.573  0.93677  *
* 142)    6.009   (  0, 71)       -0.282  0.00227   -3.616    0.573  0.93677  *
* 143)    6.366   (  0, 72)       -0.504  0.00104   -3.246    0.411  0.94003  *
* 144)    6.366   ( 72,  0)       -0.504  0.00104   -3.246    0.411  0.94003  *
* 145)    6.704   (  0, 73)       -0.383  0.00079   -2.905    0.378  0.94287  *
* 146)    6.704   ( 73,  0)       -0.383  0.00079   -2.905    0.378  0.94287  *
* 147)    6.845   (  0, 74)        0.567  0.00083   -2.764    0.393  0.94399  *
* 148)    6.845   ( 74,  0)        0.567  0.00083   -2.764    0.393  0.94399  *
* 149)    6.923   ( 75,  0)       -0.286  0.00191   -2.701    0.605  0.94463  *
* 150)    6.923   (  0, 75)       -0.286  0.00191   -2.701    0.605  0.94463  *
* 151)    6.922   ( 76,  0)        0.644  0.00052   -2.683    0.315  0.94456  *
* 152)    6.922   (  0, 76)        0.644  0.00052   -2.683    0.315  0.94456  *
* 153)    7.858   ( 77,  0)       -0.019  0.02874   -2.191    2.626  0.95207  *
* 154)    7.858   (  0, 77)       -0.019  0.02874   -2.191    2.626  0.95207  *
* 155)    8.688   (  0, 78)        0.773  0.04188   -1.637    3.481  0.95698  *
* 156)    8.688   ( 78,  0)        0.773  0.04188   -1.637    3.481  0.95698  *
* 157)    8.300   (  0, 79)       -0.340  0.00097   -1.314    0.516  0.95335  *
* 158)    8.300   ( 79,  0)       -0.340  0.00097   -1.314    0.516  0.95335  *
* 159)    8.795   (  0, 80)        0.199  0.00106   -0.822    0.572  0.95586  *
* 160)    8.795   ( 80,  0)        0.199  0.00106   -0.822    0.572  0.95586  *
* 161)    9.560   ( 81,  0)       -0.498  0.00051   -0.048    0.432  0.95923  *
* 162)    9.560   (  0, 81)       -0.498  0.00051   -0.048    0.432  0.95923  *
* 163)    9.793   ( 82,  0)       -0.149  0.00053    0.184    0.450  0.96016  *
* 164)    9.793   (  0, 82)       -0.149  0.00053    0.184    0.450  0.96016  *
* 165)    9.907   ( 83,  0)        0.207  0.00121    0.285    0.688  0.96063  *
* 166)    9.907   (  0, 83)        0.207  0.00121    0.285    0.688  0.96063  *
*                                                                             *
*1632)   TOTAL=  ( 816, 816)                                                  *
*                                                                             *
*******************************************************************************

*******************************************************************************
*                                                                             *
*  SINGLE-PARTICLE PROPERTIES: CANONICAL                           NEUTRONS   *
*                                                                             *
*******************************************************************************
*                                                                             *
*  NO)   ENERGY   (S=+,S=-)   | N,nz,lz,OMEz>   <P>    <JY>    <SY>   GFACT   *
*                                                                             *
*  43)  -11.839   ( 43,---)   | 6, 4, 2, 5/2>    30  -0.001  -0.001   0.862   *
*  44)  -11.786   ( 44,---)   | 5, 4, 1, 1/2>    -4  -0.538  -0.203   0.377   *
*  45)  -11.729   ( 45,---)   | 5, 1, 4, 9/2>   -50  -0.004  -0.000   0.097   *
*  46)  -11.616   ( 46,---)   | 4, 0, 2, 3/2>    30  -0.047   0.006  -0.127   *
*  47)  -11.530   ( 47,---)   | 4, 0, 0, 1/2>    53  -0.261  -0.478   1.832   *
*  48)  -10.643   ( 48,---)   | 5, 0, 5,11/2>   -70  -0.000   0.000  -0.127   *
*  49)  -10.110   ( 49,---)   | 5, 2, 1, 3/2>   -23   0.023   0.005   0.222   *
*  50)   -9.963   ( 50,---)   | 5, 5, 0, 1/2>     0  -0.699  -0.322   0.461   *
*  51)   -8.835   ( 51,---)   | 6, 3, 3, 7/2>    71   0.000  -0.000  -0.015   *
*  52)   -8.685   ( 52,---)   | 5, 2, 3, 5/2>   -64   0.000  -0.000  -1.790   *
*  53)   -8.515   ( 53,---)   | 5, 2, 1, 1/2>   -42  -0.721  -0.159   0.221   *
*  54)   -8.366   ( 54,---)   | 5, 2, 1, 3/2>    17  -0.011  -0.002   0.172   *
*  55)   -7.527   ( 55,---)   | 6, 4, 0, 1/2>    -4  -0.217  -0.341   1.568   *
*  56)   -7.091   ( 56,---)   | 5, 1, 2, 5/2>   -22   0.028  -0.000  -0.006   *
*  57)   -6.872   ( 57,---)   | 6, 5, 1, 3/2>    22  -0.027  -0.001   0.033   *
*  58)   -6.170   ( 58,---)   | 7, 5, 0, 1/2>    10  -0.991  -0.237   0.239   *
*  59)   -5.742   ( 59,---)   | 5, 1, 2, 5/2>    -3   0.000   0.000   0.098   *
*  60)   -5.508   ( 60,---)   | 6, 2, 4, 9/2>    59   0.000   0.000   0.385   *
*  61)   -5.412   ( 61,---)   | 5, 1, 4, 7/2>   -33  -0.003   0.000  -0.028   *
*  62)   -5.042   ( 62,---)   | 5, 0, 3, 7/2>   -59   0.001  -0.000  -0.004   *
*  63)   -4.962   ( 63,---)   | 6, 3, 1, 3/2>    19  -0.002   0.002  -1.097   *
*  64)   -4.561   ( 64,---)   | 5, 1, 0, 1/2>     1   0.184  -0.326  -1.771   *
*  65)   -4.002   ( 65,---)   | 5, 1, 2, 3/2>   -23  -0.624  -0.174   0.279   *
*  66)   -3.897   ( 66,---)   | 5, 1, 0, 1/2>   -20  -0.369  -0.176   0.477   *
*  67)   -3.757   ( 67,---)   | 5, 0, 5, 9/2>   -58  -0.001  -0.000   0.254   *
*  68)   -3.403   ( 68,---)   | 6, 1, 5,11/2>    37  -0.000   0.000  -0.332   *
*  69)   -3.183   ( 69,---)   | 7, 4, 3, 7/2>   -58   0.002   0.000   0.052   *
*  70)   -2.627   ( 70,---)   | 6, 3, 3, 5/2>    59  -0.001   0.000  -0.371   *
*  71)   -2.493   ( 71,---)   | 5, 0, 3, 5/2>   -60   0.002  -0.001  -0.677   *
*  72)   -2.426   ( 72,---)   | 6, 3, 1, 1/2>    55   0.244  -0.149  -0.611   *
*  73)   -2.381   ( 73,---)   | 6, 0, 6,13/2>    66  -0.000   0.000  -0.149   *
*  74)   -2.377   ( 74,---)   | 7, 4, 1, 3/2>   -31  -0.011  -0.005   0.467   *
*  75)   -2.212   ( 75,---)   | 5, 0, 1, 1/2>   -57   0.184  -0.059  -0.319   *
*  76)   -1.992   ( 76,---)   | 5, 0, 1, 3/2>   -25  -0.022   0.006  -0.269   *
*  77)   -1.038   ( 77,---)   | 5, 0, 1, 3/2>     0   0.008   0.013   1.582   *
*  78)   -0.960   ( 78,---)   | 6, 4, 0, 1/2>    31  -1.356  -0.359   0.265   *
*  79)   -0.521   ( 79,---)   | 6, 2, 2, 5/2>    -6   0.005  -0.000  -0.031   *
*                                                                             *
*******************************************************************************

*******************************************************************************
*                                                                             *
*  HFB PAIRING PROPERTIES                                           NEUTRONS  *
*                                                                             *
*  STRENGTH= 0.0782   GAP=-0.3718   FERMI ENERGY=-10.0044   ENERGY=  -1.7680  *
*                                                                             *
*******************************************************************************

*******************************************************************************
*                                                                             *
*  MULTIPOLE MOMENTS [UNITS:  (10 FERMI)^LAMBDA]                    NEUTRONS  *
*                                                                             *
*******************************************************************************
*                                                                             *
*  Q00 = 98.0000  .............  .............  .............  .............  *
*                                                                             *
*  Q10 =  4.7012  Q11 =    ZERO  .............  .............  .............  *
*                                                                             *
*  Q20 = 20.7216  Q21 =    ZERO  Q22 = -0.0167  .............  .............  *
*                                                                             *
*  Q30 =  4.6901  Q31 =    ZERO  Q32 =  0.0022  Q33 =    ZERO  .............  *
*                                                                             *
*  Q40 =  3.6787  Q41 =    ZERO  Q42 =-7.7E-04  Q43 =    ZERO  Q44 = 3.6E-04  *
*                                                                             *
*******************************************************************************

*******************************************************************************
*                                                                             *
*  ROOT-MEAN-SQUARE AND GEOMETRIC SIZES IN FERMIS                   NEUTRONS  *
*                                                                             *
*  R_RMS =  5.6962     X_RMS =  2.6993    Y_RMS =  2.7012    Z_RMS =  4.2265  *
*                                                                             *
*  R_GEO =  7.3537     X_GEO =  6.0359    Y_GEO =  6.0400    Z_GEO =  9.4508  *
*                                                                             *
*******************************************************************************

*******************************************************************************
*                                                                             *
*  BOHR DEFORMATIONS (FIRST-ORDER APPROXIMATION)                    NEUTRONS  *
*                                                                             *
*******************************************************************************
*                                                                             *
*  B10 =  0.1335  B11 =    ZERO  .............  .............  .............  *
*                                                                             *
*  B20 =  0.5166  B21 =    ZERO  B22 =-4.2E-04  .............  .............  *
*                                                                             *
*  B30 =  0.5041  B31 =    ZERO  B32 = 3.3E-04  B33 =    ZERO  .............  *
*                                                                             *
*  B40 =  0.5377  B41 =    ZERO  B42 =-1.6E-04  B43 =    ZERO  B44 = 7.3E-05  *
*                                                                             *
*******************************************************************************
*                                                                             *
*  BOHR DENSITY = 0.0588 FM^(-3)  BOHR RADIUS =   7.3537 FM                   *
*                                                                             *
*******************************************************************************

*******************************************************************************
*                                                                             *
*  SINGLE-QUASIPARTICLE PROPERTIES:                                 PROTONS   *
*                                                                             *
*******************************************************************************
*                                                                             *
*  NO)   ENERGY   (S=+,S=-)       PARITY   V2QUAP   EEQUIV   DEQUIV   V_CORR  *
*                                                                             *
*  39)    9.181   (  0, 20)       -0.470  0.99835  -11.021    0.744  1.00000  *
*  40)    9.181   ( 20,  0)       -0.470  0.99835  -11.021    0.744  1.00000  *
*  41)    8.027   ( 21,  0)        0.292  0.99762   -9.859    0.782  1.00000  *
*  42)    8.027   (  0, 21)        0.292  0.99762   -9.859    0.782  1.00000  *
*  43)    7.936   ( 22,  0)        0.590  0.99645   -9.750    0.944  1.00000  *
*  44)    7.936   (  0, 22)        0.590  0.99645   -9.750    0.944  1.00000  *
*  45)    9.722   ( 23,  0)       -0.040  0.90009   -9.650    5.831  0.99994  *
*  46)    9.722   (  0, 23)       -0.040  0.90009   -9.650    5.831  0.99994  *
*  47)    7.813   (  0, 24)       -0.521  0.99767   -9.647    0.754  1.00000  *
*  48)    7.813   ( 24,  0)       -0.521  0.99767   -9.647    0.754  1.00000  *
*  49)    6.905   ( 25,  0)       -0.611  0.99711   -8.736    0.741  1.00000  *
*  50)    6.905   (  0, 25)       -0.611  0.99711   -8.736    0.741  1.00000  *
*  51)    6.619   (  0, 26)        0.044  0.99295   -8.397    1.108  0.99999  *
*  52)    6.619   ( 26,  0)        0.044  0.99295   -8.397    1.108  0.99999  *
*  53)    5.844   (  0, 27)        0.572  0.99609   -7.669    0.729  1.00000  *
*  54)    5.844   ( 27,  0)        0.572  0.99609   -7.669    0.729  1.00000  *
*  55)    5.231   ( 28,  0)        0.293  0.99512   -7.051    0.729  0.99999  *
*  56)    5.231   (  0, 28)        0.293  0.99512   -7.051    0.729  0.99999  *
*  57)    4.901   ( 29,  0)        0.723  0.99457   -6.719    0.720  0.99999  *
*  58)    4.901   (  0, 29)        0.723  0.99457   -6.719    0.720  0.99999  *
*  59)    4.892   (  0, 30)        0.796  0.99519   -6.716    0.677  0.99999  *
*  60)    4.892   ( 30,  0)        0.796  0.99519   -6.716    0.677  0.99999  *
*  61)    4.361   (  0, 31)        0.320  0.99425   -6.182    0.660  0.99999  *
*  62)    4.361   ( 31,  0)        0.320  0.99425   -6.182    0.660  0.99999  *
*  63)    3.949   (  0, 32)       -0.546  0.99256   -5.761    0.679  0.99999  *
*  64)    3.949   ( 32,  0)       -0.546  0.99256   -5.761    0.679  0.99999  *
*  65)    2.371   ( 33,  0)       -0.190  0.98058   -4.150    0.654  0.99996  *
*  66)    2.371   (  0, 33)       -0.190  0.98058   -4.150    0.654  0.99996  *
*  67)    2.193   (  0, 34)       -0.047  0.97528   -3.955    0.681  0.99994  *
*  68)    2.193   ( 34,  0)       -0.047  0.97528   -3.955    0.681  0.99994  *
*  69)    1.741   (  0, 35)        0.416  0.95752   -3.464    0.702  0.99987  *
*  70)    1.741   ( 35,  0)        0.416  0.95752   -3.464    0.702  0.99987  *
*  71)    1.027   (  0, 36)        0.167  0.86464   -2.620    0.703  0.99928  *
*  72)    1.027   ( 36,  0)        0.167  0.86464   -2.620    0.703  0.99928  *
*  73)    0.920   ( 37,  0)        0.097  0.84381   -2.504    0.668  0.99908  *
*  74)    0.920   (  0, 37)        0.097  0.84381   -2.504    0.668  0.99908  *
*  75)    0.789   ( 38,  0)       -0.022  0.76742   -2.293    0.666  0.99839  *
*  76)    0.789   (  0, 38)       -0.022  0.76742   -2.293    0.666  0.99839  *
*  77)    0.658   (  0, 39)       -0.223  0.43758   -1.789    0.653  0.99537  *
*  78)    0.658   ( 39,  0)       -0.223  0.43758   -1.789    0.653  0.99537  *
*  79)    0.705   (  0, 40)        0.561  0.37559   -1.696    0.683  0.99521  *
*  80)    0.705   ( 40,  0)        0.561  0.37559   -1.696    0.683  0.99521  *
*  81)    0.721   ( 41,  0)       -0.498  0.29215   -1.571    0.656  0.99470  *
*  82)    0.721   (  0, 41)       -0.498  0.29215   -1.571    0.656  0.99470  *
*  83)    0.765   (  0, 42)       -0.283  0.28371   -1.540    0.690  0.99494  *
*  84)    0.765   ( 42,  0)       -0.283  0.28371   -1.540    0.690  0.99494  *
*  85)    1.475   ( 43,  0)        0.035  0.05080   -0.546    0.648  0.99653  *
*  86)    1.475   (  0, 43)        0.035  0.05080   -0.546    0.648  0.99653  *
*  87)    1.538   (  0, 44)        0.323  0.05086   -0.489    0.676  0.99667  *
*  88)    1.538   ( 44,  0)        0.323  0.05086   -0.489    0.676  0.99667  *
*  89)    1.911   ( 45,  0)        0.564  0.03039   -0.076    0.656  0.99726  *
*  90)    1.911   (  0, 45)        0.564  0.03039   -0.076    0.656  0.99726  *
*  91)    1.971   ( 46,  0)        0.485  0.03101   -0.022    0.683  0.99735  *
*  92)    1.971   (  0, 46)        0.485  0.03101   -0.022    0.683  0.99735  *
*  93)    1.983   (  0, 47)       -0.427  0.03164   -0.013    0.694  0.99736  *
*  94)    1.983   ( 47,  0)       -0.427  0.03164   -0.013    0.694  0.99736  *
*  95)    2.816   ( 48,  0)       -0.674  0.01612    0.854    0.709  0.99811  *
*  96)    2.816   (  0, 48)       -0.674  0.01612    0.854    0.709  0.99811  *
*  97)    3.453   (  0, 49)        0.114  0.00913    1.519    0.657  0.99845  *
*  98)    3.453   ( 49,  0)        0.114  0.00913    1.519    0.657  0.99845  *
*  99)    3.470   ( 50,  0)       -0.104  0.00860    1.540    0.641  0.99846  *
* 100)    3.470   (  0, 50)       -0.104  0.00860    1.540    0.641  0.99846  *
* 101)    4.833   (  0, 51)       -0.664  0.00473    2.917    0.663  0.99889  *
* 102)    4.833   ( 51,  0)       -0.664  0.00473    2.917    0.663  0.99889  *
* 103)    4.874   (  0, 52)        0.695  0.00477    2.957    0.672  0.99890  *
* 104)    4.874   ( 52,  0)        0.695  0.00477    2.957    0.672  0.99890  *
* 105)    5.341   (  0, 53)       -0.287  0.00406    3.427    0.680  0.99899  *
* 106)    5.341   ( 53,  0)       -0.287  0.00406    3.427    0.680  0.99899  *
* 107)    5.402   (  0, 54)       -0.149  0.00353    3.493    0.641  0.99900  *
* 108)    5.402   ( 54,  0)       -0.149  0.00353    3.493    0.641  0.99900  *
* 109)    5.929   ( 55,  0)       -0.255  0.00281    4.024    0.628  0.99909  *
* 110)    5.929   (  0, 55)       -0.255  0.00281    4.024    0.628  0.99909  *
* 111)    6.400   ( 56,  0)       -0.023  0.00654    4.445    1.032  0.99916  *
* 112)    6.400   (  0, 56)       -0.023  0.00654    4.445    1.032  0.99916  *
* 113)    6.616   ( 57,  0)        0.004  0.00241    4.713    0.649  0.99918  *
* 114)    6.616   (  0, 57)        0.004  0.00241    4.713    0.649  0.99918  *
* 115)    7.297   ( 58,  0)        0.148  0.00188    5.399    0.632  0.99926  *
* 116)    7.297   (  0, 58)        0.148  0.00188    5.399    0.632  0.99926  *
* 117)    7.790   (  0, 59)       -0.266  0.00189    5.890    0.676  0.99931  *
* 118)    7.790   ( 59,  0)       -0.266  0.00189    5.890    0.676  0.99931  *
* 119)    9.741   (  0, 60)        0.030  0.09943    5.933    5.830  0.99950  *
* 120)    9.741   ( 60,  0)        0.030  0.09943    5.933    5.830  0.99950  *
* 121)    8.033   (  0, 61)        0.143  0.00197    6.131    0.713  0.99933  *
* 122)    8.033   ( 61,  0)        0.143  0.00197    6.131    0.713  0.99933  *
* 123)    8.135   (  0, 62)        0.159  0.00315    6.213    0.911  0.99934  *
* 124)    8.135   ( 62,  0)        0.159  0.00315    6.213    0.911  0.99934  *
* 125)    8.515   (  0, 63)       -0.000  0.00134    6.621    0.623  0.99937  *
* 126)    8.515   ( 63,  0)       -0.000  0.00134    6.621    0.623  0.99937  *
* 127)    8.605   ( 64,  0)       -0.536  0.00131    6.712    0.622  0.99937  *
* 128)    8.605   (  0, 64)       -0.536  0.00131    6.712    0.622  0.99937  *
* 129)    9.128   ( 65,  0)        0.014  0.00215    7.218    0.845  0.99941  *
* 130)    9.128   (  0, 65)        0.014  0.00215    7.218    0.845  0.99941  *
* 131)    9.266   ( 66,  0)       -0.332  0.00137    7.369    0.686  0.99942  *
* 132)    9.266   (  0, 66)       -0.332  0.00137    7.369    0.686  0.99942  *
* 133)    9.549   (  0, 67)       -0.158  0.00109    7.657    0.630  0.99943  *
* 134)    9.549   ( 67,  0)       -0.158  0.00109    7.657    0.630  0.99943  *
*                                                                             *
*1260)   TOTAL=  ( 630, 630)                                                  *
*                                                                             *
*******************************************************************************

*******************************************************************************
*                                                                             *
*  SINGLE-PARTICLE PROPERTIES: CANONICAL                            PROTONS   *
*                                                                             *
*******************************************************************************
*                                                                             *
*  NO)   ENERGY   (S=+,S=-)   | N,nz,lz,OMEz>   <P>    <JY>    <SY>   GFACT   *
*                                                                             *
*  20)  -11.542   ( 20,---)   | 4, 3, 1, 1/2>    -7   0.569  -0.173  -0.303   *
*  21)  -10.995   ( 21,---)   | 3, 0, 3, 5/2>   -24  -0.001   0.000  -0.445   *
*  22)   -9.926   ( 22,---)   | 4, 4, 0, 1/2>    13  -1.150  -0.457   0.397   *
*  23)   -9.808   ( 23,---)   | 4, 2, 2, 5/2>    37   0.001   0.000   0.380   *
*  24)   -9.630   ( 24,---)   | 3, 0, 1, 3/2>   -38   0.005   0.006   1.165   *
*  25)   -8.741   ( 25,---)   | 3, 0, 1, 1/2>   -59   0.149  -0.010  -0.069   *
*  26)   -8.491   ( 26,---)   | 3, 0, 1, 3/2>    -5  -0.005  -0.022   4.418   *
*  27)   -7.673   ( 27,---)   | 4, 1, 3, 7/2>    58  -0.002  -0.000   0.106   *
*  28)   -7.072   ( 28,---)   | 4, 2, 0, 1/2>    34  -1.138  -0.399   0.350   *
*  29)   -6.727   ( 29,---)   | 4, 2, 2, 3/2>    82  -0.008   0.002  -0.181   *
*  30)   -6.720   ( 30,---)   | 4, 0, 4, 9/2>    72   0.001  -0.000  -0.308   *
*  31)   -6.201   ( 31,---)   | 4, 3, 1, 1/2>    29   0.453  -0.149  -0.329   *
*  32)   -5.775   ( 32,---)   | 5, 3, 2, 5/2>   -54  -0.001  -0.000   0.216   *
*  33)   -4.158   ( 33,---)   | 5, 5, 0, 1/2>   -19  -1.103  -0.399   0.362   *
*  34)   -3.963   ( 34,---)   | 4, 1, 1, 3/2>    -6  -0.007   0.001  -0.111   *
*  35)   -3.472   ( 35,---)   | 4, 1, 3, 5/2>    42   0.001  -0.000  -0.186   *
*  36)   -2.624   ( 36,---)   | 4, 0, 4, 7/2>    12   0.002   0.000   0.198   *
*  37)   -2.505   ( 37,---)   | 4, 1, 1, 1/2>     9  -0.822  -0.179   0.217   *
*  38)   -2.294   ( 38,---)   | 4, 1, 1, 3/2>    -1  -0.007  -0.002   0.243   *
*  39)   -1.789   ( 39,---)   | 5, 3, 0, 1/2>   -19   0.135  -0.335  -2.484   *
*  40)   -1.695   ( 40,---)   | 4, 0, 2, 5/2>    56   0.001   0.000   0.860   *
*  41)   -1.570   ( 41,---)   | 5, 3, 2, 3/2>   -49   0.005  -0.001  -0.300   *
*  42)   -1.536   ( 42,---)   | 5, 2, 3, 7/2>   -16  -0.005  -0.000   0.006   *
*  43)   -0.523   ( 43,---)   | 5, 4, 1, 1/2>    -3  -0.623  -0.158   0.253   *
*  44)   -0.467   ( 44,---)   | 6, 4, 2, 5/2>    28  -0.003  -0.001   0.360   *
*  45)   -0.006   ( 45,---)   | 4, 0, 2, 3/2>    50  -0.440  -0.189   0.428   *
*                                                                             *
*******************************************************************************

*******************************************************************************
*                                                                             *
*  HFB PAIRING PROPERTIES                                            PROTONS  *
*                                                                             *
*  STRENGTH= 0.0676   GAP=-0.6827   FERMI ENERGY= -1.8763   ENERGY=  -6.8927  *
*                                                                             *
*******************************************************************************

*******************************************************************************
*                                                                             *
*  MULTIPOLE MOMENTS [UNITS:  (10 FERMI)^LAMBDA]                     PROTONS  *
*                                                                             *
*******************************************************************************
*                                                                             *
*  Q00 = 78.0000  .............  .............  .............  .............  *
*                                                                             *
*  Q10 =  4.5132  Q11 =    ZERO  .............  .............  .............  *
*                                                                             *
*  Q20 = 18.3545  Q21 =    ZERO  Q22 = -0.0146  .............  .............  *
*                                                                             *
*  Q30 =  4.0802  Q31 =    ZERO  Q32 =  0.0018  Q33 =    ZERO  .............  *
*                                                                             *
*  Q40 =  3.2941  Q41 =    ZERO  Q42 =-7.7E-04  Q43 =    ZERO  Q44 = 1.1E-04  *
*                                                                             *
*******************************************************************************

*******************************************************************************
*                                                                             *
*  ROOT-MEAN-SQUARE AND GEOMETRIC SIZES IN FERMIS                    PROTONS  *
*                                                                             *
*  R_RMS =  5.7093     X_RMS =  2.6340    Y_RMS =  2.6360    Z_RMS =  4.3254  *
*                                                                             *
*  R_GEO =  7.3706     X_GEO =  5.8898    Y_GEO =  5.8944    Z_GEO =  9.6719  *
*                                                                             *
*******************************************************************************

*******************************************************************************
*                                                                             *
*  BOHR DEFORMATIONS (FIRST-ORDER APPROXIMATION)                     PROTONS  *
*                                                                             *
*******************************************************************************
*                                                                             *
*  B10 =  0.1607  B11 =    ZERO  .............  .............  .............  *
*                                                                             *
*  B20 =  0.5722  B21 =    ZERO  B22 =-4.6E-04  .............  .............  *
*                                                                             *
*  B30 =  0.5472  B31 =    ZERO  B32 = 3.4E-04  B33 =    ZERO  .............  *
*                                                                             *
*  B40 =  0.5994  B41 =    ZERO  B42 =-2.0E-04  B43 =    ZERO  B44 = 2.7E-05  *
*                                                                             *
*******************************************************************************
*                                                                             *
*  BOHR DENSITY = 0.0465 FM^(-3)  BOHR RADIUS =   7.3706 FM                   *
*                                                                             *
*******************************************************************************

*******************************************************************************
*                                                                             *
*                  DENSITY INTEGRALS IN THE SKYRME FUNCTIONAL                 *
*                                                                             *
*******************************************************************************
*                                                                             *
*                   TOTAL(T)        SUM(S)      ISOSCALAR(P)  ISOVECTOR(M)    *
*                   --------        ------      ------------  ------------    *
*    DRHO_ =       20.501242     10.370377         20.501242      0.239511    *
*    DRHOD =        9.502672      4.805794          9.502672      0.108916    *
*    DLPR_ =       -4.297496     -2.168623         -4.297496     -0.039751    *
*    DTAU_ =       18.148481      9.248253         18.148481      0.348025    *
*    DSCU_ =        0.126182      0.070573          0.126182      0.014963    *
*    DDIV_ =        0.887938      0.452301          0.887938      0.016664    *
*                                                                             *
*    DSPI_ =        0.000000      0.000000          0.000000      0.000000    *
*    DSPID =        0.000000      0.000000          0.000000      0.000000    *
*    DLPS_ =        0.000000      0.000000          0.000000      0.000000    *
*    DCUR_ =        0.000000      0.000000          0.000000      0.000000    *
*    DKIS_ =        0.000000      0.000000          0.000000      0.000000    *
*    DROT_ =        0.000000      0.000000          0.000000      0.000000    *
*                                                                             *
*******************************************************************************

*******************************************************************************
*                                                                             *
*               CONTRIBUTIONS TO ENERGY IN THE SKYRME FUNCTIONAL              *
*                                                                             *
*******************************************************************************
*                                                                             *
*                 TOTAL(T)        SUM(S)        ISOSCALAR(P)  ISOVECTOR(M)    *
*                 --------        ------        ------------  ------------    *
*    ERHO_ =   -18329.342111   5582.535344     -12811.273117     64.466350    *
*    ERHOD =     9580.723417  -2438.286389       7170.067094    -27.630067    *
*    ELPR_ =     -422.595587    624.281898        195.964791      5.721520    *
*    ETAU_ =      601.732165   -446.427368        163.704646     -8.399849    *
*    ESCU_ =        0.000000      0.000000          0.000000      0.000000    *
*    EDIV_ =      -19.564676    -46.960163        -65.659782     -0.865057    *
*               ============  ============      ============  ============    *
*    SUM EVEN:  -8589.046792   3275.143321      -5347.196369     33.292898    *
*                                                                             *
*    ESPI_ =        0.000000      0.000000          0.000000      0.000000    *
*    ESPID =        0.000000      0.000000          0.000000      0.000000    *
*    ELPS_ =        0.000000      0.000000          0.000000      0.000000    *
*    ECUR_ =        0.000000      0.000000          0.000000      0.000000    *
*    EKIS_ =        0.000000      0.000000          0.000000      0.000000    *
*    EROT_ =        0.000000      0.000000          0.000000      0.000000    *
*               ============  ============      ============  ============    *
*    SUM  ODD:      0.000000      0.000000          0.000000      0.000000    *
*                                                                             *
*******************************************************************************
 
*******************************************************************************
*                                                                             *
*  CENTER-OF-MASS COORDINATES IN FERMIS                                TOTAL  *
*                                                                             *
*  R_CMS =  0.5235     X_CMS = -0.0000    Y_CMS =  0.0000    Z_CMS =  0.5235  *
*                                                                             *
*******************************************************************************

*******************************************************************************
*                                                                             *
*  MULTIPOLE MOMENTS [UNITS:  (10 FERMI)^LAMBDA] [CENT-MASS FRAME]  NEUTRONS  *
*                                                                             *
*******************************************************************************
*                                                                             *
*  Q00 = 98.0000  .............  .............  .............  .............  *
*                                                                             *
*  Q10 = -0.4295  Q11 =    ZERO  .............  .............  .............  *
*                                                                             *
*  Q20 = 20.2743  Q21 =    ZERO  Q22 = -0.0167  .............  .............  *
*                                                                             *
*  Q30 =  3.4939  Q31 =    ZERO  Q32 =  0.0027  Q33 =    ZERO  .............  *
*                                                                             *
*  Q40 =  2.7075  Q41 =    ZERO  Q42 = -0.0013  Q43 =    ZERO  Q44 = 3.6E-04  *
*                                                                             *
*******************************************************************************

*******************************************************************************
*                                                                             *
*  BOHR DEFORMATIONS (FIRST-ORDER APPROXIMATION) [CENT-MASS FRAME]  NEUTRONS  *
*                                                                             *
*******************************************************************************
*                                                                             *
*  B10 = -0.0130  B11 =    ZERO  .............  .............  .............  *
*                                                                             *
*  B20 =  0.5730  B21 =    ZERO  B22 =-4.7E-04  .............  .............  *
*                                                                             *
*  B30 =  0.4533  B31 =    ZERO  B32 = 4.9E-04  B33 =    ZERO  .............  *
*                                                                             *
*  B40 =  0.5086  B41 =    ZERO  B42 =-3.4E-04  B43 =    ZERO  B44 = 9.4E-05  *
*                                                                             *
*******************************************************************************
*                                                                             *
*  BOHR DENSITY = 0.0710 FM^(-3)  BOHR RADIUS =   6.9067 FM                   *
*                                                                             *
*******************************************************************************

*******************************************************************************
*                                                                             *
*  MULTIPOLE MOMENTS [UNITS:  (10 FERMI)^LAMBDA] [CENT-MASS FRAME]   PROTONS  *
*                                                                             *
*******************************************************************************
*                                                                             *
*  Q00 = 78.0000  .............  .............  .............  .............  *
*                                                                             *
*  Q10 =  0.4295  Q11 =    ZERO  .............  .............  .............  *
*                                                                             *
*  Q20 = 17.8369  Q21 =    ZERO  Q22 = -0.0146  .............  .............  *
*                                                                             *
*  Q30 =  3.0237  Q31 =    ZERO  Q32 =  0.0023  Q33 =    ZERO  .............  *
*                                                                             *
*  Q40 =  2.4513  Q41 =    ZERO  Q42 = -0.0012  Q43 =    ZERO  Q44 = 1.1E-04  *
*                                                                             *
*******************************************************************************

*******************************************************************************
*                                                                             *
*  BOHR DEFORMATIONS (FIRST-ORDER APPROXIMATION) [CENT-MASS FRAME]   PROTONS  *
*                                                                             *
*******************************************************************************
*                                                                             *
*  B10 =  0.0165  B11 =    ZERO  .............  .............  .............  *
*                                                                             *
*  B20 =  0.6491  B21 =    ZERO  B22 =-5.3E-04  .............  .............  *
*                                                                             *
*  B30 =  0.5114  B31 =    ZERO  B32 = 5.4E-04  B33 =    ZERO  .............  *
*                                                                             *
*  B40 =  0.6077  B41 =    ZERO  B42 =-4.2E-04  B43 =    ZERO  B44 = 3.7E-05  *
*                                                                             *
*******************************************************************************
*                                                                             *
*  BOHR DENSITY = 0.0586 FM^(-3)  BOHR RADIUS =   6.8221 FM                   *
*                                                                             *
*******************************************************************************

*******************************************************************************
*                                                                             *
*  EULER ANGLES OF THE PRINCIPAL-AXES FRAME IN DEGREES                 TOTAL  *
*                                                                             *
*  ALPHA =270.00000  BETA =  0.00000  GAMMA =  0.00000                        *
*                                                                             *
*******************************************************************************

*******************************************************************************
*                                                                             *
*  ROOT-MEAN-SQUARE AND GEOMETRIC SIZES IN FERMIS                      TOTAL  *
*                                                                             *
*  R_RMS =  5.7020     X_RMS =  2.6706    Y_RMS =  2.6725    Z_RMS =  4.2706  *
*                                                                             *
*  R_GEO =  7.3612     X_GEO =  5.9716    Y_GEO =  5.9759    Z_GEO =  9.5494  *
*                                                                             *
*******************************************************************************

*******************************************************************************
*                                                                             *
*  MULTIPOLE MOMENTS [UNITS:  (10 FERMI)^LAMBDA]                       TOTAL  *
*                                                                             *
*******************************************************************************
*                                                                             *
*  Q00 =176.0000  .............  .............  .............  .............  *
*                                                                             *
*  Q10 =  9.2143  Q11 =    ZERO  .............  .............  .............  *
*                                                                             *
*  Q20 = 39.0760  Q21 =    ZERO  Q22 = -0.0314  .............  .............  *
*                                                                             *
*  Q30 =  8.7703  Q31 =    ZERO  Q32 =  0.0040  Q33 =    ZERO  .............  *
*                                                                             *
*  Q40 =  6.9728  Q41 =    ZERO  Q42 = -0.0015  Q43 =    ZERO  Q44 = 4.6E-04  *
*                                                                             *
*******************************************************************************

*******************************************************************************
*                                                                             *
*  BOHR DEFORMATIONS (FIRST-ORDER APPROXIMATION)                       TOTAL  *
*                                                                             *
*******************************************************************************
*                                                                             *
*  B10 =  0.1456  B11 =    ZERO  .............  .............  .............  *
*                                                                             *
*  B20 =  0.5413  B21 =    ZERO  B22 =-4.3E-04  .............  .............  *
*                                                                             *
*  B30 =  0.5233  B31 =    ZERO  B32 = 3.4E-04  B33 =    ZERO  .............  *
*                                                                             *
*  B40 =  0.5652  B41 =    ZERO  B42 =-1.8E-04  B43 =    ZERO  B44 = 5.3E-05  *
*                                                                             *
*******************************************************************************
*                                                                             *
*  BOHR DENSITY = 0.1053 FM^(-3)  BOHR RADIUS =   7.3612 FM                   *
*                                                                             *
*******************************************************************************

*******************************************************************************
*                                                                             *
*  MULTIPOLE MOMENTS [UNITS:  (10 FERMI)^LAMBDA] [CENT-MASS FRAME]     TOTAL  *
*                                                                             *
*******************************************************************************
*                                                                             *
*  Q00 =176.0000  .............  .............  .............  .............  *
*                                                                             *
*  Q10 =    ZERO  Q11 =    ZERO  .............  .............  .............  *
*                                                                             *
*  Q20 = 38.1112  Q21 =    ZERO  Q22 = -0.0314  .............  .............  *
*                                                                             *
*  Q30 =  6.5177  Q31 =    ZERO  Q32 =  0.0049  Q33 =    ZERO  .............  *
*                                                                             *
*  Q40 =  5.1588  Q41 =    ZERO  Q42 = -0.0025  Q43 =    ZERO  Q44 = 4.6E-04  *
*                                                                             *
*******************************************************************************

*******************************************************************************
*                                                                             *
*  BOHR DEFORMATIONS (FIRST-ORDER APPROXIMATION) [CENT-MASS FRAME]     TOTAL  *
*                                                                             *
*******************************************************************************
*                                                                             *
*  B10 =    ZERO  B11 =    ZERO  .............  .............  .............  *
*                                                                             *
*  B20 =  0.6062  B21 =    ZERO  B22 =-5.0E-04  .............  .............  *
*                                                                             *
*  B30 =  0.4785  B31 =    ZERO  B32 = 5.1E-04  B33 =    ZERO  .............  *
*                                                                             *
*  B40 =  0.5513  B41 =    ZERO  B42 =-3.7E-04  B43 =    ZERO  B44 = 7.0E-05  *
*                                                                             *
*******************************************************************************
*                                                                             *
*  BOHR DENSITY = 0.1296 FM^(-3)  BOHR RADIUS =   6.8696 FM                   *
*                                                                             *
*******************************************************************************

*******************************************************************************
*                                                                             *
*  MULTIPOLE MOMENTS [UNITS:  (10 FERMI)^LAMBDA] [INTRINSIC FRAME]     TOTAL  *
*                                                                             *
*  REAL PART  FOR A NON-NEGATIVE PROJECTION                                   *
*  IMAGINARY PART FOR A NEGATIVE PROJECTION                                   *
*                                                                             *
*******************************************************************************
*                                                                             *
*  Q00 =176.0000  .............  .............  .............  .............  *
*                 .............  .............  .............  .............  *
*                                                                             *
*  Q10 =    ZERO  Q1+1=    ZERO  .............  .............  .............  *
*                 Q1-1=    ZERO  .............  .............  .............  *
*                                                                             *
*  Q20 = 38.1112  Q2+1=    ZERO  Q2+2=  0.0314  .............  .............  *
*                 Q2-1=    ZERO  Q2-2=    ZERO  .............  .............  *
*                                                                             *
*  Q30 =  6.5177  Q3+1=    ZERO  Q3+2= -0.0049  Q3+3=    ZERO  .............  *
*                 Q3-1=    ZERO  Q3-2=    ZERO  Q3-3=    ZERO  .............  *
*                                                                             *
*  Q40 =  5.1588  Q4+1=    ZERO  Q4+2=  0.0025  Q4+3=    ZERO  Q4+4= 4.6E-04  *
*                 Q4-1=    ZERO  Q4-2=    ZERO  Q4-3=    ZERO  Q4-4=    ZERO  *
*                                                                             *
*******************************************************************************

*******************************************************************************
*                                                                             *
*  BOHR DEFORMATIONS (FIRST-ORDER APPROXIMATION) [INTRINSIC FRAME]     TOTAL  *
*                                                                             *
*  REAL PART  FOR A NON-NEGATIVE PROJECTION                                   *
*  IMAGINARY PART FOR A NEGATIVE PROJECTION                                   *
*                                                                             *
*******************************************************************************
*                                                                             *
*  B10 =    ZERO  B1+1=    ZERO  .............  .............  .............  *
*                 B1-1=    ZERO  .............  .............  .............  *
*                                                                             *
*  B20 =  0.6062  B2+1=    ZERO  B2+2= 5.0E-04  .............  .............  *
*                 B2-1=    ZERO  B2-2=    ZERO  .............  .............  *
*                                                                             *
*  B30 =  0.4785  B3+1=    ZERO  B3+2=-5.1E-04  B3+3=    ZERO  .............  *
*                 B3-1=    ZERO  B3-2=    ZERO  B3-3=    ZERO  .............  *
*                                                                             *
*  B40 =  0.5513  B4+1=    ZERO  B4+2= 3.7E-04  B4+3=    ZERO  B4+4= 7.0E-05  *
*                 B4-1=    ZERO  B4-2=    ZERO  B4-3=    ZERO  B4-4=    ZERO  *
*                                                                             *
*******************************************************************************
*                                                                             *
*  BOHR DENSITY = 0.1296 FM^(-3)  BOHR RADIUS =   6.8696 FM                   *
*                                                                             *
*******************************************************************************

*******************************************************************************
*                                                                             *
*                                ENERGIES (MEV)                               *
*                                                                             *
*******************************************************************************
*                                                                             *
*  KINETIC: (NEU)=  1884.660581    (PRO)=  1340.645957    (TOT)=  3225.306538 *
*  SUM EPS: (NEU)= -2120.983198    (PRO)=  -993.690122    (TOT)= -3114.673319 *
*  PAIRING: (NEU)=    -1.768012    (PRO)=    -6.892720    (TOT)=    -8.660732 *
*  P-REARR: (NEU)=     0.480574    (PRO)=     1.978522    (TOT)=     2.459096 *
*                                                                             *
*  PAIRGAP: (NEU)=    -0.371788    (PRO)=    -0.682673    THIS SPACE IS EMPTY *
*  E-FERMI: (NEU)=   -10.004436    (PRO)=    -1.876295    AND AWAITS  YOUR AD *
*                                                                             *
*  COULOMB: (DIR)=   752.544003    (EXC)=   -30.286538    (TOT)=   722.257465 *
*                                                                             *
*  CONSTR. (MULT)=  2593.939585    SLOPE=   329.052718    CORR.=  -164.526359 *
*  CONSTR. (SURF)=     0.000000    SLOPE=     0.000000    CORR.=     0.000000 *
*  CONSTR. (SPIN)=     0.000000    SLOPE=     0.000000    CORR.=     0.000000 *
*  CONSTR. (ISOS)=     0.000000    SLOPE=     0.000000    CORR.=     0.000000 *
*                                                                             *
*  REARRANGEMENT ENERGY FROM THE SKYRME DENSITY-DEPENDENT TERMS=  1344.850588 *
*  ROUTHIAN= TOTAL ENERGY + MULTIPOLE AND (ISO)SPIN CONSTRAINTS=  1218.939384 *
*                                                                             *
*  SPIN-ORB (EVE)=   -66.524839    (ODD)=     0.000000    (TOT)=   -66.524839 *
*  SKYRME:  (EVE)= -5313.903472    (ODD)=     0.000000    (TOT)= -5313.903472 *
*                                                                             *
*  TOTAL:  (STAB)=   228.777241     (SP)= -1146.222960    (FUN)= -1375.000201 *
*                                                                             *
*******************************************************************************

*******************************************************************************
*                                                                             *
*  ITERATION RESTARTED FROM THE DISC, THE FOLLOWING FILE(S) READ:             *
*  ./restart/HFODD_00000014.REC                                        VER=19 *
*                                                                             *
*******************************************************************************
*                                                                             *
* CONVERGENCE REPORT                                                          *
*                                                                             *
*******************************************************************************
*                                                                             *
* ITER     ENERGY     STABILITY    Q_2    GAMMA   SPIN  OMEGA   ANGLE   EPAIR *
*                                                                             *
* 2289 -1375.000201  228.777241  38.111    0.05   0.00  0.000   0.000   -8.66 *
* 2290   809.775505  457.560777 144.296    0.00   0.00  0.000   0.000   -0.33 *
* 2291   439.721854  903.089654 154.281    0.01   0.00  0.000   0.000   -6.73 *
* 2292   412.473854  503.686525 137.226    0.01   0.00  0.000   0.000  -15.19 *
* 2293   282.288824  -21.019532 105.095    0.01   0.00  0.000   0.000  -23.61 *
* 2294  -284.392512  987.854621 121.156    0.01   0.00  0.000   0.000  -26.00 *
* 2295  -260.348216  987.237895 123.788    0.01   0.00  0.000   0.000   -9.79 *
* 2296  -225.226201    1.86E+03 122.606    0.01   0.00  0.000   0.000   -6.04 *
* 2297   159.228208  782.692895  95.665    0.01   0.00  0.000   0.000   -2.36 *
* 2298   133.490639    3.15E+03  96.909    0.00   0.00  0.000   0.000   -6.29 *
* 2299   992.630978   -4.813535  17.567    0.00   0.00  0.000   0.000   -0.69 *
* 2300   654.680328    4.81E+04  50.391    0.02   0.00  0.000   0.000  -20.66 *
* 2301  3053.636051   -1.58E+05  71.782    0.00   0.00  0.000   0.000   -0.01 *
* 2302  1738.936865    4.07E+05  20.063    0.01   0.00  0.000   0.000  -12.08 *

 //////////////////// MAXIMUM NUMBER OF ITERATIONS       ////////////////////
 //////////////////// EXCEEDED IN QUABCS                 ////////////////////

*******************************************************************************
*                                                                             *
*  PROCESSOR   EXECUTION  TIMES IN SUBROUTINES                                *
*  INCLUDING THEIR COMPLETE DOWN-CALLING TREES                                *
*                                                                             *
*******************************************************************************
*                                                                             *
*     4490 => HFODD    2362 => DENSHF    940 => DIAMAT    856 => HFBSIM       *
*                                                                             *
*      457 => QMULCM    262 => PAIMAC    196 => CANQUA    178 => RECORD       *
*                                                                             *
*       74 => AVEQUA     31 => INTEGH     28 => INTSOR     27 => INTEGD       *
*                                                                             *
*       23 => DENMAC     15 => MOMETS     14 => INTMUL     10 => BEGINC       *
*                                                                             *
*       10 => DOBROY      9 => SKFILD      7 => SPAVER      7 => ROTAVR       *
*                                                                             *
*        6 => LINAVR      6 => INTMAS      5 => AVOBSE      5 => COUMAT       *
*                                                                             *
*        5 => INTCOU      3 => NILASP      3 => INTCEN      2 => POWALL       *
*                                                                             *
*        2 => AVANGY      1 => SKPAIR      0 => INTKIN      0 => AVPARI       *
*                                                                             *
*        0 => QUABCS      0 => AVSIMP      0 => SHICOE      0 => SHISIF       *
*                                                                             *
*        0 => PAXMOM      0 => MOMSIF      0 => MOMVMU      0 => MAGMOM       *
*                                                                             *
*        0 => SPIMOM      0 => SHIMOM      0 => SHIMAG                        *
*                                                                             *
*******************************************************************************
*                                                                             *
*  NUMBERS OF CALLS TO SUBROUTINES                                            *
*                                                                             *
*******************************************************************************
*                                                                             *
*      653 => BEGINC    538 => INTMUL    174 => INTSOR     71 => DIAMAT       *
*                                                                             *
*       58 => INTMAS     58 => INTCEN     57 => INTKIN     56 => AVEQUA       *
*                                                                             *
*       42 => PAXMOM     29 => INTEGH     29 => INTEGD     29 => HFBSIM       *
*                                                                             *
*       29 => QUABCS     28 => CANQUA     28 => AVPARI     28 => DENSHF       *
*                                                                             *
*       28 => DENMAC     28 => PAIMAC     28 => MOMETS     28 => MOMSIF       *
*                                                                             *
*       28 => MOMVMU     28 => MAGMOM     28 => SPIMOM     28 => LINAVR       *
*                                                                             *
*       28 => ROTAVR     28 => SHICOE     15 => RECORD     15 => COUMAT       *
*                                                                             *
*       15 => INTCOU     14 => SPAVER     14 => QMULCM     14 => SKFILD       *
*                                                                             *
*       14 => SKPAIR     14 => DOBROY     14 => SHIMOM     14 => SHISIF       *
*                                                                             *
*       14 => SHIMAG      2 => AVANGY      2 => AVOBSE      2 => AVSIMP       *
*                                                                             *
*        2 => NILASP      1 => HFODD       1 => POWALL                        *
*                                                                             *
*******************************************************************************
*                                                                             *
*  EXECUTION ENDS ON 2016.09.06 AT 13:24:43.668                               *
*                                                                             *
*******************************************************************************
