*******************************************************************************
*                                                                             *
*                     P A R A L L E L    M O D E L                            *
*                                                                             *
*  SIMPLE MPI FRAMEWORK (1 COMMUNICATOR)    :  1 MPI PROCESS per HFODD TASK   *
*  MULTI-THREADING FRAMEWORK WITH OPENMP   :  4 THREADS per HFODD MPI PROCESS *
*                                                                             *
*******************************************************************************
*                                                                             *
*                        __  __ _____  ___   ____   ____                      *
*                       / / / // ___/.' _ \ / __ \ / __ \                     *
*                      / /_/ // /_  / / / // / / // / / /                     *
*                     / __  // __/ / / / // / / // / / /                      *
*                    / / / // /   / /_/ // /_/ // /_/ /                       *
*                   /_/ /_//_/    \___.'/____.'/____.'                        *
*                                                                             *
*                                                                             *
*******************************************************************************
*                                                                             *
*             SKYRME-HARTREE-FOCK-BOGOLYUBOV CODE VERSION: 2.77B              *
*                                                                             *
*              NO SYMMETRY-PLANES AND NO TIME-REVERSAL SYMMETRY               *
*                                                                             *
*                DEFORMED CARTESIAN HARMONIC-OSCILLATOR BASIS                 *
*                                                                             *
*******************************************************************************
*                                                                             *
*             J. DOBACZEWSKI, P. BACZYK, B.G. CARLSSON, J. DUDEK              *
*                 J. ENGEL, Y. GAO, M. KONIECZKA, T. LESINSKI                 *
*                 J. MCDONNELL, P. OLBRATOWSKI, P. POWALOWSKI                 *
*                  M. SADZIAK, J. SARICH, K. SATO, W. SATULA                  *
*             N. SCHUNCK,  J.A. SHEIKH, A. STASZCZAK, M. STOITSOV             *
*             P. TOIVANEN, X.B. WANG, M. ZALEWSKI AND H. ZDUNCZUK             *
*                                                                             *
*                   INSTYTUT FIZYKI TEORETYCZNEJ, WARSZAWA                    *
*                 LAWRENCE LIVERMORE NATIONAL LABORATORY, USA                 *
*                                                                             *
*                                  1993-2016                                  *
*                                                                             *
*******************************************************************************

*******************************************************************************
*                                                                             *
*  CODE COMPILED WITH THE FOLLOWING ARRAY DIMENSIONS AND SWITCHES:            *
*                                                                             *
*******************************************************************************
*                                                                             *
*  NDBASE = 1200  NDSTAT = 1200  NDXHRM =   40  NDYHRM =   40  NDZHRM =   64  *
*                                                                             *
*  NDMAIN =   30  NDMULT =    9  NDMULR =    4  NDLAMB =    9  NDITER = 5000  *
*                                                                             *
*  NDAKNO =    1  NDBKNO =    1  NDPROI =    2  NDCOUL =   80  NDPOLS =   25  *
*                                                                             *
*  NDATKN =   20  NDBTKN =   10  NDPROT =    1  NDPROD =    3                 *
*                                                                             *
*  IPARAL =    0  IPARAT =    0  I_CRAY =    0                                *
*                                                                             *
*                                                                             *
*  PRE-PROCESSOR OPTIONS:                                                     *
*                                                                             *
*       switch_port = 1     switch_diag = 3     switch_essl = 0               *
*                                                                             *
*                           switch_quad = 0     switch_vect = 1               *
*                                                                             *
*******************************************************************************
*                                                                             *
*  EXECUTION BEGINS ON 2016.08.26 AT 12:04:22.851                             *
*                                                                             *
*******************************************************************************
 
*******************************************************************************
*                                                                             *
*  CLASSICAL NUCLEAR SURFACE DEFINED FOR:                    N = 98   Z = 78  *
*                                                                             *
*******************************************************************************
*                                                                             *
*  AL10 =   ZERO  AL11 =   ZERO  .............  .............  .............  *
*                                                                             *
*  AL20 =  0.287  AL21 =   ZERO  AL22 =   ZERO  .............  .............  *
*                                                                             *
*******************************************************************************
*                                                                             *
*                                           HOMEGA=  8.2056  FCHOM0=  1.1216  *
*                                                                             *
*  OSCILLATOR FREQUENCIES: HBAROX=  8.9755  HBAROY=  8.9755  HBAROZ=  6.8582  *
*                                                                             *
*  MOMENTS OF INERTIA:     XMOMFC= 91.4406  YMOMFC= 91.4406  ZMOMFC= 67.4150  *
*                                                                             *
*  CENTERS OF MASS:        CMSXFC= -0.0000  CMSYFC= -0.0000  CMSZFC=  0.0000  *
*                                                                             *
*******************************************************************************

*******************************************************************************
*                                                                             *
*                           SKYRME FORCE DEFINITION                           *
*                                                                             *
*******************************************************************************
*                                                                             *
* PARAMETER SET HFB1:  T0= -1666.41  T1=   255.23  T2=  1521.28  T3= 12072.51 *
*                                                                             *
* POWER=0.37658031358  X0=  0.14608  X1= -4.82248  X2= -1.35211  X3=  0.00432 *
*                                                                             *
* IETA: J=0  W=1 CM=3  M=1  P=1  T=0 HBM= 20.73553 W0=  44.0677 W0P= 207.6502 *
*                                                                             *
*******************************************************************************

*******************************************************************************
*                                                                             *
*              COUPLING CONSTANTS DEFINING THE SKYRME FUNCTIONAL              *
*                                                                             *
*******************************************************************************
*                                                                             *
*                   TOTAL(T)        SUM(S)      ISOSCALAR(P)  ISOVECTOR(M)    *
*                   --------        ------      ------------  ------------    *
*    CRHO_ =     -894.060074    538.315575       -624.902286    269.157788    *
*    CRHOD =     1008.213640   -507.363897        754.531691   -253.681949    *
*    CLPR_ =       98.335311   -287.870148        -45.599763   -143.935074    *
*    CTAU_ =       33.156062    -48.271535          9.020295    -24.135768    *
*    CSCU_ =        0.000000      0.000000          0.000000      0.000000    *
*    CDIV_ =      -22.033840   -103.825096        -73.946388    -51.912548    *
*                                                                             *
*    CSPI_ =      -60.857026    416.601524        147.443736    208.300762    *
*    CSPID =        2.171385   -503.021127       -249.339179   -251.510564    *
*    CLPS_ =       51.110395     71.467295         86.844042     35.733647    *
*    CCUR_ =      -33.156062     48.271535         -9.020295     24.135768    *
*    CKIS_ =        0.000000      0.000000          0.000000      0.000000    *
*    CROT_ =      -22.033840   -103.825096        -73.946388    -51.912548    *
*                                                                             *
*******************************************************************************

*******************************************************************************
*                                                                             *
*                          NUCLEAR MATTER PROPERTIES                          *
*                                                                             *
*******************************************************************************
*                                                                             *
*     E = -15.8000  rho0 =   0.15625   K =  244.6682   Ms =    0.9364         *
*                   asym =  28.66820   L =   40.1091   Mv =    1.2498         *
*                                                                             *
*******************************************************************************

*******************************************************************************
*                                                                             *
*  PHYSICAL CONSTANTS:     H_BARC=197.32891000           HBCOE2=137.03602000  *
*                                                                             *
*                          XMASSN=938.90590000           XMASSP=938.27231000  *
*                                                                             *
*                          HBMASS= 20.73553000           HBMRPA= 20.73553000  *
*                                                                             *
*                          ECHAR2=  1.43997841           COULEX= -1.06350868  *
*                                                                             *
*******************************************************************************
*                                                                             *
*  OSCILLATOR LENGTHS:     X= 2.1495591      Y= 2.1495591       Z= 2.4590877  *
*                                                                             *
*  OSCILLATOR CONSTANTS:   X= 0.4652117      Y= 0.4652117       Z= 0.4066549  *
*                                                                             *
*  OSCILLATOR FREQUENCIES: X= 8.9755401      Y= 8.9755401       Z= 6.8582188  *
*                                                                             *
*******************************************************************************
*                                                                             *
*  BASIS CUT-OFF CONTROL PARAMETERS:  NXMAXX = 16  NYMAXX = 16  NZMAXX =  20  *
*                                                                             *
*                                     NXHERM = 36  NYHERM = 36  NZHERM =  60  *
*                                                                             *
*                                     NLIMIT=1140  LDBASE=1153  MCOUNT=29791  *
*                                                                             *
*                                     ENECUT= 800.0000      ELIMIT= 156.0133  *
*                                                                             *
*******************************************************************************

*******************************************************************************
*                                                                             *
*   SHAPE OF THE OSCILLATOR-BASIS DIAMOND    (THREE CONSECUTIVE PROJECTIONS)  *
*                                                                             *
*******************************************************************************
*                                                                             *
*        NX ===>>>  0  1  2  3  4  5  6  7  8  9 10 11 12 13 14 15 16         *
*        MAX.NY => 16 15 14 13 12 11 10  9  8  7  6  5  4  3  2  1  0         *
*                 ---------------------------------------------------         *
*   NY= 0  (16)  | 20 19 18 17 15 14 13 11 10  9  7  6  5  3  2  1  0         *
*   NY= 1  (15)  | 19 18 17 15 14 13 11 10  9  7  6  5  3  2  1  0            *
*   NY= 2  (14)  | 18 17 15 14 13 11 10  9  7  6  5  3  2  1  0               *
*   NY= 3  (13)  | 17 15 14 13 11 10  9  7  6  5  3  2  1  0                  *
*   NY= 4  (12)  | 15 14 13 11 10  9  7  6  5  3  2  1  0                     *
*   NY= 5  (11)  | 14 13 11 10  9  7  6  5  3  2  1  0                        *
*   NY= 6  (10)  | 13 11 10  9  7  6  5  3  2  1  0                           *
*   NY= 7  ( 9)  | 11 10  9  7  6  5  3  2  1  0                              *
*   NY= 8  ( 8)  | 10  9  7  6  5  3  2  1  0                                 *
*   NY= 9  ( 7)  |  9  7  6  5  3  2  1  0                                    *
*   NY=10  ( 6)  |  7  6  5  3  2  1  0                                       *
*   NY=11  ( 5)  |  6  5  3  2  1  0                                          *
*   NY=12  ( 4)  |  5  3  2  1  0                                             *
*   NY=13  ( 3)  |  3  2  1  0                                                *
*   NY=14  ( 2)  |  2  1  0                                                   *
*   NY=15  ( 1)  |  1  0                                                      *
*   NY=16  ( 0)  |  0                                                         *
*                                                                             *
*                                                                             *
*        NZ ===>>>  0  1  2  3  4  5  6  7  8  9 10 11 12 13 14 15 16 17 18   *
*        MAX.NY => 16 15 14 13 12 12 11 10  9  9  8  7  6  6  5  4  3  3  2   *
*                 ---------------------------------------------------------   *
*   NY= 0  (20)  | 16 15 14 13 12 12 11 10  9  9  8  7  6  6  5  4  3  3  2   *
*   NY= 1  (19)  | 15 14 13 12 11 11 10  9  8  8  7  6  5  5  4  3  2  2  1   *
*   NY= 2  (18)  | 14 13 12 11 10 10  9  8  7  7  6  5  4  4  3  2  1  1  0   *
*   NY= 3  (17)  | 13 12 11 10  9  9  8  7  6  6  5  4  3  3  2  1  0  0      *
*   NY= 4  (15)  | 12 11 10  9  8  8  7  6  5  5  4  3  2  2  1  0            *
*   NY= 5  (14)  | 11 10  9  8  7  7  6  5  4  4  3  2  1  1  0               *
*   NY= 6  (13)  | 10  9  8  7  6  6  5  4  3  3  2  1  0  0                  *
*   NY= 7  (11)  |  9  8  7  6  5  5  4  3  2  2  1  0                        *
*   NY= 8  (10)  |  8  7  6  5  4  4  3  2  1  1  0                           *
*   NY= 9  ( 9)  |  7  6  5  4  3  3  2  1  0  0                              *
*   NY=10  ( 7)  |  6  5  4  3  2  2  1  0                                    *
*   NY=11  ( 6)  |  5  4  3  2  1  1  0                                       *
*   NY=12  ( 5)  |  4  3  2  1  0  0                                          *
*   NY=13  ( 3)  |  3  2  1  0                                                *
*   NY=14  ( 2)  |  2  1  0                                                   *
*   NY=15  ( 1)  |  1  0                                                      *
*   NY=16  ( 0)  |  0                                                         *
*                                                                             *
*                                                                             *
*        NZ ===>>>  0  1  2  3  4  5  6  7  8  9 10 11 12 13 14 15 16 17 18   *
*        MAX.NX => 16 15 14 13 12 12 11 10  9  9  8  7  6  6  5  4  3  3  2   *
*                 ---------------------------------------------------------   *
*   NX= 0  (20)  | 16 15 14 13 12 12 11 10  9  9  8  7  6  6  5  4  3  3  2   *
*   NX= 1  (19)  | 15 14 13 12 11 11 10  9  8  8  7  6  5  5  4  3  2  2  1   *
*   NX= 2  (18)  | 14 13 12 11 10 10  9  8  7  7  6  5  4  4  3  2  1  1  0   *
*   NX= 3  (17)  | 13 12 11 10  9  9  8  7  6  6  5  4  3  3  2  1  0  0      *
*   NX= 4  (15)  | 12 11 10  9  8  8  7  6  5  5  4  3  2  2  1  0            *
*   NX= 5  (14)  | 11 10  9  8  7  7  6  5  4  4  3  2  1  1  0               *
*   NX= 6  (13)  | 10  9  8  7  6  6  5  4  3  3  2  1  0  0                  *
*   NX= 7  (11)  |  9  8  7  6  5  5  4  3  2  2  1  0                        *
*   NX= 8  (10)  |  8  7  6  5  4  4  3  2  1  1  0                           *
*   NX= 9  ( 9)  |  7  6  5  4  3  3  2  1  0  0                              *
*   NX=10  ( 7)  |  6  5  4  3  2  2  1  0                                    *
*   NX=11  ( 6)  |  5  4  3  2  1  1  0                                       *
*   NX=12  ( 5)  |  4  3  2  1  0  0                                          *
*   NX=13  ( 3)  |  3  2  1  0                                                *
*   NX=14  ( 2)  |  2  1  0                                                   *
*   NX=15  ( 1)  |  1  0                                                      *
*   NX=16  ( 0)  |  0                                                         *
*                                                                             *
*******************************************************************************

*******************************************************************************
*                                                                             *
* NUCLIDE: N =  98  Z =  78  NUMBER OF ITERATIONS = 1000   CONTINUATION? = 1  *
*                                                                             *
*******************************************************************************
*                                                                             *
* ITERATIONS WILL STOP WHEN THE STABILITY BECOMES LOWER THAN EPSITE=0.300000  *
*                                            FOR    5 CONSECUTIVE ITERATIONS  *
*                                                                             *
*******************************************************************************
*                                                                             *
* ITERATIONS WILL STOP WHEN THE PING-PONG DIVERGENCE OCCURS FOR EPSPNG=0.010  *
*                                DURING    5 PAIRS OF CONSECUTIVE ITERATIONS  *
*                                                                             *
*******************************************************************************
*                                                                             *
* ITERATIONS WILL STOP FOR CHAOTIC-DIVERGENCE CONDITION OCCURING   20  TIMES  *
*                                                                             *
*******************************************************************************
*                                                                             *
* SLOW-DOWN PARAMETERS:                                                       *
* TIME-EVEN = 0.85   TIME-ODD = 0.85   PAIRING = 0.85   LIPKIN-NOGAMI = 0.85  *
*                    LIP-MASS = 0.50   LIP-MOI = 0.50   LIPKIN-METHOD = 0.50  *
*                                                                             *
*******************************************************************************
*                                                                             *
* BROYDEN METHOD IS:  ON                                                      *
*                                                                             *
*    TRIGGERED ONLY WHEN STABILITY IS LOWER THAN :  1000.000 MEV              *
*    INITIAL SLOWING FACTOR (BEFORE TRIGGER)     :     0.85 (=SLOWEV)         *
*    BROYDEN SLOWING FACTOR (AFTER  TRIGGER)     :     0.40 (=1-ALPHAM)       *
*    NUMBER OF ITERATIONS RETAINED IN MEMORY     :    10                      *
*                                                                             *
*******************************************************************************
*                                                                             *
* DIRECT COULOMB TERMS SOLVED BY GREEN FUNCTION AND FOURIER TRANSFORM METHOD  *
* COULOMB PARAMETERS:  NUMCOU = 80  NUMETA = 79  BOUCOU = 20.0  FURMAX =0.25  *
*                                                                             *
*******************************************************************************
*                                                                             *
* EXCHANGE COULOMB TERMS TREATED BY THE SLATER APPROXIMATION                  *
*                                                                             *
*******************************************************************************
*                                                                             *
* MAXIMUM NUMBERS OF MULTIPOLE MOMENTS USED FOR THE CONSTRAINTS,    NMUCON=4  *
*                                           FOR THE COULOMB FIELD,  NMUCOU=4  *
*                                           FOR THE OUTPUT INFO,    NMUPRI=4  *
*                                                                             *
*******************************************************************************
*                                                                             *
* MULTIPOLE CONSTRAINTS: LAMBDA= 2  MIU= 0  MOMENT= 33.000  STIFFNESS= 0.500  *
*                        LAMBDA= 3  MIU= 0  MOMENT=  8.000  STIFFNESS= 0.500  *
*                                                                             *
*******************************************************************************
*                                                                             *
* LINEAR MULTIPOLE CONSTRAINTS: LAMBDA= 2  MIU= 0  LAGRANGE PAR. USED= 0.000  *
*                               LAMBDA= 3  MIU= 0  LAGRANGE PAR. USED= 0.000  *
*                                                                             *
*******************************************************************************
*                                                                             *
* THE LAGRANGE PARAMETERS OF THE LINEAR CONSTRAINTS ARE RE-ADJUSTED AT EACH   *
* ITERATION BY USING THE CRANKING APPROXIMATION OF THE RPA MATRIX             *
*                                                                             *
*******************************************************************************
*                                                                             *
* PRINTING THE RESULTS FOR THE FOLLOWING ITERATIONS:         THE  FIRST: YES  *
*                                                            THE MIDDLE:  NO  *
*                                                     AND/OR THE   LAST: YES  *
*                                                                             *
*******************************************************************************
*                                                                             *
* PRINTING THE MOMENTS, RADII, AND DEFORMATIONS FOR:           NEUTRONS: YES  *
*                                                              PROTONS : YES  *
*                                                              MASS    : YES  *
*                                                                             *
*******************************************************************************
*                                                                             *
* PRINTING THE MOMENTS, MOMENTA AND DEFORMATIONS IN THE INTRINSIC FRAME: YES  *
*                                                                             *
*******************************************************************************
*                                                                             *
* NILSSON LABELS OF SINGLE-PARTICLE STATES SHOWN WITH RESPECT TO THE: Z-AXIS  *
*                                                                             *
*******************************************************************************
*                                                                             *
* CALCULATIONS WITH THE HFB PAIRING CORRELATIONS                              *
*                                                                             *
*******************************************************************************
*                                                                             *
* CONTACT PAIRING INTERACTION:     V0        V1       RHO-SAT      POWER      *
*                    NEUTRONS:  -234.380   732.438     0.320     1.0000000    *
*                     PROTONS:  -260.437   813.866     0.320     1.0000000    *
*                                                                             *
*******************************************************************************
*                                                                             *
* CUTOFF ENERGY DEFINING THE ACTIVE HFB PAIRING SPACE=      60.000            *
*                                                                             *
*******************************************************************************
*                                                                             *
* CALCULATIONS WITH SIMPLEX SYMMETRY                                          *
*                                                                             *
*******************************************************************************
*                                                                             *
* CALCULATIONS WITH TIME-ODD SYMMETRIES:        T*SIMPLEX_X =>     CONSERVED  *
*                                               T*SIMPLEX_Y =>     CONSERVED  *
*                                               T*SIMPLEX_Z => NON CONSERVED  *
*                                                                             *
*******************************************************************************
*                                                                             *
* CALCULATIONS WITHOUT ROTATION                                               *
*                                                                             *
*******************************************************************************

*******************************************************************************
*                                                                             *
*  CALLING SUBROUTINE "RECORD" TO READ THE REPLAY FILE OBTAINED PREVIOUSLY    *
*  ./restart/HFODD_00000066.REC                                               *
*                                                                             *
*******************************************************************************

*******************************************************************************
*                                                                             *
*  SINGLE-QUASIPARTICLE PROPERTIES:                                NEUTRONS   *
*                                                                             *
*******************************************************************************
*                                                                             *
*  NO)   ENERGY   (S=+,S=-)       PARITY   V2QUAP   EEQUIV   DEQUIV   V_CORR  *
*                                                                             *
*  51)    9.327   (  0, 26)        0.082  0.99912  -18.793    0.552  1.00000  *
*  52)    9.327   ( 26,  0)        0.082  0.99912  -18.793    0.552  1.00000  *
*  53)    9.289   (  0, 27)        0.685  0.99917  -18.755    0.536  1.00000  *
*  54)    9.289   ( 27,  0)        0.685  0.99917  -18.755    0.536  1.00000  *
*  57)    8.162   ( 29,  0)        0.137  0.99584  -17.576    1.051  1.00000  *
*  58)    8.162   (  0, 29)        0.137  0.99584  -17.576    1.051  1.00000  *
*  59)    7.169   ( 30,  0)        0.134  0.99879  -16.634    0.498  1.00000  *
*  60)    7.169   (  0, 30)        0.134  0.99879  -16.634    0.498  1.00000  *
*  61)    6.464   (  0, 31)        0.255  0.99871  -15.929    0.464  1.00000  *
*  62)    6.464   ( 31,  0)        0.255  0.99871  -15.929    0.464  1.00000  *
*  63)    6.527   (  0, 32)        0.804  0.99203  -15.905    1.160  0.99999  *
*  64)    6.527   ( 32,  0)        0.804  0.99203  -15.905    1.160  0.99999  *
*  65)    6.356   (  0, 33)        0.618  0.99406  -15.762    0.977  1.00000  *
*  66)    6.356   ( 33,  0)        0.618  0.99406  -15.762    0.977  1.00000  *
*  67)    5.846   ( 34,  0)        0.927  0.99842  -15.310    0.464  1.00000  *
*  68)    5.846   (  0, 34)        0.927  0.99842  -15.310    0.464  1.00000  *
*  69)    5.058   (  0, 35)        0.521  0.99783  -14.518    0.471  1.00000  *
*  70)    5.058   ( 35,  0)        0.521  0.99783  -14.518    0.471  1.00000  *
*  71)    4.767   ( 36,  0)        0.616  0.99777  -14.227    0.450  1.00000  *
*  72)    4.767   (  0, 36)        0.616  0.99777  -14.227    0.450  1.00000  *
*  73)    4.634   ( 37,  0)        0.845  0.99711  -14.089    0.497  1.00000  *
*  74)    4.634   (  0, 37)        0.845  0.99711  -14.089    0.497  1.00000  *
*  75)    4.240   ( 38,  0)        0.826  0.99708  -13.697    0.458  1.00000  *
*  76)    4.240   (  0, 38)        0.826  0.99708  -13.697    0.458  1.00000  *
*  77)    3.986   (  0, 39)       -0.958  0.99577  -13.434    0.517  1.00000  *
*  78)    3.986   ( 39,  0)       -0.958  0.99577  -13.434    0.517  1.00000  *
*  79)    3.630   (  0, 40)       -0.580  0.99618  -13.084    0.448  1.00000  *
*  80)    3.630   ( 40,  0)       -0.580  0.99618  -13.084    0.448  1.00000  *
*  81)    3.268   (  0, 41)       -0.952  0.99618  -12.725    0.403  0.99999  *
*  82)    3.268   ( 41,  0)       -0.952  0.99618  -12.725    0.403  0.99999  *
*  83)    2.968   (  0, 42)        0.218  0.99419  -12.416    0.451  0.99999  *
*  84)    2.968   ( 42,  0)        0.218  0.99419  -12.416    0.451  0.99999  *
*  85)    2.751   ( 43,  0)       -0.013  0.99347  -12.197    0.443  0.99999  *
*  86)    2.751   (  0, 43)       -0.013  0.99347  -12.197    0.443  0.99999  *
*  87)    7.719   ( 44,  0)        0.539  0.66708  -12.061    7.275  0.99981  *
*  88)    7.719   (  0, 44)        0.539  0.66708  -12.061    7.275  0.99981  *
*  89)    1.777   (  0, 45)        0.316  0.98603  -11.210    0.417  0.99997  *
*  90)    1.777   ( 45,  0)        0.316  0.98603  -11.210    0.417  0.99997  *
*  91)    1.595   (  0, 46)       -0.716  0.98168  -11.019    0.428  0.99995  *
*  92)    1.595   ( 46,  0)       -0.716  0.98168  -11.019    0.428  0.99995  *
*  93)    1.078   ( 47,  0)        0.443  0.95838  -10.471    0.431  0.99983  *
*  94)    1.078   (  0, 47)        0.443  0.95838  -10.471    0.431  0.99983  *
*  95)    0.702   (  0, 48)       -0.349  0.90090  -10.044    0.419  0.99938  *
*  96)    0.702   ( 48,  0)       -0.349  0.90090  -10.044    0.419  0.99938  *
*  97)    0.482   ( 49,  0)       -0.551  0.73768   -9.711    0.424  0.99761  *
*  98)    0.482   (  0, 49)       -0.551  0.73768   -9.711    0.424  0.99761  *
*  99)    0.439   ( 50,  0)       -0.482  0.34879   -9.349    0.418  0.99353  *
* 100)    0.439   (  0, 50)       -0.482  0.34879   -9.349    0.418  0.99353  *
* 101)    1.324   ( 51,  0)       -0.557  0.02523   -8.225    0.415  0.99680  *
* 102)    1.324   (  0, 51)       -0.557  0.02523   -8.225    0.415  0.99680  *
* 103)    1.451   (  0, 52)       -0.090  0.02035   -8.090    0.410  0.99706  *
* 104)    1.451   ( 52,  0)       -0.090  0.02035   -8.090    0.410  0.99706  *
* 105)    1.931   (  0, 53)       -0.706  0.01124   -7.594    0.407  0.99777  *
* 106)    1.931   ( 53,  0)       -0.706  0.01124   -7.594    0.407  0.99777  *
* 107)    2.058   (  0, 54)       -0.646  0.00945   -7.462    0.398  0.99790  *
* 108)    2.058   ( 54,  0)       -0.646  0.00945   -7.462    0.398  0.99790  *
* 109)    2.123   (  0, 55)       -0.362  0.00799   -7.393    0.378  0.99797  *
* 110)    2.123   ( 55,  0)       -0.362  0.00799   -7.393    0.378  0.99797  *
* 111)    2.240   ( 56,  0)       -0.633  0.00852   -7.280    0.412  0.99807  *
* 112)    2.240   (  0, 56)       -0.633  0.00852   -7.280    0.412  0.99807  *
* 113)    7.692   (  0, 57)        0.542  0.33267   -6.908    7.249  0.99962  *
* 114)    7.692   ( 57,  0)        0.542  0.33267   -6.908    7.249  0.99962  *
* 115)    2.650   ( 58,  0)       -0.445  0.00545   -6.860    0.390  0.99837  *
* 116)    2.650   (  0, 58)       -0.445  0.00545   -6.860    0.390  0.99837  *
* 117)    3.120   ( 59,  0)       -0.480  0.00435   -6.389    0.411  0.99861  *
* 118)    3.120   (  0, 59)       -0.480  0.00435   -6.389    0.411  0.99861  *
* 119)    3.223   ( 60,  0)       -0.314  0.00411   -6.285    0.412  0.99865  *
* 120)    3.223   (  0, 60)       -0.314  0.00411   -6.285    0.412  0.99865  *
* 121)    3.384   ( 61,  0)        0.935  0.00372   -6.123    0.412  0.99872  *
* 122)    3.384   (  0, 61)        0.935  0.00372   -6.123    0.412  0.99872  *
* 123)    3.500   (  0, 62)       -0.846  0.00307   -6.003    0.388  0.99876  *
* 124)    3.500   ( 62,  0)       -0.846  0.00307   -6.003    0.388  0.99876  *
* 125)    3.843   ( 63,  0)       -0.392  0.00310   -5.663    0.427  0.99887  *
* 126)    3.843   (  0, 63)       -0.392  0.00310   -5.663    0.427  0.99887  *
* 127)    4.006   ( 64,  0)       -0.507  0.00224   -5.494    0.379  0.99891  *
* 128)    4.006   (  0, 64)       -0.507  0.00224   -5.494    0.379  0.99891  *
* 129)    4.251   (  0, 65)        0.382  0.00362   -5.262    0.511  0.99898  *
* 130)    4.251   ( 65,  0)        0.382  0.00362   -5.262    0.511  0.99898  *
* 131)    4.325   ( 66,  0)        0.640  0.00221   -5.176    0.407  0.99899  *
* 132)    4.325   (  0, 66)        0.640  0.00221   -5.176    0.407  0.99899  *
* 133)    4.337   (  0, 67)       -0.361  0.00242   -5.166    0.426  0.99900  *
* 134)    4.337   ( 67,  0)       -0.361  0.00242   -5.166    0.426  0.99900  *
* 135)    4.728   ( 68,  0)       -0.069  0.00229   -4.776    0.452  0.99908  *
* 136)    4.728   (  0, 68)       -0.069  0.00229   -4.776    0.452  0.99908  *
* 137)    5.285   (  0, 69)       -0.044  0.00188   -4.217    0.458  0.99918  *
* 138)    5.285   ( 69,  0)       -0.044  0.00188   -4.217    0.458  0.99918  *
* 139)    5.352   (  0, 70)        0.548  0.00171   -4.148    0.442  0.99919  *
* 140)    5.352   ( 70,  0)        0.548  0.00171   -4.148    0.442  0.99919  *
* 141)    5.748   (  0, 71)        0.146  0.00119   -3.748    0.397  0.99924  *
* 142)    5.748   ( 71,  0)        0.146  0.00119   -3.748    0.397  0.99924  *
* 143)    6.322   ( 72,  0)        0.437  0.00579   -3.233    0.960  0.99931  *
* 144)    6.322   (  0, 72)        0.437  0.00579   -3.233    0.960  0.99931  *
* 145)    6.626   ( 73,  0)        0.816  0.00789   -2.961    1.172  0.99935  *
* 146)    6.626   (  0, 73)        0.816  0.00789   -2.961    1.172  0.99935  *
* 147)    7.841   ( 74,  0)        0.230  0.00387   -1.701    0.974  0.99945  *
* 148)    7.841   (  0, 74)        0.230  0.00387   -1.701    0.974  0.99945  *
* 149)    7.954   ( 75,  0)        0.354  0.00071   -1.539    0.424  0.99945  *
* 150)    7.954   (  0, 75)        0.354  0.00071   -1.539    0.424  0.99945  *
* 151)    8.017   (  0, 76)        0.579  0.00053   -1.473    0.370  0.99946  *
* 152)    8.017   ( 76,  0)        0.579  0.00053   -1.473    0.370  0.99946  *
* 155)    8.453   ( 78,  0)       -0.259  0.00082   -1.043    0.485  0.99948  *
* 156)    8.453   (  0, 78)       -0.259  0.00082   -1.043    0.485  0.99948  *
* 157)    8.669   ( 79,  0)        0.079  0.00056   -0.823    0.411  0.99950  *
* 158)    8.669   (  0, 79)        0.079  0.00056   -0.823    0.411  0.99950  *
* 159)    9.455   ( 80,  0)        0.770  0.00081   -0.042    0.537  0.99954  *
* 160)    9.455   (  0, 80)        0.770  0.00081   -0.042    0.537  0.99954  *
* 161)    9.746   (  0, 81)        0.165  0.00040    0.257    0.392  0.99955  *
* 162)    9.746   ( 81,  0)        0.165  0.00040    0.257    0.392  0.99955  *
*                                                                             *
*1620)   TOTAL=  ( 810, 810)                                                  *
*                                                                             *
*******************************************************************************

*******************************************************************************
*                                                                             *
*  SINGLE-PARTICLE PROPERTIES: CANONICAL                           NEUTRONS   *
*                                                                             *
*******************************************************************************
*                                                                             *
*  NO)   ENERGY   (S=+,S=-)   | N,nz,lz,OMEz>   <P>    <JY>    <SY>   GFACT   *
*                                                                             *
*  45)  -11.220   ( 45,---)   | 4, 4, 0, 1/2>    28  -1.402  -0.398   0.284   *
*  46)  -11.025   ( 46,---)   | 5, 1, 2, 5/2>   -72   0.000  -0.000  -0.092   *
*  47)  -10.473   ( 47,---)   | 4, 3, 1, 3/2>    43  -0.000   0.000  -0.023   *
*  48)  -10.046   ( 48,---)   | 5, 2, 1, 1/2>   -33  -1.070  -0.260   0.243   *
*  49)   -9.711   ( 49,---)   | 5, 2, 1, 3/2>   -54  -0.001  -0.000   0.151   *
*  50)   -9.349   ( 50,---)   | 5, 0, 3, 7/2>   -47   0.000  -0.000  -0.473   *
*  51)   -8.200   ( 51,---)   | 5, 3, 2, 5/2>   -48   0.000   0.000   0.033   *
*  52)   -8.052   ( 52,---)   | 5, 1, 0, 1/2>   -12  -0.322  -0.190   0.590   *
*  53)   -7.575   ( 53,---)   | 5, 0, 5, 9/2>   -70  -0.000   0.000  -0.085   *
*  54)   -7.415   ( 54,---)   | 5, 0, 3, 7/2>   -66   0.000  -0.000  -0.134   *
*  55)   -7.295   ( 55,---)   | 6, 3, 1, 3/2>   -33  -0.001   0.000  -0.925   *
*  56)   -7.230   ( 56,---)   | 5, 2, 3, 5/2>   -63   0.000  -0.000  -0.187   *
*  57)   -6.736   ( 57,---)   | 5, 2, 1, 1/2>   -38   0.793  -0.200  -0.252   *
*  58)   -6.217   ( 58,---)   | 5, 0, 1, 3/2>   -75   0.003   0.003   0.913   *
*  59)   -6.063   ( 59,---)   | 6, 0, 6,13/2>    93   0.000   0.000   0.249   *
*  60)   -6.063   ( 60,---)   | 5, 0, 1, 1/2>   -35  -0.172  -0.193   1.125   *
*  61)   -5.820   ( 61,---)   | 5, 0, 3, 5/2>   -86  -0.000  -0.000   0.099   *
*  62)   -5.539   ( 62,---)   | 5, 1, 4, 7/2>   -65   0.000  -0.000  -0.097   *
*  63)   -5.223   ( 63,---)   | 5, 1, 0, 1/2>   -69   0.309  -0.295  -0.955   *
*  64)   -5.143   ( 64,---)   | 6, 1, 5,11/2>    92  -0.000  -0.000   0.104   *
*  65)   -5.061   ( 65,---)   | 6, 2, 4, 9/2>    60   0.000   0.000   0.385   *
*  66)   -4.897   ( 66,---)   | 5, 1, 2, 3/2>   -75  -0.000  -0.001  2.E+01   *
*  67)   -4.424   ( 67,---)   | 5, 4, 1, 1/2>   -24  -1.327  -0.329   0.248   *
*  68)   -3.917   ( 68,---)   | 5, 4, 1, 3/2>   -29  -0.000  -0.000   0.346   *
*  69)   -3.888   ( 69,---)   | 6, 3, 3, 5/2>    26   0.000   0.000   0.077   *
*  70)   -3.340   ( 70,---)   | 6, 3, 1, 1/2>    13  -1.724  -0.233   0.135   *
*  71)   -2.751   ( 71,---)   | 6, 3, 1, 3/2>     4  -0.001  -0.000   0.139   *
*  72)   -2.540   ( 72,---)   | 6, 1, 3, 7/2>    65   0.000   0.000   0.049   *
*  73)   -1.201   ( 73,---)   | 6, 2, 2, 5/2>    10  -0.000  -0.000   0.071   *
*  74)   -0.811   ( 74,---)   | 6, 2, 0, 1/2>     8  -0.626  -0.249   0.397   *
*  75)   -0.724   ( 75,---)   | 7, 4, 1, 3/2>    19   0.003   0.000   0.186   *
*  76)   -0.638   ( 76,---)   | 6, 0, 4, 9/2>    31  -0.000   0.000  -1.212   *
*  77)   -0.087   ( 77,---)   | 7, 4, 1, 1/2>   -16   0.377  -0.188  -0.498   *
*  78)   -0.069   ( 78,---)   | 7, 4, 3, 5/2>    11  -0.000  -0.000   0.410   *
*                                                                             *
*******************************************************************************

*******************************************************************************
*                                                                             *
*  HFB PAIRING PROPERTIES                                           NEUTRONS  *
*                                                                             *
*  STRENGTH= 0.0649   GAP= 0.4223   FERMI ENERGY= -9.4862   ENERGY=  -2.7464  *
*                                                                             *
*******************************************************************************

*******************************************************************************
*                                                                             *
*  MULTIPOLE MOMENTS [UNITS:  (10 FERMI)^LAMBDA]                    NEUTRONS  *
*                                                                             *
*******************************************************************************
*                                                                             *
*  Q00 = 98.0000  .............  .............  .............  .............  *
*                                                                             *
*  Q10 = 14.4188  Q11 =    ZERO  .............  .............  .............  *
*                                                                             *
*  Q20 = 18.4991  Q21 =    ZERO  Q22 = -0.0015  .............  .............  *
*                                                                             *
*  Q30 =  6.4149  Q31 =    ZERO  Q32 = 1.3E-04  Q33 =    ZERO  .............  *
*                                                                             *
*  Q40 =  5.2422  Q41 =    ZERO  Q42 = 6.4E-05  Q43 =    ZERO  Q44 = 2.2E-06  *
*                                                                             *
*******************************************************************************

*******************************************************************************
*                                                                             *
*  ROOT-MEAN-SQUARE AND GEOMETRIC SIZES IN FERMIS                   NEUTRONS  *
*                                                                             *
*  R_RMS =  5.7822     X_RMS =  2.8281    Y_RMS =  2.8282    Z_RMS =  4.1757  *
*                                                                             *
*  R_GEO =  7.4648     X_GEO =  6.3238    Y_GEO =  6.3242    Z_GEO =  9.3373  *
*                                                                             *
*******************************************************************************

*******************************************************************************
*                                                                             *
*  BOHR DEFORMATIONS (FIRST-ORDER APPROXIMATION)                    NEUTRONS  *
*                                                                             *
*******************************************************************************
*                                                                             *
*  B10 =  0.4034  B11 =    ZERO  .............  .............  .............  *
*                                                                             *
*  B20 =  0.4475  B21 =    ZERO  B22 =-3.6E-05  .............  .............  *
*                                                                             *
*  B30 =  0.6592  B31 =    ZERO  B32 = 1.9E-05  B33 =    ZERO  .............  *
*                                                                             *
*  B40 =  0.7216  B41 =    ZERO  B42 = 1.3E-05  B43 =    ZERO  B44 = 4.2E-07  *
*                                                                             *
*******************************************************************************
*                                                                             *
*  BOHR DENSITY = 0.0562 FM^(-3)  BOHR RADIUS =   7.4648 FM                   *
*                                                                             *
*******************************************************************************

*******************************************************************************
*                                                                             *
*  SINGLE-QUASIPARTICLE PROPERTIES:                                 PROTONS   *
*                                                                             *
*******************************************************************************
*                                                                             *
*  NO)   ENERGY   (S=+,S=-)       PARITY   V2QUAP   EEQUIV   DEQUIV   V_CORR  *
*                                                                             *
*  39)    9.776   ( 20,  0)       -0.793  0.99814  -11.764    0.842  1.00002  *
*  40)    9.776   (  0, 20)       -0.793  0.99814  -11.764    0.842  1.00002  *
*  41)    8.952   (  0, 21)       -0.746  0.97914  -10.603    2.559  1.00026  *
*  42)    8.952   ( 21,  0)       -0.746  0.97914  -10.603    2.559  1.00026  *
*  43)    8.558   (  0, 22)       -0.728  0.99852  -10.557    0.657  1.00002  *
*  44)    8.558   ( 22,  0)       -0.728  0.99852  -10.557    0.657  1.00002  *
*  45)    7.382   ( 23,  0)       -0.685  0.99824   -9.381    0.619  1.00003  *
*  46)    7.382   (  0, 23)       -0.685  0.99824   -9.381    0.619  1.00003  *
*  47)    7.309   ( 24,  0)        0.349  0.99780   -9.301    0.686  1.00003  *
*  48)    7.309   (  0, 24)        0.349  0.99780   -9.301    0.686  1.00003  *
*  49)    6.589   (  0, 25)        0.967  0.99694   -8.573    0.728  1.00005  *
*  50)    6.589   ( 25,  0)        0.967  0.99694   -8.573    0.728  1.00005  *
*  51)    6.181   (  0, 26)        0.954  0.99696   -8.167    0.680  1.00005  *
*  52)    6.181   ( 26,  0)        0.954  0.99696   -8.167    0.680  1.00005  *
*  53)    5.438   (  0, 27)        0.641  0.99630   -7.422    0.660  1.00008  *
*  54)    5.438   ( 27,  0)        0.641  0.99630   -7.422    0.660  1.00008  *
*  55)    5.582   (  0, 28)       -0.083  0.98016   -7.385    1.557  1.00039  *
*  56)    5.582   ( 28,  0)       -0.083  0.98016   -7.385    1.557  1.00039  *
*  57)    4.344   (  0, 29)        0.269  0.99539   -6.328    0.588  1.00012  *
*  58)    4.344   ( 29,  0)        0.269  0.99539   -6.328    0.588  1.00012  *
*  59)    3.756   ( 30,  0)        0.481  0.99322   -5.730    0.616  1.00020  *
*  60)    3.756   (  0, 30)        0.481  0.99322   -5.730    0.616  1.00020  *
*  61)    3.576   ( 31,  0)        0.120  0.99342   -5.553    0.578  1.00020  *
*  62)    3.576   (  0, 31)        0.120  0.99342   -5.553    0.578  1.00020  *
*  63)    2.754   (  0, 32)        0.206  0.98747   -4.709    0.612  1.00049  *
*  64)    2.754   ( 32,  0)        0.206  0.98747   -4.709    0.612  1.00049  *
*  65)    2.556   (  0, 33)        0.825  0.98322   -4.495    0.657  1.00070  *
*  66)    2.556   ( 33,  0)        0.825  0.98322   -4.495    0.657  1.00070  *
*  67)    2.107   ( 34,  0)        0.540  0.97987   -4.046    0.592  1.00101  *
*  68)    2.107   (  0, 34)        0.540  0.97987   -4.046    0.592  1.00101  *
*  69)    1.688   ( 35,  0)        0.932  0.96510   -3.595    0.620  1.00215  *
*  70)    1.688   (  0, 35)        0.932  0.96510   -3.595    0.620  1.00215  *
*  71)    1.006   ( 36,  0)        0.676  0.91357   -2.857    0.565  1.00853  *
*  72)    1.006   (  0, 36)        0.676  0.91357   -2.857    0.565  1.00853  *
*  73)    0.991   (  0, 37)        0.456  0.85067   -2.719    0.706  1.01517  *
*  74)    0.991   ( 37,  0)        0.456  0.85067   -2.719    0.706  1.01517  *
*  75)    0.652   ( 38,  0)        0.784  0.68903   -2.271    0.604  1.04779  *
*  76)    0.652   (  0, 38)        0.784  0.68903   -2.271    0.604  1.04779  *
*  77)    0.591   (  0, 39)        0.825  0.48606   -2.008    0.591  1.09382  *
*  78)    0.591   ( 39,  0)        0.825  0.48606   -2.008    0.591  1.09382  *
*  79)    0.797   ( 40,  0)       -0.954  0.23989   -1.610    0.681  1.11481  *
*  80)    0.797   (  0, 40)       -0.954  0.23989   -1.610    0.681  1.11481  *
*  81)    0.784   ( 41,  0)       -0.656  0.17818   -1.520    0.600  1.12951  *
*  82)    0.784   (  0, 41)       -0.656  0.17818   -1.520    0.600  1.12951  *
*  83)    0.923   ( 42,  0)       -0.030  0.15383   -1.386    0.666  1.11297  *
*  84)    0.923   (  0, 42)       -0.030  0.15383   -1.386    0.666  1.11297  *
*  85)    1.227   ( 43,  0)       -0.946  0.07408   -0.980    0.642  1.09321  *
*  86)    1.227   (  0, 43)       -0.946  0.07408   -0.980    0.642  1.09321  *
*  87)    1.379   (  0, 44)        0.165  0.04199   -0.761    0.553  1.08565  *
*  88)    1.379   ( 44,  0)        0.165  0.04199   -0.761    0.553  1.08565  *
*  89)    2.134   ( 45,  0)        0.303  0.01541    0.044    0.526  1.05556  *
*  90)    2.134   (  0, 45)        0.303  0.01541    0.044    0.526  1.05556  *
*  91)    2.511   ( 46,  0)       -0.537  0.01388    0.417    0.587  1.04692  *
*  92)    2.511   (  0, 46)       -0.537  0.01388    0.417    0.587  1.04692  *
*  93)    2.630   (  0, 47)        0.318  0.01060    0.550    0.539  1.04487  *
*  94)    2.630   ( 47,  0)        0.318  0.01060    0.550    0.539  1.04487  *
*  95)    3.248   ( 48,  0)       -0.229  0.00920    1.164    0.620  1.03608  *
*  96)    3.248   (  0, 48)       -0.229  0.00920    1.164    0.620  1.03608  *
*  97)    3.979   (  0, 49)       -0.551  0.00546    1.911    0.586  1.02938  *
*  98)    3.979   ( 49,  0)       -0.551  0.00546    1.911    0.586  1.02938  *
*  99)    4.695   (  0, 50)       -0.336  0.00414    2.632    0.603  1.02483  *
* 100)    4.695   ( 50,  0)       -0.336  0.00414    2.632    0.603  1.02483  *
* 101)    5.463   ( 51,  0)       -0.207  0.01959    3.224    1.514  1.02092  *
* 102)    5.463   (  0, 51)       -0.207  0.01959    3.224    1.514  1.02092  *
* 103)    5.550   ( 52,  0)       -0.416  0.00255    3.498    0.560  1.02096  *
* 104)    5.550   (  0, 52)       -0.416  0.00255    3.498    0.560  1.02096  *
* 105)    6.037   ( 53,  0)       -0.595  0.00324    3.973    0.686  1.01922  *
* 106)    6.037   (  0, 53)       -0.595  0.00324    3.973    0.686  1.01922  *
* 107)    6.508   (  0, 54)       -0.433  0.00223    4.454    0.614  1.01782  *
* 108)    6.508   ( 54,  0)       -0.433  0.00223    4.454    0.614  1.01782  *
* 109)    6.594   ( 55,  0)       -0.848  0.00198    4.544    0.586  1.01759  *
* 110)    6.594   (  0, 55)       -0.848  0.00198    4.544    0.586  1.01759  *
* 111)    6.691   (  0, 56)       -0.302  0.00211    4.638    0.614  1.01733  *
* 112)    6.691   ( 56,  0)       -0.302  0.00211    4.638    0.614  1.01733  *
* 113)    6.842   ( 57,  0)       -0.464  0.00184    4.792    0.586  1.01695  *
* 114)    6.842   (  0, 57)       -0.464  0.00184    4.792    0.586  1.01695  *
* 115)    7.845   ( 58,  0)       -0.692  0.00136    5.799    0.577  1.01476  *
* 116)    7.845   (  0, 58)       -0.692  0.00136    5.799    0.577  1.01476  *
* 117)    7.919   ( 59,  0)        0.934  0.00181    5.866    0.674  1.01461  *
* 118)    7.919   (  0, 59)        0.934  0.00181    5.866    0.674  1.01461  *
* 119)    7.950   ( 60,  0)       -0.202  0.00111    5.908    0.529  1.01456  *
* 120)    7.950   (  0, 60)       -0.202  0.00111    5.908    0.529  1.01456  *
* 121)    8.058   (  0, 61)       -0.690  0.00105    6.017    0.522  1.01436  *
* 122)    8.058   ( 61,  0)       -0.690  0.00105    6.017    0.522  1.01436  *
* 123)    8.236   ( 62,  0)       -0.661  0.00145    6.188    0.626  1.01404  *
* 124)    8.236   (  0, 62)       -0.661  0.00145    6.188    0.626  1.01404  *
* 125)    8.638   ( 63,  0)        0.742  0.00135    6.590    0.634  1.01338  *
* 126)    8.638   (  0, 63)        0.742  0.00135    6.590    0.634  1.01338  *
* 127)    8.981   ( 64,  0)       -0.724  0.01855    6.623    2.424  1.01264  *
* 128)    8.981   (  0, 64)       -0.724  0.01855    6.623    2.424  1.01264  *
* 129)    8.756   ( 65,  0)        0.923  0.00133    6.709    0.637  1.01320  *
* 130)    8.756   (  0, 65)        0.923  0.00133    6.709    0.637  1.01320  *
* 131)    8.941   (  0, 66)       -0.820  0.00102    6.898    0.571  1.01293  *
* 132)    8.941   ( 66,  0)       -0.820  0.00102    6.898    0.571  1.01293  *
* 133)    9.290   ( 67,  0)       -0.582  0.00262    7.217    0.950  1.01242  *
* 134)    9.290   (  0, 67)       -0.582  0.00262    7.217    0.950  1.01242  *
* 135)    9.311   ( 68,  0)       -0.600  0.00148    7.259    0.716  1.01240  *
* 136)    9.311   (  0, 68)       -0.600  0.00148    7.259    0.716  1.01240  *
* 137)    9.740   (  0, 69)        0.223  0.00084    7.699    0.566  1.01186  *
* 138)    9.740   ( 69,  0)        0.223  0.00084    7.699    0.566  1.01186  *
*                                                                             *
*1256)   TOTAL=  ( 628, 628)                                                  *
*                                                                             *
*******************************************************************************

*******************************************************************************
*                                                                             *
*  SINGLE-PARTICLE PROPERTIES: CANONICAL                            PROTONS   *
*                                                                             *
*******************************************************************************
*                                                                             *
*  NO)   ENERGY   (S=+,S=-)   | N,nz,lz,OMEz>   <P>    <JY>    <SY>   GFACT   *
*                                                                             *
*  21)  -11.816   ( 21,---)   | 3, 1, 2, 3/2>   -74   0.001  -0.000  -0.198   *
*  22)  -10.813   ( 22,---)   | 3, 0, 1, 3/2>   -81   0.001   0.001   0.888   *
*  23)   -9.442   ( 23,---)   | 3, 0, 1, 1/2>   -76   0.019  -0.041  -2.202   *
*  24)   -9.368   ( 24,---)   | 4, 2, 2, 5/2>     8  -0.000  -0.000   0.094   *
*  25)   -8.579   ( 25,---)   | 4, 0, 4, 9/2>    96   0.000   0.000   0.129   *
*  26)   -8.173   ( 26,---)   | 3, 3, 0, 1/2>   -27  -0.923  -0.416   0.450   *
*  27)   -8.171   ( 27,---)   | 4, 1, 3, 7/2>    95  -0.000  -0.000   0.129   *
*  28)   -7.444   ( 28,---)   | 4, 2, 2, 3/2>    55  -0.003  -0.000   0.100   *
*  29)   -6.370   ( 29,---)   | 4, 2, 0, 1/2>    29  -1.215  -0.432   0.356   *
*  30)   -5.784   ( 30,---)   | 4, 1, 3, 5/2>    56  -0.000   0.000  -1.169   *
*  31)   -5.590   ( 31,---)   | 4, 2, 2, 3/2>     8  -0.000   0.000  -0.262   *
*  32)   -4.756   ( 32,---)   | 4, 3, 1, 1/2>    20   0.056  -0.177  -3.165   *
*  33)   -4.501   ( 33,---)   | 4, 0, 4, 7/2>    82  -0.000   0.000  -4.956   *
*  34)   -4.067   ( 34,---)   | 4, 1, 1, 3/2>    56   0.001   0.000   0.290   *
*  35)   -3.598   ( 35,---)   | 4, 1, 3, 5/2>    93  -0.000  -0.000   0.370   *
*  36)   -2.863   ( 36,---)   | 4, 0, 2, 5/2>    70  -0.000  -0.000   1.038   *
*  37)   -2.858   ( 37,---)   | 4, 0, 0, 1/2>    40  -0.400  -0.277   0.694   *
*  38)   -2.273   ( 38,---)   | 4, 0, 2, 3/2>    79  -0.003   0.001  -0.280   *
*  39)   -2.008   ( 39,---)   | 4, 1, 1, 1/2>    84   0.780  -0.214  -0.274   *
*  40)   -1.608   ( 40,---)   | 5, 0, 5,11/2>   -95  -0.000  -0.000   0.072   *
*  41)   -1.516   ( 41,---)   | 5, 2, 3, 7/2>   -63   0.000   0.000   0.176   *
*  42)   -1.261   ( 42,---)   | 6, 4, 0, 1/2>    35  -0.937  -0.431   0.460   *
*  43)   -0.971   ( 43,---)   | 5, 1, 4, 9/2>   -94   0.000   0.000   2.278   *
*  44)   -0.739   ( 44,---)   | 5, 3, 2, 3/2>    19  -0.000  -0.000   0.012   *
*                                                                             *
*******************************************************************************

*******************************************************************************
*                                                                             *
*  HFB PAIRING PROPERTIES                                            PROTONS  *
*                                                                             *
*  STRENGTH= 0.0614   GAP= 0.5909   FERMI ENERGY= -1.9102   ENERGY=  -5.6901  *
*                                                                             *
*******************************************************************************

*******************************************************************************
*                                                                             *
*  MULTIPOLE MOMENTS [UNITS:  (10 FERMI)^LAMBDA]                     PROTONS  *
*                                                                             *
*******************************************************************************
*                                                                             *
*  Q00 = 78.0000  .............  .............  .............  .............  *
*                                                                             *
*  Q10 = 11.6133  Q11 =    ZERO  .............  .............  .............  *
*                                                                             *
*  Q20 = 15.0088  Q21 =    ZERO  Q22 = -0.0013  .............  .............  *
*                                                                             *
*  Q30 =  5.3168  Q31 =    ZERO  Q32 = 9.6E-05  Q33 =    ZERO  .............  *
*                                                                             *
*  Q40 =  4.3454  Q41 =    ZERO  Q42 = 4.2E-05  Q43 =    ZERO  Q44 = 1.5E-06  *
*                                                                             *
*******************************************************************************

*******************************************************************************
*                                                                             *
*  ROOT-MEAN-SQUARE AND GEOMETRIC SIZES IN FERMIS                    PROTONS  *
*                                                                             *
*  R_RMS =  5.7574     X_RMS =  2.8003    Y_RMS =  2.8005    Z_RMS =  4.1789  *
*                                                                             *
*  R_GEO =  7.4328     X_GEO =  6.2617    Y_GEO =  6.2621    Z_GEO =  9.3444  *
*                                                                             *
*******************************************************************************

*******************************************************************************
*                                                                             *
*  BOHR DEFORMATIONS (FIRST-ORDER APPROXIMATION)                     PROTONS  *
*                                                                             *
*******************************************************************************
*                                                                             *
*  B10 =  0.4100  B11 =    ZERO  .............  .............  .............  *
*                                                                             *
*  B20 =  0.4601  B21 =    ZERO  B22 =-4.0E-05  .............  .............  *
*                                                                             *
*  B30 =  0.6953  B31 =    ZERO  B32 = 1.8E-05  B33 =    ZERO  .............  *
*                                                                             *
*  B40 =  0.7646  B41 =    ZERO  B42 = 1.1E-05  B43 =    ZERO  B44 = 3.8E-07  *
*                                                                             *
*******************************************************************************
*                                                                             *
*  BOHR DENSITY = 0.0453 FM^(-3)  BOHR RADIUS =   7.4328 FM                   *
*                                                                             *
*******************************************************************************

*******************************************************************************
*                                                                             *
*                  DENSITY INTEGRALS IN THE SKYRME FUNCTIONAL                 *
*                                                                             *
*******************************************************************************
*                                                                             *
*                   TOTAL(T)        SUM(S)      ISOSCALAR(P)  ISOVECTOR(M)    *
*                   --------        ------      ------------  ------------    *
*    DRHO_ =       20.598253     10.414885         20.598253      0.231517    *
*    DRHOD =        9.569156      4.837276          9.569156      0.105397    *
*    DLPR_ =       -4.296915     -2.165943         -4.296915     -0.034970    *
*    DTAU_ =       18.297482      9.320404         18.297482      0.343326    *
*    DSCU_ =        0.121927      0.072955          0.121927      0.023983    *
*    DDIV_ =        0.875932      0.451563          0.875932      0.027194    *
*                                                                             *
*    DSPI_ =        0.000000      0.000000          0.000000      0.000000    *
*    DSPID =        0.000000      0.000000          0.000000      0.000000    *
*    DLPS_ =        0.000000      0.000000          0.000000      0.000000    *
*    DCUR_ =        0.000000      0.000000          0.000000      0.000000    *
*    DKIS_ =        0.000000      0.000000          0.000000      0.000000    *
*    DROT_ =        0.000000      0.000000          0.000000      0.000000    *
*                                                                             *
*******************************************************************************

*******************************************************************************
*                                                                             *
*               CONTRIBUTIONS TO ENERGY IN THE SKYRME FUNCTIONAL              *
*                                                                             *
*******************************************************************************
*                                                                             *
*                 TOTAL(T)        SUM(S)        ISOSCALAR(P)  ISOVECTOR(M)    *
*                 --------        ------        ------------  ------------    *
*    ERHO_ =   -18416.075839   5606.494938     -12871.895559     62.314658    *
*    ERHOD =     9647.753654  -2454.259375       7220.231500    -26.737221    *
*    ELPR_ =     -422.538474    623.510223        195.938306      5.033442    *
*    ETAU_ =      606.672446   -449.910208        165.048677     -8.286439    *
*    ESCU_ =        0.000000      0.000000          0.000000      0.000000    *
*    EDIV_ =      -19.300147    -46.883581        -64.772012     -1.411716    *
*               ============  ============      ============  ============    *
*    SUM EVEN:  -8603.488360   3278.951997      -5355.449088     30.912724    *
*                                                                             *
*    ESPI_ =        0.000000      0.000000          0.000000      0.000000    *
*    ESPID =        0.000000      0.000000          0.000000      0.000000    *
*    ELPS_ =        0.000000      0.000000          0.000000      0.000000    *
*    ECUR_ =        0.000000      0.000000          0.000000      0.000000    *
*    EKIS_ =        0.000000      0.000000          0.000000      0.000000    *
*    EROT_ =        0.000000      0.000000          0.000000      0.000000    *
*               ============  ============      ============  ============    *
*    SUM  ODD:      0.000000      0.000000          0.000000      0.000000    *
*                                                                             *
*******************************************************************************
 
*******************************************************************************
*                                                                             *
*  CENTER-OF-MASS COORDINATES IN FERMIS                                TOTAL  *
*                                                                             *
*  R_CMS =  1.4791     X_CMS = -0.0000    Y_CMS =  0.0000    Z_CMS =  1.4791  *
*                                                                             *
*******************************************************************************

*******************************************************************************
*                                                                             *
*  MULTIPOLE MOMENTS [UNITS:  (10 FERMI)^LAMBDA] [CENT-MASS FRAME]  NEUTRONS  *
*                                                                             *
*******************************************************************************
*                                                                             *
*  Q00 = 98.0000  .............  .............  .............  .............  *
*                                                                             *
*  Q10 = -0.0763  Q11 =    ZERO  .............  .............  .............  *
*                                                                             *
*  Q20 = 14.2563  Q21 =    ZERO  Q22 = -0.0015  .............  .............  *
*                                                                             *
*  Q30 =  3.8213  Q31 =    ZERO  Q32 = 2.6E-04  Q33 =    ZERO  .............  *
*                                                                             *
*  Q40 =  1.8480  Q41 =    ZERO  Q42 =-4.9E-05  Q43 =    ZERO  Q44 = 2.2E-06  *
*                                                                             *
*******************************************************************************

*******************************************************************************
*                                                                             *
*  BOHR DEFORMATIONS (FIRST-ORDER APPROXIMATION) [CENT-MASS FRAME]  NEUTRONS  *
*                                                                             *
*******************************************************************************
*                                                                             *
*  B10 = -0.0026  B11 =    ZERO  .............  .............  .............  *
*                                                                             *
*  B20 =  0.4947  B21 =    ZERO  B22 =-5.2E-05  .............  .............  *
*                                                                             *
*  B30 =  0.6745  B31 =    ZERO  B32 = 6.5E-05  B33 =    ZERO  .............  *
*                                                                             *
*  B40 =  0.5233  B41 =    ZERO  B42 =-2.0E-05  B43 =    ZERO  B44 = 8.6E-07  *
*                                                                             *
*******************************************************************************
*                                                                             *
*  BOHR DENSITY = 0.0966 FM^(-3)  BOHR RADIUS =   6.2331 FM                   *
*                                                                             *
*******************************************************************************

*******************************************************************************
*                                                                             *
*  MULTIPOLE MOMENTS [UNITS:  (10 FERMI)^LAMBDA] [CENT-MASS FRAME]   PROTONS  *
*                                                                             *
*******************************************************************************
*                                                                             *
*  Q00 = 78.0000  .............  .............  .............  .............  *
*                                                                             *
*  Q10 =  0.0763  Q11 =    ZERO  .............  .............  .............  *
*                                                                             *
*  Q20 = 11.5508  Q21 =    ZERO  Q22 = -0.0013  .............  .............  *
*                                                                             *
*  Q30 =  3.2120  Q31 =    ZERO  Q32 = 2.1E-04  Q33 =    ZERO  .............  *
*                                                                             *
*  Q40 =  1.5166  Q41 =    ZERO  Q42 =-4.7E-05  Q43 =    ZERO  Q44 = 1.5E-06  *
*                                                                             *
*******************************************************************************

*******************************************************************************
*                                                                             *
*  BOHR DEFORMATIONS (FIRST-ORDER APPROXIMATION) [CENT-MASS FRAME]   PROTONS  *
*                                                                             *
*******************************************************************************
*                                                                             *
*  B10 =  0.0032  B11 =    ZERO  .............  .............  .............  *
*                                                                             *
*  B20 =  0.5121  B21 =    ZERO  B22 =-5.8E-05  .............  .............  *
*                                                                             *
*  B30 =  0.7305  B31 =    ZERO  B32 = 6.8E-05  B33 =    ZERO  .............  *
*                                                                             *
*  B40 =  0.5581  B41 =    ZERO  B42 =-2.4E-05  B43 =    ZERO  B44 = 7.9E-07  *
*                                                                             *
*******************************************************************************
*                                                                             *
*  BOHR DENSITY = 0.0789 FM^(-3)  BOHR RADIUS =   6.1808 FM                   *
*                                                                             *
*******************************************************************************

*******************************************************************************
*                                                                             *
*  EULER ANGLES OF THE PRINCIPAL-AXES FRAME IN DEGREES                 TOTAL  *
*                                                                             *
*  ALPHA =270.00000  BETA =  0.00000  GAMMA =  0.00000                        *
*                                                                             *
*******************************************************************************

*******************************************************************************
*                                                                             *
*  ROOT-MEAN-SQUARE AND GEOMETRIC SIZES IN FERMIS                      TOTAL  *
*                                                                             *
*  R_RMS =  5.7712     X_RMS =  2.8158    Y_RMS =  2.8160    Z_RMS =  4.1772  *
*                                                                             *
*  R_GEO =  7.4506     X_GEO =  6.2964    Y_GEO =  6.2967    Z_GEO =  9.3404  *
*                                                                             *
*******************************************************************************

*******************************************************************************
*                                                                             *
*  MULTIPOLE MOMENTS [UNITS:  (10 FERMI)^LAMBDA]                       TOTAL  *
*                                                                             *
*******************************************************************************
*                                                                             *
*  Q00 =176.0000  .............  .............  .............  .............  *
*                                                                             *
*  Q10 = 26.0320  Q11 =    ZERO  .............  .............  .............  *
*                                                                             *
*  Q20 = 33.5079  Q21 =    ZERO  Q22 = -0.0028  .............  .............  *
*                                                                             *
*  Q30 = 11.7317  Q31 =    ZERO  Q32 = 2.3E-04  Q33 =    ZERO  .............  *
*                                                                             *
*  Q40 =  9.5876  Q41 =    ZERO  Q42 = 1.1E-04  Q43 =    ZERO  Q44 = 3.7E-06  *
*                                                                             *
*******************************************************************************

*******************************************************************************
*                                                                             *
*  BOHR DEFORMATIONS (FIRST-ORDER APPROXIMATION)                       TOTAL  *
*                                                                             *
*******************************************************************************
*                                                                             *
*  B10 =  0.4063  B11 =    ZERO  .............  .............  .............  *
*                                                                             *
*  B20 =  0.4531  B21 =    ZERO  B22 =-3.8E-05  .............  .............  *
*                                                                             *
*  B30 =  0.6751  B31 =    ZERO  B32 = 1.8E-05  B33 =    ZERO  .............  *
*                                                                             *
*  B40 =  0.7405  B41 =    ZERO  B42 = 1.2E-05  B43 =    ZERO  B44 = 4.0E-07  *
*                                                                             *
*******************************************************************************
*                                                                             *
*  BOHR DENSITY = 0.1016 FM^(-3)  BOHR RADIUS =   7.4506 FM                   *
*                                                                             *
*******************************************************************************

*******************************************************************************
*                                                                             *
*  MULTIPOLE MOMENTS [UNITS:  (10 FERMI)^LAMBDA] [CENT-MASS FRAME]     TOTAL  *
*                                                                             *
*******************************************************************************
*                                                                             *
*  Q00 =176.0000  .............  .............  .............  .............  *
*                                                                             *
*  Q10 =    ZERO  Q11 =    ZERO  .............  .............  .............  *
*                                                                             *
*  Q20 = 25.8072  Q21 =    ZERO  Q22 = -0.0028  .............  .............  *
*                                                                             *
*  Q30 =  7.0333  Q31 =    ZERO  Q32 = 4.7E-04  Q33 =    ZERO  .............  *
*                                                                             *
*  Q40 =  3.3646  Q41 =    ZERO  Q42 =-9.6E-05  Q43 =    ZERO  Q44 = 3.7E-06  *
*                                                                             *
*******************************************************************************

*******************************************************************************
*                                                                             *
*  BOHR DEFORMATIONS (FIRST-ORDER APPROXIMATION) [CENT-MASS FRAME]     TOTAL  *
*                                                                             *
*******************************************************************************
*                                                                             *
*  B10 =    ZERO  B11 =    ZERO  .............  .............  .............  *
*                                                                             *
*  B20 =  0.5023  B21 =    ZERO  B22 =-5.5E-05  .............  .............  *
*                                                                             *
*  B30 =  0.6990  B31 =    ZERO  B32 = 6.6E-05  B33 =    ZERO  .............  *
*                                                                             *
*  B40 =  0.5385  B41 =    ZERO  B42 =-2.2E-05  B43 =    ZERO  B44 = 8.3E-07  *
*                                                                             *
*******************************************************************************
*                                                                             *
*  BOHR DENSITY = 0.1755 FM^(-3)  BOHR RADIUS =   6.2100 FM                   *
*                                                                             *
*******************************************************************************

*******************************************************************************
*                                                                             *
*  MULTIPOLE MOMENTS [UNITS:  (10 FERMI)^LAMBDA] [INTRINSIC FRAME]     TOTAL  *
*                                                                             *
*  REAL PART  FOR A NON-NEGATIVE PROJECTION                                   *
*  IMAGINARY PART FOR A NEGATIVE PROJECTION                                   *
*                                                                             *
*******************************************************************************
*                                                                             *
*  Q00 =176.0000  .............  .............  .............  .............  *
*                 .............  .............  .............  .............  *
*                                                                             *
*  Q10 =    ZERO  Q1+1=    ZERO  .............  .............  .............  *
*                 Q1-1=    ZERO  .............  .............  .............  *
*                                                                             *
*  Q20 = 25.8072  Q2+1=    ZERO  Q2+2=  0.0028  .............  .............  *
*                 Q2-1=    ZERO  Q2-2=    ZERO  .............  .............  *
*                                                                             *
*  Q30 =  7.0333  Q3+1=    ZERO  Q3+2=-4.7E-04  Q3+3=    ZERO  .............  *
*                 Q3-1=    ZERO  Q3-2=    ZERO  Q3-3=    ZERO  .............  *
*                                                                             *
*  Q40 =  3.3646  Q4+1=    ZERO  Q4+2= 9.6E-05  Q4+3=    ZERO  Q4+4= 3.7E-06  *
*                 Q4-1=    ZERO  Q4-2=    ZERO  Q4-3=    ZERO  Q4-4=    ZERO  *
*                                                                             *
*******************************************************************************

*******************************************************************************
*                                                                             *
*  BOHR DEFORMATIONS (FIRST-ORDER APPROXIMATION) [INTRINSIC FRAME]     TOTAL  *
*                                                                             *
*  REAL PART  FOR A NON-NEGATIVE PROJECTION                                   *
*  IMAGINARY PART FOR A NEGATIVE PROJECTION                                   *
*                                                                             *
*******************************************************************************
*                                                                             *
*  B10 =    ZERO  B1+1=    ZERO  .............  .............  .............  *
*                 B1-1=    ZERO  .............  .............  .............  *
*                                                                             *
*  B20 =  0.5023  B2+1=    ZERO  B2+2= 5.5E-05  .............  .............  *
*                 B2-1=    ZERO  B2-2=    ZERO  .............  .............  *
*                                                                             *
*  B30 =  0.6990  B3+1=    ZERO  B3+2=-6.6E-05  B3+3=    ZERO  .............  *
*                 B3-1=    ZERO  B3-2=    ZERO  B3-3=    ZERO  .............  *
*                                                                             *
*  B40 =  0.5385  B4+1=    ZERO  B4+2= 2.2E-05  B4+3=    ZERO  B4+4= 8.3E-07  *
*                 B4-1=    ZERO  B4-2=    ZERO  B4-3=    ZERO  B4-4=    ZERO  *
*                                                                             *
*******************************************************************************
*                                                                             *
*  BOHR DENSITY = 0.1755 FM^(-3)  BOHR RADIUS =   6.2100 FM                   *
*                                                                             *
*******************************************************************************

*******************************************************************************
*                                                                             *
*                                ENERGIES (MEV)                               *
*                                                                             *
*******************************************************************************
*                                                                             *
*  KINETIC: (NEU)=  1892.727874    (PRO)=  1336.826712    (TOT)=  3229.554587 *
*  SUM EPS: (NEU)= -2109.296609    (PRO)=  -986.659737    (TOT)= -3095.956346 *
*  PAIRING: (NEU)=    -2.746444    (PRO)=    -5.690096    (TOT)=    -8.436540 *
*  P-REARR: (NEU)=     0.742989    (PRO)=     1.601070    (TOT)=     2.344059 *
*                                                                             *
*  PAIRGAP: (NEU)=     0.422322    (PRO)=     0.590904    THIS SPACE IS EMPTY *
*  E-FERMI: (NEU)=    -9.486188    (PRO)=    -1.910219    AND AWAITS  YOUR AD *
*                                                                             *
*  COULOMB: (DIR)=   757.932522    (EXC)=   -30.319618    (TOT)=   727.612904 *
*                                                                             *
*  CONSTR. (MULT)=   129.712467    SLOPE=   -77.373117    CORR.=    38.686559 *
*  CONSTR. (SURF)=     0.000000    SLOPE=     0.000000    CORR.=     0.000000 *
*  CONSTR. (SPIN)=     0.000000    SLOPE=     0.000000    CORR.=     0.000000 *
*  CONSTR. (ISOS)=     0.000000    SLOPE=     0.000000    CORR.=     0.000000 *
*                                                                             *
*  REARRANGEMENT ENERGY FROM THE SKYRME DENSITY-DEPENDENT TERMS=  1354.464166 *
*  ROUTHIAN= TOTAL ENERGY + MULTIPOLE AND (ISO)SPIN CONSTRAINTS= -1246.092946 *
*                                                                             *
*  SPIN-ORB (EVE)=   -66.183728    (ODD)=     0.000000    (TOT)=   -66.183728 *
*  SKYRME:  (EVE)= -5324.536363    (ODD)=     0.000000    (TOT)= -5324.536363 *
*                                                                             *
*  TOTAL:  (STAB)=    28.566670     (SP)= -1347.238742    (FUN)= -1375.805412 *
*                                                                             *
*******************************************************************************

*******************************************************************************
*                                                                             *
*  ITERATION RESTARTED FROM THE DISC, THE FOLLOWING FILE(S) READ:             *
*  ./restart/HFODD_00000066.REC                                        VER=19 *
*                                                                             *
*******************************************************************************
*                                                                             *
* CONVERGENCE REPORT                                                          *
*                                                                             *
*******************************************************************************
*                                                                             *
* ITER     ENERGY     STABILITY    Q_2    GAMMA   SPIN  OMEGA   ANGLE   EPAIR *
*                                                                             *
* 2235 -1375.805412   28.566670  25.807    0.01   0.00  0.000   0.000   -8.44 *
* 2236  -684.845092  952.965555 166.806    0.00   0.00  0.000   0.000   -0.96 *
* 2237  -822.853567    1.27E+03 168.277    0.00   0.00  0.000   0.000   -5.41 *
* 2238  -637.705633    1.39E+03 164.046    0.00   0.00  0.000   0.000   -3.14 *
* 2239  -562.534170  550.478947 166.927    0.00   0.00  0.000   0.000   -4.49 *
* 2240  -953.611699  961.513045 159.156    0.00   0.00  0.000   0.000  -29.48 *
* 2241  -825.435404    1.11E+03 164.094    0.00   0.00  0.000   0.000   -6.71 *
* 2242  -815.970201   -2.18E+03 164.459    0.00   0.00  0.000   0.000   -5.40 *
* 2243 -1592.901479  -24.222099   8.355    0.16   0.00  0.000   0.000 -129.83 *
* 2244 -1403.469416   79.912637   7.733    0.01   0.00  0.000   0.000  -28.64 *
* 2245 -1363.146555   56.349701   9.483    0.02   0.00  0.000   0.000   -9.39 *
* 2246 -1363.837617   59.708948   9.142    0.02   0.00  0.000   0.000   -8.22 *
* 2247 -1344.823221   41.661671   7.525    0.14   0.00  0.000   0.000  -11.80 *
* 2248 -1351.355861  -14.096495  14.819    0.05   0.00  0.000   0.000   -9.98 *
* 2249 -1366.218409   28.496358   8.715    0.10   0.00  0.000   0.000  -12.24 *
* 2250 -1369.125508   27.367991  12.796    0.08   0.00  0.000   0.000  -18.52 *
* 2251 -1369.526612   10.102948  15.563    0.05   0.00  0.000   0.000  -18.53 *
* 2252 -1376.469865   30.367218  16.339    0.05   0.00  0.000   0.000  -15.69 *
* 2253  -944.089802  826.251101 161.885    0.00   0.00  0.000   0.000   -1.86 *
* 2254  -999.084112  651.120851 155.361    0.00   0.00  0.000   0.000   -6.51 *
* 2255 -1030.003587  505.005348 157.071    0.00   0.00  0.000   0.000   -9.36 *
* 2256 -1110.935737  615.294892 145.696    0.00   0.00  0.000   0.000  -16.68 *
* 2257 -1100.243163  461.092502 145.519    0.00   0.00  0.000   0.000  -10.79 *
* 2258 -1155.672963  352.946554 127.703    0.02   0.00  0.000   0.000  -23.37 *
* 2259 -1146.725763  617.976725 132.928    0.00   0.00  0.000   0.000  -17.45 *
* 2260 -1086.958848  677.527395 147.236    0.00   0.00  0.000   0.000   -9.03 *
* 2261 -1040.247447 -415.233531 152.562    0.00   0.00  0.000   0.000  -10.20 *
* 2262 -1503.183078  -79.080770  21.251    0.07   0.00  0.000   0.000  -75.48 *
* 2263 -1416.275668   17.694851  18.770    0.04   0.00  0.000   0.000  -31.16 *
* 2264 -1362.382879  -35.156157  20.726    0.04   0.00  0.000   0.000  -19.00 *
* 2265 -1375.457119   -6.186684  14.425    0.05   0.00  0.000   0.000  -17.33 *
* 2266 -1377.762909    4.801118  12.320    0.07   0.00  0.000   0.000  -17.52 *
* 2267 -1380.933902    0.717966  15.472    0.05   0.00  0.000   0.000  -18.36 *
* 2268 -1379.268020   42.891672  13.505    0.06   0.00  0.000   0.000  -19.59 *
* 2269  -883.878764  919.215883 167.521    0.00   0.00  0.000   0.000   -3.28 *
* 2270  -952.821623  599.482651 159.806    0.00   0.00  0.000   0.000  -11.76 *
* 2271 -1027.467859   35.306722 156.929    0.01   0.00  0.000   0.000  -22.46 *
* 2272 -1319.353996  182.072500  84.681    0.00   0.00  0.000   0.000  -71.83 *
* 2273 -1142.079328  450.960731 128.778    0.00   0.00  0.000   0.000  -14.14 *
* 2274 -1142.602352  154.672010 125.425    0.01   0.00  0.000   0.000  -15.83 *
* 2275 -1318.582818  207.357264  67.836    0.00   0.00  0.000   0.000  -35.90 *
* 2276 -1108.944780  659.275187 140.764    0.01   0.00  0.000   0.000   -7.43 *
* 2277 -1106.178744  618.562731 140.981    0.00   0.00  0.000   0.000  -11.88 *
* 2278 -1052.829891 -429.061972 151.585    0.00   0.00  0.000   0.000  -11.43 *
* 2279 -1467.976681   19.158688  20.028    0.05   0.00  0.000   0.000  -90.46 *
* 2280  1023.442113  691.366872  82.930    0.06   0.00  0.000   0.000   -1.71 *
* 2281   554.182022   -2.08E+03 130.182    0.00   0.00  0.000   0.000  -23.16 *
* 2282  -969.123375   -2.28E+03 190.625    0.00   0.00  0.000   0.000 -230.49 *
* 2283 -1724.155609  -14.298691  17.134    0.03   0.00  0.000   0.000 -303.04 *
* 2284  -871.148749    2.16E+03 167.879    0.00   0.00  0.000   0.000  -17.97 *
* 2285  -234.443545    1.03E+03 162.069    0.03   0.00  0.000   0.000  -12.65 *
* 2286  -535.879570 -397.335749 179.488    0.00   0.00  0.000   0.000  -54.24 *
* 2287 -1244.811286    1.79E+03 139.487    0.06   0.00  0.000   0.000 -169.74 *
* 2288   203.617579   -1.42E+03 133.569    0.04   0.00  0.000   0.000  -12.51 *
* 2289 -1101.190965  -82.306803 159.050    0.04   0.00  0.000   0.000 -202.74 *
* 2290 -1427.907375    1.15E+03 104.655    0.07   0.00  0.000   0.000 -157.52 *
* 2291  -173.549750    2.47E+03 179.895    0.01   0.00  0.000   0.000  -23.13 *
* 2292   259.603498   -4.26E+03 141.994    0.03   0.00  0.000   0.000  -48.57 *
* 2293 -1839.459086 -381.319167  29.636    0.19   0.00  0.000   0.000 -653.02 *
* 2294 -1239.825099  634.272596  52.569    0.01   0.00  0.000   0.000 -129.07 *
* 2295  -349.474298  720.704646 102.852    0.01   0.00  0.000   0.000  -30.15 *
* 2296  -433.854802    1.29E+03  86.381    0.01   0.00  0.000   0.000  -61.07 *
* 2297   -93.725458    1.09E+03  42.397    0.06   0.00  0.000   0.000  -30.86 *
* 2298  -403.334572    1.24E+03  47.672    0.03   0.00  0.000   0.000 -102.31 *
* 2299  -200.449253   -3.21E+03  27.286    0.01   0.00  0.000   0.000  -64.43 *
* 2300  -855.304146   -2.17E+03 208.503    0.00   0.00  0.000   0.000 -151.31 *
* 2301 -1846.019676   20.920374  45.528    0.04   0.00  0.000   0.000 -421.44 *
* 2302  -317.694289    5.29E+03 210.948    0.00   0.00  0.000   0.000  -49.56 *
* 2303  1466.101148    1.29E+03  52.871    0.08   0.00  0.000   0.000  -17.42 *
* 2304  1377.024723   -1.35E+03  63.109    0.04   0.00  0.000   0.000  -53.84 *
* 2305   975.041514    7.88E+03 103.721    0.04   0.00  0.000   0.000 -134.39 *
* 2306  2163.506399   -7.91E+03   8.586    1.52   0.00  0.000   0.000  -11.19 *
* 2307  -341.604367   -1.68E+04 314.205    0.11   0.00  0.000   0.000 -334.52 *
* 2308   124.364344   -1.87E+03  52.149    0.18   0.00  0.000   0.000 -139.62 *
* 2309 -1570.056439  298.246289  86.765    0.00   0.00  0.000   0.000 -678.64 *
* 2310  -869.027182    1.16E+03  98.740    0.01   0.00  0.000   0.000 -115.74 *
* 2311   -79.616434  301.619145 121.723    0.01   0.00  0.000   0.000  -49.08 *
* 2312  -343.443511   -1.00E+03 117.122    0.00   0.00  0.000   0.000 -139.04 *
* 2313  1852.162519   -2.68E+04  91.174    0.15   0.00  0.000   0.000   -4.56 *
* 2314  -932.238772   -3.59E+03  37.167    0.69   0.00  0.000   0.000 -677.05 *
* 2315  -324.393600    1.21E+03  51.906   59.97   0.00  0.000   0.000  -62.95 *
* 2316    67.341141  356.831932  93.326   59.99   0.00  0.000   0.000  -27.00 *

 //////////////////// MAXIMUM NUMBER OF ITERATIONS       ////////////////////
 //////////////////// EXCEEDED IN QUABCS                 ////////////////////

*******************************************************************************
*                                                                             *
*  PROCESSOR   EXECUTION  TIMES IN SUBROUTINES                                *
*  INCLUDING THEIR COMPLETE DOWN-CALLING TREES                                *
*                                                                             *
*******************************************************************************
*                                                                             *
*    24938 => HFODD   14106 => DENSHF   5024 => DIAMAT   4577 => HFBSIM       *
*                                                                             *
*     2687 => QMULCM   1382 => PAIMAC   1083 => CANQUA    418 => AVEQUA       *
*                                                                             *
*      254 => RECORD    159 => INTEGH    146 => INTSOR    138 => INTEGD       *
*                                                                             *
*      136 => DENMAC     83 => DOBROY     77 => MOMETS     74 => INTMUL       *
*                                                                             *
*       53 => BEGINC     48 => SKFILD     33 => INTMAS     32 => ROTAVR       *
*                                                                             *
*       30 => LINAVR     23 => COUMAT     22 => INTCOU     16 => INTCEN       *
*                                                                             *
*        9 => SKPAIR      7 => SPAVER      5 => AVOBSE      3 => NILASP       *
*                                                                             *
*        2 => POWALL      2 => AVANGY      1 => INTKIN      1 => AVPARI       *
*                                                                             *
*        0 => QUABCS      0 => SHICOE      0 => PAXMOM      0 => AVSIMP       *
*                                                                             *
*        0 => SHIMOM      0 => SPIMOM      0 => MOMSIF      0 => MAGMOM       *
*                                                                             *
*        0 => MOMVMU      0 => SHISIF      0 => SHIMAG                        *
*                                                                             *
*******************************************************************************
*                                                                             *
*  NUMBERS OF CALLS TO SUBROUTINES                                            *
*                                                                             *
*******************************************************************************
*                                                                             *
*     3713 => BEGINC   3122 => INTMUL    990 => INTSOR    411 => DIAMAT       *
*                                                                             *
*      330 => INTMAS    330 => INTCEN    329 => INTKIN    328 => AVEQUA       *
*                                                                             *
*      246 => PAXMOM    165 => INTEGH    165 => INTEGD    165 => HFBSIM       *
*                                                                             *
*      165 => QUABCS    164 => CANQUA    164 => AVPARI    164 => DENSHF       *
*                                                                             *
*      164 => DENMAC    164 => PAIMAC    164 => MOMETS    164 => MOMSIF       *
*                                                                             *
*      164 => MOMVMU    164 => MAGMOM    164 => SPIMOM    164 => LINAVR       *
*                                                                             *
*      164 => ROTAVR    164 => SHICOE     83 => RECORD     83 => COUMAT       *
*                                                                             *
*       83 => INTCOU     82 => QMULCM     82 => SKFILD     82 => SKPAIR       *
*                                                                             *
*       82 => DOBROY     82 => SHIMOM     82 => SHISIF     82 => SHIMAG       *
*                                                                             *
*       14 => SPAVER      2 => AVANGY      2 => AVOBSE      2 => AVSIMP       *
*                                                                             *
*        2 => NILASP      1 => HFODD       1 => POWALL                        *
*                                                                             *
*******************************************************************************
*                                                                             *
*  EXECUTION ENDS ON 2016.08.26 AT 14:14:08.665                               *
*                                                                             *
*******************************************************************************
