*******************************************************************************
*                                                                             *
*                     P A R A L L E L    M O D E L                            *
*                                                                             *
*  SIMPLE MPI FRAMEWORK (1 COMMUNICATOR)    :  1 MPI PROCESS per HFODD TASK   *
*  MULTI-THREADING FRAMEWORK WITH OPENMP   :  4 THREADS per HFODD MPI PROCESS *
*                                                                             *
*******************************************************************************
*                                                                             *
*                        __  __ _____  ___   ____   ____                      *
*                       / / / // ___/.' _ \ / __ \ / __ \                     *
*                      / /_/ // /_  / / / // / / // / / /                     *
*                     / __  // __/ / / / // / / // / / /                      *
*                    / / / // /   / /_/ // /_/ // /_/ /                       *
*                   /_/ /_//_/    \___.'/____.'/____.'                        *
*                                                                             *
*                                                                             *
*******************************************************************************
*                                                                             *
*             SKYRME-HARTREE-FOCK-BOGOLYUBOV CODE VERSION: 2.77B              *
*                                                                             *
*              NO SYMMETRY-PLANES AND NO TIME-REVERSAL SYMMETRY               *
*                                                                             *
*                DEFORMED CARTESIAN HARMONIC-OSCILLATOR BASIS                 *
*                                                                             *
*******************************************************************************
*                                                                             *
*             J. DOBACZEWSKI, P. BACZYK, B.G. CARLSSON, J. DUDEK              *
*                 J. ENGEL, Y. GAO, M. KONIECZKA, T. LESINSKI                 *
*                 J. MCDONNELL, P. OLBRATOWSKI, P. POWALOWSKI                 *
*                  M. SADZIAK, J. SARICH, K. SATO, W. SATULA                  *
*             N. SCHUNCK,  J.A. SHEIKH, A. STASZCZAK, M. STOITSOV             *
*             P. TOIVANEN, X.B. WANG, M. ZALEWSKI AND H. ZDUNCZUK             *
*                                                                             *
*                   INSTYTUT FIZYKI TEORETYCZNEJ, WARSZAWA                    *
*                 LAWRENCE LIVERMORE NATIONAL LABORATORY, USA                 *
*                                                                             *
*                                  1993-2016                                  *
*                                                                             *
*******************************************************************************

*******************************************************************************
*                                                                             *
*  CODE COMPILED WITH THE FOLLOWING ARRAY DIMENSIONS AND SWITCHES:            *
*                                                                             *
*******************************************************************************
*                                                                             *
*  NDBASE = 1200  NDSTAT = 1200  NDXHRM =   40  NDYHRM =   40  NDZHRM =   64  *
*                                                                             *
*  NDMAIN =   30  NDMULT =    9  NDMULR =    4  NDLAMB =    9  NDITER = 5000  *
*                                                                             *
*  NDAKNO =    1  NDBKNO =    1  NDPROI =    2  NDCOUL =   80  NDPOLS =   25  *
*                                                                             *
*  NDATKN =   20  NDBTKN =   10  NDPROT =    1  NDPROD =    3                 *
*                                                                             *
*  IPARAL =    0  IPARAT =    0  I_CRAY =    0                                *
*                                                                             *
*                                                                             *
*  PRE-PROCESSOR OPTIONS:                                                     *
*                                                                             *
*       switch_port = 1     switch_diag = 3     switch_essl = 0               *
*                                                                             *
*                           switch_quad = 0     switch_vect = 1               *
*                                                                             *
*******************************************************************************
*                                                                             *
*  EXECUTION BEGINS ON 2016.08.26 AT 04:24:36.489                             *
*                                                                             *
*******************************************************************************
 
*******************************************************************************
*                                                                             *
*  CLASSICAL NUCLEAR SURFACE DEFINED FOR:                    N = 98   Z = 78  *
*                                                                             *
*******************************************************************************
*                                                                             *
*  AL10 =   ZERO  AL11 =   ZERO  .............  .............  .............  *
*                                                                             *
*  AL20 =  0.907  AL21 =   ZERO  AL22 =   ZERO  .............  .............  *
*                                                                             *
*******************************************************************************
*                                                                             *
*                                           HOMEGA=  6.5457  FCHOM0=  0.8947  *
*                                                                             *
*  OSCILLATOR FREQUENCIES: HBAROX=  8.3522  HBAROY=  8.3522  HBAROZ=  4.0203  *
*                                                                             *
*  MOMENTS OF INERTIA:     XMOMFC=134.6933  YMOMFC=134.6933  ZMOMFC= 50.6732  *
*                                                                             *
*  CENTERS OF MASS:        CMSXFC= -0.0000  CMSYFC= -0.0000  CMSZFC= -0.0000  *
*                                                                             *
*******************************************************************************

*******************************************************************************
*                                                                             *
*                           SKYRME FORCE DEFINITION                           *
*                                                                             *
*******************************************************************************
*                                                                             *
* PARAMETER SET HFB1:  T0= -1666.41  T1=   255.23  T2=  1521.28  T3= 12072.51 *
*                                                                             *
* POWER=0.37658031358  X0=  0.14608  X1= -4.82248  X2= -1.35211  X3=  0.00432 *
*                                                                             *
* IETA: J=0  W=1 CM=3  M=1  P=1  T=0 HBM= 20.73553 W0=  44.0677 W0P= 207.6502 *
*                                                                             *
*******************************************************************************

*******************************************************************************
*                                                                             *
*              COUPLING CONSTANTS DEFINING THE SKYRME FUNCTIONAL              *
*                                                                             *
*******************************************************************************
*                                                                             *
*                   TOTAL(T)        SUM(S)      ISOSCALAR(P)  ISOVECTOR(M)    *
*                   --------        ------      ------------  ------------    *
*    CRHO_ =     -894.060074    538.315575       -624.902286    269.157788    *
*    CRHOD =     1008.213640   -507.363897        754.531691   -253.681949    *
*    CLPR_ =       98.335311   -287.870148        -45.599763   -143.935074    *
*    CTAU_ =       33.156062    -48.271535          9.020295    -24.135768    *
*    CSCU_ =        0.000000      0.000000          0.000000      0.000000    *
*    CDIV_ =      -22.033840   -103.825096        -73.946388    -51.912548    *
*                                                                             *
*    CSPI_ =      -60.857026    416.601524        147.443736    208.300762    *
*    CSPID =        2.171385   -503.021127       -249.339179   -251.510564    *
*    CLPS_ =       51.110395     71.467295         86.844042     35.733647    *
*    CCUR_ =      -33.156062     48.271535         -9.020295     24.135768    *
*    CKIS_ =        0.000000      0.000000          0.000000      0.000000    *
*    CROT_ =      -22.033840   -103.825096        -73.946388    -51.912548    *
*                                                                             *
*******************************************************************************

*******************************************************************************
*                                                                             *
*                          NUCLEAR MATTER PROPERTIES                          *
*                                                                             *
*******************************************************************************
*                                                                             *
*     E = -15.8000  rho0 =   0.15625   K =  244.6682   Ms =    0.9364         *
*                   asym =  28.66820   L =   40.1091   Mv =    1.2498         *
*                                                                             *
*******************************************************************************

*******************************************************************************
*                                                                             *
*  PHYSICAL CONSTANTS:     H_BARC=197.32891000           HBCOE2=137.03602000  *
*                                                                             *
*                          XMASSN=938.90590000           XMASSP=938.27231000  *
*                                                                             *
*                          HBMASS= 20.73553000           HBMRPA= 20.73553000  *
*                                                                             *
*                          ECHAR2=  1.43997841           COULEX= -1.06350868  *
*                                                                             *
*******************************************************************************
*                                                                             *
*  OSCILLATOR LENGTHS:     X= 2.2283232      Y= 2.2283232       Z= 3.2118297  *
*                                                                             *
*  OSCILLATOR CONSTANTS:   X= 0.4487679      Y= 0.4487679       Z= 0.3113490  *
*                                                                             *
*  OSCILLATOR FREQUENCIES: X= 8.3522408      Y= 8.3522408       Z= 4.0202620  *
*                                                                             *
*******************************************************************************
*                                                                             *
*  BASIS CUT-OFF CONTROL PARAMETERS:  NXMAXX = 13  NYMAXX = 13  NZMAXX =  28  *
*                                                                             *
*                                     NXHERM = 36  NYHERM = 36  NZHERM =  60  *
*                                                                             *
*                                     NLIMIT=1140  LDBASE=1141  MCOUNT=29791  *
*                                                                             *
*                                     ENECUT= 800.0000      ELIMIT= 124.4883  *
*                                                                             *
*******************************************************************************

*******************************************************************************
*                                                                             *
*   SHAPE OF THE OSCILLATOR-BASIS DIAMOND    (THREE CONSECUTIVE PROJECTIONS)  *
*                                                                             *
*******************************************************************************
*                                                                             *
*        NX ===>>>  0  1  2  3  4  5  6  7  8  9 10 11 12 13                  *
*        MAX.NY => 13 12 11 10  9  8  7  6  5  4  3  2  1  0                  *
*                 ------------------------------------------                  *
*   NY= 0  (13)  | 28 26 24 22 20 18 15 13 11  9  7  5  3  1                  *
*   NY= 1  (12)  | 26 24 22 20 18 15 13 11  9  7  5  3  1                     *
*   NY= 2  (11)  | 24 22 20 18 15 13 11  9  7  5  3  1                        *
*   NY= 3  (10)  | 22 20 18 15 13 11  9  7  5  3  1                           *
*   NY= 4  ( 9)  | 20 18 15 13 11  9  7  5  3  1                              *
*   NY= 5  ( 8)  | 18 15 13 11  9  7  5  3  1                                 *
*   NY= 6  ( 7)  | 15 13 11  9  7  5  3  1                                    *
*   NY= 7  ( 6)  | 13 11  9  7  5  3  1                                       *
*   NY= 8  ( 5)  | 11  9  7  5  3  1                                          *
*   NY= 9  ( 4)  |  9  7  5  3  1                                             *
*   NY=10  ( 3)  |  7  5  3  1                                                *
*   NY=11  ( 2)  |  5  3  1                                                   *
*   NY=12  ( 1)  |  3  1                                                      *
*   NY=13  ( 0)  |  1                                                         *
*                                                                             *
*                                                                             *
*        NZ ===>>>  0  1  2  3  4  5  6  7  8  9 10 11 12 13 14 15 16 17 18   *
*        MAX.NY => 13 13 12 12 11 11 10 10  9  9  8  8  7  7  6  6  5  5  5   *
*                 ---------------------------------------------------------   *
*   NY= 0  (28)  | 13 13 12 12 11 11 10 10  9  9  8  8  7  7  6  6  5  5  5   *
*   NY= 1  (26)  | 12 12 11 11 10 10  9  9  8  8  7  7  6  6  5  5  4  4  4   *
*   NY= 2  (24)  | 11 11 10 10  9  9  8  8  7  7  6  6  5  5  4  4  3  3  3   *
*   NY= 3  (22)  | 10 10  9  9  8  8  7  7  6  6  5  5  4  4  3  3  2  2  2   *
*   NY= 4  (20)  |  9  9  8  8  7  7  6  6  5  5  4  4  3  3  2  2  1  1  1   *
*   NY= 5  (18)  |  8  8  7  7  6  6  5  5  4  4  3  3  2  2  1  1  0  0  0   *
*   NY= 6  (15)  |  7  7  6  6  5  5  4  4  3  3  2  2  1  1  0  0            *
*   NY= 7  (13)  |  6  6  5  5  4  4  3  3  2  2  1  1  0  0                  *
*   NY= 8  (11)  |  5  5  4  4  3  3  2  2  1  1  0  0                        *
*   NY= 9  ( 9)  |  4  4  3  3  2  2  1  1  0  0                              *
*   NY=10  ( 7)  |  3  3  2  2  1  1  0  0                                    *
*   NY=11  ( 5)  |  2  2  1  1  0  0                                          *
*   NY=12  ( 3)  |  1  1  0  0                                                *
*   NY=13  ( 1)  |  0  0                                                      *
*                                                                             *
*                                                                             *
*        NZ ===>>>  0  1  2  3  4  5  6  7  8  9 10 11 12 13 14 15 16 17 18   *
*        MAX.NX => 13 13 12 12 11 11 10 10  9  9  8  8  7  7  6  6  5  5  5   *
*                 ---------------------------------------------------------   *
*   NX= 0  (28)  | 13 13 12 12 11 11 10 10  9  9  8  8  7  7  6  6  5  5  5   *
*   NX= 1  (26)  | 12 12 11 11 10 10  9  9  8  8  7  7  6  6  5  5  4  4  4   *
*   NX= 2  (24)  | 11 11 10 10  9  9  8  8  7  7  6  6  5  5  4  4  3  3  3   *
*   NX= 3  (22)  | 10 10  9  9  8  8  7  7  6  6  5  5  4  4  3  3  2  2  2   *
*   NX= 4  (20)  |  9  9  8  8  7  7  6  6  5  5  4  4  3  3  2  2  1  1  1   *
*   NX= 5  (18)  |  8  8  7  7  6  6  5  5  4  4  3  3  2  2  1  1  0  0  0   *
*   NX= 6  (15)  |  7  7  6  6  5  5  4  4  3  3  2  2  1  1  0  0            *
*   NX= 7  (13)  |  6  6  5  5  4  4  3  3  2  2  1  1  0  0                  *
*   NX= 8  (11)  |  5  5  4  4  3  3  2  2  1  1  0  0                        *
*   NX= 9  ( 9)  |  4  4  3  3  2  2  1  1  0  0                              *
*   NX=10  ( 7)  |  3  3  2  2  1  1  0  0                                    *
*   NX=11  ( 5)  |  2  2  1  1  0  0                                          *
*   NX=12  ( 3)  |  1  1  0  0                                                *
*   NX=13  ( 1)  |  0  0                                                      *
*                                                                             *
*******************************************************************************

*******************************************************************************
*                                                                             *
* NUCLIDE: N =  98  Z =  78  NUMBER OF ITERATIONS = 1000   CONTINUATION? = 1  *
*                                                                             *
*******************************************************************************
*                                                                             *
* ITERATIONS WILL STOP WHEN THE STABILITY BECOMES LOWER THAN EPSITE=0.300000  *
*                                            FOR    5 CONSECUTIVE ITERATIONS  *
*                                                                             *
*******************************************************************************
*                                                                             *
* ITERATIONS WILL STOP WHEN THE PING-PONG DIVERGENCE OCCURS FOR EPSPNG=0.010  *
*                                DURING    5 PAIRS OF CONSECUTIVE ITERATIONS  *
*                                                                             *
*******************************************************************************
*                                                                             *
* ITERATIONS WILL STOP FOR CHAOTIC-DIVERGENCE CONDITION OCCURING   20  TIMES  *
*                                                                             *
*******************************************************************************
*                                                                             *
* SLOW-DOWN PARAMETERS:                                                       *
* TIME-EVEN = 0.85   TIME-ODD = 0.85   PAIRING = 0.85   LIPKIN-NOGAMI = 0.85  *
*                    LIP-MASS = 0.50   LIP-MOI = 0.50   LIPKIN-METHOD = 0.50  *
*                                                                             *
*******************************************************************************
*                                                                             *
* BROYDEN METHOD IS:  ON                                                      *
*                                                                             *
*    TRIGGERED ONLY WHEN STABILITY IS LOWER THAN :  1000.000 MEV              *
*    INITIAL SLOWING FACTOR (BEFORE TRIGGER)     :     0.85 (=SLOWEV)         *
*    BROYDEN SLOWING FACTOR (AFTER  TRIGGER)     :     0.40 (=1-ALPHAM)       *
*    NUMBER OF ITERATIONS RETAINED IN MEMORY     :    10                      *
*                                                                             *
*******************************************************************************
*                                                                             *
* DIRECT COULOMB TERMS SOLVED BY GREEN FUNCTION AND FOURIER TRANSFORM METHOD  *
* COULOMB PARAMETERS:  NUMCOU = 80  NUMETA = 79  BOUCOU = 20.0  FURMAX =0.25  *
*                                                                             *
*******************************************************************************
*                                                                             *
* EXCHANGE COULOMB TERMS TREATED BY THE SLATER APPROXIMATION                  *
*                                                                             *
*******************************************************************************
*                                                                             *
* MAXIMUM NUMBERS OF MULTIPOLE MOMENTS USED FOR THE CONSTRAINTS,    NMUCON=4  *
*                                           FOR THE COULOMB FIELD,  NMUCOU=4  *
*                                           FOR THE OUTPUT INFO,    NMUPRI=4  *
*                                                                             *
*******************************************************************************
*                                                                             *
* MULTIPOLE CONSTRAINTS: LAMBDA= 2  MIU= 0  MOMENT=329.000  STIFFNESS= 0.500  *
*                        LAMBDA= 3  MIU= 0  MOMENT= 22.000  STIFFNESS= 0.500  *
*                                                                             *
*******************************************************************************
*                                                                             *
* LINEAR MULTIPOLE CONSTRAINTS: LAMBDA= 2  MIU= 0  LAGRANGE PAR. USED= 0.000  *
*                               LAMBDA= 3  MIU= 0  LAGRANGE PAR. USED= 0.000  *
*                                                                             *
*******************************************************************************
*                                                                             *
* THE LAGRANGE PARAMETERS OF THE LINEAR CONSTRAINTS ARE RE-ADJUSTED AT EACH   *
* ITERATION BY USING THE CRANKING APPROXIMATION OF THE RPA MATRIX             *
*                                                                             *
*******************************************************************************
*                                                                             *
* PRINTING THE RESULTS FOR THE FOLLOWING ITERATIONS:         THE  FIRST: YES  *
*                                                            THE MIDDLE:  NO  *
*                                                     AND/OR THE   LAST: YES  *
*                                                                             *
*******************************************************************************
*                                                                             *
* PRINTING THE MOMENTS, RADII, AND DEFORMATIONS FOR:           NEUTRONS: YES  *
*                                                              PROTONS : YES  *
*                                                              MASS    : YES  *
*                                                                             *
*******************************************************************************
*                                                                             *
* PRINTING THE MOMENTS, MOMENTA AND DEFORMATIONS IN THE INTRINSIC FRAME: YES  *
*                                                                             *
*******************************************************************************
*                                                                             *
* NILSSON LABELS OF SINGLE-PARTICLE STATES SHOWN WITH RESPECT TO THE: Z-AXIS  *
*                                                                             *
*******************************************************************************
*                                                                             *
* CALCULATIONS WITH THE HFB PAIRING CORRELATIONS                              *
*                                                                             *
*******************************************************************************
*                                                                             *
* CONTACT PAIRING INTERACTION:     V0        V1       RHO-SAT      POWER      *
*                    NEUTRONS:  -234.380   732.438     0.320     1.0000000    *
*                     PROTONS:  -260.437   813.866     0.320     1.0000000    *
*                                                                             *
*******************************************************************************
*                                                                             *
* CUTOFF ENERGY DEFINING THE ACTIVE HFB PAIRING SPACE=      60.000            *
*                                                                             *
*******************************************************************************
*                                                                             *
* CALCULATIONS WITH SIMPLEX SYMMETRY                                          *
*                                                                             *
*******************************************************************************
*                                                                             *
* CALCULATIONS WITH TIME-ODD SYMMETRIES:        T*SIMPLEX_X =>     CONSERVED  *
*                                               T*SIMPLEX_Y =>     CONSERVED  *
*                                               T*SIMPLEX_Z => NON CONSERVED  *
*                                                                             *
*******************************************************************************
*                                                                             *
* CALCULATIONS WITHOUT ROTATION                                               *
*                                                                             *
*******************************************************************************

*******************************************************************************
*                                                                             *
*  CALLING SUBROUTINE "RECORD" TO READ THE REPLAY FILE OBTAINED PREVIOUSLY    *
*  ./restart/HFODD_00000073.REC                                               *
*                                                                             *
*******************************************************************************

*******************************************************************************
*                                                                             *
*  SINGLE-QUASIPARTICLE PROPERTIES:                                NEUTRONS   *
*                                                                             *
*******************************************************************************
*                                                                             *
*  NO)   ENERGY   (S=+,S=-)       PARITY   V2QUAP   EEQUIV   DEQUIV   V_CORR  *
*                                                                             *
*  47)    9.737   ( 24,  0)       -0.075  0.99904  -18.432    0.603  1.00000  *
*  48)    9.737   (  0, 24)       -0.075  0.99904  -18.432    0.603  1.00000  *
*  49)    9.627   ( 25,  0)       -0.160  0.99813  -18.305    0.833  1.00001  *
*  50)    9.627   (  0, 25)       -0.160  0.99813  -18.305    0.833  1.00001  *
*  51)    9.494   (  0, 26)        0.114  0.99633  -18.138    1.148  1.00002  *
*  52)    9.494   ( 26,  0)        0.114  0.99633  -18.138    1.148  1.00002  *
*  53)    9.526   (  0, 27)       -0.165  0.99460  -18.137    1.396  1.00003  *
*  54)    9.526   ( 27,  0)       -0.165  0.99460  -18.137    1.396  1.00003  *
*  55)    8.663   (  0, 28)        0.008  0.99949  -17.368    0.390  1.00000  *
*  56)    8.663   ( 28,  0)        0.008  0.99949  -17.368    0.390  1.00000  *
*  57)    8.149   (  0, 29)       -0.649  0.99427  -16.770    1.231  1.00003  *
*  58)    8.149   ( 29,  0)       -0.649  0.99427  -16.770    1.231  1.00003  *
*  59)    7.970   ( 30,  0)        0.010  0.99902  -16.668    0.498  1.00001  *
*  60)    7.970   (  0, 30)        0.010  0.99902  -16.668    0.498  1.00001  *
*  61)    7.655   ( 31,  0)       -0.091  0.99885  -16.351    0.520  1.00001  *
*  62)    7.655   (  0, 31)       -0.091  0.99885  -16.351    0.520  1.00001  *
*  63)    7.406   (  0, 32)       -0.343  0.99828  -16.094    0.614  1.00001  *
*  64)    7.406   ( 32,  0)       -0.343  0.99828  -16.094    0.614  1.00001  *
*  65)    6.990   (  0, 33)       -0.003  0.99976  -15.701    0.218  1.00000  *
*  66)    6.990   ( 33,  0)       -0.003  0.99976  -15.701    0.218  1.00000  *
*  67)    6.397   ( 34,  0)        0.078  0.98861  -14.965    1.358  1.00008  *
*  68)    6.397   (  0, 34)        0.078  0.98861  -14.965    1.358  1.00008  *
*  69)    4.877   ( 35,  0)        0.676  0.99864  -13.577    0.359  1.00001  *
*  70)    4.877   (  0, 35)        0.676  0.99864  -13.577    0.359  1.00001  *
*  71)    4.760   ( 36,  0)        0.555  0.99203  -13.397    0.847  1.00007  *
*  72)    4.760   (  0, 36)        0.555  0.99203  -13.397    0.847  1.00007  *
*  73)    4.430   ( 37,  0)        0.002  0.99752  -13.122    0.440  1.00002  *
*  74)    4.430   (  0, 37)        0.002  0.99752  -13.122    0.440  1.00002  *
*  75)    4.012   (  0, 38)       -0.377  0.99788  -12.709    0.369  1.00002  *
*  76)    4.012   ( 38,  0)       -0.377  0.99788  -12.709    0.369  1.00002  *
*  77)    4.459   (  0, 39)       -0.129  0.88329  -12.132    2.863  1.00117  *
*  78)    4.459   ( 39,  0)       -0.129  0.88329  -12.132    2.863  1.00117  *
*  79)    3.377   (  0, 40)       -0.019  0.99889  -12.083    0.225  1.00001  *
*  80)    3.377   ( 40,  0)       -0.019  0.99889  -12.083    0.225  1.00001  *
*  81)    2.983   ( 41,  0)        0.012  0.99554  -11.670    0.398  1.00007  *
*  82)    2.983   (  0, 41)        0.012  0.99554  -11.670    0.398  1.00007  *
*  83)    2.366   ( 42,  0)        0.178  0.99374  -11.050    0.373  1.00012  *
*  84)    2.366   (  0, 42)        0.178  0.99374  -11.050    0.373  1.00012  *
*  85)    2.285   (  0, 43)       -0.001  0.99791  -10.989    0.209  1.00004  *
*  86)    2.285   ( 43,  0)       -0.001  0.99791  -10.989    0.209  1.00004  *
*  87)    2.001   ( 44,  0)       -0.123  0.99545  -10.697    0.269  1.00010  *
*  88)    2.001   (  0, 44)       -0.123  0.99545  -10.697    0.269  1.00010  *
*  89)    1.921   ( 45,  0)       -0.024  0.99352  -10.610    0.308  1.00015  *
*  90)    1.921   (  0, 45)       -0.024  0.99352  -10.610    0.308  1.00015  *
*  91)    1.636   (  0, 46)       -0.538  0.97091  -10.255    0.550  1.00077  *
*  92)    1.636   ( 46,  0)       -0.538  0.97091  -10.255    0.550  1.00077  *
*  93)    1.357   ( 47,  0)       -0.378  0.97356   -9.999    0.436  1.00084  *
*  94)    1.357   (  0, 47)       -0.378  0.97356   -9.999    0.436  1.00084  *
*  95)    1.141   (  0, 48)        0.368  0.88393   -9.590    0.731  1.00437  *
*  96)    1.141   ( 48,  0)        0.368  0.88393   -9.590    0.731  1.00437  *
*  97)    0.585   (  0, 49)        0.002  0.83804   -9.109    0.431  1.01149  *
*  98)    0.585   ( 49,  0)        0.002  0.83804   -9.109    0.431  1.01149  *
*  99)    0.807   ( 50,  0)        0.201  0.04953   -7.986    0.350  1.05577  *
* 100)    0.807   (  0, 50)        0.201  0.04953   -7.986    0.350  1.05577  *
* 101)    1.104   ( 51,  0)        0.313  0.12561   -7.887    0.731  1.03673  *
* 102)    1.104   (  0, 51)        0.313  0.12561   -7.887    0.731  1.03673  *
* 103)    0.874   ( 52,  0)        0.004  0.01357   -7.864    0.202  1.05354  *
* 104)    0.874   (  0, 52)        0.004  0.01357   -7.864    0.202  1.05354  *
* 105)    1.357   (  0, 53)       -0.305  0.04450   -7.478    0.560  1.03270  *
* 106)    1.357   ( 53,  0)       -0.305  0.04450   -7.478    0.560  1.03270  *
* 107)    1.481   (  0, 54)        0.044  0.01060   -7.264    0.303  1.03103  *
* 108)    1.481   ( 54,  0)        0.044  0.01060   -7.264    0.303  1.03103  *
* 109)    1.573   (  0, 55)        0.563  0.01091   -7.175    0.327  1.02915  *
* 110)    1.573   ( 55,  0)        0.563  0.01091   -7.175    0.327  1.02915  *
* 111)    2.056   ( 56,  0)       -0.004  0.00816   -6.692    0.370  1.02222  *
* 112)    2.056   (  0, 56)       -0.004  0.00816   -6.692    0.370  1.02222  *
* 113)    2.075   ( 57,  0)       -0.012  0.01002   -6.680    0.413  1.02197  *
* 114)    2.075   (  0, 57)       -0.012  0.01002   -6.680    0.413  1.02197  *
* 115)    2.091   ( 58,  0)       -0.300  0.00690   -6.652    0.346  1.02187  *
* 116)    2.091   (  0, 58)       -0.300  0.00690   -6.652    0.346  1.02187  *
* 117)    2.319   ( 59,  0)       -0.078  0.00385   -6.412    0.287  1.01974  *
* 118)    2.319   (  0, 59)       -0.078  0.00385   -6.412    0.287  1.01974  *
* 119)    2.357   ( 60,  0)       -0.237  0.00358   -6.373    0.281  1.01942  *
* 120)    2.357   (  0, 60)       -0.237  0.00358   -6.373    0.281  1.01942  *
* 121)    3.220   (  0, 61)        0.335  0.00210   -5.507    0.295  1.01417  *
* 122)    3.220   ( 61,  0)        0.335  0.00210   -5.507    0.295  1.01417  *
* 123)    3.284   (  0, 62)       -0.090  0.00290   -5.449    0.353  1.01388  *
* 124)    3.284   ( 62,  0)       -0.090  0.00290   -5.449    0.353  1.01388  *
* 125)    3.355   (  0, 63)       -0.001  0.00084   -5.364    0.195  1.01361  *
* 126)    3.355   ( 63,  0)       -0.001  0.00084   -5.364    0.195  1.01361  *
* 127)    4.508   ( 64,  0)       -0.111  0.11521   -5.245    2.878  1.00891  *
* 128)    4.508   (  0, 64)       -0.111  0.11521   -5.245    2.878  1.00891  *
* 129)    3.705   (  0, 65)        0.097  0.00100   -5.017    0.235  1.01230  *
* 130)    3.705   ( 65,  0)        0.097  0.00100   -5.017    0.235  1.01230  *
* 131)    4.364   ( 66,  0)        0.010  0.00051   -4.354    0.198  1.01043  *
* 132)    4.364   (  0, 66)        0.010  0.00051   -4.354    0.198  1.01043  *
* 133)    4.904   (  0, 67)        0.256  0.00786   -3.887    0.866  1.00920  *
* 134)    4.904   ( 67,  0)        0.256  0.00786   -3.887    0.866  1.00920  *
* 135)    5.097   (  0, 68)        0.376  0.00209   -3.638    0.466  1.00890  *
* 136)    5.097   ( 68,  0)        0.376  0.00209   -3.638    0.466  1.00890  *
* 137)    5.536   ( 69,  0)       -0.015  0.00090   -3.188    0.332  1.00820  *
* 138)    5.536   (  0, 69)       -0.015  0.00090   -3.188    0.332  1.00820  *
* 139)    5.713   (  0, 70)        0.001  0.00134   -3.016    0.418  1.00794  *
* 140)    5.713   ( 70,  0)        0.001  0.00134   -3.016    0.418  1.00794  *
* 141)    6.050   ( 71,  0)       -0.314  0.00066   -2.672    0.311  1.00750  *
* 142)    6.050   (  0, 71)       -0.314  0.00066   -2.672    0.311  1.00750  *
* 143)    6.183   ( 72,  0)       -0.102  0.00021   -2.534    0.180  1.00734  *
* 144)    6.183   (  0, 72)       -0.102  0.00021   -2.534    0.180  1.00734  *
* 145)    6.243   (  0, 73)       -0.149  0.00176   -2.493    0.524  1.00726  *
* 146)    6.243   ( 73,  0)       -0.149  0.00176   -2.493    0.524  1.00726  *
* 147)    6.502   (  0, 74)        0.110  0.01025   -2.345    1.310  1.00691  *
* 148)    6.502   ( 74,  0)        0.110  0.01025   -2.345    1.310  1.00691  *
* 149)    7.082   (  0, 75)        0.095  0.00054   -1.639    0.329  1.00640  *
* 150)    7.082   ( 75,  0)        0.095  0.00054   -1.639    0.329  1.00640  *
* 151)    7.522   ( 76,  0)       -0.314  0.00231   -1.227    0.722  1.00601  *
* 152)    7.522   (  0, 76)       -0.314  0.00231   -1.227    0.722  1.00601  *
* 153)    7.717   ( 77,  0)       -0.032  0.00024   -1.001    0.240  1.00587  *
* 154)    7.717   (  0, 77)       -0.032  0.00024   -1.001    0.240  1.00587  *
* 155)    8.155   ( 78,  0)       -0.003  0.00014   -0.561    0.194  1.00556  *
* 156)    8.155   (  0, 78)       -0.003  0.00014   -0.561    0.194  1.00556  *
* 157)    8.386   ( 79,  0)       -0.643  0.00563   -0.422    1.255  1.00537  *
* 158)    8.386   (  0, 79)       -0.643  0.00563   -0.422    1.255  1.00537  *
* 159)    8.315   (  0, 80)        0.347  0.00052   -0.408    0.378  1.00545  *
* 160)    8.315   ( 80,  0)        0.347  0.00052   -0.408    0.378  1.00545  *
* 161)    8.372   ( 81,  0)       -0.014  0.00052   -0.350    0.380  1.00541  *
* 162)    8.372   (  0, 81)       -0.014  0.00052   -0.350    0.380  1.00541  *
* 163)    8.462   ( 82,  0)        0.019  0.00038   -0.258    0.329  1.00535  *
* 164)    8.462   (  0, 82)        0.019  0.00038   -0.258    0.329  1.00535  *
* 165)    9.019   ( 83,  0)        0.358  0.00049    0.297    0.399  1.00502  *
* 166)    9.019   (  0, 83)        0.358  0.00049    0.297    0.399  1.00502  *
* 167)    9.110   ( 84,  0)       -0.059  0.00012    0.394    0.197  1.00497  *
* 168)    9.110   (  0, 84)       -0.059  0.00012    0.394    0.197  1.00497  *
* 169)    9.271   ( 85,  0)        0.233  0.00329    0.496    1.063  1.00487  *
* 170)    9.271   (  0, 85)        0.233  0.00329    0.496    1.063  1.00487  *
* 171)    9.351   ( 86,  0)        0.000  0.00032    0.631    0.335  1.00484  *
* 172)    9.351   (  0, 86)        0.000  0.00032    0.631    0.335  1.00484  *
* 173)    9.458   ( 87,  0)       -0.204  0.00550    0.640    1.400  1.00476  *
* 174)    9.458   (  0, 87)       -0.204  0.00550    0.640    1.400  1.00476  *
* 175)    9.795   (  0, 88)       -0.287  0.00267    1.029    1.010  1.00461  *
* 176)    9.795   ( 88,  0)       -0.287  0.00267    1.029    1.010  1.00461  *
* 177)    9.952   ( 89,  0)        0.069  0.00010    1.237    0.200  1.00455  *
* 178)    9.952   (  0, 89)        0.069  0.00010    1.237    0.200  1.00455  *
*                                                                             *
*1886)   TOTAL=  ( 943, 943)                                                  *
*                                                                             *
*******************************************************************************

*******************************************************************************
*                                                                             *
*  SINGLE-PARTICLE PROPERTIES: CANONICAL                           NEUTRONS   *
*                                                                             *
*******************************************************************************
*                                                                             *
*  NO)   ENERGY   (S=+,S=-)   | N,nz,lz,OMEz>   <P>    <JY>    <SY>   GFACT   *
*                                                                             *
*  41)  -11.836   ( 41,---)   | 9, 8, 1, 1/2>     9  -0.071  -0.218   3.071   *
*  42)  -11.527   ( 42,---)   | 9, 7, 2, 3/2>   -27   0.061   0.011   0.186   *
*  43)  -11.006   ( 43,---)   | 2, 0, 2, 5/2>    15  -0.000  -0.000   0.140   *
*  44)  -10.989   ( 44,---)   |10, 7, 3, 7/2>     0  -0.000  -0.000   0.121   *
*  45)  -10.745   ( 45,---)   |11,10, 1, 3/2>   -43   0.271   0.051   0.187   *
*  46)  -10.695   ( 46,---)   | 4, 2, 2, 5/2>     0  -0.000  -0.000   1.113   *
*  47)  -10.599   ( 47,---)   | 6, 4, 2, 3/2>    -2  -0.007   0.001  -0.197   *
*  48)  -10.105   ( 48,---)   | 7, 7, 0, 1/2>   -40  -1.606  -0.345   0.215   *
*  49)   -9.111   ( 49,---)   | 7, 4, 1, 3/2>     0  -0.001  -0.002   2.009   *
*  50)   -7.915   ( 50,---)   | 7, 4, 1, 1/2>     8   0.045  -0.127  -2.824   *
*  51)   -7.840   ( 51,---)   |10, 7, 1, 3/2>     0  -0.000  -0.000   1.683   *
*  52)   -7.598   ( 52,---)   | 2, 0, 0, 1/2>     7  -0.264  -0.330   1.248   *
*  53)   -7.332   ( 53,---)   |12,11, 1, 3/2>    70   0.000  -0.000  -1.131   *
*  54)   -7.203   ( 54,---)   | 3, 1, 0, 1/2>    -4  -0.280  -0.380   1.358   *
*  55)   -6.954   ( 55,---)   | 2, 0, 2, 5/2>    28  -0.000  -0.000   1.244   *
*  56)   -6.713   ( 56,---)   | 7, 4, 3, 5/2>     3   0.000  -0.000  -0.126   *
*  57)   -6.649   ( 57,---)   |10, 7, 3, 7/2>     0  -0.000  -0.000   0.077   *
*  58)   -6.554   ( 58,---)   |11,10, 1, 1/2>    16  -0.873  -0.265   0.303   *
*  59)   -6.286   ( 59,---)   |13,13, 0, 1/2>   -13  -0.968  -0.299   0.309   *
*  60)   -6.224   ( 60,---)   |10, 7, 1, 1/2>     2   0.251  -0.048  -0.191   *
*  61)   -5.323   ( 61,---)   | 3, 1, 2, 5/2>    -5  -0.000  -0.000   2.136   *
*  62)   -5.245   ( 62,---)   | 7, 4, 3, 7/2>     0  -0.000  -0.000   0.056   *
*  63)   -5.221   ( 63,---)   | 2, 0, 2, 3/2>     7  -0.001   0.000  -0.082   *
*  64)   -4.126   ( 64,---)   | 3, 1, 2, 3/2>   -24  -0.001  -0.000   0.261   *
*  65)   -3.796   ( 65,---)   |13,12, 1, 3/2>   -28  -0.001  -0.001   0.579   *
*  66)   -3.352   ( 66,---)   |10, 7, 3, 5/2>    17  -0.000  -0.000   0.391   *
*  67)   -3.127   ( 67,---)   | 2, 0, 0, 1/2>    26  -0.446  -0.356   0.797   *
*  68)   -2.999   ( 68,---)   |12,11, 1, 1/2>    41  -0.079  -0.211   2.656   *
*  69)   -2.758   ( 69,---)   | 8, 4, 4, 9/2>     0   0.000  -0.000  -4.668   *
*  70)   -2.755   ( 70,---)   |11, 8, 3, 5/2>    -7  -0.000  -0.000   0.187   *
*  71)   -2.699   ( 71,---)   | 9, 6, 1, 3/2>    -8  -0.006  -0.004   0.809   *
*  72)   -1.758   ( 72,---)   | 9, 9, 0, 1/2>   -43  -1.747  -0.334   0.191   *
*  73)   -1.098   ( 73,---)   | 3, 1, 0, 1/2>    -9  -0.200  -0.377   1.882   *
*  74)   -0.881   ( 74,---)   |10, 7, 1, 1/2>     0   0.342  -0.128  -0.375   *
*  75)   -0.055   ( 75,---)   | 7, 4, 1, 3/2>    -3  -0.000  -0.000   0.850   *
*                                                                             *
*******************************************************************************

*******************************************************************************
*                                                                             *
*  HFB PAIRING PROPERTIES                                           NEUTRONS  *
*                                                                             *
*  STRENGTH= 0.0604   GAP=-0.3059   FERMI ENERGY= -8.6686   ENERGY=  -1.5501  *
*                                                                             *
*******************************************************************************

*******************************************************************************
*                                                                             *
*  MULTIPOLE MOMENTS [UNITS:  (10 FERMI)^LAMBDA]                    NEUTRONS  *
*                                                                             *
*******************************************************************************
*                                                                             *
*  Q00 = 98.0000  .............  .............  .............  .............  *
*                                                                             *
*  Q10 = 14.0244  Q11 =    ZERO  .............  .............  .............  *
*                                                                             *
*  Q20 =185.3889  Q21 =    ZERO  Q22 =  0.0026  .............  .............  *
*                                                                             *
*  Q30 = 32.7054  Q31 =    ZERO  Q32 = -0.0013  Q33 =    ZERO  .............  *
*                                                                             *
*  Q40 =110.6567  Q41 =    ZERO  Q42 =  0.0025  Q43 =    ZERO  Q44 = 9.6E-09  *
*                                                                             *
*******************************************************************************

*******************************************************************************
*                                                                             *
*  ROOT-MEAN-SQUARE AND GEOMETRIC SIZES IN FERMIS                   NEUTRONS  *
*                                                                             *
*  R_RMS = 10.3196     X_RMS =  1.9926    Y_RMS =  1.9922    Z_RMS =  9.9275  *
*                                                                             *
*  R_GEO = 13.3226     X_GEO =  4.4555    Y_GEO =  4.4547    Z_GEO = 22.1986  *
*                                                                             *
*******************************************************************************

*******************************************************************************
*                                                                             *
*  BOHR DEFORMATIONS (FIRST-ORDER APPROXIMATION)                    NEUTRONS  *
*                                                                             *
*******************************************************************************
*                                                                             *
*  B10 =  0.2198  B11 =    ZERO  .............  .............  .............  *
*                                                                             *
*  B20 =  1.4081  B21 =    ZERO  B22 = 2.0E-05  .............  .............  *
*                                                                             *
*  B30 =  0.5912  B31 =    ZERO  B32 =-3.4E-05  B33 =    ZERO  .............  *
*                                                                             *
*  B40 =  1.5014  B41 =    ZERO  B42 = 4.7E-05  B43 =    ZERO  B44 = 1.8E-10  *
*                                                                             *
*******************************************************************************
*                                                                             *
*  BOHR DENSITY = 0.0099 FM^(-3)  BOHR RADIUS =  13.3226 FM                   *
*                                                                             *
*******************************************************************************

*******************************************************************************
*                                                                             *
*  SINGLE-QUASIPARTICLE PROPERTIES:                                 PROTONS   *
*                                                                             *
*******************************************************************************
*                                                                             *
*  NO)   ENERGY   (S=+,S=-)       PARITY   V2QUAP   EEQUIV   DEQUIV   V_CORR  *
*                                                                             *
*  37)    9.415   (  0, 19)       -0.082  0.99804  -13.937    0.833  1.00000  *
*  38)    9.415   ( 19,  0)       -0.082  0.99804  -13.937    0.833  1.00000  *
*  39)    9.161   ( 20,  0)        0.001  0.99921  -13.705    0.513  1.00000  *
*  40)    9.161   (  0, 20)        0.001  0.99921  -13.705    0.513  1.00000  *
*  41)    8.946   ( 21,  0)       -0.196  0.99811  -13.471    0.778  1.00000  *
*  42)    8.946   (  0, 21)       -0.196  0.99811  -13.471    0.778  1.00000  *
*  43)    8.063   ( 22,  0)        0.642  0.99832  -12.595    0.660  1.00000  *
*  44)    8.063   (  0, 22)        0.642  0.99832  -12.595    0.660  1.00000  *
*  45)    6.510   (  0, 23)       -0.023  0.99608  -11.018    0.814  1.00001  *
*  46)    6.510   ( 23,  0)       -0.023  0.99608  -11.018    0.814  1.00001  *
*  47)    6.342   (  0, 24)        0.067  0.98797  -10.749    1.383  1.00003  *
*  48)    6.342   ( 24,  0)        0.067  0.98797  -10.749    1.383  1.00003  *
*  49)    6.129   (  0, 25)       -0.075  0.99684  -10.649    0.688  1.00001  *
*  50)    6.129   ( 25,  0)       -0.075  0.99684  -10.649    0.688  1.00001  *
*  51)    5.792   ( 26,  0)        0.115  0.98775  -10.209    1.274  1.00004  *
*  52)    5.792   (  0, 26)        0.115  0.98775  -10.209    1.274  1.00004  *
*  53)    6.050   (  0, 27)       -0.249  0.90447   -9.453    3.557  1.00026  *
*  54)    6.050   ( 27,  0)       -0.249  0.90447   -9.453    3.557  1.00026  *
*  55)    4.874   ( 28,  0)       -0.021  0.99691   -9.403    0.541  1.00001  *
*  56)    4.874   (  0, 28)       -0.021  0.99691   -9.403    0.541  1.00001  *
*  57)    4.493   ( 29,  0)       -0.675  0.99611   -9.017    0.560  1.00001  *
*  58)    4.493   (  0, 29)       -0.675  0.99611   -9.017    0.560  1.00001  *
*  59)    4.254   ( 30,  0)        0.014  0.99384   -8.760    0.666  1.00002  *
*  60)    4.254   (  0, 30)        0.014  0.99384   -8.760    0.666  1.00002  *
*  61)    4.001   (  0, 31)       -0.008  0.99572   -8.526    0.522  1.00002  *
*  62)    4.001   ( 31,  0)       -0.008  0.99572   -8.526    0.522  1.00002  *
*  63)    3.704   ( 32,  0)       -0.499  0.98798   -8.174    0.807  1.00005  *
*  64)    3.704   (  0, 32)       -0.499  0.98798   -8.174    0.807  1.00005  *
*  65)    5.162   ( 33,  0)        0.010  0.59902   -5.581    5.060  1.00130  *
*  66)    5.162   (  0, 33)        0.010  0.59902   -5.581    5.060  1.00130  *
*  67)    1.126   ( 34,  0)        0.583  0.94054   -5.551    0.533  1.00087  *
*  68)    1.126   (  0, 34)        0.583  0.94054   -5.551    0.533  1.00087  *
*  69)    1.023   (  0, 35)        0.659  0.93724   -5.454    0.496  1.00101  *
*  70)    1.023   ( 35,  0)        0.659  0.93724   -5.454    0.496  1.00101  *
*  71)    2.623   ( 36,  0)        0.038  0.63170   -5.250    2.531  1.00235  *
*  72)    2.623   (  0, 36)        0.038  0.63170   -5.250    2.531  1.00235  *
*  73)    0.797   (  0, 37)       -0.278  0.86925   -5.148    0.538  1.00269  *
*  74)    0.797   ( 37,  0)       -0.278  0.86925   -5.148    0.538  1.00269  *
*  75)    0.684   ( 38,  0)        0.005  0.71306   -4.851    0.619  1.00692  *
*  76)    0.684   (  0, 38)        0.005  0.71306   -4.851    0.619  1.00692  *
*  77)    0.600   ( 39,  0)       -0.284  0.67690   -4.771    0.561  1.00887  *
*  78)    0.600   (  0, 39)       -0.284  0.67690   -4.771    0.561  1.00887  *
*  79)    0.508   ( 40,  0)       -0.041  0.44286   -4.501    0.505  1.01834  *
*  80)    0.508   (  0, 40)       -0.041  0.44286   -4.501    0.505  1.01834  *
*  81)    0.813   ( 41,  0)        0.112  0.17432   -4.030    0.617  1.01727  *
*  82)    0.813   (  0, 41)        0.112  0.17432   -4.030    0.617  1.01727  *
*  83)    2.655   (  0, 42)        0.037  0.33547   -3.686    2.507  1.00421  *
*  84)    2.655   ( 42,  0)        0.037  0.33547   -3.686    2.507  1.00421  *
*  85)    1.079   (  0, 43)       -0.088  0.05730   -3.603    0.502  1.01488  *
*  86)    1.079   ( 43,  0)       -0.088  0.05730   -3.603    0.502  1.01488  *
*  87)    5.224   (  0, 44)        0.017  0.40003   -3.515    5.119  1.00193  *
*  88)    5.224   ( 44,  0)        0.017  0.40003   -3.515    5.119  1.00193  *
*  89)    1.223   ( 45,  0)       -0.006  0.03105   -3.412    0.424  1.01349  *
*  90)    1.223   (  0, 45)       -0.006  0.03105   -3.412    0.424  1.01349  *
*  91)    1.492   ( 46,  0)       -0.029  0.02543   -3.143    0.470  1.01110  *
*  92)    1.492   (  0, 46)       -0.029  0.02543   -3.143    0.470  1.01110  *
*  93)    1.697   (  0, 47)        0.098  0.02863   -2.959    0.566  1.00971  *
*  94)    1.697   ( 47,  0)        0.098  0.02863   -2.959    0.566  1.00971  *
*  95)    2.150   (  0, 48)       -0.656  0.01500   -2.474    0.523  1.00776  *
*  96)    2.150   ( 48,  0)       -0.656  0.01500   -2.474    0.523  1.00776  *
*  97)    2.513   ( 49,  0)       -0.201  0.04344   -2.264    1.025  1.00644  *
*  98)    2.513   (  0, 49)       -0.201  0.04344   -2.264    1.025  1.00644  *
*  99)    3.679   (  0, 50)       -0.337  0.01196   -0.968    0.800  1.00453  *
* 100)    3.679   ( 50,  0)       -0.337  0.01196   -0.968    0.800  1.00453  *
* 101)    4.836   (  0, 51)       -0.037  0.00336    0.244    0.559  1.00348  *
* 102)    4.836   ( 51,  0)       -0.037  0.00336    0.244    0.559  1.00348  *
* 103)    6.112   ( 52,  0)       -0.180  0.10161    0.310    3.693  1.00248  *
* 104)    6.112   (  0, 52)       -0.180  0.10161    0.310    3.693  1.00248  *
* 105)    5.326   (  0, 53)        0.170  0.00928    0.668    1.021  1.00314  *
* 106)    5.326   ( 53,  0)        0.170  0.00928    0.668    1.021  1.00314  *
* 107)    5.578   (  0, 54)        0.082  0.00528    0.960    0.808  1.00301  *
* 108)    5.578   ( 54,  0)        0.082  0.00528    0.960    0.808  1.00301  *
* 109)    5.645   ( 55,  0)        0.042  0.00431    1.037    0.740  1.00297  *
* 110)    5.645   (  0, 55)        0.042  0.00431    1.037    0.740  1.00297  *
* 111)    5.850   ( 56,  0)        0.006  0.00264    1.260    0.600  1.00287  *
* 112)    5.850   (  0, 56)        0.006  0.00264    1.260    0.600  1.00287  *
* 113)    6.193   ( 57,  0)       -0.337  0.00164    1.613    0.500  1.00272  *
* 114)    6.193   (  0, 57)       -0.337  0.00164    1.613    0.500  1.00272  *
* 115)    6.329   (  0, 58)       -0.003  0.00239    1.739    0.618  1.00266  *
* 116)    6.329   ( 58,  0)       -0.003  0.00239    1.739    0.618  1.00266  *
* 117)    6.539   ( 59,  0)        0.046  0.00644    1.895    1.046  1.00256  *
* 118)    6.539   (  0, 59)        0.046  0.00644    1.895    1.046  1.00256  *
* 119)    6.938   (  0, 60)        0.061  0.00067    2.370    0.359  1.00243  *
* 120)    6.938   ( 60,  0)        0.061  0.00067    2.370    0.359  1.00243  *
* 121)    6.949   ( 61,  0)       -0.090  0.00123    2.372    0.488  1.00242  *
* 122)    6.949   (  0, 61)       -0.090  0.00123    2.372    0.488  1.00242  *
* 123)    6.990   ( 62,  0)        0.005  0.00116    2.414    0.476  1.00241  *
* 124)    6.990   (  0, 62)        0.005  0.00116    2.414    0.476  1.00241  *
* 125)    7.184   (  0, 63)        0.097  0.00145    2.604    0.546  1.00234  *
* 126)    7.184   ( 63,  0)        0.097  0.00145    2.604    0.546  1.00234  *
* 127)    7.406   ( 64,  0)        0.467  0.00119    2.829    0.511  1.00227  *
* 128)    7.406   (  0, 64)        0.467  0.00119    2.829    0.511  1.00227  *
* 129)    7.613   ( 65,  0)        0.254  0.00089    3.041    0.454  1.00221  *
* 130)    7.613   (  0, 65)        0.254  0.00089    3.041    0.454  1.00221  *
* 131)    9.034   (  0, 66)       -0.295  0.00290    4.423    0.971  1.00186  *
* 132)    9.034   ( 66,  0)       -0.295  0.00290    4.423    0.971  1.00186  *
* 133)    9.309   (  0, 67)        0.590  0.00078    4.735    0.519  1.00181  *
* 134)    9.309   ( 67,  0)        0.590  0.00078    4.735    0.519  1.00181  *
* 135)    9.770   ( 68,  0)       -0.141  0.00048    5.201    0.427  1.00172  *
* 136)    9.770   (  0, 68)       -0.141  0.00048    5.201    0.427  1.00172  *
*                                                                             *
*1610)   TOTAL=  ( 805, 805)                                                  *
*                                                                             *
*******************************************************************************

*******************************************************************************
*                                                                             *
*  SINGLE-PARTICLE PROPERTIES: CANONICAL                            PROTONS   *
*                                                                             *
*******************************************************************************
*                                                                             *
*  NO)   ENERGY   (S=+,S=-)   | N,nz,lz,OMEz>   <P>    <JY>    <SY>   GFACT   *
*                                                                             *
*  24)  -10.827   ( 24,---)   | 3, 2, 1, 1/2>    -2   0.026  -0.117  -4.498   *
*  25)  -10.729   ( 25,---)   | 2, 1, 1, 3/2>    54  -0.044  -0.023   0.526   *
*  26)  -10.597   ( 26,---)   | 6, 4, 2, 3/2>    -5   0.019  -0.004  -0.205   *
*  27)   -9.941   ( 27,---)   | 2, 1, 1, 1/2>    43  -0.234  -0.209   0.893   *
*  28)   -9.939   ( 28,---)   | 5, 3, 0, 1/2>    15  -0.143  -0.315   2.197   *
*  29)   -9.739   ( 29,---)   | 9, 7, 0, 1/2>     0  -0.346  -0.489   1.414   *
*  30)   -9.426   ( 30,---)   | 8, 6, 2, 3/2>     7  -0.001  -0.003   2.049   *
*  31)   -9.093   ( 31,---)   |11,11, 0, 1/2>   -69  -1.251  -0.408   0.326   *
*  32)   -8.768   ( 32,---)   | 4, 2, 2, 5/2>     0  -0.000  -0.000   0.812   *
*  33)   -8.549   ( 33,---)   | 6, 4, 2, 5/2>     0   0.000   0.000   0.239   *
*  34)   -8.313   ( 34,---)   | 3, 2, 1, 3/2>   -67  -0.000  -0.000   1.236   *
*  35)   -5.582   ( 35,---)   | 4, 3, 1, 3/2>    64  -0.006  -0.001   0.184   *
*  36)   -5.464   ( 36,---)   |12,12, 0, 1/2>    67  -1.469  -0.376   0.256   *
*  37)   -5.165   ( 37,---)   | 3, 2, 1, 1/2>   -42  -0.226  -0.220   0.974   *
*  38)   -4.851   ( 38,---)   | 7, 4, 3, 7/2>     0   0.000   0.000   0.713   *
*  39)   -4.765   ( 39,---)   | 3, 1, 0, 1/2>   -16  -0.247  -0.396   1.602   *
*  40)   -4.497   ( 40,---)   | 7, 5, 0, 1/2>    -1  -0.239  -0.423   1.771   *
*  41)   -4.013   ( 41,---)   | 4, 2, 2, 3/2>     2  -0.002   0.000  -0.154   *
*  42)   -3.588   ( 42,---)   | 6, 4, 2, 3/2>     0   0.000  -0.000 -3.E+01   *
*  43)   -3.395   ( 43,---)   |10, 7, 3, 7/2>     0   0.000   0.000   0.010   *
*  44)   -3.057   ( 44,---)   | 3, 1, 2, 5/2>     4   0.000   0.000   0.098   *
*  45)   -2.989   ( 45,---)   | 2, 0, 2, 5/2>     2  -0.000  -0.000   0.394   *
*  46)   -2.415   ( 46,---)   |11,10, 1, 3/2>   -67  -0.003  -0.001   0.213   *
*  47)   -2.010   ( 47,---)   | 7, 7, 0, 1/2>   -45  -1.223  -0.283   0.231   *
*  48)   -1.883   ( 48,---)   | 4, 3, 1, 1/2>    44  -0.369  -0.216   0.585   *
*  49)   -0.730   ( 49,---)   | 7, 4, 1, 3/2>     0  -0.002  -0.005   2.069   *
*                                                                             *
*******************************************************************************

*******************************************************************************
*                                                                             *
*  HFB PAIRING PROPERTIES                                            PROTONS  *
*                                                                             *
*  STRENGTH= 0.0612   GAP= 0.5219   FERMI ENERGY= -4.5424   ENERGY=  -4.4508  *
*                                                                             *
*******************************************************************************

*******************************************************************************
*                                                                             *
*  MULTIPOLE MOMENTS [UNITS:  (10 FERMI)^LAMBDA]                     PROTONS  *
*                                                                             *
*******************************************************************************
*                                                                             *
*  Q00 = 78.0000  .............  .............  .............  .............  *
*                                                                             *
*  Q10 = 10.9285  Q11 =    ZERO  .............  .............  .............  *
*                                                                             *
*  Q20 =149.1606  Q21 =    ZERO  Q22 =  0.0020  .............  .............  *
*                                                                             *
*  Q30 = 26.2067  Q31 =    ZERO  Q32 = -0.0010  Q33 =    ZERO  .............  *
*                                                                             *
*  Q40 = 89.9039  Q41 =    ZERO  Q42 =  0.0019  Q43 =    ZERO  Q44 =-1.2E-08  *
*                                                                             *
*******************************************************************************

*******************************************************************************
*                                                                             *
*  ROOT-MEAN-SQUARE AND GEOMETRIC SIZES IN FERMIS                    PROTONS  *
*                                                                             *
*  R_RMS = 10.3312     X_RMS =  1.9253    Y_RMS =  1.9249    Z_RMS =  9.9660  *
*                                                                             *
*  R_GEO = 13.3375     X_GEO =  4.3050    Y_GEO =  4.3041    Z_GEO = 22.2847  *
*                                                                             *
*******************************************************************************

*******************************************************************************
*                                                                             *
*  BOHR DEFORMATIONS (FIRST-ORDER APPROXIMATION)                     PROTONS  *
*                                                                             *
*******************************************************************************
*                                                                             *
*  B10 =  0.2150  B11 =    ZERO  .............  .............  .............  *
*                                                                             *
*  B20 =  1.4202  B21 =    ZERO  B22 = 1.9E-05  .............  .............  *
*                                                                             *
*  B30 =  0.5932  B31 =    ZERO  B32 =-3.3E-05  B33 =    ZERO  .............  *
*                                                                             *
*  B40 =  1.5257  B41 =    ZERO  B42 = 4.6E-05  B43 =    ZERO  B44 =-2.8E-10  *
*                                                                             *
*******************************************************************************
*                                                                             *
*  BOHR DENSITY = 0.0078 FM^(-3)  BOHR RADIUS =  13.3375 FM                   *
*                                                                             *
*******************************************************************************

*******************************************************************************
*                                                                             *
*                  DENSITY INTEGRALS IN THE SKYRME FUNCTIONAL                 *
*                                                                             *
*******************************************************************************
*                                                                             *
*                   TOTAL(T)        SUM(S)      ISOSCALAR(P)  ISOVECTOR(M)    *
*                   --------        ------      ------------  ------------    *
*    DRHO_ =       19.573328      9.882400         19.573328      0.191472    *
*    DRHOD =        9.025516      4.554574          9.025516      0.083632    *
*    DLPR_ =       -5.599869     -2.820331         -5.599869     -0.040793    *
*    DTAU_ =       16.737561      8.498838         16.737561      0.260114    *
*    DSCU_ =        0.180966      0.099312          0.180966      0.017658    *
*    DDIV_ =        1.190488      0.604171          1.190488      0.017854    *
*                                                                             *
*    DSPI_ =        0.000000      0.000000          0.000000      0.000000    *
*    DSPID =        0.000000      0.000000          0.000000      0.000000    *
*    DLPS_ =        0.000000      0.000000          0.000000      0.000000    *
*    DCUR_ =        0.000000      0.000000          0.000000      0.000000    *
*    DKIS_ =        0.000000      0.000000          0.000000      0.000000    *
*    DROT_ =        0.000000      0.000000          0.000000      0.000000    *
*                                                                             *
*******************************************************************************

*******************************************************************************
*                                                                             *
*               CONTRIBUTIONS TO ENERGY IN THE SKYRME FUNCTIONAL              *
*                                                                             *
*******************************************************************************
*                                                                             *
*                 TOTAL(T)        SUM(S)        ISOSCALAR(P)  ISOVECTOR(M)    *
*                 --------        ------        ------------  ------------    *
*    ERHO_ =   -17499.730749   5319.849820     -12231.417186     51.536257    *
*    ERHOD =     9099.648322  -2310.826353       6810.037840    -21.215871    *
*    ELPR_ =     -550.664837    811.889123        255.352689      5.871598    *
*    ETAU_ =      554.951609   -410.251935        150.977730     -6.278056    *
*    ESCU_ =        0.000000      0.000000          0.000000      0.000000    *
*    EDIV_ =      -26.231030    -62.728152        -88.032315     -0.926867    *
*               ============  ============      ============  ============    *
*    SUM EVEN:  -8422.026686   3347.932502      -5103.081243     28.987060    *
*                                                                             *
*    ESPI_ =        0.000000      0.000000          0.000000      0.000000    *
*    ESPID =        0.000000      0.000000          0.000000      0.000000    *
*    ELPS_ =        0.000000      0.000000          0.000000      0.000000    *
*    ECUR_ =        0.000000      0.000000          0.000000      0.000000    *
*    EKIS_ =        0.000000      0.000000          0.000000      0.000000    *
*    EROT_ =        0.000000      0.000000          0.000000      0.000000    *
*               ============  ============      ============  ============    *
*    SUM  ODD:      0.000000      0.000000          0.000000      0.000000    *
*                                                                             *
*******************************************************************************
 
*******************************************************************************
*                                                                             *
*  CENTER-OF-MASS COORDINATES IN FERMIS                                TOTAL  *
*                                                                             *
*  R_CMS =  1.4178     X_CMS = -0.0000    Y_CMS =  0.0000    Z_CMS =  1.4178  *
*                                                                             *
*******************************************************************************

*******************************************************************************
*                                                                             *
*  MULTIPOLE MOMENTS [UNITS:  (10 FERMI)^LAMBDA] [CENT-MASS FRAME]  NEUTRONS  *
*                                                                             *
*******************************************************************************
*                                                                             *
*  Q00 = 98.0000  .............  .............  .............  .............  *
*                                                                             *
*  Q10 =  0.1302  Q11 =    ZERO  .............  .............  .............  *
*                                                                             *
*  Q20 =181.3753  Q21 =    ZERO  Q22 =  0.0026  .............  .............  *
*                                                                             *
*  Q30 =  3.7025  Q31 =    ZERO  Q32 = -0.0015  Q33 =    ZERO  .............  *
*                                                                             *
*  Q40 = 98.9849  Q41 =    ZERO  Q42 =  0.0032  Q43 =    ZERO  Q44 = 9.6E-09  *
*                                                                             *
*******************************************************************************

*******************************************************************************
*                                                                             *
*  BOHR DEFORMATIONS (FIRST-ORDER APPROXIMATION) [CENT-MASS FRAME]  NEUTRONS  *
*                                                                             *
*******************************************************************************
*                                                                             *
*  B10 =  0.0024  B11 =    ZERO  .............  .............  .............  *
*                                                                             *
*  B20 =  1.8308  B21 =    ZERO  B22 = 2.6E-05  .............  .............  *
*                                                                             *
*  B30 =  0.1025  B31 =    ZERO  B32 =-6.0E-05  B33 =    ZERO  .............  *
*                                                                             *
*  B40 =  2.3722  B41 =    ZERO  B42 = 1.1E-04  B43 =    ZERO  B44 = 3.2E-10  *
*                                                                             *
*******************************************************************************
*                                                                             *
*  BOHR DENSITY = 0.0152 FM^(-3)  BOHR RADIUS =  11.5563 FM                   *
*                                                                             *
*******************************************************************************

*******************************************************************************
*                                                                             *
*  MULTIPOLE MOMENTS [UNITS:  (10 FERMI)^LAMBDA] [CENT-MASS FRAME]   PROTONS  *
*                                                                             *
*******************************************************************************
*                                                                             *
*  Q00 = 78.0000  .............  .............  .............  .............  *
*                                                                             *
*  Q10 = -0.1302  Q11 =    ZERO  .............  .............  .............  *
*                                                                             *
*  Q20 =146.0987  Q21 =    ZERO  Q22 =  0.0020  .............  .............  *
*                                                                             *
*  Q30 =  2.8573  Q31 =    ZERO  Q32 = -0.0012  Q33 =    ZERO  .............  *
*                                                                             *
*  Q40 = 80.5852  Q41 =    ZERO  Q42 =  0.0025  Q43 =    ZERO  Q44 =-1.2E-08  *
*                                                                             *
*******************************************************************************

*******************************************************************************
*                                                                             *
*  BOHR DEFORMATIONS (FIRST-ORDER APPROXIMATION) [CENT-MASS FRAME]   PROTONS  *
*                                                                             *
*******************************************************************************
*                                                                             *
*  B10 = -0.0029  B11 =    ZERO  .............  .............  .............  *
*                                                                             *
*  B20 =  1.8382  B21 =    ZERO  B22 = 2.6E-05  .............  .............  *
*                                                                             *
*  B30 =  0.0982  B31 =    ZERO  B32 =-5.9E-05  B33 =    ZERO  .............  *
*                                                                             *
*  B40 =  2.3881  B41 =    ZERO  B42 = 1.1E-04  B43 =    ZERO  B44 =-4.9E-10  *
*                                                                             *
*******************************************************************************
*                                                                             *
*  BOHR DENSITY = 0.0119 FM^(-3)  BOHR RADIUS =  11.6024 FM                   *
*                                                                             *
*******************************************************************************

*******************************************************************************
*                                                                             *
*  EULER ANGLES OF THE PRINCIPAL-AXES FRAME IN DEGREES                 TOTAL  *
*                                                                             *
*  ALPHA =  0.00000  BETA =  0.00000  GAMMA =  0.00000                        *
*                                                                             *
*******************************************************************************

*******************************************************************************
*                                                                             *
*  ROOT-MEAN-SQUARE AND GEOMETRIC SIZES IN FERMIS                      TOTAL  *
*                                                                             *
*  R_RMS = 10.3248     X_RMS =  1.9630    Y_RMS =  1.9626    Z_RMS =  9.9446  *
*                                                                             *
*  R_GEO = 13.3292     X_GEO =  4.3895    Y_GEO =  4.3886    Z_GEO = 22.2368  *
*                                                                             *
*******************************************************************************

*******************************************************************************
*                                                                             *
*  MULTIPOLE MOMENTS [UNITS:  (10 FERMI)^LAMBDA]                       TOTAL  *
*                                                                             *
*******************************************************************************
*                                                                             *
*  Q00 =176.0000  .............  .............  .............  .............  *
*                                                                             *
*  Q10 = 24.9529  Q11 =    ZERO  .............  .............  .............  *
*                                                                             *
*  Q20 =334.5495  Q21 =    ZERO  Q22 =  0.0046  .............  .............  *
*                                                                             *
*  Q30 = 58.9122  Q31 =    ZERO  Q32 = -0.0024  Q33 =    ZERO  .............  *
*                                                                             *
*  Q40 =200.5606  Q41 =    ZERO  Q42 =  0.0044  Q43 =    ZERO  Q44 =-2.1E-09  *
*                                                                             *
*******************************************************************************

*******************************************************************************
*                                                                             *
*  BOHR DEFORMATIONS (FIRST-ORDER APPROXIMATION)                       TOTAL  *
*                                                                             *
*******************************************************************************
*                                                                             *
*  B10 =  0.2177  B11 =    ZERO  .............  .............  .............  *
*                                                                             *
*  B20 =  1.4134  B21 =    ZERO  B22 = 2.0E-05  .............  .............  *
*                                                                             *
*  B30 =  0.5921  B31 =    ZERO  B32 =-3.4E-05  B33 =    ZERO  .............  *
*                                                                             *
*  B40 =  1.5122  B41 =    ZERO  B42 = 4.6E-05  B43 =    ZERO  B44 =    ZERO  *
*                                                                             *
*******************************************************************************
*                                                                             *
*  BOHR DENSITY = 0.0177 FM^(-3)  BOHR RADIUS =  13.3292 FM                   *
*                                                                             *
*******************************************************************************

*******************************************************************************
*                                                                             *
*  MULTIPOLE MOMENTS [UNITS:  (10 FERMI)^LAMBDA] [CENT-MASS FRAME]     TOTAL  *
*                                                                             *
*******************************************************************************
*                                                                             *
*  Q00 =176.0000  .............  .............  .............  .............  *
*                                                                             *
*  Q10 =    ZERO  Q11 =    ZERO  .............  .............  .............  *
*                                                                             *
*  Q20 =327.4740  Q21 =    ZERO  Q22 =  0.0046  .............  .............  *
*                                                                             *
*  Q30 =  6.5598  Q31 =    ZERO  Q32 = -0.0027  Q33 =    ZERO  .............  *
*                                                                             *
*  Q40 =179.5702  Q41 =    ZERO  Q42 =  0.0058  Q43 =    ZERO  Q44 =-2.1E-09  *
*                                                                             *
*******************************************************************************

*******************************************************************************
*                                                                             *
*  BOHR DEFORMATIONS (FIRST-ORDER APPROXIMATION) [CENT-MASS FRAME]     TOTAL  *
*                                                                             *
*******************************************************************************
*                                                                             *
*  B10 =    ZERO  B11 =    ZERO  .............  .............  .............  *
*                                                                             *
*  B20 =  1.8341  B21 =    ZERO  B22 = 2.6E-05  .............  .............  *
*                                                                             *
*  B30 =  0.1006  B31 =    ZERO  B32 =-6.0E-05  B33 =    ZERO  .............  *
*                                                                             *
*  B40 =  2.3794  B41 =    ZERO  B42 = 1.1E-04  B43 =    ZERO  B44 =    ZERO  *
*                                                                             *
*******************************************************************************
*                                                                             *
*  BOHR DENSITY = 0.0271 FM^(-3)  BOHR RADIUS =  11.5767 FM                   *
*                                                                             *
*******************************************************************************

*******************************************************************************
*                                                                             *
*  MULTIPOLE MOMENTS [UNITS:  (10 FERMI)^LAMBDA] [INTRINSIC FRAME]     TOTAL  *
*                                                                             *
*  REAL PART  FOR A NON-NEGATIVE PROJECTION                                   *
*  IMAGINARY PART FOR A NEGATIVE PROJECTION                                   *
*                                                                             *
*******************************************************************************
*                                                                             *
*  Q00 =176.0000  .............  .............  .............  .............  *
*                 .............  .............  .............  .............  *
*                                                                             *
*  Q10 =    ZERO  Q1+1=    ZERO  .............  .............  .............  *
*                 Q1-1=    ZERO  .............  .............  .............  *
*                                                                             *
*  Q20 =327.4740  Q2+1=    ZERO  Q2+2=  0.0046  .............  .............  *
*                 Q2-1=    ZERO  Q2-2=    ZERO  .............  .............  *
*                                                                             *
*  Q30 =  6.5598  Q3+1=    ZERO  Q3+2= -0.0027  Q3+3=    ZERO  .............  *
*                 Q3-1=    ZERO  Q3-2=    ZERO  Q3-3=    ZERO  .............  *
*                                                                             *
*  Q40 =179.5702  Q4+1=    ZERO  Q4+2=  0.0058  Q4+3=    ZERO  Q4+4=-2.1E-09  *
*                 Q4-1=    ZERO  Q4-2=    ZERO  Q4-3=    ZERO  Q4-4=    ZERO  *
*                                                                             *
*******************************************************************************

*******************************************************************************
*                                                                             *
*  BOHR DEFORMATIONS (FIRST-ORDER APPROXIMATION) [INTRINSIC FRAME]     TOTAL  *
*                                                                             *
*  REAL PART  FOR A NON-NEGATIVE PROJECTION                                   *
*  IMAGINARY PART FOR A NEGATIVE PROJECTION                                   *
*                                                                             *
*******************************************************************************
*                                                                             *
*  B10 =    ZERO  B1+1=    ZERO  .............  .............  .............  *
*                 B1-1=    ZERO  .............  .............  .............  *
*                                                                             *
*  B20 =  1.8341  B2+1=    ZERO  B2+2= 2.6E-05  .............  .............  *
*                 B2-1=    ZERO  B2-2=    ZERO  .............  .............  *
*                                                                             *
*  B30 =  0.1006  B3+1=    ZERO  B3+2=-6.0E-05  B3+3=    ZERO  .............  *
*                 B3-1=    ZERO  B3-2=    ZERO  B3-3=    ZERO  .............  *
*                                                                             *
*  B40 =  2.3794  B4+1=    ZERO  B4+2= 1.1E-04  B4+3=    ZERO  B4+4=    ZERO  *
*                 B4-1=    ZERO  B4-2=    ZERO  B4-3=    ZERO  B4-4=    ZERO  *
*                                                                             *
*******************************************************************************
*                                                                             *
*  BOHR DENSITY = 0.0271 FM^(-3)  BOHR RADIUS =  11.5767 FM                   *
*                                                                             *
*******************************************************************************

*******************************************************************************
*                                                                             *
*                                ENERGIES (MEV)                               *
*                                                                             *
*******************************************************************************
*                                                                             *
*  KINETIC: (NEU)=  1819.535863    (PRO)=  1322.175749    (TOT)=  3141.711611 *
*  SUM EPS: (NEU)= -1983.707144    (PRO)= -1175.447036    (TOT)= -3159.154179 *
*  PAIRING: (NEU)=    -1.550073    (PRO)=    -4.450833    (TOT)=    -6.000905 *
*  P-REARR: (NEU)=     0.391651    (PRO)=     1.187217    (TOT)=     1.578868 *
*                                                                             *
*  PAIRGAP: (NEU)=    -0.305907    (PRO)=     0.521884    THIS SPACE IS EMPTY *
*  E-FERMI: (NEU)=    -8.668646    (PRO)=    -4.542369    AND AWAITS  YOUR AD *
*                                                                             *
*  COULOMB: (DIR)=   596.181698    (EXC)=   -29.774286    (TOT)=   566.407412 *
*                                                                             *
*  CONSTR. (MULT)=   108.550370    SLOPE=    50.403085    CORR.=   -25.201543 *
*  CONSTR. (SURF)=     0.000000    SLOPE=     0.000000    CORR.=     0.000000 *
*  CONSTR. (SPIN)=     0.000000    SLOPE=     0.000000    CORR.=     0.000000 *
*  CONSTR. (ISOS)=     0.000000    SLOPE=     0.000000    CORR.=     0.000000 *
*                                                                             *
*  REARRANGEMENT ENERGY FROM THE SKYRME DENSITY-DEPENDENT TERMS=  1278.268353 *
*  ROUTHIAN= TOTAL ENERGY + MULTIPOLE AND (ISO)SPIN CONSTRAINTS= -1263.425695 *
*                                                                             *
*  SPIN-ORB (EVE)=   -88.959183    (ODD)=     0.000000    (TOT)=   -88.959183 *
*  SKYRME:  (EVE)= -5074.094183    (ODD)=     0.000000    (TOT)= -5074.094183 *
*                                                                             *
*  TOTAL:  (STAB)=    92.683436     (SP)= -1279.292630    (FUN)= -1371.976065 *
*                                                                             *
*******************************************************************************

*******************************************************************************
*                                                                             *
*  ITERATION RESTARTED FROM THE DISC, THE FOLLOWING FILE(S) READ:             *
*  ./restart/HFODD_00000073.REC                                        VER=19 *
*                                                                             *
*******************************************************************************
*                                                                             *
* CONVERGENCE REPORT                                                          *
*                                                                             *
*******************************************************************************
*                                                                             *
* ITER     ENERGY     STABILITY    Q_2    GAMMA   SPIN  OMEGA   ANGLE   EPAIR *
*                                                                             *
* 1847 -1371.976065   92.683436 327.474    0.00   0.00  0.000   0.000   -6.00 *
* 1848 -1232.002389   76.852212 395.225    0.00   0.00  0.000   0.000   -2.72 *
* 1849 -1266.633573   22.169655 376.752    0.00   0.00  0.000   0.000   -7.32 *
* 1850 -1267.113247   38.017464 376.472    0.00   0.00  0.000   0.000   -6.99 *
* 1851 -1267.016509   38.764840 376.962    0.00   0.00  0.000   0.000   -7.00 *
* 1852 -1265.922573   30.842622 376.810    0.00   0.00  0.000   0.000   -6.64 *
* 1853 -1269.527442   16.571783 375.920    0.00   0.00  0.000   0.000   -7.04 *
* 1854 -1276.643747   98.250205 373.975    0.00   0.00  0.000   0.000   -7.88 *
* 1855 -1233.474833  107.704662 401.368    0.00   0.00  0.000   0.000   -4.30 *
* 1856 -1238.984823   97.887797 402.414    0.00   0.00  0.000   0.000   -6.26 *
* 1857 -1242.637073   95.952177 405.243    0.00   0.00  0.000   0.000   -7.12 *
* 1858 -1248.974301  982.058351 407.540    0.00   0.00  0.000   0.000   -8.31 *
* 1859  -629.778637    1.38E+03 367.661    0.00   0.00  0.000   0.000   -4.26 *
* 1860  -706.259230    1.16E+03 274.355    0.00   0.00  0.000   0.000   -7.04 *
* 1861  -753.602197    1.69E+03 286.300    0.00   0.00  0.000   0.000   -9.62 *
* 1862  -709.056238    1.46E+03 252.108    0.00   0.00  0.000   0.000   -4.62 *
* 1863  -701.226976    1.47E+03 246.578    0.00   0.00  0.000   0.000   -6.29 *
* 1864  -701.602159   -5.79E+03 240.921    0.00   0.00  0.000   0.000   -6.23 *
* 1865 -1711.427395    1.16E+03 268.035    0.00   0.00  0.000   0.000 -433.24 *
* 1866   223.616888   -3.45E+03  27.051    0.00   0.00  0.000   0.000   -0.09 *
* 1867   611.777459   -1.46E+04  49.115    0.01   0.00  0.000   0.000  -80.76 *
* 1868 -1912.534657 -366.387152 246.292    0.00   0.00  0.000   0.000 -819.04 *
* 1869   -53.806300   -5.22E+03  25.663    0.00   0.00  0.000   0.000   -0.16 *
* 1870   202.971262   -1.16E+04  34.137    0.00   0.00  0.000   0.000   -1.10 *
* 1871  3260.026111   -1.91E+04 129.528    0.00   0.00  0.000   0.000 -305.68 *
* 1872  1758.565339   -1.59E+03  39.925    0.01   0.00  0.000   0.000 -518.73 *
* 1873   276.469938   -8.76E+03  52.974    0.00   0.00  0.000   0.000   -0.07 *
* 1874   -89.288618    1.39E+03  27.023    0.02   0.00  0.000   0.000 -232.89 *
* 1875  -403.618899 -890.212074  20.124    0.06   0.00  0.000   0.000  -55.82 *
* 1876 -1192.767624    1.05E+04  53.836    0.04   0.00  0.000   0.000 -183.45 *
* 1877   -31.333968   -6.89E+03 705.493    0.00   0.00  0.000   0.000   -0.57 *
* 1878     5.672552   -2.77E+03  28.360    0.04   0.00  0.000   0.000 -356.32 *
* 1879  -161.136350   -1.80E+04  87.948    0.08   0.00  0.000   0.000 -363.36 *
* 1880  -465.301161    2.93E+03 132.590   60.00   0.00  0.000   0.000   -0.12 *
* 1881  -308.205873    1.45E+03 132.543   59.99   0.00  0.000   0.000   -3.97 *
* 1882  -513.654917  915.370043 129.390   59.96   0.00  0.000   0.000  -40.70 *
* 1883  -929.170919    1.99E+03  24.541   58.32   0.00  0.000   0.000 -162.86 *
* 1884   623.809437   -2.01E+04  37.782    0.01   0.00  0.000   0.000   -0.01 *
* 1885   466.480102   -3.49E+04  19.575    0.22   0.00  0.000   0.000 -140.19 *
* 1886   955.187340   -6.56E+04 129.924    0.02   0.00  0.000   0.000  -40.56 *
* 1887  -929.512457   -3.48E+05 128.831   59.73   0.00  0.000   0.000 -578.66 *

 //////////////////// MAXIMUM NUMBER OF ITERATIONS       ////////////////////
 //////////////////// EXCEEDED IN QUABCS                 ////////////////////

*******************************************************************************
*                                                                             *
*  PROCESSOR   EXECUTION  TIMES IN SUBROUTINES                                *
*  INCLUDING THEIR COMPLETE DOWN-CALLING TREES                                *
*                                                                             *
*******************************************************************************
*                                                                             *
*    13691 => HFODD    7750 => DENSHF   2537 => DIAMAT   2310 => HFBSIM       *
*                                                                             *
*     1642 => QMULCM    750 => PAIMAC    552 => CANQUA    247 => RECORD       *
*                                                                             *
*      205 => AVEQUA     78 => INTEGH     74 => DENMAC     72 => INTSOR       *
*                                                                             *
*       67 => INTEGD     41 => DOBROY     38 => MOMETS     37 => INTMUL       *
*                                                                             *
*       24 => SKFILD     22 => BEGINC     17 => INTMAS     16 => ROTAVR       *
*                                                                             *
*       15 => LINAVR     13 => COUMAT     13 => INTCOU      8 => INTCEN       *
*                                                                             *
*        7 => SPAVER      5 => AVOBSE      4 => SKPAIR      3 => NILASP       *
*                                                                             *
*        2 => POWALL      2 => AVANGY      0 => INTKIN      0 => AVPARI       *
*                                                                             *
*        0 => QUABCS      0 => SHICOE      0 => AVSIMP      0 => PAXMOM       *
*                                                                             *
*        0 => MOMSIF      0 => SHIMOM      0 => SHIMAG      0 => MOMVMU       *
*                                                                             *
*        0 => MAGMOM      0 => SPIMOM      0 => SHISIF                        *
*                                                                             *
*******************************************************************************
*                                                                             *
*  NUMBERS OF CALLS TO SUBROUTINES                                            *
*                                                                             *
*******************************************************************************
*                                                                             *
*     1868 => BEGINC   1564 => INTMUL    498 => INTSOR    206 => DIAMAT       *
*                                                                             *
*      166 => INTMAS    166 => INTCEN    165 => INTKIN    164 => AVEQUA       *
*                                                                             *
*      123 => PAXMOM     83 => INTEGH     83 => INTEGD     83 => HFBSIM       *
*                                                                             *
*       83 => QUABCS     82 => CANQUA     82 => AVPARI     82 => DENSHF       *
*                                                                             *
*       82 => DENMAC     82 => PAIMAC     82 => MOMETS     82 => MOMSIF       *
*                                                                             *
*       82 => MOMVMU     82 => MAGMOM     82 => SPIMOM     82 => LINAVR       *
*                                                                             *
*       82 => ROTAVR     82 => SHICOE     42 => RECORD     42 => COUMAT       *
*                                                                             *
*       42 => INTCOU     41 => QMULCM     41 => SKFILD     41 => SKPAIR       *
*                                                                             *
*       41 => DOBROY     41 => SHIMOM     41 => SHISIF     41 => SHIMAG       *
*                                                                             *
*       14 => SPAVER      2 => AVANGY      2 => AVOBSE      2 => AVSIMP       *
*                                                                             *
*        2 => NILASP      1 => HFODD       1 => POWALL                        *
*                                                                             *
*******************************************************************************
*                                                                             *
*  EXECUTION ENDS ON 2016.08.26 AT 05:36:47.955                               *
*                                                                             *
*******************************************************************************
