*******************************************************************************
*                                                                             *
*                     P A R A L L E L    M O D E L                            *
*                                                                             *
*  SIMPLE MPI FRAMEWORK (1 COMMUNICATOR)    :  1 MPI PROCESS per HFODD TASK   *
*  MULTI-THREADING FRAMEWORK WITH OPENMP   :  4 THREADS per HFODD MPI PROCESS *
*                                                                             *
*******************************************************************************
*                                                                             *
*                        __  __ _____  ___   ____   ____                      *
*                       / / / // ___/.' _ \ / __ \ / __ \                     *
*                      / /_/ // /_  / / / // / / // / / /                     *
*                     / __  // __/ / / / // / / // / / /                      *
*                    / / / // /   / /_/ // /_/ // /_/ /                       *
*                   /_/ /_//_/    \___.'/____.'/____.'                        *
*                                                                             *
*                                                                             *
*******************************************************************************
*                                                                             *
*             SKYRME-HARTREE-FOCK-BOGOLYUBOV CODE VERSION: 2.77B              *
*                                                                             *
*              NO SYMMETRY-PLANES AND NO TIME-REVERSAL SYMMETRY               *
*                                                                             *
*                DEFORMED CARTESIAN HARMONIC-OSCILLATOR BASIS                 *
*                                                                             *
*******************************************************************************
*                                                                             *
*             J. DOBACZEWSKI, P. BACZYK, B.G. CARLSSON, J. DUDEK              *
*                 J. ENGEL, Y. GAO, M. KONIECZKA, T. LESINSKI                 *
*                 J. MCDONNELL, P. OLBRATOWSKI, P. POWALOWSKI                 *
*                  M. SADZIAK, J. SARICH, K. SATO, W. SATULA                  *
*             N. SCHUNCK,  J.A. SHEIKH, A. STASZCZAK, M. STOITSOV             *
*             P. TOIVANEN, X.B. WANG, M. ZALEWSKI AND H. ZDUNCZUK             *
*                                                                             *
*                   INSTYTUT FIZYKI TEORETYCZNEJ, WARSZAWA                    *
*                 LAWRENCE LIVERMORE NATIONAL LABORATORY, USA                 *
*                                                                             *
*                                  1993-2016                                  *
*                                                                             *
*******************************************************************************

*******************************************************************************
*                                                                             *
*  CODE COMPILED WITH THE FOLLOWING ARRAY DIMENSIONS AND SWITCHES:            *
*                                                                             *
*******************************************************************************
*                                                                             *
*  NDBASE = 1200  NDSTAT = 1200  NDXHRM =   40  NDYHRM =   40  NDZHRM =   64  *
*                                                                             *
*  NDMAIN =   30  NDMULT =    9  NDMULR =    4  NDLAMB =    9  NDITER = 5000  *
*                                                                             *
*  NDAKNO =    1  NDBKNO =    1  NDPROI =    2  NDCOUL =   80  NDPOLS =   25  *
*                                                                             *
*  NDATKN =   20  NDBTKN =   10  NDPROT =    1  NDPROD =    3                 *
*                                                                             *
*  IPARAL =    0  IPARAT =    0  I_CRAY =    0                                *
*                                                                             *
*                                                                             *
*  PRE-PROCESSOR OPTIONS:                                                     *
*                                                                             *
*       switch_port = 1     switch_diag = 3     switch_essl = 0               *
*                                                                             *
*                           switch_quad = 0     switch_vect = 1               *
*                                                                             *
*******************************************************************************
*                                                                             *
*  EXECUTION BEGINS ON 2016.09.06 AT 12:59:14.321                             *
*                                                                             *
*******************************************************************************
 
*******************************************************************************
*                                                                             *
*  CLASSICAL NUCLEAR SURFACE DEFINED FOR:                    N = 98   Z = 78  *
*                                                                             *
*******************************************************************************
*                                                                             *
*  AL10 =   ZERO  AL11 =   ZERO  .............  .............  .............  *
*                                                                             *
*  AL20 =  0.634  AL21 =   ZERO  AL22 =   ZERO  .............  .............  *
*                                                                             *
*******************************************************************************
*                                                                             *
*                                           HOMEGA=  7.1433  FCHOM0=  0.9764  *
*                                                                             *
*  OSCILLATOR FREQUENCIES: HBAROX=  8.5974  HBAROY=  8.5974  HBAROZ=  4.9312  *
*                                                                             *
*  MOMENTS OF INERTIA:     XMOMFC=113.2245  YMOMFC=113.2245  ZMOMFC= 56.0564  *
*                                                                             *
*  CENTERS OF MASS:        CMSXFC= -0.0000  CMSYFC= -0.0000  CMSZFC= -0.0000  *
*                                                                             *
*******************************************************************************

*******************************************************************************
*                                                                             *
*                           SKYRME FORCE DEFINITION                           *
*                                                                             *
*******************************************************************************
*                                                                             *
* PARAMETER SET HFB1:  T0= -1666.41  T1=   255.23  T2=  1521.28  T3= 12072.51 *
*                                                                             *
* POWER=0.37658031358  X0=  0.14608  X1= -4.82248  X2= -1.35211  X3=  0.00432 *
*                                                                             *
* IETA: J=0  W=1 CM=3  M=1  P=1  T=0 HBM= 20.73553 W0=  44.0677 W0P= 207.6502 *
*                                                                             *
*******************************************************************************

*******************************************************************************
*                                                                             *
*              COUPLING CONSTANTS DEFINING THE SKYRME FUNCTIONAL              *
*                                                                             *
*******************************************************************************
*                                                                             *
*                   TOTAL(T)        SUM(S)      ISOSCALAR(P)  ISOVECTOR(M)    *
*                   --------        ------      ------------  ------------    *
*    CRHO_ =     -894.060074    538.315575       -624.902286    269.157788    *
*    CRHOD =     1008.213640   -507.363897        754.531691   -253.681949    *
*    CLPR_ =       98.335311   -287.870148        -45.599763   -143.935074    *
*    CTAU_ =       33.156062    -48.271535          9.020295    -24.135768    *
*    CSCU_ =        0.000000      0.000000          0.000000      0.000000    *
*    CDIV_ =      -22.033840   -103.825096        -73.946388    -51.912548    *
*                                                                             *
*    CSPI_ =      -60.857026    416.601524        147.443736    208.300762    *
*    CSPID =        2.171385   -503.021127       -249.339179   -251.510564    *
*    CLPS_ =       51.110395     71.467295         86.844042     35.733647    *
*    CCUR_ =      -33.156062     48.271535         -9.020295     24.135768    *
*    CKIS_ =        0.000000      0.000000          0.000000      0.000000    *
*    CROT_ =      -22.033840   -103.825096        -73.946388    -51.912548    *
*                                                                             *
*******************************************************************************

*******************************************************************************
*                                                                             *
*                          NUCLEAR MATTER PROPERTIES                          *
*                                                                             *
*******************************************************************************
*                                                                             *
*     E = -15.8000  rho0 =   0.15625   K =  244.6682   Ms =    0.9364         *
*                   asym =  28.66820   L =   40.1091   Mv =    1.2498         *
*                                                                             *
*******************************************************************************

*******************************************************************************
*                                                                             *
*  PHYSICAL CONSTANTS:     H_BARC=197.32891000           HBCOE2=137.03602000  *
*                                                                             *
*                          XMASSN=938.90590000           XMASSP=938.27231000  *
*                                                                             *
*                          HBMASS= 20.73553000           HBMRPA= 20.73553000  *
*                                                                             *
*                          ECHAR2=  1.43997841           COULEX= -1.06350868  *
*                                                                             *
*******************************************************************************
*                                                                             *
*  OSCILLATOR LENGTHS:     X= 2.1963195      Y= 2.1963195       Z= 2.9000255  *
*                                                                             *
*  OSCILLATOR CONSTANTS:   X= 0.4553072      Y= 0.4553072       Z= 0.3448246  *
*                                                                             *
*  OSCILLATOR FREQUENCIES: X= 8.5974234      Y= 8.5974234       Z= 4.9312355  *
*                                                                             *
*******************************************************************************
*                                                                             *
*  BASIS CUT-OFF CONTROL PARAMETERS:  NXMAXX = 14  NYMAXX = 14  NZMAXX =  25  *
*                                                                             *
*                                     NXHERM = 36  NYHERM = 36  NZHERM =  60  *
*                                                                             *
*                                     NLIMIT=1140  LDBASE=1140  MCOUNT=29791  *
*                                                                             *
*                                     ENECUT= 800.0000      ELIMIT= 135.4800  *
*                                                                             *
*******************************************************************************

*******************************************************************************
*                                                                             *
*   SHAPE OF THE OSCILLATOR-BASIS DIAMOND    (THREE CONSECUTIVE PROJECTIONS)  *
*                                                                             *
*******************************************************************************
*                                                                             *
*        NX ===>>>  0  1  2  3  4  5  6  7  8  9 10 11 12 13 14               *
*        MAX.NY => 14 13 12 11 10  9  8  7  6  5  4  3  2  1  0               *
*                 ---------------------------------------------               *
*   NY= 0  (14)  | 25 23 21 20 18 16 14 13 11  9  7  6  4  2  0               *
*   NY= 1  (13)  | 23 21 20 18 16 14 13 11  9  7  6  4  2  0                  *
*   NY= 2  (12)  | 21 20 18 16 14 13 11  9  7  6  4  2  0                     *
*   NY= 3  (11)  | 20 18 16 14 13 11  9  7  6  4  2  0                        *
*   NY= 4  (10)  | 18 16 14 13 11  9  7  6  4  2  0                           *
*   NY= 5  ( 9)  | 16 14 13 11  9  7  6  4  2  0                              *
*   NY= 6  ( 8)  | 14 13 11  9  7  6  4  2  0                                 *
*   NY= 7  ( 7)  | 13 11  9  7  6  4  2  0                                    *
*   NY= 8  ( 6)  | 11  9  7  6  4  2  0                                       *
*   NY= 9  ( 5)  |  9  7  6  4  2  0                                          *
*   NY=10  ( 4)  |  7  6  4  2  0                                             *
*   NY=11  ( 3)  |  6  4  2  0                                                *
*   NY=12  ( 2)  |  4  2  0                                                   *
*   NY=13  ( 1)  |  2  0                                                      *
*   NY=14  ( 0)  |  0                                                         *
*                                                                             *
*                                                                             *
*        NZ ===>>>  0  1  2  3  4  5  6  7  8  9 10 11 12 13 14 15 16 17 18   *
*        MAX.NY => 14 13 13 12 12 11 11 10  9  9  8  8  7  7  6  5  5  4  4   *
*                 ---------------------------------------------------------   *
*   NY= 0  (25)  | 14 13 13 12 12 11 11 10  9  9  8  8  7  7  6  5  5  4  4   *
*   NY= 1  (23)  | 13 12 12 11 11 10 10  9  8  8  7  7  6  6  5  4  4  3  3   *
*   NY= 2  (21)  | 12 11 11 10 10  9  9  8  7  7  6  6  5  5  4  3  3  2  2   *
*   NY= 3  (20)  | 11 10 10  9  9  8  8  7  6  6  5  5  4  4  3  2  2  1  1   *
*   NY= 4  (18)  | 10  9  9  8  8  7  7  6  5  5  4  4  3  3  2  1  1  0  0   *
*   NY= 5  (16)  |  9  8  8  7  7  6  6  5  4  4  3  3  2  2  1  0  0         *
*   NY= 6  (14)  |  8  7  7  6  6  5  5  4  3  3  2  2  1  1  0               *
*   NY= 7  (13)  |  7  6  6  5  5  4  4  3  2  2  1  1  0  0                  *
*   NY= 8  (11)  |  6  5  5  4  4  3  3  2  1  1  0  0                        *
*   NY= 9  ( 9)  |  5  4  4  3  3  2  2  1  0  0                              *
*   NY=10  ( 7)  |  4  3  3  2  2  1  1  0                                    *
*   NY=11  ( 6)  |  3  2  2  1  1  0  0                                       *
*   NY=12  ( 4)  |  2  1  1  0  0                                             *
*   NY=13  ( 2)  |  1  0  0                                                   *
*   NY=14  ( 0)  |  0                                                         *
*                                                                             *
*                                                                             *
*        NZ ===>>>  0  1  2  3  4  5  6  7  8  9 10 11 12 13 14 15 16 17 18   *
*        MAX.NX => 14 13 13 12 12 11 11 10  9  9  8  8  7  7  6  5  5  4  4   *
*                 ---------------------------------------------------------   *
*   NX= 0  (25)  | 14 13 13 12 12 11 11 10  9  9  8  8  7  7  6  5  5  4  4   *
*   NX= 1  (23)  | 13 12 12 11 11 10 10  9  8  8  7  7  6  6  5  4  4  3  3   *
*   NX= 2  (21)  | 12 11 11 10 10  9  9  8  7  7  6  6  5  5  4  3  3  2  2   *
*   NX= 3  (20)  | 11 10 10  9  9  8  8  7  6  6  5  5  4  4  3  2  2  1  1   *
*   NX= 4  (18)  | 10  9  9  8  8  7  7  6  5  5  4  4  3  3  2  1  1  0  0   *
*   NX= 5  (16)  |  9  8  8  7  7  6  6  5  4  4  3  3  2  2  1  0  0         *
*   NX= 6  (14)  |  8  7  7  6  6  5  5  4  3  3  2  2  1  1  0               *
*   NX= 7  (13)  |  7  6  6  5  5  4  4  3  2  2  1  1  0  0                  *
*   NX= 8  (11)  |  6  5  5  4  4  3  3  2  1  1  0  0                        *
*   NX= 9  ( 9)  |  5  4  4  3  3  2  2  1  0  0                              *
*   NX=10  ( 7)  |  4  3  3  2  2  1  1  0                                    *
*   NX=11  ( 6)  |  3  2  2  1  1  0  0                                       *
*   NX=12  ( 4)  |  2  1  1  0  0                                             *
*   NX=13  ( 2)  |  1  0  0                                                   *
*   NX=14  ( 0)  |  0                                                         *
*                                                                             *
*******************************************************************************

*******************************************************************************
*                                                                             *
* NUCLIDE: N =  98  Z =  78  NUMBER OF ITERATIONS = 1000   CONTINUATION? = 1  *
*                                                                             *
*******************************************************************************
*                                                                             *
* ITERATIONS WILL STOP WHEN THE STABILITY BECOMES LOWER THAN EPSITE=0.300000  *
*                                            FOR    5 CONSECUTIVE ITERATIONS  *
*                                                                             *
*******************************************************************************
*                                                                             *
* ITERATIONS WILL STOP WHEN THE PING-PONG DIVERGENCE OCCURS FOR EPSPNG=0.010  *
*                                DURING    5 PAIRS OF CONSECUTIVE ITERATIONS  *
*                                                                             *
*******************************************************************************
*                                                                             *
* ITERATIONS WILL STOP FOR CHAOTIC-DIVERGENCE CONDITION OCCURING   20  TIMES  *
*                                                                             *
*******************************************************************************
*                                                                             *
* SLOW-DOWN PARAMETERS:                                                       *
* TIME-EVEN = 0.85   TIME-ODD = 0.85   PAIRING = 0.85   LIPKIN-NOGAMI = 0.85  *
*                    LIP-MASS = 0.50   LIP-MOI = 0.50   LIPKIN-METHOD = 0.50  *
*                                                                             *
*******************************************************************************
*                                                                             *
* BROYDEN METHOD IS:  ON                                                      *
*                                                                             *
*    TRIGGERED ONLY WHEN STABILITY IS LOWER THAN :  1000.000 MEV              *
*    INITIAL SLOWING FACTOR (BEFORE TRIGGER)     :     0.85 (=SLOWEV)         *
*    BROYDEN SLOWING FACTOR (AFTER  TRIGGER)     :     0.40 (=1-ALPHAM)       *
*    NUMBER OF ITERATIONS RETAINED IN MEMORY     :    10                      *
*                                                                             *
*******************************************************************************
*                                                                             *
* DIRECT COULOMB TERMS SOLVED BY GREEN FUNCTION AND FOURIER TRANSFORM METHOD  *
* COULOMB PARAMETERS:  NUMCOU = 80  NUMETA = 79  BOUCOU = 20.0  FURMAX =0.25  *
*                                                                             *
*******************************************************************************
*                                                                             *
* EXCHANGE COULOMB TERMS TREATED BY THE SLATER APPROXIMATION                  *
*                                                                             *
*******************************************************************************
*                                                                             *
* MAXIMUM NUMBERS OF MULTIPOLE MOMENTS USED FOR THE CONSTRAINTS,    NMUCON=4  *
*                                           FOR THE COULOMB FIELD,  NMUCOU=4  *
*                                           FOR THE OUTPUT INFO,    NMUPRI=4  *
*                                                                             *
*******************************************************************************
*                                                                             *
* MULTIPOLE CONSTRAINTS: LAMBDA= 2  MIU= 0  MOMENT=161.000  STIFFNESS= 0.500  *
*                        LAMBDA= 3  MIU= 0  MOMENT= 22.000  STIFFNESS= 0.500  *
*                                                                             *
*******************************************************************************
*                                                                             *
* LINEAR MULTIPOLE CONSTRAINTS: LAMBDA= 2  MIU= 0  LAGRANGE PAR. USED= 0.000  *
*                               LAMBDA= 3  MIU= 0  LAGRANGE PAR. USED= 0.000  *
*                                                                             *
*******************************************************************************
*                                                                             *
* THE LAGRANGE PARAMETERS OF THE LINEAR CONSTRAINTS ARE RE-ADJUSTED AT EACH   *
* ITERATION BY USING THE CRANKING APPROXIMATION OF THE RPA MATRIX             *
*                                                                             *
*******************************************************************************
*                                                                             *
* PRINTING THE RESULTS FOR THE FOLLOWING ITERATIONS:         THE  FIRST: YES  *
*                                                            THE MIDDLE:  NO  *
*                                                     AND/OR THE   LAST: YES  *
*                                                                             *
*******************************************************************************
*                                                                             *
* PRINTING THE MOMENTS, RADII, AND DEFORMATIONS FOR:           NEUTRONS: YES  *
*                                                              PROTONS : YES  *
*                                                              MASS    : YES  *
*                                                                             *
*******************************************************************************
*                                                                             *
* PRINTING THE MOMENTS, MOMENTA AND DEFORMATIONS IN THE INTRINSIC FRAME: YES  *
*                                                                             *
*******************************************************************************
*                                                                             *
* NILSSON LABELS OF SINGLE-PARTICLE STATES SHOWN WITH RESPECT TO THE: Z-AXIS  *
*                                                                             *
*******************************************************************************
*                                                                             *
* CALCULATIONS WITH THE HFB PAIRING CORRELATIONS                              *
*                                                                             *
*******************************************************************************
*                                                                             *
* CONTACT PAIRING INTERACTION:     V0        V1       RHO-SAT      POWER      *
*                    NEUTRONS:  -234.380   732.438     0.320     1.0000000    *
*                     PROTONS:  -260.437   813.866     0.320     1.0000000    *
*                                                                             *
*******************************************************************************
*                                                                             *
* CUTOFF ENERGY DEFINING THE ACTIVE HFB PAIRING SPACE=      60.000            *
*                                                                             *
*******************************************************************************
*                                                                             *
* CALCULATIONS WITH SIMPLEX SYMMETRY                                          *
*                                                                             *
*******************************************************************************
*                                                                             *
* CALCULATIONS WITH TIME-ODD SYMMETRIES:        T*SIMPLEX_X =>     CONSERVED  *
*                                               T*SIMPLEX_Y =>     CONSERVED  *
*                                               T*SIMPLEX_Z => NON CONSERVED  *
*                                                                             *
*******************************************************************************
*                                                                             *
* CALCULATIONS WITHOUT ROTATION                                               *
*                                                                             *
*******************************************************************************

*******************************************************************************
*                                                                             *
*  CALLING SUBROUTINE "RECORD" TO READ THE REPLAY FILE OBTAINED PREVIOUSLY    *
*  ./restart/HFODD_00000044.REC                                               *
*                                                                             *
*******************************************************************************

*******************************************************************************
*                                                                             *
*  SINGLE-QUASIPARTICLE PROPERTIES:                                NEUTRONS   *
*                                                                             *
*******************************************************************************
*                                                                             *
*  NO)   ENERGY   (S=+,S=-)       PARITY   V2QUAP   EEQUIV   DEQUIV   V_CORR  *
*                                                                             *
*  53)    9.221   (  0, 27)        0.965  0.99677  -18.537    1.047  0.99946  *
*  54)    9.221   ( 27,  0)        0.965  0.99677  -18.537    1.047  0.99946  *
*  57)    8.834   (  0, 29)        0.604  0.99544  -18.130    1.190  0.99920  *
*  58)    8.834   ( 29,  0)        0.604  0.99544  -18.130    1.190  0.99920  *
*  59)    8.553   (  0, 30)       -0.543  0.98483  -17.669    2.091  0.99725  *
*  60)    8.553   ( 30,  0)       -0.543  0.98483  -17.669    2.091  0.99725  *
*  61)    8.155   (  0, 31)       -0.181  0.99920  -17.518    0.460  0.99985  *
*  62)    8.155   ( 31,  0)       -0.181  0.99920  -17.518    0.460  0.99985  *
*  63)    7.596   (  0, 32)        0.774  0.98618  -16.762    1.774  0.99708  *
*  64)    7.596   ( 32,  0)        0.774  0.98618  -16.762    1.774  0.99708  *
*  65)    7.166   (  0, 33)        0.973  0.98277  -16.295    1.865  0.99609  *
*  66)    7.166   ( 33,  0)        0.973  0.98277  -16.295    1.865  0.99609  *
*  67)    6.989   ( 34,  0)       -0.924  0.99461  -16.289    1.023  0.99873  *
*  68)    6.989   (  0, 34)       -0.924  0.99461  -16.289    1.023  0.99873  *
*  69)    6.309   (  0, 35)        0.184  0.99701  -15.647    0.689  0.99919  *
*  70)    6.309   ( 35,  0)        0.184  0.99701  -15.647    0.689  0.99919  *
*  71)    6.117   ( 36,  0)       -0.905  0.99676  -15.453    0.696  0.99908  *
*  72)    6.117   (  0, 36)       -0.905  0.99676  -15.453    0.696  0.99908  *
*  73)    6.210   (  0, 37)       -0.947  0.96297  -15.126    2.345  0.98996  *
*  74)    6.210   ( 37,  0)       -0.947  0.96297  -15.126    2.345  0.98996  *
*  77)    4.644   ( 39,  0)        0.882  0.99589  -13.981    0.595  0.99825  *
*  78)    4.644   (  0, 39)        0.882  0.99589  -13.981    0.595  0.99825  *
*  79)    4.089   ( 40,  0)       -0.209  0.99341  -13.411    0.662  0.99657  *
*  80)    4.089   (  0, 40)       -0.209  0.99341  -13.411    0.662  0.99657  *
*  81)    3.781   (  0, 41)       -0.945  0.99402  -13.112    0.583  0.99644  *
*  82)    3.781   ( 41,  0)       -0.945  0.99402  -13.112    0.583  0.99644  *
*  83)    3.766   (  0, 42)       -0.937  0.99556  -13.109    0.501  0.99733  *
*  84)    3.766   ( 42,  0)       -0.937  0.99556  -13.109    0.501  0.99733  *
*  85)    3.632   ( 43,  0)        0.917  0.91054  -12.358    2.073  0.95033  *
*  86)    3.632   (  0, 43)        0.917  0.91054  -12.358    2.073  0.95033  *
*  87)    2.947   ( 44,  0)       -0.710  0.98864  -12.256    0.625  0.98925  *
*  88)    2.947   (  0, 44)       -0.710  0.98864  -12.256    0.625  0.98925  *
*  89)    2.808   ( 45,  0)       -0.245  0.99495  -12.155    0.398  0.99458  *
*  90)    2.808   (  0, 45)       -0.245  0.99495  -12.155    0.398  0.99458  *
*  91)    2.782   (  0, 46)       -0.143  0.99434  -12.126    0.418  0.99381  *
*  92)    2.782   ( 46,  0)       -0.143  0.99434  -12.126    0.418  0.99381  *
*  93)    2.132   (  0, 47)        0.356  0.97637  -11.407    0.648  0.95373  *
*  94)    2.132   ( 47,  0)        0.356  0.97637  -11.407    0.648  0.95373  *
*  95)    1.849   (  0, 48)        0.861  0.97876  -11.147    0.533  0.93453  *
*  96)    1.849   ( 48,  0)        0.861  0.97876  -11.147    0.533  0.93453  *
*  97)    1.479   (  0, 49)        0.926  0.95788  -10.730    0.594  0.79098  *
*  98)    1.479   ( 49,  0)        0.926  0.95788  -10.730    0.594  0.79098  *
*  99)    2.549   (  0, 50)        0.808  0.69143  -10.352    2.355  0.80280  *
* 100)    2.549   ( 50,  0)        0.808  0.69143  -10.352    2.355  0.80280  *
* 101)    0.972   ( 51,  0)        0.239  0.90645  -10.166    0.566  0.45950  *
* 102)    0.972   (  0, 51)        0.239  0.90645  -10.166    0.566  0.45950  *
* 103)    0.725   (  0, 52)       -0.878  0.86181   -9.901    0.501  0.32596  *
* 104)    0.725   ( 52,  0)       -0.878  0.86181   -9.901    0.501  0.32596  *
* 105)    0.685   (  0, 53)        0.160  0.71134   -9.665    0.621  0.34007  *
* 106)    0.685   ( 53,  0)        0.160  0.71134   -9.665    0.621  0.34007  *
* 107)    0.488   ( 54,  0)       -0.924  0.67480   -9.546    0.457  0.24550  *
* 108)    0.488   (  0, 54)       -0.924  0.67480   -9.546    0.457  0.24550  *
* 109)    0.532   (  0, 55)        0.912  0.35289   -9.219    0.508  0.29345  *
* 110)    0.532   ( 55,  0)        0.912  0.35289   -9.219    0.508  0.29345  *
* 111)    0.456   ( 56,  0)       -0.939  0.32103   -9.212    0.426  0.26020  *
* 112)    0.456   (  0, 56)       -0.939  0.32103   -9.212    0.426  0.26020  *
* 113)    0.891   (  0, 57)        0.131  0.04582   -8.567    0.372  0.42073  *
* 114)    0.891   ( 57,  0)        0.131  0.04582   -8.567    0.372  0.42073  *
* 115)    2.600   ( 58,  0)        0.752  0.30614   -8.368    2.396  0.71937  *
* 116)    2.600   (  0, 58)        0.752  0.30614   -8.368    2.396  0.71937  *
* 117)    1.613   ( 59,  0)       -0.635  0.02131   -7.832    0.466  0.56847  *
* 118)    1.613   (  0, 59)       -0.635  0.02131   -7.832    0.466  0.56847  *
* 119)    1.664   ( 60,  0)       -0.437  0.02857   -7.807    0.554  0.57681  *
* 120)    1.664   (  0, 60)       -0.437  0.02857   -7.807    0.554  0.57681  *
* 121)    1.940   ( 61,  0)        0.375  0.01861   -7.508    0.524  0.61316  *
* 122)    1.940   (  0, 61)        0.375  0.01861   -7.508    0.524  0.61316  *
* 123)    2.057   ( 62,  0)       -0.189  0.02380   -7.416    0.627  0.62760  *
* 124)    2.057   (  0, 62)       -0.189  0.02380   -7.416    0.627  0.62760  *
* 125)    2.417   ( 63,  0)       -0.967  0.00956   -7.005    0.470  0.66310  *
* 126)    2.417   (  0, 63)       -0.967  0.00956   -7.005    0.470  0.66310  *
* 127)    2.861   (  0, 64)       -0.745  0.01182   -6.582    0.619  0.70010  *
* 128)    2.861   ( 64,  0)       -0.745  0.01182   -6.582    0.619  0.70010  *
* 129)    3.531   (  0, 65)        0.873  0.08807   -6.467    2.001  0.75184  *
* 130)    3.531   ( 65,  0)        0.873  0.08807   -6.467    2.001  0.75184  *
* 131)    3.472   ( 66,  0)       -0.048  0.00762   -5.957    0.604  0.73873  *
* 132)    3.472   (  0, 66)       -0.048  0.00762   -5.957    0.604  0.73873  *
* 133)    4.085   (  0, 67)        0.310  0.00937   -5.367    0.787  0.76914  *
* 134)    4.085   ( 67,  0)        0.310  0.00937   -5.367    0.787  0.76914  *
* 135)    4.346   (  0, 68)        0.791  0.00440   -5.068    0.575  0.77942  *
* 136)    4.346   ( 68,  0)        0.791  0.00440   -5.068    0.575  0.77942  *
* 137)    4.364   ( 69,  0)       -0.867  0.00481   -5.053    0.604  0.78018  *
* 138)    4.364   (  0, 69)       -0.867  0.00481   -5.053    0.604  0.78018  *
* 139)    4.680   ( 70,  0)        0.359  0.00165   -4.711    0.380  0.79159  *
* 140)    4.680   (  0, 70)        0.359  0.00165   -4.711    0.380  0.79159  *
* 141)    5.163   ( 71,  0)        0.646  0.00209   -4.234    0.472  0.80737  *
* 142)    5.163   (  0, 71)        0.646  0.00209   -4.234    0.472  0.80737  *
* 143)    5.543   (  0, 72)        0.431  0.00269   -3.863    0.574  0.81824  *
* 144)    5.543   ( 72,  0)        0.431  0.00269   -3.863    0.574  0.81824  *
* 145)    6.024   ( 73,  0)       -0.834  0.03183   -3.735    2.115  0.83341  *
* 146)    6.024   (  0, 73)       -0.834  0.03183   -3.735    2.115  0.83341  *
* 147)    5.902   (  0, 74)       -0.704  0.00644   -3.549    0.944  0.82780  *
* 148)    5.902   ( 74,  0)       -0.704  0.00644   -3.549    0.944  0.82780  *
* 149)    5.868   (  0, 75)        0.920  0.00134   -3.524    0.430  0.82642  *
* 150)    5.868   ( 75,  0)        0.920  0.00134   -3.524    0.430  0.82642  *
* 151)    5.909   ( 76,  0)       -0.113  0.00078   -3.476    0.331  0.82735  *
* 152)    5.909   (  0, 76)       -0.113  0.00078   -3.476    0.331  0.82735  *
* 155)    6.740   (  0, 78)       -0.110  0.00448   -2.696    0.900  0.84573  *
* 156)    6.740   ( 78,  0)       -0.110  0.00448   -2.696    0.900  0.84573  *
* 157)    6.710   ( 79,  0)        0.116  0.00050   -2.672    0.301  0.84475  *
* 158)    6.710   (  0, 79)        0.116  0.00050   -2.672    0.301  0.84475  *
* 159)    7.238   ( 80,  0)        0.925  0.01654   -2.377    1.846  0.85600  *
* 160)    7.238   (  0, 80)        0.925  0.01654   -2.377    1.846  0.85600  *
* 161)    7.239   (  0, 81)       -0.210  0.00683   -2.235    1.192  0.85506  *
* 162)    7.239   ( 81,  0)       -0.210  0.00683   -2.235    1.192  0.85506  *
* 163)    7.604   ( 82,  0)        0.516  0.00925   -1.912    1.456  0.86129  *
* 164)    7.604   (  0, 82)        0.516  0.00925   -1.912    1.456  0.86129  *
* 165)    7.900   ( 83,  0)        0.150  0.00050   -1.484    0.352  0.86497  *
* 166)    7.900   (  0, 83)        0.150  0.00050   -1.484    0.352  0.86497  *
* 167)    8.241   ( 84,  0)       -0.037  0.00075   -1.147    0.451  0.86986  *
* 168)    8.241   (  0, 84)       -0.037  0.00075   -1.147    0.451  0.86986  *
* 169)    8.342   ( 85,  0)       -0.657  0.00096   -1.050    0.517  0.87125  *
* 170)    8.342   (  0, 85)       -0.657  0.00096   -1.050    0.517  0.87125  *
* 171)    8.592   ( 86,  0)       -0.559  0.01486   -1.039    2.079  0.87577  *
* 172)    8.592   (  0, 86)       -0.559  0.01486   -1.039    2.079  0.87577  *
* 173)    8.490   ( 87,  0)       -0.627  0.00096   -0.902    0.527  0.87321  *
* 174)    8.490   (  0, 87)       -0.627  0.00096   -0.902    0.527  0.87321  *
* 175)    8.634   ( 88,  0)       -0.161  0.00087   -0.756    0.509  0.87506  *
* 176)    8.634   (  0, 88)       -0.161  0.00087   -0.756    0.509  0.87506  *
* 177)    8.811   ( 89,  0)        0.027  0.00085   -0.580    0.513  0.87725  *
* 178)    8.811   (  0, 89)        0.027  0.00085   -0.580    0.513  0.87725  *
* 179)    8.949   ( 90,  0)        0.658  0.00400   -0.499    1.130  0.87919  *
* 180)    8.949   (  0, 90)        0.658  0.00400   -0.499    1.130  0.87919  *
* 183)    9.447   (  0, 92)        0.839  0.00045    0.062    0.403  0.88453  *
* 184)    9.447   ( 92,  0)        0.839  0.00045    0.062    0.403  0.88453  *
* 185)    9.472   ( 93,  0)        0.861  0.00081    0.081    0.540  0.88483  *
* 186)    9.472   (  0, 93)        0.861  0.00081    0.081    0.540  0.88483  *
* 187)    9.541   ( 94,  0)       -0.775  0.00072    0.151    0.512  0.88556  *
* 188)    9.541   (  0, 94)       -0.775  0.00072    0.151    0.512  0.88556  *
*                                                                             *
*1862)   TOTAL=  ( 931, 931)                                                  *
*                                                                             *
*******************************************************************************

*******************************************************************************
*                                                                             *
*  SINGLE-PARTICLE PROPERTIES: CANONICAL                           NEUTRONS   *
*                                                                             *
*******************************************************************************
*                                                                             *
*  NO)   ENERGY   (S=+,S=-)   | N,nz,lz,OMEz>   <P>    <JY>    <SY>   GFACT   *
*                                                                             *
*  47)  -11.887   ( 47,---)   | 4, 2, 2, 3/2>    79  -0.000   0.000  -0.526   *
*  48)  -11.433   ( 48,---)   | 4, 1, 1, 3/2>    34   0.000   0.000   0.043   *
*  49)  -11.162   ( 49,---)   |10, 9, 1, 1/2>    86  -0.088  -0.126   1.430   *
*  50)  -10.763   ( 50,---)   | 4, 1, 3, 7/2>    92   0.000   0.000   0.106   *
*  51)  -10.178   ( 51,---)   | 4, 1, 1, 1/2>    23   0.195  -0.016  -0.082   *
*  52)   -9.907   ( 52,---)   | 9, 7, 2, 3/2>   -88   0.000   0.000   0.409   *
*  53)   -9.690   ( 53,---)   | 4, 1, 3, 5/2>    17  -0.000  -0.000   0.060   *
*  54)   -9.545   ( 54,---)   | 9, 7, 0, 1/2>   -92  -0.656  -0.421   0.642   *
*  55)   -9.192   ( 55,---)   |10, 8, 2, 5/2>    87  -0.000  -0.000   2.282   *
*  56)   -9.184   ( 56,---)   | 3, 0, 1, 3/2>   -94   0.000  -0.000  -0.619   *
*  57)   -8.547   ( 57,---)   | 6, 2, 4, 9/2>    22   0.000   0.000   1.696   *
*  58)   -7.728   ( 58,---)   | 7, 5, 2, 3/2>   -87  -0.000   0.000  -3.710   *
*  59)   -7.567   ( 59,---)   | 3, 0, 1, 1/2>   -85   0.122  -0.062  -0.507   *
*  60)   -7.496   ( 60,---)   |10,10, 0, 1/2>    57  -1.705  -0.353   0.207   *
*  61)   -7.280   ( 61,---)   | 5, 2, 3, 7/2>   -94  -0.000  -0.000   0.093   *
*  62)   -6.713   ( 62,---)   | 3, 0, 3, 5/2>   -98  -0.000   0.000  -0.104   *
*  63)   -6.640   ( 63,---)   | 4, 1, 1, 3/2>    94   0.000   0.000   0.147   *
*  64)   -6.443   ( 64,---)   |11,10, 1, 1/2>   -76   0.005  -0.150 -3.E+01   *
*  65)   -5.820   ( 65,---)   | 5, 1, 4, 9/2>   -22  -0.000  -0.000   3.853   *
*  66)   -5.561   ( 66,---)   | 8, 5, 1, 1/2>    85  -0.339  -0.253   0.746   *
*  67)   -5.109   ( 67,---)   |10, 8, 2, 3/2>    76   0.000   0.000   0.029   *
*  68)   -4.784   ( 68,---)   | 7, 5, 2, 5/2>   -76  -0.000  -0.000   0.839   *
*  69)   -4.633   ( 69,---)   | 4, 1, 1, 1/2>    83   0.019  -0.218 -1.E+01   *
*  70)   -4.220   ( 70,---)   | 4, 1, 3, 5/2>    89  -0.000   0.000  -0.152   *
*  71)   -3.448   ( 71,---)   |10, 7, 3, 7/2>    80  -0.000  -0.000   0.062   *
*  72)   -3.010   ( 72,---)   | 8, 6, 2, 3/2>    68  -0.000   0.000  -0.130   *
*  73)   -2.521   ( 73,---)   | 5, 2, 1, 3/2>   -78   0.000  -0.000  -0.218   *
*  74)   -2.135   ( 74,---)   | 4, 0, 4, 9/2>    74  -0.000  -0.000   4.863   *
*  75)   -2.095   ( 75,---)   |11,11, 0, 1/2>   -54  -1.940  -0.351   0.181   *
*  76)   -2.045   ( 76,---)   | 7, 3, 2, 5/2>   -35  -0.000  -0.000   0.997   *
*  77)   -2.032   ( 77,---)   | 5, 1, 0, 1/2>   -16  -0.293  -0.485   1.654   *
*  78)   -1.243   ( 78,---)   |10, 9, 1, 1/2>    55  -0.088  -0.169   1.921   *
*  79)   -1.172   ( 79,---)   | 5, 1, 2, 5/2>   -53  -0.000  -0.000   0.573   *
*  80)   -1.163   ( 80,---)   | 5, 1, 2, 3/2>    -5   0.000   0.000   5.067   *
*  81)   -1.105   ( 81,---)   | 9, 5, 4, 9/2>   -62   0.000  -0.000 -1.E+02   *
*  82)   -1.013   ( 82,---)   | 9, 6, 1, 1/2>   -68   0.204  -0.092  -0.449   *
*  83)   -0.794   ( 83,---)   | 6, 2, 2, 5/2>    22  -0.000  -0.000   1.556   *
*  84)   -0.652   ( 84,---)   | 5, 1, 4, 7/2>    -8   0.000  -0.000  -2.611   *
*  85)   -0.303   ( 85,---)   |10, 8, 2, 5/2>    51  -0.000  -0.000   0.613   *
*  86)   -0.149   ( 86,---)   |11, 9, 2, 3/2>   -57   0.000   0.000   0.297   *
*                                                                             *
*******************************************************************************

*******************************************************************************
*                                                                             *
*  HFB PAIRING PROPERTIES                                           NEUTRONS  *
*                                                                             *
*  STRENGTH= 0.1026   GAP= 0.4977   FERMI ENERGY=-10.6094   ENERGY=  -2.4143  *
*                                                                             *
*******************************************************************************

*******************************************************************************
*                                                                             *
*  MULTIPOLE MOMENTS [UNITS:  (10 FERMI)^LAMBDA]                    NEUTRONS  *
*                                                                             *
*******************************************************************************
*                                                                             *
*  Q00 = 98.0000  .............  .............  .............  .............  *
*                                                                             *
*  Q10 =  0.1760  Q11 =    ZERO  .............  .............  .............  *
*                                                                             *
*  Q20 = 73.9573  Q21 =    ZERO  Q22 =-9.6E-08  .............  .............  *
*                                                                             *
*  Q30 =  2.4161  Q31 =    ZERO  Q32 =-3.8E-08  Q33 =    ZERO  .............  *
*                                                                             *
*  Q40 = 18.5649  Q41 =    ZERO  Q42 =-3.7E-08  Q43 =    ZERO  Q44 = 3.1E-07  *
*                                                                             *
*******************************************************************************

*******************************************************************************
*                                                                             *
*  ROOT-MEAN-SQUARE AND GEOMETRIC SIZES IN FERMIS                   NEUTRONS  *
*                                                                             *
*  R_RMS =  7.2774     X_RMS =  2.2529    Y_RMS =  2.2529    Z_RMS =  6.5428  *
*                                                                             *
*  R_GEO =  9.3950     X_GEO =  5.0376    Y_GEO =  5.0376    Z_GEO = 14.6302  *
*                                                                             *
*******************************************************************************

*******************************************************************************
*                                                                             *
*  BOHR DEFORMATIONS (FIRST-ORDER APPROXIMATION)                    NEUTRONS  *
*                                                                             *
*******************************************************************************
*                                                                             *
*  B10 =  0.0039  B11 =    ZERO  .............  .............  .............  *
*                                                                             *
*  B20 =  1.1295  B21 =    ZERO  B22 =-1.5E-09  .............  .............  *
*                                                                             *
*  B30 =  0.1245  B31 =    ZERO  B32 =-2.8E-09  B33 =    ZERO  .............  *
*                                                                             *
*  B40 =  1.0185  B41 =    ZERO  B42 =-2.9E-09  B43 =    ZERO  B44 = 2.4E-08  *
*                                                                             *
*******************************************************************************
*                                                                             *
*  BOHR DENSITY = 0.0282 FM^(-3)  BOHR RADIUS =   9.3950 FM                   *
*                                                                             *
*******************************************************************************

*******************************************************************************
*                                                                             *
*  SINGLE-QUASIPARTICLE PROPERTIES:                                 PROTONS   *
*                                                                             *
*******************************************************************************
*                                                                             *
*  NO)   ENERGY   (S=+,S=-)       PARITY   V2QUAP   EEQUIV   DEQUIV   V_CORR  *
*                                                                             *
*  39)    9.965   (  0, 20)        0.159  0.99323  -12.390    1.635  0.99954  *
*  40)    9.965   ( 20,  0)        0.159  0.99323  -12.390    1.635  0.99954  *
*  41)    9.670   (  0, 21)        0.139  0.99830  -12.197    0.797  0.99988  *
*  42)    9.670   ( 21,  0)        0.139  0.99830  -12.197    0.797  0.99988  *
*  43)    8.674   ( 22,  0)        0.934  0.99019  -11.064    1.710  0.99923  *
*  44)    8.674   (  0, 22)        0.934  0.99019  -11.064    1.710  0.99923  *
*  45)    8.393   (  0, 23)        0.875  0.99163  -10.813    1.530  0.99932  *
*  46)    8.393   ( 23,  0)        0.875  0.99163  -10.813    1.530  0.99932  *
*  47)    8.013   (  0, 24)       -0.794  0.98567  -10.344    1.905  0.99877  *
*  48)    8.013   ( 24,  0)       -0.794  0.98567  -10.344    1.905  0.99877  *
*  49)    7.673   (  0, 25)       -0.209  0.99834  -10.208    0.624  0.99985  *
*  50)    7.673   ( 25,  0)       -0.209  0.99834  -10.208    0.624  0.99985  *
*  51)    7.573   (  0, 26)       -0.107  0.99932  -10.123    0.396  0.99994  *
*  52)    7.573   ( 26,  0)       -0.107  0.99932  -10.123    0.396  0.99994  *
*  53)    6.467   ( 27,  0)        0.928  0.98924   -8.888    1.334  0.99882  *
*  54)    6.467   (  0, 27)        0.928  0.98924   -8.888    1.334  0.99882  *
*  55)    6.363   (  0, 28)       -0.916  0.98549   -8.739    1.522  0.99838  *
*  56)    6.363   ( 28,  0)       -0.916  0.98549   -8.739    1.522  0.99838  *
*  57)    5.035   ( 29,  0)        0.929  0.99627   -7.558    0.614  0.99945  *
*  58)    5.035   (  0, 29)        0.929  0.99627   -7.558    0.614  0.99945  *
*  59)    5.015   (  0, 30)        0.730  0.99105   -7.485    0.945  0.99868  *
*  60)    5.015   ( 30,  0)        0.730  0.99105   -7.485    0.945  0.99868  *
*  61)    4.616   (  0, 31)       -0.093  0.99431   -7.124    0.695  0.99907  *
*  62)    4.616   ( 31,  0)       -0.093  0.99431   -7.124    0.695  0.99907  *
*  63)    4.505   ( 32,  0)       -0.713  0.99662   -7.035    0.523  0.99943  *
*  64)    4.505   (  0, 32)       -0.713  0.99662   -7.035    0.523  0.99943  *
*  65)    3.563   ( 33,  0)        0.761  0.99562   -6.092    0.471  0.99900  *
*  66)    3.563   (  0, 33)        0.761  0.99562   -6.092    0.471  0.99900  *
*  67)    3.249   ( 34,  0)        0.968  0.99459   -5.774    0.476  0.99861  *
*  68)    3.249   (  0, 34)        0.968  0.99459   -5.774    0.476  0.99861  *
*  69)    2.985   ( 35,  0)       -0.866  0.99443   -5.512    0.444  0.99839  *
*  70)    2.985   (  0, 35)       -0.866  0.99443   -5.512    0.444  0.99839  *
*  71)    2.349   ( 36,  0)       -0.897  0.98639   -4.845    0.544  0.99445  *
*  72)    2.349   (  0, 36)       -0.897  0.98639   -4.845    0.544  0.99445  *
*  73)    1.993   (  0, 37)        0.098  0.99336   -4.527    0.324  0.99645  *
*  74)    1.993   ( 37,  0)        0.098  0.99336   -4.527    0.324  0.99645  *
*  75)    2.063   ( 38,  0)       -0.891  0.93834   -4.369    0.992  0.97111  *
*  76)    2.063   (  0, 38)       -0.891  0.93834   -4.369    0.992  0.97111  *
*  77)    0.823   (  0, 39)        0.836  0.91202   -3.238    0.466  0.79110  *
*  78)    0.823   ( 39,  0)        0.836  0.91202   -3.238    0.466  0.79110  *
*  79)    0.700   ( 40,  0)        0.002  0.76532   -2.932    0.593  0.63885  *
*  80)    0.700   (  0, 40)        0.002  0.76532   -2.932    0.593  0.63885  *
*  81)    0.477   (  0, 41)        0.867  0.27828   -2.349    0.427  0.44958  *
*  82)    0.477   ( 41,  0)        0.867  0.27828   -2.349    0.427  0.44958  *
*  83)    0.518   (  0, 42)       -0.877  0.25446   -2.306    0.451  0.47139  *
*  84)    0.518   ( 42,  0)       -0.877  0.25446   -2.306    0.451  0.47139  *
*  85)    0.691   (  0, 43)       -0.781  0.14255   -2.066    0.483  0.54194  *
*  86)    0.691   ( 43,  0)       -0.781  0.14255   -2.066    0.483  0.54194  *
*  87)    0.847   (  0, 44)       -0.074  0.15644   -1.978    0.615  0.59606  *
*  88)    0.847   ( 44,  0)       -0.074  0.15644   -1.978    0.615  0.59606  *
*  89)    1.010   (  0, 45)       -0.079  0.09692   -1.746    0.598  0.63329  *
*  90)    1.010   ( 45,  0)       -0.079  0.09692   -1.746    0.598  0.63329  *
*  91)    1.190   ( 46,  0)       -0.810  0.03136   -1.445    0.415  0.66403  *
*  92)    1.190   (  0, 46)       -0.810  0.03136   -1.445    0.415  0.66403  *
*  93)    1.389   (  0, 47)        0.530  0.02752   -1.248    0.454  0.69749  *
*  94)    1.389   ( 47,  0)        0.530  0.02752   -1.248    0.454  0.69749  *
*  95)    1.995   (  0, 48)        0.420  0.00683   -0.593    0.329  0.76618  *
*  96)    1.995   ( 48,  0)        0.420  0.00683   -0.593    0.329  0.76618  *
*  97)    2.327   (  0, 49)       -0.809  0.05963   -0.511    1.102  0.79882  *
*  98)    2.327   ( 49,  0)       -0.809  0.05963   -0.511    1.102  0.79882  *
*  99)    2.905   (  0, 50)        0.877  0.00574    0.311    0.439  0.82670  *
* 100)    2.905   ( 50,  0)        0.877  0.00574    0.311    0.439  0.82670  *
* 101)    3.147   ( 51,  0)        0.363  0.00193    0.574    0.276  0.83750  *
* 102)    3.147   (  0, 51)        0.363  0.00193    0.574    0.276  0.83750  *
* 103)    3.656   ( 52,  0)       -0.425  0.00423    1.065    0.474  0.85711  *
* 104)    3.656   (  0, 52)       -0.425  0.00423    1.065    0.474  0.85711  *
* 105)    3.729   ( 53,  0)        0.322  0.00183    1.155    0.319  0.85929  *
* 106)    3.729   (  0, 53)        0.322  0.00183    1.155    0.319  0.85929  *
* 107)    4.018   (  0, 54)       -0.033  0.00453    1.421    0.540  0.86833  *
* 108)    4.018   ( 54,  0)       -0.033  0.00453    1.421    0.540  0.86833  *
* 109)    4.391   ( 55,  0)        0.346  0.00311    1.804    0.489  0.87804  *
* 110)    4.391   (  0, 55)        0.346  0.00311    1.804    0.489  0.87804  *
* 111)    4.643   (  0, 56)        0.031  0.00457    2.041    0.626  0.88403  *
* 112)    4.643   ( 56,  0)        0.031  0.00457    2.041    0.626  0.88403  *
* 113)    4.913   ( 57,  0)        0.018  0.00656    2.288    0.793  0.88985  *
* 114)    4.913   (  0, 57)        0.018  0.00656    2.288    0.793  0.88985  *
* 115)    5.554   ( 58,  0)        0.169  0.00405    2.949    0.705  0.90114  *
* 116)    5.554   (  0, 58)        0.169  0.00405    2.949    0.705  0.90114  *
* 117)    6.028   ( 59,  0)        0.187  0.00217    3.442    0.561  0.90806  *
* 118)    6.028   (  0, 59)        0.187  0.00217    3.442    0.561  0.90806  *
* 119)    6.148   (  0, 60)       -0.568  0.00207    3.563    0.558  0.90969  *
* 120)    6.148   ( 60,  0)       -0.568  0.00207    3.563    0.558  0.90969  *
* 121)    6.329   ( 61,  0)       -0.902  0.01420    3.589    1.498  0.91289  *
* 122)    6.329   (  0, 61)       -0.902  0.01420    3.589    1.498  0.91289  *
* 123)    6.188   ( 62,  0)        0.126  0.00224    3.600    0.586  0.91023  *
* 124)    6.188   (  0, 62)        0.126  0.00224    3.600    0.586  0.91023  *
* 125)    6.973   (  0, 63)        0.679  0.00933    4.282    1.341  0.91999  *
* 126)    6.973   ( 63,  0)        0.679  0.00933    4.282    1.341  0.91999  *
* 127)    7.054   ( 64,  0)        0.783  0.00076    4.483    0.389  0.92028  *
* 128)    7.054   (  0, 64)        0.783  0.00076    4.483    0.389  0.92028  *
* 129)    7.945   ( 65,  0)       -0.564  0.01457    5.153    1.904  0.92940  *
* 130)    7.945   (  0, 65)       -0.564  0.01457    5.153    1.904  0.92940  *
* 131)    7.967   (  0, 66)       -0.183  0.00033    5.401    0.289  0.92874  *
* 132)    7.967   ( 66,  0)       -0.183  0.00033    5.401    0.289  0.92874  *
* 133)    8.220   ( 67,  0)        0.787  0.00840    5.522    1.501  0.93125  *
* 134)    8.220   (  0, 67)        0.787  0.00840    5.522    1.501  0.93125  *
* 135)    8.535   (  0, 68)        0.857  0.00931    5.816    1.639  0.93367  *
* 136)    8.535   ( 68,  0)        0.857  0.00931    5.816    1.639  0.93367  *
* 137)    8.825   ( 69,  0)        0.622  0.00092    6.248    0.535  0.93525  *
* 138)    8.825   (  0, 69)        0.622  0.00092    6.248    0.535  0.93525  *
* 139)    8.963   (  0, 70)        0.816  0.00099    6.385    0.564  0.93619  *
* 140)    8.963   ( 70,  0)        0.816  0.00099    6.385    0.564  0.93619  *
* 141)    9.749   (  0, 71)        0.038  0.00070    7.175    0.514  0.94102  *
* 142)    9.749   ( 71,  0)        0.038  0.00070    7.175    0.514  0.94102  *
* 143)    9.782   ( 72,  0)        0.788  0.00055    7.211    0.458  0.94119  *
* 144)    9.782   (  0, 72)        0.788  0.00055    7.211    0.458  0.94119  *
*                                                                             *
*1492)   TOTAL=  ( 746, 746)                                                  *
*                                                                             *
*******************************************************************************

*******************************************************************************
*                                                                             *
*  SINGLE-PARTICLE PROPERTIES: CANONICAL                            PROTONS   *
*                                                                             *
*******************************************************************************
*                                                                             *
*  NO)   ENERGY   (S=+,S=-)   | N,nz,lz,OMEz>   <P>    <JY>    <SY>   GFACT   *
*                                                                             *
*  23)  -11.196   ( 23,---)   | 2, 0, 2, 5/2>    97  -0.000  -0.000   0.342   *
*  24)  -10.669   ( 24,---)   | 4, 3, 1, 3/2>    60   0.000   0.000   0.268   *
*  25)  -10.441   ( 25,---)   | 4, 2, 0, 1/2>    -1  -0.602  -0.484   0.804   *
*  26)   -9.645   ( 26,---)   | 4, 3, 1, 1/2>    13  -0.462  -0.267   0.578   *
*  27)   -9.397   ( 27,---)   | 8, 7, 1, 1/2>    37  -0.661  -0.258   0.391   *
*  28)   -8.395   ( 28,---)   | 3, 1, 2, 5/2>   -64   0.000  -0.000  -0.183   *
*  29)   -7.616   ( 29,---)   | 2, 0, 0, 1/2>    90  -0.525  -0.472   0.898   *
*  30)   -7.557   ( 30,---)   | 2, 0, 2, 3/2>    62  -0.000   0.000  -0.224   *
*  31)   -7.478   ( 31,---)   | 9, 8, 1, 3/2>   -37   0.000  -0.000  -0.235   *
*  32)   -7.117   ( 32,---)   | 5, 2, 3, 7/2>   -25  -0.000  -0.000   0.024   *
*  33)   -6.588   ( 33,---)   |10,10, 0, 1/2>    42  -1.436  -0.402   0.280   *
*  34)   -6.336   ( 34,---)   | 4, 2, 2, 5/2>    66  -0.000  -0.000   0.485   *
*  35)   -5.683   ( 35,---)   | 7, 5, 0, 1/2>   -88  -0.613  -0.396   0.646   *
*  36)   -4.895   ( 36,---)   | 3, 1, 2, 3/2>   -94   0.000   0.000   3.255   *
*  37)   -4.593   ( 37,---)   | 9, 8, 1, 1/2>   -89   0.033  -0.167  -5.019   *
*  38)   -4.546   ( 38,---)   | 6, 3, 3, 7/2>    25  -0.000  -0.000   0.038   *
*  39)   -3.247   ( 39,---)   | 6, 5, 1, 3/2>    85   0.000   0.000   0.391   *
*  40)   -2.927   ( 40,---)   | 5, 2, 1, 3/2>    -4   0.000  -0.000  -0.140   *
*  41)   -2.284   ( 41,---)   | 8, 6, 0, 1/2>    64  -0.423  -0.291   0.689   *
*  42)   -2.204   ( 42,---)   | 5, 2, 3, 5/2>   -35  -0.000  -0.000   0.144   *
*  43)   -2.068   ( 43,---)   | 9, 7, 2, 5/2>   -66  -0.000  -0.000   1.376   *
*  44)   -2.042   ( 44,---)   | 3, 0, 3, 7/2>   -73  -0.000  -0.000   0.049   *
*  45)   -1.783   ( 45,---)   | 5, 2, 1, 1/2>    20   0.030  -0.177  -5.932   *
*  46)   -1.406   ( 46,---)   |11,11, 0, 1/2>   -76  -1.700  -0.400   0.235   *
*  47)   -1.149   ( 47,---)   | 4, 2, 2, 3/2>    90  -0.000   0.000  -0.890   *
*  48)   -0.173   ( 48,---)   |10, 9, 1, 1/2>    88   0.267  -0.121  -0.453   *
*  49)   -0.008   ( 49,---)   | 6, 3, 1, 3/2>   -25   0.000   0.000   0.385   *
*                                                                             *
*******************************************************************************

*******************************************************************************
*                                                                             *
*  HFB PAIRING PROPERTIES                                            PROTONS  *
*                                                                             *
*  STRENGTH= 0.0823   GAP=-0.4469   FERMI ENERGY= -3.1717   ENERGY=  -2.4256  *
*                                                                             *
*******************************************************************************

*******************************************************************************
*                                                                             *
*  MULTIPOLE MOMENTS [UNITS:  (10 FERMI)^LAMBDA]                     PROTONS  *
*                                                                             *
*******************************************************************************
*                                                                             *
*  Q00 = 78.0000  .............  .............  .............  .............  *
*                                                                             *
*  Q10 =  1.1484  Q11 =    ZERO  .............  .............  .............  *
*                                                                             *
*  Q20 = 61.1823  Q21 =    ZERO  Q22 =-8.0E-08  .............  .............  *
*                                                                             *
*  Q30 =  2.2255  Q31 =    ZERO  Q32 =-2.8E-08  Q33 =    ZERO  .............  *
*                                                                             *
*  Q40 = 15.6619  Q41 =    ZERO  Q42 =-3.4E-08  Q43 =    ZERO  Q44 = 4.3E-07  *
*                                                                             *
*******************************************************************************

*******************************************************************************
*                                                                             *
*  ROOT-MEAN-SQUARE AND GEOMETRIC SIZES IN FERMIS                    PROTONS  *
*                                                                             *
*  R_RMS =  7.3285     X_RMS =  2.1975    Y_RMS =  2.1975    Z_RMS =  6.6369  *
*                                                                             *
*  R_GEO =  9.4610     X_GEO =  4.9138    Y_GEO =  4.9138    Z_GEO = 14.8406  *
*                                                                             *
*******************************************************************************

*******************************************************************************
*                                                                             *
*  BOHR DEFORMATIONS (FIRST-ORDER APPROXIMATION)                     PROTONS  *
*                                                                             *
*******************************************************************************
*                                                                             *
*  B10 =  0.0319  B11 =    ZERO  .............  .............  .............  *
*                                                                             *
*  B20 =  1.1577  B21 =    ZERO  B22 =-1.5E-09  .............  .............  *
*                                                                             *
*  B30 =  0.1411  B31 =    ZERO  B32 =-2.5E-09  B33 =    ZERO  .............  *
*                                                                             *
*  B40 =  1.0497  B41 =    ZERO  B42 =-3.2E-09  B43 =    ZERO  B44 = 4.1E-08  *
*                                                                             *
*******************************************************************************
*                                                                             *
*  BOHR DENSITY = 0.0220 FM^(-3)  BOHR RADIUS =   9.4610 FM                   *
*                                                                             *
*******************************************************************************

*******************************************************************************
*                                                                             *
*                  DENSITY INTEGRALS IN THE SKYRME FUNCTIONAL                 *
*                                                                             *
*******************************************************************************
*                                                                             *
*                   TOTAL(T)        SUM(S)      ISOSCALAR(P)  ISOVECTOR(M)    *
*                   --------        ------      ------------  ------------    *
*    DRHO_ =       19.070279      9.641605         19.070279      0.212931    *
*    DRHOD =        8.639511      4.366734          8.639511      0.093956    *
*    DLPR_ =       -4.435533     -2.236421         -4.435533     -0.037310    *
*    DTAU_ =       16.101276      8.200722         16.101276      0.300168    *
*    DSCU_ =        0.146186      0.078726          0.146186      0.011265    *
*    DDIV_ =        0.968054      0.489773          0.968054      0.011491    *
*                                                                             *
*    DSPI_ =        0.000000      0.000000          0.000000      0.000000    *
*    DSPID =        0.000000      0.000000          0.000000      0.000000    *
*    DLPS_ =        0.000000      0.000000          0.000000      0.000000    *
*    DCUR_ =        0.000000      0.000000          0.000000      0.000000    *
*    DKIS_ =        0.000000      0.000000          0.000000      0.000000    *
*    DROT_ =        0.000000      0.000000          0.000000      0.000000    *
*                                                                             *
*******************************************************************************

*******************************************************************************
*                                                                             *
*               CONTRIBUTIONS TO ENERGY IN THE SKYRME FUNCTIONAL              *
*                                                                             *
*******************************************************************************
*                                                                             *
*                 TOTAL(T)        SUM(S)        ISOSCALAR(P)  ISOVECTOR(M)    *
*                 --------        ------        ------------  ------------    *
*    ERHO_ =   -17049.974816   5190.226123     -11917.060781     57.312088    *
*    ERHOD =     8710.473259  -2215.523003       6518.785166    -23.834910    *
*    ELPR_ =     -436.169492    643.798988        202.259242      5.370253    *
*    ETAU_ =      533.854916   -395.861442        145.238255     -7.244781    *
*    ESCU_ =        0.000000      0.000000          0.000000      0.000000    *
*    EDIV_ =      -21.329944    -50.850691        -71.584087     -0.596548    *
*               ============  ============      ============  ============    *
*    SUM EVEN:  -8263.146077   3171.789975      -5122.362204     31.006102    *
*                                                                             *
*    ESPI_ =        0.000000      0.000000          0.000000      0.000000    *
*    ESPID =        0.000000      0.000000          0.000000      0.000000    *
*    ELPS_ =        0.000000      0.000000          0.000000      0.000000    *
*    ECUR_ =        0.000000      0.000000          0.000000      0.000000    *
*    EKIS_ =        0.000000      0.000000          0.000000      0.000000    *
*    EROT_ =        0.000000      0.000000          0.000000      0.000000    *
*               ============  ============      ============  ============    *
*    SUM  ODD:      0.000000      0.000000          0.000000      0.000000    *
*                                                                             *
*******************************************************************************
 
*******************************************************************************
*                                                                             *
*  CENTER-OF-MASS COORDINATES IN FERMIS                                TOTAL  *
*                                                                             *
*  R_CMS =  0.0752     X_CMS = -0.0000    Y_CMS =  0.0000    Z_CMS =  0.0752  *
*                                                                             *
*******************************************************************************

*******************************************************************************
*                                                                             *
*  MULTIPOLE MOMENTS [UNITS:  (10 FERMI)^LAMBDA] [CENT-MASS FRAME]  NEUTRONS  *
*                                                                             *
*******************************************************************************
*                                                                             *
*  Q00 = 98.0000  .............  .............  .............  .............  *
*                                                                             *
*  Q10 = -0.5615  Q11 =    ZERO  .............  .............  .............  *
*                                                                             *
*  Q20 = 73.9631  Q21 =    ZERO  Q22 =-9.6E-08  .............  .............  *
*                                                                             *
*  Q30 =  1.7931  Q31 =    ZERO  Q32 =-3.8E-08  Q33 =    ZERO  .............  *
*                                                                             *
*  Q40 = 18.4930  Q41 =    ZERO  Q42 =-3.6E-08  Q43 =    ZERO  Q44 = 3.1E-07  *
*                                                                             *
*******************************************************************************

*******************************************************************************
*                                                                             *
*  BOHR DEFORMATIONS (FIRST-ORDER APPROXIMATION) [CENT-MASS FRAME]  NEUTRONS  *
*                                                                             *
*******************************************************************************
*                                                                             *
*  B10 = -0.0125  B11 =    ZERO  .............  .............  .............  *
*                                                                             *
*  B20 =  1.1346  B21 =    ZERO  B22 =-1.5E-09  .............  .............  *
*                                                                             *
*  B30 =  0.0930  B31 =    ZERO  B32 =-2.8E-09  B33 =    ZERO  .............  *
*                                                                             *
*  B40 =  1.0236  B41 =    ZERO  B42 =-2.8E-09  B43 =    ZERO  B44 = 2.4E-08  *
*                                                                             *
*******************************************************************************
*                                                                             *
*  BOHR DENSITY = 0.0284 FM^(-3)  BOHR RADIUS =   9.3742 FM                   *
*                                                                             *
*******************************************************************************

*******************************************************************************
*                                                                             *
*  MULTIPOLE MOMENTS [UNITS:  (10 FERMI)^LAMBDA] [CENT-MASS FRAME]   PROTONS  *
*                                                                             *
*******************************************************************************
*                                                                             *
*  Q00 = 78.0000  .............  .............  .............  .............  *
*                                                                             *
*  Q10 =  0.5615  Q11 =    ZERO  .............  .............  .............  *
*                                                                             *
*  Q20 = 61.1565  Q21 =    ZERO  Q22 =-8.0E-08  .............  .............  *
*                                                                             *
*  Q30 =  1.7102  Q31 =    ZERO  Q32 =-2.8E-08  Q33 =    ZERO  .............  *
*                                                                             *
*  Q40 = 15.5948  Q41 =    ZERO  Q42 =-3.3E-08  Q43 =    ZERO  Q44 = 4.3E-07  *
*                                                                             *
*******************************************************************************

*******************************************************************************
*                                                                             *
*  BOHR DEFORMATIONS (FIRST-ORDER APPROXIMATION) [CENT-MASS FRAME]   PROTONS  *
*                                                                             *
*******************************************************************************
*                                                                             *
*  B10 =  0.0159  B11 =    ZERO  .............  .............  .............  *
*                                                                             *
*  B20 =  1.2004  B21 =    ZERO  B22 =-1.6E-09  .............  .............  *
*                                                                             *
*  B30 =  0.1146  B31 =    ZERO  B32 =-2.7E-09  B33 =    ZERO  .............  *
*                                                                             *
*  B40 =  1.1247  B41 =    ZERO  B42 =-3.4E-09  B43 =    ZERO  B44 = 4.4E-08  *
*                                                                             *
*******************************************************************************
*                                                                             *
*  BOHR DENSITY = 0.0232 FM^(-3)  BOHR RADIUS =   9.2892 FM                   *
*                                                                             *
*******************************************************************************

*******************************************************************************
*                                                                             *
*  EULER ANGLES OF THE PRINCIPAL-AXES FRAME IN DEGREES                 TOTAL  *
*                                                                             *
*  ALPHA =270.00000  BETA =  0.00000  GAMMA =  0.00000                        *
*                                                                             *
*******************************************************************************

*******************************************************************************
*                                                                             *
*  ROOT-MEAN-SQUARE AND GEOMETRIC SIZES IN FERMIS                      TOTAL  *
*                                                                             *
*  R_RMS =  7.3001     X_RMS =  2.2285    Y_RMS =  2.2285    Z_RMS =  6.5847  *
*                                                                             *
*  R_GEO =  9.4243     X_GEO =  4.9831    Y_GEO =  4.9831    Z_GEO = 14.7238  *
*                                                                             *
*******************************************************************************

*******************************************************************************
*                                                                             *
*  MULTIPOLE MOMENTS [UNITS:  (10 FERMI)^LAMBDA]                       TOTAL  *
*                                                                             *
*******************************************************************************
*                                                                             *
*  Q00 =176.0000  .............  .............  .............  .............  *
*                                                                             *
*  Q10 =  1.3244  Q11 =    ZERO  .............  .............  .............  *
*                                                                             *
*  Q20 =135.1396  Q21 =    ZERO  Q22 =-1.8E-07  .............  .............  *
*                                                                             *
*  Q30 =  4.6416  Q31 =    ZERO  Q32 =-6.7E-08  Q33 =    ZERO  .............  *
*                                                                             *
*  Q40 = 34.2268  Q41 =    ZERO  Q42 =-7.1E-08  Q43 =    ZERO  Q44 = 7.4E-07  *
*                                                                             *
*******************************************************************************

*******************************************************************************
*                                                                             *
*  BOHR DEFORMATIONS (FIRST-ORDER APPROXIMATION)                       TOTAL  *
*                                                                             *
*******************************************************************************
*                                                                             *
*  B10 =  0.0163  B11 =    ZERO  .............  .............  .............  *
*                                                                             *
*  B20 =  1.1421  B21 =    ZERO  B22 =-1.5E-09  .............  .............  *
*                                                                             *
*  B30 =  0.1320  B31 =    ZERO  B32 =-2.7E-09  B33 =    ZERO  .............  *
*                                                                             *
*  B40 =  1.0326  B41 =    ZERO  B42 =-3.0E-09  B43 =    ZERO  B44 = 3.2E-08  *
*                                                                             *
*******************************************************************************
*                                                                             *
*  BOHR DENSITY = 0.0502 FM^(-3)  BOHR RADIUS =   9.4243 FM                   *
*                                                                             *
*******************************************************************************

*******************************************************************************
*                                                                             *
*  MULTIPOLE MOMENTS [UNITS:  (10 FERMI)^LAMBDA] [CENT-MASS FRAME]     TOTAL  *
*                                                                             *
*******************************************************************************
*                                                                             *
*  Q00 =176.0000  .............  .............  .............  .............  *
*                                                                             *
*  Q10 =    ZERO  Q11 =    ZERO  .............  .............  .............  *
*                                                                             *
*  Q20 =135.1197  Q21 =    ZERO  Q22 =-1.8E-07  .............  .............  *
*                                                                             *
*  Q30 =  3.5033  Q31 =    ZERO  Q32 =-6.6E-08  Q33 =    ZERO  .............  *
*                                                                             *
*  Q40 = 34.0878  Q41 =    ZERO  Q42 =-6.9E-08  Q43 =    ZERO  Q44 = 7.4E-07  *
*                                                                             *
*******************************************************************************

*******************************************************************************
*                                                                             *
*  BOHR DEFORMATIONS (FIRST-ORDER APPROXIMATION) [CENT-MASS FRAME]     TOTAL  *
*                                                                             *
*******************************************************************************
*                                                                             *
*  B10 =    ZERO  B11 =    ZERO  .............  .............  .............  *
*                                                                             *
*  B20 =  1.1635  B21 =    ZERO  B22 =-1.5E-09  .............  .............  *
*                                                                             *
*  B30 =  0.1024  B31 =    ZERO  B32 =-2.7E-09  B33 =    ZERO  .............  *
*                                                                             *
*  B40 =  1.0675  B41 =    ZERO  B42 =-3.1E-09  B43 =    ZERO  B44 = 3.3E-08  *
*                                                                             *
*******************************************************************************
*                                                                             *
*  BOHR DENSITY = 0.0516 FM^(-3)  BOHR RADIUS =   9.3368 FM                   *
*                                                                             *
*******************************************************************************

*******************************************************************************
*                                                                             *
*  MULTIPOLE MOMENTS [UNITS:  (10 FERMI)^LAMBDA] [INTRINSIC FRAME]     TOTAL  *
*                                                                             *
*  REAL PART  FOR A NON-NEGATIVE PROJECTION                                   *
*  IMAGINARY PART FOR A NEGATIVE PROJECTION                                   *
*                                                                             *
*******************************************************************************
*                                                                             *
*  Q00 =176.0000  .............  .............  .............  .............  *
*                 .............  .............  .............  .............  *
*                                                                             *
*  Q10 =    ZERO  Q1+1=    ZERO  .............  .............  .............  *
*                 Q1-1=    ZERO  .............  .............  .............  *
*                                                                             *
*  Q20 =135.1197  Q2+1=    ZERO  Q2+2= 1.8E-07  .............  .............  *
*                 Q2-1=    ZERO  Q2-2=    ZERO  .............  .............  *
*                                                                             *
*  Q30 =  3.5033  Q3+1=    ZERO  Q3+2= 6.6E-08  Q3+3=    ZERO  .............  *
*                 Q3-1=    ZERO  Q3-2=    ZERO  Q3-3=    ZERO  .............  *
*                                                                             *
*  Q40 = 34.0878  Q4+1=    ZERO  Q4+2= 6.9E-08  Q4+3=    ZERO  Q4+4= 7.4E-07  *
*                 Q4-1=    ZERO  Q4-2=    ZERO  Q4-3=    ZERO  Q4-4=    ZERO  *
*                                                                             *
*******************************************************************************

*******************************************************************************
*                                                                             *
*  BOHR DEFORMATIONS (FIRST-ORDER APPROXIMATION) [INTRINSIC FRAME]     TOTAL  *
*                                                                             *
*  REAL PART  FOR A NON-NEGATIVE PROJECTION                                   *
*  IMAGINARY PART FOR A NEGATIVE PROJECTION                                   *
*                                                                             *
*******************************************************************************
*                                                                             *
*  B10 =    ZERO  B1+1=    ZERO  .............  .............  .............  *
*                 B1-1=    ZERO  .............  .............  .............  *
*                                                                             *
*  B20 =  1.1635  B2+1=    ZERO  B2+2= 1.5E-09  .............  .............  *
*                 B2-1=    ZERO  B2-2=    ZERO  .............  .............  *
*                                                                             *
*  B30 =  0.1024  B3+1=    ZERO  B3+2= 2.7E-09  B3+3=    ZERO  .............  *
*                 B3-1=    ZERO  B3-2=    ZERO  B3-3=    ZERO  .............  *
*                                                                             *
*  B40 =  1.0675  B4+1=    ZERO  B4+2= 3.1E-09  B4+3=    ZERO  B4+4= 3.3E-08  *
*                 B4-1=    ZERO  B4-2=    ZERO  B4-3=    ZERO  B4-4=    ZERO  *
*                                                                             *
*******************************************************************************
*                                                                             *
*  BOHR DENSITY = 0.0516 FM^(-3)  BOHR RADIUS =   9.3368 FM                   *
*                                                                             *
*******************************************************************************

*******************************************************************************
*                                                                             *
*                                ENERGIES (MEV)                               *
*                                                                             *
*******************************************************************************
*                                                                             *
*  KINETIC: (NEU)=  1807.921565    (PRO)=  1285.637833    (TOT)=  3093.559398 *
*  SUM EPS: (NEU)= -2153.191980    (PRO)= -1082.346528    (TOT)= -3235.538509 *
*  PAIRING: (NEU)=    -2.414260    (PRO)=    -2.425579    (TOT)=    -4.839839 *
*  P-REARR: (NEU)=     0.644042    (PRO)=     0.675097    (TOT)=     1.319139 *
*                                                                             *
*  PAIRGAP: (NEU)=     0.497712    (PRO)=    -0.446859    THIS SPACE IS EMPTY *
*  E-FERMI: (NEU)=   -10.609441    (PRO)=    -3.171670    AND AWAITS  YOUR AD *
*                                                                             *
*  COULOMB: (DIR)=   673.619804    (EXC)=   -29.529641    (TOT)=   644.090162 *
*                                                                             *
*  CONSTR. (MULT)=   184.338172    SLOPE=   200.668499    CORR.=  -100.334249 *
*  CONSTR. (SURF)=     0.000000    SLOPE=     0.000000    CORR.=     0.000000 *
*  CONSTR. (SPIN)=     0.000000    SLOPE=     0.000000    CORR.=     0.000000 *
*  CONSTR. (ISOS)=     0.000000    SLOPE=     0.000000    CORR.=     0.000000 *
*                                                                             *
*  REARRANGEMENT ENERGY FROM THE SKYRME DENSITY-DEPENDENT TERMS=  1222.935202 *
*  ROUTHIAN= TOTAL ENERGY + MULTIPOLE AND (ISO)SPIN CONSTRAINTS= -1174.208209 *
*                                                                             *
*  SPIN-ORB (EVE)=   -72.180635    (ODD)=     0.000000    (TOT)=   -72.180635 *
*  SKYRME:  (EVE)= -5091.356102    (ODD)=     0.000000    (TOT)= -5091.356102 *
*                                                                             *
*  TOTAL:  (STAB)=   148.953682     (SP)= -1209.592700    (FUN)= -1358.546381 *
*                                                                             *
*******************************************************************************

*******************************************************************************
*                                                                             *
*  ITERATION RESTARTED FROM THE DISC, THE FOLLOWING FILE(S) READ:             *
*  ./restart/HFODD_00000044.REC                                        VER=19 *
*                                                                             *
*******************************************************************************
*                                                                             *
* CONVERGENCE REPORT                                                          *
*                                                                             *
*******************************************************************************
*                                                                             *
* ITER     ENERGY     STABILITY    Q_2    GAMMA   SPIN  OMEGA   ANGLE   EPAIR *
*                                                                             *
* 1541 -1358.546381  148.953682 135.120    0.00   0.00  0.000   0.000   -4.84 *
* 1542 -1158.420629  241.061462 226.969    0.00   0.00  0.000   0.000   -1.78 *
* 1543 -1172.636058  104.368700 218.373    0.00   0.00  0.000   0.000   -4.98 *
* 1544 -1188.118112  161.175687 220.377    0.00   0.00  0.000   0.000   -7.11 *
* 1545 -1185.380182  146.539260 220.148    0.00   0.00  0.000   0.000   -6.61 *
* 1546 -1186.403564  144.274084 220.108    0.00   0.00  0.000   0.000   -6.75 *
* 1547 -1187.713602  135.553851 219.869    0.00   0.00  0.000   0.000   -6.91 *
* 1548 -1189.138944  149.928101 219.198    0.00   0.00  0.000   0.000   -7.34 *
* 1549 -1187.208358  107.698869 219.303    0.00   0.00  0.000   0.000   -6.93 *
* 1550 -1191.658948  109.354086 215.348    0.00   0.00  0.000   0.000   -7.99 *
* 1551 -1196.382327  119.086547 213.806    0.00   0.00  0.000   0.000   -7.49 *
* 1552 -1197.285476   -1.49E+03 212.876    0.00   0.00  0.000   0.000   -7.04 *
* 1553 -1279.009706 -414.551590 135.188    0.00   0.00  0.000   0.000  -84.19 *
* 1554  -795.743171  413.083996 243.707    0.00   0.00  0.000   0.000  -36.08 *
* 1555  -911.347996    1.19E+03 262.610    0.00   0.00  0.000   0.000  -25.54 *
* 1556  -833.216840  790.811140 239.149    0.00   0.00  0.000   0.000   -3.06 *
* 1557  -881.980183  165.592524 251.157    0.00   0.00  0.000   0.000   -9.43 *
* 1558 -1155.622856    1.31E+03 261.299    0.00   0.00  0.000   0.000  -28.15 *
* 1559  -851.688169    1.12E+03 233.822    0.00   0.00  0.000   0.000   -6.36 *
* 1560  -791.157197  881.508831 236.052    0.00   0.00  0.000   0.000  -10.34 *
* 1561  -842.647478  684.972007 237.671    0.00   0.00  0.000   0.000  -14.55 *
* 1562  -852.215134  689.028202 241.919    0.00   0.00  0.000   0.000  -17.86 *
* 1563  -878.337102    4.06E+03 261.827    0.00   0.00  0.000   0.000  -10.61 *
* 1564   147.267584   -7.46E+03  85.478    0.00   0.00  0.000   0.000   -4.68 *
* 1565  -922.424661   -7.16E+03 214.651    0.00   0.00  0.000   0.000 -434.47 *
* 1566  1573.205765   -9.95E+03  14.828    0.00   0.00  0.000   0.000   -0.40 *
* 1567  2258.823089   -5.96E+04 101.624    0.00   0.00  0.000   0.000  -18.70 *
* 1568 10231.992985    3.28E+04  21.425   60.00   0.00  0.000   0.000  -64.22 *

 //////////////////// MAXIMUM NUMBER OF ITERATIONS       ////////////////////
 //////////////////// EXCEEDED IN QUABCS                 ////////////////////

*******************************************************************************
*                                                                             *
*  PROCESSOR   EXECUTION  TIMES IN SUBROUTINES                                *
*  INCLUDING THEIR COMPLETE DOWN-CALLING TREES                                *
*                                                                             *
*******************************************************************************
*                                                                             *
*    10073 => HFODD    5612 => DENSHF   1858 => DIAMAT   1689 => HFBSIM       *
*                                                                             *
*     1173 => QMULCM    626 => PAIMAC    409 => CANQUA    202 => RECORD       *
*                                                                             *
*      147 => AVEQUA     66 => INTEGH     59 => INTSOR     57 => INTEGD       *
*                                                                             *
*       54 => DENMAC     30 => MOMETS     29 => DOBROY     29 => INTMUL       *
*                                                                             *
*       21 => SKFILD     20 => BEGINC     14 => ROTAVR     13 => INTMAS       *
*                                                                             *
*       13 => LINAVR     11 => COUMAT     10 => INTCOU      7 => SPAVER       *
*                                                                             *
*        7 => INTCEN      5 => AVOBSE      3 => NILASP      3 => SKPAIR       *
*                                                                             *
*        2 => POWALL      2 => AVANGY      0 => INTKIN      0 => AVPARI       *
*                                                                             *
*        0 => QUABCS      0 => SHICOE      0 => AVSIMP      0 => PAXMOM       *
*                                                                             *
*        0 => MOMVMU      0 => SHIMAG      0 => MAGMOM      0 => MOMSIF       *
*                                                                             *
*        0 => SPIMOM      0 => SHIMOM      0 => SHISIF                        *
*                                                                             *
*******************************************************************************
*                                                                             *
*  NUMBERS OF CALLS TO SUBROUTINES                                            *
*                                                                             *
*******************************************************************************
*                                                                             *
*     1283 => BEGINC   1070 => INTMUL    342 => INTSOR    141 => DIAMAT       *
*                                                                             *
*      114 => INTMAS    114 => INTCEN    113 => INTKIN    112 => AVEQUA       *
*                                                                             *
*       84 => PAXMOM     57 => INTEGH     57 => INTEGD     57 => HFBSIM       *
*                                                                             *
*       57 => QUABCS     56 => CANQUA     56 => AVPARI     56 => DENSHF       *
*                                                                             *
*       56 => DENMAC     56 => PAIMAC     56 => MOMETS     56 => MOMSIF       *
*                                                                             *
*       56 => MOMVMU     56 => MAGMOM     56 => SPIMOM     56 => LINAVR       *
*                                                                             *
*       56 => ROTAVR     56 => SHICOE     29 => RECORD     29 => COUMAT       *
*                                                                             *
*       29 => INTCOU     28 => QMULCM     28 => SKFILD     28 => SKPAIR       *
*                                                                             *
*       28 => DOBROY     28 => SHIMOM     28 => SHISIF     28 => SHIMAG       *
*                                                                             *
*       14 => SPAVER      2 => AVANGY      2 => AVOBSE      2 => AVSIMP       *
*                                                                             *
*        2 => NILASP      1 => HFODD       1 => POWALL                        *
*                                                                             *
*******************************************************************************
*                                                                             *
*  EXECUTION ENDS ON 2016.09.06 AT 13:54:05.689                               *
*                                                                             *
*******************************************************************************
