*******************************************************************************
*                                                                             *
*                     P A R A L L E L    M O D E L                            *
*                                                                             *
*  SIMPLE MPI FRAMEWORK (1 COMMUNICATOR)    :  1 MPI PROCESS per HFODD TASK   *
*  MULTI-THREADING FRAMEWORK WITH OPENMP   :  4 THREADS per HFODD MPI PROCESS *
*                                                                             *
*******************************************************************************
*                                                                             *
*                        __  __ _____  ___   ____   ____                      *
*                       / / / // ___/.' _ \ / __ \ / __ \                     *
*                      / /_/ // /_  / / / // / / // / / /                     *
*                     / __  // __/ / / / // / / // / / /                      *
*                    / / / // /   / /_/ // /_/ // /_/ /                       *
*                   /_/ /_//_/    \___.'/____.'/____.'                        *
*                                                                             *
*                                                                             *
*******************************************************************************
*                                                                             *
*             SKYRME-HARTREE-FOCK-BOGOLYUBOV CODE VERSION: 2.77B              *
*                                                                             *
*              NO SYMMETRY-PLANES AND NO TIME-REVERSAL SYMMETRY               *
*                                                                             *
*                DEFORMED CARTESIAN HARMONIC-OSCILLATOR BASIS                 *
*                                                                             *
*******************************************************************************
*                                                                             *
*             J. DOBACZEWSKI, P. BACZYK, B.G. CARLSSON, J. DUDEK              *
*                 J. ENGEL, Y. GAO, M. KONIECZKA, T. LESINSKI                 *
*                 J. MCDONNELL, P. OLBRATOWSKI, P. POWALOWSKI                 *
*                  M. SADZIAK, J. SARICH, K. SATO, W. SATULA                  *
*             N. SCHUNCK,  J.A. SHEIKH, A. STASZCZAK, M. STOITSOV             *
*             P. TOIVANEN, X.B. WANG, M. ZALEWSKI AND H. ZDUNCZUK             *
*                                                                             *
*                   INSTYTUT FIZYKI TEORETYCZNEJ, WARSZAWA                    *
*                 LAWRENCE LIVERMORE NATIONAL LABORATORY, USA                 *
*                                                                             *
*                                  1993-2016                                  *
*                                                                             *
*******************************************************************************

*******************************************************************************
*                                                                             *
*  CODE COMPILED WITH THE FOLLOWING ARRAY DIMENSIONS AND SWITCHES:            *
*                                                                             *
*******************************************************************************
*                                                                             *
*  NDBASE = 1200  NDSTAT = 1200  NDXHRM =   40  NDYHRM =   40  NDZHRM =   64  *
*                                                                             *
*  NDMAIN =   30  NDMULT =    9  NDMULR =    4  NDLAMB =    9  NDITER = 5000  *
*                                                                             *
*  NDAKNO =    1  NDBKNO =    1  NDPROI =    2  NDCOUL =   80  NDPOLS =   25  *
*                                                                             *
*  NDATKN =   20  NDBTKN =   10  NDPROT =    1  NDPROD =    3                 *
*                                                                             *
*  IPARAL =    0  IPARAT =    0  I_CRAY =    0                                *
*                                                                             *
*                                                                             *
*  PRE-PROCESSOR OPTIONS:                                                     *
*                                                                             *
*       switch_port = 1     switch_diag = 3     switch_essl = 0               *
*                                                                             *
*                           switch_quad = 0     switch_vect = 1               *
*                                                                             *
*******************************************************************************
*                                                                             *
*  EXECUTION BEGINS ON 2016.08.26 AT 12:04:24.557                             *
*                                                                             *
*******************************************************************************
 
*******************************************************************************
*                                                                             *
*  CLASSICAL NUCLEAR SURFACE DEFINED FOR:                    N = 98   Z = 78  *
*                                                                             *
*******************************************************************************
*                                                                             *
*  AL10 =   ZERO  AL11 =   ZERO  .............  .............  .............  *
*                                                                             *
*  AL20 =  0.350  AL21 =   ZERO  AL22 =   ZERO  .............  .............  *
*                                                                             *
*******************************************************************************
*                                                                             *
*                                           HOMEGA=  8.3390  FCHOM0=  1.1398  *
*                                                                             *
*  OSCILLATOR FREQUENCIES: HBAROX=  9.2939  HBAROY=  9.2939  HBAROZ=  6.7135  *
*                                                                             *
*  MOMENTS OF INERTIA:     XMOMFC= 94.7314  YMOMFC= 94.7314  ZMOMFC= 64.9635  *
*                                                                             *
*  CENTERS OF MASS:        CMSXFC= -0.0000  CMSYFC= -0.0000  CMSZFC= -0.0000  *
*                                                                             *
*******************************************************************************

*******************************************************************************
*                                                                             *
*                           SKYRME FORCE DEFINITION                           *
*                                                                             *
*******************************************************************************
*                                                                             *
* PARAMETER SET HFB1:  T0= -1666.41  T1=   255.23  T2=  1521.28  T3= 12072.51 *
*                                                                             *
* POWER=0.37658031358  X0=  0.14608  X1= -4.82248  X2= -1.35211  X3=  0.00432 *
*                                                                             *
* IETA: J=0  W=1 CM=3  M=1  P=1  T=0 HBM= 20.73553 W0=  44.0677 W0P= 207.6502 *
*                                                                             *
*******************************************************************************

*******************************************************************************
*                                                                             *
*              COUPLING CONSTANTS DEFINING THE SKYRME FUNCTIONAL              *
*                                                                             *
*******************************************************************************
*                                                                             *
*                   TOTAL(T)        SUM(S)      ISOSCALAR(P)  ISOVECTOR(M)    *
*                   --------        ------      ------------  ------------    *
*    CRHO_ =     -894.060074    538.315575       -624.902286    269.157788    *
*    CRHOD =     1008.213640   -507.363897        754.531691   -253.681949    *
*    CLPR_ =       98.335311   -287.870148        -45.599763   -143.935074    *
*    CTAU_ =       33.156062    -48.271535          9.020295    -24.135768    *
*    CSCU_ =        0.000000      0.000000          0.000000      0.000000    *
*    CDIV_ =      -22.033840   -103.825096        -73.946388    -51.912548    *
*                                                                             *
*    CSPI_ =      -60.857026    416.601524        147.443736    208.300762    *
*    CSPID =        2.171385   -503.021127       -249.339179   -251.510564    *
*    CLPS_ =       51.110395     71.467295         86.844042     35.733647    *
*    CCUR_ =      -33.156062     48.271535         -9.020295     24.135768    *
*    CKIS_ =        0.000000      0.000000          0.000000      0.000000    *
*    CROT_ =      -22.033840   -103.825096        -73.946388    -51.912548    *
*                                                                             *
*******************************************************************************

*******************************************************************************
*                                                                             *
*                          NUCLEAR MATTER PROPERTIES                          *
*                                                                             *
*******************************************************************************
*                                                                             *
*     E = -15.8000  rho0 =   0.15625   K =  244.6682   Ms =    0.9364         *
*                   asym =  28.66820   L =   40.1091   Mv =    1.2498         *
*                                                                             *
*******************************************************************************

*******************************************************************************
*                                                                             *
*  PHYSICAL CONSTANTS:     H_BARC=197.32891000           HBCOE2=137.03602000  *
*                                                                             *
*                          XMASSN=938.90590000           XMASSP=938.27231000  *
*                                                                             *
*                          HBMASS= 20.73553000           HBMRPA= 20.73553000  *
*                                                                             *
*                          ECHAR2=  1.43997841           COULEX= -1.06350868  *
*                                                                             *
*******************************************************************************
*                                                                             *
*  OSCILLATOR LENGTHS:     X= 2.1124216      Y= 2.1124216       Z= 2.4854497  *
*                                                                             *
*  OSCILLATOR CONSTANTS:   X= 0.4733903      Y= 0.4733903       Z= 0.4023417  *
*                                                                             *
*  OSCILLATOR FREQUENCIES: X= 9.2939035      Y= 9.2939035       Z= 6.7135064  *
*                                                                             *
*******************************************************************************
*                                                                             *
*  BASIS CUT-OFF CONTROL PARAMETERS:  NXMAXX = 15  NYMAXX = 15  NZMAXX =  21  *
*                                                                             *
*                                     NXHERM = 36  NYHERM = 36  NZHERM =  60  *
*                                                                             *
*                                     NLIMIT=1140  LDBASE=1152  MCOUNT=29791  *
*                                                                             *
*                                     ENECUT= 800.0000      ELIMIT= 158.7727  *
*                                                                             *
*******************************************************************************

*******************************************************************************
*                                                                             *
*   SHAPE OF THE OSCILLATOR-BASIS DIAMOND    (THREE CONSECUTIVE PROJECTIONS)  *
*                                                                             *
*******************************************************************************
*                                                                             *
*        NX ===>>>  0  1  2  3  4  5  6  7  8  9 10 11 12 13 14 15            *
*        MAX.NY => 15 14 13 12 11 10  9  8  7  6  5  4  3  2  1  0            *
*                 ------------------------------------------------            *
*   NY= 0  (15)  | 21 20 18 17 16 14 13 12 10  9  7  6  5  3  2  1            *
*   NY= 1  (14)  | 20 18 17 16 14 13 12 10  9  7  6  5  3  2  1               *
*   NY= 2  (13)  | 18 17 16 14 13 12 10  9  7  6  5  3  2  1                  *
*   NY= 3  (12)  | 17 16 14 13 12 10  9  7  6  5  3  2  1                     *
*   NY= 4  (11)  | 16 14 13 12 10  9  7  6  5  3  2  1                        *
*   NY= 5  (10)  | 14 13 12 10  9  7  6  5  3  2  1                           *
*   NY= 6  ( 9)  | 13 12 10  9  7  6  5  3  2  1                              *
*   NY= 7  ( 8)  | 12 10  9  7  6  5  3  2  1                                 *
*   NY= 8  ( 7)  | 10  9  7  6  5  3  2  1                                    *
*   NY= 9  ( 6)  |  9  7  6  5  3  2  1                                       *
*   NY=10  ( 5)  |  7  6  5  3  2  1                                          *
*   NY=11  ( 4)  |  6  5  3  2  1                                             *
*   NY=12  ( 3)  |  5  3  2  1                                                *
*   NY=13  ( 2)  |  3  2  1                                                   *
*   NY=14  ( 1)  |  2  1                                                      *
*   NY=15  ( 0)  |  1                                                         *
*                                                                             *
*                                                                             *
*        NZ ===>>>  0  1  2  3  4  5  6  7  8  9 10 11 12 13 14 15 16 17 18   *
*        MAX.NY => 15 15 14 13 12 12 11 10  9  9  8  7  7  6  5  4  4  3  2   *
*                 ---------------------------------------------------------   *
*   NY= 0  (21)  | 15 15 14 13 12 12 11 10  9  9  8  7  7  6  5  4  4  3  2   *
*   NY= 1  (20)  | 14 14 13 12 11 11 10  9  8  8  7  6  6  5  4  3  3  2  1   *
*   NY= 2  (18)  | 13 13 12 11 10 10  9  8  7  7  6  5  5  4  3  2  2  1  0   *
*   NY= 3  (17)  | 12 12 11 10  9  9  8  7  6  6  5  4  4  3  2  1  1  0      *
*   NY= 4  (16)  | 11 11 10  9  8  8  7  6  5  5  4  3  3  2  1  0  0         *
*   NY= 5  (14)  | 10 10  9  8  7  7  6  5  4  4  3  2  2  1  0               *
*   NY= 6  (13)  |  9  9  8  7  6  6  5  4  3  3  2  1  1  0                  *
*   NY= 7  (12)  |  8  8  7  6  5  5  4  3  2  2  1  0  0                     *
*   NY= 8  (10)  |  7  7  6  5  4  4  3  2  1  1  0                           *
*   NY= 9  ( 9)  |  6  6  5  4  3  3  2  1  0  0                              *
*   NY=10  ( 7)  |  5  5  4  3  2  2  1  0                                    *
*   NY=11  ( 6)  |  4  4  3  2  1  1  0                                       *
*   NY=12  ( 5)  |  3  3  2  1  0  0                                          *
*   NY=13  ( 3)  |  2  2  1  0                                                *
*   NY=14  ( 2)  |  1  1  0                                                   *
*   NY=15  ( 1)  |  0  0                                                      *
*                                                                             *
*                                                                             *
*        NZ ===>>>  0  1  2  3  4  5  6  7  8  9 10 11 12 13 14 15 16 17 18   *
*        MAX.NX => 15 15 14 13 12 12 11 10  9  9  8  7  7  6  5  4  4  3  2   *
*                 ---------------------------------------------------------   *
*   NX= 0  (21)  | 15 15 14 13 12 12 11 10  9  9  8  7  7  6  5  4  4  3  2   *
*   NX= 1  (20)  | 14 14 13 12 11 11 10  9  8  8  7  6  6  5  4  3  3  2  1   *
*   NX= 2  (18)  | 13 13 12 11 10 10  9  8  7  7  6  5  5  4  3  2  2  1  0   *
*   NX= 3  (17)  | 12 12 11 10  9  9  8  7  6  6  5  4  4  3  2  1  1  0      *
*   NX= 4  (16)  | 11 11 10  9  8  8  7  6  5  5  4  3  3  2  1  0  0         *
*   NX= 5  (14)  | 10 10  9  8  7  7  6  5  4  4  3  2  2  1  0               *
*   NX= 6  (13)  |  9  9  8  7  6  6  5  4  3  3  2  1  1  0                  *
*   NX= 7  (12)  |  8  8  7  6  5  5  4  3  2  2  1  0  0                     *
*   NX= 8  (10)  |  7  7  6  5  4  4  3  2  1  1  0                           *
*   NX= 9  ( 9)  |  6  6  5  4  3  3  2  1  0  0                              *
*   NX=10  ( 7)  |  5  5  4  3  2  2  1  0                                    *
*   NX=11  ( 6)  |  4  4  3  2  1  1  0                                       *
*   NX=12  ( 5)  |  3  3  2  1  0  0                                          *
*   NX=13  ( 3)  |  2  2  1  0                                                *
*   NX=14  ( 2)  |  1  1  0                                                   *
*   NX=15  ( 1)  |  0  0                                                      *
*                                                                             *
*******************************************************************************

*******************************************************************************
*                                                                             *
* NUCLIDE: N =  98  Z =  78  NUMBER OF ITERATIONS = 1000   CONTINUATION? = 1  *
*                                                                             *
*******************************************************************************
*                                                                             *
* ITERATIONS WILL STOP WHEN THE STABILITY BECOMES LOWER THAN EPSITE=0.300000  *
*                                            FOR    5 CONSECUTIVE ITERATIONS  *
*                                                                             *
*******************************************************************************
*                                                                             *
* ITERATIONS WILL STOP WHEN THE PING-PONG DIVERGENCE OCCURS FOR EPSPNG=0.010  *
*                                DURING    5 PAIRS OF CONSECUTIVE ITERATIONS  *
*                                                                             *
*******************************************************************************
*                                                                             *
* ITERATIONS WILL STOP FOR CHAOTIC-DIVERGENCE CONDITION OCCURING   20  TIMES  *
*                                                                             *
*******************************************************************************
*                                                                             *
* SLOW-DOWN PARAMETERS:                                                       *
* TIME-EVEN = 0.85   TIME-ODD = 0.85   PAIRING = 0.85   LIPKIN-NOGAMI = 0.85  *
*                    LIP-MASS = 0.50   LIP-MOI = 0.50   LIPKIN-METHOD = 0.50  *
*                                                                             *
*******************************************************************************
*                                                                             *
* BROYDEN METHOD IS:  ON                                                      *
*                                                                             *
*    TRIGGERED ONLY WHEN STABILITY IS LOWER THAN :  1000.000 MEV              *
*    INITIAL SLOWING FACTOR (BEFORE TRIGGER)     :     0.85 (=SLOWEV)         *
*    BROYDEN SLOWING FACTOR (AFTER  TRIGGER)     :     0.40 (=1-ALPHAM)       *
*    NUMBER OF ITERATIONS RETAINED IN MEMORY     :    10                      *
*                                                                             *
*******************************************************************************
*                                                                             *
* DIRECT COULOMB TERMS SOLVED BY GREEN FUNCTION AND FOURIER TRANSFORM METHOD  *
* COULOMB PARAMETERS:  NUMCOU = 80  NUMETA = 79  BOUCOU = 20.0  FURMAX =0.25  *
*                                                                             *
*******************************************************************************
*                                                                             *
* EXCHANGE COULOMB TERMS TREATED BY THE SLATER APPROXIMATION                  *
*                                                                             *
*******************************************************************************
*                                                                             *
* MAXIMUM NUMBERS OF MULTIPOLE MOMENTS USED FOR THE CONSTRAINTS,    NMUCON=4  *
*                                           FOR THE COULOMB FIELD,  NMUCOU=4  *
*                                           FOR THE OUTPUT INFO,    NMUPRI=4  *
*                                                                             *
*******************************************************************************
*                                                                             *
* MULTIPOLE CONSTRAINTS: LAMBDA= 2  MIU= 0  MOMENT= 49.000  STIFFNESS= 0.500  *
*                        LAMBDA= 3  MIU= 0  MOMENT= 10.000  STIFFNESS= 0.500  *
*                                                                             *
*******************************************************************************
*                                                                             *
* LINEAR MULTIPOLE CONSTRAINTS: LAMBDA= 2  MIU= 0  LAGRANGE PAR. USED= 0.000  *
*                               LAMBDA= 3  MIU= 0  LAGRANGE PAR. USED= 0.000  *
*                                                                             *
*******************************************************************************
*                                                                             *
* THE LAGRANGE PARAMETERS OF THE LINEAR CONSTRAINTS ARE RE-ADJUSTED AT EACH   *
* ITERATION BY USING THE CRANKING APPROXIMATION OF THE RPA MATRIX             *
*                                                                             *
*******************************************************************************
*                                                                             *
* PRINTING THE RESULTS FOR THE FOLLOWING ITERATIONS:         THE  FIRST: YES  *
*                                                            THE MIDDLE:  NO  *
*                                                     AND/OR THE   LAST: YES  *
*                                                                             *
*******************************************************************************
*                                                                             *
* PRINTING THE MOMENTS, RADII, AND DEFORMATIONS FOR:           NEUTRONS: YES  *
*                                                              PROTONS : YES  *
*                                                              MASS    : YES  *
*                                                                             *
*******************************************************************************
*                                                                             *
* PRINTING THE MOMENTS, MOMENTA AND DEFORMATIONS IN THE INTRINSIC FRAME: YES  *
*                                                                             *
*******************************************************************************
*                                                                             *
* NILSSON LABELS OF SINGLE-PARTICLE STATES SHOWN WITH RESPECT TO THE: Z-AXIS  *
*                                                                             *
*******************************************************************************
*                                                                             *
* CALCULATIONS WITH THE HFB PAIRING CORRELATIONS                              *
*                                                                             *
*******************************************************************************
*                                                                             *
* CONTACT PAIRING INTERACTION:     V0        V1       RHO-SAT      POWER      *
*                    NEUTRONS:  -234.380   732.438     0.320     1.0000000    *
*                     PROTONS:  -260.437   813.866     0.320     1.0000000    *
*                                                                             *
*******************************************************************************
*                                                                             *
* CUTOFF ENERGY DEFINING THE ACTIVE HFB PAIRING SPACE=      60.000            *
*                                                                             *
*******************************************************************************
*                                                                             *
* CALCULATIONS WITH SIMPLEX SYMMETRY                                          *
*                                                                             *
*******************************************************************************
*                                                                             *
* CALCULATIONS WITH TIME-ODD SYMMETRIES:        T*SIMPLEX_X =>     CONSERVED  *
*                                               T*SIMPLEX_Y =>     CONSERVED  *
*                                               T*SIMPLEX_Z => NON CONSERVED  *
*                                                                             *
*******************************************************************************
*                                                                             *
* CALCULATIONS WITHOUT ROTATION                                               *
*                                                                             *
*******************************************************************************

*******************************************************************************
*                                                                             *
*  CALLING SUBROUTINE "RECORD" TO READ THE REPLAY FILE OBTAINED PREVIOUSLY    *
*  ./restart/HFODD_00000060.REC                                               *
*                                                                             *
*******************************************************************************

*******************************************************************************
*                                                                             *
*  SINGLE-QUASIPARTICLE PROPERTIES:                                NEUTRONS   *
*                                                                             *
*******************************************************************************
*                                                                             *
*  NO)   ENERGY   (S=+,S=-)       PARITY   V2QUAP   EEQUIV   DEQUIV   V_CORR  *
*                                                                             *
*  49)    9.987   (  0, 25)       -0.758  0.99932  -19.848    0.521  1.00001  *
*  50)    9.987   ( 25,  0)       -0.758  0.99932  -19.848    0.521  1.00001  *
*  51)    9.856   ( 26,  0)        0.229  0.99866  -19.703    0.721  1.00001  *
*  52)    9.856   (  0, 26)        0.229  0.99866  -19.703    0.721  1.00001  *
*  53)    9.106   (  0, 27)        0.827  0.99926  -18.966    0.497  1.00001  *
*  54)    9.106   ( 27,  0)        0.827  0.99926  -18.966    0.497  1.00001  *
*  55)    8.565   (  0, 28)        0.553  0.99835  -18.410    0.695  1.00002  *
*  56)    8.565   ( 28,  0)        0.553  0.99835  -18.410    0.695  1.00002  *
*  57)    8.141   (  0, 29)        0.814  0.99900  -17.998    0.516  1.00001  *
*  58)    8.141   ( 29,  0)        0.814  0.99900  -17.998    0.516  1.00001  *
*  59)    7.700   ( 30,  0)        0.854  0.99901  -17.559    0.485  1.00001  *
*  60)    7.700   (  0, 30)        0.854  0.99901  -17.559    0.485  1.00001  *
*  61)    7.550   ( 31,  0)        0.277  0.99898  -17.408    0.482  1.00001  *
*  62)    7.550   (  0, 31)        0.277  0.99898  -17.408    0.482  1.00001  *
*  63)    7.139   ( 32,  0)       -0.391  0.99861  -16.993    0.531  1.00002  *
*  64)    7.139   (  0, 32)       -0.391  0.99861  -16.993    0.531  1.00002  *
*  65)    5.536   (  0, 33)        0.209  0.99739  -15.381    0.564  1.00005  *
*  66)    5.536   ( 33,  0)        0.209  0.99739  -15.381    0.564  1.00005  *
*  67)    5.906   ( 34,  0)       -0.155  0.96071  -15.316    2.295  1.00067  *
*  68)    5.906   (  0, 34)       -0.155  0.96071  -15.316    2.295  1.00067  *
*  69)    4.655   (  0, 35)        0.710  0.99785  -14.509    0.431  1.00005  *
*  70)    4.655   ( 35,  0)        0.710  0.99785  -14.509    0.431  1.00005  *
*  71)    4.131   ( 36,  0)        0.457  0.99740  -13.984    0.421  1.00006  *
*  72)    4.131   (  0, 36)        0.457  0.99740  -13.984    0.421  1.00006  *
*  73)    4.080   (  0, 37)       -0.102  0.99708  -13.930    0.440  1.00007  *
*  74)    4.080   ( 37,  0)       -0.102  0.99708  -13.930    0.440  1.00007  *
*  75)    3.956   ( 38,  0)       -0.633  0.99656  -13.803    0.463  1.00009  *
*  76)    3.956   (  0, 38)       -0.633  0.99656  -13.803    0.463  1.00009  *
*  77)    3.239   (  0, 39)       -0.066  0.99549  -13.084    0.434  1.00014  *
*  78)    3.239   ( 39,  0)       -0.066  0.99549  -13.084    0.434  1.00014  *
*  79)    3.075   (  0, 40)        0.739  0.99515  -12.920    0.427  1.00015  *
*  80)    3.075   ( 40,  0)        0.739  0.99515  -12.920    0.427  1.00015  *
*  81)    2.832   ( 41,  0)       -0.331  0.99326  -12.668    0.463  1.00023  *
*  82)    2.832   (  0, 41)       -0.331  0.99326  -12.668    0.463  1.00023  *
*  83)    2.572   ( 42,  0)        0.567  0.99241  -12.407    0.447  1.00029  *
*  84)    2.572   (  0, 42)        0.567  0.99241  -12.407    0.447  1.00029  *
*  85)    1.925   (  0, 43)       -0.175  0.98726  -11.750    0.432  1.00063  *
*  86)    1.925   ( 43,  0)       -0.175  0.98726  -11.750    0.432  1.00063  *
*  87)    1.901   (  0, 44)       -0.023  0.98701  -11.725    0.430  1.00065  *
*  88)    1.901   ( 44,  0)       -0.023  0.98701  -11.725    0.430  1.00065  *
*  89)    1.476   (  0, 45)       -0.748  0.97894  -11.288    0.424  1.00133  *
*  90)    1.476   ( 45,  0)       -0.748  0.97894  -11.288    0.424  1.00133  *
*  91)    1.237   ( 46,  0)        0.662  0.97363  -11.046    0.397  1.00195  *
*  92)    1.237   (  0, 46)        0.662  0.97363  -11.046    0.397  1.00195  *
*  93)    1.209   (  0, 47)        0.742  0.97417  -11.020    0.383  1.00195  *
*  94)    1.209   ( 47,  0)        0.742  0.97417  -11.020    0.383  1.00195  *
*  95)    0.471   (  0, 48)       -0.825  0.63041   -9.997    0.455  1.07030  *
*  96)    0.471   ( 48,  0)       -0.825  0.63041   -9.997    0.455  1.07030  *
*  97)    0.460   ( 49,  0)       -0.093  0.51787   -9.890    0.460  1.09891  *
*  98)    0.460   (  0, 49)       -0.093  0.51787   -9.890    0.460  1.09891  *
*  99)    0.445   ( 50,  0)       -0.287  0.51178   -9.884    0.444  1.10362  *
* 100)    0.445   (  0, 50)       -0.287  0.51178   -9.884    0.444  1.10362  *
* 101)    1.347   ( 51,  0)        0.620  0.02768   -8.602    0.442  1.07974  *
* 102)    1.347   (  0, 51)        0.620  0.02768   -8.602    0.442  1.07974  *
* 103)    1.513   (  0, 52)       -0.758  0.02058   -8.424    0.430  1.07102  *
* 104)    1.513   ( 52,  0)       -0.758  0.02058   -8.424    0.430  1.07102  *
* 105)    1.587   ( 53,  0)        0.320  0.01749   -8.342    0.416  1.06771  *
* 106)    1.587   (  0, 53)        0.320  0.01749   -8.342    0.416  1.06771  *
* 107)    1.607   ( 54,  0)       -0.625  0.01640   -8.320    0.408  1.06693  *
* 108)    1.607   (  0, 54)       -0.625  0.01640   -8.320    0.408  1.06693  *
* 109)    2.325   ( 55,  0)       -0.391  0.00807   -7.586    0.416  1.04576  *
* 110)    2.325   (  0, 55)       -0.391  0.00807   -7.586    0.416  1.04576  *
* 111)    2.975   (  0, 56)       -0.087  0.00515   -6.930    0.426  1.03553  *
* 112)    2.975   ( 56,  0)       -0.087  0.00515   -6.930    0.426  1.03553  *
* 113)    2.980   ( 57,  0)        0.180  0.00551   -6.927    0.441  1.03546  *
* 114)    2.980   (  0, 57)        0.180  0.00551   -6.927    0.441  1.03546  *
* 115)    3.692   ( 58,  0)        0.259  0.00321   -6.206    0.418  1.02850  *
* 116)    3.692   (  0, 58)        0.259  0.00321   -6.206    0.418  1.02850  *
* 117)    4.159   ( 59,  0)        0.186  0.00224   -5.734    0.394  1.02524  *
* 118)    4.159   (  0, 59)        0.186  0.00224   -5.734    0.394  1.02524  *
* 119)    4.542   (  0, 60)        0.805  0.00228   -5.353    0.434  1.02307  *
* 120)    4.542   ( 60,  0)        0.805  0.00228   -5.353    0.434  1.02307  *
* 121)    4.610   (  0, 61)       -0.628  0.00186   -5.281    0.397  1.02273  *
* 122)    4.610   ( 61,  0)       -0.628  0.00186   -5.281    0.397  1.02273  *
* 123)    4.788   (  0, 62)        0.012  0.00189   -5.104    0.416  1.02186  *
* 124)    4.788   ( 62,  0)        0.012  0.00189   -5.104    0.416  1.02186  *
* 125)    4.880   ( 63,  0)       -0.474  0.00133   -5.007    0.355  1.02146  *
* 126)    4.880   (  0, 63)       -0.474  0.00133   -5.007    0.355  1.02146  *
* 127)    5.101   (  0, 64)       -0.770  0.00155   -4.789    0.402  1.02050  *
* 128)    5.101   ( 64,  0)       -0.770  0.00155   -4.789    0.402  1.02050  *
* 129)    6.017   (  0, 65)       -0.226  0.03898   -4.326    2.329  1.01665  *
* 130)    6.017   ( 65,  0)       -0.226  0.03898   -4.326    2.329  1.01665  *
* 131)    5.792   ( 66,  0)       -0.013  0.00199   -4.105    0.516  1.01800  *
* 132)    5.792   (  0, 66)       -0.013  0.00199   -4.105    0.516  1.01800  *
* 133)    6.586   (  0, 67)       -0.568  0.00066   -3.296    0.339  1.01582  *
* 134)    6.586   ( 67,  0)       -0.568  0.00066   -3.296    0.339  1.01582  *
* 135)    6.683   (  0, 68)       -0.682  0.00110   -3.205    0.443  1.01558  *
* 136)    6.683   ( 68,  0)       -0.682  0.00110   -3.205    0.443  1.01558  *
* 137)    6.746   (  0, 69)       -0.255  0.00075   -3.138    0.369  1.01544  *
* 138)    6.746   ( 69,  0)       -0.255  0.00075   -3.138    0.369  1.01544  *
* 139)    6.755   ( 70,  0)        0.637  0.00093   -3.131    0.412  1.01541  *
* 140)    6.755   (  0, 70)        0.637  0.00093   -3.131    0.412  1.01541  *
* 141)    6.777   ( 71,  0)       -0.334  0.00096   -3.110    0.420  1.01536  *
* 142)    6.777   (  0, 71)       -0.334  0.00096   -3.110    0.420  1.01536  *
* 143)    6.810   (  0, 72)       -0.178  0.00095   -3.077    0.419  1.01529  *
* 144)    6.810   ( 72,  0)       -0.178  0.00095   -3.077    0.419  1.01529  *
* 145)    7.036   ( 73,  0)       -0.250  0.00083   -2.850    0.406  1.01479  *
* 146)    7.036   (  0, 73)       -0.250  0.00083   -2.850    0.406  1.01479  *
* 147)    7.365   (  0, 74)        0.135  0.00072   -2.520    0.394  1.01412  *
* 148)    7.365   ( 74,  0)        0.135  0.00072   -2.520    0.394  1.01412  *
* 149)    7.543   ( 75,  0)        0.239  0.00085   -2.344    0.439  1.01378  *
* 150)    7.543   (  0, 75)        0.239  0.00085   -2.344    0.439  1.01378  *
* 151)    7.963   ( 76,  0)        0.776  0.00077   -1.923    0.443  1.01305  *
* 152)    7.963   (  0, 76)        0.776  0.00077   -1.923    0.443  1.01305  *
* 153)    8.189   ( 77,  0)        0.509  0.00135   -1.707    0.601  1.01267  *
* 154)    8.189   (  0, 77)        0.509  0.00135   -1.707    0.601  1.01267  *
* 155)    8.843   ( 78,  0)        0.203  0.00055   -1.041    0.413  1.01174  *
* 156)    8.843   (  0, 78)        0.203  0.00055   -1.041    0.413  1.01174  *
* 157)    9.042   (  0, 79)        0.317  0.00077   -0.846    0.501  1.01147  *
* 158)    9.042   ( 79,  0)        0.317  0.00077   -0.846    0.501  1.01147  *
* 159)    9.254   ( 80,  0)       -0.337  0.00058   -0.631    0.444  1.01121  *
* 160)    9.254   (  0, 80)       -0.337  0.00058   -0.631    0.444  1.01121  *
*                                                                             *
*1598)   TOTAL=  ( 799, 799)                                                  *
*                                                                             *
*******************************************************************************

*******************************************************************************
*                                                                             *
*  SINGLE-PARTICLE PROPERTIES: CANONICAL                           NEUTRONS   *
*                                                                             *
*******************************************************************************
*                                                                             *
*  NO)   ENERGY   (S=+,S=-)   | N,nz,lz,OMEz>   <P>    <JY>    <SY>   GFACT   *
*                                                                             *
*  43)  -11.763   ( 43,---)   | 5, 4, 1, 1/2>   -21  -0.570  -0.191   0.335   *
*  44)  -11.734   ( 44,---)   | 6, 4, 2, 5/2>    -5  -0.000  -0.000   2.361   *
*  45)  -11.288   ( 45,---)   | 5, 1, 4, 9/2>   -75   0.000   0.000   0.034   *
*  46)  -11.051   ( 46,---)   | 4, 0, 2, 3/2>    66   0.002   0.000   0.001   *
*  47)  -11.025   ( 47,---)   | 4, 0, 0, 1/2>    73  -0.276  -0.478   1.731   *
*  48)   -9.997   ( 48,---)   | 5, 0, 5,11/2>   -82   0.000  -0.000  -0.000   *
*  49)   -9.891   ( 49,---)   | 5, 5, 0, 1/2>    -8  -0.806  -0.323   0.401   *
*  50)   -9.885   ( 50,---)   | 5, 2, 1, 3/2>   -28  -0.009  -0.001   0.151   *
*  51)   -8.588   ( 51,---)   | 6, 3, 3, 7/2>    62  -0.000  -0.000   0.098   *
*  52)   -8.402   ( 52,---)   | 5, 2, 3, 5/2>   -77   0.000  -0.000  -1.410   *
*  53)   -8.308   ( 53,---)   | 5, 2, 1, 3/2>    12   0.000   0.000   1.108   *
*  54)   -8.277   ( 54,---)   | 5, 2, 1, 1/2>   -62  -0.662  -0.150   0.227   *
*  55)   -7.517   ( 55,---)   | 5, 3, 0, 1/2>   -35  -0.046  -0.347   7.579   *
*  56)   -6.843   ( 56,---)   | 6, 5, 1, 3/2>   -13   0.001  -0.000  -0.020   *
*  57)   -6.801   ( 57,---)   | 5, 1, 2, 5/2>   -16  -0.001   0.000  -0.013   *
*  58)   -6.007   ( 58,---)   | 6, 3, 1, 1/2>    21  -1.169  -0.235   0.201   *
*  59)   -5.566   ( 59,---)   | 5, 1, 2, 5/2>    -7  -0.000  -0.000   1.415   *
*  60)   -5.212   ( 60,---)   | 6, 2, 4, 9/2>    71   0.000   0.000   0.766   *
*  61)   -4.984   ( 61,---)   | 5, 1, 4, 7/2>   -59   0.000  -0.000  -0.071   *
*  62)   -4.621   ( 62,---)   | 6, 3, 1, 3/2>     5   0.000   0.000   0.986   *
*  63)   -4.525   ( 63,---)   | 5, 0, 3, 7/2>   -74  -0.000   0.000  -0.033   *
*  64)   -4.098   ( 64,---)   | 5, 1, 0, 1/2>    -7   0.187  -0.310  -1.655   *
*  65)   -3.865   ( 65,---)   | 5, 1, 0, 1/2>   -32  -1.101  -0.392   0.356   *
*  66)   -3.748   ( 66,---)   | 5, 1, 2, 3/2>   -43   0.000   0.000   1.454   *
*  67)   -2.911   ( 67,---)   | 5, 0, 5, 9/2>   -65   0.000  -0.000  -0.090   *
*  68)   -2.815   ( 68,---)   | 6, 1, 5,11/2>    58   0.000   0.000   0.065   *
*  69)   -2.770   ( 69,---)   | 7, 4, 3, 7/2>   -25  -0.000  -0.000   0.074   *
*  70)   -2.477   ( 70,---)   | 6, 3, 3, 5/2>    33   0.000  -0.000  -0.090   *
*  71)   -2.356   ( 71,---)   | 7, 4, 1, 3/2>   -28  -0.000   0.000  -0.894   *
*  72)   -2.275   ( 72,---)   | 5, 0, 1, 3/2>   -54   0.000   0.000   0.220   *
*  73)   -2.257   ( 73,---)   | 6, 3, 1, 1/2>    37   0.346  -0.128  -0.369   *
*  74)   -1.511   ( 74,---)   | 5, 0, 3, 5/2>   -63  -0.000   0.000  -0.020   *
*  75)   -1.507   ( 75,---)   | 6, 0, 6,13/2>    77  -0.000   0.000  -0.087   *
*  76)   -1.393   ( 76,---)   | 5, 0, 1, 1/2>   -51  -0.066  -0.066   1.005   *
*  77)   -1.058   ( 77,---)   | 6, 4, 0, 1/2>    42  -0.992  -0.361   0.364   *
*  78)   -0.537   ( 78,---)   | 6, 3, 3, 5/2>    -2   0.000   0.000   0.049   *
*  79)   -0.166   ( 79,---)   | 6, 5, 1, 3/2>    44  -0.000   0.000  -0.048   *
*                                                                             *
*******************************************************************************

*******************************************************************************
*                                                                             *
*  HFB PAIRING PROPERTIES                                           NEUTRONS  *
*                                                                             *
*  STRENGTH= 0.0542   GAP= 0.4342   FERMI ENERGY= -9.7713   ENERGY=  -3.4749  *
*                                                                             *
*******************************************************************************

*******************************************************************************
*                                                                             *
*  MULTIPOLE MOMENTS [UNITS:  (10 FERMI)^LAMBDA]                    NEUTRONS  *
*                                                                             *
*******************************************************************************
*                                                                             *
*  Q00 = 98.0000  .............  .............  .............  .............  *
*                                                                             *
*  Q10 =  7.8798  Q11 =    ZERO  .............  .............  .............  *
*                                                                             *
*  Q20 = 22.2308  Q21 =    ZERO  Q22 =-5.6E-05  .............  .............  *
*                                                                             *
*  Q30 =  5.3127  Q31 =    ZERO  Q32 = 3.5E-06  Q33 =    ZERO  .............  *
*                                                                             *
*  Q40 =  4.3951  Q41 =    ZERO  Q42 =-1.9E-06  Q43 =    ZERO  Q44 = 1.3E-06  *
*                                                                             *
*******************************************************************************

*******************************************************************************
*                                                                             *
*  ROOT-MEAN-SQUARE AND GEOMETRIC SIZES IN FERMIS                   NEUTRONS  *
*                                                                             *
*  R_RMS =  5.7249     X_RMS =  2.6729    Y_RMS =  2.6729    Z_RMS =  4.2996  *
*                                                                             *
*  R_GEO =  7.3909     X_GEO =  5.9767    Y_GEO =  5.9767    Z_GEO =  9.6142  *
*                                                                             *
*******************************************************************************

*******************************************************************************
*                                                                             *
*  BOHR DEFORMATIONS (FIRST-ORDER APPROXIMATION)                    NEUTRONS  *
*                                                                             *
*******************************************************************************
*                                                                             *
*  B10 =  0.2227  B11 =    ZERO  .............  .............  .............  *
*                                                                             *
*  B20 =  0.5486  B21 =    ZERO  B22 =-1.4E-06  .............  .............  *
*                                                                             *
*  B30 =  0.5625  B31 =    ZERO  B32 = 5.2E-07  B33 =    ZERO  .............  *
*                                                                             *
*  B40 =  0.6296  B41 =    ZERO  B42 =-3.8E-07  B43 =    ZERO  B44 = 2.7E-07  *
*                                                                             *
*******************************************************************************
*                                                                             *
*  BOHR DENSITY = 0.0579 FM^(-3)  BOHR RADIUS =   7.3909 FM                   *
*                                                                             *
*******************************************************************************

*******************************************************************************
*                                                                             *
*  SINGLE-QUASIPARTICLE PROPERTIES:                                 PROTONS   *
*                                                                             *
*******************************************************************************
*                                                                             *
*  NO)   ENERGY   (S=+,S=-)       PARITY   V2QUAP   EEQUIV   DEQUIV   V_CORR  *
*                                                                             *
*  39)    8.973   (  0, 20)       -0.479  0.99805  -10.809    0.793  1.00002  *
*  40)    8.973   ( 20,  0)       -0.479  0.99805  -10.809    0.793  1.00002  *
*  41)    9.687   ( 21,  0)       -0.286  0.94854  -10.561    4.280  1.00061  *
*  42)    9.687   (  0, 21)       -0.286  0.94854  -10.561    4.280  1.00061  *
*  43)    8.120   ( 22,  0)        0.195  0.99777   -9.955    0.766  1.00003  *
*  44)    8.120   (  0, 22)        0.195  0.99777   -9.955    0.766  1.00003  *
*  45)    7.871   (  0, 23)        0.492  0.99732   -9.700    0.814  1.00004  *
*  46)    7.871   ( 23,  0)        0.492  0.99732   -9.700    0.814  1.00004  *
*  47)    7.725   (  0, 24)       -0.581  0.99754   -9.558    0.766  1.00004  *
*  48)    7.725   ( 24,  0)       -0.581  0.99754   -9.558    0.766  1.00004  *
*  49)    6.790   ( 25,  0)       -0.744  0.99683   -8.619    0.764  1.00005  *
*  50)    6.790   (  0, 25)       -0.744  0.99683   -8.619    0.764  1.00005  *
*  51)    6.610   (  0, 26)        0.255  0.98887   -8.334    1.387  1.00019  *
*  52)    6.610   ( 26,  0)        0.255  0.98887   -8.334    1.387  1.00019  *
*  53)    5.709   ( 27,  0)        0.779  0.99555   -7.530    0.760  1.00009  *
*  54)    5.709   (  0, 27)        0.779  0.99555   -7.530    0.760  1.00009  *
*  55)    5.052   ( 28,  0)        0.375  0.99503   -6.873    0.710  1.00011  *
*  56)    5.052   (  0, 28)        0.375  0.99503   -6.873    0.710  1.00011  *
*  57)    4.817   ( 29,  0)        0.819  0.99475   -6.638    0.696  1.00012  *
*  58)    4.817   (  0, 29)        0.819  0.99475   -6.638    0.696  1.00012  *
*  59)    4.708   (  0, 30)        0.830  0.99378   -6.521    0.740  1.00015  *
*  60)    4.708   ( 30,  0)        0.830  0.99378   -6.521    0.740  1.00015  *
*  61)    4.359   ( 31,  0)        0.482  0.99389   -6.177    0.679  1.00016  *
*  62)    4.359   (  0, 31)        0.482  0.99389   -6.177    0.679  1.00016  *
*  63)    3.862   ( 32,  0)       -0.349  0.99148   -5.667    0.710  1.00025  *
*  64)    3.862   (  0, 32)       -0.349  0.99148   -5.667    0.710  1.00025  *
*  65)    2.498   ( 33,  0)       -0.126  0.98296   -4.284    0.647  1.00074  *
*  66)    2.498   (  0, 33)       -0.126  0.98296   -4.284    0.647  1.00074  *
*  67)    1.580   (  0, 34)        0.678  0.94586   -3.280    0.715  1.00361  *
*  68)    1.580   ( 34,  0)        0.678  0.94586   -3.280    0.715  1.00361  *
*  69)    2.062   (  0, 35)       -0.067  0.71912   -2.775    1.853  1.01513  *
*  70)    2.062   ( 35,  0)       -0.067  0.71912   -2.775    1.853  1.01513  *
*  71)    0.787   ( 36,  0)        0.344  0.74963   -2.264    0.682  1.03249  *
*  72)    0.787   (  0, 36)        0.344  0.74963   -2.264    0.682  1.03249  *
*  73)    0.850   (  0, 37)       -0.312  0.71911   -2.244    0.764  1.03437  *
*  74)    0.850   ( 37,  0)       -0.312  0.71911   -2.244    0.764  1.03437  *
*  75)    0.773   (  0, 38)        0.105  0.70149   -2.183    0.707  1.03998  *
*  76)    0.773   ( 38,  0)        0.105  0.70149   -2.183    0.707  1.03998  *
*  77)    0.716   ( 39,  0)        0.038  0.34273   -1.646    0.680  1.10807  *
*  78)    0.716   (  0, 39)        0.038  0.34273   -1.646    0.680  1.10807  *
*  79)    0.744   ( 40,  0)        0.675  0.31846   -1.601    0.693  1.10895  *
*  80)    0.744   (  0, 40)        0.675  0.31846   -1.601    0.693  1.10895  *
*  81)    0.796   ( 41,  0)       -0.302  0.28918   -1.536    0.722  1.10732  *
*  82)    0.796   (  0, 41)       -0.302  0.28918   -1.536    0.722  1.10732  *
*  83)    0.905   ( 42,  0)        0.753  0.24627   -1.412    0.780  1.10125  *
*  84)    0.905   (  0, 42)        0.753  0.24627   -1.412    0.780  1.10125  *
*  85)    2.075   ( 43,  0)        0.019  0.28074   -0.961    1.865  1.04092  *
*  86)    2.075   (  0, 43)        0.019  0.28074   -0.961    1.865  1.04092  *
*  87)    1.547   (  0, 44)       -0.040  0.04786   -0.472    0.660  1.07655  *
*  88)    1.547   ( 44,  0)       -0.040  0.04786   -0.472    0.660  1.07655  *
*  89)    1.649   ( 45,  0)       -0.079  0.04686   -0.377    0.697  1.07161  *
*  90)    1.649   (  0, 45)       -0.079  0.04686   -0.377    0.697  1.07161  *
*  91)    2.003   ( 46,  0)        0.682  0.02678    0.024    0.647  1.05969  *
*  92)    2.003   (  0, 46)        0.682  0.02678    0.024    0.647  1.05969  *
*  93)    2.206   ( 47,  0)       -0.657  0.02643    0.218    0.708  1.05392  *
*  94)    2.206   (  0, 47)       -0.657  0.02643    0.218    0.708  1.05392  *
*  95)    3.104   ( 48,  0)       -0.786  0.01387    1.146    0.726  1.03830  *
*  96)    3.104   (  0, 48)       -0.786  0.01387    1.146    0.726  1.03830  *
*  97)    3.319   ( 49,  0)       -0.119  0.00930    1.386    0.637  1.03591  *
*  98)    3.319   (  0, 49)       -0.119  0.00930    1.386    0.637  1.03591  *
*  99)    3.628   (  0, 50)       -0.003  0.00855    1.695    0.668  1.03278  *
* 100)    3.628   ( 50,  0)       -0.003  0.00855    1.695    0.668  1.03278  *
* 101)    5.016   ( 51,  0)        0.558  0.00507    3.094    0.713  1.02358  *
* 102)    5.016   (  0, 51)        0.558  0.00507    3.094    0.713  1.02358  *
* 103)    5.051   (  0, 52)       -0.799  0.00455    3.133    0.680  1.02343  *
* 104)    5.051   ( 52,  0)       -0.799  0.00455    3.133    0.680  1.02343  *
* 105)    5.505   (  0, 53)       -0.201  0.00359    3.594    0.658  1.02148  *
* 106)    5.505   ( 53,  0)       -0.201  0.00359    3.594    0.658  1.02148  *
* 107)    5.592   (  0, 54)       -0.616  0.00348    3.682    0.659  1.02114  *
* 108)    5.592   ( 54,  0)       -0.616  0.00348    3.682    0.659  1.02114  *
* 109)    5.994   (  0, 55)       -0.474  0.00291    4.088    0.646  1.01971  *
* 110)    5.994   ( 55,  0)       -0.474  0.00291    4.088    0.646  1.01971  *
* 111)    6.446   ( 56,  0)        0.061  0.01061    4.438    1.321  1.01815  *
* 112)    6.446   (  0, 56)        0.061  0.01061    4.438    1.321  1.01815  *
* 113)    6.783   ( 57,  0)        0.099  0.00245    4.879    0.670  1.01738  *
* 114)    6.783   (  0, 57)        0.099  0.00245    4.879    0.670  1.01738  *
* 115)    7.366   ( 58,  0)        0.266  0.00191    5.466    0.642  1.01600  *
* 116)    7.366   (  0, 58)        0.266  0.00191    5.466    0.642  1.01600  *
* 117)    8.068   ( 59,  0)       -0.587  0.00184    6.167    0.691  1.01458  *
* 118)    8.068   (  0, 59)       -0.587  0.00184    6.167    0.691  1.01458  *
* 119)    8.223   ( 60,  0)       -0.127  0.00222    6.316    0.774  1.01430  *
* 120)    8.223   (  0, 60)       -0.127  0.00222    6.316    0.774  1.01430  *
* 121)    8.338   (  0, 61)        0.413  0.00175    6.437    0.697  1.01411  *
* 122)    8.338   ( 61,  0)        0.413  0.00175    6.437    0.697  1.01411  *
* 123)    9.668   (  0, 62)       -0.432  0.05107    6.810    4.257  1.01152  *
* 124)    9.668   ( 62,  0)       -0.432  0.05107    6.810    4.257  1.01152  *
* 125)    8.762   (  0, 63)       -0.144  0.00134    6.867    0.642  1.01342  *
* 126)    8.762   ( 63,  0)       -0.144  0.00134    6.867    0.642  1.01342  *
* 127)    8.792   ( 64,  0)       -0.693  0.00130    6.898    0.633  1.01337  *
* 128)    8.792   (  0, 64)       -0.693  0.00130    6.898    0.633  1.01337  *
* 129)    9.279   ( 65,  0)       -0.156  0.00300    7.352    1.015  1.01264  *
* 130)    9.279   (  0, 65)       -0.156  0.00300    7.352    1.015  1.01264  *
* 131)    9.653   ( 66,  0)       -0.454  0.00131    7.756    0.699  1.01217  *
* 132)    9.653   (  0, 66)       -0.454  0.00131    7.756    0.699  1.01217  *
* 133)    9.686   (  0, 67)       -0.250  0.00115    7.793    0.656  1.01213  *
* 134)    9.686   ( 67,  0)       -0.250  0.00115    7.793    0.656  1.01213  *
*                                                                             *
*1226)   TOTAL=  ( 613, 613)                                                  *
*                                                                             *
*******************************************************************************

*******************************************************************************
*                                                                             *
*  SINGLE-PARTICLE PROPERTIES: CANONICAL                            PROTONS   *
*                                                                             *
*******************************************************************************
*                                                                             *
*  NO)   ENERGY   (S=+,S=-)   | N,nz,lz,OMEz>   <P>    <JY>    <SY>   GFACT   *
*                                                                             *
*  20)  -11.542   ( 20,---)   | 3, 1, 0, 1/2>   -36   0.451  -0.222  -0.493   *
*  21)  -10.785   ( 21,---)   | 3, 0, 3, 5/2>   -20   0.000  -0.000  -0.151   *
*  22)   -9.989   ( 22,---)   | 4, 4, 0, 1/2>     6  -1.026  -0.448   0.436   *
*  23)   -9.749   ( 23,---)   | 4, 2, 2, 5/2>    20   0.000   0.000   0.010   *
*  24)   -9.167   ( 24,---)   | 3, 0, 1, 3/2>   -78  -0.000   0.000  -0.149   *
*  25)   -8.857   ( 25,---)   | 4, 3, 1, 3/2>    46  -0.000  -0.000   0.081   *
*  26)   -8.630   ( 26,---)   | 3, 0, 1, 1/2>   -74   0.183  -0.022  -0.118   *
*  27)   -7.538   ( 27,---)   | 4, 1, 3, 7/2>    79   0.000   0.000   0.077   *
*  28)   -6.886   ( 28,---)   | 4, 2, 0, 1/2>    40  -1.173  -0.400   0.341   *
*  29)   -6.646   ( 29,---)   | 4, 2, 2, 3/2>    82  -0.000   0.000  -0.407   *
*  30)   -6.522   ( 30,---)   | 4, 0, 4, 9/2>    83  -0.000   0.000  -0.190   *
*  31)   -6.187   ( 31,---)   | 4, 3, 1, 1/2>    45   0.410  -0.151  -0.367   *
*  32)   -5.675   ( 32,---)   | 5, 3, 2, 5/2>   -32  -0.000  -0.000   0.357   *
*  33)   -4.291   ( 33,---)   | 4, 4, 0, 1/2>   -12  -1.110  -0.402   0.362   *
*  34)   -3.827   ( 34,---)   | 4, 1, 1, 3/2>    -6   0.000   0.000   7.786   *
*  35)   -3.284   ( 35,---)   | 4, 1, 3, 5/2>    68   0.000   0.000   0.070   *
*  36)   -2.341   ( 36,---)   | 4, 0, 4, 7/2>     0  -0.000  -0.000   0.482   *
*  37)   -2.268   ( 37,---)   | 4, 1, 1, 1/2>    39  -0.639  -0.150   0.235   *
*  38)   -2.242   ( 38,---)   | 4, 1, 1, 3/2>     8   0.001   0.000   0.535   *
*  39)   -1.642   ( 39,---)   | 5, 3, 0, 1/2>    -3  -0.019  -0.360  2.E+01   *
*  40)   -1.600   ( 40,---)   | 4, 0, 2, 5/2>    67  -0.000   0.000  -3.683   *
*  41)   -1.476   ( 41,---)   | 5, 3, 2, 3/2>   -28   0.000  -0.000  -4.581   *
*  42)   -1.313   ( 42,---)   | 5, 2, 3, 7/2>    -6   0.000  -0.000  -0.619   *
*  43)   -0.448   ( 43,---)   | 5, 4, 1, 1/2>   -11  -0.656  -0.175   0.266   *
*  44)   -0.356   ( 44,---)   | 5, 3, 2, 5/2>    -7  -0.000   0.000  -2.330   *
*                                                                             *
*******************************************************************************

*******************************************************************************
*                                                                             *
*  HFB PAIRING PROPERTIES                                            PROTONS  *
*                                                                             *
*  STRENGTH= 0.0638   GAP= 0.6999   FERMI ENERGY= -1.7551   ENERGY=  -7.6733  *
*                                                                             *
*******************************************************************************

*******************************************************************************
*                                                                             *
*  MULTIPOLE MOMENTS [UNITS:  (10 FERMI)^LAMBDA]                     PROTONS  *
*                                                                             *
*******************************************************************************
*                                                                             *
*  Q00 = 78.0000  .............  .............  .............  .............  *
*                                                                             *
*  Q10 =  6.8177  Q11 =    ZERO  .............  .............  .............  *
*                                                                             *
*  Q20 = 18.9611  Q21 =    ZERO  Q22 =-4.3E-05  .............  .............  *
*                                                                             *
*  Q30 =  4.5116  Q31 =    ZERO  Q32 = 2.6E-06  Q33 =    ZERO  .............  *
*                                                                             *
*  Q40 =  3.7539  Q41 =    ZERO  Q42 =-1.3E-06  Q43 =    ZERO  Q44 =-9.7E-07  *
*                                                                             *
*******************************************************************************

*******************************************************************************
*                                                                             *
*  ROOT-MEAN-SQUARE AND GEOMETRIC SIZES IN FERMIS                    PROTONS  *
*                                                                             *
*  R_RMS =  5.7188     X_RMS =  2.6173    Y_RMS =  2.6173    Z_RMS =  4.3594  *
*                                                                             *
*  R_GEO =  7.3830     X_GEO =  5.8524    Y_GEO =  5.8524    Z_GEO =  9.7480  *
*                                                                             *
*******************************************************************************

*******************************************************************************
*                                                                             *
*  BOHR DEFORMATIONS (FIRST-ORDER APPROXIMATION)                     PROTONS  *
*                                                                             *
*******************************************************************************
*                                                                             *
*  B10 =  0.2423  B11 =    ZERO  .............  .............  .............  *
*                                                                             *
*  B20 =  0.5892  B21 =    ZERO  B22 =-1.3E-06  .............  .............  *
*                                                                             *
*  B30 =  0.6021  B31 =    ZERO  B32 = 5.0E-07  B33 =    ZERO  .............  *
*                                                                             *
*  B40 =  0.6785  B41 =    ZERO  B42 =-3.4E-07  B43 =    ZERO  B44 =-2.5E-07  *
*                                                                             *
*******************************************************************************
*                                                                             *
*  BOHR DENSITY = 0.0463 FM^(-3)  BOHR RADIUS =   7.3830 FM                   *
*                                                                             *
*******************************************************************************

*******************************************************************************
*                                                                             *
*                  DENSITY INTEGRALS IN THE SKYRME FUNCTIONAL                 *
*                                                                             *
*******************************************************************************
*                                                                             *
*                   TOTAL(T)        SUM(S)      ISOSCALAR(P)  ISOVECTOR(M)    *
*                   --------        ------      ------------  ------------    *
*    DRHO_ =       20.714654     10.474185         20.714654      0.233715    *
*    DRHOD =        9.642078      4.874368          9.642078      0.106658    *
*    DLPR_ =       -4.331875     -2.183368         -4.331875     -0.034861    *
*    DTAU_ =       18.484081      9.413654         18.484081      0.343227    *
*    DSCU_ =        0.125571      0.068835          0.125571      0.012100    *
*    DDIV_ =        0.889450      0.452101          0.889450      0.014752    *
*                                                                             *
*    DSPI_ =        0.000000      0.000000          0.000000      0.000000    *
*    DSPID =        0.000000      0.000000          0.000000      0.000000    *
*    DLPS_ =        0.000000      0.000000          0.000000      0.000000    *
*    DCUR_ =        0.000000      0.000000          0.000000      0.000000    *
*    DKIS_ =        0.000000      0.000000          0.000000      0.000000    *
*    DROT_ =        0.000000      0.000000          0.000000      0.000000    *
*                                                                             *
*******************************************************************************

*******************************************************************************
*                                                                             *
*               CONTRIBUTIONS TO ENERGY IN THE SKYRME FUNCTIONAL              *
*                                                                             *
*******************************************************************************
*                                                                             *
*                 TOTAL(T)        SUM(S)        ISOSCALAR(P)  ISOVECTOR(M)    *
*                 --------        ------        ------------  ------------    *
*    ERHO_ =   -18520.145495   5638.416882     -12944.634929     62.906315    *
*    ERHOD =     9721.274964  -2473.078390       7275.253725    -27.057151    *
*    ELPR_ =     -425.976301    628.526442        197.532485      5.017656    *
*    ETAU_ =      612.859328   -454.411520        166.731853     -8.284045    *
*    ESCU_ =        0.000000      0.000000          0.000000      0.000000    *
*    EDIV_ =      -19.598002    -46.939438        -65.771624     -0.765815    *
*               ============  ============      ============  ============    *
*    SUM EVEN:  -8631.585506   3292.513976      -5370.888489     31.816960    *
*                                                                             *
*    ESPI_ =        0.000000      0.000000          0.000000      0.000000    *
*    ESPID =        0.000000      0.000000          0.000000      0.000000    *
*    ELPS_ =        0.000000      0.000000          0.000000      0.000000    *
*    ECUR_ =        0.000000      0.000000          0.000000      0.000000    *
*    EKIS_ =        0.000000      0.000000          0.000000      0.000000    *
*    EROT_ =        0.000000      0.000000          0.000000      0.000000    *
*               ============  ============      ============  ============    *
*    SUM  ODD:      0.000000      0.000000          0.000000      0.000000    *
*                                                                             *
*******************************************************************************
 
*******************************************************************************
*                                                                             *
*  CENTER-OF-MASS COORDINATES IN FERMIS                                TOTAL  *
*                                                                             *
*  R_CMS =  0.8351     X_CMS =  0.0000    Y_CMS =  0.0000    Z_CMS =  0.8351  *
*                                                                             *
*******************************************************************************

*******************************************************************************
*                                                                             *
*  MULTIPOLE MOMENTS [UNITS:  (10 FERMI)^LAMBDA] [CENT-MASS FRAME]  NEUTRONS  *
*                                                                             *
*******************************************************************************
*                                                                             *
*  Q00 = 98.0000  .............  .............  .............  .............  *
*                                                                             *
*  Q10 = -0.3041  Q11 =    ZERO  .............  .............  .............  *
*                                                                             *
*  Q20 = 20.9655  Q21 =    ZERO  Q22 =-5.6E-05  .............  .............  *
*                                                                             *
*  Q30 =  3.3147  Q31 =    ZERO  Q32 = 6.3E-06  Q33 =    ZERO  .............  *
*                                                                             *
*  Q40 =  2.7650  Q41 =    ZERO  Q42 =-3.5E-06  Q43 =    ZERO  Q44 = 1.3E-06  *
*                                                                             *
*******************************************************************************

*******************************************************************************
*                                                                             *
*  BOHR DEFORMATIONS (FIRST-ORDER APPROXIMATION) [CENT-MASS FRAME]  NEUTRONS  *
*                                                                             *
*******************************************************************************
*                                                                             *
*  B10 = -0.0096  B11 =    ZERO  .............  .............  .............  *
*                                                                             *
*  B20 =  0.6397  B21 =    ZERO  B22 =-1.7E-06  .............  .............  *
*                                                                             *
*  B30 =  0.4825  B31 =    ZERO  B32 = 1.3E-06  B33 =    ZERO  .............  *
*                                                                             *
*  B40 =  0.6055  B41 =    ZERO  B42 =-1.1E-06  B43 =    ZERO  B44 = 4.1E-07  *
*                                                                             *
*******************************************************************************
*                                                                             *
*  BOHR DENSITY = 0.0797 FM^(-3)  BOHR RADIUS =   6.6467 FM                   *
*                                                                             *
*******************************************************************************

*******************************************************************************
*                                                                             *
*  MULTIPOLE MOMENTS [UNITS:  (10 FERMI)^LAMBDA] [CENT-MASS FRAME]   PROTONS  *
*                                                                             *
*******************************************************************************
*                                                                             *
*  Q00 = 78.0000  .............  .............  .............  .............  *
*                                                                             *
*  Q10 =  0.3041  Q11 =    ZERO  .............  .............  .............  *
*                                                                             *
*  Q20 = 17.7716  Q21 =    ZERO  Q22 =-4.3E-05  .............  .............  *
*                                                                             *
*  Q30 =  2.8115  Q31 =    ZERO  Q32 = 4.7E-06  Q33 =    ZERO  .............  *
*                                                                             *
*  Q40 =  2.3705  Q41 =    ZERO  Q42 =-2.5E-06  Q43 =    ZERO  Q44 =-9.7E-07  *
*                                                                             *
*******************************************************************************

*******************************************************************************
*                                                                             *
*  BOHR DEFORMATIONS (FIRST-ORDER APPROXIMATION) [CENT-MASS FRAME]   PROTONS  *
*                                                                             *
*******************************************************************************
*                                                                             *
*  B10 =  0.0122  B11 =    ZERO  .............  .............  .............  *
*                                                                             *
*  B20 =  0.6987  B21 =    ZERO  B22 =-1.7E-06  .............  .............  *
*                                                                             *
*  B30 =  0.5340  B31 =    ZERO  B32 = 1.3E-06  B33 =    ZERO  .............  *
*                                                                             *
*  B40 =  0.6859  B41 =    ZERO  B42 =-1.0E-06  B43 =    ZERO  B44 =-4.0E-07  *
*                                                                             *
*******************************************************************************
*                                                                             *
*  BOHR DENSITY = 0.0659 FM^(-3)  BOHR RADIUS =   6.5636 FM                   *
*                                                                             *
*******************************************************************************

*******************************************************************************
*                                                                             *
*  EULER ANGLES OF THE PRINCIPAL-AXES FRAME IN DEGREES                 TOTAL  *
*                                                                             *
*  ALPHA =270.00000  BETA =  0.00000  GAMMA =  0.00000                        *
*                                                                             *
*******************************************************************************

*******************************************************************************
*                                                                             *
*  ROOT-MEAN-SQUARE AND GEOMETRIC SIZES IN FERMIS                      TOTAL  *
*                                                                             *
*  R_RMS =  5.7222     X_RMS =  2.6484    Y_RMS =  2.6484    Z_RMS =  4.3262  *
*                                                                             *
*  R_GEO =  7.3874     X_GEO =  5.9219    Y_GEO =  5.9220    Z_GEO =  9.6737  *
*                                                                             *
*******************************************************************************

*******************************************************************************
*                                                                             *
*  MULTIPOLE MOMENTS [UNITS:  (10 FERMI)^LAMBDA]                       TOTAL  *
*                                                                             *
*******************************************************************************
*                                                                             *
*  Q00 =176.0000  .............  .............  .............  .............  *
*                                                                             *
*  Q10 = 14.6975  Q11 =    ZERO  .............  .............  .............  *
*                                                                             *
*  Q20 = 41.1919  Q21 =    ZERO  Q22 =-9.9E-05  .............  .............  *
*                                                                             *
*  Q30 =  9.8243  Q31 =    ZERO  Q32 = 6.1E-06  Q33 =    ZERO  .............  *
*                                                                             *
*  Q40 =  8.1490  Q41 =    ZERO  Q42 =-3.2E-06  Q43 =    ZERO  Q44 = 3.5E-07  *
*                                                                             *
*******************************************************************************

*******************************************************************************
*                                                                             *
*  BOHR DEFORMATIONS (FIRST-ORDER APPROXIMATION)                       TOTAL  *
*                                                                             *
*******************************************************************************
*                                                                             *
*  B10 =  0.2314  B11 =    ZERO  .............  .............  .............  *
*                                                                             *
*  B20 =  0.5666  B21 =    ZERO  B22 =-1.4E-06  .............  .............  *
*                                                                             *
*  B30 =  0.5800  B31 =    ZERO  B32 = 5.1E-07  B33 =    ZERO  .............  *
*                                                                             *
*  B40 =  0.6512  B41 =    ZERO  B42 =-3.6E-07  B43 =    ZERO  B44 = 3.9E-08  *
*                                                                             *
*******************************************************************************
*                                                                             *
*  BOHR DENSITY = 0.1042 FM^(-3)  BOHR RADIUS =   7.3874 FM                   *
*                                                                             *
*******************************************************************************

*******************************************************************************
*                                                                             *
*  MULTIPOLE MOMENTS [UNITS:  (10 FERMI)^LAMBDA] [CENT-MASS FRAME]     TOTAL  *
*                                                                             *
*******************************************************************************
*                                                                             *
*  Q00 =176.0000  .............  .............  .............  .............  *
*                                                                             *
*  Q10 =    ZERO  Q11 =    ZERO  .............  .............  .............  *
*                                                                             *
*  Q20 = 38.7371  Q21 =    ZERO  Q22 =-9.9E-05  .............  .............  *
*                                                                             *
*  Q30 =  6.1263  Q31 =    ZERO  Q32 = 1.1E-05  Q33 =    ZERO  .............  *
*                                                                             *
*  Q40 =  5.1355  Q41 =    ZERO  Q42 =-6.0E-06  Q43 =    ZERO  Q44 = 3.5E-07  *
*                                                                             *
*******************************************************************************

*******************************************************************************
*                                                                             *
*  BOHR DEFORMATIONS (FIRST-ORDER APPROXIMATION) [CENT-MASS FRAME]     TOTAL  *
*                                                                             *
*******************************************************************************
*                                                                             *
*  B10 =    ZERO  B11 =    ZERO  .............  .............  .............  *
*                                                                             *
*  B20 =  0.6655  B21 =    ZERO  B22 =-1.7E-06  .............  .............  *
*                                                                             *
*  B30 =  0.5048  B31 =    ZERO  B32 = 1.3E-06  B33 =    ZERO  .............  *
*                                                                             *
*  B40 =  0.6402  B41 =    ZERO  B42 =-1.1E-06  B43 =    ZERO  B44 = 6.2E-08  *
*                                                                             *
*******************************************************************************
*                                                                             *
*  BOHR DENSITY = 0.1455 FM^(-3)  BOHR RADIUS =   6.6101 FM                   *
*                                                                             *
*******************************************************************************

*******************************************************************************
*                                                                             *
*  MULTIPOLE MOMENTS [UNITS:  (10 FERMI)^LAMBDA] [INTRINSIC FRAME]     TOTAL  *
*                                                                             *
*  REAL PART  FOR A NON-NEGATIVE PROJECTION                                   *
*  IMAGINARY PART FOR A NEGATIVE PROJECTION                                   *
*                                                                             *
*******************************************************************************
*                                                                             *
*  Q00 =176.0000  .............  .............  .............  .............  *
*                 .............  .............  .............  .............  *
*                                                                             *
*  Q10 =    ZERO  Q1+1=    ZERO  .............  .............  .............  *
*                 Q1-1=    ZERO  .............  .............  .............  *
*                                                                             *
*  Q20 = 38.7371  Q2+1=    ZERO  Q2+2= 9.9E-05  .............  .............  *
*                 Q2-1=    ZERO  Q2-2=    ZERO  .............  .............  *
*                                                                             *
*  Q30 =  6.1263  Q3+1=    ZERO  Q3+2=-1.1E-05  Q3+3=    ZERO  .............  *
*                 Q3-1=    ZERO  Q3-2=    ZERO  Q3-3=    ZERO  .............  *
*                                                                             *
*  Q40 =  5.1355  Q4+1=    ZERO  Q4+2= 6.0E-06  Q4+3=    ZERO  Q4+4= 3.5E-07  *
*                 Q4-1=    ZERO  Q4-2=    ZERO  Q4-3=    ZERO  Q4-4=    ZERO  *
*                                                                             *
*******************************************************************************

*******************************************************************************
*                                                                             *
*  BOHR DEFORMATIONS (FIRST-ORDER APPROXIMATION) [INTRINSIC FRAME]     TOTAL  *
*                                                                             *
*  REAL PART  FOR A NON-NEGATIVE PROJECTION                                   *
*  IMAGINARY PART FOR A NEGATIVE PROJECTION                                   *
*                                                                             *
*******************************************************************************
*                                                                             *
*  B10 =    ZERO  B1+1=    ZERO  .............  .............  .............  *
*                 B1-1=    ZERO  .............  .............  .............  *
*                                                                             *
*  B20 =  0.6655  B2+1=    ZERO  B2+2= 1.7E-06  .............  .............  *
*                 B2-1=    ZERO  B2-2=    ZERO  .............  .............  *
*                                                                             *
*  B30 =  0.5048  B3+1=    ZERO  B3+2=-1.3E-06  B3+3=    ZERO  .............  *
*                 B3-1=    ZERO  B3-2=    ZERO  B3-3=    ZERO  .............  *
*                                                                             *
*  B40 =  0.6402  B4+1=    ZERO  B4+2= 1.1E-06  B4+3=    ZERO  B4+4= 6.2E-08  *
*                 B4-1=    ZERO  B4-2=    ZERO  B4-3=    ZERO  B4-4=    ZERO  *
*                                                                             *
*******************************************************************************
*                                                                             *
*  BOHR DENSITY = 0.1455 FM^(-3)  BOHR RADIUS =   6.6101 FM                   *
*                                                                             *
*******************************************************************************

*******************************************************************************
*                                                                             *
*                                ENERGIES (MEV)                               *
*                                                                             *
*******************************************************************************
*                                                                             *
*  KINETIC: (NEU)=  1894.672481    (PRO)=  1350.299837    (TOT)=  3244.972318 *
*  SUM EPS: (NEU)= -2099.503520    (PRO)=  -990.266901    (TOT)= -3089.770421 *
*  PAIRING: (NEU)=    -3.474891    (PRO)=    -7.673250    (TOT)=   -11.148141 *
*  P-REARR: (NEU)=     0.938638    (PRO)=     2.190445    (TOT)=     3.129083 *
*                                                                             *
*  PAIRGAP: (NEU)=     0.434172    (PRO)=     0.699852    THIS SPACE IS EMPTY *
*  E-FERMI: (NEU)=    -9.771336    (PRO)=    -1.755074    AND AWAITS  YOUR AD *
*                                                                             *
*  COULOMB: (DIR)=   756.144694    (EXC)=   -30.396292    (TOT)=   725.748402 *
*                                                                             *
*  CONSTR. (MULT)=    33.347052    SLOPE=    70.491693    CORR.=   -35.245847 *
*  CONSTR. (SURF)=     0.000000    SLOPE=     0.000000    CORR.=     0.000000 *
*  CONSTR. (SPIN)=     0.000000    SLOPE=     0.000000    CORR.=     0.000000 *
*  CONSTR. (ISOS)=     0.000000    SLOPE=     0.000000    CORR.=     0.000000 *
*                                                                             *
*  REARRANGEMENT ENERGY FROM THE SKYRME DENSITY-DEPENDENT TERMS=  1364.764069 *
*  ROUTHIAN= TOTAL ENERGY + MULTIPOLE AND (ISO)SPIN CONSTRAINTS= -1346.151899 *
*                                                                             *
*  SPIN-ORB (EVE)=   -66.537440    (ODD)=     0.000000    (TOT)=   -66.537440 *
*  SKYRME:  (EVE)= -5339.071529    (ODD)=     0.000000    (TOT)= -5339.071529 *
*                                                                             *
*  TOTAL:  (STAB)=   103.172355     (SP)= -1276.326595    (FUN)= -1379.498950 *
*                                                                             *
*******************************************************************************

*******************************************************************************
*                                                                             *
*  ITERATION RESTARTED FROM THE DISC, THE FOLLOWING FILE(S) READ:             *
*  ./restart/HFODD_00000060.REC                                        VER=19 *
*                                                                             *
*******************************************************************************
*                                                                             *
* CONVERGENCE REPORT                                                          *
*                                                                             *
*******************************************************************************
*                                                                             *
* ITER     ENERGY     STABILITY    Q_2    GAMMA   SPIN  OMEGA   ANGLE   EPAIR *
*                                                                             *
* 2378 -1379.498950  103.172355  38.737    0.00   0.00  0.000   0.000  -11.15 *
* 2379 -1193.828566  265.654013 115.967    0.00   0.00  0.000   0.000   -4.10 *
* 2380 -1222.224241  122.844027 103.035    0.00   0.00  0.000   0.000  -10.25 *
* 2381 -1226.753710  209.410744 106.697    0.00   0.00  0.000   0.000  -10.71 *
* 2382 -1206.291925  239.077734 114.846    0.00   0.00  0.000   0.000   -8.12 *
* 2383 -1205.791053  250.371942 114.692    0.00   0.00  0.000   0.000   -8.71 *
* 2384 -1191.244235  266.808365 124.327    0.00   0.00  0.000   0.000   -6.76 *
* 2385 -1213.162940  172.836952 117.756    0.00   0.00  0.000   0.000  -10.15 *
* 2386 -1193.594245  200.652093 127.039    0.00   0.00  0.000   0.000   -7.41 *
* 2387 -1228.836722  126.869266 109.418    0.00   0.00  0.000   0.000  -13.25 *
* 2388 -1223.886048  176.660717 110.448    0.00   0.00  0.000   0.000  -11.40 *
* 2389 -1217.570886   -1.64E+03 113.967    0.00   0.00  0.000   0.000   -9.22 *
* 2390   667.955377   -1.91E+03  98.684    0.00   0.00  0.000   0.000   -0.53 *
* 2391  -193.712761   -3.02E+03 139.010    0.00   0.00  0.000   0.000  -14.08 *
* 2392   -56.559642   -3.86E+03 132.238    0.00   0.00  0.000   0.000   -4.00 *
* 2393 -1822.769450 -264.569622  31.454    0.00   0.00  0.000   0.000 -351.32 *
* 2394   239.954486 -136.303538  98.340    0.00   0.00  0.000   0.000   -3.27 *
* 2395  -223.772837 -311.944282 113.220    0.00   0.00  0.000   0.000  -17.52 *
* 2396  -882.909674    1.38E+03 123.208    0.00   0.00  0.000   0.000  -51.75 *
* 2397  -393.662779    1.30E+03 106.321    0.00   0.00  0.000   0.000  -13.39 *
* 2398  -119.754082  485.842301  93.852    0.00   0.00  0.000   0.000  -13.81 *
* 2399  -247.469388  849.607839 232.068    0.00   0.00  0.000   0.000  -14.80 *
* 2400  -409.741310    5.04E+03 437.770    0.00   0.00  0.000   0.000   -6.18 *
* 2401   -56.455025   35.226193 507.680    0.00   0.00  0.000   0.000   -3.32 *
* 2402   232.986819    2.86E+03 295.550    0.00   0.00  0.000   0.000  -84.04 *
* 2403   -89.731955   -2.71E+03 509.279    0.00   0.00  0.000   0.000   -4.16 *
* 2404  -760.668260   -8.16E+03  91.094    0.01   0.00  0.000   0.000 -397.17 *
* 2405  2679.127075   -9.03E+03   0.974    0.28   0.00  0.000   0.000   -0.93 *
* 2406  2726.825197   -1.18E+04  59.050    0.00   0.00  0.000   0.000   -0.49 *
* 2407  1117.109686   -1.98E+04 337.624    0.00   0.00  0.000   0.000   -5.42 *
* 2408  6520.302210   -8.24E+04  61.125   60.00   0.00  0.000   0.000 -205.12 *

 //////////////////// MAXIMUM NUMBER OF ITERATIONS       ////////////////////
 //////////////////// EXCEEDED IN QUABCS                 ////////////////////

*******************************************************************************
*                                                                             *
*  PROCESSOR   EXECUTION  TIMES IN SUBROUTINES                                *
*  INCLUDING THEIR COMPLETE DOWN-CALLING TREES                                *
*                                                                             *
*******************************************************************************
*                                                                             *
*     9527 => HFODD    5278 => DENSHF   1949 => DIAMAT   1774 => HFBSIM       *
*                                                                             *
*     1005 => QMULCM    517 => PAIMAC    421 => CANQUA    203 => RECORD       *
*                                                                             *
*      159 => AVEQUA     57 => INTEGH     51 => DENMAC     51 => INTSOR       *
*                                                                             *
*       50 => INTEGD     28 => MOMETS     28 => DOBROY     27 => INTMUL       *
*                                                                             *
*       18 => SKFILD     18 => BEGINC     12 => ROTAVR     12 => LINAVR       *
*                                                                             *
*       12 => INTMAS      9 => COUMAT      8 => INTCOU      7 => SPAVER       *
*                                                                             *
*        6 => INTCEN      5 => AVOBSE      3 => SKPAIR      3 => NILASP       *
*                                                                             *
*        2 => POWALL      2 => AVANGY      0 => INTKIN      0 => AVPARI       *
*                                                                             *
*        0 => QUABCS      0 => SHICOE      0 => AVSIMP      0 => PAXMOM       *
*                                                                             *
*        0 => MAGMOM      0 => MOMVMU      0 => SHISIF      0 => MOMSIF       *
*                                                                             *
*        0 => SPIMOM      0 => SHIMOM      0 => SHIMAG                        *
*                                                                             *
*******************************************************************************
*                                                                             *
*  NUMBERS OF CALLS TO SUBROUTINES                                            *
*                                                                             *
*******************************************************************************
*                                                                             *
*     1418 => BEGINC   1184 => INTMUL    378 => INTSOR    156 => DIAMAT       *
*                                                                             *
*      126 => INTMAS    126 => INTCEN    125 => INTKIN    124 => AVEQUA       *
*                                                                             *
*       93 => PAXMOM     63 => INTEGH     63 => INTEGD     63 => HFBSIM       *
*                                                                             *
*       63 => QUABCS     62 => CANQUA     62 => AVPARI     62 => DENSHF       *
*                                                                             *
*       62 => DENMAC     62 => PAIMAC     62 => MOMETS     62 => MOMSIF       *
*                                                                             *
*       62 => MOMVMU     62 => MAGMOM     62 => SPIMOM     62 => LINAVR       *
*                                                                             *
*       62 => ROTAVR     62 => SHICOE     32 => RECORD     32 => COUMAT       *
*                                                                             *
*       32 => INTCOU     31 => QMULCM     31 => SKFILD     31 => SKPAIR       *
*                                                                             *
*       31 => DOBROY     31 => SHIMOM     31 => SHISIF     31 => SHIMAG       *
*                                                                             *
*       14 => SPAVER      2 => AVANGY      2 => AVOBSE      2 => AVSIMP       *
*                                                                             *
*        2 => NILASP      1 => HFODD       1 => POWALL                        *
*                                                                             *
*******************************************************************************
*                                                                             *
*  EXECUTION ENDS ON 2016.08.26 AT 12:55:07.461                               *
*                                                                             *
*******************************************************************************
