*******************************************************************************
*                                                                             *
*                     P A R A L L E L    M O D E L                            *
*                                                                             *
*  SIMPLE MPI FRAMEWORK (1 COMMUNICATOR)    :  1 MPI PROCESS per HFODD TASK   *
*  MULTI-THREADING FRAMEWORK WITH OPENMP   :  4 THREADS per HFODD MPI PROCESS *
*                                                                             *
*******************************************************************************
*                                                                             *
*                        __  __ _____  ___   ____   ____                      *
*                       / / / // ___/.' _ \ / __ \ / __ \                     *
*                      / /_/ // /_  / / / // / / // / / /                     *
*                     / __  // __/ / / / // / / // / / /                      *
*                    / / / // /   / /_/ // /_/ // /_/ /                       *
*                   /_/ /_//_/    \___.'/____.'/____.'                        *
*                                                                             *
*                                                                             *
*******************************************************************************
*                                                                             *
*             SKYRME-HARTREE-FOCK-BOGOLYUBOV CODE VERSION: 2.77B              *
*                                                                             *
*              NO SYMMETRY-PLANES AND NO TIME-REVERSAL SYMMETRY               *
*                                                                             *
*                DEFORMED CARTESIAN HARMONIC-OSCILLATOR BASIS                 *
*                                                                             *
*******************************************************************************
*                                                                             *
*             J. DOBACZEWSKI, P. BACZYK, B.G. CARLSSON, J. DUDEK              *
*                 J. ENGEL, Y. GAO, M. KONIECZKA, T. LESINSKI                 *
*                 J. MCDONNELL, P. OLBRATOWSKI, P. POWALOWSKI                 *
*                  M. SADZIAK, J. SARICH, K. SATO, W. SATULA                  *
*             N. SCHUNCK,  J.A. SHEIKH, A. STASZCZAK, M. STOITSOV             *
*             P. TOIVANEN, X.B. WANG, M. ZALEWSKI AND H. ZDUNCZUK             *
*                                                                             *
*                   INSTYTUT FIZYKI TEORETYCZNEJ, WARSZAWA                    *
*                 LAWRENCE LIVERMORE NATIONAL LABORATORY, USA                 *
*                                                                             *
*                                  1993-2016                                  *
*                                                                             *
*******************************************************************************

*******************************************************************************
*                                                                             *
*  CODE COMPILED WITH THE FOLLOWING ARRAY DIMENSIONS AND SWITCHES:            *
*                                                                             *
*******************************************************************************
*                                                                             *
*  NDBASE = 1200  NDSTAT = 1200  NDXHRM =   40  NDYHRM =   40  NDZHRM =   64  *
*                                                                             *
*  NDMAIN =   30  NDMULT =    9  NDMULR =    4  NDLAMB =    9  NDITER = 5000  *
*                                                                             *
*  NDAKNO =    1  NDBKNO =    1  NDPROI =    2  NDCOUL =   80  NDPOLS =   25  *
*                                                                             *
*  NDATKN =   20  NDBTKN =   10  NDPROT =    1  NDPROD =    3                 *
*                                                                             *
*  IPARAL =    0  IPARAT =    0  I_CRAY =    0                                *
*                                                                             *
*                                                                             *
*  PRE-PROCESSOR OPTIONS:                                                     *
*                                                                             *
*       switch_port = 1     switch_diag = 3     switch_essl = 0               *
*                                                                             *
*                           switch_quad = 0     switch_vect = 1               *
*                                                                             *
*******************************************************************************
*                                                                             *
*  EXECUTION BEGINS ON 2016.09.06 AT 12:59:14.803                             *
*                                                                             *
*******************************************************************************
 
*******************************************************************************
*                                                                             *
*  CLASSICAL NUCLEAR SURFACE DEFINED FOR:                    N = 98   Z = 78  *
*                                                                             *
*******************************************************************************
*                                                                             *
*  AL10 =   ZERO  AL11 =   ZERO  .............  .............  .............  *
*                                                                             *
*  AL20 =  0.502  AL21 =   ZERO  AL22 =   ZERO  .............  .............  *
*                                                                             *
*******************************************************************************
*                                                                             *
*                                           HOMEGA=  7.8398  FCHOM0=  1.0716  *
*                                                                             *
*  OSCILLATOR FREQUENCIES: HBAROX=  9.1219  HBAROY=  9.1219  HBAROZ=  5.7909  *
*                                                                             *
*  MOMENTS OF INERTIA:     XMOMFC=103.9843  YMOMFC=103.9843  ZMOMFC= 59.7397  *
*                                                                             *
*  CENTERS OF MASS:        CMSXFC= -0.0000  CMSYFC= -0.0000  CMSZFC= -0.0000  *
*                                                                             *
*******************************************************************************

*******************************************************************************
*                                                                             *
*                           SKYRME FORCE DEFINITION                           *
*                                                                             *
*******************************************************************************
*                                                                             *
* PARAMETER SET HFB1:  T0= -1666.41  T1=   255.23  T2=  1521.28  T3= 12072.51 *
*                                                                             *
* POWER=0.37658031358  X0=  0.14608  X1= -4.82248  X2= -1.35211  X3=  0.00432 *
*                                                                             *
* IETA: J=0  W=1 CM=3  M=1  P=1  T=0 HBM= 20.73553 W0=  44.0677 W0P= 207.6502 *
*                                                                             *
*******************************************************************************

*******************************************************************************
*                                                                             *
*              COUPLING CONSTANTS DEFINING THE SKYRME FUNCTIONAL              *
*                                                                             *
*******************************************************************************
*                                                                             *
*                   TOTAL(T)        SUM(S)      ISOSCALAR(P)  ISOVECTOR(M)    *
*                   --------        ------      ------------  ------------    *
*    CRHO_ =     -894.060074    538.315575       -624.902286    269.157788    *
*    CRHOD =     1008.213640   -507.363897        754.531691   -253.681949    *
*    CLPR_ =       98.335311   -287.870148        -45.599763   -143.935074    *
*    CTAU_ =       33.156062    -48.271535          9.020295    -24.135768    *
*    CSCU_ =        0.000000      0.000000          0.000000      0.000000    *
*    CDIV_ =      -22.033840   -103.825096        -73.946388    -51.912548    *
*                                                                             *
*    CSPI_ =      -60.857026    416.601524        147.443736    208.300762    *
*    CSPID =        2.171385   -503.021127       -249.339179   -251.510564    *
*    CLPS_ =       51.110395     71.467295         86.844042     35.733647    *
*    CCUR_ =      -33.156062     48.271535         -9.020295     24.135768    *
*    CKIS_ =        0.000000      0.000000          0.000000      0.000000    *
*    CROT_ =      -22.033840   -103.825096        -73.946388    -51.912548    *
*                                                                             *
*******************************************************************************

*******************************************************************************
*                                                                             *
*                          NUCLEAR MATTER PROPERTIES                          *
*                                                                             *
*******************************************************************************
*                                                                             *
*     E = -15.8000  rho0 =   0.15625   K =  244.6682   Ms =    0.9364         *
*                   asym =  28.66820   L =   40.1091   Mv =    1.2498         *
*                                                                             *
*******************************************************************************

*******************************************************************************
*                                                                             *
*  PHYSICAL CONSTANTS:     H_BARC=197.32891000           HBCOE2=137.03602000  *
*                                                                             *
*                          XMASSN=938.90590000           XMASSP=938.27231000  *
*                                                                             *
*                          HBMASS= 20.73553000           HBMRPA= 20.73553000  *
*                                                                             *
*                          ECHAR2=  1.43997841           COULEX= -1.06350868  *
*                                                                             *
*******************************************************************************
*                                                                             *
*  OSCILLATOR LENGTHS:     X= 2.1322467      Y= 2.1322467       Z= 2.6761162  *
*                                                                             *
*  OSCILLATOR CONSTANTS:   X= 0.4689889      Y= 0.4689889       Z= 0.3736758  *
*                                                                             *
*  OSCILLATOR FREQUENCIES: X= 9.1218819      Y= 9.1218819       Z= 5.7909447  *
*                                                                             *
*******************************************************************************
*                                                                             *
*  BASIS CUT-OFF CONTROL PARAMETERS:  NXMAXX = 15  NYMAXX = 15  NZMAXX =  23  *
*                                                                             *
*                                     NXHERM = 36  NYHERM = 36  NZHERM =  60  *
*                                                                             *
*                                     NLIMIT=1140  LDBASE=1151  MCOUNT=29791  *
*                                                                             *
*                                     ENECUT= 800.0000      ELIMIT= 148.8456  *
*                                                                             *
*******************************************************************************

*******************************************************************************
*                                                                             *
*   SHAPE OF THE OSCILLATOR-BASIS DIAMOND    (THREE CONSECUTIVE PROJECTIONS)  *
*                                                                             *
*******************************************************************************
*                                                                             *
*        NX ===>>>  0  1  2  3  4  5  6  7  8  9 10 11 12 13 14 15            *
*        MAX.NY => 15 14 13 12 11 10  9  8  7  6  5  4  3  2  1  0            *
*                 ------------------------------------------------            *
*   NY= 0  (15)  | 23 22 20 18 17 15 14 12 11  9  7  6  4  3  1  0            *
*   NY= 1  (14)  | 22 20 18 17 15 14 12 11  9  7  6  4  3  1  0               *
*   NY= 2  (13)  | 20 18 17 15 14 12 11  9  7  6  4  3  1  0                  *
*   NY= 3  (12)  | 18 17 15 14 12 11  9  7  6  4  3  1  0                     *
*   NY= 4  (11)  | 17 15 14 12 11  9  7  6  4  3  1  0                        *
*   NY= 5  (10)  | 15 14 12 11  9  7  6  4  3  1  0                           *
*   NY= 6  ( 9)  | 14 12 11  9  7  6  4  3  1  0                              *
*   NY= 7  ( 8)  | 12 11  9  7  6  4  3  1  0                                 *
*   NY= 8  ( 7)  | 11  9  7  6  4  3  1  0                                    *
*   NY= 9  ( 6)  |  9  7  6  4  3  1  0                                       *
*   NY=10  ( 5)  |  7  6  4  3  1  0                                          *
*   NY=11  ( 4)  |  6  4  3  1  0                                             *
*   NY=12  ( 3)  |  4  3  1  0                                                *
*   NY=13  ( 2)  |  3  1  0                                                   *
*   NY=14  ( 1)  |  1  0                                                      *
*   NY=15  ( 0)  |  0                                                         *
*                                                                             *
*                                                                             *
*        NZ ===>>>  0  1  2  3  4  5  6  7  8  9 10 11 12 13 14 15 16 17 18   *
*        MAX.NY => 15 14 13 13 12 11 11 10  9  9  8  8  7  6  6  5  4  4  3   *
*                 ---------------------------------------------------------   *
*   NY= 0  (23)  | 15 14 13 13 12 11 11 10  9  9  8  8  7  6  6  5  4  4  3   *
*   NY= 1  (22)  | 14 13 12 12 11 10 10  9  8  8  7  7  6  5  5  4  3  3  2   *
*   NY= 2  (20)  | 13 12 11 11 10  9  9  8  7  7  6  6  5  4  4  3  2  2  1   *
*   NY= 3  (18)  | 12 11 10 10  9  8  8  7  6  6  5  5  4  3  3  2  1  1  0   *
*   NY= 4  (17)  | 11 10  9  9  8  7  7  6  5  5  4  4  3  2  2  1  0  0      *
*   NY= 5  (15)  | 10  9  8  8  7  6  6  5  4  4  3  3  2  1  1  0            *
*   NY= 6  (14)  |  9  8  7  7  6  5  5  4  3  3  2  2  1  0  0               *
*   NY= 7  (12)  |  8  7  6  6  5  4  4  3  2  2  1  1  0                     *
*   NY= 8  (11)  |  7  6  5  5  4  3  3  2  1  1  0  0                        *
*   NY= 9  ( 9)  |  6  5  4  4  3  2  2  1  0  0                              *
*   NY=10  ( 7)  |  5  4  3  3  2  1  1  0                                    *
*   NY=11  ( 6)  |  4  3  2  2  1  0  0                                       *
*   NY=12  ( 4)  |  3  2  1  1  0                                             *
*   NY=13  ( 3)  |  2  1  0  0                                                *
*   NY=14  ( 1)  |  1  0                                                      *
*   NY=15  ( 0)  |  0                                                         *
*                                                                             *
*                                                                             *
*        NZ ===>>>  0  1  2  3  4  5  6  7  8  9 10 11 12 13 14 15 16 17 18   *
*        MAX.NX => 15 14 13 13 12 11 11 10  9  9  8  8  7  6  6  5  4  4  3   *
*                 ---------------------------------------------------------   *
*   NX= 0  (23)  | 15 14 13 13 12 11 11 10  9  9  8  8  7  6  6  5  4  4  3   *
*   NX= 1  (22)  | 14 13 12 12 11 10 10  9  8  8  7  7  6  5  5  4  3  3  2   *
*   NX= 2  (20)  | 13 12 11 11 10  9  9  8  7  7  6  6  5  4  4  3  2  2  1   *
*   NX= 3  (18)  | 12 11 10 10  9  8  8  7  6  6  5  5  4  3  3  2  1  1  0   *
*   NX= 4  (17)  | 11 10  9  9  8  7  7  6  5  5  4  4  3  2  2  1  0  0      *
*   NX= 5  (15)  | 10  9  8  8  7  6  6  5  4  4  3  3  2  1  1  0            *
*   NX= 6  (14)  |  9  8  7  7  6  5  5  4  3  3  2  2  1  0  0               *
*   NX= 7  (12)  |  8  7  6  6  5  4  4  3  2  2  1  1  0                     *
*   NX= 8  (11)  |  7  6  5  5  4  3  3  2  1  1  0  0                        *
*   NX= 9  ( 9)  |  6  5  4  4  3  2  2  1  0  0                              *
*   NX=10  ( 7)  |  5  4  3  3  2  1  1  0                                    *
*   NX=11  ( 6)  |  4  3  2  2  1  0  0                                       *
*   NX=12  ( 4)  |  3  2  1  1  0                                             *
*   NX=13  ( 3)  |  2  1  0  0                                                *
*   NX=14  ( 1)  |  1  0                                                      *
*   NX=15  ( 0)  |  0                                                         *
*                                                                             *
*******************************************************************************

*******************************************************************************
*                                                                             *
* NUCLIDE: N =  98  Z =  78  NUMBER OF ITERATIONS = 1000   CONTINUATION? = 1  *
*                                                                             *
*******************************************************************************
*                                                                             *
* ITERATIONS WILL STOP WHEN THE STABILITY BECOMES LOWER THAN EPSITE=0.300000  *
*                                            FOR    5 CONSECUTIVE ITERATIONS  *
*                                                                             *
*******************************************************************************
*                                                                             *
* ITERATIONS WILL STOP WHEN THE PING-PONG DIVERGENCE OCCURS FOR EPSPNG=0.010  *
*                                DURING    5 PAIRS OF CONSECUTIVE ITERATIONS  *
*                                                                             *
*******************************************************************************
*                                                                             *
* ITERATIONS WILL STOP FOR CHAOTIC-DIVERGENCE CONDITION OCCURING   20  TIMES  *
*                                                                             *
*******************************************************************************
*                                                                             *
* SLOW-DOWN PARAMETERS:                                                       *
* TIME-EVEN = 0.85   TIME-ODD = 0.85   PAIRING = 0.85   LIPKIN-NOGAMI = 0.85  *
*                    LIP-MASS = 0.50   LIP-MOI = 0.50   LIPKIN-METHOD = 0.50  *
*                                                                             *
*******************************************************************************
*                                                                             *
* BROYDEN METHOD IS:  ON                                                      *
*                                                                             *
*    TRIGGERED ONLY WHEN STABILITY IS LOWER THAN :  1000.000 MEV              *
*    INITIAL SLOWING FACTOR (BEFORE TRIGGER)     :     0.85 (=SLOWEV)         *
*    BROYDEN SLOWING FACTOR (AFTER  TRIGGER)     :     0.40 (=1-ALPHAM)       *
*    NUMBER OF ITERATIONS RETAINED IN MEMORY     :    10                      *
*                                                                             *
*******************************************************************************
*                                                                             *
* DIRECT COULOMB TERMS SOLVED BY GREEN FUNCTION AND FOURIER TRANSFORM METHOD  *
* COULOMB PARAMETERS:  NUMCOU = 80  NUMETA = 79  BOUCOU = 20.0  FURMAX =0.25  *
*                                                                             *
*******************************************************************************
*                                                                             *
* EXCHANGE COULOMB TERMS TREATED BY THE SLATER APPROXIMATION                  *
*                                                                             *
*******************************************************************************
*                                                                             *
* MAXIMUM NUMBERS OF MULTIPOLE MOMENTS USED FOR THE CONSTRAINTS,    NMUCON=4  *
*                                           FOR THE COULOMB FIELD,  NMUCOU=4  *
*                                           FOR THE OUTPUT INFO,    NMUPRI=4  *
*                                                                             *
*******************************************************************************
*                                                                             *
* MULTIPOLE CONSTRAINTS: LAMBDA= 2  MIU= 0  MOMENT=101.000  STIFFNESS= 0.500  *
*                        LAMBDA= 3  MIU= 0  MOMENT= 42.000  STIFFNESS= 0.500  *
*                                                                             *
*******************************************************************************
*                                                                             *
* LINEAR MULTIPOLE CONSTRAINTS: LAMBDA= 2  MIU= 0  LAGRANGE PAR. USED= 0.000  *
*                               LAMBDA= 3  MIU= 0  LAGRANGE PAR. USED= 0.000  *
*                                                                             *
*******************************************************************************
*                                                                             *
* THE LAGRANGE PARAMETERS OF THE LINEAR CONSTRAINTS ARE RE-ADJUSTED AT EACH   *
* ITERATION BY USING THE CRANKING APPROXIMATION OF THE RPA MATRIX             *
*                                                                             *
*******************************************************************************
*                                                                             *
* PRINTING THE RESULTS FOR THE FOLLOWING ITERATIONS:         THE  FIRST: YES  *
*                                                            THE MIDDLE:  NO  *
*                                                     AND/OR THE   LAST: YES  *
*                                                                             *
*******************************************************************************
*                                                                             *
* PRINTING THE MOMENTS, RADII, AND DEFORMATIONS FOR:           NEUTRONS: YES  *
*                                                              PROTONS : YES  *
*                                                              MASS    : YES  *
*                                                                             *
*******************************************************************************
*                                                                             *
* PRINTING THE MOMENTS, MOMENTA AND DEFORMATIONS IN THE INTRINSIC FRAME: YES  *
*                                                                             *
*******************************************************************************
*                                                                             *
* NILSSON LABELS OF SINGLE-PARTICLE STATES SHOWN WITH RESPECT TO THE: Z-AXIS  *
*                                                                             *
*******************************************************************************
*                                                                             *
* CALCULATIONS WITH THE HFB PAIRING CORRELATIONS                              *
*                                                                             *
*******************************************************************************
*                                                                             *
* CONTACT PAIRING INTERACTION:     V0        V1       RHO-SAT      POWER      *
*                    NEUTRONS:  -234.380   732.438     0.320     1.0000000    *
*                     PROTONS:  -260.437   813.866     0.320     1.0000000    *
*                                                                             *
*******************************************************************************
*                                                                             *
* CUTOFF ENERGY DEFINING THE ACTIVE HFB PAIRING SPACE=      60.000            *
*                                                                             *
*******************************************************************************
*                                                                             *
* CALCULATIONS WITH SIMPLEX SYMMETRY                                          *
*                                                                             *
*******************************************************************************
*                                                                             *
* CALCULATIONS WITH TIME-ODD SYMMETRIES:        T*SIMPLEX_X =>     CONSERVED  *
*                                               T*SIMPLEX_Y =>     CONSERVED  *
*                                               T*SIMPLEX_Z => NON CONSERVED  *
*                                                                             *
*******************************************************************************
*                                                                             *
* CALCULATIONS WITHOUT ROTATION                                               *
*                                                                             *
*******************************************************************************

*******************************************************************************
*                                                                             *
*  CALLING SUBROUTINE "RECORD" TO READ THE REPLAY FILE OBTAINED PREVIOUSLY    *
*  ./restart/HFODD_00000034.REC                                               *
*                                                                             *
*******************************************************************************

*******************************************************************************
*                                                                             *
*  SINGLE-QUASIPARTICLE PROPERTIES:                                NEUTRONS   *
*                                                                             *
*******************************************************************************
*                                                                             *
*  NO)   ENERGY   (S=+,S=-)       PARITY   V2QUAP   EEQUIV   DEQUIV   V_CORR  *
*                                                                             *
*  51)    9.763   ( 26,  0)        0.335  0.99918  -19.386    0.560  0.99996  *
*  52)    9.763   (  0, 26)        0.335  0.99918  -19.386    0.560  0.99996  *
*  53)    9.239   ( 27,  0)       -0.859  0.99910  -18.861    0.555  0.99996  *
*  54)    9.239   (  0, 27)       -0.859  0.99910  -18.861    0.555  0.99996  *
*  55)    8.894   ( 28,  0)        0.618  0.99827  -18.502    0.740  0.99991  *
*  56)    8.894   (  0, 28)        0.618  0.99827  -18.502    0.740  0.99991  *
*  57)    8.301   ( 29,  0)        0.531  0.99852  -17.915    0.639  0.99992  *
*  58)    8.301   (  0, 29)        0.531  0.99852  -17.915    0.639  0.99992  *
*  59)    7.909   ( 30,  0)        0.247  0.99735  -17.506    0.814  0.99985  *
*  60)    7.909   (  0, 30)        0.247  0.99735  -17.506    0.814  0.99985  *
*  61)    7.358   (  0, 31)        0.302  0.99402  -16.908    1.134  0.99963  *
*  62)    7.358   ( 31,  0)        0.302  0.99402  -16.908    1.134  0.99963  *
*  63)    6.837   (  0, 32)       -0.422  0.99838  -16.454    0.550  0.99989  *
*  64)    6.837   ( 32,  0)       -0.422  0.99838  -16.454    0.550  0.99989  *
*  65)    6.420   ( 33,  0)        0.010  0.99805  -16.034    0.567  0.99986  *
*  66)    6.420   (  0, 33)        0.010  0.99805  -16.034    0.567  0.99986  *
*  67)    6.281   (  0, 34)       -0.364  0.99325  -15.835    1.029  0.99951  *
*  68)    6.281   ( 34,  0)       -0.364  0.99325  -15.835    1.029  0.99951  *
*  69)    5.893   ( 35,  0)       -0.584  0.99795  -15.508    0.533  0.99984  *
*  70)    5.893   (  0, 35)       -0.584  0.99795  -15.508    0.533  0.99984  *
*  71)    5.831   (  0, 36)       -0.521  0.99819  -15.448    0.496  0.99986  *
*  72)    5.831   ( 36,  0)       -0.521  0.99819  -15.448    0.496  0.99986  *
*  73)    5.543   ( 37,  0)       -0.625  0.99803  -15.160    0.491  0.99984  *
*  74)    5.543   (  0, 37)       -0.625  0.99803  -15.160    0.491  0.99984  *
*  75)    5.422   (  0, 38)        0.685  0.99777  -15.036    0.512  0.99981  *
*  76)    5.422   ( 38,  0)        0.685  0.99777  -15.036    0.512  0.99981  *
*  77)    4.502   ( 39,  0)       -0.359  0.99637  -14.108    0.541  0.99961  *
*  78)    4.502   (  0, 39)       -0.359  0.99637  -14.108    0.541  0.99961  *
*  79)    3.364   ( 40,  0)       -0.472  0.99347  -12.959    0.542  0.99902  *
*  80)    3.364   (  0, 40)       -0.472  0.99347  -12.959    0.542  0.99902  *
*  81)    2.971   ( 41,  0)       -0.185  0.99329  -12.570    0.485  0.99883  *
*  82)    2.971   (  0, 41)       -0.185  0.99329  -12.570    0.485  0.99883  *
*  83)    2.597   ( 42,  0)        0.037  0.97941  -12.129    0.738  0.99578  *
*  84)    2.597   (  0, 42)        0.037  0.97941  -12.129    0.738  0.99578  *
*  85)    2.395   (  0, 43)        0.148  0.99082  -11.990    0.457  0.99790  *
*  86)    2.395   ( 43,  0)        0.148  0.99082  -11.990    0.457  0.99790  *
*  87)    1.606   ( 44,  0)        0.524  0.97816  -11.175    0.469  0.99134  *
*  88)    1.606   (  0, 44)        0.524  0.97816  -11.175    0.469  0.99134  *
*  89)    1.661   (  0, 45)        0.230  0.93206  -11.074    0.836  0.97554  *
*  90)    1.661   ( 45,  0)        0.230  0.93206  -11.074    0.836  0.97554  *
*  91)    1.447   ( 46,  0)       -0.465  0.96768  -10.992    0.512  0.98515  *
*  92)    1.447   (  0, 46)       -0.465  0.96768  -10.992    0.512  0.98515  *
*  93)    1.090   (  0, 47)       -0.109  0.94772  -10.615    0.485  0.96286  *
*  94)    1.090   ( 47,  0)       -0.109  0.94772  -10.615    0.485  0.96286  *
*  95)    2.535   ( 48,  0)        0.452  0.68662  -10.585    2.352  0.94292  *
*  96)    2.535   (  0, 48)        0.452  0.68662  -10.585    2.352  0.94292  *
*  97)    1.023   ( 49,  0)        0.142  0.95123  -10.562    0.441  0.96092  *
*  98)    1.023   (  0, 49)        0.142  0.95123  -10.562    0.441  0.96092  *
*  99)    0.608   ( 50,  0)        0.823  0.79409   -9.996    0.491  0.74720  *
* 100)    0.608   (  0, 50)        0.823  0.79409   -9.996    0.491  0.74720  *
* 101)    0.521   ( 51,  0)        0.020  0.26473   -9.394    0.460  0.58325  *
* 102)    0.521   (  0, 51)        0.020  0.26473   -9.394    0.460  0.58325  *
* 103)    0.648   (  0, 52)       -0.560  0.12419   -9.152    0.428  0.62374  *
* 104)    0.648   ( 52,  0)       -0.560  0.12419   -9.152    0.428  0.62374  *
* 105)    2.494   (  0, 53)        0.181  0.31548   -8.718    2.318  0.89134  *
* 106)    2.494   ( 53,  0)        0.181  0.31548   -8.718    2.318  0.89134  *
* 107)    1.615   ( 54,  0)        0.024  0.06791   -8.244    0.812  0.80402  *
* 108)    1.615   (  0, 54)        0.024  0.06791   -8.244    0.812  0.80402  *
* 109)    1.667   (  0, 55)        0.183  0.01630   -8.026    0.422  0.80317  *
* 110)    1.667   ( 55,  0)        0.183  0.01630   -8.026    0.422  0.80317  *
* 111)    2.297   ( 56,  0)       -0.135  0.01003   -7.387    0.458  0.84852  *
* 112)    2.297   (  0, 56)       -0.135  0.01003   -7.387    0.458  0.84852  *
* 113)    2.550   (  0, 57)       -0.083  0.01975   -7.189    0.710  0.86241  *
* 114)    2.550   ( 57,  0)       -0.083  0.01975   -7.189    0.710  0.86241  *
* 115)    2.748   ( 58,  0)       -0.100  0.00761   -6.932    0.478  0.86995  *
* 116)    2.748   (  0, 58)       -0.100  0.00761   -6.932    0.478  0.86995  *
* 117)    3.072   ( 59,  0)        0.152  0.00351   -6.588    0.364  0.88171  *
* 118)    3.072   (  0, 59)        0.152  0.00351   -6.588    0.364  0.88171  *
* 119)    3.097   ( 60,  0)       -0.514  0.00553   -6.576    0.459  0.88273  *
* 120)    3.097   (  0, 60)       -0.514  0.00553   -6.576    0.459  0.88273  *
* 121)    3.125   (  0, 61)        0.053  0.00440   -6.542    0.413  0.88353  *
* 122)    3.125   ( 61,  0)        0.053  0.00440   -6.542    0.413  0.88353  *
* 123)    3.304   ( 62,  0)        0.341  0.00500   -6.368    0.466  0.88920  *
* 124)    3.304   (  0, 62)        0.341  0.00500   -6.368    0.466  0.88920  *
* 125)    3.427   ( 63,  0)        0.463  0.00363   -6.237    0.412  0.89265  *
* 126)    3.427   (  0, 63)        0.463  0.00363   -6.237    0.412  0.89265  *
* 127)    3.577   (  0, 64)       -0.683  0.00554   -6.101    0.531  0.89685  *
* 128)    3.577   ( 64,  0)       -0.683  0.00554   -6.101    0.531  0.89685  *
* 129)    3.734   ( 65,  0)        0.696  0.00256   -5.924    0.377  0.90052  *
* 130)    3.734   (  0, 65)        0.696  0.00256   -5.924    0.377  0.90052  *
* 131)    4.009   (  0, 66)        0.346  0.00251   -5.650    0.401  0.90671  *
* 132)    4.009   ( 66,  0)        0.346  0.00251   -5.650    0.401  0.90671  *
* 133)    4.811   ( 67,  0)        0.706  0.00231   -4.850    0.462  0.92102  *
* 134)    4.811   (  0, 67)        0.706  0.00231   -4.850    0.462  0.92102  *
* 135)    5.444   (  0, 68)       -0.136  0.00268   -4.224    0.563  0.92959  *
* 136)    5.444   ( 68,  0)       -0.136  0.00268   -4.224    0.563  0.92959  *
* 137)    5.948   (  0, 69)       -0.083  0.00669   -3.770    0.970  0.93539  *
* 138)    5.948   ( 69,  0)       -0.083  0.00669   -3.770    0.970  0.93539  *
* 139)    6.223   (  0, 70)        0.319  0.00143   -3.434    0.470  0.93779  *
* 140)    6.223   ( 70,  0)        0.319  0.00143   -3.434    0.470  0.93779  *
* 141)    6.368   (  0, 71)       -0.374  0.00090   -3.282    0.383  0.93909  *
* 142)    6.368   ( 71,  0)       -0.374  0.00090   -3.282    0.383  0.93909  *
* 143)    6.653   (  0, 72)       -0.120  0.00131   -3.003    0.481  0.94157  *
* 144)    6.653   ( 72,  0)       -0.120  0.00131   -3.003    0.481  0.94157  *
* 145)    7.122   ( 73,  0)        0.181  0.00191   -2.544    0.622  0.94524  *
* 146)    7.122   (  0, 73)        0.181  0.00191   -2.544    0.622  0.94524  *
* 147)    7.506   (  0, 74)       -0.324  0.00125   -2.152    0.531  0.94786  *
* 148)    7.506   ( 74,  0)       -0.324  0.00125   -2.152    0.531  0.94786  *
* 149)    7.580   ( 75,  0)        0.181  0.00548   -2.142    1.119  0.94853  *
* 150)    7.580   (  0, 75)        0.181  0.00548   -2.142    1.119  0.94853  *
* 151)    7.768   ( 76,  0)        0.184  0.00076   -1.882    0.429  0.94951  *
* 152)    7.768   (  0, 76)        0.184  0.00076   -1.882    0.429  0.94951  *
* 153)    7.881   (  0, 77)        0.083  0.00098   -1.773    0.494  0.95021  *
* 154)    7.881   ( 77,  0)        0.083  0.00098   -1.773    0.494  0.95021  *
* 155)    7.923   (  0, 78)        0.260  0.00126   -1.735    0.562  0.95047  *
* 156)    7.923   ( 78,  0)        0.260  0.00126   -1.735    0.562  0.95047  *
* 157)    8.099   ( 79,  0)        0.003  0.00092   -1.555    0.491  0.95148  *
* 158)    8.099   (  0, 79)        0.003  0.00092   -1.555    0.491  0.95148  *
* 159)    8.460   (  0, 80)       -0.039  0.00151   -1.204    0.656  0.95348  *
* 160)    8.460   ( 80,  0)       -0.039  0.00151   -1.204    0.656  0.95348  *
* 161)    8.504   (  0, 81)        0.282  0.00091   -1.151    0.512  0.95368  *
* 162)    8.504   ( 81,  0)        0.282  0.00091   -1.151    0.512  0.95368  *
* 163)    8.845   (  0, 82)       -0.031  0.00098   -0.811    0.554  0.95539  *
* 164)    8.845   ( 82,  0)       -0.031  0.00098   -0.811    0.554  0.95539  *
* 165)    9.226   (  0, 83)       -0.570  0.00066   -0.425    0.474  0.95714  *
* 166)    9.226   ( 83,  0)       -0.570  0.00066   -0.425    0.474  0.95714  *
* 167)    9.417   (  0, 84)        0.166  0.00054   -0.232    0.439  0.95797  *
* 168)    9.417   ( 84,  0)        0.166  0.00054   -0.232    0.439  0.95797  *
* 169)    9.801   (  0, 85)        0.259  0.00040    0.155    0.391  0.95955  *
* 170)    9.801   ( 85,  0)        0.259  0.00040    0.155    0.391  0.95955  *
*                                                                             *
*1706)   TOTAL=  ( 853, 853)                                                  *
*                                                                             *
*******************************************************************************

*******************************************************************************
*                                                                             *
*  SINGLE-PARTICLE PROPERTIES: CANONICAL                           NEUTRONS   *
*                                                                             *
*******************************************************************************
*                                                                             *
*  NO)   ENERGY   (S=+,S=-)   | N,nz,lz,OMEz>   <P>    <JY>    <SY>   GFACT   *
*                                                                             *
*  44)  -11.998   ( 44,---)   | 3, 0, 1, 3/2>    12   0.000   0.000   0.045   *
*  45)  -11.240   ( 45,---)   | 6, 4, 0, 1/2>    23  -0.862  -0.370   0.429   *
*  46)  -11.177   ( 46,---)   | 6, 4, 2, 3/2>    52  -0.000   0.000  -4.202   *
*  47)  -11.009   ( 47,---)   | 5, 3, 2, 5/2>   -47  -0.000  -0.000   0.588   *
*  48)  -10.618   ( 48,---)   | 4, 1, 3, 5/2>   -11   0.000  -0.000  -0.179   *
*  49)  -10.566   ( 49,---)   | 4, 1, 1, 1/2>    15   0.157  -0.119  -0.761   *
*  50)   -9.996   ( 50,---)   | 6, 3, 3, 7/2>    81   0.000  -0.000  -0.083   *
*  51)   -9.392   ( 51,---)   | 7, 6, 1, 3/2>     3  -0.000   0.000  -0.211   *
*  52)   -9.144   ( 52,---)   | 5, 2, 1, 3/2>   -54   0.000   0.000   0.018   *
*  53)   -8.026   ( 53,---)   | 5, 2, 1, 1/2>   -47  -0.335  -0.131   0.392   *
*  54)   -7.841   ( 54,---)   | 4, 0, 2, 5/2>    30   0.000   0.000   2.538   *
*  55)   -7.322   ( 55,---)   | 8, 7, 1, 1/2>    -2  -0.811  -0.203   0.251   *
*  56)   -7.091   ( 56,---)   | 4, 0, 4, 9/2>    13   0.000   0.000   0.974   *
*  57)   -7.056   ( 57,---)   | 7, 6, 1, 1/2>   -27   0.072  -0.232  -3.204   *
*  58)   -6.950   ( 58,---)   | 5, 2, 3, 5/2>   -26  -0.000   0.000 -1.E+01   *
*  59)   -6.499   ( 59,---)   | 7, 5, 2, 3/2>   -45   0.000  -0.000  -0.014   *
*  60)   -6.365   ( 60,---)   | 8, 8, 0, 1/2>    25  -1.451  -0.418   0.288   *
*  61)   -6.296   ( 61,---)   | 7, 5, 2, 5/2>    28  -0.000   0.000  -0.021   *
*  62)   -6.276   ( 62,---)   | 4, 0, 0, 1/2>    39  -0.208  -0.469   2.258   *
*  63)   -5.990   ( 63,---)   | 7, 4, 3, 7/2>   -78   0.000   0.000   0.003   *
*  64)   -5.934   ( 64,---)   | 6, 3, 1, 3/2>    77  -0.000  -0.000   0.719   *
*  65)   -5.670   ( 65,---)   | 4, 0, 2, 3/2>    47  -0.000  -0.000   2.341   *
*  66)   -5.456   ( 66,---)   | 4, 0, 4, 7/2>    46  -0.000  -0.000   1.053   *
*  67)   -4.473   ( 67,---)   | 6, 3, 1, 1/2>    78   0.314  -0.054  -0.173   *
*  68)   -3.992   ( 68,---)   | 8, 7, 1, 3/2>    27   0.000   0.000   0.066   *
*  69)   -3.360   ( 69,---)   | 6, 3, 3, 5/2>    72  -0.000  -0.000   0.001   *
*  70)   -3.109   ( 70,---)   | 6, 2, 4, 9/2>    33  -0.000   0.000 -1.E+01   *
*  71)   -2.801   ( 71,---)   | 5, 0, 5,11/2>   -46   0.000  -0.000  -0.015   *
*  72)   -2.111   ( 72,---)   | 8, 6, 0, 1/2>    12  -0.842  -0.344   0.408   *
*  73)   -1.749   ( 73,---)   | 4, 0, 2, 5/2>   -13  -0.000   0.000  -0.363   *
*  74)   -1.552   ( 74,---)   | 8, 7, 1, 1/2>    14  -0.093  -0.219   2.347   *
*  75)   -1.532   ( 75,---)   | 5, 1, 2, 5/2>     7   0.000   0.000   2.420   *
*  76)   -1.354   ( 76,---)   | 8, 6, 2, 3/2>    14   0.000  -0.000  -0.013   *
*  77)   -1.328   ( 77,---)   | 8, 5, 3, 7/2>    57   0.000  -0.000  -0.234   *
*  78)   -1.301   ( 78,---)   | 7, 4, 1, 3/2>   -56  -0.000  -0.000   0.542   *
*  79)   -0.275   ( 79,---)   | 9, 9, 0, 1/2>   -58  -2.089  -0.357   0.171   *
*  80)   -0.068   ( 80,---)   | 4, 0, 0, 1/2>     0  -0.108  -0.432   3.979   *
*                                                                             *
*******************************************************************************

*******************************************************************************
*                                                                             *
*  HFB PAIRING PROPERTIES                                           NEUTRONS  *
*                                                                             *
*  STRENGTH= 0.0779   GAP=-0.4583   FERMI ENERGY=-10.0522   ENERGY=  -2.6975  *
*                                                                             *
*******************************************************************************

*******************************************************************************
*                                                                             *
*  MULTIPOLE MOMENTS [UNITS:  (10 FERMI)^LAMBDA]                    NEUTRONS  *
*                                                                             *
*******************************************************************************
*                                                                             *
*  Q00 = 98.0000  .............  .............  .............  .............  *
*                                                                             *
*  Q10 =  3.3270  Q11 =    ZERO  .............  .............  .............  *
*                                                                             *
*  Q20 = 50.4466  Q21 =    ZERO  Q22 = 2.5E-09  .............  .............  *
*                                                                             *
*  Q30 =  5.6105  Q31 =    ZERO  Q32 = 2.1E-09  Q33 =    ZERO  .............  *
*                                                                             *
*  Q40 = 10.4524  Q41 =    ZERO  Q42 =    ZERO  Q43 =    ZERO  Q44 =-2.8E-07  *
*                                                                             *
*******************************************************************************

*******************************************************************************
*                                                                             *
*  ROOT-MEAN-SQUARE AND GEOMETRIC SIZES IN FERMIS                   NEUTRONS  *
*                                                                             *
*  R_RMS =  6.5143     X_RMS =  2.3592    Y_RMS =  2.3592    Z_RMS =  5.5950  *
*                                                                             *
*  R_GEO =  8.4099     X_GEO =  5.2754    Y_GEO =  5.2754    Z_GEO = 12.5108  *
*                                                                             *
*******************************************************************************

*******************************************************************************
*                                                                             *
*  BOHR DEFORMATIONS (FIRST-ORDER APPROXIMATION)                    NEUTRONS  *
*                                                                             *
*******************************************************************************
*                                                                             *
*  B10 =  0.0826  B11 =    ZERO  .............  .............  .............  *
*                                                                             *
*  B20 =  0.9615  B21 =    ZERO  B22 =    ZERO  .............  .............  *
*                                                                             *
*  B30 =  0.4032  B31 =    ZERO  B32 = 2.1E-10  B33 =    ZERO  .............  *
*                                                                             *
*  B40 =  0.8931  B41 =    ZERO  B42 =    ZERO  B43 =    ZERO  B44 =-3.4E-08  *
*                                                                             *
*******************************************************************************
*                                                                             *
*  BOHR DENSITY = 0.0393 FM^(-3)  BOHR RADIUS =   8.4099 FM                   *
*                                                                             *
*******************************************************************************

*******************************************************************************
*                                                                             *
*  SINGLE-QUASIPARTICLE PROPERTIES:                                 PROTONS   *
*                                                                             *
*******************************************************************************
*                                                                             *
*  NO)   ENERGY   (S=+,S=-)       PARITY   V2QUAP   EEQUIV   DEQUIV   V_CORR  *
*                                                                             *
*  39)    9.140   ( 20,  0)       -0.116  0.99579  -11.649    1.184  0.99988  *
*  40)    9.140   (  0, 20)       -0.116  0.99579  -11.649    1.184  0.99988  *
*  41)    8.706   (  0, 21)        0.711  0.99919  -11.278    0.495  0.99998  *
*  42)    8.706   ( 21,  0)        0.711  0.99919  -11.278    0.495  0.99998  *
*  43)    8.541   ( 22,  0)       -0.493  0.99920  -11.113    0.483  0.99998  *
*  44)    8.541   (  0, 22)       -0.493  0.99920  -11.113    0.483  0.99998  *
*  45)    8.029   (  0, 23)       -0.094  0.99924  -10.603    0.444  0.99998  *
*  46)    8.029   ( 23,  0)       -0.094  0.99924  -10.603    0.444  0.99998  *
*  47)    7.639   ( 24,  0)       -0.280  0.99919  -10.212    0.436  0.99997  *
*  48)    7.639   (  0, 24)       -0.280  0.99919  -10.212    0.436  0.99997  *
*  49)    6.775   ( 25,  0)       -0.407  0.99902   -9.348    0.424  0.99996  *
*  50)    6.775   (  0, 25)       -0.407  0.99902   -9.348    0.424  0.99996  *
*  51)    6.330   ( 26,  0)        0.270  0.99763   -8.886    0.615  0.99990  *
*  52)    6.330   (  0, 26)        0.270  0.99763   -8.886    0.615  0.99990  *
*  53)    5.644   (  0, 27)       -0.846  0.99831   -8.211    0.464  0.99992  *
*  54)    5.644   ( 27,  0)       -0.846  0.99831   -8.211    0.464  0.99992  *
*  55)    5.089   (  0, 28)        0.613  0.99806   -7.656    0.448  0.99990  *
*  56)    5.089   ( 28,  0)        0.613  0.99806   -7.656    0.448  0.99990  *
*  57)    4.887   ( 29,  0)        0.546  0.98157   -7.293    1.315  0.99901  *
*  58)    4.887   (  0, 29)        0.546  0.98157   -7.293    1.315  0.99901  *
*  59)    4.386   ( 30,  0)        0.293  0.99725   -6.948    0.460  0.99983  *
*  60)    4.386   (  0, 30)        0.293  0.99725   -6.948    0.460  0.99983  *
*  61)    3.969   ( 31,  0)        0.191  0.99679   -6.529    0.449  0.99978  *
*  62)    3.969   (  0, 31)        0.191  0.99679   -6.529    0.449  0.99978  *
*  63)    2.570   (  0, 32)       -0.040  0.99320   -5.121    0.422  0.99925  *
*  64)    2.570   ( 32,  0)       -0.040  0.99320   -5.121    0.422  0.99925  *
*  65)    2.536   ( 33,  0)       -0.303  0.99252   -5.084    0.437  0.99917  *
*  66)    2.536   (  0, 33)       -0.303  0.99252   -5.084    0.437  0.99917  *
*  67)    2.467   ( 34,  0)       -0.616  0.99177   -5.013    0.446  0.99905  *
*  68)    2.467   (  0, 34)       -0.616  0.99177   -5.013    0.446  0.99905  *
*  69)    2.185   (  0, 35)       -0.450  0.99200   -4.736    0.389  0.99894  *
*  70)    2.185   ( 35,  0)       -0.450  0.99200   -4.736    0.389  0.99894  *
*  71)    1.865   ( 36,  0)       -0.638  0.98757   -4.404    0.413  0.99801  *
*  72)    1.865   (  0, 36)       -0.638  0.98757   -4.404    0.413  0.99801  *
*  73)    1.858   ( 37,  0)        0.569  0.98553   -4.390    0.444  0.99767  *
*  74)    1.858   (  0, 37)        0.569  0.98553   -4.390    0.444  0.99767  *
*  75)    1.212   (  0, 38)       -0.464  0.97433   -3.736    0.383  0.99289  *
*  76)    1.212   ( 38,  0)       -0.464  0.97433   -3.736    0.383  0.99289  *
*  77)    0.992   (  0, 39)       -0.258  0.94605   -3.471    0.448  0.98071  *
*  78)    0.992   ( 39,  0)       -0.258  0.94605   -3.471    0.448  0.98071  *
*  79)    0.701   ( 40,  0)       -0.490  0.11611   -2.047    0.449  0.75697  *
*  80)    0.701   (  0, 40)       -0.490  0.11611   -2.047    0.449  0.75697  *
*  81)    0.742   ( 41,  0)       -0.196  0.09614   -1.987    0.437  0.76481  *
*  82)    0.742   (  0, 41)       -0.196  0.09614   -1.987    0.437  0.76481  *
*  83)    1.058   (  0, 42)        0.081  0.04468   -1.623    0.437  0.81802  *
*  84)    1.058   ( 42,  0)        0.081  0.04468   -1.623    0.437  0.81802  *
*  85)    1.707   ( 43,  0)        0.287  0.01398   -0.926    0.401  0.87657  *
*  86)    1.707   (  0, 43)        0.287  0.01398   -0.926    0.401  0.87657  *
*  87)    1.865   (  0, 44)        0.334  0.01198   -0.766    0.406  0.88565  *
*  88)    1.865   ( 44,  0)        0.334  0.01198   -0.766    0.406  0.88565  *
*  89)    2.033   (  0, 45)        0.208  0.01017   -0.594    0.408  0.89399  *
*  90)    2.033   ( 45,  0)        0.208  0.01017   -0.594    0.408  0.89399  *
*  91)    2.157   (  0, 46)        0.221  0.00887   -0.468    0.404  0.89935  *
*  92)    2.157   ( 46,  0)        0.221  0.00887   -0.468    0.404  0.89935  *
*  93)    2.285   (  0, 47)       -0.469  0.00915   -0.343    0.435  0.90449  *
*  94)    2.285   ( 47,  0)       -0.469  0.00915   -0.343    0.435  0.90449  *
*  95)    2.664   (  0, 48)        0.137  0.00697    0.041    0.443  0.91683  *
*  96)    2.664   ( 48,  0)        0.137  0.00697    0.041    0.443  0.91683  *
*  97)    3.000   ( 49,  0)        0.097  0.00383    0.392    0.370  0.92526  *
*  98)    3.000   (  0, 49)        0.097  0.00383    0.392    0.370  0.92526  *
*  99)    3.500   ( 50,  0)        0.868  0.00397    0.886    0.440  0.93526  *
* 100)    3.500   (  0, 50)        0.868  0.00397    0.886    0.440  0.93526  *
* 101)    4.024   (  0, 51)       -0.038  0.00307    1.413    0.445  0.94316  *
* 102)    4.024   ( 51,  0)       -0.038  0.00307    1.413    0.445  0.94316  *
* 103)    4.919   (  0, 52)        0.529  0.01755    2.160    1.292  0.95362  *
* 104)    4.919   ( 52,  0)        0.529  0.01755    2.160    1.292  0.95362  *
* 105)    5.592   ( 53,  0)        0.013  0.00172    2.987    0.464  0.95839  *
* 106)    5.592   (  0, 53)        0.013  0.00172    2.987    0.464  0.95839  *
* 107)    6.088   (  0, 54)        0.020  0.00120    3.488    0.422  0.96163  *
* 108)    6.088   ( 54,  0)        0.020  0.00120    3.488    0.422  0.96163  *
* 109)    6.309   ( 55,  0)       -0.361  0.00120    3.708    0.437  0.96293  *
* 110)    6.309   (  0, 55)       -0.361  0.00120    3.708    0.437  0.96293  *
* 111)    6.321   (  0, 56)       -0.258  0.00103    3.722    0.405  0.96299  *
* 112)    6.321   ( 56,  0)       -0.258  0.00103    3.722    0.405  0.96299  *
* 113)    6.580   (  0, 57)        0.140  0.00209    3.967    0.601  0.96443  *
* 114)    6.580   ( 57,  0)        0.140  0.00209    3.967    0.601  0.96443  *
* 115)    6.675   (  0, 58)        0.210  0.00088    4.077    0.396  0.96488  *
* 116)    6.675   ( 58,  0)        0.210  0.00088    4.077    0.396  0.96488  *
* 117)    7.024   ( 59,  0)        0.086  0.00096    4.425    0.435  0.96657  *
* 118)    7.024   (  0, 59)        0.086  0.00096    4.425    0.435  0.96657  *
* 119)    7.225   ( 60,  0)        0.396  0.00078    4.628    0.403  0.96746  *
* 120)    7.225   (  0, 60)        0.396  0.00078    4.628    0.403  0.96746  *
* 121)    7.243   ( 61,  0)        0.184  0.00067    4.647    0.375  0.96754  *
* 122)    7.243   (  0, 61)        0.184  0.00067    4.647    0.375  0.96754  *
* 123)    7.404   ( 62,  0)       -0.664  0.00082    4.806    0.424  0.96822  *
* 124)    7.404   (  0, 62)       -0.664  0.00082    4.806    0.424  0.96822  *
* 125)    7.950   ( 63,  0)        0.614  0.00056    5.355    0.378  0.97033  *
* 126)    7.950   (  0, 63)        0.614  0.00056    5.355    0.378  0.97033  *
* 127)    7.968   (  0, 64)        0.272  0.00063    5.372    0.399  0.97040  *
* 128)    7.968   ( 64,  0)        0.272  0.00063    5.372    0.399  0.97040  *
* 129)    8.867   ( 65,  0)        0.352  0.00037    6.275    0.339  0.97332  *
* 130)    8.867   (  0, 65)        0.352  0.00037    6.275    0.339  0.97332  *
* 131)    8.883   ( 66,  0)        0.194  0.00042    6.290    0.364  0.97336  *
* 132)    8.883   (  0, 66)        0.194  0.00042    6.290    0.364  0.97336  *
* 133)    9.181   (  0, 67)       -0.018  0.00394    6.523    1.150  0.97429  *
* 134)    9.181   ( 67,  0)       -0.018  0.00394    6.523    1.150  0.97429  *
* 135)    9.211   ( 68,  0)        0.402  0.00057    6.614    0.440  0.97429  *
* 136)    9.211   (  0, 68)        0.402  0.00057    6.614    0.440  0.97429  *
* 137)    9.574   ( 69,  0)        0.667  0.00052    6.978    0.436  0.97524  *
* 138)    9.574   (  0, 69)        0.667  0.00052    6.978    0.436  0.97524  *
*                                                                             *
*1330)   TOTAL=  ( 665, 665)                                                  *
*                                                                             *
*******************************************************************************

*******************************************************************************
*                                                                             *
*  SINGLE-PARTICLE PROPERTIES: CANONICAL                            PROTONS   *
*                                                                             *
*******************************************************************************
*                                                                             *
*  NO)   ENERGY   (S=+,S=-)   | N,nz,lz,OMEz>   <P>    <JY>    <SY>   GFACT   *
*                                                                             *
*  21)  -11.880   ( 21,---)   | 5, 5, 0, 1/2>    -7  -1.431  -0.444   0.310   *
*  22)  -11.353   ( 22,---)   | 4, 2, 2, 5/2>    50   0.000   0.000   1.054   *
*  23)  -10.706   ( 23,---)   | 3, 1, 2, 3/2>    -7  -0.000  -0.000   0.949   *
*  24)  -10.518   ( 24,---)   | 3, 1, 0, 1/2>   -24  -0.118  -0.430   3.634   *
*  25)   -9.349   ( 25,---)   | 3, 0, 3, 7/2>   -41  -0.000  -0.000   0.013   *
*  26)   -8.908   ( 26,---)   | 4, 3, 1, 3/2>    28   0.000   0.000   0.177   *
*  27)   -8.228   ( 27,---)   | 5, 3, 2, 5/2>   -85  -0.000  -0.000   0.056   *
*  28)   -7.696   ( 28,---)   | 4, 2, 0, 1/2>    57  -0.473  -0.480   1.014   *
*  29)   -7.452   ( 29,---)   | 4, 2, 2, 3/2>    52   0.000   0.000   0.692   *
*  30)   -6.975   ( 30,---)   | 6, 6, 0, 1/2>    27  -1.602  -0.366   0.228   *
*  31)   -6.541   ( 31,---)   | 5, 4, 1, 1/2>    18   0.221  -0.141  -0.638   *
*  32)   -5.123   ( 32,---)   | 3, 0, 3, 7/2>    -3   0.000   0.000   0.028   *
*  33)   -5.088   ( 33,---)   | 3, 0, 3, 5/2>   -31   0.000  -0.000  -0.143   *
*  34)   -4.904   ( 34,---)   | 3, 0, 1, 3/2>   -52  -0.000   0.000  -0.081   *
*  35)   -4.853   ( 35,---)   | 3, 0, 1, 3/2>   -54  -0.000   0.000  -5.618   *
*  36)   -4.409   ( 36,---)   | 5, 3, 0, 1/2>   -63  -0.594  -0.458   0.771   *
*  37)   -4.393   ( 37,---)   | 6, 4, 2, 5/2>    58  -0.000  -0.000   0.103   *
*  38)   -3.737   ( 38,---)   | 3, 0, 1, 1/2>   -46   0.196  -0.031  -0.159   *
*  39)   -3.471   ( 39,---)   | 5, 3, 2, 3/2>   -25   0.000   0.000   0.068   *
*  40)   -2.044   ( 40,---)   | 5, 2, 3, 7/2>   -47   0.000   0.000   0.551   *
*  41)   -1.984   ( 41,---)   | 7, 7, 0, 1/2>   -19  -1.768  -0.359   0.203   *
*  42)   -1.615   ( 42,---)   | 6, 5, 1, 1/2>     6   0.318  -0.148  -0.466   *
*  43)   -0.855   ( 43,---)   | 8, 6, 2, 3/2>    51   0.000   0.000   0.174   *
*  44)   -0.740   ( 44,---)   | 4, 0, 4, 9/2>    33  -0.000  -0.000   0.261   *
*  45)   -0.595   ( 45,---)   | 3, 0, 1, 3/2>     7  -0.000   0.000  -0.042   *
*  46)   -0.409   ( 46,---)   | 4, 2, 0, 1/2>    18  -0.832  -0.450   0.541   *
*  47)   -0.295   ( 47,---)   | 5, 3, 2, 5/2>   -46   0.000  -0.000  -0.049   *
*                                                                             *
*******************************************************************************

*******************************************************************************
*                                                                             *
*  HFB PAIRING PROPERTIES                                            PROTONS  *
*                                                                             *
*  STRENGTH= 0.0917   GAP= 0.4268   FERMI ENERGY= -2.8291   ENERGY=  -1.9857  *
*                                                                             *
*******************************************************************************

*******************************************************************************
*                                                                             *
*  MULTIPOLE MOMENTS [UNITS:  (10 FERMI)^LAMBDA]                     PROTONS  *
*                                                                             *
*******************************************************************************
*                                                                             *
*  Q00 = 78.0000  .............  .............  .............  .............  *
*                                                                             *
*  Q10 =  2.7764  Q11 =    ZERO  .............  .............  .............  *
*                                                                             *
*  Q20 = 41.5932  Q21 =    ZERO  Q22 = 2.3E-09  .............  .............  *
*                                                                             *
*  Q30 =  4.7936  Q31 =    ZERO  Q32 = 1.5E-09  Q33 =    ZERO  .............  *
*                                                                             *
*  Q40 =  8.7811  Q41 =    ZERO  Q42 =    ZERO  Q43 =    ZERO  Q44 = 1.3E-08  *
*                                                                             *
*******************************************************************************

*******************************************************************************
*                                                                             *
*  ROOT-MEAN-SQUARE AND GEOMETRIC SIZES IN FERMIS                    PROTONS  *
*                                                                             *
*  R_RMS =  6.5326     X_RMS =  2.3103    Y_RMS =  2.3103    Z_RMS =  5.6568  *
*                                                                             *
*  R_GEO =  8.4336     X_GEO =  5.1660    Y_GEO =  5.1660    Z_GEO = 12.6491  *
*                                                                             *
*******************************************************************************

*******************************************************************************
*                                                                             *
*  BOHR DEFORMATIONS (FIRST-ORDER APPROXIMATION)                     PROTONS  *
*                                                                             *
*******************************************************************************
*                                                                             *
*  B10 =  0.0864  B11 =    ZERO  .............  .............  .............  *
*                                                                             *
*  B20 =  0.9905  B21 =    ZERO  B22 =    ZERO  .............  .............  *
*                                                                             *
*  B30 =  0.4292  B31 =    ZERO  B32 = 2.0E-10  B33 =    ZERO  .............  *
*                                                                             *
*  B40 =  0.9322  B41 =    ZERO  B42 =    ZERO  B43 =    ZERO  B44 = 1.9E-09  *
*                                                                             *
*******************************************************************************
*                                                                             *
*  BOHR DENSITY = 0.0310 FM^(-3)  BOHR RADIUS =   8.4336 FM                   *
*                                                                             *
*******************************************************************************

*******************************************************************************
*                                                                             *
*                  DENSITY INTEGRALS IN THE SKYRME FUNCTIONAL                 *
*                                                                             *
*******************************************************************************
*                                                                             *
*                   TOTAL(T)        SUM(S)      ISOSCALAR(P)  ISOVECTOR(M)    *
*                   --------        ------      ------------  ------------    *
*    DRHO_ =       19.992049     10.106740         19.992049      0.221432    *
*    DRHOD =        9.203445      4.651380          9.203445      0.099315    *
*    DLPR_ =       -4.478552     -2.257123         -4.478552     -0.035693    *
*    DTAU_ =       17.361014      8.840660         17.361014      0.320305    *
*    DSCU_ =        0.124127      0.068167          0.124127      0.012207    *
*    DDIV_ =        0.902202      0.459009          0.902202      0.015816    *
*                                                                             *
*    DSPI_ =        0.000000      0.000000          0.000000      0.000000    *
*    DSPID =        0.000000      0.000000          0.000000      0.000000    *
*    DLPS_ =        0.000000      0.000000          0.000000      0.000000    *
*    DCUR_ =        0.000000      0.000000          0.000000      0.000000    *
*    DKIS_ =        0.000000      0.000000          0.000000      0.000000    *
*    DROT_ =        0.000000      0.000000          0.000000      0.000000    *
*                                                                             *
*******************************************************************************

*******************************************************************************
*                                                                             *
*               CONTRIBUTIONS TO ENERGY IN THE SKYRME FUNCTIONAL              *
*                                                                             *
*******************************************************************************
*                                                                             *
*                 TOTAL(T)        SUM(S)        ISOSCALAR(P)  ISOVECTOR(M)    *
*                 --------        ------        ------------  ------------    *
*    ERHO_ =   -17874.092697   5440.615752     -12493.077050     59.600104    *
*    ERHOD =     9279.038560  -2359.942297       6944.290754    -25.194491    *
*    ELPR_ =     -440.399780    649.758196        204.220899      5.137516    *
*    ETAU_ =      575.622875   -426.752217        156.601465     -7.730807    *
*    ESCU_ =        0.000000      0.000000          0.000000      0.000000    *
*    EDIV_ =      -19.878984    -47.656668        -66.714611     -0.821041    *
*               ============  ============      ============  ============    *
*    SUM EVEN:  -8479.710026   3256.022765      -5254.678543     30.991282    *
*                                                                             *
*    ESPI_ =        0.000000      0.000000          0.000000      0.000000    *
*    ESPID =        0.000000      0.000000          0.000000      0.000000    *
*    ELPS_ =        0.000000      0.000000          0.000000      0.000000    *
*    ECUR_ =        0.000000      0.000000          0.000000      0.000000    *
*    EKIS_ =        0.000000      0.000000          0.000000      0.000000    *
*    EROT_ =        0.000000      0.000000          0.000000      0.000000    *
*               ============  ============      ============  ============    *
*    SUM  ODD:      0.000000      0.000000          0.000000      0.000000    *
*                                                                             *
*******************************************************************************
 
*******************************************************************************
*                                                                             *
*  CENTER-OF-MASS COORDINATES IN FERMIS                                TOTAL  *
*                                                                             *
*  R_CMS =  0.3468     X_CMS =  0.0000    Y_CMS =  0.0000    Z_CMS =  0.3468  *
*                                                                             *
*******************************************************************************

*******************************************************************************
*                                                                             *
*  MULTIPOLE MOMENTS [UNITS:  (10 FERMI)^LAMBDA] [CENT-MASS FRAME]  NEUTRONS  *
*                                                                             *
*******************************************************************************
*                                                                             *
*  Q00 = 98.0000  .............  .............  .............  .............  *
*                                                                             *
*  Q10 = -0.0715  Q11 =    ZERO  .............  .............  .............  *
*                                                                             *
*  Q20 = 50.2209  Q21 =    ZERO  Q22 = 2.5E-09  .............  .............  *
*                                                                             *
*  Q30 =  3.6579  Q31 =    ZERO  Q32 = 2.0E-09  Q33 =    ZERO  .............  *
*                                                                             *
*  Q40 =  9.7236  Q41 =    ZERO  Q42 =-3.1E-10  Q43 =    ZERO  Q44 =-2.8E-07  *
*                                                                             *
*******************************************************************************

*******************************************************************************
*                                                                             *
*  BOHR DEFORMATIONS (FIRST-ORDER APPROXIMATION) [CENT-MASS FRAME]  NEUTRONS  *
*                                                                             *
*******************************************************************************
*                                                                             *
*  B10 = -0.0019  B11 =    ZERO  .............  .............  .............  *
*                                                                             *
*  B20 =  1.0482  B21 =    ZERO  B22 =    ZERO  .............  .............  *
*                                                                             *
*  B30 =  0.3012  B31 =    ZERO  B32 = 2.3E-10  B33 =    ZERO  .............  *
*                                                                             *
*  B40 =  0.9963  B41 =    ZERO  B42 =    ZERO  B43 =    ZERO  B44 =-4.1E-08  *
*                                                                             *
*******************************************************************************
*                                                                             *
*  BOHR DENSITY = 0.0451 FM^(-3)  BOHR RADIUS =   8.0366 FM                   *
*                                                                             *
*******************************************************************************

*******************************************************************************
*                                                                             *
*  MULTIPOLE MOMENTS [UNITS:  (10 FERMI)^LAMBDA] [CENT-MASS FRAME]   PROTONS  *
*                                                                             *
*******************************************************************************
*                                                                             *
*  Q00 = 78.0000  .............  .............  .............  .............  *
*                                                                             *
*  Q10 =  0.0715  Q11 =    ZERO  .............  .............  .............  *
*                                                                             *
*  Q20 = 41.3957  Q21 =    ZERO  Q22 = 2.3E-09  .............  .............  *
*                                                                             *
*  Q30 =  3.1838  Q31 =    ZERO  Q32 = 1.5E-09  Q33 =    ZERO  .............  *
*                                                                             *
*  Q40 =  8.1538  Q41 =    ZERO  Q42 =-1.2E-10  Q43 =    ZERO  Q44 = 1.3E-08  *
*                                                                             *
*******************************************************************************

*******************************************************************************
*                                                                             *
*  BOHR DEFORMATIONS (FIRST-ORDER APPROXIMATION) [CENT-MASS FRAME]   PROTONS  *
*                                                                             *
*******************************************************************************
*                                                                             *
*  B10 =  0.0023  B11 =    ZERO  .............  .............  .............  *
*                                                                             *
*  B20 =  1.0849  B21 =    ZERO  B22 =    ZERO  .............  .............  *
*                                                                             *
*  B30 =  0.3291  B31 =    ZERO  B32 = 2.2E-10  B33 =    ZERO  .............  *
*                                                                             *
*  B40 =  1.0485  B41 =    ZERO  B42 =    ZERO  B43 =    ZERO  B44 = 2.3E-09  *
*                                                                             *
*******************************************************************************
*                                                                             *
*  BOHR DENSITY = 0.0358 FM^(-3)  BOHR RADIUS =   8.0389 FM                   *
*                                                                             *
*******************************************************************************

*******************************************************************************
*                                                                             *
*  EULER ANGLES OF THE PRINCIPAL-AXES FRAME IN DEGREES                 TOTAL  *
*                                                                             *
*  ALPHA =180.00000  BETA =  0.00000  GAMMA =  0.00000                        *
*                                                                             *
*******************************************************************************

*******************************************************************************
*                                                                             *
*  ROOT-MEAN-SQUARE AND GEOMETRIC SIZES IN FERMIS                      TOTAL  *
*                                                                             *
*  R_RMS =  6.5224     X_RMS =  2.3377    Y_RMS =  2.3377    Z_RMS =  5.6225  *
*                                                                             *
*  R_GEO =  8.4204     X_GEO =  5.2272    Y_GEO =  5.2272    Z_GEO = 12.5723  *
*                                                                             *
*******************************************************************************

*******************************************************************************
*                                                                             *
*  MULTIPOLE MOMENTS [UNITS:  (10 FERMI)^LAMBDA]                       TOTAL  *
*                                                                             *
*******************************************************************************
*                                                                             *
*  Q00 =176.0000  .............  .............  .............  .............  *
*                                                                             *
*  Q10 =  6.1034  Q11 =    ZERO  .............  .............  .............  *
*                                                                             *
*  Q20 = 92.0398  Q21 =    ZERO  Q22 = 4.8E-09  .............  .............  *
*                                                                             *
*  Q30 = 10.4040  Q31 =    ZERO  Q32 = 3.6E-09  Q33 =    ZERO  .............  *
*                                                                             *
*  Q40 = 19.2334  Q41 =    ZERO  Q42 =    ZERO  Q43 =    ZERO  Q44 =-2.7E-07  *
*                                                                             *
*******************************************************************************

*******************************************************************************
*                                                                             *
*  BOHR DEFORMATIONS (FIRST-ORDER APPROXIMATION)                       TOTAL  *
*                                                                             *
*******************************************************************************
*                                                                             *
*  B10 =  0.0843  B11 =    ZERO  .............  .............  .............  *
*                                                                             *
*  B20 =  0.9744  B21 =    ZERO  B22 =    ZERO  .............  .............  *
*                                                                             *
*  B30 =  0.4147  B31 =    ZERO  B32 = 2.0E-10  B33 =    ZERO  .............  *
*                                                                             *
*  B40 =  0.9105  B41 =    ZERO  B42 =    ZERO  B43 =    ZERO  B44 =-1.8E-08  *
*                                                                             *
*******************************************************************************
*                                                                             *
*  BOHR DENSITY = 0.0704 FM^(-3)  BOHR RADIUS =   8.4204 FM                   *
*                                                                             *
*******************************************************************************

*******************************************************************************
*                                                                             *
*  MULTIPOLE MOMENTS [UNITS:  (10 FERMI)^LAMBDA] [CENT-MASS FRAME]     TOTAL  *
*                                                                             *
*******************************************************************************
*                                                                             *
*  Q00 =176.0000  .............  .............  .............  .............  *
*                                                                             *
*  Q10 =    ZERO  Q11 =    ZERO  .............  .............  .............  *
*                                                                             *
*  Q20 = 91.6165  Q21 =    ZERO  Q22 = 4.8E-09  .............  .............  *
*                                                                             *
*  Q30 =  6.8417  Q31 =    ZERO  Q32 = 3.5E-09  Q33 =    ZERO  .............  *
*                                                                             *
*  Q40 = 17.8774  Q41 =    ZERO  Q42 =-4.3E-10  Q43 =    ZERO  Q44 =-2.7E-07  *
*                                                                             *
*******************************************************************************

*******************************************************************************
*                                                                             *
*  BOHR DEFORMATIONS (FIRST-ORDER APPROXIMATION) [CENT-MASS FRAME]     TOTAL  *
*                                                                             *
*******************************************************************************
*                                                                             *
*  B10 =    ZERO  B11 =    ZERO  .............  .............  .............  *
*                                                                             *
*  B20 =  1.0645  B21 =    ZERO  B22 =    ZERO  .............  .............  *
*                                                                             *
*  B30 =  0.3136  B31 =    ZERO  B32 = 2.3E-10  B33 =    ZERO  .............  *
*                                                                             *
*  B40 =  1.0194  B41 =    ZERO  B42 =    ZERO  B43 =    ZERO  B44 =-2.2E-08  *
*                                                                             *
*******************************************************************************
*                                                                             *
*  BOHR DENSITY = 0.0809 FM^(-3)  BOHR RADIUS =   8.0377 FM                   *
*                                                                             *
*******************************************************************************

*******************************************************************************
*                                                                             *
*  MULTIPOLE MOMENTS [UNITS:  (10 FERMI)^LAMBDA] [INTRINSIC FRAME]     TOTAL  *
*                                                                             *
*  REAL PART  FOR A NON-NEGATIVE PROJECTION                                   *
*  IMAGINARY PART FOR A NEGATIVE PROJECTION                                   *
*                                                                             *
*******************************************************************************
*                                                                             *
*  Q00 =176.0000  .............  .............  .............  .............  *
*                 .............  .............  .............  .............  *
*                                                                             *
*  Q10 =    ZERO  Q1+1=    ZERO  .............  .............  .............  *
*                 Q1-1=    ZERO  .............  .............  .............  *
*                                                                             *
*  Q20 = 91.6165  Q2+1=    ZERO  Q2+2= 4.8E-09  .............  .............  *
*                 Q2-1=    ZERO  Q2-2=    ZERO  .............  .............  *
*                                                                             *
*  Q30 =  6.8417  Q3+1=    ZERO  Q3+2= 3.5E-09  Q3+3=    ZERO  .............  *
*                 Q3-1=    ZERO  Q3-2=    ZERO  Q3-3=    ZERO  .............  *
*                                                                             *
*  Q40 = 17.8774  Q4+1=    ZERO  Q4+2=-4.3E-10  Q4+3=    ZERO  Q4+4=-2.7E-07  *
*                 Q4-1=    ZERO  Q4-2=    ZERO  Q4-3=    ZERO  Q4-4=    ZERO  *
*                                                                             *
*******************************************************************************

*******************************************************************************
*                                                                             *
*  BOHR DEFORMATIONS (FIRST-ORDER APPROXIMATION) [INTRINSIC FRAME]     TOTAL  *
*                                                                             *
*  REAL PART  FOR A NON-NEGATIVE PROJECTION                                   *
*  IMAGINARY PART FOR A NEGATIVE PROJECTION                                   *
*                                                                             *
*******************************************************************************
*                                                                             *
*  B10 =    ZERO  B1+1=    ZERO  .............  .............  .............  *
*                 B1-1=    ZERO  .............  .............  .............  *
*                                                                             *
*  B20 =  1.0645  B2+1=    ZERO  B2+2=    ZERO  .............  .............  *
*                 B2-1=    ZERO  B2-2=    ZERO  .............  .............  *
*                                                                             *
*  B30 =  0.3136  B3+1=    ZERO  B3+2= 2.3E-10  B3+3=    ZERO  .............  *
*                 B3-1=    ZERO  B3-2=    ZERO  B3-3=    ZERO  .............  *
*                                                                             *
*  B40 =  1.0194  B4+1=    ZERO  B4+2=    ZERO  B4+3=    ZERO  B4+4=-2.2E-08  *
*                 B4-1=    ZERO  B4-2=    ZERO  B4-3=    ZERO  B4-4=    ZERO  *
*                                                                             *
*******************************************************************************
*                                                                             *
*  BOHR DENSITY = 0.0809 FM^(-3)  BOHR RADIUS =   8.0377 FM                   *
*                                                                             *
*******************************************************************************

*******************************************************************************
*                                                                             *
*                                ENERGIES (MEV)                               *
*                                                                             *
*******************************************************************************
*                                                                             *
*  KINETIC: (NEU)=  1855.081330    (PRO)=  1314.483607    (TOT)=  3169.564937 *
*  SUM EPS: (NEU)= -2111.616161    (PRO)= -1047.680116    (TOT)= -3159.296277 *
*  PAIRING: (NEU)=    -2.697543    (PRO)=    -1.985674    (TOT)=    -4.683216 *
*  P-REARR: (NEU)=     0.717556    (PRO)=     0.555012    (TOT)=     1.272568 *
*                                                                             *
*  PAIRGAP: (NEU)=    -0.458310    (PRO)=     0.426797    THIS SPACE IS EMPTY *
*  E-FERMI: (NEU)=   -10.052189    (PRO)=    -2.829143    AND AWAITS  YOUR AD *
*                                                                             *
*  COULOMB: (DIR)=   712.071184    (EXC)=   -30.011198    (TOT)=   682.059986 *
*                                                                             *
*  CONSTR. (MULT)=  1348.575783    SLOPE=  -159.919056    CORR.=    79.959528 *
*  CONSTR. (SURF)=     0.000000    SLOPE=     0.000000    CORR.=     0.000000 *
*  CONSTR. (SPIN)=     0.000000    SLOPE=     0.000000    CORR.=     0.000000 *
*  CONSTR. (ISOS)=     0.000000    SLOPE=     0.000000    CORR.=     0.000000 *
*                                                                             *
*  REARRANGEMENT ENERGY FROM THE SKYRME DENSITY-DEPENDENT TERMS=  1302.797720 *
*  ROUTHIAN= TOTAL ENERGY + MULTIPOLE AND (ISO)SPIN CONSTRAINTS=   -28.169771 *
*                                                                             *
*  SPIN-ORB (EVE)=   -67.535652    (ODD)=     0.000000    (TOT)=   -67.535652 *
*  SKYRME:  (EVE)= -5223.687261    (ODD)=     0.000000    (TOT)= -5223.687261 *
*                                                                             *
*  TOTAL:  (STAB)=   -16.836881     (SP)= -1393.582435    (FUN)= -1376.745554 *
*                                                                             *
*******************************************************************************

*******************************************************************************
*                                                                             *
*  ITERATION RESTARTED FROM THE DISC, THE FOLLOWING FILE(S) READ:             *
*  ./restart/HFODD_00000034.REC                                        VER=19 *
*                                                                             *
*******************************************************************************
*                                                                             *
* CONVERGENCE REPORT                                                          *
*                                                                             *
*******************************************************************************
*                                                                             *
* ITER     ENERGY     STABILITY    Q_2    GAMMA   SPIN  OMEGA   ANGLE   EPAIR *
*                                                                             *
* 1561 -1376.745554  -16.836881  91.617    0.00   0.00  0.000   0.000   -4.68 *
* 1562  -838.591890  681.546676 160.569    0.00   0.00  0.000   0.000   -0.83 *
* 1563  -959.992907  712.233213 172.027    0.00   0.00  0.000   0.000   -5.24 *
* 1564 -1011.909549  656.059176 169.190    0.00   0.00  0.000   0.000   -6.79 *
* 1565 -1052.604078  656.063829 169.572    0.00   0.00  0.000   0.000  -11.28 *
* 1566 -1034.499336  735.820186 169.281    0.00   0.00  0.000   0.000   -4.40 *
* 1567 -1041.584519  663.106023 168.310    0.00   0.00  0.000   0.000   -6.37 *
* 1568 -1041.149824  733.900101 169.152    0.00   0.00  0.000   0.000   -4.38 *
* 1569 -1037.728235  691.573612 168.938    0.00   0.00  0.000   0.000   -6.01 *
* 1570 -1037.972580  588.342422 168.951    0.00   0.00  0.000   0.000   -4.39 *
* 1571 -1065.961329  583.990885 167.799    0.00   0.00  0.000   0.000   -9.88 *
* 1572 -1070.575842   -1.04E+04 167.787    0.00   0.00  0.000   0.000   -6.17 *
* 1573   977.262562   -7.71E+03 107.226    0.00   0.00  0.000   0.000   -0.77 *
* 1574 -1364.680884 -114.065182  58.767    0.00   0.00  0.000   0.000 -555.25 *
* 1575  2749.682817   -4.20E+03  11.066    0.00   0.00  0.000   0.000   -0.01 *
* 1576  2923.174579   -1.71E+05  10.416    0.00   0.00  0.000   0.000   -5.99 *
* 1577  6698.604014   -2.65E+04 121.546   60.00   0.00  0.000   0.000 -172.11 *
* 1578  4911.583707   -5.97E+03 172.626    0.00   0.00  0.000   0.000 -110.20 *
* 1579  3261.513833   -5.21E+03   7.942    0.00   0.00  0.000   0.000 -615.80 *
* 1580   -59.345473    1.20E+03 123.741    0.00   0.00  0.000   0.000 -237.22 *
* 1581  -618.605134    1.04E+03 219.085    0.00   0.00  0.000   0.000  -70.21 *
* 1582  -454.111414 -139.812895 498.420    0.00   0.00  0.000   0.000  -22.02 *
* 1583  -808.711251    1.18E+03 184.419    0.00   0.00  0.000   0.000  -89.56 *
* 1584  -621.916347   -6.57E+03 547.994    0.00   0.00  0.000   0.000  -20.85 *
* 1585   850.660324   -2.67E+03  86.581    0.00   0.00  0.000   0.000  -11.02 *
* 1586   315.669086  400.371759  54.184    0.00   0.00  0.000   0.000  -26.75 *
* 1587   288.829645   -1.44E+03  30.183    0.00   0.00  0.000   0.000  -10.85 *
* 1588  -379.144590   -7.08E+03 205.543    0.00   0.00  0.000   0.000  -20.34 *
* 1589  1121.827384   -9.97E+03  73.277    0.00   0.00  0.000   0.000 -491.80 *
* 1590   437.403771    3.85E+03 153.276   60.00   0.00  0.000   0.000   -0.02 *
* 1591   373.567367    2.19E+03 154.558   60.00   0.00  0.000   0.000   -0.04 *
* 1592   355.069844   -1.63E+04 154.148   60.00   0.00  0.000   0.000   -0.59 *
* 1593  2224.090315   -1.53E+04   7.063    0.00   0.00  0.000   0.000   -0.22 *
* 1594  4366.006387   -6.65E+03  47.145    0.00   0.00  0.000   0.000   45.38 *
* 1595   518.267672   -1.42E+04 163.044    0.00   0.00  0.000   0.000 -176.05 *
* 1596  -231.516300   -4.27E+03 149.568   60.00   0.00  0.000   0.000   -0.42 *
* 1597  -926.430699   -1.46E+04 134.901   60.00   0.00  0.000   0.000 -312.06 *

 //////////////////// MAXIMUM NUMBER OF ITERATIONS       ////////////////////
 //////////////////// EXCEEDED IN QUABCS                 ////////////////////

*******************************************************************************
*                                                                             *
*  PROCESSOR   EXECUTION  TIMES IN SUBROUTINES                                *
*  INCLUDING THEIR COMPLETE DOWN-CALLING TREES                                *
*                                                                             *
*******************************************************************************
*                                                                             *
*    10078 => HFODD    5333 => DENSHF   2234 => DIAMAT   2036 => HFBSIM       *
*                                                                             *
*     1072 => QMULCM    560 => PAIMAC    481 => CANQUA    211 => RECORD       *
*                                                                             *
*      187 => AVEQUA     73 => INTEGH     66 => INTSOR     63 => INTEGD       *
*                                                                             *
*       55 => DENMAC     34 => MOMETS     32 => INTMUL     32 => DOBROY       *
*                                                                             *
*       22 => BEGINC     21 => SKFILD     16 => INTMAS     15 => ROTAVR       *
*                                                                             *
*       14 => LINAVR     10 => COUMAT     10 => INTCOU      8 => INTCEN       *
*                                                                             *
*        7 => SPAVER      5 => AVOBSE      4 => SKPAIR      3 => NILASP       *
*                                                                             *
*        2 => POWALL      2 => AVANGY      0 => INTKIN      0 => AVPARI       *
*                                                                             *
*        0 => QUABCS      0 => SHICOE      0 => AVSIMP      0 => PAXMOM       *
*                                                                             *
*        0 => MAGMOM      0 => MOMVMU      0 => SPIMOM      0 => SHISIF       *
*                                                                             *
*        0 => SHIMAG      0 => MOMSIF      0 => SHIMOM                        *
*                                                                             *
*******************************************************************************
*                                                                             *
*  NUMBERS OF CALLS TO SUBROUTINES                                            *
*                                                                             *
*******************************************************************************
*                                                                             *
*     1688 => BEGINC   1412 => INTMUL    450 => INTSOR    186 => DIAMAT       *
*                                                                             *
*      150 => INTMAS    150 => INTCEN    149 => INTKIN    148 => AVEQUA       *
*                                                                             *
*      111 => PAXMOM     75 => INTEGH     75 => INTEGD     75 => HFBSIM       *
*                                                                             *
*       75 => QUABCS     74 => CANQUA     74 => AVPARI     74 => DENSHF       *
*                                                                             *
*       74 => DENMAC     74 => PAIMAC     74 => MOMETS     74 => MOMSIF       *
*                                                                             *
*       74 => MOMVMU     74 => MAGMOM     74 => SPIMOM     74 => LINAVR       *
*                                                                             *
*       74 => ROTAVR     74 => SHICOE     38 => RECORD     38 => COUMAT       *
*                                                                             *
*       38 => INTCOU     37 => QMULCM     37 => SKFILD     37 => SKPAIR       *
*                                                                             *
*       37 => DOBROY     37 => SHIMOM     37 => SHISIF     37 => SHIMAG       *
*                                                                             *
*       14 => SPAVER      2 => AVANGY      2 => AVOBSE      2 => AVSIMP       *
*                                                                             *
*        2 => NILASP      1 => HFODD       1 => POWALL                        *
*                                                                             *
*******************************************************************************
*                                                                             *
*  EXECUTION ENDS ON 2016.09.06 AT 13:53:19.628                               *
*                                                                             *
*******************************************************************************
