*******************************************************************************
*                                                                             *
*                     P A R A L L E L    M O D E L                            *
*                                                                             *
*  SIMPLE MPI FRAMEWORK (1 COMMUNICATOR)    :  1 MPI PROCESS per HFODD TASK   *
*  MULTI-THREADING FRAMEWORK WITH OPENMP   :  4 THREADS per HFODD MPI PROCESS *
*                                                                             *
*******************************************************************************
*                                                                             *
*                        __  __ _____  ___   ____   ____                      *
*                       / / / // ___/.' _ \ / __ \ / __ \                     *
*                      / /_/ // /_  / / / // / / // / / /                     *
*                     / __  // __/ / / / // / / // / / /                      *
*                    / / / // /   / /_/ // /_/ // /_/ /                       *
*                   /_/ /_//_/    \___.'/____.'/____.'                        *
*                                                                             *
*                                                                             *
*******************************************************************************
*                                                                             *
*             SKYRME-HARTREE-FOCK-BOGOLYUBOV CODE VERSION: 2.77B              *
*                                                                             *
*              NO SYMMETRY-PLANES AND NO TIME-REVERSAL SYMMETRY               *
*                                                                             *
*                DEFORMED CARTESIAN HARMONIC-OSCILLATOR BASIS                 *
*                                                                             *
*******************************************************************************
*                                                                             *
*             J. DOBACZEWSKI, P. BACZYK, B.G. CARLSSON, J. DUDEK              *
*                 J. ENGEL, Y. GAO, M. KONIECZKA, T. LESINSKI                 *
*                 J. MCDONNELL, P. OLBRATOWSKI, P. POWALOWSKI                 *
*                  M. SADZIAK, J. SARICH, K. SATO, W. SATULA                  *
*             N. SCHUNCK,  J.A. SHEIKH, A. STASZCZAK, M. STOITSOV             *
*             P. TOIVANEN, X.B. WANG, M. ZALEWSKI AND H. ZDUNCZUK             *
*                                                                             *
*                   INSTYTUT FIZYKI TEORETYCZNEJ, WARSZAWA                    *
*                 LAWRENCE LIVERMORE NATIONAL LABORATORY, USA                 *
*                                                                             *
*                                  1993-2016                                  *
*                                                                             *
*******************************************************************************

*******************************************************************************
*                                                                             *
*  CODE COMPILED WITH THE FOLLOWING ARRAY DIMENSIONS AND SWITCHES:            *
*                                                                             *
*******************************************************************************
*                                                                             *
*  NDBASE = 1200  NDSTAT = 1200  NDXHRM =   40  NDYHRM =   40  NDZHRM =   64  *
*                                                                             *
*  NDMAIN =   30  NDMULT =    9  NDMULR =    4  NDLAMB =    9  NDITER = 5000  *
*                                                                             *
*  NDAKNO =    1  NDBKNO =    1  NDPROI =    2  NDCOUL =   80  NDPOLS =   25  *
*                                                                             *
*  NDATKN =   20  NDBTKN =   10  NDPROT =    1  NDPROD =    3                 *
*                                                                             *
*  IPARAL =    0  IPARAT =    0  I_CRAY =    0                                *
*                                                                             *
*                                                                             *
*  PRE-PROCESSOR OPTIONS:                                                     *
*                                                                             *
*       switch_port = 1     switch_diag = 3     switch_essl = 0               *
*                                                                             *
*                           switch_quad = 0     switch_vect = 1               *
*                                                                             *
*******************************************************************************
*                                                                             *
*  EXECUTION BEGINS ON 2016.09.06 AT 12:59:14.319                             *
*                                                                             *
*******************************************************************************
 
*******************************************************************************
*                                                                             *
*  CLASSICAL NUCLEAR SURFACE DEFINED FOR:                    N = 98   Z = 78  *
*                                                                             *
*******************************************************************************
*                                                                             *
*  AL10 =   ZERO  AL11 =   ZERO  .............  .............  .............  *
*                                                                             *
*  AL20 =  0.461  AL21 =   ZERO  AL22 =   ZERO  .............  .............  *
*                                                                             *
*******************************************************************************
*                                                                             *
*                                           HOMEGA=  8.0528  FCHOM0=  1.1007  *
*                                                                             *
*  OSCILLATOR FREQUENCIES: HBAROX=  9.2641  HBAROY=  9.2641  HBAROZ=  6.0846  *
*                                                                             *
*  MOMENTS OF INERTIA:     XMOMFC=101.2996  YMOMFC=101.2996  ZMOMFC= 61.0582  *
*                                                                             *
*  CENTERS OF MASS:        CMSXFC= -0.0000  CMSYFC= -0.0000  CMSZFC= -0.0000  *
*                                                                             *
*******************************************************************************

*******************************************************************************
*                                                                             *
*                           SKYRME FORCE DEFINITION                           *
*                                                                             *
*******************************************************************************
*                                                                             *
* PARAMETER SET HFB1:  T0= -1666.41  T1=   255.23  T2=  1521.28  T3= 12072.51 *
*                                                                             *
* POWER=0.37658031358  X0=  0.14608  X1= -4.82248  X2= -1.35211  X3=  0.00432 *
*                                                                             *
* IETA: J=0  W=1 CM=3  M=1  P=1  T=0 HBM= 20.73553 W0=  44.0677 W0P= 207.6502 *
*                                                                             *
*******************************************************************************

*******************************************************************************
*                                                                             *
*              COUPLING CONSTANTS DEFINING THE SKYRME FUNCTIONAL              *
*                                                                             *
*******************************************************************************
*                                                                             *
*                   TOTAL(T)        SUM(S)      ISOSCALAR(P)  ISOVECTOR(M)    *
*                   --------        ------      ------------  ------------    *
*    CRHO_ =     -894.060074    538.315575       -624.902286    269.157788    *
*    CRHOD =     1008.213640   -507.363897        754.531691   -253.681949    *
*    CLPR_ =       98.335311   -287.870148        -45.599763   -143.935074    *
*    CTAU_ =       33.156062    -48.271535          9.020295    -24.135768    *
*    CSCU_ =        0.000000      0.000000          0.000000      0.000000    *
*    CDIV_ =      -22.033840   -103.825096        -73.946388    -51.912548    *
*                                                                             *
*    CSPI_ =      -60.857026    416.601524        147.443736    208.300762    *
*    CSPID =        2.171385   -503.021127       -249.339179   -251.510564    *
*    CLPS_ =       51.110395     71.467295         86.844042     35.733647    *
*    CCUR_ =      -33.156062     48.271535         -9.020295     24.135768    *
*    CKIS_ =        0.000000      0.000000          0.000000      0.000000    *
*    CROT_ =      -22.033840   -103.825096        -73.946388    -51.912548    *
*                                                                             *
*******************************************************************************

*******************************************************************************
*                                                                             *
*                          NUCLEAR MATTER PROPERTIES                          *
*                                                                             *
*******************************************************************************
*                                                                             *
*     E = -15.8000  rho0 =   0.15625   K =  244.6682   Ms =    0.9364         *
*                   asym =  28.66820   L =   40.1091   Mv =    1.2498         *
*                                                                             *
*******************************************************************************

*******************************************************************************
*                                                                             *
*  PHYSICAL CONSTANTS:     H_BARC=197.32891000           HBCOE2=137.03602000  *
*                                                                             *
*                          XMASSN=938.90590000           XMASSP=938.27231000  *
*                                                                             *
*                          HBMASS= 20.73553000           HBMRPA= 20.73553000  *
*                                                                             *
*                          ECHAR2=  1.43997841           COULEX= -1.06350868  *
*                                                                             *
*******************************************************************************
*                                                                             *
*  OSCILLATOR LENGTHS:     X= 2.1158152      Y= 2.1158152       Z= 2.6107328  *
*                                                                             *
*  OSCILLATOR CONSTANTS:   X= 0.4726311      Y= 0.4726311       Z= 0.3830342  *
*                                                                             *
*  OSCILLATOR FREQUENCIES: X= 9.2641144      Y= 9.2641144       Z= 6.0846350  *
*                                                                             *
*******************************************************************************
*                                                                             *
*  BASIS CUT-OFF CONTROL PARAMETERS:  NXMAXX = 15  NYMAXX = 15  NZMAXX =  23  *
*                                                                             *
*                                     NXHERM = 36  NYHERM = 36  NZHERM =  60  *
*                                                                             *
*                                     NLIMIT=1140  LDBASE=1140  MCOUNT=29791  *
*                                                                             *
*                                     ENECUT= 800.0000      ELIMIT= 153.0760  *
*                                                                             *
*******************************************************************************

*******************************************************************************
*                                                                             *
*   SHAPE OF THE OSCILLATOR-BASIS DIAMOND    (THREE CONSECUTIVE PROJECTIONS)  *
*                                                                             *
*******************************************************************************
*                                                                             *
*        NX ===>>>  0  1  2  3  4  5  6  7  8  9 10 11 12 13 14 15            *
*        MAX.NY => 15 14 13 12 11 10  9  8  7  6  5  4  3  2  1  0            *
*                 ------------------------------------------------            *
*   NY= 0  (15)  | 23 21 20 18 17 15 14 12 10  9  7  6  4  3  1  0            *
*   NY= 1  (14)  | 21 20 18 17 15 14 12 10  9  7  6  4  3  1  0               *
*   NY= 2  (13)  | 20 18 17 15 14 12 10  9  7  6  4  3  1  0                  *
*   NY= 3  (12)  | 18 17 15 14 12 10  9  7  6  4  3  1  0                     *
*   NY= 4  (11)  | 17 15 14 12 10  9  7  6  4  3  1  0                        *
*   NY= 5  (10)  | 15 14 12 10  9  7  6  4  3  1  0                           *
*   NY= 6  ( 9)  | 14 12 10  9  7  6  4  3  1  0                              *
*   NY= 7  ( 8)  | 12 10  9  7  6  4  3  1  0                                 *
*   NY= 8  ( 7)  | 10  9  7  6  4  3  1  0                                    *
*   NY= 9  ( 6)  |  9  7  6  4  3  1  0                                       *
*   NY=10  ( 5)  |  7  6  4  3  1  0                                          *
*   NY=11  ( 4)  |  6  4  3  1  0                                             *
*   NY=12  ( 3)  |  4  3  1  0                                                *
*   NY=13  ( 2)  |  3  1  0                                                   *
*   NY=14  ( 1)  |  1  0                                                      *
*   NY=15  ( 0)  |  0                                                         *
*                                                                             *
*                                                                             *
*        NZ ===>>>  0  1  2  3  4  5  6  7  8  9 10 11 12 13 14 15 16 17 18   *
*        MAX.NY => 15 14 13 13 12 11 11 10  9  9  8  7  7  6  6  5  4  4  3   *
*                 ---------------------------------------------------------   *
*   NY= 0  (23)  | 15 14 13 13 12 11 11 10  9  9  8  7  7  6  6  5  4  4  3   *
*   NY= 1  (21)  | 14 13 12 12 11 10 10  9  8  8  7  6  6  5  5  4  3  3  2   *
*   NY= 2  (20)  | 13 12 11 11 10  9  9  8  7  7  6  5  5  4  4  3  2  2  1   *
*   NY= 3  (18)  | 12 11 10 10  9  8  8  7  6  6  5  4  4  3  3  2  1  1  0   *
*   NY= 4  (17)  | 11 10  9  9  8  7  7  6  5  5  4  3  3  2  2  1  0  0      *
*   NY= 5  (15)  | 10  9  8  8  7  6  6  5  4  4  3  2  2  1  1  0            *
*   NY= 6  (14)  |  9  8  7  7  6  5  5  4  3  3  2  1  1  0  0               *
*   NY= 7  (12)  |  8  7  6  6  5  4  4  3  2  2  1  0  0                     *
*   NY= 8  (10)  |  7  6  5  5  4  3  3  2  1  1  0                           *
*   NY= 9  ( 9)  |  6  5  4  4  3  2  2  1  0  0                              *
*   NY=10  ( 7)  |  5  4  3  3  2  1  1  0                                    *
*   NY=11  ( 6)  |  4  3  2  2  1  0  0                                       *
*   NY=12  ( 4)  |  3  2  1  1  0                                             *
*   NY=13  ( 3)  |  2  1  0  0                                                *
*   NY=14  ( 1)  |  1  0                                                      *
*   NY=15  ( 0)  |  0                                                         *
*                                                                             *
*                                                                             *
*        NZ ===>>>  0  1  2  3  4  5  6  7  8  9 10 11 12 13 14 15 16 17 18   *
*        MAX.NX => 15 14 13 13 12 11 11 10  9  9  8  7  7  6  6  5  4  4  3   *
*                 ---------------------------------------------------------   *
*   NX= 0  (23)  | 15 14 13 13 12 11 11 10  9  9  8  7  7  6  6  5  4  4  3   *
*   NX= 1  (21)  | 14 13 12 12 11 10 10  9  8  8  7  6  6  5  5  4  3  3  2   *
*   NX= 2  (20)  | 13 12 11 11 10  9  9  8  7  7  6  5  5  4  4  3  2  2  1   *
*   NX= 3  (18)  | 12 11 10 10  9  8  8  7  6  6  5  4  4  3  3  2  1  1  0   *
*   NX= 4  (17)  | 11 10  9  9  8  7  7  6  5  5  4  3  3  2  2  1  0  0      *
*   NX= 5  (15)  | 10  9  8  8  7  6  6  5  4  4  3  2  2  1  1  0            *
*   NX= 6  (14)  |  9  8  7  7  6  5  5  4  3  3  2  1  1  0  0               *
*   NX= 7  (12)  |  8  7  6  6  5  4  4  3  2  2  1  0  0                     *
*   NX= 8  (10)  |  7  6  5  5  4  3  3  2  1  1  0                           *
*   NX= 9  ( 9)  |  6  5  4  4  3  2  2  1  0  0                              *
*   NX=10  ( 7)  |  5  4  3  3  2  1  1  0                                    *
*   NX=11  ( 6)  |  4  3  2  2  1  0  0                                       *
*   NX=12  ( 4)  |  3  2  1  1  0                                             *
*   NX=13  ( 3)  |  2  1  0  0                                                *
*   NX=14  ( 1)  |  1  0                                                      *
*   NX=15  ( 0)  |  0                                                         *
*                                                                             *
*******************************************************************************

*******************************************************************************
*                                                                             *
* NUCLIDE: N =  98  Z =  78  NUMBER OF ITERATIONS = 1000   CONTINUATION? = 1  *
*                                                                             *
*******************************************************************************
*                                                                             *
* ITERATIONS WILL STOP WHEN THE STABILITY BECOMES LOWER THAN EPSITE=0.300000  *
*                                            FOR    5 CONSECUTIVE ITERATIONS  *
*                                                                             *
*******************************************************************************
*                                                                             *
* ITERATIONS WILL STOP WHEN THE PING-PONG DIVERGENCE OCCURS FOR EPSPNG=0.010  *
*                                DURING    5 PAIRS OF CONSECUTIVE ITERATIONS  *
*                                                                             *
*******************************************************************************
*                                                                             *
* ITERATIONS WILL STOP FOR CHAOTIC-DIVERGENCE CONDITION OCCURING   20  TIMES  *
*                                                                             *
*******************************************************************************
*                                                                             *
* SLOW-DOWN PARAMETERS:                                                       *
* TIME-EVEN = 0.85   TIME-ODD = 0.85   PAIRING = 0.85   LIPKIN-NOGAMI = 0.85  *
*                    LIP-MASS = 0.50   LIP-MOI = 0.50   LIPKIN-METHOD = 0.50  *
*                                                                             *
*******************************************************************************
*                                                                             *
* BROYDEN METHOD IS:  ON                                                      *
*                                                                             *
*    TRIGGERED ONLY WHEN STABILITY IS LOWER THAN :  1000.000 MEV              *
*    INITIAL SLOWING FACTOR (BEFORE TRIGGER)     :     0.85 (=SLOWEV)         *
*    BROYDEN SLOWING FACTOR (AFTER  TRIGGER)     :     0.40 (=1-ALPHAM)       *
*    NUMBER OF ITERATIONS RETAINED IN MEMORY     :    10                      *
*                                                                             *
*******************************************************************************
*                                                                             *
* DIRECT COULOMB TERMS SOLVED BY GREEN FUNCTION AND FOURIER TRANSFORM METHOD  *
* COULOMB PARAMETERS:  NUMCOU = 80  NUMETA = 79  BOUCOU = 20.0  FURMAX =0.25  *
*                                                                             *
*******************************************************************************
*                                                                             *
* EXCHANGE COULOMB TERMS TREATED BY THE SLATER APPROXIMATION                  *
*                                                                             *
*******************************************************************************
*                                                                             *
* MAXIMUM NUMBERS OF MULTIPOLE MOMENTS USED FOR THE CONSTRAINTS,    NMUCON=4  *
*                                           FOR THE COULOMB FIELD,  NMUCOU=4  *
*                                           FOR THE OUTPUT INFO,    NMUPRI=4  *
*                                                                             *
*******************************************************************************
*                                                                             *
* MULTIPOLE CONSTRAINTS: LAMBDA= 2  MIU= 0  MOMENT= 85.000  STIFFNESS= 0.500  *
*                        LAMBDA= 3  MIU= 0  MOMENT= 20.000  STIFFNESS= 0.500  *
*                                                                             *
*******************************************************************************
*                                                                             *
* LINEAR MULTIPOLE CONSTRAINTS: LAMBDA= 2  MIU= 0  LAGRANGE PAR. USED= 0.000  *
*                               LAMBDA= 3  MIU= 0  LAGRANGE PAR. USED= 0.000  *
*                                                                             *
*******************************************************************************
*                                                                             *
* THE LAGRANGE PARAMETERS OF THE LINEAR CONSTRAINTS ARE RE-ADJUSTED AT EACH   *
* ITERATION BY USING THE CRANKING APPROXIMATION OF THE RPA MATRIX             *
*                                                                             *
*******************************************************************************
*                                                                             *
* PRINTING THE RESULTS FOR THE FOLLOWING ITERATIONS:         THE  FIRST: YES  *
*                                                            THE MIDDLE:  NO  *
*                                                     AND/OR THE   LAST: YES  *
*                                                                             *
*******************************************************************************
*                                                                             *
* PRINTING THE MOMENTS, RADII, AND DEFORMATIONS FOR:           NEUTRONS: YES  *
*                                                              PROTONS : YES  *
*                                                              MASS    : YES  *
*                                                                             *
*******************************************************************************
*                                                                             *
* PRINTING THE MOMENTS, MOMENTA AND DEFORMATIONS IN THE INTRINSIC FRAME: YES  *
*                                                                             *
*******************************************************************************
*                                                                             *
* NILSSON LABELS OF SINGLE-PARTICLE STATES SHOWN WITH RESPECT TO THE: Z-AXIS  *
*                                                                             *
*******************************************************************************
*                                                                             *
* CALCULATIONS WITH THE HFB PAIRING CORRELATIONS                              *
*                                                                             *
*******************************************************************************
*                                                                             *
* CONTACT PAIRING INTERACTION:     V0        V1       RHO-SAT      POWER      *
*                    NEUTRONS:  -234.380   732.438     0.320     1.0000000    *
*                     PROTONS:  -260.437   813.866     0.320     1.0000000    *
*                                                                             *
*******************************************************************************
*                                                                             *
* CUTOFF ENERGY DEFINING THE ACTIVE HFB PAIRING SPACE=      60.000            *
*                                                                             *
*******************************************************************************
*                                                                             *
* CALCULATIONS WITH SIMPLEX SYMMETRY                                          *
*                                                                             *
*******************************************************************************
*                                                                             *
* CALCULATIONS WITH TIME-ODD SYMMETRIES:        T*SIMPLEX_X =>     CONSERVED  *
*                                               T*SIMPLEX_Y =>     CONSERVED  *
*                                               T*SIMPLEX_Z => NON CONSERVED  *
*                                                                             *
*******************************************************************************
*                                                                             *
* CALCULATIONS WITHOUT ROTATION                                               *
*                                                                             *
*******************************************************************************

*******************************************************************************
*                                                                             *
*  CALLING SUBROUTINE "RECORD" TO READ THE REPLAY FILE OBTAINED PREVIOUSLY    *
*  ./restart/HFODD_00000030.REC                                               *
*                                                                             *
*******************************************************************************

*******************************************************************************
*                                                                             *
*  SINGLE-QUASIPARTICLE PROPERTIES:                                NEUTRONS   *
*                                                                             *
*******************************************************************************
*                                                                             *
*  NO)   ENERGY   (S=+,S=-)       PARITY   V2QUAP   EEQUIV   DEQUIV   V_CORR  *
*                                                                             *
*  53)    9.741   (  0, 27)        0.906  0.99807  -19.314    0.855  0.99977  *
*  54)    9.741   ( 27,  0)        0.906  0.99807  -19.314    0.855  0.99977  *
*  55)    9.660   (  0, 28)       -0.703  0.99826  -19.236    0.806  0.99979  *
*  56)    9.660   ( 28,  0)       -0.703  0.99826  -19.236    0.806  0.99979  *
*  57)    8.820   (  0, 29)        0.373  0.99868  -18.407    0.640  0.99982  *
*  58)    8.820   ( 29,  0)        0.373  0.99868  -18.407    0.640  0.99982  *
*  59)    7.962   (  0, 30)       -0.970  0.99574  -17.504    1.037  0.99936  *
*  60)    7.962   ( 30,  0)       -0.970  0.99574  -17.504    1.037  0.99936  *
*  61)    7.512   (  0, 31)       -0.963  0.99835  -17.097    0.609  0.99973  *
*  62)    7.512   ( 31,  0)       -0.963  0.99835  -17.097    0.609  0.99973  *
*  63)    7.435   ( 32,  0)        0.500  0.99843  -17.022    0.589  0.99974  *
*  64)    7.435   (  0, 32)        0.500  0.99843  -17.022    0.589  0.99974  *
*  65)    6.965   ( 33,  0)       -0.917  0.99791  -16.546    0.636  0.99963  *
*  66)    6.965   (  0, 33)       -0.917  0.99791  -16.546    0.636  0.99963  *
*  67)    6.354   (  0, 34)       -0.721  0.99794  -15.938    0.576  0.99959  *
*  68)    6.354   ( 34,  0)       -0.721  0.99794  -15.938    0.576  0.99959  *
*  69)    6.290   ( 35,  0)       -0.670  0.99785  -15.873    0.582  0.99956  *
*  70)    6.290   (  0, 35)       -0.670  0.99785  -15.873    0.582  0.99956  *
*  71)    5.975   ( 36,  0)       -0.800  0.99759  -15.557    0.586  0.99948  *
*  72)    5.975   (  0, 36)       -0.800  0.99759  -15.557    0.586  0.99948  *
*  73)    5.685   ( 37,  0)        0.861  0.99779  -15.270    0.534  0.99949  *
*  74)    5.685   (  0, 37)        0.861  0.99779  -15.270    0.534  0.99949  *
*  75)    5.664   (  0, 38)        0.796  0.99739  -15.244    0.578  0.99939  *
*  76)    5.664   ( 38,  0)        0.796  0.99739  -15.244    0.578  0.99939  *
*  77)    5.241   ( 39,  0)        0.561  0.99710  -14.820    0.564  0.99925  *
*  78)    5.241   (  0, 39)        0.561  0.99710  -14.820    0.564  0.99925  *
*  79)    4.544   (  0, 40)        0.673  0.99608  -14.119    0.568  0.99877  *
*  80)    4.544   ( 40,  0)        0.673  0.99608  -14.119    0.568  0.99877  *
*  81)    4.427   ( 41,  0)        0.745  0.99620  -14.003    0.545  0.99876  *
*  82)    4.427   (  0, 41)        0.745  0.99620  -14.003    0.545  0.99876  *
*  83)    3.714   (  0, 42)        0.977  0.99495  -13.286    0.527  0.99786  *
*  84)    3.714   ( 42,  0)        0.977  0.99495  -13.286    0.527  0.99786  *
*  85)    3.236   (  0, 43)       -0.266  0.99273  -12.799    0.550  0.99616  *
*  86)    3.236   ( 43,  0)       -0.266  0.99273  -12.799    0.550  0.99616  *
*  87)    2.416   (  0, 44)       -0.603  0.98718  -11.965    0.544  0.98854  *
*  88)    2.416   ( 44,  0)       -0.603  0.98718  -11.965    0.544  0.98854  *
*  89)    1.694   ( 45,  0)        0.687  0.97283  -11.212    0.551  0.94719  *
*  90)    1.694   (  0, 45)        0.687  0.97283  -11.212    0.551  0.94719  *
*  91)    1.594   ( 46,  0)       -0.904  0.97294  -11.118    0.517  0.93757  *
*  92)    1.594   (  0, 46)       -0.904  0.97294  -11.118    0.517  0.93757  *
*  93)    1.568   ( 47,  0)        0.553  0.96772  -11.077    0.554  0.92487  *
*  94)    1.568   (  0, 47)        0.553  0.96772  -11.077    0.554  0.92487  *
*  95)    1.474   (  0, 48)       -0.531  0.96477  -10.980    0.543  0.90409  *
*  96)    1.474   ( 48,  0)       -0.531  0.96477  -10.980    0.543  0.90409  *
*  97)    1.412   (  0, 49)       -0.750  0.95972  -10.908    0.555  0.88125  *
*  98)    1.412   ( 49,  0)       -0.750  0.95972  -10.908    0.555  0.88125  *
*  99)    1.269   (  0, 50)        0.544  0.94757  -10.746    0.566  0.81422  *
* 100)    1.269   ( 50,  0)        0.544  0.94757  -10.746    0.566  0.81422  *
* 101)    0.904   (  0, 51)       -0.764  0.90511  -10.342    0.530  0.56052  *
* 102)    0.904   ( 51,  0)       -0.764  0.90511  -10.342    0.530  0.56052  *
* 103)    0.687   ( 52,  0)        0.969  0.12980   -9.101    0.462  0.41443  *
* 104)    0.687   (  0, 52)        0.969  0.12980   -9.101    0.462  0.41443  *
* 105)    0.817   (  0, 53)       -0.496  0.13645   -9.016    0.561  0.45956  *
* 106)    0.817   ( 53,  0)       -0.496  0.13645   -9.016    0.561  0.45956  *
* 107)    0.983   ( 54,  0)       -0.292  0.08246   -8.789    0.541  0.50474  *
* 108)    0.983   (  0, 54)       -0.292  0.08246   -8.789    0.541  0.50474  *
* 109)    1.902   ( 55,  0)        0.962  0.01285   -7.757    0.428  0.66010  *
* 110)    1.902   (  0, 55)        0.962  0.01285   -7.757    0.428  0.66010  *
* 111)    2.140   ( 56,  0)        0.768  0.01305   -7.526    0.486  0.68610  *
* 112)    2.140   (  0, 56)        0.768  0.01305   -7.526    0.486  0.68610  *
* 113)    2.532   ( 57,  0)        0.793  0.01161   -7.137    0.542  0.72118  *
* 114)    2.532   (  0, 57)        0.793  0.01161   -7.137    0.542  0.72118  *
* 115)    2.578   ( 58,  0)        0.205  0.01039   -7.085    0.523  0.72465  *
* 116)    2.578   (  0, 58)        0.205  0.01039   -7.085    0.523  0.72465  *
* 117)    2.636   ( 59,  0)        0.956  0.00954   -7.025    0.512  0.72895  *
* 118)    2.636   (  0, 59)        0.956  0.00954   -7.025    0.512  0.72895  *
* 119)    2.718   ( 60,  0)        0.780  0.00810   -6.936    0.487  0.73482  *
* 120)    2.718   (  0, 60)        0.780  0.00810   -6.936    0.487  0.73482  *
* 121)    2.754   (  0, 61)       -0.872  0.00682   -6.894    0.453  0.73720  *
* 122)    2.754   ( 61,  0)       -0.872  0.00682   -6.894    0.453  0.73720  *
* 123)    3.166   (  0, 62)       -0.579  0.00778   -6.493    0.556  0.76351  *
* 124)    3.166   ( 62,  0)       -0.579  0.00778   -6.493    0.556  0.76351  *
* 125)    3.602   ( 63,  0)        0.638  0.00579   -6.050    0.547  0.78581  *
* 126)    3.602   (  0, 63)        0.638  0.00579   -6.050    0.547  0.78581  *
* 127)    3.774   ( 64,  0)       -0.542  0.00468   -5.872    0.515  0.79342  *
* 128)    3.774   (  0, 64)       -0.542  0.00468   -5.872    0.515  0.79342  *
* 129)    3.911   ( 65,  0)        0.590  0.00437   -5.733    0.516  0.79921  *
* 130)    3.911   (  0, 65)        0.590  0.00437   -5.733    0.516  0.79921  *
* 131)    4.160   (  0, 66)       -0.620  0.00290   -5.474    0.447  0.80877  *
* 132)    4.160   ( 66,  0)       -0.620  0.00290   -5.474    0.447  0.80877  *
* 133)    4.188   (  0, 67)        0.185  0.00397   -5.455    0.527  0.80992  *
* 134)    4.188   ( 67,  0)        0.185  0.00397   -5.455    0.527  0.80992  *
* 135)    4.322   ( 68,  0)       -0.519  0.00370   -5.320    0.525  0.81471  *
* 136)    4.322   (  0, 68)       -0.519  0.00370   -5.320    0.525  0.81471  *
* 137)    4.761   (  0, 69)       -0.644  0.00241   -4.872    0.467  0.82874  *
* 138)    4.761   ( 69,  0)       -0.644  0.00241   -4.872    0.467  0.82874  *
* 139)    5.105   ( 70,  0)       -0.977  0.00237   -4.529    0.497  0.83842  *
* 140)    5.105   (  0, 70)       -0.977  0.00237   -4.529    0.497  0.83842  *
* 141)    5.158   (  0, 71)       -0.839  0.00256   -4.478    0.521  0.83983  *
* 142)    5.158   ( 71,  0)       -0.839  0.00256   -4.478    0.521  0.83983  *
* 143)    6.090   (  0, 72)        0.505  0.00218   -3.546    0.568  0.86091  *
* 144)    6.090   ( 72,  0)        0.505  0.00218   -3.546    0.568  0.86091  *
* 145)    6.657   (  0, 73)        0.127  0.00145   -2.972    0.506  0.87116  *
* 146)    6.657   ( 73,  0)        0.127  0.00145   -2.972    0.506  0.87116  *
* 147)    6.978   ( 74,  0)        0.620  0.00118   -2.648    0.479  0.87633  *
* 148)    6.978   (  0, 74)        0.620  0.00118   -2.648    0.479  0.87633  *
* 149)    7.011   ( 75,  0)       -0.684  0.00141   -2.619    0.527  0.87687  *
* 150)    7.011   (  0, 75)       -0.684  0.00141   -2.619    0.527  0.87687  *
* 151)    7.290   ( 76,  0)        0.903  0.00113   -2.336    0.491  0.88100  *
* 152)    7.290   (  0, 76)        0.903  0.00113   -2.336    0.491  0.88100  *
* 153)    7.516   ( 77,  0)       -0.772  0.00293   -2.138    0.812  0.88431  *
* 154)    7.516   (  0, 77)       -0.772  0.00293   -2.138    0.812  0.88431  *
* 155)    8.083   (  0, 78)        0.734  0.00087   -1.541    0.477  0.89138  *
* 156)    8.083   ( 78,  0)        0.734  0.00087   -1.541    0.477  0.89138  *
* 157)    8.206   ( 79,  0)        0.562  0.00110   -1.422    0.544  0.89285  *
* 158)    8.206   (  0, 79)        0.562  0.00110   -1.422    0.544  0.89285  *
* 159)    8.301   ( 80,  0)       -0.344  0.00100   -1.325    0.526  0.89394  *
* 160)    8.301   (  0, 80)       -0.344  0.00100   -1.325    0.526  0.89394  *
* 161)    8.652   (  0, 81)        0.763  0.00081   -0.972    0.492  0.89779  *
* 162)    8.652   ( 81,  0)        0.763  0.00081   -0.972    0.492  0.89779  *
* 163)    8.718   (  0, 82)       -0.603  0.00127   -0.915    0.621  0.89852  *
* 164)    8.718   ( 82,  0)       -0.603  0.00127   -0.915    0.621  0.89852  *
* 165)    9.159   (  0, 83)       -0.216  0.00078   -0.465    0.513  0.90290  *
* 166)    9.159   ( 83,  0)       -0.216  0.00078   -0.465    0.513  0.90290  *
* 167)    9.165   ( 84,  0)       -0.973  0.00072   -0.458    0.491  0.90295  *
* 168)    9.165   (  0, 84)       -0.973  0.00072   -0.458    0.491  0.90295  *
* 169)    9.637   (  0, 85)        0.273  0.00081    0.011    0.550  0.90727  *
* 170)    9.637   ( 85,  0)        0.273  0.00081    0.011    0.550  0.90727  *
* 171)    9.806   ( 86,  0)        0.710  0.00086    0.179    0.575  0.90872  *
* 172)    9.806   (  0, 86)        0.710  0.00086    0.179    0.575  0.90872  *
*                                                                             *
*1680)   TOTAL=  ( 840, 840)                                                  *
*                                                                             *
*******************************************************************************

*******************************************************************************
*                                                                             *
*  SINGLE-PARTICLE PROPERTIES: CANONICAL                           NEUTRONS   *
*                                                                             *
*******************************************************************************
*                                                                             *
*  NO)   ENERGY   (S=+,S=-)   | N,nz,lz,OMEz>   <P>    <JY>    <SY>   GFACT   *
*                                                                             *
*  44)  -11.966   ( 44,---)   | 5, 2, 1, 3/2>   -60   0.015  -0.005  -0.322   *
*  45)  -11.213   ( 45,---)   | 6, 3, 3, 7/2>    68   0.000   0.000   0.166   *
*  46)  -11.119   ( 46,---)   | 5, 1, 4, 9/2>   -90  -0.000  -0.000   0.643   *
*  47)  -11.079   ( 47,---)   | 6, 4, 0, 1/2>    55  -0.494  -0.398   0.805   *
*  48)  -10.981   ( 48,---)   | 5, 2, 1, 3/2>   -52  -0.008  -0.010   1.252   *
*  49)  -10.909   ( 49,---)   | 5, 2, 3, 5/2>   -75  -0.003  -0.000   0.042   *
*  50)  -10.747   ( 50,---)   | 6, 4, 2, 3/2>    54  -0.011   0.009  -0.766   *
*  51)  -10.347   ( 51,---)   | 5, 2, 1, 1/2>   -76   0.164  -0.048  -0.295   *
*  52)   -9.090   ( 52,---)   | 4, 0, 2, 5/2>    97  -0.000  -0.000   1.261   *
*  53)   -9.014   ( 53,---)   | 7, 5, 2, 5/2>   -49   0.000  -0.000  -1.117   *
*  54)   -8.774   ( 54,---)   | 7, 6, 1, 1/2>   -31   0.282  -0.204  -0.724   *
*  55)   -7.483   ( 55,---)   | 4, 0, 0, 1/2>    72  -0.937  -0.414   0.441   *
*  56)   -7.388   ( 56,---)   | 6, 3, 1, 3/2>    67  -0.056  -0.020   0.361   *
*  57)   -7.156   ( 57,---)   | 4, 0, 0, 1/2>    43  -1.945  -0.391   0.201   *
*  58)   -7.089   ( 58,---)   | 6, 2, 4, 9/2>    79  -0.000  -0.000   0.026   *
*  59)   -6.956   ( 59,---)   | 4, 0, 4, 7/2>    96   0.000   0.000   0.102   *
*  60)   -6.839   ( 60,---)   | 4, 0, 2, 3/2>    91   0.005  -0.001  -0.248   *
*  61)   -6.736   ( 61,---)   | 5, 1, 2, 5/2>   -87  -0.000  -0.000   3.447   *
*  62)   -6.424   ( 62,---)   | 7, 4, 3, 7/2>   -58  -0.000   0.000  -0.732   *
*  63)   -5.956   ( 63,---)   | 6, 3, 3, 5/2>    63   0.000  -0.000  -0.066   *
*  64)   -5.669   ( 64,---)   | 7, 5, 0, 1/2>   -44  -0.180  -0.345   1.915   *
*  65)   -5.514   ( 65,---)   | 6, 3, 1, 1/2>    58  -0.080  -0.147   1.842   *
*  66)   -5.224   ( 66,---)   | 7, 5, 2, 3/2>   -13   0.117   0.033   0.285   *
*  67)   -5.192   ( 67,---)   | 7, 6, 1, 3/2>    -6   0.064   0.020   0.304   *
*  68)   -5.108   ( 68,---)   | 5, 1, 0, 1/2>   -84  -0.160  -0.476   2.975   *
*  69)   -4.478   ( 69,---)   | 5, 1, 2, 3/2>   -85  -0.053  -0.002   0.031   *
*  70)   -4.298   ( 70,---)   | 5, 1, 4, 7/2>   -87   0.000  -0.009 -5.E+01   *
*  71)   -4.286   ( 71,---)   | 5, 0, 5,11/2>   -97  -0.000  -0.000   0.429   *
*  72)   -3.314   ( 72,---)   | 8, 6, 2, 5/2>    37   0.000  -0.000  -7.254   *
*  73)   -2.443   ( 73,---)   | 8, 7, 1, 1/2>    13   0.194  -0.265  -1.367   *
*  74)   -2.303   ( 74,---)   | 7, 3, 4, 9/2>   -68   0.000   0.000   0.593   *
*  75)   -1.954   ( 75,---)   | 6, 2, 2, 5/2>    72   0.000  -0.000  -5.873   *
*  76)   -1.928   ( 76,---)   | 6, 1, 5,11/2>    90  -0.000  -0.000   0.238   *
*  77)   -1.547   ( 77,---)   | 7, 4, 1, 3/2>   -50  -0.011  -0.008   0.690   *
*  78)   -1.017   ( 78,---)   | 8, 5, 3, 7/2>    52  -0.000  -0.000   0.001   *
*  79)   -0.621   ( 79,---)   | 7, 4, 1, 1/2>   -27  -1.497  -0.215   0.144   *
*  80)   -0.360   ( 80,---)   | 7, 4, 3, 5/2>   -52  -0.001  -0.000   0.062   *
*  81)   -0.178   ( 81,---)   | 6, 2, 0, 1/2>    55   0.080  -0.370  -4.644   *
*                                                                             *
*******************************************************************************

*******************************************************************************
*                                                                             *
*  HFB PAIRING PROPERTIES                                           NEUTRONS  *
*                                                                             *
*  STRENGTH= 0.1006   GAP= 0.5477   FERMI ENERGY=-10.5957   ENERGY=  -2.9810  *
*                                                                             *
*******************************************************************************

*******************************************************************************
*                                                                             *
*  MULTIPOLE MOMENTS [UNITS:  (10 FERMI)^LAMBDA]                    NEUTRONS  *
*                                                                             *
*******************************************************************************
*                                                                             *
*  Q00 = 98.0000  .............  .............  .............  .............  *
*                                                                             *
*  Q10 =  6.3580  Q11 =    ZERO  .............  .............  .............  *
*                                                                             *
*  Q20 = 34.5904  Q21 =    ZERO  Q22 =  0.0447  .............  .............  *
*                                                                             *
*  Q30 =  2.5149  Q31 =    ZERO  Q32 =  0.0022  Q33 =    ZERO  .............  *
*                                                                             *
*  Q40 =  3.7510  Q41 =    ZERO  Q42 =  0.0106  Q43 =    ZERO  Q44 =-3.9E-06  *
*                                                                             *
*******************************************************************************

*******************************************************************************
*                                                                             *
*  ROOT-MEAN-SQUARE AND GEOMETRIC SIZES IN FERMIS                   NEUTRONS  *
*                                                                             *
*  R_RMS =  6.0422     X_RMS =  2.5100    Y_RMS =  2.5047    Z_RMS =  4.8923  *
*                                                                             *
*  R_GEO =  7.8005     X_GEO =  5.6124    Y_GEO =  5.6007    Z_GEO = 10.9396  *
*                                                                             *
*******************************************************************************

*******************************************************************************
*                                                                             *
*  BOHR DEFORMATIONS (FIRST-ORDER APPROXIMATION)                    NEUTRONS  *
*                                                                             *
*******************************************************************************
*                                                                             *
*  B10 =  0.1702  B11 =    ZERO  .............  .............  .............  *
*                                                                             *
*  B20 =  0.7663  B21 =    ZERO  B22 = 9.9E-04  .............  .............  *
*                                                                             *
*  B30 =  0.2265  B31 =    ZERO  B32 = 2.8E-04  B33 =    ZERO  .............  *
*                                                                             *
*  B40 =  0.4330  B41 =    ZERO  B42 =  0.0017  B43 =    ZERO  B44 =-6.3E-07  *
*                                                                             *
*******************************************************************************
*                                                                             *
*  BOHR DENSITY = 0.0493 FM^(-3)  BOHR RADIUS =   7.8005 FM                   *
*                                                                             *
*******************************************************************************

*******************************************************************************
*                                                                             *
*  SINGLE-QUASIPARTICLE PROPERTIES:                                 PROTONS   *
*                                                                             *
*******************************************************************************
*                                                                             *
*  NO)   ENERGY   (S=+,S=-)       PARITY   V2QUAP   EEQUIV   DEQUIV   V_CORR  *
*                                                                             *
*  37)    9.608   ( 19,  0)        0.812  0.99926  -12.072    0.523  0.99996  *
*  38)    9.608   (  0, 19)        0.812  0.99926  -12.072    0.523  0.99996  *
*  39)    9.595   ( 20,  0)       -0.690  0.99828  -12.041    0.796  0.99991  *
*  40)    9.595   (  0, 20)       -0.690  0.99828  -12.041    0.796  0.99991  *
*  41)    8.229   ( 21,  0)       -0.597  0.99899  -10.691    0.524  0.99994  *
*  42)    8.229   (  0, 21)       -0.597  0.99899  -10.691    0.524  0.99994  *
*  45)    7.342   ( 23,  0)       -0.979  0.98793   -9.644    1.603  0.99917  *
*  46)    7.342   (  0, 23)       -0.979  0.98793   -9.644    1.603  0.99917  *
*  47)    6.886   ( 24,  0)        0.796  0.99707   -9.324    0.744  0.99978  *
*  48)    6.886   (  0, 24)        0.796  0.99707   -9.324    0.744  0.99978  *
*  49)    6.518   ( 25,  0)        0.763  0.99852   -8.977    0.502  0.99988  *
*  50)    6.518   (  0, 25)        0.763  0.99852   -8.977    0.502  0.99988  *
*  51)    6.344   ( 26,  0)       -0.551  0.99831   -8.802    0.522  0.99986  *
*  52)    6.344   (  0, 26)       -0.551  0.99831   -8.802    0.522  0.99986  *
*  53)    5.542   (  0, 27)       -0.710  0.99762   -7.994    0.540  0.99977  *
*  54)    5.542   ( 27,  0)       -0.710  0.99762   -7.994    0.540  0.99977  *
*  55)    5.517   ( 28,  0)        0.911  0.99780   -7.972    0.517  0.99979  *
*  56)    5.517   (  0, 28)        0.911  0.99780   -7.972    0.517  0.99979  *
*  57)    4.582   ( 29,  0)        0.412  0.99704   -7.034    0.498  0.99965  *
*  58)    4.582   (  0, 29)        0.412  0.99704   -7.034    0.498  0.99965  *
*  59)    3.243   ( 30,  0)        0.500  0.99231   -5.672    0.566  0.99863  *
*  60)    3.243   (  0, 30)        0.500  0.99231   -5.672    0.566  0.99863  *
*  61)    3.232   ( 31,  0)       -0.964  0.99290   -5.665    0.543  0.99873  *
*  62)    3.232   (  0, 31)       -0.964  0.99290   -5.665    0.543  0.99873  *
*  63)    2.832   ( 32,  0)       -0.954  0.99114   -5.261    0.531  0.99812  *
*  64)    2.832   (  0, 32)       -0.954  0.99114   -5.261    0.531  0.99812  *
*  65)    2.262   ( 33,  0)       -0.687  0.98758   -4.685    0.501  0.99646  *
*  66)    2.262   (  0, 33)       -0.687  0.98758   -4.685    0.501  0.99646  *
*  67)    2.183   ( 34,  0)       -0.767  0.98757   -4.608    0.484  0.99628  *
*  68)    2.183   (  0, 34)       -0.767  0.98757   -4.608    0.484  0.99628  *
*  69)    1.713   (  0, 35)       -0.876  0.98090   -4.127    0.469  0.99188  *
*  70)    1.713   ( 35,  0)       -0.876  0.98090   -4.127    0.469  0.99188  *
*  71)    1.689   (  0, 36)       -0.807  0.97885   -4.097    0.486  0.99084  *
*  72)    1.689   ( 36,  0)       -0.807  0.97885   -4.097    0.486  0.99084  *
*  73)    1.632   ( 37,  0)        0.828  0.97535   -4.030    0.506  0.98878  *
*  74)    1.632   (  0, 37)        0.828  0.97535   -4.030    0.506  0.98878  *
*  75)    1.057   ( 38,  0)        0.515  0.93825   -3.406    0.509  0.94497  *
*  76)    1.057   (  0, 38)        0.515  0.93825   -3.406    0.509  0.94497  *
*  77)    1.029   ( 39,  0)        0.860  0.93883   -3.382    0.493  0.94251  *
*  78)    1.029   (  0, 39)        0.860  0.93883   -3.382    0.493  0.94251  *
*  79)    0.585   ( 40,  0)        0.654  0.74466   -2.765    0.510  0.67448  *
*  80)    0.585   (  0, 40)        0.654  0.74466   -2.765    0.510  0.67448  *
*  81)    0.521   (  0, 41)        0.818  0.33886   -2.311    0.493  0.56138  *
*  82)    0.521   ( 41,  0)        0.818  0.33886   -2.311    0.493  0.56138  *
*  83)    1.050   (  0, 42)       -0.233  0.05917   -1.553    0.495  0.70219  *
*  84)    1.050   ( 42,  0)       -0.233  0.05917   -1.553    0.495  0.70219  *
*  85)    1.228   ( 43,  0)        0.978  0.04085   -1.351    0.486  0.73230  *
*  86)    1.228   (  0, 43)        0.978  0.04085   -1.351    0.486  0.73230  *
*  87)    2.027   ( 44,  0)       -0.530  0.01467   -0.511    0.488  0.81658  *
*  88)    2.027   (  0, 44)       -0.530  0.01467   -0.511    0.488  0.81658  *
*  89)    2.719   ( 45,  0)        0.689  0.00833    0.195    0.494  0.85604  *
*  90)    2.719   (  0, 45)        0.689  0.00833    0.195    0.494  0.85604  *
*  91)    2.868   ( 46,  0)       -0.797  0.00832    0.341    0.521  0.86250  *
*  92)    2.868   (  0, 46)       -0.797  0.00832    0.341    0.521  0.86250  *
*  93)    3.005   ( 47,  0)        0.541  0.00634    0.488    0.477  0.86775  *
*  94)    3.005   (  0, 47)        0.541  0.00634    0.488    0.477  0.86775  *
*  95)    3.020   (  0, 48)       -0.907  0.00697    0.499    0.502  0.86840  *
*  96)    3.020   ( 48,  0)       -0.907  0.00697    0.499    0.502  0.86840  *
*  97)    3.128   (  0, 49)        0.504  0.00779    0.601    0.550  0.87244  *
*  98)    3.128   ( 49,  0)        0.504  0.00779    0.601    0.550  0.87244  *
*  99)    3.361   (  0, 50)       -0.719  0.00670    0.837    0.548  0.88012  *
* 100)    3.361   ( 50,  0)       -0.719  0.00670    0.837    0.548  0.88012  *
* 101)    3.875   (  0, 51)       -0.734  0.00350    1.368    0.458  0.89410  *
* 102)    3.875   ( 51,  0)       -0.734  0.00350    1.368    0.458  0.89410  *
* 103)    4.941   (  0, 52)       -0.480  0.00290    2.434    0.531  0.91499  *
* 104)    4.941   ( 52,  0)       -0.480  0.00290    2.434    0.531  0.91499  *
* 105)    5.341   (  0, 53)       -0.263  0.00199    2.841    0.476  0.92079  *
* 106)    5.341   ( 53,  0)       -0.263  0.00199    2.841    0.476  0.92079  *
* 107)    6.493   (  0, 54)        0.945  0.00107    4.000    0.424  0.93386  *
* 108)    6.493   ( 54,  0)        0.945  0.00107    4.000    0.424  0.93386  *
* 109)    6.950   ( 55,  0)        0.386  0.00161    4.449    0.557  0.93797  *
* 110)    6.950   (  0, 55)        0.386  0.00161    4.449    0.557  0.93797  *
* 111)    6.988   (  0, 56)        0.694  0.00229    4.477    0.668  0.93832  *
* 112)    6.988   ( 56,  0)        0.694  0.00229    4.477    0.668  0.93832  *
* 113)    7.056   ( 57,  0)        0.962  0.00114    4.561    0.477  0.93883  *
* 114)    7.056   (  0, 57)        0.962  0.00114    4.561    0.477  0.93883  *
* 115)    7.101   (  0, 58)        0.798  0.00110    4.606    0.471  0.93918  *
* 116)    7.101   ( 58,  0)        0.798  0.00110    4.606    0.471  0.93918  *
* 117)    7.539   (  0, 59)       -0.925  0.01193    4.880    1.637  0.94305  *
* 118)    7.539   ( 59,  0)       -0.925  0.01193    4.880    1.637  0.94305  *
* 119)    7.737   ( 60,  0)        0.649  0.00097    5.243    0.482  0.94390  *
* 120)    7.737   (  0, 60)        0.649  0.00097    5.243    0.482  0.94390  *
* 123)    8.188   ( 62,  0)        0.883  0.00063    5.698    0.412  0.94681  *
* 124)    8.188   (  0, 62)        0.883  0.00063    5.698    0.412  0.94681  *
* 125)    8.239   (  0, 63)        0.845  0.00059    5.750    0.401  0.94711  *
* 126)    8.239   ( 63,  0)        0.845  0.00059    5.750    0.401  0.94711  *
* 127)    8.339   ( 64,  0)       -0.870  0.00068    5.848    0.433  0.94772  *
* 128)    8.339   (  0, 64)       -0.870  0.00068    5.848    0.433  0.94772  *
* 129)    8.558   (  0, 65)       -0.474  0.00075    6.066    0.468  0.94900  *
* 130)    8.558   ( 65,  0)       -0.474  0.00075    6.066    0.468  0.94900  *
* 131)    8.743   ( 66,  0)        0.620  0.00061    6.254    0.433  0.95002  *
* 132)    8.743   (  0, 66)        0.620  0.00061    6.254    0.433  0.95002  *
* 133)    8.761   ( 67,  0)       -0.449  0.00076    6.268    0.484  0.95012  *
* 134)    8.761   (  0, 67)       -0.449  0.00076    6.268    0.484  0.95012  *
* 135)    8.817   (  0, 68)        0.237  0.00069    6.326    0.462  0.95042  *
* 136)    8.817   ( 68,  0)        0.237  0.00069    6.326    0.462  0.95042  *
* 137)    9.341   ( 69,  0)       -0.840  0.00071    6.849    0.497  0.95307  *
* 138)    9.341   (  0, 69)       -0.840  0.00071    6.849    0.497  0.95307  *
* 139)    9.993   ( 70,  0)       -0.811  0.00063    7.502    0.501  0.95599  *
* 140)    9.993   (  0, 70)       -0.811  0.00063    7.502    0.501  0.95599  *
*                                                                             *
*1286)   TOTAL=  ( 643, 643)                                                  *
*                                                                             *
*******************************************************************************

*******************************************************************************
*                                                                             *
*  SINGLE-PARTICLE PROPERTIES: CANONICAL                            PROTONS   *
*                                                                             *
*******************************************************************************
*                                                                             *
*  NO)   ENERGY   (S=+,S=-)   | N,nz,lz,OMEz>   <P>    <JY>    <SY>   GFACT   *
*                                                                             *
*  22)  -10.704   ( 22,---)   | 5, 4, 1, 3/2>   -60   0.038  -0.005  -0.123   *
*  23)   -9.806   ( 23,---)   | 3, 0, 3, 7/2>   -97  -0.000  -0.000   1.867   *
*  24)   -9.353   ( 24,---)   | 4, 2, 2, 3/2>    79   0.010  -0.005  -0.465   *
*  25)   -9.000   ( 25,---)   | 4, 2, 0, 1/2>    77  -0.712  -0.460   0.646   *
*  26)   -8.822   ( 26,---)   | 5, 4, 1, 1/2>   -55   0.577  -0.081  -0.140   *
*  27)   -7.998   ( 27,---)   | 5, 3, 2, 5/2>   -70  -0.000  -0.000   0.399   *
*  28)   -7.973   ( 28,---)   | 4, 1, 3, 7/2>    91  -0.000  -0.000   0.269   *
*  29)   -7.038   ( 29,---)   | 6, 6, 0, 1/2>    41  -1.977  -0.412   0.208   *
*  30)   -5.685   ( 30,---)   | 6, 5, 1, 3/2>    50   0.015  -0.002  -0.167   *
*  31)   -5.674   ( 31,---)   | 3, 0, 3, 5/2>   -96   0.000  -0.000  -0.013   *
*  32)   -5.275   ( 32,---)   | 3, 0, 1, 3/2>   -96  -0.019  -0.022   1.182   *
*  33)   -4.685   ( 33,---)   | 5, 3, 2, 3/2>   -69   0.090  -0.041  -0.452   *
*  34)   -4.613   ( 34,---)   | 3, 0, 1, 1/2>   -76  -0.510  -0.229   0.448   *
*  35)   -4.129   ( 35,---)   | 3, 0, 1, 1/2>   -87  -0.049  -0.154   3.149   *
*  36)   -4.097   ( 36,---)   | 5, 2, 3, 7/2>   -80   0.000  -0.000  -1.902   *
*  37)   -4.031   ( 37,---)   | 4, 1, 3, 5/2>    82   0.001  -0.000  -0.016   *
*  38)   -3.415   ( 38,---)   | 6, 5, 1, 1/2>    51   0.497  -0.175  -0.352   *
*  39)   -3.383   ( 39,---)   | 4, 1, 1, 3/2>    86   0.042   0.015   0.351   *
*  40)   -2.766   ( 40,---)   | 6, 4, 2, 5/2>    65   0.000  -0.000  -0.122   *
*  41)   -2.310   ( 41,---)   | 4, 1, 1, 1/2>    81   0.348  -0.002  -0.005   *
*  42)   -1.536   ( 42,---)   | 7, 7, 0, 1/2>   -27  -2.442  -0.375   0.154   *
*  43)   -1.339   ( 43,---)   | 4, 0, 4, 9/2>    97  -0.000  -0.000   0.088   *
*  44)   -0.475   ( 44,---)   | 7, 6, 1, 3/2>   -50   0.020  -0.002  -0.082   *
*                                                                             *
*******************************************************************************

*******************************************************************************
*                                                                             *
*  HFB PAIRING PROPERTIES                                            PROTONS  *
*                                                                             *
*  STRENGTH= 0.0940   GAP= 0.4953   FERMI ENERGY= -2.9393   ENERGY=  -2.6086  *
*                                                                             *
*******************************************************************************

*******************************************************************************
*                                                                             *
*  MULTIPOLE MOMENTS [UNITS:  (10 FERMI)^LAMBDA]                     PROTONS  *
*                                                                             *
*******************************************************************************
*                                                                             *
*  Q00 = 78.0000  .............  .............  .............  .............  *
*                                                                             *
*  Q10 =  5.0599  Q11 =    ZERO  .............  .............  .............  *
*                                                                             *
*  Q20 = 28.3878  Q21 =    ZERO  Q22 =  0.0349  .............  .............  *
*                                                                             *
*  Q30 =  2.0682  Q31 =    ZERO  Q32 =  0.0018  Q33 =    ZERO  .............  *
*                                                                             *
*  Q40 =  3.1425  Q41 =    ZERO  Q42 =  0.0081  Q43 =    ZERO  Q44 = 8.8E-07  *
*                                                                             *
*******************************************************************************

*******************************************************************************
*                                                                             *
*  ROOT-MEAN-SQUARE AND GEOMETRIC SIZES IN FERMIS                    PROTONS  *
*                                                                             *
*  R_RMS =  6.0361     X_RMS =  2.4682    Y_RMS =  2.4629    Z_RMS =  4.9271  *
*                                                                             *
*  R_GEO =  7.7925     X_GEO =  5.5190    Y_GEO =  5.5073    Z_GEO = 11.0173  *
*                                                                             *
*******************************************************************************

*******************************************************************************
*                                                                             *
*  BOHR DEFORMATIONS (FIRST-ORDER APPROXIMATION)                     PROTONS  *
*                                                                             *
*******************************************************************************
*                                                                             *
*  B10 =  0.1704  B11 =    ZERO  .............  .............  .............  *
*                                                                             *
*  B20 =  0.7918  B21 =    ZERO  B22 = 9.7E-04  .............  .............  *
*                                                                             *
*  B30 =  0.2347  B31 =    ZERO  B32 = 2.8E-04  B33 =    ZERO  .............  *
*                                                                             *
*  B40 =  0.4577  B41 =    ZERO  B42 =  0.0017  B43 =    ZERO  B44 = 1.8E-07  *
*                                                                             *
*******************************************************************************
*                                                                             *
*  BOHR DENSITY = 0.0394 FM^(-3)  BOHR RADIUS =   7.7925 FM                   *
*                                                                             *
*******************************************************************************

*******************************************************************************
*                                                                             *
*                  DENSITY INTEGRALS IN THE SKYRME FUNCTIONAL                 *
*                                                                             *
*******************************************************************************
*                                                                             *
*                   TOTAL(T)        SUM(S)      ISOSCALAR(P)  ISOVECTOR(M)    *
*                   --------        ------      ------------  ------------    *
*    DRHO_ =       19.932575     10.079693         19.932575      0.226812    *
*    DRHOD =        9.143364      4.622769          9.143364      0.102174    *
*    DLPR_ =       -4.200020     -2.117740         -4.200020     -0.035461    *
*    DTAU_ =       17.297373      8.814601         17.297373      0.331828    *
*    DSCU_ =        0.120096      0.068329          0.120096      0.016563    *
*    DDIV_ =        0.869857      0.446777          0.869857      0.023696    *
*                                                                             *
*    DSPI_ =        0.000000      0.000000          0.000000      0.000000    *
*    DSPID =        0.000000      0.000000          0.000000      0.000000    *
*    DLPS_ =        0.000000      0.000000          0.000000      0.000000    *
*    DCUR_ =        0.000000      0.000000          0.000000      0.000000    *
*    DKIS_ =        0.000000      0.000000          0.000000      0.000000    *
*    DROT_ =        0.000000      0.000000          0.000000      0.000000    *
*                                                                             *
*******************************************************************************

*******************************************************************************
*                                                                             *
*               CONTRIBUTIONS TO ENERGY IN THE SKYRME FUNCTIONAL              *
*                                                                             *
*******************************************************************************
*                                                                             *
*                 TOTAL(T)        SUM(S)        ISOSCALAR(P)  ISOVECTOR(M)    *
*                 --------        ------        ------------  ------------    *
*    ERHO_ =   -17820.919162   5426.055929     -12455.911467     61.048235    *
*    ERHOD =     9218.463848  -2345.425982       6898.957565    -25.919699    *
*    ELPR_ =     -413.010271    609.634248        191.519915      5.104062    *
*    ETAU_ =      573.512771   -425.494301        156.027400     -8.008930    *
*    ESCU_ =        0.000000      0.000000          0.000000      0.000000    *
*    EDIV_ =      -19.166300    -46.386632        -64.322816     -1.230116    *
*               ============  ============      ============  ============    *
*    SUM EVEN:  -8461.119113   3218.383262      -5273.729403     30.993552    *
*                                                                             *
*    ESPI_ =        0.000000      0.000000          0.000000      0.000000    *
*    ESPID =        0.000000      0.000000          0.000000      0.000000    *
*    ELPS_ =        0.000000      0.000000          0.000000      0.000000    *
*    ECUR_ =        0.000000      0.000000          0.000000      0.000000    *
*    EKIS_ =        0.000000      0.000000          0.000000      0.000000    *
*    EROT_ =        0.000000      0.000000          0.000000      0.000000    *
*               ============  ============      ============  ============    *
*    SUM  ODD:      0.000000      0.000000          0.000000      0.000000    *
*                                                                             *
*******************************************************************************
 
*******************************************************************************
*                                                                             *
*  CENTER-OF-MASS COORDINATES IN FERMIS                                TOTAL  *
*                                                                             *
*  R_CMS =  0.6487     X_CMS = -0.0000    Y_CMS =  0.0000    Z_CMS =  0.6487  *
*                                                                             *
*******************************************************************************

*******************************************************************************
*                                                                             *
*  MULTIPOLE MOMENTS [UNITS:  (10 FERMI)^LAMBDA] [CENT-MASS FRAME]  NEUTRONS  *
*                                                                             *
*******************************************************************************
*                                                                             *
*  Q00 = 98.0000  .............  .............  .............  .............  *
*                                                                             *
*  Q10 = 3.3E-04  Q11 =    ZERO  .............  .............  .............  *
*                                                                             *
*  Q20 = 33.7654  Q21 =    ZERO  Q22 =  0.0447  .............  .............  *
*                                                                             *
*  Q30 =  0.0426  Q31 =    ZERO  Q32 = 5.0E-04  Q33 =    ZERO  .............  *
*                                                                             *
*  Q40 =  3.3762  Q41 =    ZERO  Q42 =  0.0103  Q43 =    ZERO  Q44 =-3.9E-06  *
*                                                                             *
*******************************************************************************

*******************************************************************************
*                                                                             *
*  BOHR DEFORMATIONS (FIRST-ORDER APPROXIMATION) [CENT-MASS FRAME]  NEUTRONS  *
*                                                                             *
*******************************************************************************
*                                                                             *
*  B10 = 9.6E-06  B11 =    ZERO  .............  .............  .............  *
*                                                                             *
*  B20 =  0.8931  B21 =    ZERO  B22 =  0.0012  .............  .............  *
*                                                                             *
*  B30 =  0.0050  B31 =    ZERO  B32 = 8.3E-05  B33 =    ZERO  .............  *
*                                                                             *
*  B40 =  0.5555  B41 =    ZERO  B42 =  0.0024  B43 =    ZERO  B44 =-9.0E-07  *
*                                                                             *
*******************************************************************************
*                                                                             *
*  BOHR DENSITY = 0.0643 FM^(-3)  BOHR RADIUS =   7.1392 FM                   *
*                                                                             *
*******************************************************************************

*******************************************************************************
*                                                                             *
*  MULTIPOLE MOMENTS [UNITS:  (10 FERMI)^LAMBDA] [CENT-MASS FRAME]   PROTONS  *
*                                                                             *
*******************************************************************************
*                                                                             *
*  Q00 = 78.0000  .............  .............  .............  .............  *
*                                                                             *
*  Q10 =-3.3E-04  Q11 =    ZERO  .............  .............  .............  *
*                                                                             *
*  Q20 = 27.7313  Q21 =    ZERO  Q22 =  0.0349  .............  .............  *
*                                                                             *
*  Q30 =  0.0382  Q31 =    ZERO  Q32 = 4.3E-04  Q33 =    ZERO  .............  *
*                                                                             *
*  Q40 =  2.8338  Q41 =    ZERO  Q42 =  0.0079  Q43 =    ZERO  Q44 = 8.8E-07  *
*                                                                             *
*******************************************************************************

*******************************************************************************
*                                                                             *
*  BOHR DEFORMATIONS (FIRST-ORDER APPROXIMATION) [CENT-MASS FRAME]   PROTONS  *
*                                                                             *
*******************************************************************************
*                                                                             *
*  B10 =-1.2E-05  B11 =    ZERO  .............  .............  .............  *
*                                                                             *
*  B20 =  0.9251  B21 =    ZERO  B22 =  0.0012  .............  .............  *
*                                                                             *
*  B30 =  0.0057  B31 =    ZERO  B32 = 8.9E-05  B33 =    ZERO  .............  *
*                                                                             *
*  B40 =  0.5904  B41 =    ZERO  B42 =  0.0023  B43 =    ZERO  B44 = 2.6E-07  *
*                                                                             *
*******************************************************************************
*                                                                             *
*  BOHR DENSITY = 0.0515 FM^(-3)  BOHR RADIUS =   7.1253 FM                   *
*                                                                             *
*******************************************************************************

*******************************************************************************
*                                                                             *
*  EULER ANGLES OF THE PRINCIPAL-AXES FRAME IN DEGREES                 TOTAL  *
*                                                                             *
*  ALPHA =180.00000  BETA =  0.00000  GAMMA =  0.00000                        *
*                                                                             *
*******************************************************************************

*******************************************************************************
*                                                                             *
*  ROOT-MEAN-SQUARE AND GEOMETRIC SIZES IN FERMIS                      TOTAL  *
*                                                                             *
*  R_RMS =  6.0395     X_RMS =  2.4915    Y_RMS =  2.4863    Z_RMS =  4.9078  *
*                                                                             *
*  R_GEO =  7.7969     X_GEO =  5.5712    Y_GEO =  5.5595    Z_GEO = 10.9741  *
*                                                                             *
*******************************************************************************

*******************************************************************************
*                                                                             *
*  MULTIPOLE MOMENTS [UNITS:  (10 FERMI)^LAMBDA]                       TOTAL  *
*                                                                             *
*******************************************************************************
*                                                                             *
*  Q00 =176.0000  .............  .............  .............  .............  *
*                                                                             *
*  Q10 = 11.4179  Q11 =    ZERO  .............  .............  .............  *
*                                                                             *
*  Q20 = 62.9782  Q21 =    ZERO  Q22 =  0.0795  .............  .............  *
*                                                                             *
*  Q30 =  4.5831  Q31 =    ZERO  Q32 =  0.0040  Q33 =    ZERO  .............  *
*                                                                             *
*  Q40 =  6.8936  Q41 =    ZERO  Q42 =  0.0188  Q43 =    ZERO  Q44 =-3.0E-06  *
*                                                                             *
*******************************************************************************

*******************************************************************************
*                                                                             *
*  BOHR DEFORMATIONS (FIRST-ORDER APPROXIMATION)                       TOTAL  *
*                                                                             *
*******************************************************************************
*                                                                             *
*  B10 =  0.1703  B11 =    ZERO  .............  .............  .............  *
*                                                                             *
*  B20 =  0.7776  B21 =    ZERO  B22 = 9.8E-04  .............  .............  *
*                                                                             *
*  B30 =  0.2301  B31 =    ZERO  B32 = 2.8E-04  B33 =    ZERO  .............  *
*                                                                             *
*  B40 =  0.4439  B41 =    ZERO  B42 =  0.0017  B43 =    ZERO  B44 =-2.7E-07  *
*                                                                             *
*******************************************************************************
*                                                                             *
*  BOHR DENSITY = 0.0886 FM^(-3)  BOHR RADIUS =   7.7969 FM                   *
*                                                                             *
*******************************************************************************

*******************************************************************************
*                                                                             *
*  MULTIPOLE MOMENTS [UNITS:  (10 FERMI)^LAMBDA] [CENT-MASS FRAME]     TOTAL  *
*                                                                             *
*******************************************************************************
*                                                                             *
*  Q00 =176.0000  .............  .............  .............  .............  *
*                                                                             *
*  Q10 =    ZERO  Q11 =    ZERO  .............  .............  .............  *
*                                                                             *
*  Q20 = 61.4967  Q21 =    ZERO  Q22 =  0.0795  .............  .............  *
*                                                                             *
*  Q30 =  0.0808  Q31 =    ZERO  Q32 = 9.2E-04  Q33 =    ZERO  .............  *
*                                                                             *
*  Q40 =  6.2100  Q41 =    ZERO  Q42 =  0.0182  Q43 =    ZERO  Q44 =-3.0E-06  *
*                                                                             *
*******************************************************************************

*******************************************************************************
*                                                                             *
*  BOHR DEFORMATIONS (FIRST-ORDER APPROXIMATION) [CENT-MASS FRAME]     TOTAL  *
*                                                                             *
*******************************************************************************
*                                                                             *
*  B10 =    ZERO  B11 =    ZERO  .............  .............  .............  *
*                                                                             *
*  B20 =  0.9072  B21 =    ZERO  B22 =  0.0012  .............  .............  *
*                                                                             *
*  B30 =  0.0053  B31 =    ZERO  B32 = 8.6E-05  B33 =    ZERO  .............  *
*                                                                             *
*  B40 =  0.5709  B41 =    ZERO  B42 =  0.0024  B43 =    ZERO  B44 =-3.9E-07  *
*                                                                             *
*******************************************************************************
*                                                                             *
*  BOHR DENSITY = 0.1158 FM^(-3)  BOHR RADIUS =   7.1331 FM                   *
*                                                                             *
*******************************************************************************

*******************************************************************************
*                                                                             *
*  MULTIPOLE MOMENTS [UNITS:  (10 FERMI)^LAMBDA] [INTRINSIC FRAME]     TOTAL  *
*                                                                             *
*  REAL PART  FOR A NON-NEGATIVE PROJECTION                                   *
*  IMAGINARY PART FOR A NEGATIVE PROJECTION                                   *
*                                                                             *
*******************************************************************************
*                                                                             *
*  Q00 =176.0000  .............  .............  .............  .............  *
*                 .............  .............  .............  .............  *
*                                                                             *
*  Q10 =    ZERO  Q1+1=    ZERO  .............  .............  .............  *
*                 Q1-1=    ZERO  .............  .............  .............  *
*                                                                             *
*  Q20 = 61.4967  Q2+1=    ZERO  Q2+2=  0.0795  .............  .............  *
*                 Q2-1=    ZERO  Q2-2=    ZERO  .............  .............  *
*                                                                             *
*  Q30 =  0.0808  Q3+1=    ZERO  Q3+2= 9.2E-04  Q3+3=    ZERO  .............  *
*                 Q3-1=    ZERO  Q3-2=    ZERO  Q3-3=    ZERO  .............  *
*                                                                             *
*  Q40 =  6.2100  Q4+1=    ZERO  Q4+2=  0.0182  Q4+3=    ZERO  Q4+4=-3.0E-06  *
*                 Q4-1=    ZERO  Q4-2=    ZERO  Q4-3=    ZERO  Q4-4=    ZERO  *
*                                                                             *
*******************************************************************************

*******************************************************************************
*                                                                             *
*  BOHR DEFORMATIONS (FIRST-ORDER APPROXIMATION) [INTRINSIC FRAME]     TOTAL  *
*                                                                             *
*  REAL PART  FOR A NON-NEGATIVE PROJECTION                                   *
*  IMAGINARY PART FOR A NEGATIVE PROJECTION                                   *
*                                                                             *
*******************************************************************************
*                                                                             *
*  B10 =    ZERO  B1+1=    ZERO  .............  .............  .............  *
*                 B1-1=    ZERO  .............  .............  .............  *
*                                                                             *
*  B20 =  0.9072  B2+1=    ZERO  B2+2=  0.0012  .............  .............  *
*                 B2-1=    ZERO  B2-2=    ZERO  .............  .............  *
*                                                                             *
*  B30 =  0.0053  B3+1=    ZERO  B3+2= 8.6E-05  B3+3=    ZERO  .............  *
*                 B3-1=    ZERO  B3-2=    ZERO  B3-3=    ZERO  .............  *
*                                                                             *
*  B40 =  0.5709  B4+1=    ZERO  B4+2=  0.0024  B4+3=    ZERO  B4+4=-3.9E-07  *
*                 B4-1=    ZERO  B4-2=    ZERO  B4-3=    ZERO  B4-4=    ZERO  *
*                                                                             *
*******************************************************************************
*                                                                             *
*  BOHR DENSITY = 0.1158 FM^(-3)  BOHR RADIUS =   7.1331 FM                   *
*                                                                             *
*******************************************************************************

*******************************************************************************
*                                                                             *
*                                ENERGIES (MEV)                               *
*                                                                             *
*******************************************************************************
*                                                                             *
*  KINETIC: (NEU)=  1861.521798    (PRO)=  1308.605794    (TOT)=  3170.127592 *
*  SUM EPS: (NEU)= -2153.346926    (PRO)= -1020.221343    (TOT)= -3173.568268 *
*  PAIRING: (NEU)=    -2.981015    (PRO)=    -2.608638    (TOT)=    -5.589653 *
*  P-REARR: (NEU)=     0.827773    (PRO)=     0.754605    (TOT)=     1.582378 *
*                                                                             *
*  PAIRGAP: (NEU)=     0.547659    (PRO)=     0.495255    THIS SPACE IS EMPTY *
*  E-FERMI: (NEU)=   -10.595738    (PRO)=    -2.939272    AND AWAITS  YOUR AD *
*                                                                             *
*  COULOMB: (DIR)=   733.184125    (EXC)=   -29.978333    (TOT)=   703.205792 *
*                                                                             *
*  CONSTR. (MULT)=   712.192607    SLOPE=   268.738674    CORR.=  -134.369337 *
*  CONSTR. (SURF)=     0.000000    SLOPE=     0.000000    CORR.=     0.000000 *
*  CONSTR. (SPIN)=     0.000000    SLOPE=     0.000000    CORR.=     0.000000 *
*  CONSTR. (ISOS)=     0.000000    SLOPE=     0.000000    CORR.=     0.000000 *
*                                                                             *
*  REARRANGEMENT ENERGY FROM THE SKYRME DENSITY-DEPENDENT TERMS=  1294.125377 *
*  ROUTHIAN= TOTAL ENERGY + MULTIPOLE AND (ISO)SPIN CONSTRAINTS=  -662.799512 *
*                                                                             *
*  SPIN-ORB (EVE)=   -65.552932    (ODD)=     0.000000    (TOT)=   -65.552932 *
*  SKYRME:  (EVE)= -5242.735851    (ODD)=     0.000000    (TOT)= -5242.735851 *
*                                                                             *
*  TOTAL:  (STAB)=   196.350933     (SP)= -1178.641187    (FUN)= -1374.992119 *
*                                                                             *
*******************************************************************************

*******************************************************************************
*                                                                             *
*  ITERATION RESTARTED FROM THE DISC, THE FOLLOWING FILE(S) READ:             *
*  ./restart/HFODD_00000030.REC                                        VER=19 *
*                                                                             *
*******************************************************************************
*                                                                             *
* CONVERGENCE REPORT                                                          *
*                                                                             *
*******************************************************************************
*                                                                             *
* ITER     ENERGY     STABILITY    Q_2    GAMMA   SPIN  OMEGA   ANGLE   EPAIR *
*                                                                             *
* 2207 -1374.992119  196.350933  61.497    0.07   0.00  0.000   0.000   -5.59 *
* 2208  -574.134857    1.02E+03 129.590    0.02   0.00  0.000   0.000   -0.68 *
* 2209  -713.172365    1.15E+03 148.731    0.01   0.00  0.000   0.000   -4.54 *
* 2210  -686.212627    1.26E+03 139.467    0.01   0.00  0.000   0.000   -4.37 *
* 2211  -662.239713    1.27E+03 140.099    0.01   0.00  0.000   0.000   -4.06 *
* 2212  -659.018946    1.14E+03 138.704    0.02   0.00  0.000   0.000   -3.97 *
* 2213  -679.006054    1.09E+03 141.269    0.01   0.00  0.000   0.000   -4.59 *
* 2214  -710.822658    1.16E+03 144.413    0.01   0.00  0.000   0.000   -5.71 *
* 2215  -730.372689    1.13E+03 147.713    0.01   0.00  0.000   0.000   -4.75 *
* 2216  -764.105709    1.26E+03 149.354    0.02   0.00  0.000   0.000   -7.53 *
* 2217  -717.924620  757.693854 146.165    0.00   0.00  0.000   0.000   -4.23 *
* 2218  -809.907826    3.24E+03 158.022    0.01   0.00  0.000   0.000  -13.53 *
* 2219   415.822540   -2.94E+03 517.497    0.02   0.00  0.000   0.000   -0.08 *
* 2220  2273.041204   -2.93E+03  17.894    0.65   0.00  0.000   0.000  -49.04 *
* 2221  1558.731964   -1.22E+04 248.201    0.00   0.00  0.000   0.000   -0.01 *
* 2222  5163.570898   -2.76E+04  57.202    1.82   0.00  0.000   0.000 -507.16 *
* 2223  6740.315124   -1.95E+04  34.113   59.14   0.00  0.000   0.000 -173.68 *

 //////////////////// MAXIMUM NUMBER OF ITERATIONS       ////////////////////
 //////////////////// EXCEEDED IN QUABCS                 ////////////////////

*******************************************************************************
*                                                                             *
*  PROCESSOR   EXECUTION  TIMES IN SUBROUTINES                                *
*  INCLUDING THEIR COMPLETE DOWN-CALLING TREES                                *
*                                                                             *
*******************************************************************************
*                                                                             *
*     5264 => HFODD    2832 => DENSHF   1062 => DIAMAT    971 => HFBSIM       *
*                                                                             *
*      567 => QMULCM    282 => PAIMAC    221 => CANQUA    196 => RECORD       *
*                                                                             *
*       84 => AVEQUA     34 => INTEGH     31 => INTSOR     30 => INTEGD       *
*                                                                             *
*       28 => DENMAC     16 => MOMETS     15 => INTMUL     14 => DOBROY       *
*                                                                             *
*       10 => BEGINC     10 => SKFILD      7 => INTMAS      7 => SPAVER       *
*                                                                             *
*        6 => ROTAVR      6 => LINAVR      5 => AVOBSE      5 => COUMAT       *
*                                                                             *
*        5 => INTCOU      3 => INTCEN      3 => NILASP      2 => POWALL       *
*                                                                             *
*        2 => SKPAIR      2 => AVANGY      0 => INTKIN      0 => AVPARI       *
*                                                                             *
*        0 => QUABCS      0 => SHICOE      0 => AVSIMP      0 => PAXMOM       *
*                                                                             *
*        0 => SPIMOM      0 => MOMSIF      0 => MOMVMU      0 => MAGMOM       *
*                                                                             *
*        0 => SHIMOM      0 => SHISIF      0 => SHIMAG                        *
*                                                                             *
*******************************************************************************
*                                                                             *
*  NUMBERS OF CALLS TO SUBROUTINES                                            *
*                                                                             *
*******************************************************************************
*                                                                             *
*      788 => BEGINC    652 => INTMUL    210 => INTSOR     86 => DIAMAT       *
*                                                                             *
*       70 => INTMAS     70 => INTCEN     69 => INTKIN     68 => AVEQUA       *
*                                                                             *
*       51 => PAXMOM     35 => INTEGH     35 => INTEGD     35 => HFBSIM       *
*                                                                             *
*       35 => QUABCS     34 => CANQUA     34 => AVPARI     34 => DENSHF       *
*                                                                             *
*       34 => DENMAC     34 => PAIMAC     34 => MOMETS     34 => MOMSIF       *
*                                                                             *
*       34 => MOMVMU     34 => MAGMOM     34 => SPIMOM     34 => LINAVR       *
*                                                                             *
*       34 => ROTAVR     34 => SHICOE     18 => RECORD     18 => COUMAT       *
*                                                                             *
*       18 => INTCOU     17 => QMULCM     17 => SKFILD     17 => SKPAIR       *
*                                                                             *
*       17 => DOBROY     17 => SHIMOM     17 => SHISIF     17 => SHIMAG       *
*                                                                             *
*       14 => SPAVER      2 => AVANGY      2 => AVOBSE      2 => AVSIMP       *
*                                                                             *
*        2 => NILASP      1 => HFODD       1 => POWALL                        *
*                                                                             *
*******************************************************************************
*                                                                             *
*  EXECUTION ENDS ON 2016.09.06 AT 13:28:22.705                               *
*                                                                             *
*******************************************************************************
