*******************************************************************************
*                                                                             *
*                     P A R A L L E L    M O D E L                            *
*                                                                             *
*  SIMPLE MPI FRAMEWORK (1 COMMUNICATOR)    :  1 MPI PROCESS per HFODD TASK   *
*  MULTI-THREADING FRAMEWORK WITH OPENMP   :  4 THREADS per HFODD MPI PROCESS *
*                                                                             *
*******************************************************************************
*                                                                             *
*                        __  __ _____  ___   ____   ____                      *
*                       / / / // ___/.' _ \ / __ \ / __ \                     *
*                      / /_/ // /_  / / / // / / // / / /                     *
*                     / __  // __/ / / / // / / // / / /                      *
*                    / / / // /   / /_/ // /_/ // /_/ /                       *
*                   /_/ /_//_/    \___.'/____.'/____.'                        *
*                                                                             *
*                                                                             *
*******************************************************************************
*                                                                             *
*             SKYRME-HARTREE-FOCK-BOGOLYUBOV CODE VERSION: 2.77B              *
*                                                                             *
*              NO SYMMETRY-PLANES AND NO TIME-REVERSAL SYMMETRY               *
*                                                                             *
*                DEFORMED CARTESIAN HARMONIC-OSCILLATOR BASIS                 *
*                                                                             *
*******************************************************************************
*                                                                             *
*             J. DOBACZEWSKI, P. BACZYK, B.G. CARLSSON, J. DUDEK              *
*                 J. ENGEL, Y. GAO, M. KONIECZKA, T. LESINSKI                 *
*                 J. MCDONNELL, P. OLBRATOWSKI, P. POWALOWSKI                 *
*                  M. SADZIAK, J. SARICH, K. SATO, W. SATULA                  *
*             N. SCHUNCK,  J.A. SHEIKH, A. STASZCZAK, M. STOITSOV             *
*             P. TOIVANEN, X.B. WANG, M. ZALEWSKI AND H. ZDUNCZUK             *
*                                                                             *
*                   INSTYTUT FIZYKI TEORETYCZNEJ, WARSZAWA                    *
*                 LAWRENCE LIVERMORE NATIONAL LABORATORY, USA                 *
*                                                                             *
*                                  1993-2016                                  *
*                                                                             *
*******************************************************************************

*******************************************************************************
*                                                                             *
*  CODE COMPILED WITH THE FOLLOWING ARRAY DIMENSIONS AND SWITCHES:            *
*                                                                             *
*******************************************************************************
*                                                                             *
*  NDBASE = 1200  NDSTAT = 1200  NDXHRM =   40  NDYHRM =   40  NDZHRM =   64  *
*                                                                             *
*  NDMAIN =   30  NDMULT =    9  NDMULR =    4  NDLAMB =    9  NDITER = 5000  *
*                                                                             *
*  NDAKNO =    1  NDBKNO =    1  NDPROI =    2  NDCOUL =   80  NDPOLS =   25  *
*                                                                             *
*  NDATKN =   20  NDBTKN =   10  NDPROT =    1  NDPROD =    3                 *
*                                                                             *
*  IPARAL =    0  IPARAT =    0  I_CRAY =    0                                *
*                                                                             *
*                                                                             *
*  PRE-PROCESSOR OPTIONS:                                                     *
*                                                                             *
*       switch_port = 1     switch_diag = 3     switch_essl = 0               *
*                                                                             *
*                           switch_quad = 0     switch_vect = 1               *
*                                                                             *
*******************************************************************************
*                                                                             *
*  EXECUTION BEGINS ON 2016.08.25 AT 09:15:53.280                             *
*                                                                             *
*******************************************************************************
 
*******************************************************************************
*                                                                             *
*  CLASSICAL NUCLEAR SURFACE DEFINED FOR:                    N = 98   Z = 78  *
*                                                                             *
*******************************************************************************
*                                                                             *
*  AL10 =   ZERO  AL11 =   ZERO  .............  .............  .............  *
*                                                                             *
*  AL20 =  0.522  AL21 =   ZERO  AL22 =   ZERO  .............  .............  *
*                                                                             *
*******************************************************************************
*                                                                             *
*                                           HOMEGA=  7.7322  FCHOM0=  1.0569  *
*                                                                             *
*  OSCILLATOR FREQUENCIES: HBAROX=  9.0437  HBAROY=  9.0437  HBAROZ=  5.6521  *
*                                                                             *
*  MOMENTS OF INERTIA:     XMOMFC=105.2861  YMOMFC=105.2861  ZMOMFC= 59.1464  *
*                                                                             *
*  CENTERS OF MASS:        CMSXFC= -0.0000  CMSYFC= -0.0000  CMSZFC= -0.0000  *
*                                                                             *
*******************************************************************************

*******************************************************************************
*                                                                             *
*                           SKYRME FORCE DEFINITION                           *
*                                                                             *
*******************************************************************************
*                                                                             *
* PARAMETER SET HFB1:  T0= -1666.41  T1=   255.23  T2=  1521.28  T3= 12072.51 *
*                                                                             *
* POWER=0.37658031358  X0=  0.14608  X1= -4.82248  X2= -1.35211  X3=  0.00432 *
*                                                                             *
* IETA: J=0  W=1 CM=3  M=1  P=1  T=0 HBM= 20.73553 W0=  44.0677 W0P= 207.6502 *
*                                                                             *
*******************************************************************************

*******************************************************************************
*                                                                             *
*              COUPLING CONSTANTS DEFINING THE SKYRME FUNCTIONAL              *
*                                                                             *
*******************************************************************************
*                                                                             *
*                   TOTAL(T)        SUM(S)      ISOSCALAR(P)  ISOVECTOR(M)    *
*                   --------        ------      ------------  ------------    *
*    CRHO_ =     -894.060074    538.315575       -624.902286    269.157788    *
*    CRHOD =     1008.213640   -507.363897        754.531691   -253.681949    *
*    CLPR_ =       98.335311   -287.870148        -45.599763   -143.935074    *
*    CTAU_ =       33.156062    -48.271535          9.020295    -24.135768    *
*    CSCU_ =        0.000000      0.000000          0.000000      0.000000    *
*    CDIV_ =      -22.033840   -103.825096        -73.946388    -51.912548    *
*                                                                             *
*    CSPI_ =      -60.857026    416.601524        147.443736    208.300762    *
*    CSPID =        2.171385   -503.021127       -249.339179   -251.510564    *
*    CLPS_ =       51.110395     71.467295         86.844042     35.733647    *
*    CCUR_ =      -33.156062     48.271535         -9.020295     24.135768    *
*    CKIS_ =        0.000000      0.000000          0.000000      0.000000    *
*    CROT_ =      -22.033840   -103.825096        -73.946388    -51.912548    *
*                                                                             *
*******************************************************************************

*******************************************************************************
*                                                                             *
*                          NUCLEAR MATTER PROPERTIES                          *
*                                                                             *
*******************************************************************************
*                                                                             *
*     E = -15.8000  rho0 =   0.15625   K =  244.6682   Ms =    0.9364         *
*                   asym =  28.66820   L =   40.1091   Mv =    1.2498         *
*                                                                             *
*******************************************************************************

*******************************************************************************
*                                                                             *
*  PHYSICAL CONSTANTS:     H_BARC=197.32891000           HBCOE2=137.03602000  *
*                                                                             *
*                          XMASSN=938.90590000           XMASSP=938.27231000  *
*                                                                             *
*                          HBMASS= 20.73553000           HBMRPA= 20.73553000  *
*                                                                             *
*                          ECHAR2=  1.43997841           COULEX= -1.06350868  *
*                                                                             *
*******************************************************************************
*                                                                             *
*  OSCILLATOR LENGTHS:     X= 2.1414447      Y= 2.1414447       Z= 2.7087860  *
*                                                                             *
*  OSCILLATOR CONSTANTS:   X= 0.4669745      Y= 0.4669745       Z= 0.3691691  *
*                                                                             *
*  OSCILLATOR FREQUENCIES: X= 9.0436895      Y= 9.0436895       Z= 5.6521018  *
*                                                                             *
*******************************************************************************
*                                                                             *
*  BASIS CUT-OFF CONTROL PARAMETERS:  NXMAXX = 14  NYMAXX = 14  NZMAXX =  24  *
*                                                                             *
*                                     NXHERM = 36  NYHERM = 36  NZHERM =  60  *
*                                                                             *
*                                     NLIMIT=1140  LDBASE=1140  MCOUNT=29791  *
*                                                                             *
*                                     ENECUT= 800.0000      ELIMIT= 147.5202  *
*                                                                             *
*******************************************************************************

*******************************************************************************
*                                                                             *
*   SHAPE OF THE OSCILLATOR-BASIS DIAMOND    (THREE CONSECUTIVE PROJECTIONS)  *
*                                                                             *
*******************************************************************************
*                                                                             *
*        NX ===>>>  0  1  2  3  4  5  6  7  8  9 10 11 12 13 14               *
*        MAX.NY => 14 13 12 11 10  9  8  7  6  5  4  3  2  1  0               *
*                 ---------------------------------------------               *
*   NY= 0  (14)  | 24 22 20 19 17 15 14 12 11  9  7  6  4  3  1               *
*   NY= 1  (13)  | 22 20 19 17 15 14 12 11  9  7  6  4  3  1                  *
*   NY= 2  (12)  | 20 19 17 15 14 12 11  9  7  6  4  3  1                     *
*   NY= 3  (11)  | 19 17 15 14 12 11  9  7  6  4  3  1                        *
*   NY= 4  (10)  | 17 15 14 12 11  9  7  6  4  3  1                           *
*   NY= 5  ( 9)  | 15 14 12 11  9  7  6  4  3  1                              *
*   NY= 6  ( 8)  | 14 12 11  9  7  6  4  3  1                                 *
*   NY= 7  ( 7)  | 12 11  9  7  6  4  3  1                                    *
*   NY= 8  ( 6)  | 11  9  7  6  4  3  1                                       *
*   NY= 9  ( 5)  |  9  7  6  4  3  1                                          *
*   NY=10  ( 4)  |  7  6  4  3  1                                             *
*   NY=11  ( 3)  |  6  4  3  1                                                *
*   NY=12  ( 2)  |  4  3  1                                                   *
*   NY=13  ( 1)  |  3  1                                                      *
*   NY=14  ( 0)  |  1                                                         *
*                                                                             *
*                                                                             *
*        NZ ===>>>  0  1  2  3  4  5  6  7  8  9 10 11 12 13 14 15 16 17 18   *
*        MAX.NY => 14 14 13 13 12 11 11 10  9  9  8  8  7  6  6  5  4  4  3   *
*                 ---------------------------------------------------------   *
*   NY= 0  (24)  | 14 14 13 13 12 11 11 10  9  9  8  8  7  6  6  5  4  4  3   *
*   NY= 1  (22)  | 13 13 12 12 11 10 10  9  8  8  7  7  6  5  5  4  3  3  2   *
*   NY= 2  (20)  | 12 12 11 11 10  9  9  8  7  7  6  6  5  4  4  3  2  2  1   *
*   NY= 3  (19)  | 11 11 10 10  9  8  8  7  6  6  5  5  4  3  3  2  1  1  0   *
*   NY= 4  (17)  | 10 10  9  9  8  7  7  6  5  5  4  4  3  2  2  1  0  0      *
*   NY= 5  (15)  |  9  9  8  8  7  6  6  5  4  4  3  3  2  1  1  0            *
*   NY= 6  (14)  |  8  8  7  7  6  5  5  4  3  3  2  2  1  0  0               *
*   NY= 7  (12)  |  7  7  6  6  5  4  4  3  2  2  1  1  0                     *
*   NY= 8  (11)  |  6  6  5  5  4  3  3  2  1  1  0  0                        *
*   NY= 9  ( 9)  |  5  5  4  4  3  2  2  1  0  0                              *
*   NY=10  ( 7)  |  4  4  3  3  2  1  1  0                                    *
*   NY=11  ( 6)  |  3  3  2  2  1  0  0                                       *
*   NY=12  ( 4)  |  2  2  1  1  0                                             *
*   NY=13  ( 3)  |  1  1  0  0                                                *
*   NY=14  ( 1)  |  0  0                                                      *
*                                                                             *
*                                                                             *
*        NZ ===>>>  0  1  2  3  4  5  6  7  8  9 10 11 12 13 14 15 16 17 18   *
*        MAX.NX => 14 14 13 13 12 11 11 10  9  9  8  8  7  6  6  5  4  4  3   *
*                 ---------------------------------------------------------   *
*   NX= 0  (24)  | 14 14 13 13 12 11 11 10  9  9  8  8  7  6  6  5  4  4  3   *
*   NX= 1  (22)  | 13 13 12 12 11 10 10  9  8  8  7  7  6  5  5  4  3  3  2   *
*   NX= 2  (20)  | 12 12 11 11 10  9  9  8  7  7  6  6  5  4  4  3  2  2  1   *
*   NX= 3  (19)  | 11 11 10 10  9  8  8  7  6  6  5  5  4  3  3  2  1  1  0   *
*   NX= 4  (17)  | 10 10  9  9  8  7  7  6  5  5  4  4  3  2  2  1  0  0      *
*   NX= 5  (15)  |  9  9  8  8  7  6  6  5  4  4  3  3  2  1  1  0            *
*   NX= 6  (14)  |  8  8  7  7  6  5  5  4  3  3  2  2  1  0  0               *
*   NX= 7  (12)  |  7  7  6  6  5  4  4  3  2  2  1  1  0                     *
*   NX= 8  (11)  |  6  6  5  5  4  3  3  2  1  1  0  0                        *
*   NX= 9  ( 9)  |  5  5  4  4  3  2  2  1  0  0                              *
*   NX=10  ( 7)  |  4  4  3  3  2  1  1  0                                    *
*   NX=11  ( 6)  |  3  3  2  2  1  0  0                                       *
*   NX=12  ( 4)  |  2  2  1  1  0                                             *
*   NX=13  ( 3)  |  1  1  0  0                                                *
*   NX=14  ( 1)  |  0  0                                                      *
*                                                                             *
*******************************************************************************

*******************************************************************************
*                                                                             *
* NUCLIDE: N =  98  Z =  78  NUMBER OF ITERATIONS = 1000   CONTINUATION? = 1  *
*                                                                             *
*******************************************************************************
*                                                                             *
* ITERATIONS WILL STOP WHEN THE STABILITY BECOMES LOWER THAN EPSITE=0.300000  *
*                                            FOR    5 CONSECUTIVE ITERATIONS  *
*                                                                             *
*******************************************************************************
*                                                                             *
* ITERATIONS WILL STOP WHEN THE PING-PONG DIVERGENCE OCCURS FOR EPSPNG=0.010  *
*                                DURING    5 PAIRS OF CONSECUTIVE ITERATIONS  *
*                                                                             *
*******************************************************************************
*                                                                             *
* ITERATIONS WILL STOP FOR CHAOTIC-DIVERGENCE CONDITION OCCURING   20  TIMES  *
*                                                                             *
*******************************************************************************
*                                                                             *
* SLOW-DOWN PARAMETERS:                                                       *
* TIME-EVEN = 0.85   TIME-ODD = 0.85   PAIRING = 0.85   LIPKIN-NOGAMI = 0.85  *
*                    LIP-MASS = 0.50   LIP-MOI = 0.50   LIPKIN-METHOD = 0.50  *
*                                                                             *
*******************************************************************************
*                                                                             *
* BROYDEN METHOD IS:  ON                                                      *
*                                                                             *
*    TRIGGERED ONLY WHEN STABILITY IS LOWER THAN :  1000.000 MEV              *
*    INITIAL SLOWING FACTOR (BEFORE TRIGGER)     :     0.85 (=SLOWEV)         *
*    BROYDEN SLOWING FACTOR (AFTER  TRIGGER)     :     0.40 (=1-ALPHAM)       *
*    NUMBER OF ITERATIONS RETAINED IN MEMORY     :    10                      *
*                                                                             *
*******************************************************************************
*                                                                             *
* DIRECT COULOMB TERMS SOLVED BY GREEN FUNCTION AND FOURIER TRANSFORM METHOD  *
* COULOMB PARAMETERS:  NUMCOU = 80  NUMETA = 79  BOUCOU = 20.0  FURMAX =0.25  *
*                                                                             *
*******************************************************************************
*                                                                             *
* EXCHANGE COULOMB TERMS TREATED BY THE SLATER APPROXIMATION                  *
*                                                                             *
*******************************************************************************
*                                                                             *
* MAXIMUM NUMBERS OF MULTIPOLE MOMENTS USED FOR THE CONSTRAINTS,    NMUCON=4  *
*                                           FOR THE COULOMB FIELD,  NMUCOU=4  *
*                                           FOR THE OUTPUT INFO,    NMUPRI=4  *
*                                                                             *
*******************************************************************************
*                                                                             *
* MULTIPOLE CONSTRAINTS: LAMBDA= 2  MIU= 0  MOMENT=109.000  STIFFNESS= 0.500  *
*                        LAMBDA= 3  MIU= 0  MOMENT= 44.000  STIFFNESS= 0.500  *
*                                                                             *
*******************************************************************************
*                                                                             *
* LINEAR MULTIPOLE CONSTRAINTS: LAMBDA= 2  MIU= 0  LAGRANGE PAR. USED= 0.000  *
*                               LAMBDA= 3  MIU= 0  LAGRANGE PAR. USED= 0.000  *
*                                                                             *
*******************************************************************************
*                                                                             *
* THE LAGRANGE PARAMETERS OF THE LINEAR CONSTRAINTS ARE RE-ADJUSTED AT EACH   *
* ITERATION BY USING THE CRANKING APPROXIMATION OF THE RPA MATRIX             *
*                                                                             *
*******************************************************************************
*                                                                             *
* PRINTING THE RESULTS FOR THE FOLLOWING ITERATIONS:         THE  FIRST: YES  *
*                                                            THE MIDDLE:  NO  *
*                                                     AND/OR THE   LAST: YES  *
*                                                                             *
*******************************************************************************
*                                                                             *
* PRINTING THE MOMENTS, RADII, AND DEFORMATIONS FOR:           NEUTRONS: YES  *
*                                                              PROTONS : YES  *
*                                                              MASS    : YES  *
*                                                                             *
*******************************************************************************
*                                                                             *
* PRINTING THE MOMENTS, MOMENTA AND DEFORMATIONS IN THE INTRINSIC FRAME: YES  *
*                                                                             *
*******************************************************************************
*                                                                             *
* NILSSON LABELS OF SINGLE-PARTICLE STATES SHOWN WITH RESPECT TO THE: Z-AXIS  *
*                                                                             *
*******************************************************************************
*                                                                             *
* CALCULATIONS WITH THE HFB PAIRING CORRELATIONS                              *
*                                                                             *
*******************************************************************************
*                                                                             *
* CONTACT PAIRING INTERACTION:     V0        V1       RHO-SAT      POWER      *
*                    NEUTRONS:  -234.380   732.438     0.320     1.0000000    *
*                     PROTONS:  -260.437   813.866     0.320     1.0000000    *
*                                                                             *
*******************************************************************************
*                                                                             *
* CUTOFF ENERGY DEFINING THE ACTIVE HFB PAIRING SPACE=      60.000            *
*                                                                             *
*******************************************************************************
*                                                                             *
* CALCULATIONS WITH SIMPLEX SYMMETRY                                          *
*                                                                             *
*******************************************************************************
*                                                                             *
* CALCULATIONS WITH TIME-ODD SYMMETRIES:        T*SIMPLEX_X =>     CONSERVED  *
*                                               T*SIMPLEX_Y =>     CONSERVED  *
*                                               T*SIMPLEX_Z => NON CONSERVED  *
*                                                                             *
*******************************************************************************
*                                                                             *
* CALCULATIONS WITHOUT ROTATION                                               *
*                                                                             *
*******************************************************************************

*******************************************************************************
*                                                                             *
*  CALLING SUBROUTINE "RECORD" TO READ THE REPLAY FILE OBTAINED PREVIOUSLY    *
*  ./restart/HFODD_00000056.REC                                               *
*                                                                             *
*******************************************************************************

*******************************************************************************
*                                                                             *
*  SINGLE-QUASIPARTICLE PROPERTIES:                                NEUTRONS   *
*                                                                             *
*******************************************************************************
*                                                                             *
*  NO)   ENERGY   (S=+,S=-)       PARITY   V2QUAP   EEQUIV   DEQUIV   V_CORR  *
*                                                                             *
*  49)    9.238   ( 25,  0)        0.163  0.99906  -18.900    0.565  1.00000  *
*  50)    9.238   (  0, 25)        0.163  0.99906  -18.900    0.565  1.00000  *
*  51)    8.825   ( 26,  0)        0.565  0.99750  -18.460    0.881  1.00000  *
*  52)    8.825   (  0, 26)        0.565  0.99750  -18.460    0.881  1.00000  *
*  53)    8.604   (  0, 27)        0.210  0.99863  -18.259    0.636  1.00000  *
*  54)    8.604   ( 27,  0)        0.210  0.99863  -18.259    0.636  1.00000  *
*  55)    7.962   ( 28,  0)        0.127  0.99869  -17.620    0.576  1.00000  *
*  56)    7.962   (  0, 28)        0.127  0.99869  -17.620    0.576  1.00000  *
*  57)    7.119   (  0, 29)       -0.579  0.99844  -16.776    0.562  1.00000  *
*  58)    7.119   ( 29,  0)       -0.579  0.99844  -16.776    0.562  1.00000  *
*  59)    6.701   ( 30,  0)        0.163  0.99854  -16.361    0.511  1.00000  *
*  60)    6.701   (  0, 30)        0.163  0.99854  -16.361    0.511  1.00000  *
*  61)    6.470   ( 31,  0)       -0.905  0.99440  -16.076    0.965  1.00000  *
*  62)    6.470   (  0, 31)       -0.905  0.99440  -16.076    0.965  1.00000  *
*  63)    6.043   (  0, 32)        0.881  0.99798  -15.697    0.543  1.00000  *
*  64)    6.043   ( 32,  0)        0.881  0.99798  -15.697    0.543  1.00000  *
*  65)    5.875   (  0, 33)       -0.908  0.99667  -15.515    0.676  1.00000  *
*  66)    5.875   ( 33,  0)       -0.908  0.99667  -15.515    0.676  1.00000  *
*  67)    5.355   (  0, 34)        0.173  0.99776  -15.010    0.506  1.00000  *
*  68)    5.355   ( 34,  0)        0.173  0.99776  -15.010    0.506  1.00000  *
*  69)    5.426   (  0, 35)       -0.539  0.97442  -14.828    1.713  0.99997  *
*  70)    5.426   ( 35,  0)       -0.539  0.97442  -14.828    1.713  0.99997  *
*  71)    5.095   ( 36,  0)        0.040  0.99590  -14.733    0.651  1.00000  *
*  72)    5.095   (  0, 36)        0.040  0.99590  -14.733    0.651  1.00000  *
*  75)    4.891   (  0, 38)       -0.560  0.99677  -14.538    0.555  1.00000  *
*  76)    4.891   ( 38,  0)       -0.560  0.99677  -14.538    0.555  1.00000  *
*  77)    3.074   (  0, 39)       -0.370  0.99338  -12.712    0.499  0.99999  *
*  78)    3.074   ( 39,  0)       -0.370  0.99338  -12.712    0.499  0.99999  *
*  79)    3.855   ( 40,  0)       -0.095  0.88733  -12.665    2.438  0.99983  *
*  80)    3.855   (  0, 40)       -0.095  0.88733  -12.665    2.438  0.99983  *
*  81)    2.143   (  0, 41)        0.105  0.98873  -11.773    0.452  0.99997  *
*  82)    2.143   ( 41,  0)        0.105  0.98873  -11.773    0.452  0.99997  *
*  83)    2.098   (  0, 42)        0.916  0.98961  -11.733    0.425  0.99997  *
*  84)    2.098   ( 42,  0)        0.916  0.98961  -11.733    0.425  0.99997  *
*  85)    1.999   ( 43,  0)        0.767  0.98672  -11.625    0.458  0.99996  *
*  86)    1.999   (  0, 43)        0.767  0.98672  -11.625    0.458  0.99996  *
*  87)    1.818   (  0, 44)       -0.451  0.98400  -11.439    0.456  0.99995  *
*  88)    1.818   ( 44,  0)       -0.451  0.98400  -11.439    0.456  0.99995  *
*  89)    1.040   ( 45,  0)        0.264  0.95443  -10.624    0.434  0.99975  *
*  90)    1.040   (  0, 45)        0.264  0.95443  -10.624    0.434  0.99975  *
*  91)    1.020   ( 46,  0)       -0.276  0.94138  -10.580    0.479  0.99967  *
*  92)    1.020   (  0, 46)       -0.276  0.94138  -10.580    0.479  0.99967  *
*  93)    0.944   ( 47,  0)        0.715  0.92964  -10.491    0.483  0.99957  *
*  94)    0.944   (  0, 47)        0.715  0.92964  -10.491    0.483  0.99957  *
*  95)    0.640   ( 48,  0)        0.392  0.85791  -10.137    0.447  0.99871  *
*  96)    0.640   (  0, 48)        0.392  0.85791  -10.137    0.447  0.99871  *
*  97)    0.638   (  0, 49)        0.203  0.82581  -10.095    0.484  0.99841  *
*  98)    0.638   ( 49,  0)        0.203  0.82581  -10.095    0.484  0.99841  *
*  99)    0.502   ( 50,  0)       -0.451  0.39644   -9.575    0.491  0.99308  *
* 100)    0.502   (  0, 50)       -0.451  0.39644   -9.575    0.491  0.99308  *
* 101)    0.910   (  0, 51)       -0.292  0.06019   -8.879    0.433  0.99408  *
* 102)    0.910   ( 51,  0)       -0.292  0.06019   -8.879    0.433  0.99408  *
* 103)    1.178   (  0, 52)        0.140  0.04171   -8.599    0.471  0.99533  *
* 104)    1.178   ( 52,  0)        0.140  0.04171   -8.599    0.471  0.99533  *
* 105)    2.003   ( 53,  0)       -0.287  0.01218   -7.725    0.439  0.99717  *
* 106)    2.003   (  0, 53)       -0.287  0.01218   -7.725    0.439  0.99717  *
* 107)    2.092   ( 54,  0)        0.839  0.00744   -7.619    0.359  0.99727  *
* 108)    2.092   (  0, 54)        0.839  0.00744   -7.619    0.359  0.99727  *
* 109)    2.999   ( 55,  0)       -0.576  0.00687   -6.721    0.495  0.99810  *
* 110)    2.999   (  0, 55)       -0.576  0.00687   -6.721    0.495  0.99810  *
* 111)    3.086   ( 56,  0)       -0.397  0.00605   -6.630    0.479  0.99815  *
* 112)    3.086   (  0, 56)       -0.397  0.00605   -6.630    0.479  0.99815  *
* 113)    3.139   (  0, 57)        0.259  0.00491   -6.571    0.439  0.99818  *
* 114)    3.139   ( 57,  0)        0.259  0.00491   -6.571    0.439  0.99818  *
* 115)    3.355   ( 58,  0)        0.146  0.00430   -6.352    0.439  0.99829  *
* 116)    3.355   (  0, 58)        0.146  0.00430   -6.352    0.439  0.99829  *
* 117)    3.829   (  0, 59)       -0.150  0.06246   -6.329    1.853  0.99859  *
* 118)    3.829   ( 59,  0)       -0.150  0.06246   -6.329    1.853  0.99859  *
* 119)    3.882   ( 60,  0)       -0.016  0.05245   -6.204    1.731  0.99860  *
* 120)    3.882   (  0, 60)       -0.016  0.05245   -6.204    1.731  0.99860  *
* 121)    3.501   ( 61,  0)        0.793  0.00231   -6.194    0.336  0.99836  *
* 122)    3.501   (  0, 61)        0.793  0.00231   -6.194    0.336  0.99836  *
* 123)    4.075   ( 62,  0)        0.144  0.00395   -5.636    0.512  0.99859  *
* 124)    4.075   (  0, 62)        0.144  0.00395   -5.636    0.512  0.99859  *
* 125)    4.130   (  0, 63)        0.059  0.00328   -5.576    0.472  0.99861  *
* 126)    4.130   ( 63,  0)        0.059  0.00328   -5.576    0.472  0.99861  *
* 127)    4.172   ( 64,  0)        0.687  0.00336   -5.535    0.483  0.99863  *
* 128)    4.172   (  0, 64)        0.687  0.00336   -5.535    0.483  0.99863  *
* 129)    4.198   ( 65,  0)       -0.062  0.00221   -5.499    0.394  0.99863  *
* 130)    4.198   (  0, 65)       -0.062  0.00221   -5.499    0.394  0.99863  *
* 131)    4.497   ( 66,  0)        0.888  0.00209   -5.201    0.411  0.99872  *
* 132)    4.497   (  0, 66)        0.888  0.00209   -5.201    0.411  0.99872  *
* 135)    5.311   ( 68,  0)       -0.196  0.02677   -4.652    1.715  0.99895  *
* 136)    5.311   (  0, 68)       -0.196  0.02677   -4.652    1.715  0.99895  *
* 137)    6.442   (  0, 69)       -0.770  0.00579   -3.312    0.978  0.99911  *
* 138)    6.442   ( 69,  0)       -0.770  0.00579   -3.312    0.978  0.99911  *
* 139)    6.467   ( 70,  0)       -0.737  0.00315   -3.253    0.725  0.99911  *
* 140)    6.467   (  0, 70)       -0.737  0.00315   -3.253    0.725  0.99911  *
* 141)    6.598   ( 71,  0)        0.519  0.00129   -3.098    0.474  0.99913  *
* 142)    6.598   (  0, 71)        0.519  0.00129   -3.098    0.474  0.99913  *
* 143)    6.890   ( 72,  0)       -0.923  0.00080   -2.800    0.389  0.99917  *
* 144)    6.890   (  0, 72)       -0.923  0.00080   -2.800    0.389  0.99917  *
* 145)    7.119   ( 73,  0)       -0.792  0.00085   -2.572    0.414  0.99919  *
* 146)    7.119   (  0, 73)       -0.792  0.00085   -2.572    0.414  0.99919  *
* 147)    7.986   (  0, 74)        0.067  0.00106   -1.710    0.520  0.99928  *
* 148)    7.986   ( 74,  0)        0.067  0.00106   -1.710    0.520  0.99928  *
* 149)    8.121   ( 75,  0)        0.077  0.00090   -1.573    0.488  0.99929  *
* 150)    8.121   (  0, 75)        0.077  0.00090   -1.573    0.488  0.99929  *
* 151)    8.187   (  0, 76)       -0.508  0.00056   -1.502    0.387  0.99930  *
* 152)    8.187   ( 76,  0)       -0.508  0.00056   -1.502    0.387  0.99930  *
* 153)    8.667   ( 77,  0)       -0.151  0.00094   -1.028    0.531  0.99934  *
* 154)    8.667   (  0, 77)       -0.151  0.00094   -1.028    0.531  0.99934  *
* 155)    8.669   ( 78,  0)        0.062  0.00087   -1.025    0.513  0.99934  *
* 156)    8.669   (  0, 78)        0.062  0.00087   -1.025    0.513  0.99934  *
* 157)    8.761   ( 79,  0)        0.392  0.00071   -0.930    0.465  0.99934  *
* 158)    8.761   (  0, 79)        0.392  0.00071   -0.930    0.465  0.99934  *
* 159)    8.957   ( 80,  0)       -0.452  0.00058   -0.732    0.431  0.99936  *
* 160)    8.957   (  0, 80)       -0.452  0.00058   -0.732    0.431  0.99936  *
* 161)    9.006   (  0, 81)        0.290  0.00229   -0.714    0.860  0.99936  *
* 162)    9.006   ( 81,  0)        0.290  0.00229   -0.714    0.860  0.99936  *
* 163)    9.466   ( 82,  0)        0.384  0.00047   -0.222    0.410  0.99939  *
* 164)    9.466   (  0, 82)        0.384  0.00047   -0.222    0.410  0.99939  *
* 165)    9.677   (  0, 83)       -0.148  0.00053   -0.012    0.447  0.99941  *
* 166)    9.677   ( 83,  0)       -0.148  0.00053   -0.012    0.447  0.99941  *
* 167)    9.720   (  0, 84)        0.323  0.00060    0.029    0.475  0.99941  *
* 168)    9.720   ( 84,  0)        0.323  0.00060    0.029    0.475  0.99941  *
* 169)    9.952   (  0, 85)       -0.838  0.00076    0.258    0.548  0.99942  *
* 170)    9.952   ( 85,  0)       -0.838  0.00076    0.258    0.548  0.99942  *
*                                                                             *
*1672)   TOTAL=  ( 836, 836)                                                  *
*                                                                             *
*******************************************************************************

*******************************************************************************
*                                                                             *
*  SINGLE-PARTICLE PROPERTIES: CANONICAL                           NEUTRONS   *
*                                                                             *
*******************************************************************************
*                                                                             *
*  NO)   ENERGY   (S=+,S=-)   | N,nz,lz,OMEz>   <P>    <JY>    <SY>   GFACT   *
*                                                                             *
*  41)  -11.784   ( 41,---)   | 5, 3, 0, 1/2>    13  -1.474  -0.304   0.207   *
*  42)  -11.737   ( 42,---)   | 4, 0, 4, 9/2>    91  -0.000   0.000  -4.597   *
*  43)  -11.633   ( 43,---)   | 4, 1, 1, 3/2>    75   0.000   0.000   0.627   *
*  44)  -11.447   ( 44,---)   | 5, 4, 1, 1/2>   -45   0.156  -0.192  -1.232   *
*  45)  -10.628   ( 45,---)   | 4, 1, 1, 1/2>    23  -0.930  -0.302   0.325   *
*  46)  -10.587   ( 46,---)   | 5, 3, 2, 3/2>   -29  -0.000  -0.000   0.376   *
*  47)  -10.493   ( 47,---)   | 4, 1, 3, 5/2>    68  -0.000   0.000  -4.765   *
*  48)  -10.139   ( 48,---)   | 4, 1, 1, 1/2>    39   0.007  -0.188 -3.E+01   *
*  49)  -10.096   ( 49,---)   | 4, 1, 3, 5/2>    23  -0.000  -0.000   0.060   *
*  50)   -9.575   ( 50,---)   | 5, 2, 3, 7/2>   -44   0.000   0.000   0.091   *
*  51)   -8.863   ( 51,---)   | 5, 2, 1, 3/2>   -29   0.000  -0.000  -0.103   *
*  52)   -8.582   ( 52,---)   | 6, 5, 1, 3/2>    39   0.000   0.000   0.144   *
*  53)   -7.638   ( 53,---)   | 5, 2, 1, 1/2>   -29  -0.045  -0.067   1.499   *
*  54)   -7.370   ( 54,---)   | 4, 0, 2, 5/2>    48  -0.000  -0.000   0.165   *
*  55)   -6.682   ( 55,---)   | 5, 2, 3, 5/2>     4  -0.000  -0.000   0.351   *
*  56)   -6.604   ( 56,---)   | 5, 1, 4, 9/2>   -88   0.000   0.000   0.791   *
*  57)   -6.472   ( 57,---)   | 6, 4, 0, 1/2>    20  -0.919  -0.307   0.335   *
*  58)   -6.234   ( 58,---)   | 6, 5, 1, 1/2>    15   0.195  -0.203  -1.039   *
*  59)   -5.833   ( 59,---)   | 4, 0, 0, 1/2>    88  -0.202  -0.473   2.346   *
*  60)   -5.752   ( 60,---)   | 6, 4, 2, 3/2>     4  -0.000   0.000  -2.520   *
*  61)   -5.518   ( 61,---)   | 6, 4, 2, 5/2>    35  -0.002  -0.000   0.054   *
*  62)   -5.440   ( 62,---)   | 5, 2, 1, 3/2>   -45   0.000   0.000   0.170   *
*  63)   -5.399   ( 63,---)   | 6, 3, 3, 7/2>    61   0.002   0.000   0.054   *
*  64)   -5.297   ( 64,---)   | 6, 6, 0, 1/2>     7  -1.785  -0.404   0.226   *
*  65)   -5.211   ( 65,---)   | 4, 0, 2, 3/2>    88   0.000   0.000   0.871   *
*  66)   -4.970   ( 66,---)   | 4, 0, 4, 7/2>    94  -0.000  -0.000   0.376   *
*  67)   -3.926   ( 67,---)   | 5, 2, 1, 1/2>   -42   0.353  -0.047  -0.135   *
*  68)   -2.959   ( 68,---)   | 7, 6, 1, 3/2>   -37   0.000   0.000   0.059   *
*  69)   -2.851   ( 69,---)   | 5, 2, 3, 5/2>   -34  -0.000  -0.000   0.032   *
*  70)   -2.766   ( 70,---)   | 6, 2, 4, 9/2>    48  -0.000  -0.000   0.110   *
*  71)   -2.259   ( 71,---)   | 5, 0, 5,11/2>   -96   0.000  -0.000  -0.106   *
*  72)   -1.554   ( 72,---)   | 5, 1, 2, 5/2>   -81   0.000  -0.000  -0.922   *
*  73)   -1.165   ( 73,---)   | 6, 4, 0, 1/2>    33  -0.699  -0.351   0.502   *
*  74)   -0.557   ( 74,---)   | 7, 4, 3, 7/2>   -11   0.000   0.000   0.082   *
*  75)   -0.539   ( 75,---)   | 6, 3, 1, 3/2>    49  -0.000   0.000  -0.083   *
*  76)   -0.469   ( 76,---)   | 6, 4, 2, 3/2>    34   0.000  -0.000  -0.030   *
*  77)   -0.424   ( 77,---)   | 7, 6, 1, 1/2>    -5  -0.154  -0.229   1.489   *
*  78)   -0.243   ( 78,---)   | 7, 5, 2, 5/2>   -30  -0.000   0.000  -0.049   *
*                                                                             *
*******************************************************************************

*******************************************************************************
*                                                                             *
*  HFB PAIRING PROPERTIES                                           NEUTRONS  *
*                                                                             *
*  STRENGTH= 0.0610   GAP=-0.4625   FERMI ENERGY= -9.6848   ENERGY=  -3.5073  *
*                                                                             *
*******************************************************************************

*******************************************************************************
*                                                                             *
*  MULTIPOLE MOMENTS [UNITS:  (10 FERMI)^LAMBDA]                    NEUTRONS  *
*                                                                             *
*******************************************************************************
*                                                                             *
*  Q00 = 98.0000  .............  .............  .............  .............  *
*                                                                             *
*  Q10 = 23.4174  Q11 =    ZERO  .............  .............  .............  *
*                                                                             *
*  Q20 = 59.3979  Q21 =    ZERO  Q22 = 3.4E-05  .............  .............  *
*                                                                             *
*  Q30 = 17.3037  Q31 =    ZERO  Q32 = 1.1E-04  Q33 =    ZERO  .............  *
*                                                                             *
*  Q40 = 19.8359  Q41 =    ZERO  Q42 = 3.0E-05  Q43 =    ZERO  Q44 =-1.9E-07  *
*                                                                             *
*******************************************************************************

*******************************************************************************
*                                                                             *
*  ROOT-MEAN-SQUARE AND GEOMETRIC SIZES IN FERMIS                   NEUTRONS  *
*                                                                             *
*  R_RMS =  6.8500     X_RMS =  2.3535    Y_RMS =  2.3535    Z_RMS =  5.9870  *
*                                                                             *
*  R_GEO =  8.8433     X_GEO =  5.2627    Y_GEO =  5.2626    Z_GEO = 13.3873  *
*                                                                             *
*******************************************************************************

*******************************************************************************
*                                                                             *
*  BOHR DEFORMATIONS (FIRST-ORDER APPROXIMATION)                    NEUTRONS  *
*                                                                             *
*******************************************************************************
*                                                                             *
*  B10 =  0.5530  B11 =    ZERO  .............  .............  .............  *
*                                                                             *
*  B20 =  1.0239  B21 =    ZERO  B22 = 5.9E-07  .............  .............  *
*                                                                             *
*  B30 =  1.0694  B31 =    ZERO  B32 = 9.2E-06  B33 =    ZERO  .............  *
*                                                                             *
*  B40 =  1.3863  B41 =    ZERO  B42 = 2.9E-06  B43 =    ZERO  B44 =-1.9E-08  *
*                                                                             *
*******************************************************************************
*                                                                             *
*  BOHR DENSITY = 0.0338 FM^(-3)  BOHR RADIUS =   8.8433 FM                   *
*                                                                             *
*******************************************************************************

*******************************************************************************
*                                                                             *
*  SINGLE-QUASIPARTICLE PROPERTIES:                                 PROTONS   *
*                                                                             *
*******************************************************************************
*                                                                             *
*  NO)   ENERGY   (S=+,S=-)       PARITY   V2QUAP   EEQUIV   DEQUIV   V_CORR  *
*                                                                             *
*  39)    8.692   (  0, 20)        0.407  0.99917  -11.293    0.501  1.00000  *
*  40)    8.692   ( 20,  0)        0.407  0.99917  -11.293    0.501  1.00000  *
*  41)    8.679   ( 21,  0)        0.131  0.99908  -11.279    0.527  1.00000  *
*  42)    8.679   (  0, 21)        0.131  0.99908  -11.279    0.527  1.00000  *
*  43)    8.249   ( 22,  0)        0.329  0.99881  -10.845    0.568  1.00001  *
*  44)    8.249   (  0, 22)        0.329  0.99881  -10.845    0.568  1.00001  *
*  45)    7.934   ( 23,  0)       -0.813  0.99914  -10.536    0.465  1.00000  *
*  46)    7.934   (  0, 23)       -0.813  0.99914  -10.536    0.465  1.00000  *
*  47)    7.583   ( 24,  0)       -0.647  0.99900  -10.183    0.478  1.00001  *
*  48)    7.583   (  0, 24)       -0.647  0.99900  -10.183    0.478  1.00001  *
*  49)    6.673   ( 25,  0)       -0.905  0.99893   -9.274    0.437  1.00001  *
*  50)    6.673   (  0, 25)       -0.905  0.99893   -9.274    0.437  1.00001  *
*  51)    6.027   ( 26,  0)        0.189  0.99844   -8.624    0.476  1.00001  *
*  52)    6.027   (  0, 26)        0.189  0.99844   -8.624    0.476  1.00001  *
*  53)    5.441   ( 27,  0)        0.598  0.99825   -8.038    0.455  1.00001  *
*  54)    5.441   (  0, 27)        0.598  0.99825   -8.038    0.455  1.00001  *
*  55)    5.038   ( 28,  0)        0.151  0.99817   -7.635    0.431  1.00002  *
*  56)    5.038   (  0, 28)        0.151  0.99817   -7.635    0.431  1.00002  *
*  57)    4.763   (  0, 29)        0.086  0.99625   -7.344    0.582  1.00003  *
*  58)    4.763   ( 29,  0)        0.086  0.99625   -7.344    0.582  1.00003  *
*  59)    3.839   (  0, 30)       -0.554  0.99660   -6.429    0.447  1.00004  *
*  60)    3.839   ( 30,  0)       -0.554  0.99660   -6.429    0.447  1.00004  *
*  61)    3.514   ( 31,  0)        0.215  0.99591   -6.101    0.448  1.00005  *
*  62)    3.514   (  0, 31)        0.215  0.99591   -6.101    0.448  1.00005  *
*  63)    2.412   (  0, 32)        0.855  0.99204   -4.989    0.429  1.00014  *
*  64)    2.412   ( 32,  0)        0.855  0.99204   -4.989    0.429  1.00014  *
*  65)    2.383   ( 33,  0)       -0.877  0.99173   -4.960    0.432  1.00015  *
*  66)    2.383   (  0, 33)       -0.877  0.99173   -4.960    0.432  1.00015  *
*  67)    2.189   ( 34,  0)       -0.094  0.99036   -4.762    0.428  1.00018  *
*  68)    2.189   (  0, 34)       -0.094  0.99036   -4.762    0.428  1.00018  *
*  69)    2.039   ( 35,  0)       -0.526  0.98819   -4.607    0.441  1.00024  *
*  70)    2.039   (  0, 35)       -0.526  0.98819   -4.607    0.441  1.00024  *
*  71)    1.543   (  0, 36)       -0.560  0.97927   -4.095    0.440  1.00056  *
*  72)    1.543   ( 36,  0)       -0.560  0.97927   -4.095    0.440  1.00056  *
*  73)    1.093   (  0, 37)       -0.817  0.96582   -3.634    0.397  1.00128  *
*  74)    1.093   ( 37,  0)       -0.817  0.96582   -3.634    0.397  1.00128  *
*  75)    0.609   ( 38,  0)       -0.165  0.83937   -3.029    0.447  1.01054  *
*  76)    0.609   (  0, 38)       -0.165  0.83937   -3.029    0.447  1.01054  *
*  77)    1.617   ( 39,  0)        0.379  0.57779   -2.867    1.598  1.01112  *
*  78)    1.617   (  0, 39)        0.379  0.57779   -2.867    1.598  1.01112  *
*  79)    1.601   (  0, 40)        0.242  0.42448   -2.374    1.583  1.01547  *
*  80)    1.601   ( 40,  0)        0.242  0.42448   -2.374    1.583  1.01547  *
*  81)    0.757   (  0, 41)       -0.334  0.09949   -2.009    0.453  1.05353  *
*  82)    0.757   ( 41,  0)       -0.334  0.09949   -2.009    0.453  1.05353  *
*  83)    1.312   ( 42,  0)        0.136  0.02784   -1.377    0.432  1.03295  *
*  84)    1.312   (  0, 42)        0.136  0.02784   -1.377    0.432  1.03295  *
*  85)    1.940   (  0, 43)        0.301  0.01127   -0.719    0.410  1.02246  *
*  86)    1.940   ( 43,  0)        0.301  0.01127   -0.719    0.410  1.02246  *
*  87)    2.060   (  0, 44)        0.873  0.01044   -0.599    0.419  1.02115  *
*  88)    2.060   ( 44,  0)        0.873  0.01044   -0.599    0.419  1.02115  *
*  89)    2.372   ( 45,  0)       -0.183  0.00815   -0.282    0.427  1.01836  *
*  90)    2.372   (  0, 45)       -0.183  0.00815   -0.282    0.427  1.01836  *
*  91)    2.624   (  0, 46)        0.751  0.00673   -0.027    0.429  1.01659  *
*  92)    2.624   ( 46,  0)        0.751  0.00673   -0.027    0.429  1.01659  *
*  93)    2.635   (  0, 47)        0.029  0.00564   -0.011    0.395  1.01654  *
*  94)    2.635   ( 47,  0)        0.029  0.00564   -0.011    0.395  1.01654  *
*  95)    3.029   (  0, 48)        0.134  0.00507    0.382    0.430  1.01437  *
*  96)    3.029   ( 48,  0)        0.134  0.00507    0.382    0.430  1.01437  *
*  97)    3.187   (  0, 49)        0.515  0.00374    0.547    0.389  1.01366  *
*  98)    3.187   ( 49,  0)        0.515  0.00374    0.547    0.389  1.01366  *
*  99)    3.766   (  0, 50)       -0.450  0.00338    1.125    0.437  1.01154  *
* 100)    3.766   ( 50,  0)       -0.450  0.00338    1.125    0.437  1.01154  *
* 101)    4.678   ( 51,  0)        0.379  0.00319    2.032    0.528  1.00927  *
* 102)    4.678   (  0, 51)        0.379  0.00319    2.032    0.528  1.00927  *
* 103)    4.979   ( 52,  0)       -0.137  0.00183    2.345    0.426  1.00872  *
* 104)    4.979   (  0, 52)       -0.137  0.00183    2.345    0.426  1.00872  *
* 105)    5.953   (  0, 53)       -0.229  0.00108    3.324    0.391  1.00729  *
* 106)    5.953   ( 53,  0)       -0.229  0.00108    3.324    0.391  1.00729  *
* 107)    6.408   ( 54,  0)       -0.359  0.00119    3.776    0.443  1.00677  *
* 108)    6.408   (  0, 54)       -0.359  0.00119    3.776    0.443  1.00677  *
* 109)    6.628   ( 55,  0)        0.130  0.00102    3.999    0.424  1.00654  *
* 110)    6.628   (  0, 55)        0.130  0.00102    3.999    0.424  1.00654  *
* 111)    6.858   (  0, 56)        0.089  0.00098    4.229    0.430  1.00632  *
* 112)    6.858   ( 56,  0)        0.089  0.00098    4.229    0.430  1.00632  *
* 113)    6.968   ( 57,  0)       -0.844  0.00084    4.341    0.404  1.00622  *
* 114)    6.968   (  0, 57)       -0.844  0.00084    4.341    0.404  1.00622  *
* 115)    7.131   ( 58,  0)       -0.035  0.00106    4.500    0.463  1.00608  *
* 116)    7.131   (  0, 58)       -0.035  0.00106    4.500    0.463  1.00608  *
* 117)    7.347   (  0, 59)        0.764  0.00060    4.723    0.361  1.00590  *
* 118)    7.347   ( 59,  0)        0.764  0.00060    4.723    0.361  1.00590  *
* 119)    7.729   ( 60,  0)        0.501  0.00092    5.099    0.469  1.00561  *
* 120)    7.729   (  0, 60)        0.501  0.00092    5.099    0.469  1.00561  *
* 121)    7.811   ( 61,  0)        0.643  0.00074    5.184    0.424  1.00555  *
* 122)    7.811   (  0, 61)        0.643  0.00074    5.184    0.424  1.00555  *
* 123)    8.059   (  0, 62)        0.193  0.00125    5.423    0.570  1.00537  *
* 124)    8.059   ( 62,  0)        0.193  0.00125    5.423    0.570  1.00537  *
* 125)    8.224   (  0, 63)       -0.369  0.00052    5.600    0.374  1.00527  *
* 126)    8.224   ( 63,  0)       -0.369  0.00052    5.600    0.374  1.00527  *
* 127)    8.230   (  0, 64)        0.854  0.00063    5.604    0.412  1.00526  *
* 128)    8.230   ( 64,  0)        0.854  0.00063    5.604    0.412  1.00526  *
* 129)    9.065   (  0, 65)        0.754  0.00036    6.443    0.345  1.00478  *
* 130)    9.065   ( 65,  0)        0.754  0.00036    6.443    0.345  1.00478  *
* 131)    9.089   ( 66,  0)        0.664  0.00036    6.467    0.346  1.00477  *
* 132)    9.089   (  0, 66)        0.664  0.00036    6.467    0.346  1.00477  *
* 135)    9.460   ( 68,  0)       -0.285  0.00037    6.837    0.364  1.00458  *
* 136)    9.460   (  0, 68)       -0.285  0.00037    6.837    0.364  1.00458  *
* 137)    9.900   ( 69,  0)       -0.330  0.00050    7.274    0.441  1.00437  *
* 138)    9.900   (  0, 69)       -0.330  0.00050    7.274    0.441  1.00437  *
*                                                                             *
*1332)   TOTAL=  ( 666, 666)                                                  *
*                                                                             *
*******************************************************************************

*******************************************************************************
*                                                                             *
*  SINGLE-PARTICLE PROPERTIES: CANONICAL                            PROTONS   *
*                                                                             *
*******************************************************************************
*                                                                             *
*  NO)   ENERGY   (S=+,S=-)   | N,nz,lz,OMEz>   <P>    <JY>    <SY>   GFACT   *
*                                                                             *
*  20)  -11.322   ( 20,---)   | 4, 2, 2, 5/2>    23   0.000   0.000   0.619   *
*  21)  -11.286   ( 21,---)   | 4, 4, 0, 1/2>    36  -1.362  -0.394   0.289   *
*  22)  -10.856   ( 22,---)   | 4, 3, 1, 1/2>    17  -0.174  -0.225   1.293   *
*  23)  -10.527   ( 23,---)   | 3, 1, 2, 3/2>   -85  -0.000   0.000  -0.359   *
*  24)  -10.259   ( 24,---)   | 3, 1, 0, 1/2>   -48  -0.193  -0.365   1.895   *
*  25)   -9.275   ( 25,---)   | 3, 0, 3, 7/2>   -91  -0.000   0.000 -1.E+02   *
*  26)   -8.626   ( 26,---)   | 5, 4, 1, 3/2>    18   0.000   0.000   0.644   *
*  27)   -8.045   ( 27,---)   | 4, 2, 2, 5/2>    57   0.000   0.000   0.182   *
*  28)   -7.688   ( 28,---)   | 4, 2, 0, 1/2>    19  -0.465  -0.485   1.043   *
*  29)   -7.377   ( 29,---)   | 4, 2, 2, 3/2>    13  -0.000  -0.000   0.371   *
*  30)   -6.440   ( 30,---)   | 5, 4, 1, 1/2>   -53  -1.498  -0.332   0.221   *
*  31)   -6.109   ( 31,---)   | 4, 3, 1, 1/2>    21   0.166  -0.171  -1.032   *
*  32)   -4.990   ( 32,---)   | 4, 1, 3, 7/2>    86   0.000  -0.000  -0.027   *
*  33)   -4.961   ( 33,---)   | 3, 0, 3, 5/2>   -87  -0.000   0.000  -0.101   *
*  34)   -4.720   ( 34,---)   | 3, 0, 1, 3/2>   -75  -0.000  -0.000   0.921   *
*  35)   -4.659   ( 35,---)   | 4, 2, 2, 3/2>    12  -0.000  -0.000   0.823   *
*  36)   -4.184   ( 36,---)   | 4, 2, 0, 1/2>    32  -0.633  -0.445   0.704   *
*  37)   -4.096   ( 37,---)   | 5, 3, 2, 5/2>   -56   0.000   0.000   0.058   *
*  38)   -3.635   ( 38,---)   | 3, 0, 1, 1/2>   -81   0.187  -0.044  -0.237   *
*  39)   -3.029   ( 39,---)   | 5, 4, 1, 3/2>   -17   0.000   0.000  2.E+01   *
*  40)   -2.005   ( 40,---)   | 5, 2, 3, 7/2>   -34  -0.000  -0.000   0.516   *
*  41)   -1.365   ( 41,---)   | 5, 3, 0, 1/2>    11  -1.594  -0.347   0.218   *
*  42)   -1.049   ( 42,---)   | 5, 4, 1, 1/2>   -47   0.312  -0.163  -0.522   *
*  43)   -0.624   ( 43,---)   | 4, 1, 1, 3/2>    20  -0.000  -0.000   0.959   *
*  44)   -0.568   ( 44,---)   | 4, 0, 4, 9/2>    87  -0.000  -0.000   0.377   *
*  45)   -0.286   ( 45,---)   | 4, 1, 1, 3/2>    22  -0.000  -0.000   0.721   *
*                                                                             *
*******************************************************************************

*******************************************************************************
*                                                                             *
*  HFB PAIRING PROPERTIES                                            PROTONS  *
*                                                                             *
*  STRENGTH= 0.0836   GAP= 0.4312   FERMI ENERGY= -2.5727   ENERGY=  -2.2256  *
*                                                                             *
*******************************************************************************

*******************************************************************************
*                                                                             *
*  MULTIPOLE MOMENTS [UNITS:  (10 FERMI)^LAMBDA]                     PROTONS  *
*                                                                             *
*******************************************************************************
*                                                                             *
*  Q00 = 78.0000  .............  .............  .............  .............  *
*                                                                             *
*  Q10 = 18.7752  Q11 =    ZERO  .............  .............  .............  *
*                                                                             *
*  Q20 = 48.6951  Q21 =    ZERO  Q22 = 1.0E-05  .............  .............  *
*                                                                             *
*  Q30 = 14.3658  Q31 =    ZERO  Q32 = 1.7E-05  Q33 =    ZERO  .............  *
*                                                                             *
*  Q40 = 16.5734  Q41 =    ZERO  Q42 = 1.5E-05  Q43 =    ZERO  Q44 =-9.5E-08  *
*                                                                             *
*******************************************************************************

*******************************************************************************
*                                                                             *
*  ROOT-MEAN-SQUARE AND GEOMETRIC SIZES IN FERMIS                    PROTONS  *
*                                                                             *
*  R_RMS =  6.8633     X_RMS =  2.3015    Y_RMS =  2.3015    Z_RMS =  6.0425  *
*                                                                             *
*  R_GEO =  8.8605     X_GEO =  5.1463    Y_GEO =  5.1463    Z_GEO = 13.5114  *
*                                                                             *
*******************************************************************************

*******************************************************************************
*                                                                             *
*  BOHR DEFORMATIONS (FIRST-ORDER APPROXIMATION)                     PROTONS  *
*                                                                             *
*******************************************************************************
*                                                                             *
*  B10 =  0.5560  B11 =    ZERO  .............  .............  .............  *
*                                                                             *
*  B20 =  1.0505  B21 =    ZERO  B22 = 2.2E-07  .............  .............  *
*                                                                             *
*  B30 =  1.1090  B31 =    ZERO  B32 = 1.9E-06  B33 =    ZERO  .............  *
*                                                                             *
*  B40 =  1.4440  B41 =    ZERO  B42 = 1.8E-06  B43 =    ZERO  B44 =-1.2E-08  *
*                                                                             *
*******************************************************************************
*                                                                             *
*  BOHR DENSITY = 0.0268 FM^(-3)  BOHR RADIUS =   8.8605 FM                   *
*                                                                             *
*******************************************************************************

*******************************************************************************
*                                                                             *
*                  DENSITY INTEGRALS IN THE SKYRME FUNCTIONAL                 *
*                                                                             *
*******************************************************************************
*                                                                             *
*                   TOTAL(T)        SUM(S)      ISOSCALAR(P)  ISOVECTOR(M)    *
*                   --------        ------      ------------  ------------    *
*    DRHO_ =       20.446320     10.334684         20.446320      0.223048    *
*    DRHOD =        9.495331      4.797957          9.495331      0.100583    *
*    DLPR_ =       -4.608349     -2.322379         -4.608349     -0.036409    *
*    DTAU_ =       18.031124      9.178231         18.031124      0.325338    *
*    DSCU_ =        0.130462      0.071700          0.130462      0.012937    *
*    DDIV_ =        0.936843      0.476272          0.936843      0.015701    *
*                                                                             *
*    DSPI_ =        0.000000      0.000000          0.000000      0.000000    *
*    DSPID =        0.000000      0.000000          0.000000      0.000000    *
*    DLPS_ =        0.000000      0.000000          0.000000      0.000000    *
*    DCUR_ =        0.000000      0.000000          0.000000      0.000000    *
*    DKIS_ =        0.000000      0.000000          0.000000      0.000000    *
*    DROT_ =        0.000000      0.000000          0.000000      0.000000    *
*                                                                             *
*******************************************************************************

*******************************************************************************
*                                                                             *
*               CONTRIBUTIONS TO ENERGY IN THE SKYRME FUNCTIONAL              *
*                                                                             *
*******************************************************************************
*                                                                             *
*                 TOTAL(T)        SUM(S)        ISOSCALAR(P)  ISOVECTOR(M)    *
*                 --------        ------        ------------  ------------    *
*    ERHO_ =   -18280.238131   5563.321190     -12776.951946     60.035004    *
*    ERHOD =     9573.322345  -2434.310310       7164.528245    -25.516210    *
*    ELPR_ =     -453.163394    668.543540        210.139604      5.240542    *
*    ETAU_ =      597.841059   -443.047303        162.646048     -7.852292    *
*    ESCU_ =        0.000000      0.000000          0.000000      0.000000    *
*    EDIV_ =      -20.642251    -49.448971        -69.276162     -0.815060    *
*               ============  ============      ============  ============    *
*    SUM EVEN:  -8582.880372   3305.058145      -5308.914211     31.091984    *
*                                                                             *
*    ESPI_ =        0.000000      0.000000          0.000000      0.000000    *
*    ESPID =        0.000000      0.000000          0.000000      0.000000    *
*    ELPS_ =        0.000000      0.000000          0.000000      0.000000    *
*    ECUR_ =        0.000000      0.000000          0.000000      0.000000    *
*    EKIS_ =        0.000000      0.000000          0.000000      0.000000    *
*    EROT_ =        0.000000      0.000000          0.000000      0.000000    *
*               ============  ============      ============  ============    *
*    SUM  ODD:      0.000000      0.000000          0.000000      0.000000    *
*                                                                             *
*******************************************************************************
 
*******************************************************************************
*                                                                             *
*  CENTER-OF-MASS COORDINATES IN FERMIS                                TOTAL  *
*                                                                             *
*  R_CMS =  2.3973     X_CMS = -0.0000    Y_CMS =  0.0000    Z_CMS =  2.3973  *
*                                                                             *
*******************************************************************************

*******************************************************************************
*                                                                             *
*  MULTIPOLE MOMENTS [UNITS:  (10 FERMI)^LAMBDA] [CENT-MASS FRAME]  NEUTRONS  *
*                                                                             *
*******************************************************************************
*                                                                             *
*  Q00 = 98.0000  .............  .............  .............  .............  *
*                                                                             *
*  Q10 = -0.0762  Q11 =    ZERO  .............  .............  .............  *
*                                                                             *
*  Q20 = 48.2067  Q21 =    ZERO  Q22 = 3.4E-05  .............  .............  *
*                                                                             *
*  Q30 =  3.3678  Q31 =    ZERO  Q32 = 1.0E-04  Q33 =    ZERO  .............  *
*                                                                             *
*  Q40 =  8.8698  Q41 =    ZERO  Q42 =-6.7E-05  Q43 =    ZERO  Q44 =-1.9E-07  *
*                                                                             *
*******************************************************************************

*******************************************************************************
*                                                                             *
*  BOHR DEFORMATIONS (FIRST-ORDER APPROXIMATION) [CENT-MASS FRAME]  NEUTRONS  *
*                                                                             *
*******************************************************************************
*                                                                             *
*  B10 = -0.0025  B11 =    ZERO  .............  .............  .............  *
*                                                                             *
*  B20 =  1.6233  B21 =    ZERO  B22 = 1.2E-06  .............  .............  *
*                                                                             *
*  B30 =  0.5683  B31 =    ZERO  B32 = 2.4E-05  B33 =    ZERO  .............  *
*                                                                             *
*  B40 =  2.3656  B41 =    ZERO  B42 =-2.5E-05  B43 =    ZERO  B44 =-7.2E-08  *
*                                                                             *
*******************************************************************************
*                                                                             *
*  BOHR DENSITY = 0.0924 FM^(-3)  BOHR RADIUS =   6.3272 FM                   *
*                                                                             *
*******************************************************************************

*******************************************************************************
*                                                                             *
*  MULTIPOLE MOMENTS [UNITS:  (10 FERMI)^LAMBDA] [CENT-MASS FRAME]   PROTONS  *
*                                                                             *
*******************************************************************************
*                                                                             *
*  Q00 = 78.0000  .............  .............  .............  .............  *
*                                                                             *
*  Q10 =  0.0762  Q11 =    ZERO  .............  .............  .............  *
*                                                                             *
*  Q20 = 39.6566  Q21 =    ZERO  Q22 = 1.0E-05  .............  .............  *
*                                                                             *
*  Q30 =  2.9107  Q31 =    ZERO  Q32 = 1.6E-05  Q33 =    ZERO  .............  *
*                                                                             *
*  Q40 =  7.4006  Q41 =    ZERO  Q42 =-9.9E-07  Q43 =    ZERO  Q44 =-9.5E-08  *
*                                                                             *
*******************************************************************************

*******************************************************************************
*                                                                             *
*  BOHR DEFORMATIONS (FIRST-ORDER APPROXIMATION) [CENT-MASS FRAME]   PROTONS  *
*                                                                             *
*******************************************************************************
*                                                                             *
*  B10 =  0.0032  B11 =    ZERO  .............  .............  .............  *
*                                                                             *
*  B20 =  1.6926  B21 =    ZERO  B22 = 4.3E-07  .............  .............  *
*                                                                             *
*  B30 =  0.6253  B31 =    ZERO  B32 = 4.8E-06  B33 =    ZERO  .............  *
*                                                                             *
*  B40 =  2.5238  B41 =    ZERO  B42 =-4.8E-07  B43 =    ZERO  B44 =-4.6E-08  *
*                                                                             *
*******************************************************************************
*                                                                             *
*  BOHR DENSITY = 0.0745 FM^(-3)  BOHR RADIUS =   6.2995 FM                   *
*                                                                             *
*******************************************************************************

*******************************************************************************
*                                                                             *
*  EULER ANGLES OF THE PRINCIPAL-AXES FRAME IN DEGREES                 TOTAL  *
*                                                                             *
*  ALPHA =180.00000  BETA =  0.00000  GAMMA =  0.00000                        *
*                                                                             *
*******************************************************************************

*******************************************************************************
*                                                                             *
*  ROOT-MEAN-SQUARE AND GEOMETRIC SIZES IN FERMIS                      TOTAL  *
*                                                                             *
*  R_RMS =  6.8559     X_RMS =  2.3306    Y_RMS =  2.3306    Z_RMS =  6.0117  *
*                                                                             *
*  R_GEO =  8.8509     X_GEO =  5.2114    Y_GEO =  5.2114    Z_GEO = 13.4425  *
*                                                                             *
*******************************************************************************

*******************************************************************************
*                                                                             *
*  MULTIPOLE MOMENTS [UNITS:  (10 FERMI)^LAMBDA]                       TOTAL  *
*                                                                             *
*******************************************************************************
*                                                                             *
*  Q00 =176.0000  .............  .............  .............  .............  *
*                                                                             *
*  Q10 = 42.1925  Q11 =    ZERO  .............  .............  .............  *
*                                                                             *
*  Q20 =108.0930  Q21 =    ZERO  Q22 = 4.4E-05  .............  .............  *
*                                                                             *
*  Q30 = 31.6695  Q31 =    ZERO  Q32 = 1.2E-04  Q33 =    ZERO  .............  *
*                                                                             *
*  Q40 = 36.4093  Q41 =    ZERO  Q42 = 4.4E-05  Q43 =    ZERO  Q44 =-2.9E-07  *
*                                                                             *
*******************************************************************************

*******************************************************************************
*                                                                             *
*  BOHR DEFORMATIONS (FIRST-ORDER APPROXIMATION)                       TOTAL  *
*                                                                             *
*******************************************************************************
*                                                                             *
*  B10 =  0.5543  B11 =    ZERO  .............  .............  .............  *
*                                                                             *
*  B20 =  1.0357  B21 =    ZERO  B22 = 4.2E-07  .............  .............  *
*                                                                             *
*  B30 =  1.0871  B31 =    ZERO  B32 = 5.9E-06  B33 =    ZERO  .............  *
*                                                                             *
*  B40 =  1.4120  B41 =    ZERO  B42 = 2.4E-06  B43 =    ZERO  B44 =-1.6E-08  *
*                                                                             *
*******************************************************************************
*                                                                             *
*  BOHR DENSITY = 0.0606 FM^(-3)  BOHR RADIUS =   8.8509 FM                   *
*                                                                             *
*******************************************************************************

*******************************************************************************
*                                                                             *
*  MULTIPOLE MOMENTS [UNITS:  (10 FERMI)^LAMBDA] [CENT-MASS FRAME]     TOTAL  *
*                                                                             *
*******************************************************************************
*                                                                             *
*  Q00 =176.0000  .............  .............  .............  .............  *
*                                                                             *
*  Q10 =    ZERO  Q11 =    ZERO  .............  .............  .............  *
*                                                                             *
*  Q20 = 87.8633  Q21 =    ZERO  Q22 = 4.4E-05  .............  .............  *
*                                                                             *
*  Q30 =  6.2786  Q31 =    ZERO  Q32 = 1.2E-04  Q33 =    ZERO  .............  *
*                                                                             *
*  Q40 = 16.2705  Q41 =    ZERO  Q42 =-6.8E-05  Q43 =    ZERO  Q44 =-2.9E-07  *
*                                                                             *
*******************************************************************************

*******************************************************************************
*                                                                             *
*  BOHR DEFORMATIONS (FIRST-ORDER APPROXIMATION) [CENT-MASS FRAME]     TOTAL  *
*                                                                             *
*******************************************************************************
*                                                                             *
*  B10 =    ZERO  B11 =    ZERO  .............  .............  .............  *
*                                                                             *
*  B20 =  1.6539  B21 =    ZERO  B22 = 8.3E-07  .............  .............  *
*                                                                             *
*  B30 =  0.5934  B31 =    ZERO  B32 = 1.6E-05  B33 =    ZERO  .............  *
*                                                                             *
*  B40 =  2.4350  B41 =    ZERO  B42 =-1.4E-05  B43 =    ZERO  B44 =-6.1E-08  *
*                                                                             *
*******************************************************************************
*                                                                             *
*  BOHR DENSITY = 0.1668 FM^(-3)  BOHR RADIUS =   6.3149 FM                   *
*                                                                             *
*******************************************************************************

*******************************************************************************
*                                                                             *
*  MULTIPOLE MOMENTS [UNITS:  (10 FERMI)^LAMBDA] [INTRINSIC FRAME]     TOTAL  *
*                                                                             *
*  REAL PART  FOR A NON-NEGATIVE PROJECTION                                   *
*  IMAGINARY PART FOR A NEGATIVE PROJECTION                                   *
*                                                                             *
*******************************************************************************
*                                                                             *
*  Q00 =176.0000  .............  .............  .............  .............  *
*                 .............  .............  .............  .............  *
*                                                                             *
*  Q10 =    ZERO  Q1+1=    ZERO  .............  .............  .............  *
*                 Q1-1=    ZERO  .............  .............  .............  *
*                                                                             *
*  Q20 = 87.8633  Q2+1=    ZERO  Q2+2= 4.4E-05  .............  .............  *
*                 Q2-1=    ZERO  Q2-2=    ZERO  .............  .............  *
*                                                                             *
*  Q30 =  6.2786  Q3+1=    ZERO  Q3+2= 1.2E-04  Q3+3=    ZERO  .............  *
*                 Q3-1=    ZERO  Q3-2=    ZERO  Q3-3=    ZERO  .............  *
*                                                                             *
*  Q40 = 16.2705  Q4+1=    ZERO  Q4+2=-6.8E-05  Q4+3=    ZERO  Q4+4=-2.9E-07  *
*                 Q4-1=    ZERO  Q4-2=    ZERO  Q4-3=    ZERO  Q4-4=    ZERO  *
*                                                                             *
*******************************************************************************

*******************************************************************************
*                                                                             *
*  BOHR DEFORMATIONS (FIRST-ORDER APPROXIMATION) [INTRINSIC FRAME]     TOTAL  *
*                                                                             *
*  REAL PART  FOR A NON-NEGATIVE PROJECTION                                   *
*  IMAGINARY PART FOR A NEGATIVE PROJECTION                                   *
*                                                                             *
*******************************************************************************
*                                                                             *
*  B10 =    ZERO  B1+1=    ZERO  .............  .............  .............  *
*                 B1-1=    ZERO  .............  .............  .............  *
*                                                                             *
*  B20 =  1.6539  B2+1=    ZERO  B2+2= 8.3E-07  .............  .............  *
*                 B2-1=    ZERO  B2-2=    ZERO  .............  .............  *
*                                                                             *
*  B30 =  0.5934  B3+1=    ZERO  B3+2= 1.6E-05  B3+3=    ZERO  .............  *
*                 B3-1=    ZERO  B3-2=    ZERO  B3-3=    ZERO  .............  *
*                                                                             *
*  B40 =  2.4350  B4+1=    ZERO  B4+2=-1.4E-05  B4+3=    ZERO  B4+4=-6.1E-08  *
*                 B4-1=    ZERO  B4-2=    ZERO  B4-3=    ZERO  B4-4=    ZERO  *
*                                                                             *
*******************************************************************************
*                                                                             *
*  BOHR DENSITY = 0.1668 FM^(-3)  BOHR RADIUS =   6.3149 FM                   *
*                                                                             *
*******************************************************************************

*******************************************************************************
*                                                                             *
*                                ENERGIES (MEV)                               *
*                                                                             *
*******************************************************************************
*                                                                             *
*  KINETIC: (NEU)=  1878.631060    (PRO)=  1334.504246    (TOT)=  3213.135305 *
*  SUM EPS: (NEU)= -2076.980814    (PRO)= -1040.067465    (TOT)= -3117.048280 *
*  PAIRING: (NEU)=    -3.507342    (PRO)=    -2.225622    (TOT)=    -5.732964 *
*  P-REARR: (NEU)=     0.929301    (PRO)=     0.620731    (TOT)=     1.550033 *
*                                                                             *
*  PAIRGAP: (NEU)=    -0.462503    (PRO)=     0.431246    THIS SPACE IS EMPTY *
*  E-FERMI: (NEU)=    -9.684842    (PRO)=    -2.572660    AND AWAITS  YOUR AD *
*                                                                             *
*  COULOMB: (DIR)=   719.727654    (EXC)=   -30.248792    (TOT)=   689.478861 *
*                                                                             *
*  CONSTR. (MULT)=   450.858798    SLOPE=  -355.454106    CORR.=   177.727053 *
*  CONSTR. (SURF)=     0.000000    SLOPE=     0.000000    CORR.=     0.000000 *
*  CONSTR. (SPIN)=     0.000000    SLOPE=     0.000000    CORR.=     0.000000 *
*  CONSTR. (ISOS)=     0.000000    SLOPE=     0.000000    CORR.=     0.000000 *
*                                                                             *
*  REARRANGEMENT ENERGY FROM THE SKYRME DENSITY-DEPENDENT TERMS=  1344.205695 *
*  ROUTHIAN= TOTAL ENERGY + MULTIPOLE AND (ISO)SPIN CONSTRAINTS=  -930.082226 *
*                                                                             *
*  SPIN-ORB (EVE)=   -70.091222    (ODD)=     0.000000    (TOT)=   -70.091222 *
*  SKYRME:  (EVE)= -5277.822226    (ODD)=     0.000000    (TOT)= -5277.822226 *
*                                                                             *
*  TOTAL:  (STAB)=  -110.314139     (SP)= -1491.255163    (FUN)= -1380.941024 *
*                                                                             *
*******************************************************************************

*******************************************************************************
*                                                                             *
*  ITERATION RESTARTED FROM THE DISC, THE FOLLOWING FILE(S) READ:             *
*  ./restart/HFODD_00000056.REC                                        VER=19 *
*                                                                             *
*******************************************************************************
*                                                                             *
* CONVERGENCE REPORT                                                          *
*                                                                             *
*******************************************************************************
*                                                                             *
* ITER     ENERGY     STABILITY    Q_2    GAMMA   SPIN  OMEGA   ANGLE   EPAIR *
*                                                                             *
* 2172 -1380.941024 -110.314139  87.863    0.00   0.00  0.000   0.000   -5.73 *
* 2173 -1147.809003  204.418256 126.129    0.00   0.00  0.000   0.000   -3.49 *
* 2174 -1157.602091  176.285638 122.708    0.00   0.00  0.000   0.000   -4.92 *
* 2175 -1157.178811  180.887724 123.435    0.00   0.00  0.000   0.000   -5.77 *
* 2176 -1155.252627  177.481416 122.669    0.00   0.00  0.000   0.000   -5.85 *
* 2177 -1155.783220  178.755541 122.614    0.00   0.00  0.000   0.000   -6.01 *
* 2178 -1157.978301  178.174633 122.423    0.00   0.00  0.000   0.000   -5.97 *
* 2179 -1147.607469  180.188742 122.365    0.00   0.00  0.000   0.000   -5.99 *
* 2180 -1148.425793  178.579524 122.565    0.00   0.00  0.000   0.000   -5.93 *
* 2181 -1148.542961  172.652890 122.330    0.00   0.00  0.000   0.000   -5.97 *
* 2182 -1152.617811  148.462585 121.093    0.00   0.00  0.000   0.000   -6.26 *
* 2183 -1147.325451 -321.615698 116.828    0.00   0.00  0.000   0.000   -7.08 *
* 2184  -882.874378  -75.637738  29.455    0.09   0.00  0.000   0.000  -16.29 *
* 2185  -854.510625  104.876847  36.602    0.12   0.00  0.000   0.000  -10.82 *
* 2186  -744.874980  514.380096  14.851   59.69   0.00  0.000   0.000   -9.44 *
* 2187  -692.568052    3.376163  32.867   59.81   0.00  0.000   0.000  -10.08 *
* 2188 -1138.965340  260.007024  21.389   59.56   0.00  0.000   0.000  -51.07 *
* 2189  1275.909144   -1.62E+03  28.178    0.05   0.00  0.000   0.000   -0.74 *
* 2190   538.257496  103.993574  45.167    0.02   0.00  0.000   0.000  -20.08 *
* 2191  -162.561097    2.28E+03 672.136    0.00   0.00  0.000   0.000   -0.95 *
* 2192  -127.744480    2.29E+03 676.209    0.00   0.00  0.000   0.000   -2.56 *
* 2193  1242.582855    1.60E+03  11.438    0.02   0.00  0.000   0.000   -0.65 *
* 2194  1229.209022    1.06E+04  78.330    0.00   0.00  0.000   0.000   -0.38 *
* 2195   502.605956   -6.60E+03 674.209    0.00   0.00  0.000   0.000   -0.11 *
* 2196  2097.623712   -9.35E+03 690.003    0.00   0.00  0.000   0.000  -36.15 *
* 2197  4837.730707   -1.55E+05 191.868    0.00   0.00  0.000   0.000 -367.15 *

 //////////////////// MAXIMUM NUMBER OF ITERATIONS       ////////////////////
 //////////////////// EXCEEDED IN QUABCS                 ////////////////////

*******************************************************************************
*                                                                             *
*  PROCESSOR   EXECUTION  TIMES IN SUBROUTINES                                *
*  INCLUDING THEIR COMPLETE DOWN-CALLING TREES                                *
*                                                                             *
*******************************************************************************
*                                                                             *
*     8227 => HFODD    4478 => DENSHF   1717 => DIAMAT   1560 => HFBSIM       *
*                                                                             *
*      846 => QMULCM    442 => PAIMAC    368 => CANQUA    225 => RECORD       *
*                                                                             *
*      136 => AVEQUA     56 => INTEGH     50 => INTSOR     48 => INTEGD       *
*                                                                             *
*       44 => DENMAC     26 => MOMETS     25 => INTMUL     24 => DOBROY       *
*                                                                             *
*       17 => BEGINC     17 => SKFILD     11 => ROTAVR     11 => INTMAS       *
*                                                                             *
*       11 => LINAVR      8 => COUMAT      8 => INTCOU      7 => SPAVER       *
*                                                                             *
*        5 => AVOBSE      5 => INTCEN      3 => NILASP      2 => SKPAIR       *
*                                                                             *
*        2 => POWALL      2 => AVANGY      0 => INTKIN      0 => AVPARI       *
*                                                                             *
*        0 => QUABCS      0 => SHICOE      0 => AVSIMP      0 => PAXMOM       *
*                                                                             *
*        0 => SHISIF      0 => SHIMAG      0 => SHIMOM      0 => MOMSIF       *
*                                                                             *
*        0 => MOMVMU      0 => MAGMOM      0 => SPIMOM                        *
*                                                                             *
*******************************************************************************
*                                                                             *
*  NUMBERS OF CALLS TO SUBROUTINES                                            *
*                                                                             *
*******************************************************************************
*                                                                             *
*     1193 => BEGINC    994 => INTMUL    318 => INTSOR    131 => DIAMAT       *
*                                                                             *
*      106 => INTMAS    106 => INTCEN    105 => INTKIN    104 => AVEQUA       *
*                                                                             *
*       78 => PAXMOM     53 => INTEGH     53 => INTEGD     53 => HFBSIM       *
*                                                                             *
*       53 => QUABCS     52 => CANQUA     52 => AVPARI     52 => DENSHF       *
*                                                                             *
*       52 => DENMAC     52 => PAIMAC     52 => MOMETS     52 => MOMSIF       *
*                                                                             *
*       52 => MOMVMU     52 => MAGMOM     52 => SPIMOM     52 => LINAVR       *
*                                                                             *
*       52 => ROTAVR     52 => SHICOE     27 => RECORD     27 => COUMAT       *
*                                                                             *
*       27 => INTCOU     26 => QMULCM     26 => SKFILD     26 => SKPAIR       *
*                                                                             *
*       26 => DOBROY     26 => SHIMOM     26 => SHISIF     26 => SHIMAG       *
*                                                                             *
*       14 => SPAVER      2 => AVANGY      2 => AVOBSE      2 => AVSIMP       *
*                                                                             *
*        2 => NILASP      1 => HFODD       1 => POWALL                        *
*                                                                             *
*******************************************************************************
*                                                                             *
*  EXECUTION ENDS ON 2016.08.25 AT 10:00:37.111                               *
*                                                                             *
*******************************************************************************
