*******************************************************************************
*                                                                             *
*                     P A R A L L E L    M O D E L                            *
*                                                                             *
*  SIMPLE MPI FRAMEWORK (1 COMMUNICATOR)    :  1 MPI PROCESS per HFODD TASK   *
*  MULTI-THREADING FRAMEWORK WITH OPENMP   :  4 THREADS per HFODD MPI PROCESS *
*                                                                             *
*******************************************************************************
*                                                                             *
*                        __  __ _____  ___   ____   ____                      *
*                       / / / // ___/.' _ \ / __ \ / __ \                     *
*                      / /_/ // /_  / / / // / / // / / /                     *
*                     / __  // __/ / / / // / / // / / /                      *
*                    / / / // /   / /_/ // /_/ // /_/ /                       *
*                   /_/ /_//_/    \___.'/____.'/____.'                        *
*                                                                             *
*                                                                             *
*******************************************************************************
*                                                                             *
*             SKYRME-HARTREE-FOCK-BOGOLYUBOV CODE VERSION: 2.77B              *
*                                                                             *
*              NO SYMMETRY-PLANES AND NO TIME-REVERSAL SYMMETRY               *
*                                                                             *
*                DEFORMED CARTESIAN HARMONIC-OSCILLATOR BASIS                 *
*                                                                             *
*******************************************************************************
*                                                                             *
*             J. DOBACZEWSKI, P. BACZYK, B.G. CARLSSON, J. DUDEK              *
*                 J. ENGEL, Y. GAO, M. KONIECZKA, T. LESINSKI                 *
*                 J. MCDONNELL, P. OLBRATOWSKI, P. POWALOWSKI                 *
*                  M. SADZIAK, J. SARICH, K. SATO, W. SATULA                  *
*             N. SCHUNCK,  J.A. SHEIKH, A. STASZCZAK, M. STOITSOV             *
*             P. TOIVANEN, X.B. WANG, M. ZALEWSKI AND H. ZDUNCZUK             *
*                                                                             *
*                   INSTYTUT FIZYKI TEORETYCZNEJ, WARSZAWA                    *
*                 LAWRENCE LIVERMORE NATIONAL LABORATORY, USA                 *
*                                                                             *
*                                  1993-2016                                  *
*                                                                             *
*******************************************************************************

*******************************************************************************
*                                                                             *
*  CODE COMPILED WITH THE FOLLOWING ARRAY DIMENSIONS AND SWITCHES:            *
*                                                                             *
*******************************************************************************
*                                                                             *
*  NDBASE = 1200  NDSTAT = 1200  NDXHRM =   40  NDYHRM =   40  NDZHRM =   64  *
*                                                                             *
*  NDMAIN =   30  NDMULT =    9  NDMULR =    4  NDLAMB =    9  NDITER = 5000  *
*                                                                             *
*  NDAKNO =    1  NDBKNO =    1  NDPROI =    2  NDCOUL =   80  NDPOLS =   25  *
*                                                                             *
*  NDATKN =   20  NDBTKN =   10  NDPROT =    1  NDPROD =    3                 *
*                                                                             *
*  IPARAL =    0  IPARAT =    0  I_CRAY =    0                                *
*                                                                             *
*                                                                             *
*  PRE-PROCESSOR OPTIONS:                                                     *
*                                                                             *
*       switch_port = 1     switch_diag = 3     switch_essl = 0               *
*                                                                             *
*                           switch_quad = 0     switch_vect = 1               *
*                                                                             *
*******************************************************************************
*                                                                             *
*  EXECUTION BEGINS ON 2016.09.06 AT 12:59:14.805                             *
*                                                                             *
*******************************************************************************
 
*******************************************************************************
*                                                                             *
*  CLASSICAL NUCLEAR SURFACE DEFINED FOR:                    N = 98   Z = 78  *
*                                                                             *
*******************************************************************************
*                                                                             *
*  AL10 =   ZERO  AL11 =   ZERO  .............  .............  .............  *
*                                                                             *
*  AL20 =  0.626  AL21 =   ZERO  AL22 =   ZERO  .............  .............  *
*                                                                             *
*******************************************************************************
*                                                                             *
*                                           HOMEGA=  7.1795  FCHOM0=  0.9813  *
*                                                                             *
*  OSCILLATOR FREQUENCIES: HBAROX=  8.6244  HBAROY=  8.6244  HBAROZ=  4.9755  *
*                                                                             *
*  MOMENTS OF INERTIA:     XMOMFC=112.6418  YMOMFC=112.6418  ZMOMFC= 56.2565  *
*                                                                             *
*  CENTERS OF MASS:        CMSXFC= -0.0000  CMSYFC= -0.0000  CMSZFC=  0.0000  *
*                                                                             *
*******************************************************************************

*******************************************************************************
*                                                                             *
*                           SKYRME FORCE DEFINITION                           *
*                                                                             *
*******************************************************************************
*                                                                             *
* PARAMETER SET HFB1:  T0= -1666.41  T1=   255.23  T2=  1521.28  T3= 12072.51 *
*                                                                             *
* POWER=0.37658031358  X0=  0.14608  X1= -4.82248  X2= -1.35211  X3=  0.00432 *
*                                                                             *
* IETA: J=0  W=1 CM=3  M=1  P=1  T=0 HBM= 20.73553 W0=  44.0677 W0P= 207.6502 *
*                                                                             *
*******************************************************************************

*******************************************************************************
*                                                                             *
*              COUPLING CONSTANTS DEFINING THE SKYRME FUNCTIONAL              *
*                                                                             *
*******************************************************************************
*                                                                             *
*                   TOTAL(T)        SUM(S)      ISOSCALAR(P)  ISOVECTOR(M)    *
*                   --------        ------      ------------  ------------    *
*    CRHO_ =     -894.060074    538.315575       -624.902286    269.157788    *
*    CRHOD =     1008.213640   -507.363897        754.531691   -253.681949    *
*    CLPR_ =       98.335311   -287.870148        -45.599763   -143.935074    *
*    CTAU_ =       33.156062    -48.271535          9.020295    -24.135768    *
*    CSCU_ =        0.000000      0.000000          0.000000      0.000000    *
*    CDIV_ =      -22.033840   -103.825096        -73.946388    -51.912548    *
*                                                                             *
*    CSPI_ =      -60.857026    416.601524        147.443736    208.300762    *
*    CSPID =        2.171385   -503.021127       -249.339179   -251.510564    *
*    CLPS_ =       51.110395     71.467295         86.844042     35.733647    *
*    CCUR_ =      -33.156062     48.271535         -9.020295     24.135768    *
*    CKIS_ =        0.000000      0.000000          0.000000      0.000000    *
*    CROT_ =      -22.033840   -103.825096        -73.946388    -51.912548    *
*                                                                             *
*******************************************************************************

*******************************************************************************
*                                                                             *
*                          NUCLEAR MATTER PROPERTIES                          *
*                                                                             *
*******************************************************************************
*                                                                             *
*     E = -15.8000  rho0 =   0.15625   K =  244.6682   Ms =    0.9364         *
*                   asym =  28.66820   L =   40.1091   Mv =    1.2498         *
*                                                                             *
*******************************************************************************

*******************************************************************************
*                                                                             *
*  PHYSICAL CONSTANTS:     H_BARC=197.32891000           HBCOE2=137.03602000  *
*                                                                             *
*                          XMASSN=938.90590000           XMASSP=938.27231000  *
*                                                                             *
*                          HBMASS= 20.73553000           HBMRPA= 20.73553000  *
*                                                                             *
*                          ECHAR2=  1.43997841           COULEX= -1.06350868  *
*                                                                             *
*******************************************************************************
*                                                                             *
*  OSCILLATOR LENGTHS:     X= 2.1928863      Y= 2.1928863       Z= 2.8871005  *
*                                                                             *
*  OSCILLATOR CONSTANTS:   X= 0.4560200      Y= 0.4560200       Z= 0.3463683  *
*                                                                             *
*  OSCILLATOR FREQUENCIES: X= 8.6243653      Y= 8.6243653       Z= 4.9754866  *
*                                                                             *
*******************************************************************************
*                                                                             *
*  BASIS CUT-OFF CONTROL PARAMETERS:  NXMAXX = 14  NYMAXX = 14  NZMAXX =  25  *
*                                                                             *
*                                     NXHERM = 36  NYHERM = 36  NZHERM =  60  *
*                                                                             *
*                                     NLIMIT=1140  LDBASE=1140  MCOUNT=29791  *
*                                                                             *
*                                     ENECUT= 800.0000      ELIMIT= 136.4949  *
*                                                                             *
*******************************************************************************

*******************************************************************************
*                                                                             *
*   SHAPE OF THE OSCILLATOR-BASIS DIAMOND    (THREE CONSECUTIVE PROJECTIONS)  *
*                                                                             *
*******************************************************************************
*                                                                             *
*        NX ===>>>  0  1  2  3  4  5  6  7  8  9 10 11 12 13 14               *
*        MAX.NY => 14 13 12 11 10  9  8  7  6  5  4  3  2  1  0               *
*                 ---------------------------------------------               *
*   NY= 0  (14)  | 25 23 21 20 18 16 14 13 11  9  7  6  4  2  0               *
*   NY= 1  (13)  | 23 21 20 18 16 14 13 11  9  7  6  4  2  0                  *
*   NY= 2  (12)  | 21 20 18 16 14 13 11  9  7  6  4  2  0                     *
*   NY= 3  (11)  | 20 18 16 14 13 11  9  7  6  4  2  0                        *
*   NY= 4  (10)  | 18 16 14 13 11  9  7  6  4  2  0                           *
*   NY= 5  ( 9)  | 16 14 13 11  9  7  6  4  2  0                              *
*   NY= 6  ( 8)  | 14 13 11  9  7  6  4  2  0                                 *
*   NY= 7  ( 7)  | 13 11  9  7  6  4  2  0                                    *
*   NY= 8  ( 6)  | 11  9  7  6  4  2  0                                       *
*   NY= 9  ( 5)  |  9  7  6  4  2  0                                          *
*   NY=10  ( 4)  |  7  6  4  2  0                                             *
*   NY=11  ( 3)  |  6  4  2  0                                                *
*   NY=12  ( 2)  |  4  2  0                                                   *
*   NY=13  ( 1)  |  2  0                                                      *
*   NY=14  ( 0)  |  0                                                         *
*                                                                             *
*                                                                             *
*        NZ ===>>>  0  1  2  3  4  5  6  7  8  9 10 11 12 13 14 15 16 17 18   *
*        MAX.NY => 14 13 13 12 12 11 11 10  9  9  8  8  7  7  6  5  5  4  4   *
*                 ---------------------------------------------------------   *
*   NY= 0  (25)  | 14 13 13 12 12 11 11 10  9  9  8  8  7  7  6  5  5  4  4   *
*   NY= 1  (23)  | 13 12 12 11 11 10 10  9  8  8  7  7  6  6  5  4  4  3  3   *
*   NY= 2  (21)  | 12 11 11 10 10  9  9  8  7  7  6  6  5  5  4  3  3  2  2   *
*   NY= 3  (20)  | 11 10 10  9  9  8  8  7  6  6  5  5  4  4  3  2  2  1  1   *
*   NY= 4  (18)  | 10  9  9  8  8  7  7  6  5  5  4  4  3  3  2  1  1  0  0   *
*   NY= 5  (16)  |  9  8  8  7  7  6  6  5  4  4  3  3  2  2  1  0  0         *
*   NY= 6  (14)  |  8  7  7  6  6  5  5  4  3  3  2  2  1  1  0               *
*   NY= 7  (13)  |  7  6  6  5  5  4  4  3  2  2  1  1  0  0                  *
*   NY= 8  (11)  |  6  5  5  4  4  3  3  2  1  1  0  0                        *
*   NY= 9  ( 9)  |  5  4  4  3  3  2  2  1  0  0                              *
*   NY=10  ( 7)  |  4  3  3  2  2  1  1  0                                    *
*   NY=11  ( 6)  |  3  2  2  1  1  0  0                                       *
*   NY=12  ( 4)  |  2  1  1  0  0                                             *
*   NY=13  ( 2)  |  1  0  0                                                   *
*   NY=14  ( 0)  |  0                                                         *
*                                                                             *
*                                                                             *
*        NZ ===>>>  0  1  2  3  4  5  6  7  8  9 10 11 12 13 14 15 16 17 18   *
*        MAX.NX => 14 13 13 12 12 11 11 10  9  9  8  8  7  7  6  5  5  4  4   *
*                 ---------------------------------------------------------   *
*   NX= 0  (25)  | 14 13 13 12 12 11 11 10  9  9  8  8  7  7  6  5  5  4  4   *
*   NX= 1  (23)  | 13 12 12 11 11 10 10  9  8  8  7  7  6  6  5  4  4  3  3   *
*   NX= 2  (21)  | 12 11 11 10 10  9  9  8  7  7  6  6  5  5  4  3  3  2  2   *
*   NX= 3  (20)  | 11 10 10  9  9  8  8  7  6  6  5  5  4  4  3  2  2  1  1   *
*   NX= 4  (18)  | 10  9  9  8  8  7  7  6  5  5  4  4  3  3  2  1  1  0  0   *
*   NX= 5  (16)  |  9  8  8  7  7  6  6  5  4  4  3  3  2  2  1  0  0         *
*   NX= 6  (14)  |  8  7  7  6  6  5  5  4  3  3  2  2  1  1  0               *
*   NX= 7  (13)  |  7  6  6  5  5  4  4  3  2  2  1  1  0  0                  *
*   NX= 8  (11)  |  6  5  5  4  4  3  3  2  1  1  0  0                        *
*   NX= 9  ( 9)  |  5  4  4  3  3  2  2  1  0  0                              *
*   NX=10  ( 7)  |  4  3  3  2  2  1  1  0                                    *
*   NX=11  ( 6)  |  3  2  2  1  1  0  0                                       *
*   NX=12  ( 4)  |  2  1  1  0  0                                             *
*   NX=13  ( 2)  |  1  0  0                                                   *
*   NX=14  ( 0)  |  0                                                         *
*                                                                             *
*******************************************************************************

*******************************************************************************
*                                                                             *
* NUCLIDE: N =  98  Z =  78  NUMBER OF ITERATIONS = 1000   CONTINUATION? = 1  *
*                                                                             *
*******************************************************************************
*                                                                             *
* ITERATIONS WILL STOP WHEN THE STABILITY BECOMES LOWER THAN EPSITE=0.300000  *
*                                            FOR    5 CONSECUTIVE ITERATIONS  *
*                                                                             *
*******************************************************************************
*                                                                             *
* ITERATIONS WILL STOP WHEN THE PING-PONG DIVERGENCE OCCURS FOR EPSPNG=0.010  *
*                                DURING    5 PAIRS OF CONSECUTIVE ITERATIONS  *
*                                                                             *
*******************************************************************************
*                                                                             *
* ITERATIONS WILL STOP FOR CHAOTIC-DIVERGENCE CONDITION OCCURING   20  TIMES  *
*                                                                             *
*******************************************************************************
*                                                                             *
* SLOW-DOWN PARAMETERS:                                                       *
* TIME-EVEN = 0.85   TIME-ODD = 0.85   PAIRING = 0.85   LIPKIN-NOGAMI = 0.85  *
*                    LIP-MASS = 0.50   LIP-MOI = 0.50   LIPKIN-METHOD = 0.50  *
*                                                                             *
*******************************************************************************
*                                                                             *
* BROYDEN METHOD IS:  ON                                                      *
*                                                                             *
*    TRIGGERED ONLY WHEN STABILITY IS LOWER THAN :  1000.000 MEV              *
*    INITIAL SLOWING FACTOR (BEFORE TRIGGER)     :     0.85 (=SLOWEV)         *
*    BROYDEN SLOWING FACTOR (AFTER  TRIGGER)     :     0.40 (=1-ALPHAM)       *
*    NUMBER OF ITERATIONS RETAINED IN MEMORY     :    10                      *
*                                                                             *
*******************************************************************************
*                                                                             *
* DIRECT COULOMB TERMS SOLVED BY GREEN FUNCTION AND FOURIER TRANSFORM METHOD  *
* COULOMB PARAMETERS:  NUMCOU = 80  NUMETA = 79  BOUCOU = 20.0  FURMAX =0.25  *
*                                                                             *
*******************************************************************************
*                                                                             *
* EXCHANGE COULOMB TERMS TREATED BY THE SLATER APPROXIMATION                  *
*                                                                             *
*******************************************************************************
*                                                                             *
* MAXIMUM NUMBERS OF MULTIPOLE MOMENTS USED FOR THE CONSTRAINTS,    NMUCON=4  *
*                                           FOR THE COULOMB FIELD,  NMUCOU=4  *
*                                           FOR THE OUTPUT INFO,    NMUPRI=4  *
*                                                                             *
*******************************************************************************
*                                                                             *
* MULTIPOLE CONSTRAINTS: LAMBDA= 2  MIU= 0  MOMENT=157.000  STIFFNESS= 0.500  *
*                        LAMBDA= 3  MIU= 0  MOMENT= 54.000  STIFFNESS= 0.500  *
*                                                                             *
*******************************************************************************
*                                                                             *
* LINEAR MULTIPOLE CONSTRAINTS: LAMBDA= 2  MIU= 0  LAGRANGE PAR. USED= 0.000  *
*                               LAMBDA= 3  MIU= 0  LAGRANGE PAR. USED= 0.000  *
*                                                                             *
*******************************************************************************
*                                                                             *
* THE LAGRANGE PARAMETERS OF THE LINEAR CONSTRAINTS ARE RE-ADJUSTED AT EACH   *
* ITERATION BY USING THE CRANKING APPROXIMATION OF THE RPA MATRIX             *
*                                                                             *
*******************************************************************************
*                                                                             *
* PRINTING THE RESULTS FOR THE FOLLOWING ITERATIONS:         THE  FIRST: YES  *
*                                                            THE MIDDLE:  NO  *
*                                                     AND/OR THE   LAST: YES  *
*                                                                             *
*******************************************************************************
*                                                                             *
* PRINTING THE MOMENTS, RADII, AND DEFORMATIONS FOR:           NEUTRONS: YES  *
*                                                              PROTONS : YES  *
*                                                              MASS    : YES  *
*                                                                             *
*******************************************************************************
*                                                                             *
* PRINTING THE MOMENTS, MOMENTA AND DEFORMATIONS IN THE INTRINSIC FRAME: YES  *
*                                                                             *
*******************************************************************************
*                                                                             *
* NILSSON LABELS OF SINGLE-PARTICLE STATES SHOWN WITH RESPECT TO THE: Z-AXIS  *
*                                                                             *
*******************************************************************************
*                                                                             *
* CALCULATIONS WITH THE HFB PAIRING CORRELATIONS                              *
*                                                                             *
*******************************************************************************
*                                                                             *
* CONTACT PAIRING INTERACTION:     V0        V1       RHO-SAT      POWER      *
*                    NEUTRONS:  -234.380   732.438     0.320     1.0000000    *
*                     PROTONS:  -260.437   813.866     0.320     1.0000000    *
*                                                                             *
*******************************************************************************
*                                                                             *
* CUTOFF ENERGY DEFINING THE ACTIVE HFB PAIRING SPACE=      60.000            *
*                                                                             *
*******************************************************************************
*                                                                             *
* CALCULATIONS WITH SIMPLEX SYMMETRY                                          *
*                                                                             *
*******************************************************************************
*                                                                             *
* CALCULATIONS WITH TIME-ODD SYMMETRIES:        T*SIMPLEX_X =>     CONSERVED  *
*                                               T*SIMPLEX_Y =>     CONSERVED  *
*                                               T*SIMPLEX_Z => NON CONSERVED  *
*                                                                             *
*******************************************************************************
*                                                                             *
* CALCULATIONS WITHOUT ROTATION                                               *
*                                                                             *
*******************************************************************************

*******************************************************************************
*                                                                             *
*  CALLING SUBROUTINE "RECORD" TO READ THE REPLAY FILE OBTAINED PREVIOUSLY    *
*  ./restart/HFODD_00000067.REC                                               *
*                                                                             *
*******************************************************************************

*******************************************************************************
*                                                                             *
*  SINGLE-QUASIPARTICLE PROPERTIES:                                NEUTRONS   *
*                                                                             *
*******************************************************************************
*                                                                             *
*  NO)   ENERGY   (S=+,S=-)       PARITY   V2QUAP   EEQUIV   DEQUIV   V_CORR  *
*                                                                             *
*  43)    9.903   ( 22,  0)        0.630  0.99777  -19.146    0.935  1.00016  *
*  44)    9.903   (  0, 22)        0.630  0.99777  -19.146    0.935  1.00016  *
*  47)    9.801   ( 24,  0)        0.635  0.99175  -18.926    1.774  1.00058  *
*  48)    9.801   (  0, 24)        0.635  0.99175  -18.926    1.774  1.00058  *
*  49)    8.257   (  0, 25)       -0.770  0.99682  -17.491    0.929  1.00026  *
*  50)    8.257   ( 25,  0)       -0.770  0.99682  -17.491    0.929  1.00026  *
*  51)    8.416   ( 26,  0)        0.679  0.96323  -17.083    3.168  1.00298  *
*  52)    8.416   (  0, 26)        0.679  0.96323  -17.083    3.168  1.00298  *
*  53)    7.751   (  0, 27)       -0.064  0.99885  -17.020    0.526  1.00010  *
*  54)    7.751   ( 27,  0)       -0.064  0.99885  -17.020    0.526  1.00010  *
*  55)    7.302   ( 28,  0)       -0.584  0.99894  -16.573    0.476  1.00010  *
*  56)    7.302   (  0, 28)       -0.584  0.99894  -16.573    0.476  1.00010  *
*  57)    6.672   ( 29,  0)       -0.078  0.99924  -15.948    0.367  1.00007  *
*  58)    6.672   (  0, 29)       -0.078  0.99924  -15.948    0.367  1.00007  *
*  59)    6.389   (  0, 30)       -0.192  0.99663  -15.632    0.740  1.00034  *
*  60)    6.389   ( 30,  0)       -0.192  0.99663  -15.632    0.740  1.00034  *
*  61)    6.071   (  0, 31)        0.152  0.99636  -15.313    0.731  1.00039  *
*  62)    6.071   ( 31,  0)        0.152  0.99636  -15.313    0.731  1.00039  *
*  63)    5.413   ( 32,  0)        0.611  0.99721  -14.669    0.571  1.00033  *
*  64)    5.413   (  0, 32)        0.611  0.99721  -14.669    0.571  1.00033  *
*  65)    4.729   ( 33,  0)       -0.023  0.99159  -13.935    0.863  1.00110  *
*  66)    4.729   (  0, 33)       -0.023  0.99159  -13.935    0.863  1.00110  *
*  67)    4.469   (  0, 34)        0.700  0.99692  -13.728    0.495  1.00042  *
*  68)    4.469   ( 34,  0)        0.700  0.99692  -13.728    0.495  1.00042  *
*  69)    4.330   ( 35,  0)       -0.545  0.98948  -13.525    0.884  1.00148  *
*  70)    4.330   (  0, 35)       -0.545  0.98948  -13.525    0.884  1.00148  *
*  71)    5.031   ( 36,  0)        0.924  0.87268  -13.036    3.354  1.01645  *
*  72)    5.031   (  0, 36)        0.924  0.87268  -13.036    3.354  1.01645  *
*  73)    3.657   ( 37,  0)       -0.648  0.99656  -12.918    0.428  1.00055  *
*  74)    3.657   (  0, 37)       -0.648  0.99656  -12.918    0.428  1.00055  *
*  77)    2.475   ( 39,  0)       -0.504  0.99251  -11.724    0.427  1.00158  *
*  78)    2.475   (  0, 39)       -0.504  0.99251  -11.724    0.427  1.00158  *
*  79)    2.046   ( 40,  0)       -0.892  0.97197  -11.218    0.675  1.00673  *
*  80)    2.046   (  0, 40)       -0.892  0.97197  -11.218    0.675  1.00673  *
*  81)    2.516   (  0, 41)        0.747  0.84409  -11.018    1.826  1.03491  *
*  82)    2.516   ( 41,  0)        0.747  0.84409  -11.018    1.826  1.03491  *
*  83)    1.204   (  0, 42)        0.057  0.98227  -10.448    0.318  1.00564  *
*  84)    1.204   ( 42,  0)        0.057  0.98227  -10.448    0.318  1.00564  *
*  85)    1.050   ( 43,  0)        0.849  0.94213  -10.214    0.490  1.02014  *
*  86)    1.050   (  0, 43)        0.849  0.94213  -10.214    0.490  1.02014  *
*  87)    0.820   ( 44,  0)       -0.356  0.89771   -9.939    0.497  1.04062  *
*  88)    0.820   (  0, 44)       -0.356  0.89771   -9.939    0.497  1.04062  *
*  89)    0.639   (  0, 45)       -0.333  0.83086   -9.709    0.479  1.07724  *
*  90)    0.639   ( 45,  0)       -0.333  0.83086   -9.709    0.479  1.07724  *
*  91)    0.440   (  0, 46)        0.825  0.49696   -9.284    0.440  1.37109  *
*  92)    0.440   ( 46,  0)        0.825  0.49696   -9.284    0.440  1.37109  *
*  93)    0.530   ( 47,  0)       -0.463  0.42423   -9.206    0.524  1.45559  *
*  94)    0.530   (  0, 47)       -0.463  0.42423   -9.206    0.524  1.45559  *
*  95)    0.452   (  0, 48)        0.464  0.28358   -9.091    0.408  1.78982  *
*  96)    0.452   ( 48,  0)        0.464  0.28358   -9.091    0.408  1.78982  *
*  97)    0.918   ( 49,  0)        0.011  0.09531   -8.543    0.539  2.35368  *
*  98)    0.918   (  0, 49)        0.011  0.09531   -8.543    0.539  2.35368  *
*  99)    1.316   (  0, 50)        0.362  0.04160   -8.080    0.526  2.09096  *
* 100)    1.316   ( 50,  0)        0.362  0.04160   -8.080    0.526  2.09096  *
* 101)    1.343   (  0, 51)       -0.462  0.03262   -8.031    0.477  2.10450  *
* 102)    1.343   ( 51,  0)       -0.462  0.03262   -8.031    0.477  2.10450  *
* 103)    1.766   ( 52,  0)       -0.137  0.03457   -7.643    0.645  1.68640  *
* 104)    1.766   (  0, 52)       -0.137  0.03457   -7.643    0.645  1.68640  *
* 105)    2.566   ( 53,  0)        0.819  0.15433   -7.512    1.854  1.30416  *
* 106)    2.566   (  0, 53)        0.819  0.15433   -7.512    1.854  1.30416  *
* 107)    2.042   ( 54,  0)        0.258  0.00484   -7.264    0.284  1.60044  *
* 108)    2.042   (  0, 54)        0.258  0.00484   -7.264    0.284  1.60044  *
* 111)    3.121   (  0, 56)        0.514  0.00410   -6.191    0.399  1.32668  *
* 112)    3.121   ( 56,  0)        0.514  0.00410   -6.191    0.399  1.32668  *
* 113)    3.252   (  0, 57)       -0.412  0.00457   -6.064    0.439  1.30915  *
* 114)    3.252   ( 57,  0)       -0.412  0.00457   -6.064    0.439  1.30915  *
* 115)    3.425   (  0, 58)        0.021  0.00169   -5.873    0.281  1.29068  *
* 116)    3.425   ( 58,  0)        0.021  0.00169   -5.873    0.281  1.29068  *
* 117)    3.598   ( 59,  0)        0.212  0.00413   -5.718    0.461  1.27168  *
* 118)    3.598   (  0, 59)        0.212  0.00413   -5.718    0.461  1.27168  *
* 119)    5.123   (  0, 60)        0.844  0.12647   -5.459    3.405  1.14630  *
* 120)    5.123   ( 60,  0)        0.844  0.12647   -5.459    3.405  1.14630  *
* 121)    3.930   (  0, 61)       -0.464  0.00310   -5.380    0.437  1.24359  *
* 122)    3.930   ( 61,  0)       -0.464  0.00310   -5.380    0.437  1.24359  *
* 123)    4.635   (  0, 62)       -0.316  0.00712   -4.717    0.779  1.19798  *
* 124)    4.635   ( 62,  0)       -0.316  0.00712   -4.717    0.779  1.19798  *
* 125)    4.872   (  0, 63)        0.024  0.00531   -4.466    0.708  1.18711  *
* 126)    4.872   ( 63,  0)        0.024  0.00531   -4.466    0.708  1.18711  *
* 127)    5.108   (  0, 64)       -0.298  0.00181   -4.197    0.434  1.17788  *
* 128)    5.108   ( 64,  0)       -0.298  0.00181   -4.197    0.434  1.17788  *
* 129)    5.163   (  0, 65)       -0.367  0.00602   -4.186    0.799  1.17455  *
* 130)    5.163   ( 65,  0)       -0.367  0.00602   -4.186    0.799  1.17455  *
* 131)    5.400   ( 66,  0)        0.009  0.00282   -3.917    0.573  1.16640  *
* 132)    5.400   (  0, 66)        0.009  0.00282   -3.917    0.573  1.16640  *
* 133)    5.553   ( 67,  0)        0.152  0.00131   -3.748    0.402  1.16146  *
* 134)    5.553   (  0, 67)        0.152  0.00131   -3.748    0.402  1.16146  *
* 135)    6.028   ( 68,  0)        0.630  0.00099   -3.270    0.379  1.14693  *
* 136)    6.028   (  0, 68)        0.630  0.00099   -3.270    0.379  1.14693  *
* 137)    6.695   (  0, 69)       -0.344  0.00145   -2.610    0.509  1.13030  *
* 138)    6.695   ( 69,  0)       -0.344  0.00145   -2.610    0.509  1.13030  *
* 139)    6.794   ( 70,  0)       -0.344  0.00404   -2.547    0.862  1.12771  *
* 140)    6.794   (  0, 70)       -0.344  0.00404   -2.547    0.862  1.12771  *
* 141)    7.272   ( 71,  0)        0.733  0.00103   -2.029    0.466  1.11880  *
* 142)    7.272   (  0, 71)        0.733  0.00103   -2.029    0.466  1.11880  *
* 143)    7.647   ( 72,  0)        0.492  0.00098   -1.655    0.477  1.11234  *
* 144)    7.647   (  0, 72)        0.492  0.00098   -1.655    0.477  1.11234  *
* 145)    8.434   (  0, 73)        0.655  0.03573   -1.455    3.131  1.09639  *
* 146)    8.434   ( 73,  0)        0.655  0.03573   -1.455    3.131  1.09639  *
* 147)    7.877   ( 74,  0)       -0.544  0.00178   -1.438    0.664  1.10859  *
* 148)    7.877   (  0, 74)       -0.544  0.00178   -1.438    0.664  1.10859  *
* 149)    8.342   ( 75,  0)        0.814  0.00068   -0.956    0.436  1.10206  *
* 150)    8.342   (  0, 75)        0.814  0.00068   -0.956    0.436  1.10206  *
* 151)    8.657   ( 76,  0)       -0.667  0.00185   -0.661    0.744  1.09784  *
* 152)    8.657   (  0, 76)       -0.667  0.00185   -0.661    0.744  1.09784  *
* 153)    8.781   (  0, 77)        0.155  0.00059   -0.516    0.426  1.09648  *
* 154)    8.781   ( 77,  0)        0.155  0.00059   -0.516    0.426  1.09648  *
* 155)    9.191   (  0, 78)        0.465  0.00061   -0.107    0.454  1.09178  *
* 156)    9.191   ( 78,  0)        0.465  0.00061   -0.107    0.454  1.09178  *
* 157)    9.375   ( 79,  0)        0.652  0.00221    0.047    0.880  1.08964  *
* 158)    9.375   (  0, 79)        0.652  0.00221    0.047    0.880  1.08964  *
* 159)    9.442   (  0, 80)       -0.036  0.00291    0.101    1.016  1.08887  *
* 160)    9.442   ( 80,  0)       -0.036  0.00291    0.101    1.016  1.08887  *
* 161)    9.489   (  0, 81)       -0.103  0.00022    0.198    0.280  1.08869  *
* 162)    9.489   ( 81,  0)       -0.103  0.00022    0.198    0.280  1.08869  *
* 163)    9.913   ( 82,  0)        0.611  0.00739    0.480    1.698  1.08383  *
* 164)    9.913   (  0, 82)        0.611  0.00739    0.480    1.698  1.08383  *
*                                                                             *
*1792)   TOTAL=  ( 896, 896)                                                  *
*                                                                             *
*******************************************************************************

*******************************************************************************
*                                                                             *
*  SINGLE-PARTICLE PROPERTIES: CANONICAL                           NEUTRONS   *
*                                                                             *
*******************************************************************************
*                                                                             *
*  NO)   ENERGY   (S=+,S=-)   | N,nz,lz,OMEz>   <P>    <JY>    <SY>   GFACT   *
*                                                                             *
*  39)  -11.761   ( 39,---)   |10, 9, 1, 1/2>    74  -0.830  -0.205   0.247   *
*  40)  -11.315   ( 40,---)   |11,10, 1, 3/2>   -45  -0.000  -0.000   0.175   *
*  41)  -11.305   ( 41,---)   | 5, 3, 2, 5/2>   -87   0.000   0.000   0.056   *
*  42)  -10.994   ( 42,---)   | 3, 1, 2, 3/2>   -23   0.000   0.000   0.618   *
*  43)  -10.833   ( 43,---)   | 6, 3, 3, 7/2>    53  -0.000  -0.000   0.383   *
*  44)  -10.365   ( 44,---)   | 2, 0, 2, 3/2>    25   0.000  -0.000 -4.E+01   *
*  45)  -10.151   ( 45,---)   | 4, 2, 0, 1/2>    80  -0.414  -0.421   1.016   *
*  46)   -9.520   ( 46,---)   | 5, 2, 1, 3/2>    18   0.000  -0.000  -0.527   *
*  47)   -9.283   ( 47,---)   |12,12, 0, 1/2>    26  -0.929  -0.339   0.365   *
*  48)   -9.272   ( 48,---)   | 3, 0, 3, 7/2>   -31  -0.000  -0.000   0.090   *
*  49)   -8.597   ( 49,---)   | 5, 2, 1, 1/2>   -12   0.054  -0.045  -0.828   *
*  50)   -8.022   ( 50,---)   | 5, 2, 3, 5/2>    37   0.000   0.000   0.245   *
*  51)   -7.982   ( 51,---)   | 9, 7, 0, 1/2>   -67  -0.738  -0.313   0.424   *
*  52)   -7.591   ( 52,---)   |10, 8, 2, 5/2>    47   0.000   0.000   0.438   *
*  53)   -7.072   ( 53,---)   | 6, 3, 1, 3/2>    -5  -0.000   0.000  -4.342   *
*  54)   -6.622   ( 54,---)   |11,10, 1, 1/2>   -73  -0.309  -0.250   0.810   *
*  55)   -5.860   ( 55,---)   | 3, 0, 3, 7/2>    16  -0.000  -0.000   0.049   *
*  56)   -5.812   ( 56,---)   | 3, 0, 1, 3/2>   -13  -0.000  -0.000   0.342   *
*  57)   -5.571   ( 57,---)   |12,11, 1, 3/2>    30  -0.000  -0.000   0.364   *
*  58)   -5.063   ( 58,---)   | 3, 0, 1, 3/2>   -53  -0.000  -0.000   0.348   *
*  59)   -4.742   ( 59,---)   | 6, 3, 1, 1/2>    15  -0.079  -0.156   1.982   *
*  60)   -4.581   ( 60,---)   | 8, 5, 1, 1/2>    41  -0.209  -0.168   0.803   *
*  61)   -4.394   ( 61,---)   |13,13, 0, 1/2>   -38  -1.159  -0.329   0.284   *
*  62)   -3.892   ( 62,---)   | 9, 6, 3, 7/2>   -46  -0.000  -0.000   0.012   *
*  63)   -3.684   ( 63,---)   | 7, 5, 2, 5/2>   -77   0.000   0.000   0.178   *
*  64)   -3.669   ( 64,---)   | 7, 3, 4, 9/2>     0  -0.000  -0.000   4.980   *
*  65)   -3.610   ( 65,---)   | 3, 0, 1, 1/2>    -6  -0.052  -0.160   3.096   *
*  66)   -3.281   ( 66,---)   | 7, 4, 3, 5/2>    -4   0.000  -0.000  -0.108   *
*  67)   -2.207   ( 67,---)   | 3, 0, 3, 5/2>   -22   0.000   0.000   1.339   *
*  68)   -2.043   ( 68,---)   | 6, 4, 2, 3/2>    65   0.000  -0.000  -0.841   *
*  69)   -1.882   ( 69,---)   |12,11, 1, 1/2>    74  -0.157  -0.180   1.147   *
*  70)   -0.792   ( 70,---)   | 3, 0, 1, 3/2>   -23  -0.000   0.000  -0.014   *
*  71)   -0.736   ( 71,---)   | 9, 8, 1, 3/2>   -41  -0.000   0.000  -0.030   *
*                                                                             *
*******************************************************************************

*******************************************************************************
*                                                                             *
*  HFB PAIRING PROPERTIES                                           NEUTRONS  *
*                                                                             *
*  STRENGTH= 0.0308   GAP= 0.4493   FERMI ENERGY= -8.5132   ENERGY=  -6.5490  *
*                                                                             *
*******************************************************************************

*******************************************************************************
*                                                                             *
*  MULTIPOLE MOMENTS [UNITS:  (10 FERMI)^LAMBDA]                    NEUTRONS  *
*                                                                             *
*******************************************************************************
*                                                                             *
*  Q00 = 98.0000  .............  .............  .............  .............  *
*                                                                             *
*  Q10 =  1.0853  Q11 =    ZERO  .............  .............  .............  *
*                                                                             *
*  Q20 = 97.3266  Q21 =    ZERO  Q22 =    ZERO  .............  .............  *
*                                                                             *
*  Q30 =  4.9936  Q31 =    ZERO  Q32 =    ZERO  Q33 =    ZERO  .............  *
*                                                                             *
*  Q40 = 32.0630  Q41 =    ZERO  Q42 =    ZERO  Q43 =    ZERO  Q44 =-8.8E-08  *
*                                                                             *
*******************************************************************************

*******************************************************************************
*                                                                             *
*  ROOT-MEAN-SQUARE AND GEOMETRIC SIZES IN FERMIS                   NEUTRONS  *
*                                                                             *
*  R_RMS =  7.9165     X_RMS =  2.0829    Y_RMS =  2.0829    Z_RMS =  7.3481  *
*                                                                             *
*  R_GEO = 10.2202     X_GEO =  4.6575    Y_GEO =  4.6575    Z_GEO = 16.4309  *
*                                                                             *
*******************************************************************************

*******************************************************************************
*                                                                             *
*  BOHR DEFORMATIONS (FIRST-ORDER APPROXIMATION)                    NEUTRONS  *
*                                                                             *
*******************************************************************************
*                                                                             *
*  B10 =  0.0222  B11 =    ZERO  .............  .............  .............  *
*                                                                             *
*  B20 =  1.2561  B21 =    ZERO  B22 =    ZERO  .............  .............  *
*                                                                             *
*  B30 =  0.1999  B31 =    ZERO  B32 =    ZERO  B33 =    ZERO  .............  *
*                                                                             *
*  B40 =  1.2561  B41 =    ZERO  B42 =    ZERO  B43 =    ZERO  B44 =-4.9E-09  *
*                                                                             *
*******************************************************************************
*                                                                             *
*  BOHR DENSITY = 0.0219 FM^(-3)  BOHR RADIUS =  10.2202 FM                   *
*                                                                             *
*******************************************************************************

*******************************************************************************
*                                                                             *
*  SINGLE-QUASIPARTICLE PROPERTIES:                                 PROTONS   *
*                                                                             *
*******************************************************************************
*                                                                             *
*  NO)   ENERGY   (S=+,S=-)       PARITY   V2QUAP   EEQUIV   DEQUIV   V_CORR  *
*                                                                             *
*  37)    9.035   ( 19,  0)       -0.828  0.99904  -12.709    0.559  1.00006  *
*  38)    9.035   (  0, 19)       -0.828  0.99904  -12.709    0.559  1.00006  *
*  39)    8.558   (  0, 20)        0.855  0.99833  -12.220    0.699  1.00011  *
*  40)    8.558   ( 20,  0)        0.855  0.99833  -12.220    0.699  1.00011  *
*  41)    8.561   (  0, 21)       -0.051  0.99773  -12.212    0.815  1.00014  *
*  42)    8.561   ( 21,  0)       -0.051  0.99773  -12.212    0.815  1.00014  *
*  43)    7.376   ( 22,  0)        0.263  0.99885  -11.050    0.499  1.00008  *
*  44)    7.376   (  0, 22)        0.263  0.99885  -11.050    0.499  1.00008  *
*  45)    7.017   (  0, 23)       -0.013  0.99915  -10.696    0.410  1.00006  *
*  46)    7.017   ( 23,  0)       -0.013  0.99915  -10.696    0.410  1.00006  *
*  47)    6.776   (  0, 24)        0.472  0.99799  -10.439    0.606  1.00016  *
*  48)    6.776   ( 24,  0)        0.472  0.99799  -10.439    0.606  1.00016  *
*  49)    6.421   ( 25,  0)        0.634  0.99887  -10.096    0.432  1.00009  *
*  50)    6.421   (  0, 25)        0.634  0.99887  -10.096    0.432  1.00009  *
*  51)    5.318   ( 26,  0)        0.668  0.99731   -8.980    0.551  1.00026  *
*  52)    5.318   (  0, 26)        0.668  0.99731   -8.980    0.551  1.00026  *
*  53)    5.131   (  0, 27)       -0.664  0.99769   -8.798    0.493  1.00023  *
*  54)    5.131   ( 27,  0)       -0.664  0.99769   -8.798    0.493  1.00023  *
*  55)    4.174   ( 28,  0)       -0.121  0.99658   -7.836    0.488  1.00040  *
*  56)    4.174   (  0, 28)       -0.121  0.99658   -7.836    0.488  1.00040  *
*  57)    4.132   ( 29,  0)       -0.612  0.99213   -7.758    0.730  1.00093  *
*  58)    4.132   (  0, 29)       -0.612  0.99213   -7.758    0.730  1.00093  *
*  59)    3.153   ( 30,  0)       -0.596  0.99515   -6.813    0.438  1.00071  *
*  60)    3.153   (  0, 30)       -0.596  0.99515   -6.813    0.438  1.00071  *
*  61)    4.675   (  0, 31)       -0.025  0.81218   -6.609    3.652  1.02108  *
*  62)    4.675   ( 31,  0)       -0.025  0.81218   -6.609    3.652  1.02108  *
*  63)    2.677   (  0, 32)        0.523  0.99337   -6.332    0.434  1.00110  *
*  64)    2.677   ( 32,  0)        0.523  0.99337   -6.332    0.434  1.00110  *
*  65)    2.295   ( 33,  0)        0.600  0.99171   -5.948    0.416  1.00154  *
*  66)    2.295   (  0, 33)        0.600  0.99171   -5.948    0.416  1.00154  *
*  67)    1.854   (  0, 34)        0.925  0.97875   -5.466    0.535  1.00459  *
*  68)    1.854   ( 34,  0)        0.925  0.97875   -5.466    0.535  1.00459  *
*  69)    1.235   (  0, 35)        0.643  0.96725   -4.844    0.440  1.00911  *
*  70)    1.235   ( 35,  0)        0.643  0.96725   -4.844    0.440  1.00911  *
*  71)    1.160   ( 36,  0)       -0.020  0.97826   -4.800    0.338  1.00621  *
*  72)    1.160   (  0, 36)       -0.020  0.97826   -4.800    0.338  1.00621  *
*  73)    1.143   (  0, 37)       -0.516  0.96470   -4.752    0.422  1.01025  *
*  74)    1.143   ( 37,  0)       -0.516  0.96470   -4.752    0.422  1.01025  *
*  75)    0.511   (  0, 38)       -0.632  0.69488   -3.890    0.471  1.15711  *
*  76)    0.511   ( 38,  0)       -0.632  0.69488   -3.890    0.471  1.15711  *
*  77)    0.745   (  0, 39)       -0.615  0.13111   -3.141    0.503  2.04265  *
*  78)    0.745   ( 39,  0)       -0.615  0.13111   -3.141    0.503  2.04265  *
*  79)    0.901   ( 40,  0)        0.666  0.06151   -2.900    0.433  2.19472  *
*  80)    0.901   (  0, 40)        0.666  0.06151   -2.900    0.433  2.19472  *
*  81)    1.403   (  0, 41)       -0.473  0.03501   -2.385    0.516  1.65455  *
*  82)    1.403   ( 41,  0)       -0.473  0.03501   -2.385    0.516  1.65455  *
*  83)    1.970   (  0, 42)        0.004  0.01186   -1.767    0.427  1.42259  *
*  84)    1.970   ( 42,  0)        0.004  0.01186   -1.767    0.427  1.42259  *
*  85)    2.265   ( 43,  0)        0.754  0.00935   -1.468    0.436  1.35093  *
*  86)    2.265   (  0, 43)        0.754  0.00935   -1.468    0.436  1.35093  *
*  87)    2.565   ( 44,  0)       -0.287  0.00554   -1.154    0.381  1.30005  *
*  88)    2.565   (  0, 44)       -0.287  0.00554   -1.154    0.381  1.30005  *
*  89)    2.881   (  0, 45)       -0.164  0.00589   -0.844    0.441  1.25863  *
*  90)    2.881   ( 45,  0)       -0.164  0.00589   -0.844    0.441  1.25863  *
*  91)    4.732   ( 46,  0)       -0.048  0.18778   -0.736    3.696  1.10931  *
*  92)    4.732   (  0, 46)       -0.048  0.18778   -0.736    3.696  1.10931  *
*  93)    3.170   (  0, 47)        0.671  0.00397   -0.545    0.399  1.23038  *
*  94)    3.170   ( 47,  0)        0.671  0.00397   -0.545    0.399  1.23038  *
*  95)    3.477   (  0, 48)        0.456  0.00437   -0.244    0.459  1.20579  *
*  96)    3.477   ( 48,  0)        0.456  0.00437   -0.244    0.459  1.20579  *
*  97)    3.891   (  0, 49)       -0.503  0.00198    0.185    0.346  1.18064  *
*  98)    3.891   ( 49,  0)       -0.503  0.00198    0.185    0.346  1.18064  *
*  99)    3.992   ( 50,  0)       -0.084  0.00162    0.289    0.321  1.17537  *
* 100)    3.992   (  0, 50)       -0.084  0.00162    0.289    0.321  1.17537  *
* 101)    4.579   ( 51,  0)       -0.282  0.00480    0.845    0.633  1.14884  *
* 102)    4.579   (  0, 51)       -0.282  0.00480    0.845    0.633  1.14884  *
* 103)    5.059   ( 52,  0)        0.173  0.00217    1.347    0.471  1.13334  *
* 104)    5.059   (  0, 52)        0.173  0.00217    1.347    0.471  1.13334  *
* 105)    6.048   ( 53,  0)       -0.128  0.00231    2.330    0.581  1.10915  *
* 106)    6.048   (  0, 53)       -0.128  0.00231    2.330    0.581  1.10915  *
* 107)    6.208   (  0, 54)       -0.186  0.00106    2.504    0.405  1.10622  *
* 108)    6.208   ( 54,  0)       -0.186  0.00106    2.504    0.405  1.10622  *
* 109)    6.600   ( 55,  0)       -0.357  0.00126    2.893    0.468  1.09926  *
* 110)    6.600   (  0, 55)       -0.357  0.00126    2.893    0.468  1.09926  *
* 111)    6.908   (  0, 56)        0.212  0.00125    3.201    0.488  1.09441  *
* 112)    6.908   ( 56,  0)        0.212  0.00125    3.201    0.488  1.09441  *
* 113)    7.159   ( 57,  0)        0.174  0.00157    3.446    0.567  1.09077  *
* 114)    7.159   (  0, 57)        0.174  0.00157    3.446    0.567  1.09077  *
* 115)    7.579   (  0, 58)        0.330  0.00079    3.877    0.425  1.08540  *
* 116)    7.579   ( 58,  0)        0.330  0.00079    3.877    0.425  1.08540  *
* 117)    8.235   ( 59,  0)        0.277  0.00085    4.530    0.479  1.07806  *
* 118)    8.235   (  0, 59)        0.277  0.00085    4.530    0.479  1.07806  *
* 119)    8.274   ( 60,  0)       -0.015  0.00107    4.566    0.542  1.07764  *
* 120)    8.274   (  0, 60)       -0.015  0.00107    4.566    0.542  1.07764  *
* 121)    8.313   (  0, 61)       -0.080  0.00071    4.611    0.444  1.07728  *
* 122)    8.313   ( 61,  0)       -0.080  0.00071    4.611    0.444  1.07728  *
* 123)    8.487   (  0, 62)        0.566  0.00085    4.782    0.495  1.07556  *
* 124)    8.487   ( 62,  0)        0.566  0.00085    4.782    0.495  1.07556  *
* 125)    8.782   (  0, 63)       -0.097  0.00204    5.056    0.792  1.07274  *
* 126)    8.782   ( 63,  0)       -0.097  0.00204    5.056    0.792  1.07274  *
* 127)    8.845   ( 64,  0)       -0.881  0.00051    5.145    0.400  1.07231  *
* 128)    8.845   (  0, 64)       -0.881  0.00051    5.145    0.400  1.07231  *
* 129)    9.309   (  0, 65)        0.014  0.00028    5.613    0.312  1.06848  *
* 130)    9.309   ( 65,  0)        0.014  0.00028    5.613    0.312  1.06848  *
* 131)    9.483   (  0, 66)       -0.392  0.00026    5.788    0.304  1.06714  *
* 132)    9.483   ( 66,  0)       -0.392  0.00026    5.788    0.304  1.06714  *
*                                                                             *
*1468)   TOTAL=  ( 734, 734)                                                  *
*                                                                             *
*******************************************************************************

*******************************************************************************
*                                                                             *
*  SINGLE-PARTICLE PROPERTIES: CANONICAL                            PROTONS   *
*                                                                             *
*******************************************************************************
*                                                                             *
*  NO)   ENERGY   (S=+,S=-)   | N,nz,lz,OMEz>   <P>    <JY>    <SY>   GFACT   *
*                                                                             *
*  21)  -11.927   ( 21,---)   | 6, 4, 0, 1/2>     5  -0.471  -0.385   0.817   *
*  22)  -11.799   ( 22,---)   | 7, 5, 2, 5/2>    -3   0.000  -0.000  -0.001   *
*  23)  -10.918   ( 23,---)   | 3, 1, 0, 1/2>    19  -0.554  -0.294   0.531   *
*  24)  -10.795   ( 24,---)   | 4, 2, 2, 3/2>     4  -0.000  -0.000   6.483   *
*  25)   -9.982   ( 25,---)   | 2, 0, 2, 5/2>    24  -0.000  -0.000   0.089   *
*  26)   -9.259   ( 26,---)   | 4, 3, 1, 1/2>    67  -0.344  -0.257   0.747   *
*  27)   -9.041   ( 27,---)   | 2, 0, 0, 1/2>    31  -1.117  -0.396   0.355   *
*  28)   -8.866   ( 28,---)   | 5, 4, 1, 3/2>   -79  -0.000  -0.000   0.231   *
*  29)   -8.353   ( 29,---)   | 7, 5, 0, 1/2>    -4  -0.370  -0.491   1.326   *
*  30)   -8.117   ( 30,---)   | 3, 1, 2, 5/2>    10  -0.000  -0.000   1.191   *
*  31)   -7.679   ( 31,---)   | 6, 4, 2, 3/2>    19   0.000   0.000   0.615   *
*  32)   -7.279   ( 32,---)   | 9, 8, 1, 1/2>   -69  -0.566  -0.159   0.281   *
*  33)   -6.266   ( 33,---)   | 2, 0, 2, 3/2>    20   0.000  -0.000  -0.544   *
*  34)   -5.770   ( 34,---)   | 2, 0, 2, 5/2>    81   0.000   0.000   0.157   *
*  35)   -4.956   ( 35,---)   |10, 9, 1, 3/2>    71  -0.000  -0.000   0.176   *
*  36)   -4.815   ( 36,---)   |11,11, 0, 1/2>   -54  -0.875  -0.358   0.409   *
*  37)   -4.801   ( 37,---)   | 5, 2, 3, 7/2>    -2  -0.000  -0.000   0.056   *
*  38)   -3.968   ( 38,---)   | 3, 1, 0, 1/2>   -38  -0.346  -0.470   1.355   *
*  39)   -3.152   ( 39,---)   | 3, 1, 2, 3/2>   -36   0.000  -0.000  -5.689   *
*  40)   -2.893   ( 40,---)   |10, 9, 1, 1/2>    71  -0.710  -0.198   0.279   *
*  41)   -2.334   ( 41,---)   | 5, 3, 2, 5/2>   -86   0.000   0.000   0.283   *
*  42)   -1.716   ( 42,---)   | 6, 3, 3, 7/2>     2  -0.000   0.000  -0.036   *
*  43)   -1.372   ( 43,---)   | 4, 2, 0, 1/2>    84  -0.291  -0.404   1.387   *
*  44)   -0.949   ( 44,---)   |11,10, 1, 3/2>   -53  -0.000  -0.000   0.214   *
*  45)   -0.657   ( 45,---)   | 4, 2, 2, 3/2>    80  -0.000  -0.000   0.859   *
*  46)   -0.597   ( 46,---)   | 5, 2, 1, 3/2>     2  -0.000   0.000  -0.089   *
*  47)   -0.111   ( 47,---)   |12,12, 0, 1/2>    33  -1.104  -0.371   0.336   *
*                                                                             *
*******************************************************************************

*******************************************************************************
*                                                                             *
*  HFB PAIRING PROPERTIES                                            PROTONS  *
*                                                                             *
*  STRENGTH= 0.0503   GAP= 0.4244   FERMI ENERGY= -3.0936   ENERGY=  -3.5821  *
*                                                                             *
*******************************************************************************

*******************************************************************************
*                                                                             *
*  MULTIPOLE MOMENTS [UNITS:  (10 FERMI)^LAMBDA]                     PROTONS  *
*                                                                             *
*******************************************************************************
*                                                                             *
*  Q00 = 78.0000  .............  .............  .............  .............  *
*                                                                             *
*  Q10 =  1.2530  Q11 =    ZERO  .............  .............  .............  *
*                                                                             *
*  Q20 = 78.9624  Q21 =    ZERO  Q22 =    ZERO  .............  .............  *
*                                                                             *
*  Q30 =  4.1761  Q31 =    ZERO  Q32 =    ZERO  Q33 =    ZERO  .............  *
*                                                                             *
*  Q40 = 26.2554  Q41 =    ZERO  Q42 =    ZERO  Q43 =    ZERO  Q44 =-1.6E-07  *
*                                                                             *
*******************************************************************************

*******************************************************************************
*                                                                             *
*  ROOT-MEAN-SQUARE AND GEOMETRIC SIZES IN FERMIS                    PROTONS  *
*                                                                             *
*  R_RMS =  7.9263     X_RMS =  2.0174    Y_RMS =  2.0174    Z_RMS =  7.3950  *
*                                                                             *
*  R_GEO = 10.2328     X_GEO =  4.5110    Y_GEO =  4.5110    Z_GEO = 16.5358  *
*                                                                             *
*******************************************************************************

*******************************************************************************
*                                                                             *
*  BOHR DEFORMATIONS (FIRST-ORDER APPROXIMATION)                     PROTONS  *
*                                                                             *
*******************************************************************************
*                                                                             *
*  B10 =  0.0321  B11 =    ZERO  .............  .............  .............  *
*                                                                             *
*  B20 =  1.2772  B21 =    ZERO  B22 =    ZERO  .............  .............  *
*                                                                             *
*  B30 =  0.2093  B31 =    ZERO  B32 =    ZERO  B33 =    ZERO  .............  *
*                                                                             *
*  B40 =  1.2860  B41 =    ZERO  B42 =    ZERO  B43 =    ZERO  B44 =-1.1E-08  *
*                                                                             *
*******************************************************************************
*                                                                             *
*  BOHR DENSITY = 0.0174 FM^(-3)  BOHR RADIUS =  10.2328 FM                   *
*                                                                             *
*******************************************************************************

*******************************************************************************
*                                                                             *
*                  DENSITY INTEGRALS IN THE SKYRME FUNCTIONAL                 *
*                                                                             *
*******************************************************************************
*                                                                             *
*                   TOTAL(T)        SUM(S)      ISOSCALAR(P)  ISOVECTOR(M)    *
*                   --------        ------      ------------  ------------    *
*    DRHO_ =       20.717420     10.463184         20.717420      0.208948    *
*    DRHOD =        9.717488      4.905489          9.717488      0.093489    *
*    DLPR_ =       -5.417532     -2.729889         -5.417532     -0.042246    *
*    DTAU_ =       18.407968      9.353419         18.407968      0.298869    *
*    DSCU_ =        0.175418      0.095813          0.175418      0.016207    *
*    DDIV_ =        1.153573      0.585831          1.153573      0.018089    *
*                                                                             *
*    DSPI_ =        0.000000      0.000000          0.000000      0.000000    *
*    DSPID =        0.000000      0.000000          0.000000      0.000000    *
*    DLPS_ =        0.000000      0.000000          0.000000      0.000000    *
*    DCUR_ =        0.000000      0.000000          0.000000      0.000000    *
*    DKIS_ =        0.000000      0.000000          0.000000      0.000000    *
*    DROT_ =        0.000000      0.000000          0.000000      0.000000    *
*                                                                             *
*******************************************************************************

*******************************************************************************
*                                                                             *
*               CONTRIBUTIONS TO ENERGY IN THE SKYRME FUNCTIONAL              *
*                                                                             *
*******************************************************************************
*                                                                             *
*                 TOTAL(T)        SUM(S)        ISOSCALAR(P)  ISOVECTOR(M)    *
*                 --------        ------        ------------  ------------    *
*    ERHO_ =   -18522.618479   5632.494925     -12946.363418     56.239864    *
*    ERHOD =     9797.304327  -2488.867765       7332.152939    -23.716378    *
*    ELPR_ =     -532.734686    785.853569        247.038171      6.080712    *
*    ETAU_ =      610.335740   -451.503882        166.045297     -7.213439    *
*    ESCU_ =        0.000000      0.000000          0.000000      0.000000    *
*    EDIV_ =      -25.417647    -60.823970        -85.302569     -0.939047    *
*               ============  ============      ============  ============    *
*    SUM EVEN:  -8673.130745   3417.152878      -5286.429579     30.451713    *
*                                                                             *
*    ESPI_ =        0.000000      0.000000          0.000000      0.000000    *
*    ESPID =        0.000000      0.000000          0.000000      0.000000    *
*    ELPS_ =        0.000000      0.000000          0.000000      0.000000    *
*    ECUR_ =        0.000000      0.000000          0.000000      0.000000    *
*    EKIS_ =        0.000000      0.000000          0.000000      0.000000    *
*    EROT_ =        0.000000      0.000000          0.000000      0.000000    *
*               ============  ============      ============  ============    *
*    SUM  ODD:      0.000000      0.000000          0.000000      0.000000    *
*                                                                             *
*******************************************************************************
 
*******************************************************************************
*                                                                             *
*  CENTER-OF-MASS COORDINATES IN FERMIS                                TOTAL  *
*                                                                             *
*  R_CMS =  0.1329     X_CMS =  0.0000    Y_CMS =  0.0000    Z_CMS =  0.1329  *
*                                                                             *
*******************************************************************************

*******************************************************************************
*                                                                             *
*  MULTIPOLE MOMENTS [UNITS:  (10 FERMI)^LAMBDA] [CENT-MASS FRAME]  NEUTRONS  *
*                                                                             *
*******************************************************************************
*                                                                             *
*  Q00 = 98.0000  .............  .............  .............  .............  *
*                                                                             *
*  Q10 = -0.2167  Q11 =    ZERO  .............  .............  .............  *
*                                                                             *
*  Q20 = 97.3035  Q21 =    ZERO  Q22 =    ZERO  .............  .............  *
*                                                                             *
*  Q30 =  3.5462  Q31 =    ZERO  Q32 =    ZERO  Q33 =    ZERO  .............  *
*                                                                             *
*  Q40 = 31.8057  Q41 =    ZERO  Q42 =    ZERO  Q43 =    ZERO  Q44 =-8.8E-08  *
*                                                                             *
*******************************************************************************

*******************************************************************************
*                                                                             *
*  BOHR DEFORMATIONS (FIRST-ORDER APPROXIMATION) [CENT-MASS FRAME]  NEUTRONS  *
*                                                                             *
*******************************************************************************
*                                                                             *
*  B10 = -0.0045  B11 =    ZERO  .............  .............  .............  *
*                                                                             *
*  B20 =  1.2890  B21 =    ZERO  B22 =    ZERO  .............  .............  *
*                                                                             *
*  B30 =  0.1477  B31 =    ZERO  B32 =    ZERO  B33 =    ZERO  .............  *
*                                                                             *
*  B40 =  1.3128  B41 =    ZERO  B42 =    ZERO  B43 =    ZERO  B44 =-5.1E-09  *
*                                                                             *
*******************************************************************************
*                                                                             *
*  BOHR DENSITY = 0.0228 FM^(-3)  BOHR RADIUS =  10.0877 FM                   *
*                                                                             *
*******************************************************************************

*******************************************************************************
*                                                                             *
*  MULTIPOLE MOMENTS [UNITS:  (10 FERMI)^LAMBDA] [CENT-MASS FRAME]   PROTONS  *
*                                                                             *
*******************************************************************************
*                                                                             *
*  Q00 = 78.0000  .............  .............  .............  .............  *
*                                                                             *
*  Q10 =  0.2167  Q11 =    ZERO  .............  .............  .............  *
*                                                                             *
*  Q20 = 78.9233  Q21 =    ZERO  Q22 =    ZERO  .............  .............  *
*                                                                             *
*  Q30 =  3.0020  Q31 =    ZERO  Q32 =    ZERO  Q33 =    ZERO  .............  *
*                                                                             *
*  Q40 = 26.0391  Q41 =    ZERO  Q42 =    ZERO  Q43 =    ZERO  Q44 =-1.6E-07  *
*                                                                             *
*******************************************************************************

*******************************************************************************
*                                                                             *
*  BOHR DEFORMATIONS (FIRST-ORDER APPROXIMATION) [CENT-MASS FRAME]   PROTONS  *
*                                                                             *
*******************************************************************************
*                                                                             *
*  B10 =  0.0057  B11 =    ZERO  .............  .............  .............  *
*                                                                             *
*  B20 =  1.3262  B21 =    ZERO  B22 =    ZERO  .............  .............  *
*                                                                             *
*  B30 =  0.1593  B31 =    ZERO  B32 =    ZERO  B33 =    ZERO  .............  *
*                                                                             *
*  B40 =  1.3764  B41 =    ZERO  B42 =    ZERO  B43 =    ZERO  B44 =-1.2E-08  *
*                                                                             *
*******************************************************************************
*                                                                             *
*  BOHR DENSITY = 0.0184 FM^(-3)  BOHR RADIUS =  10.0396 FM                   *
*                                                                             *
*******************************************************************************

*******************************************************************************
*                                                                             *
*  EULER ANGLES OF THE PRINCIPAL-AXES FRAME IN DEGREES                 TOTAL  *
*                                                                             *
*  ALPHA =180.00000  BETA =  0.00000  GAMMA =  0.00000                        *
*                                                                             *
*******************************************************************************

*******************************************************************************
*                                                                             *
*  ROOT-MEAN-SQUARE AND GEOMETRIC SIZES IN FERMIS                      TOTAL  *
*                                                                             *
*  R_RMS =  7.9209     X_RMS =  2.0541    Y_RMS =  2.0541    Z_RMS =  7.3690  *
*                                                                             *
*  R_GEO = 10.2258     X_GEO =  4.5931    Y_GEO =  4.5931    Z_GEO = 16.4775  *
*                                                                             *
*******************************************************************************

*******************************************************************************
*                                                                             *
*  MULTIPOLE MOMENTS [UNITS:  (10 FERMI)^LAMBDA]                       TOTAL  *
*                                                                             *
*******************************************************************************
*                                                                             *
*  Q00 =176.0000  .............  .............  .............  .............  *
*                                                                             *
*  Q10 =  2.3383  Q11 =    ZERO  .............  .............  .............  *
*                                                                             *
*  Q20 =176.2890  Q21 =    ZERO  Q22 = 1.3E-10  .............  .............  *
*                                                                             *
*  Q30 =  9.1697  Q31 =    ZERO  Q32 =    ZERO  Q33 =    ZERO  .............  *
*                                                                             *
*  Q40 = 58.3184  Q41 =    ZERO  Q42 =    ZERO  Q43 =    ZERO  Q44 =-2.5E-07  *
*                                                                             *
*******************************************************************************

*******************************************************************************
*                                                                             *
*  BOHR DEFORMATIONS (FIRST-ORDER APPROXIMATION)                       TOTAL  *
*                                                                             *
*******************************************************************************
*                                                                             *
*  B10 =  0.0266  B11 =    ZERO  .............  .............  .............  *
*                                                                             *
*  B20 =  1.2655  B21 =    ZERO  B22 =    ZERO  .............  .............  *
*                                                                             *
*  B30 =  0.2041  B31 =    ZERO  B32 =    ZERO  B33 =    ZERO  .............  *
*                                                                             *
*  B40 =  1.2694  B41 =    ZERO  B42 =    ZERO  B43 =    ZERO  B44 =-7.6E-09  *
*                                                                             *
*******************************************************************************
*                                                                             *
*  BOHR DENSITY = 0.0393 FM^(-3)  BOHR RADIUS =  10.2258 FM                   *
*                                                                             *
*******************************************************************************

*******************************************************************************
*                                                                             *
*  MULTIPOLE MOMENTS [UNITS:  (10 FERMI)^LAMBDA] [CENT-MASS FRAME]     TOTAL  *
*                                                                             *
*******************************************************************************
*                                                                             *
*  Q00 =176.0000  .............  .............  .............  .............  *
*                                                                             *
*  Q10 =    ZERO  Q11 =    ZERO  .............  .............  .............  *
*                                                                             *
*  Q20 =176.2269  Q21 =    ZERO  Q22 = 1.3E-10  .............  .............  *
*                                                                             *
*  Q30 =  6.5482  Q31 =    ZERO  Q32 =    ZERO  Q33 =    ZERO  .............  *
*                                                                             *
*  Q40 = 57.8448  Q41 =    ZERO  Q42 =    ZERO  Q43 =    ZERO  Q44 =-2.5E-07  *
*                                                                             *
*******************************************************************************

*******************************************************************************
*                                                                             *
*  BOHR DEFORMATIONS (FIRST-ORDER APPROXIMATION) [CENT-MASS FRAME]     TOTAL  *
*                                                                             *
*******************************************************************************
*                                                                             *
*  B10 =    ZERO  B11 =    ZERO  .............  .............  .............  *
*                                                                             *
*  B20 =  1.3054  B21 =    ZERO  B22 =    ZERO  .............  .............  *
*                                                                             *
*  B30 =  0.1528  B31 =    ZERO  B32 =    ZERO  B33 =    ZERO  .............  *
*                                                                             *
*  B40 =  1.3407  B41 =    ZERO  B42 =    ZERO  B43 =    ZERO  B44 =-8.1E-09  *
*                                                                             *
*******************************************************************************
*                                                                             *
*  BOHR DENSITY = 0.0412 FM^(-3)  BOHR RADIUS =  10.0664 FM                   *
*                                                                             *
*******************************************************************************

*******************************************************************************
*                                                                             *
*  MULTIPOLE MOMENTS [UNITS:  (10 FERMI)^LAMBDA] [INTRINSIC FRAME]     TOTAL  *
*                                                                             *
*  REAL PART  FOR A NON-NEGATIVE PROJECTION                                   *
*  IMAGINARY PART FOR A NEGATIVE PROJECTION                                   *
*                                                                             *
*******************************************************************************
*                                                                             *
*  Q00 =176.0000  .............  .............  .............  .............  *
*                 .............  .............  .............  .............  *
*                                                                             *
*  Q10 =    ZERO  Q1+1=    ZERO  .............  .............  .............  *
*                 Q1-1=    ZERO  .............  .............  .............  *
*                                                                             *
*  Q20 =176.2269  Q2+1=    ZERO  Q2+2= 1.3E-10  .............  .............  *
*                 Q2-1=    ZERO  Q2-2=    ZERO  .............  .............  *
*                                                                             *
*  Q30 =  6.5482  Q3+1=    ZERO  Q3+2=    ZERO  Q3+3=    ZERO  .............  *
*                 Q3-1=    ZERO  Q3-2=    ZERO  Q3-3=    ZERO  .............  *
*                                                                             *
*  Q40 = 57.8448  Q4+1=    ZERO  Q4+2=    ZERO  Q4+3=    ZERO  Q4+4=-2.5E-07  *
*                 Q4-1=    ZERO  Q4-2=    ZERO  Q4-3=    ZERO  Q4-4=    ZERO  *
*                                                                             *
*******************************************************************************

*******************************************************************************
*                                                                             *
*  BOHR DEFORMATIONS (FIRST-ORDER APPROXIMATION) [INTRINSIC FRAME]     TOTAL  *
*                                                                             *
*  REAL PART  FOR A NON-NEGATIVE PROJECTION                                   *
*  IMAGINARY PART FOR A NEGATIVE PROJECTION                                   *
*                                                                             *
*******************************************************************************
*                                                                             *
*  B10 =    ZERO  B1+1=    ZERO  .............  .............  .............  *
*                 B1-1=    ZERO  .............  .............  .............  *
*                                                                             *
*  B20 =  1.3054  B2+1=    ZERO  B2+2=    ZERO  .............  .............  *
*                 B2-1=    ZERO  B2-2=    ZERO  .............  .............  *
*                                                                             *
*  B30 =  0.1528  B3+1=    ZERO  B3+2=    ZERO  B3+3=    ZERO  .............  *
*                 B3-1=    ZERO  B3-2=    ZERO  B3-3=    ZERO  .............  *
*                                                                             *
*  B40 =  1.3407  B4+1=    ZERO  B4+2=    ZERO  B4+3=    ZERO  B4+4=-8.1E-09  *
*                 B4-1=    ZERO  B4-2=    ZERO  B4-3=    ZERO  B4-4=    ZERO  *
*                                                                             *
*******************************************************************************
*                                                                             *
*  BOHR DENSITY = 0.0412 FM^(-3)  BOHR RADIUS =  10.0664 FM                   *
*                                                                             *
*******************************************************************************

*******************************************************************************
*                                                                             *
*                                ENERGIES (MEV)                               *
*                                                                             *
*******************************************************************************
*                                                                             *
*  KINETIC: (NEU)=  1886.672302    (PRO)=  1358.350334    (TOT)=  3245.022637 *
*  SUM EPS: (NEU)= -1957.753511    (PRO)= -1095.597594    (TOT)= -3053.351105 *
*  PAIRING: (NEU)=    -6.548961    (PRO)=    -3.582081    (TOT)=   -10.131043 *
*  P-REARR: (NEU)=     1.699915    (PRO)=     0.962971    (TOT)=     2.662886 *
*                                                                             *
*  PAIRGAP: (NEU)=     0.449331    (PRO)=     0.424381    THIS SPACE IS EMPTY *
*  E-FERMI: (NEU)=    -8.513235    (PRO)=    -3.093580    AND AWAITS  YOUR AD *
*                                                                             *
*  COULOMB: (DIR)=   665.790426    (EXC)=   -30.387323    (TOT)=   635.403103 *
*                                                                             *
*  CONSTR. (MULT)=   821.030890    SLOPE=  -284.402767    CORR.=   142.201384 *
*  CONSTR. (SURF)=     0.000000    SLOPE=     0.000000    CORR.=     0.000000 *
*  CONSTR. (SPIN)=     0.000000    SLOPE=     0.000000    CORR.=     0.000000 *
*  CONSTR. (ISOS)=     0.000000    SLOPE=     0.000000    CORR.=     0.000000 *
*                                                                             *
*  REARRANGEMENT ENERGY FROM THE SKYRME DENSITY-DEPENDENT TERMS=  1376.106666 *
*  ROUTHIAN= TOTAL ENERGY + MULTIPOLE AND (ISO)SPIN CONSTRAINTS=  -564.652280 *
*                                                                             *
*  SPIN-ORB (EVE)=   -86.241616    (ODD)=     0.000000    (TOT)=   -86.241616 *
*  SKYRME:  (EVE)= -5255.977867    (ODD)=     0.000000    (TOT)= -5255.977867 *
*                                                                             *
*  TOTAL:  (STAB)=   -59.712151     (SP)= -1445.395321    (FUN)= -1385.683170 *
*                                                                             *
*******************************************************************************

*******************************************************************************
*                                                                             *
*  ITERATION RESTARTED FROM THE DISC, THE FOLLOWING FILE(S) READ:             *
*  ./restart/HFODD_00000067.REC                                        VER=19 *
*                                                                             *
*******************************************************************************
*                                                                             *
* CONVERGENCE REPORT                                                          *
*                                                                             *
*******************************************************************************
*                                                                             *
* ITER     ENERGY     STABILITY    Q_2    GAMMA   SPIN  OMEGA   ANGLE   EPAIR *
*                                                                             *
* 1504 -1385.683170  -59.712151 176.227    0.00   0.00  0.000   0.000  -10.13 *
* 1505 -1087.130759  522.205969 226.857    0.00   0.00  0.000   0.000   -2.21 *
* 1506 -1119.058335  454.289363 236.079    0.00   0.00  0.000   0.000   -7.55 *
* 1507 -1149.535273  454.996092 233.583    0.00   0.00  0.000   0.000   -8.70 *
* 1508 -1163.666107  422.474300 231.605    0.00   0.00  0.000   0.000   -9.89 *
* 1509 -1167.780013  432.647528 231.065    0.00   0.00  0.000   0.000   -8.83 *
* 1510 -1166.669358  407.506489 231.170    0.00   0.00  0.000   0.000   -8.34 *
* 1511 -1169.030104  413.957294 230.006    0.00   0.00  0.000   0.000   -8.49 *
* 1512 -1171.425773  406.957253 229.956    0.00   0.00  0.000   0.000   -8.29 *
* 1513 -1171.734496  413.948161 229.959    0.00   0.00  0.000   0.000   -8.09 *
* 1514 -1169.624477  410.455266 230.324    0.00   0.00  0.000   0.000   -7.84 *
* 1515 -1169.770681   84.673109 230.107    0.00   0.00  0.000   0.000   -8.02 *
* 1516  -231.463532  873.657512  73.516    0.00   0.00  0.000   0.000   -0.30 *
* 1517  -453.710688  427.739213 160.939    0.00   0.00  0.000   0.000  -23.59 *
* 1518   -89.142848    1.95E+03 481.694    0.00   0.00  0.000   0.000   -0.28 *
* 1519   147.509516    1.31E+03  64.469    0.00   0.00  0.000   0.000   -1.20 *
* 1520   123.332498   -2.39E+03  74.541    0.00   0.00  0.000   0.000   -1.33 *
* 1521   868.824316   -1.33E+03  82.777    0.00   0.00  0.000   0.000  -86.08 *
* 1522  -422.660444   -4.24E+03 526.021    0.00   0.00  0.000   0.000   -0.52 *
* 1523  -629.607293  598.264844 175.854    0.00   0.00  0.000   0.000 -209.29 *
* 1524  -679.731165 -836.204597 167.713    0.00   0.00  0.000   0.000  -76.14 *
* 1525 -1400.525325    1.04E+03 211.314    0.00   0.00  0.000   0.000  -63.22 *
* 1526  -439.738686    3.21E+03 215.070    0.00   0.00  0.000   0.000   -3.51 *
* 1527   302.977235   -8.92E+03  44.218    0.00   0.00  0.000   0.000   -2.70 *
* 1528   663.706032   -3.64E+03  10.785    0.00   0.00  0.000   0.000   -1.12 *
* 1529   752.581972    2.48E+03 319.859    0.00   0.00  0.000   0.000   -1.35 *
* 1530  1059.435765   -2.07E+04  26.095    0.00   0.00  0.000   0.000   -2.31 *
* 1531  1102.292410   -4.82E+04  16.913    0.00   0.00  0.000   0.000   -0.60 *
* 1532  1504.747952   -1.51E+05  11.691    0.00   0.00  0.000   0.000   -0.45 *
* 1533  6389.566713   -1.18E+04  97.062   60.00   0.00  0.000   0.000 -130.53 *
* 1534  1082.248795   -7.95E+03  16.778    0.00   0.00  0.000   0.000   -0.34 *
* 1535  2248.349806    1.44E+03  14.359    0.16   0.00  0.000   0.000  -48.04 *
* 1536   674.033632 -670.451975  11.793    0.13   0.00  0.000   0.000  -31.93 *
* 1537   505.244037   -3.18E+03  11.487    0.02   0.00  0.000   0.000  -23.99 *
* 1538   640.900380    1.13E+03  32.348    0.08   0.00  0.000   0.000  -50.87 *
* 1539  -401.178524    2.00E+03 842.902    0.00   0.00  0.000   0.000   -0.45 *
* 1540  -308.784895    1.57E+03 704.866    0.00   0.00  0.000   0.000   -0.52 *
* 1541  -461.554175  987.901774 810.045    0.01   0.00  0.000   0.000   -0.65 *
* 1542  -555.273508    1.35E+04 818.338    0.01   0.00  0.000   0.000   -2.08 *
* 1543  1108.604609   -2.20E+04  19.221    0.03   0.00  0.000   0.000   -0.03 *
* 1544   266.472061   -3.29E+05 132.544    0.17   0.00  0.000   0.000 -436.39 *
* 1545   765.223103   -1.24E+06 150.549   60.00   0.00  0.000   0.000   -0.00 *

 //////////////////// MAXIMUM NUMBER OF ITERATIONS       ////////////////////
 //////////////////// EXCEEDED IN QUABCS                 ////////////////////

*******************************************************************************
*                                                                             *
*  PROCESSOR   EXECUTION  TIMES IN SUBROUTINES                                *
*  INCLUDING THEIR COMPLETE DOWN-CALLING TREES                                *
*                                                                             *
*******************************************************************************
*                                                                             *
*    12774 => HFODD    6999 => DENSHF   2535 => DIAMAT   2308 => HFBSIM       *
*                                                                             *
*     1492 => QMULCM    723 => PAIMAC    553 => CANQUA    254 => RECORD       *
*                                                                             *
*      207 => AVEQUA     81 => INTEGH     74 => INTSOR     71 => INTEGD       *
*                                                                             *
*       70 => DENMAC     39 => DOBROY     39 => MOMETS     37 => INTMUL       *
*                                                                             *
*       24 => SKFILD     24 => BEGINC     18 => ROTAVR     18 => INTMAS       *
*                                                                             *
*       17 => LINAVR     13 => COUMAT     12 => INTCOU      9 => INTCEN       *
*                                                                             *
*        7 => SPAVER      5 => AVOBSE      4 => SKPAIR      3 => NILASP       *
*                                                                             *
*        2 => POWALL      2 => AVANGY      0 => INTKIN      0 => AVPARI       *
*                                                                             *
*        0 => QUABCS      0 => SHICOE      0 => AVSIMP      0 => PAXMOM       *
*                                                                             *
*        0 => MAGMOM      0 => SHIMOM      0 => SPIMOM      0 => MOMSIF       *
*                                                                             *
*        0 => MOMVMU      0 => SHISIF      0 => SHIMAG                        *
*                                                                             *
*******************************************************************************
*                                                                             *
*  NUMBERS OF CALLS TO SUBROUTINES                                            *
*                                                                             *
*******************************************************************************
*                                                                             *
*     1913 => BEGINC   1602 => INTMUL    510 => INTSOR    211 => DIAMAT       *
*                                                                             *
*      170 => INTMAS    170 => INTCEN    169 => INTKIN    168 => AVEQUA       *
*                                                                             *
*      126 => PAXMOM     85 => INTEGH     85 => INTEGD     85 => HFBSIM       *
*                                                                             *
*       85 => QUABCS     84 => CANQUA     84 => AVPARI     84 => DENSHF       *
*                                                                             *
*       84 => DENMAC     84 => PAIMAC     84 => MOMETS     84 => MOMSIF       *
*                                                                             *
*       84 => MOMVMU     84 => MAGMOM     84 => SPIMOM     84 => LINAVR       *
*                                                                             *
*       84 => ROTAVR     84 => SHICOE     43 => RECORD     43 => COUMAT       *
*                                                                             *
*       43 => INTCOU     42 => QMULCM     42 => SKFILD     42 => SKPAIR       *
*                                                                             *
*       42 => DOBROY     42 => SHIMOM     42 => SHISIF     42 => SHIMAG       *
*                                                                             *
*       14 => SPAVER      2 => AVANGY      2 => AVOBSE      2 => AVSIMP       *
*                                                                             *
*        2 => NILASP      1 => HFODD       1 => POWALL                        *
*                                                                             *
*******************************************************************************
*                                                                             *
*  EXECUTION ENDS ON 2016.09.06 AT 14:07:25.446                               *
*                                                                             *
*******************************************************************************
