*******************************************************************************
*                                                                             *
*                     P A R A L L E L    M O D E L                            *
*                                                                             *
*  SIMPLE MPI FRAMEWORK (1 COMMUNICATOR)    :  1 MPI PROCESS per HFODD TASK   *
*  MULTI-THREADING FRAMEWORK WITH OPENMP   :  4 THREADS per HFODD MPI PROCESS *
*                                                                             *
*******************************************************************************
*                                                                             *
*                        __  __ _____  ___   ____   ____                      *
*                       / / / // ___/.' _ \ / __ \ / __ \                     *
*                      / /_/ // /_  / / / // / / // / / /                     *
*                     / __  // __/ / / / // / / // / / /                      *
*                    / / / // /   / /_/ // /_/ // /_/ /                       *
*                   /_/ /_//_/    \___.'/____.'/____.'                        *
*                                                                             *
*                                                                             *
*******************************************************************************
*                                                                             *
*             SKYRME-HARTREE-FOCK-BOGOLYUBOV CODE VERSION: 2.77B              *
*                                                                             *
*              NO SYMMETRY-PLANES AND NO TIME-REVERSAL SYMMETRY               *
*                                                                             *
*                DEFORMED CARTESIAN HARMONIC-OSCILLATOR BASIS                 *
*                                                                             *
*******************************************************************************
*                                                                             *
*             J. DOBACZEWSKI, P. BACZYK, B.G. CARLSSON, J. DUDEK              *
*                 J. ENGEL, Y. GAO, M. KONIECZKA, T. LESINSKI                 *
*                 J. MCDONNELL, P. OLBRATOWSKI, P. POWALOWSKI                 *
*                  M. SADZIAK, J. SARICH, K. SATO, W. SATULA                  *
*             N. SCHUNCK,  J.A. SHEIKH, A. STASZCZAK, M. STOITSOV             *
*             P. TOIVANEN, X.B. WANG, M. ZALEWSKI AND H. ZDUNCZUK             *
*                                                                             *
*                   INSTYTUT FIZYKI TEORETYCZNEJ, WARSZAWA                    *
*                 LAWRENCE LIVERMORE NATIONAL LABORATORY, USA                 *
*                                                                             *
*                                  1993-2016                                  *
*                                                                             *
*******************************************************************************

*******************************************************************************
*                                                                             *
*  CODE COMPILED WITH THE FOLLOWING ARRAY DIMENSIONS AND SWITCHES:            *
*                                                                             *
*******************************************************************************
*                                                                             *
*  NDBASE = 1200  NDSTAT = 1200  NDXHRM =   40  NDYHRM =   40  NDZHRM =   64  *
*                                                                             *
*  NDMAIN =   30  NDMULT =    9  NDMULR =    4  NDLAMB =    9  NDITER = 5000  *
*                                                                             *
*  NDAKNO =    1  NDBKNO =    1  NDPROI =    2  NDCOUL =   80  NDPOLS =   25  *
*                                                                             *
*  NDATKN =   20  NDBTKN =   10  NDPROT =    1  NDPROD =    3                 *
*                                                                             *
*  IPARAL =    0  IPARAT =    0  I_CRAY =    0                                *
*                                                                             *
*                                                                             *
*  PRE-PROCESSOR OPTIONS:                                                     *
*                                                                             *
*       switch_port = 1     switch_diag = 3     switch_essl = 0               *
*                                                                             *
*                           switch_quad = 0     switch_vect = 1               *
*                                                                             *
*******************************************************************************
*                                                                             *
*  EXECUTION BEGINS ON 2016.09.06 AT 12:59:14.804                             *
*                                                                             *
*******************************************************************************
 
*******************************************************************************
*                                                                             *
*  CLASSICAL NUCLEAR SURFACE DEFINED FOR:                    N = 98   Z = 78  *
*                                                                             *
*******************************************************************************
*                                                                             *
*  AL10 =   ZERO  AL11 =   ZERO  .............  .............  .............  *
*                                                                             *
*  AL20 =  0.461  AL21 =   ZERO  AL22 =   ZERO  .............  .............  *
*                                                                             *
*******************************************************************************
*                                                                             *
*                                           HOMEGA=  8.0528  FCHOM0=  1.1007  *
*                                                                             *
*  OSCILLATOR FREQUENCIES: HBAROX=  9.2641  HBAROY=  9.2641  HBAROZ=  6.0846  *
*                                                                             *
*  MOMENTS OF INERTIA:     XMOMFC=101.2996  YMOMFC=101.2996  ZMOMFC= 61.0582  *
*                                                                             *
*  CENTERS OF MASS:        CMSXFC= -0.0000  CMSYFC= -0.0000  CMSZFC= -0.0000  *
*                                                                             *
*******************************************************************************

*******************************************************************************
*                                                                             *
*                           SKYRME FORCE DEFINITION                           *
*                                                                             *
*******************************************************************************
*                                                                             *
* PARAMETER SET HFB1:  T0= -1666.41  T1=   255.23  T2=  1521.28  T3= 12072.51 *
*                                                                             *
* POWER=0.37658031358  X0=  0.14608  X1= -4.82248  X2= -1.35211  X3=  0.00432 *
*                                                                             *
* IETA: J=0  W=1 CM=3  M=1  P=1  T=0 HBM= 20.73553 W0=  44.0677 W0P= 207.6502 *
*                                                                             *
*******************************************************************************

*******************************************************************************
*                                                                             *
*              COUPLING CONSTANTS DEFINING THE SKYRME FUNCTIONAL              *
*                                                                             *
*******************************************************************************
*                                                                             *
*                   TOTAL(T)        SUM(S)      ISOSCALAR(P)  ISOVECTOR(M)    *
*                   --------        ------      ------------  ------------    *
*    CRHO_ =     -894.060074    538.315575       -624.902286    269.157788    *
*    CRHOD =     1008.213640   -507.363897        754.531691   -253.681949    *
*    CLPR_ =       98.335311   -287.870148        -45.599763   -143.935074    *
*    CTAU_ =       33.156062    -48.271535          9.020295    -24.135768    *
*    CSCU_ =        0.000000      0.000000          0.000000      0.000000    *
*    CDIV_ =      -22.033840   -103.825096        -73.946388    -51.912548    *
*                                                                             *
*    CSPI_ =      -60.857026    416.601524        147.443736    208.300762    *
*    CSPID =        2.171385   -503.021127       -249.339179   -251.510564    *
*    CLPS_ =       51.110395     71.467295         86.844042     35.733647    *
*    CCUR_ =      -33.156062     48.271535         -9.020295     24.135768    *
*    CKIS_ =        0.000000      0.000000          0.000000      0.000000    *
*    CROT_ =      -22.033840   -103.825096        -73.946388    -51.912548    *
*                                                                             *
*******************************************************************************

*******************************************************************************
*                                                                             *
*                          NUCLEAR MATTER PROPERTIES                          *
*                                                                             *
*******************************************************************************
*                                                                             *
*     E = -15.8000  rho0 =   0.15625   K =  244.6682   Ms =    0.9364         *
*                   asym =  28.66820   L =   40.1091   Mv =    1.2498         *
*                                                                             *
*******************************************************************************

*******************************************************************************
*                                                                             *
*  PHYSICAL CONSTANTS:     H_BARC=197.32891000           HBCOE2=137.03602000  *
*                                                                             *
*                          XMASSN=938.90590000           XMASSP=938.27231000  *
*                                                                             *
*                          HBMASS= 20.73553000           HBMRPA= 20.73553000  *
*                                                                             *
*                          ECHAR2=  1.43997841           COULEX= -1.06350868  *
*                                                                             *
*******************************************************************************
*                                                                             *
*  OSCILLATOR LENGTHS:     X= 2.1158152      Y= 2.1158152       Z= 2.6107328  *
*                                                                             *
*  OSCILLATOR CONSTANTS:   X= 0.4726311      Y= 0.4726311       Z= 0.3830342  *
*                                                                             *
*  OSCILLATOR FREQUENCIES: X= 9.2641144      Y= 9.2641144       Z= 6.0846350  *
*                                                                             *
*******************************************************************************
*                                                                             *
*  BASIS CUT-OFF CONTROL PARAMETERS:  NXMAXX = 15  NYMAXX = 15  NZMAXX =  23  *
*                                                                             *
*                                     NXHERM = 36  NYHERM = 36  NZHERM =  60  *
*                                                                             *
*                                     NLIMIT=1140  LDBASE=1140  MCOUNT=29791  *
*                                                                             *
*                                     ENECUT= 800.0000      ELIMIT= 153.0760  *
*                                                                             *
*******************************************************************************

*******************************************************************************
*                                                                             *
*   SHAPE OF THE OSCILLATOR-BASIS DIAMOND    (THREE CONSECUTIVE PROJECTIONS)  *
*                                                                             *
*******************************************************************************
*                                                                             *
*        NX ===>>>  0  1  2  3  4  5  6  7  8  9 10 11 12 13 14 15            *
*        MAX.NY => 15 14 13 12 11 10  9  8  7  6  5  4  3  2  1  0            *
*                 ------------------------------------------------            *
*   NY= 0  (15)  | 23 21 20 18 17 15 14 12 10  9  7  6  4  3  1  0            *
*   NY= 1  (14)  | 21 20 18 17 15 14 12 10  9  7  6  4  3  1  0               *
*   NY= 2  (13)  | 20 18 17 15 14 12 10  9  7  6  4  3  1  0                  *
*   NY= 3  (12)  | 18 17 15 14 12 10  9  7  6  4  3  1  0                     *
*   NY= 4  (11)  | 17 15 14 12 10  9  7  6  4  3  1  0                        *
*   NY= 5  (10)  | 15 14 12 10  9  7  6  4  3  1  0                           *
*   NY= 6  ( 9)  | 14 12 10  9  7  6  4  3  1  0                              *
*   NY= 7  ( 8)  | 12 10  9  7  6  4  3  1  0                                 *
*   NY= 8  ( 7)  | 10  9  7  6  4  3  1  0                                    *
*   NY= 9  ( 6)  |  9  7  6  4  3  1  0                                       *
*   NY=10  ( 5)  |  7  6  4  3  1  0                                          *
*   NY=11  ( 4)  |  6  4  3  1  0                                             *
*   NY=12  ( 3)  |  4  3  1  0                                                *
*   NY=13  ( 2)  |  3  1  0                                                   *
*   NY=14  ( 1)  |  1  0                                                      *
*   NY=15  ( 0)  |  0                                                         *
*                                                                             *
*                                                                             *
*        NZ ===>>>  0  1  2  3  4  5  6  7  8  9 10 11 12 13 14 15 16 17 18   *
*        MAX.NY => 15 14 13 13 12 11 11 10  9  9  8  7  7  6  6  5  4  4  3   *
*                 ---------------------------------------------------------   *
*   NY= 0  (23)  | 15 14 13 13 12 11 11 10  9  9  8  7  7  6  6  5  4  4  3   *
*   NY= 1  (21)  | 14 13 12 12 11 10 10  9  8  8  7  6  6  5  5  4  3  3  2   *
*   NY= 2  (20)  | 13 12 11 11 10  9  9  8  7  7  6  5  5  4  4  3  2  2  1   *
*   NY= 3  (18)  | 12 11 10 10  9  8  8  7  6  6  5  4  4  3  3  2  1  1  0   *
*   NY= 4  (17)  | 11 10  9  9  8  7  7  6  5  5  4  3  3  2  2  1  0  0      *
*   NY= 5  (15)  | 10  9  8  8  7  6  6  5  4  4  3  2  2  1  1  0            *
*   NY= 6  (14)  |  9  8  7  7  6  5  5  4  3  3  2  1  1  0  0               *
*   NY= 7  (12)  |  8  7  6  6  5  4  4  3  2  2  1  0  0                     *
*   NY= 8  (10)  |  7  6  5  5  4  3  3  2  1  1  0                           *
*   NY= 9  ( 9)  |  6  5  4  4  3  2  2  1  0  0                              *
*   NY=10  ( 7)  |  5  4  3  3  2  1  1  0                                    *
*   NY=11  ( 6)  |  4  3  2  2  1  0  0                                       *
*   NY=12  ( 4)  |  3  2  1  1  0                                             *
*   NY=13  ( 3)  |  2  1  0  0                                                *
*   NY=14  ( 1)  |  1  0                                                      *
*   NY=15  ( 0)  |  0                                                         *
*                                                                             *
*                                                                             *
*        NZ ===>>>  0  1  2  3  4  5  6  7  8  9 10 11 12 13 14 15 16 17 18   *
*        MAX.NX => 15 14 13 13 12 11 11 10  9  9  8  7  7  6  6  5  4  4  3   *
*                 ---------------------------------------------------------   *
*   NX= 0  (23)  | 15 14 13 13 12 11 11 10  9  9  8  7  7  6  6  5  4  4  3   *
*   NX= 1  (21)  | 14 13 12 12 11 10 10  9  8  8  7  6  6  5  5  4  3  3  2   *
*   NX= 2  (20)  | 13 12 11 11 10  9  9  8  7  7  6  5  5  4  4  3  2  2  1   *
*   NX= 3  (18)  | 12 11 10 10  9  8  8  7  6  6  5  4  4  3  3  2  1  1  0   *
*   NX= 4  (17)  | 11 10  9  9  8  7  7  6  5  5  4  3  3  2  2  1  0  0      *
*   NX= 5  (15)  | 10  9  8  8  7  6  6  5  4  4  3  2  2  1  1  0            *
*   NX= 6  (14)  |  9  8  7  7  6  5  5  4  3  3  2  1  1  0  0               *
*   NX= 7  (12)  |  8  7  6  6  5  4  4  3  2  2  1  0  0                     *
*   NX= 8  (10)  |  7  6  5  5  4  3  3  2  1  1  0                           *
*   NX= 9  ( 9)  |  6  5  4  4  3  2  2  1  0  0                              *
*   NX=10  ( 7)  |  5  4  3  3  2  1  1  0                                    *
*   NX=11  ( 6)  |  4  3  2  2  1  0  0                                       *
*   NX=12  ( 4)  |  3  2  1  1  0                                             *
*   NX=13  ( 3)  |  2  1  0  0                                                *
*   NX=14  ( 1)  |  1  0                                                      *
*   NX=15  ( 0)  |  0                                                         *
*                                                                             *
*******************************************************************************

*******************************************************************************
*                                                                             *
* NUCLIDE: N =  98  Z =  78  NUMBER OF ITERATIONS = 1000   CONTINUATION? = 1  *
*                                                                             *
*******************************************************************************
*                                                                             *
* ITERATIONS WILL STOP WHEN THE STABILITY BECOMES LOWER THAN EPSITE=0.300000  *
*                                            FOR    5 CONSECUTIVE ITERATIONS  *
*                                                                             *
*******************************************************************************
*                                                                             *
* ITERATIONS WILL STOP WHEN THE PING-PONG DIVERGENCE OCCURS FOR EPSPNG=0.010  *
*                                DURING    5 PAIRS OF CONSECUTIVE ITERATIONS  *
*                                                                             *
*******************************************************************************
*                                                                             *
* ITERATIONS WILL STOP FOR CHAOTIC-DIVERGENCE CONDITION OCCURING   20  TIMES  *
*                                                                             *
*******************************************************************************
*                                                                             *
* SLOW-DOWN PARAMETERS:                                                       *
* TIME-EVEN = 0.85   TIME-ODD = 0.85   PAIRING = 0.85   LIPKIN-NOGAMI = 0.85  *
*                    LIP-MASS = 0.50   LIP-MOI = 0.50   LIPKIN-METHOD = 0.50  *
*                                                                             *
*******************************************************************************
*                                                                             *
* BROYDEN METHOD IS:  ON                                                      *
*                                                                             *
*    TRIGGERED ONLY WHEN STABILITY IS LOWER THAN :  1000.000 MEV              *
*    INITIAL SLOWING FACTOR (BEFORE TRIGGER)     :     0.85 (=SLOWEV)         *
*    BROYDEN SLOWING FACTOR (AFTER  TRIGGER)     :     0.40 (=1-ALPHAM)       *
*    NUMBER OF ITERATIONS RETAINED IN MEMORY     :    10                      *
*                                                                             *
*******************************************************************************
*                                                                             *
* DIRECT COULOMB TERMS SOLVED BY GREEN FUNCTION AND FOURIER TRANSFORM METHOD  *
* COULOMB PARAMETERS:  NUMCOU = 80  NUMETA = 79  BOUCOU = 20.0  FURMAX =0.25  *
*                                                                             *
*******************************************************************************
*                                                                             *
* EXCHANGE COULOMB TERMS TREATED BY THE SLATER APPROXIMATION                  *
*                                                                             *
*******************************************************************************
*                                                                             *
* MAXIMUM NUMBERS OF MULTIPOLE MOMENTS USED FOR THE CONSTRAINTS,    NMUCON=4  *
*                                           FOR THE COULOMB FIELD,  NMUCOU=4  *
*                                           FOR THE OUTPUT INFO,    NMUPRI=4  *
*                                                                             *
*******************************************************************************
*                                                                             *
* MULTIPOLE CONSTRAINTS: LAMBDA= 2  MIU= 0  MOMENT= 85.000  STIFFNESS= 0.500  *
*                        LAMBDA= 3  MIU= 0  MOMENT= 38.000  STIFFNESS= 0.500  *
*                                                                             *
*******************************************************************************
*                                                                             *
* LINEAR MULTIPOLE CONSTRAINTS: LAMBDA= 2  MIU= 0  LAGRANGE PAR. USED= 0.000  *
*                               LAMBDA= 3  MIU= 0  LAGRANGE PAR. USED= 0.000  *
*                                                                             *
*******************************************************************************
*                                                                             *
* THE LAGRANGE PARAMETERS OF THE LINEAR CONSTRAINTS ARE RE-ADJUSTED AT EACH   *
* ITERATION BY USING THE CRANKING APPROXIMATION OF THE RPA MATRIX             *
*                                                                             *
*******************************************************************************
*                                                                             *
* PRINTING THE RESULTS FOR THE FOLLOWING ITERATIONS:         THE  FIRST: YES  *
*                                                            THE MIDDLE:  NO  *
*                                                     AND/OR THE   LAST: YES  *
*                                                                             *
*******************************************************************************
*                                                                             *
* PRINTING THE MOMENTS, RADII, AND DEFORMATIONS FOR:           NEUTRONS: YES  *
*                                                              PROTONS : YES  *
*                                                              MASS    : YES  *
*                                                                             *
*******************************************************************************
*                                                                             *
* PRINTING THE MOMENTS, MOMENTA AND DEFORMATIONS IN THE INTRINSIC FRAME: YES  *
*                                                                             *
*******************************************************************************
*                                                                             *
* NILSSON LABELS OF SINGLE-PARTICLE STATES SHOWN WITH RESPECT TO THE: Z-AXIS  *
*                                                                             *
*******************************************************************************
*                                                                             *
* CALCULATIONS WITH THE HFB PAIRING CORRELATIONS                              *
*                                                                             *
*******************************************************************************
*                                                                             *
* CONTACT PAIRING INTERACTION:     V0        V1       RHO-SAT      POWER      *
*                    NEUTRONS:  -234.380   732.438     0.320     1.0000000    *
*                     PROTONS:  -260.437   813.866     0.320     1.0000000    *
*                                                                             *
*******************************************************************************
*                                                                             *
* CUTOFF ENERGY DEFINING THE ACTIVE HFB PAIRING SPACE=      60.000            *
*                                                                             *
*******************************************************************************
*                                                                             *
* CALCULATIONS WITH SIMPLEX SYMMETRY                                          *
*                                                                             *
*******************************************************************************
*                                                                             *
* CALCULATIONS WITH TIME-ODD SYMMETRIES:        T*SIMPLEX_X =>     CONSERVED  *
*                                               T*SIMPLEX_Y =>     CONSERVED  *
*                                               T*SIMPLEX_Z => NON CONSERVED  *
*                                                                             *
*******************************************************************************
*                                                                             *
* CALCULATIONS WITHOUT ROTATION                                               *
*                                                                             *
*******************************************************************************

*******************************************************************************
*                                                                             *
*  CALLING SUBROUTINE "RECORD" TO READ THE REPLAY FILE OBTAINED PREVIOUSLY    *
*  ./restart/HFODD_00000022.REC                                               *
*                                                                             *
*******************************************************************************

*******************************************************************************
*                                                                             *
*  SINGLE-QUASIPARTICLE PROPERTIES:                                NEUTRONS   *
*                                                                             *
*******************************************************************************
*                                                                             *
*  NO)   ENERGY   (S=+,S=-)       PARITY   V2QUAP   EEQUIV   DEQUIV   V_CORR  *
*                                                                             *
*  51)    9.901   (  0, 26)        0.624  0.98942  -19.289    2.026  0.99924  *
*  52)    9.901   ( 26,  0)        0.624  0.98942  -19.289    2.026  0.99924  *
*  53)    9.251   ( 27,  0)        0.457  0.99874  -18.826    0.657  0.99990  *
*  54)    9.251   (  0, 27)        0.457  0.99874  -18.826    0.657  0.99990  *
*  55)    8.828   ( 28,  0)        0.792  0.99740  -18.380    0.899  0.99979  *
*  56)    8.828   (  0, 28)        0.792  0.99740  -18.380    0.899  0.99979  *
*  57)    8.662   ( 29,  0)        0.744  0.99925  -18.247    0.475  0.99994  *
*  58)    8.662   (  0, 29)        0.744  0.99925  -18.247    0.475  0.99994  *
*  59)    8.153   ( 30,  0)        0.126  0.98364  -17.484    2.068  0.99855  *
*  60)    8.153   (  0, 30)        0.126  0.98364  -17.484    2.068  0.99855  *
*  61)    7.829   ( 31,  0)       -0.582  0.97609  -17.052    2.392  0.99778  *
*  62)    7.829   (  0, 31)       -0.582  0.97609  -17.052    2.392  0.99778  *
*  63)    6.524   (  0, 32)       -0.253  0.97713  -15.824    1.951  0.99739  *
*  64)    6.524   ( 32,  0)       -0.253  0.97713  -15.824    1.951  0.99739  *
*  65)    6.339   ( 33,  0)        0.172  0.99055  -15.817    1.226  0.99888  *
*  66)    6.339   (  0, 33)        0.172  0.99055  -15.817    1.226  0.99888  *
*  67)    5.520   (  0, 34)        0.423  0.99852  -15.102    0.425  0.99979  *
*  68)    5.520   ( 34,  0)        0.423  0.99852  -15.102    0.425  0.99979  *
*  69)    4.997   (  0, 35)        0.220  0.99592  -14.554    0.637  0.99936  *
*  70)    4.997   ( 35,  0)        0.220  0.99592  -14.554    0.637  0.99936  *
*  71)    4.789   ( 36,  0)       -0.360  0.99789  -14.366    0.440  0.99965  *
*  72)    4.789   (  0, 36)       -0.360  0.99789  -14.366    0.440  0.99965  *
*  73)    4.780   ( 37,  0)       -0.127  0.99680  -14.348    0.540  0.99947  *
*  74)    4.780   (  0, 37)       -0.127  0.99680  -14.348    0.540  0.99947  *
*  75)    4.062   (  0, 38)        0.635  0.99839  -13.646    0.326  0.99967  *
*  76)    4.062   ( 38,  0)        0.635  0.99839  -13.646    0.326  0.99967  *
*  79)    3.575   (  0, 40)       -0.489  0.99613  -13.145    0.444  0.99906  *
*  80)    3.575   ( 40,  0)       -0.489  0.99613  -13.145    0.444  0.99906  *
*  81)    3.620   (  0, 41)        0.287  0.98829  -13.133    0.779  0.99723  *
*  82)    3.620   ( 41,  0)        0.287  0.98829  -13.133    0.779  0.99723  *
*  83)    3.946   ( 42,  0)       -0.232  0.93894  -13.062    1.890  0.98743  *
*  84)    3.946   (  0, 42)       -0.232  0.93894  -13.062    1.890  0.98743  *
*  85)    2.607   ( 43,  0)        0.132  0.99385  -12.172    0.408  0.99768  *
*  86)    2.607   (  0, 43)        0.132  0.99385  -12.172    0.408  0.99768  *
*  87)    2.604   ( 44,  0)        0.146  0.99383  -12.169    0.408  0.99767  *
*  88)    2.604   (  0, 44)        0.146  0.99383  -12.169    0.408  0.99767  *
*  89)    2.394   (  0, 45)       -0.497  0.99482  -11.967    0.344  0.99777  *
*  90)    2.394   ( 45,  0)       -0.497  0.99482  -11.967    0.344  0.99777  *
*  91)    2.148   ( 46,  0)        0.563  0.99364  -11.719    0.342  0.99675  *
*  92)    2.148   (  0, 46)        0.563  0.99364  -11.719    0.342  0.99675  *
*  93)    2.197   (  0, 47)        0.454  0.83270  -11.060    1.640  0.93225  *
*  94)    2.197   ( 47,  0)        0.454  0.83270  -11.060    1.640  0.93225  *
*  95)    1.277   ( 48,  0)       -0.705  0.98363  -10.833    0.324  0.97700  *
*  96)    1.277   (  0, 48)       -0.705  0.98363  -10.833    0.324  0.97700  *
*  97)    0.949   (  0, 49)        0.005  0.94877  -10.450    0.419  0.87400  *
*  98)    0.949   ( 49,  0)        0.005  0.94877  -10.450    0.419  0.87400  *
*  99)    0.942   ( 50,  0)       -0.059  0.87928  -10.313    0.614  0.79760  *
* 100)    0.942   (  0, 50)       -0.059  0.87928  -10.313    0.614  0.79760  *
* 101)    0.597   ( 51,  0)        0.724  0.13248   -9.159    0.404  0.48966  *
* 102)    0.597   (  0, 51)        0.724  0.13248   -9.159    0.404  0.48966  *
* 103)    0.692   (  0, 52)       -0.634  0.08687   -9.027    0.390  0.52511  *
* 104)    0.692   ( 52,  0)       -0.634  0.08687   -9.027    0.390  0.52511  *
* 105)    0.773   ( 53,  0)       -0.318  0.06383   -8.923    0.378  0.55187  *
* 106)    0.773   (  0, 53)       -0.318  0.06383   -8.923    0.378  0.55187  *
* 107)    0.902   ( 54,  0)       -0.755  0.12016   -8.913    0.586  0.59603  *
* 108)    0.902   (  0, 54)       -0.755  0.12016   -8.913    0.586  0.59603  *
* 109)    2.233   ( 55,  0)        0.490  0.17057   -8.127    1.680  0.79806  *
* 110)    2.233   (  0, 55)        0.490  0.17057   -8.127    1.680  0.79806  *
* 111)    1.658   (  0, 56)       -0.137  0.01347   -7.984    0.382  0.72269  *
* 112)    1.658   ( 56,  0)       -0.137  0.01347   -7.984    0.382  0.72269  *
* 113)    2.087   (  0, 57)       -0.216  0.00767   -7.543    0.364  0.76580  *
* 114)    2.087   ( 57,  0)       -0.216  0.00767   -7.543    0.364  0.76580  *
* 115)    2.839   (  0, 58)       -0.031  0.00501   -6.787    0.401  0.81625  *
* 116)    2.839   ( 58,  0)       -0.031  0.00501   -6.787    0.401  0.81625  *
* 117)    3.352   (  0, 59)       -0.032  0.00294   -6.265    0.363  0.83969  *
* 118)    3.352   ( 59,  0)       -0.032  0.00294   -6.265    0.363  0.83969  *
* 119)    3.934   (  0, 60)       -0.259  0.05999   -6.136    1.868  0.86563  *
* 120)    3.934   ( 60,  0)       -0.259  0.05999   -6.136    1.868  0.86563  *
* 121)    3.549   ( 61,  0)       -0.060  0.01160   -6.131    0.760  0.84809  *
* 122)    3.549   (  0, 61)       -0.060  0.01160   -6.131    0.760  0.84809  *
* 123)    3.602   (  0, 62)        0.467  0.00264   -6.015    0.369  0.84910  *
* 124)    3.602   ( 62,  0)        0.467  0.00264   -6.015    0.369  0.84910  *
* 125)    3.826   (  0, 63)        0.099  0.00207   -5.788    0.348  0.85663  *
* 126)    3.826   ( 63,  0)        0.099  0.00207   -5.788    0.348  0.85663  *
* 129)    4.008   (  0, 65)       -0.659  0.00171   -5.604    0.331  0.86220  *
* 130)    4.008   ( 65,  0)       -0.659  0.00171   -5.604    0.331  0.86220  *
* 131)    4.922   (  0, 66)        0.131  0.00298   -4.705    0.537  0.88496  *
* 132)    4.922   ( 66,  0)        0.131  0.00298   -4.705    0.537  0.88496  *
* 133)    5.134   ( 67,  0)        0.130  0.00402   -4.505    0.650  0.88927  *
* 134)    5.134   (  0, 67)        0.130  0.00402   -4.505    0.650  0.88927  *
* 135)    5.425   ( 68,  0)       -0.435  0.00090   -4.183    0.325  0.89433  *
* 136)    5.425   (  0, 68)       -0.435  0.00090   -4.183    0.325  0.89433  *
* 137)    5.575   (  0, 69)       -0.404  0.00076   -4.031    0.307  0.89689  *
* 138)    5.575   ( 69,  0)       -0.404  0.00076   -4.031    0.307  0.89689  *
* 139)    5.641   (  0, 70)        0.368  0.00084   -3.966    0.326  0.89797  *
* 140)    5.641   ( 70,  0)        0.368  0.00084   -3.966    0.326  0.89797  *
* 141)    5.715   (  0, 71)       -0.180  0.00082   -3.892    0.327  0.89916  *
* 142)    5.715   ( 71,  0)       -0.180  0.00082   -3.892    0.327  0.89916  *
* 143)    5.769   ( 72,  0)       -0.232  0.00072   -3.837    0.309  0.90000  *
* 144)    5.769   (  0, 72)       -0.232  0.00072   -3.837    0.309  0.90000  *
* 145)    5.981   (  0, 73)       -0.515  0.00132   -3.633    0.435  0.90324  *
* 146)    5.981   ( 73,  0)       -0.515  0.00132   -3.633    0.435  0.90324  *
* 147)    6.264   (  0, 74)        0.198  0.00886   -3.445    1.174  0.90776  *
* 148)    6.264   ( 74,  0)        0.198  0.00886   -3.445    1.174  0.90776  *
* 149)    6.480   ( 75,  0)       -0.292  0.02231   -3.407    1.914  0.91152  *
* 150)    6.480   (  0, 75)       -0.292  0.02231   -3.407    1.914  0.91152  *
* 151)    6.564   (  0, 76)        0.058  0.00134   -3.052    0.481  0.91108  *
* 152)    6.564   ( 76,  0)        0.058  0.00134   -3.052    0.481  0.91108  *
* 153)    6.697   (  0, 77)        0.657  0.00055   -2.908    0.314  0.91263  *
* 154)    6.697   ( 77,  0)        0.657  0.00055   -2.908    0.314  0.91263  *
* 155)    7.348   (  0, 78)        0.359  0.00096   -2.264    0.455  0.91978  *
* 156)    7.348   ( 78,  0)        0.359  0.00096   -2.264    0.455  0.91978  *
* 157)    7.939   (  0, 79)       -0.641  0.02327   -2.029    2.394  0.92668  *
* 158)    7.939   ( 79,  0)       -0.641  0.02327   -2.029    2.394  0.92668  *
* 159)    8.318   (  0, 80)        0.072  0.01602   -1.547    2.089  0.92936  *
* 160)    8.318   ( 80,  0)        0.072  0.01602   -1.547    2.089  0.92936  *
* 161)    8.150   (  0, 81)        0.618  0.00239   -1.487    0.796  0.92718  *
* 162)    8.150   ( 81,  0)        0.618  0.00239   -1.487    0.796  0.92718  *
* 163)    9.210   (  0, 82)       -0.198  0.00078   -0.402    0.515  0.93493  *
* 164)    9.210   ( 82,  0)       -0.198  0.00078   -0.402    0.515  0.93493  *
* 165)    9.364   (  0, 83)       -0.317  0.00060   -0.245    0.457  0.93593  *
* 166)    9.364   ( 83,  0)       -0.317  0.00060   -0.245    0.457  0.93593  *
* 167)    9.523   (  0, 84)        0.213  0.00046   -0.084    0.407  0.93692  *
* 168)    9.523   ( 84,  0)        0.213  0.00046   -0.084    0.407  0.93692  *
* 169)    9.756   ( 85,  0)        0.629  0.00986   -0.034    1.928  0.93883  *
* 170)    9.756   (  0, 85)        0.629  0.00986   -0.034    1.928  0.93883  *
* 171)    9.923   ( 86,  0)        0.624  0.00077    0.310    0.550  0.93933  *
* 172)    9.923   (  0, 86)        0.624  0.00077    0.310    0.550  0.93933  *
*                                                                             *
*1644)   TOTAL=  ( 822, 822)                                                  *
*                                                                             *
*******************************************************************************

*******************************************************************************
*                                                                             *
*  SINGLE-PARTICLE PROPERTIES: CANONICAL                           NEUTRONS   *
*                                                                             *
*******************************************************************************
*                                                                             *
*  NO)   ENERGY   (S=+,S=-)   | N,nz,lz,OMEz>   <P>    <JY>    <SY>   GFACT   *
*                                                                             *
*  45)  -11.967   ( 45,---)   | 5, 1, 4, 9/2>   -49  -0.010  -0.001   0.071   *
*  46)  -11.778   ( 46,---)   | 4, 0, 2, 3/2>    46  -0.103  -0.002   0.016   *
*  47)  -11.734   ( 47,---)   | 4, 0, 0, 1/2>    54  -0.056  -0.469   8.311   *
*  48)  -10.834   ( 48,---)   | 5, 0, 5,11/2>   -70  -0.000   0.000  -0.144   *
*  49)  -10.457   ( 49,---)   | 5, 5, 0, 1/2>     0  -0.409  -0.276   0.673   *
*  50)  -10.447   ( 50,---)   | 5, 2, 1, 3/2>   -11  -0.328  -0.053   0.162   *
*  51)   -9.154   ( 51,---)   | 6, 3, 3, 7/2>    72   0.000  -0.000  -0.014   *
*  52)   -9.018   ( 52,---)   | 5, 2, 3, 5/2>   -63  -0.000  -0.000   1.038   *
*  53)   -8.907   ( 53,---)   | 5, 2, 1, 1/2>   -36  -0.845  -0.172   0.203   *
*  54)   -8.762   ( 54,---)   | 5, 2, 1, 3/2>     8  -0.012  -0.002   0.189   *
*  55)   -7.938   ( 55,---)   | 6, 4, 0, 1/2>    -8  -0.051  -0.327   6.474   *
*  56)   -7.402   ( 56,---)   | 5, 2, 3, 5/2>   -19   0.003  -0.000  -0.084   *
*  57)   -7.345   ( 57,---)   | 6, 5, 1, 3/2>    24   0.000  -0.001  -2.491   *
*  58)   -6.647   ( 58,---)   | 6, 5, 1, 1/2>    10  -0.991  -0.227   0.229   *
*  59)   -6.161   ( 59,---)   | 5, 1, 2, 5/2>    -7  -0.001  -0.000   0.148   *
*  60)   -5.825   ( 60,---)   | 6, 2, 4, 9/2>    59   0.000   0.000   0.400   *
*  61)   -5.716   ( 61,---)   | 5, 1, 4, 7/2>   -32  -0.002   0.000  -0.056   *
*  62)   -5.321   ( 62,---)   | 6, 3, 1, 3/2>    20  -0.000   0.002  -4.268   *
*  63)   -5.189   ( 63,---)   | 5, 0, 3, 7/2>   -57  -0.003  -0.001   0.458   *
*  64)   -4.852   ( 64,---)   | 5, 1, 0, 1/2>     8   0.188  -0.305  -1.617   *
*  65)   -4.523   ( 65,---)   | 5, 1, 0, 1/2>   -25  -1.064  -0.380   0.357   *
*  66)   -4.427   ( 66,---)   | 5, 1, 2, 3/2>   -27  -0.019  -0.003   0.146   *
*  67)   -4.002   ( 67,---)   | 5, 0, 5, 9/2>   -58   0.000  -0.000  -1.758   *
*  68)   -3.703   ( 68,---)   | 6, 1, 5,11/2>    36  -0.000   0.000  -4.473   *
*  69)   -3.683   ( 69,---)   | 7, 4, 3, 7/2>   -61   0.001   0.000   0.060   *
*  70)   -3.030   ( 70,---)   | 6, 3, 3, 5/2>    60  -0.001   0.000  -0.400   *
*  71)   -2.866   ( 71,---)   | 7, 4, 1, 3/2>   -27  -0.008  -0.007   0.822   *
*  72)   -2.855   ( 72,---)   | 6, 3, 1, 1/2>    56   0.233  -0.146  -0.627   *
*  73)   -2.764   ( 73,---)   | 5, 0, 3, 5/2>   -61  -0.028  -0.002   0.055   *
*  74)   -2.623   ( 74,---)   | 6, 0, 6,13/2>    65  -0.000   0.000  -0.021   *
*  75)   -2.561   ( 75,---)   | 5, 0, 1, 1/2>   -56   0.292  -0.043  -0.146   *
*  76)   -2.557   ( 76,---)   | 5, 0, 1, 3/2>   -34   0.039   0.022   0.569   *
*  77)   -1.574   ( 77,---)   | 6, 4, 0, 1/2>    29  -1.271  -0.364   0.287   *
*  78)   -1.330   ( 78,---)   | 5, 0, 1, 3/2>     8  -0.016  -0.000   0.014   *
*  79)   -0.959   ( 79,---)   | 6, 3, 3, 5/2>    -9   0.005  -0.000  -0.037   *
*  80)   -0.339   ( 80,---)   | 7, 4, 1, 1/2>   -13  -1.179  -0.268   0.227   *
*                                                                             *
*******************************************************************************

*******************************************************************************
*                                                                             *
*  HFB PAIRING PROPERTIES                                           NEUTRONS  *
*                                                                             *
*  STRENGTH= 0.0863   GAP=-0.3723   FERMI ENERGY=-10.2394   ENERGY=  -1.6051  *
*                                                                             *
*******************************************************************************

*******************************************************************************
*                                                                             *
*  MULTIPOLE MOMENTS [UNITS:  (10 FERMI)^LAMBDA]                    NEUTRONS  *
*                                                                             *
*******************************************************************************
*                                                                             *
*  Q00 = 98.0000  .............  .............  .............  .............  *
*                                                                             *
*  Q10 =  4.8146  Q11 =    ZERO  .............  .............  .............  *
*                                                                             *
*  Q20 = 21.7007  Q21 =    ZERO  Q22 = -0.0045  .............  .............  *
*                                                                             *
*  Q30 =  4.8814  Q31 =    ZERO  Q32 = 7.1E-04  Q33 =    ZERO  .............  *
*                                                                             *
*  Q40 =  3.9749  Q41 =    ZERO  Q42 = -0.0015  Q43 =    ZERO  Q44 = 3.9E-04  *
*                                                                             *
*******************************************************************************

*******************************************************************************
*                                                                             *
*  ROOT-MEAN-SQUARE AND GEOMETRIC SIZES IN FERMIS                   NEUTRONS  *
*                                                                             *
*  R_RMS =  5.7389     X_RMS =  2.6994    Y_RMS =  2.6999    Z_RMS =  4.2848  *
*                                                                             *
*  R_GEO =  7.4089     X_GEO =  6.0359    Y_GEO =  6.0370    Z_GEO =  9.5811  *
*                                                                             *
*******************************************************************************

*******************************************************************************
*                                                                             *
*  BOHR DEFORMATIONS (FIRST-ORDER APPROXIMATION)                    NEUTRONS  *
*                                                                             *
*******************************************************************************
*                                                                             *
*  B10 =  0.1357  B11 =    ZERO  .............  .............  .............  *
*                                                                             *
*  B20 =  0.5329  B21 =    ZERO  B22 =-1.1E-04  .............  .............  *
*                                                                             *
*  B30 =  0.5130  B31 =    ZERO  B32 = 1.1E-04  B33 =    ZERO  .............  *
*                                                                             *
*  B40 =  0.5639  B41 =    ZERO  B42 =-2.9E-04  B43 =    ZERO  B44 = 7.8E-05  *
*                                                                             *
*******************************************************************************
*                                                                             *
*  BOHR DENSITY = 0.0575 FM^(-3)  BOHR RADIUS =   7.4089 FM                   *
*                                                                             *
*******************************************************************************

*******************************************************************************
*                                                                             *
*  SINGLE-QUASIPARTICLE PROPERTIES:                                 PROTONS   *
*                                                                             *
*******************************************************************************
*                                                                             *
*  NO)   ENERGY   (S=+,S=-)       PARITY   V2QUAP   EEQUIV   DEQUIV   V_CORR  *
*                                                                             *
*  39)    9.814   (  0, 20)       -0.049  0.99820  -11.649    0.833  0.99998  *
*  40)    9.814   ( 20,  0)       -0.049  0.99820  -11.649    0.833  0.99998  *
*  41)    9.161   (  0, 21)       -0.437  0.99832  -11.001    0.751  0.99998  *
*  42)    9.161   ( 21,  0)       -0.437  0.99832  -11.001    0.751  0.99998  *
*  43)    8.220   ( 22,  0)        0.256  0.99743  -10.049    0.833  0.99996  *
*  44)    8.220   (  0, 22)        0.256  0.99743  -10.049    0.833  0.99996  *
*  45)    7.823   (  0, 23)       -0.471  0.99770   -9.658    0.749  0.99996  *
*  46)    7.823   ( 23,  0)       -0.471  0.99770   -9.658    0.749  0.99996  *
*  47)    7.990   (  0, 24)        0.557  0.98395   -9.604    2.008  0.99973  *
*  48)    7.990   ( 24,  0)        0.557  0.98395   -9.604    2.008  0.99973  *
*  49)    6.897   (  0, 25)       -0.602  0.99701   -8.727    0.753  0.99994  *
*  50)    6.897   ( 25,  0)       -0.602  0.99701   -8.727    0.753  0.99994  *
*  51)    6.744   (  0, 26)       -0.016  0.99682   -8.572    0.759  0.99994  *
*  52)    6.744   ( 26,  0)       -0.016  0.99682   -8.572    0.759  0.99994  *
*  53)    5.883   (  0, 27)        0.562  0.99622   -7.709    0.722  0.99991  *
*  54)    5.883   ( 27,  0)        0.562  0.99622   -7.709    0.722  0.99991  *
*  55)    5.384   ( 28,  0)        0.212  0.99582   -7.210    0.695  0.99990  *
*  56)    5.384   (  0, 28)        0.212  0.99582   -7.210    0.695  0.99990  *
*  57)    5.012   (  0, 29)        0.797  0.99533   -6.836    0.683  0.99987  *
*  58)    5.012   ( 29,  0)        0.797  0.99533   -6.836    0.683  0.99987  *
*  59)    4.893   ( 30,  0)        0.718  0.99455   -6.711    0.721  0.99985  *
*  60)    4.893   (  0, 30)        0.718  0.99455   -6.711    0.721  0.99985  *
*  61)    4.535   (  0, 31)        0.360  0.99457   -6.357    0.667  0.99984  *
*  62)    4.535   ( 31,  0)        0.360  0.99457   -6.357    0.667  0.99984  *
*  63)    4.066   (  0, 32)       -0.565  0.99295   -5.879    0.680  0.99976  *
*  64)    4.066   ( 32,  0)       -0.565  0.99295   -5.879    0.680  0.99976  *
*  65)    2.649   ( 33,  0)       -0.168  0.98322   -4.431    0.681  0.99911  *
*  66)    2.649   (  0, 33)       -0.168  0.98322   -4.431    0.681  0.99911  *
*  67)    2.347   (  0, 34)       -0.105  0.97856   -4.117    0.680  0.99871  *
*  68)    2.347   ( 34,  0)       -0.105  0.97856   -4.117    0.680  0.99871  *
*  69)    1.827   (  0, 35)        0.415  0.96276   -3.561    0.692  0.99706  *
*  70)    1.827   ( 35,  0)        0.415  0.96276   -3.561    0.692  0.99706  *
*  71)    1.065   ( 36,  0)        0.096  0.87612   -2.672    0.701  0.98240  *
*  72)    1.065   (  0, 36)        0.096  0.87612   -2.672    0.701  0.98240  *
*  73)    1.040   (  0, 37)        0.026  0.88245   -2.666    0.670  0.98279  *
*  74)    1.040   ( 37,  0)        0.026  0.88245   -2.666    0.670  0.98279  *
*  75)    0.877   (  0, 38)        0.036  0.82367   -2.439    0.668  0.96930  *
*  76)    0.877   ( 38,  0)        0.036  0.82367   -2.439    0.668  0.96930  *
*  77)    0.657   (  0, 39)       -0.201  0.55620   -1.945    0.653  0.90657  *
*  78)    0.657   ( 39,  0)       -0.201  0.55620   -1.945    0.653  0.90657  *
*  79)    0.663   (  0, 40)       -0.540  0.42796   -1.775    0.656  0.88794  *
*  80)    0.663   ( 40,  0)       -0.540  0.42796   -1.775    0.656  0.88794  *
*  81)    0.698   (  0, 41)        0.543  0.39975   -1.731    0.684  0.88960  *
*  82)    0.698   ( 41,  0)        0.543  0.39975   -1.731    0.684  0.88960  *
*  83)    0.735   ( 42,  0)       -0.185  0.33045   -1.622    0.691  0.88617  *
*  84)    0.735   (  0, 42)       -0.185  0.33045   -1.622    0.691  0.88617  *
*  85)    1.243   (  0, 43)        0.067  0.07412   -0.812    0.651  0.91079  *
*  86)    1.243   ( 43,  0)        0.067  0.07412   -0.812    0.651  0.91079  *
*  87)    1.363   (  0, 44)        0.335  0.06396   -0.682    0.667  0.91734  *
*  88)    1.363   ( 44,  0)        0.335  0.06396   -0.682    0.667  0.91734  *
*  89)    1.879   ( 45,  0)        0.572  0.03179   -0.112    0.659  0.93698  *
*  90)    1.879   (  0, 45)        0.572  0.03179   -0.112    0.659  0.93698  *
*  91)    1.905   ( 46,  0)       -0.417  0.03443   -0.097    0.695  0.93794  *
*  92)    1.905   (  0, 46)       -0.417  0.03443   -0.097    0.695  0.93794  *
*  93)    1.937   ( 47,  0)        0.518  0.03177   -0.057    0.680  0.93878  *
*  94)    1.937   (  0, 47)        0.518  0.03177   -0.057    0.680  0.93878  *
*  95)    2.784   (  0, 48)       -0.670  0.01653    0.821    0.710  0.95601  *
*  96)    2.784   ( 48,  0)       -0.670  0.01653    0.821    0.710  0.95601  *
*  97)    3.115   (  0, 49)       -0.207  0.01181    1.170    0.673  0.96033  *
*  98)    3.115   ( 49,  0)       -0.207  0.01181    1.170    0.673  0.96033  *
*  99)    3.220   ( 50,  0)        0.168  0.01084    1.280    0.667  0.96155  *
* 100)    3.220   (  0, 50)        0.168  0.01084    1.280    0.667  0.96155  *
* 101)    4.653   (  0, 51)       -0.644  0.00515    2.734    0.666  0.97293  *
* 102)    4.653   ( 51,  0)       -0.644  0.00515    2.734    0.666  0.97293  *
* 103)    4.709   (  0, 52)        0.708  0.00502    2.790    0.666  0.97324  *
* 104)    4.709   ( 52,  0)        0.708  0.00502    2.790    0.666  0.97324  *
* 105)    5.063   (  0, 53)       -0.223  0.00406    3.151    0.644  0.97504  *
* 106)    5.063   ( 53,  0)       -0.223  0.00406    3.151    0.644  0.97504  *
* 107)    5.194   ( 54,  0)       -0.182  0.00374    3.284    0.634  0.97565  *
* 108)    5.194   (  0, 54)       -0.182  0.00374    3.284    0.634  0.97565  *
* 109)    5.649   ( 55,  0)       -0.305  0.00311    3.743    0.629  0.97755  *
* 110)    5.649   (  0, 55)       -0.305  0.00311    3.743    0.629  0.97755  *
* 111)    6.063   ( 56,  0)        0.111  0.00319    4.154    0.684  0.97906  *
* 112)    6.063   (  0, 56)        0.111  0.00319    4.154    0.684  0.97906  *
* 113)    6.414   (  0, 57)        0.030  0.00259    4.510    0.652  0.98017  *
* 114)    6.414   ( 57,  0)        0.030  0.00259    4.510    0.652  0.98017  *
* 115)    6.988   ( 58,  0)        0.061  0.00220    5.087    0.655  0.98176  *
* 116)    6.988   (  0, 58)        0.061  0.00220    5.087    0.655  0.98176  *
* 117)    7.649   ( 59,  0)       -0.261  0.00196    5.748    0.677  0.98331  *
* 118)    7.649   (  0, 59)       -0.261  0.00196    5.748    0.677  0.98331  *
* 119)    7.926   ( 60,  0)        0.564  0.01570    5.806    1.970  0.98409  *
* 120)    7.926   (  0, 60)        0.564  0.01570    5.806    1.970  0.98409  *
* 121)    7.902   (  0, 61)        0.176  0.00193    6.001    0.693  0.98383  *
* 122)    7.902   ( 61,  0)        0.176  0.00193    6.001    0.693  0.98383  *
* 123)    8.304   (  0, 62)        0.022  0.00141    6.409    0.624  0.98460  *
* 124)    8.304   ( 62,  0)        0.022  0.00141    6.409    0.624  0.98460  *
* 125)    8.549   (  0, 63)       -0.531  0.00133    6.655    0.624  0.98503  *
* 126)    8.549   ( 63,  0)       -0.531  0.00133    6.655    0.624  0.98503  *
* 127)    8.934   (  0, 64)        0.277  0.00216    7.024    0.830  0.98568  *
* 128)    8.934   ( 64,  0)        0.277  0.00216    7.024    0.830  0.98568  *
* 129)    9.170   (  0, 65)       -0.377  0.00147    7.273    0.702  0.98603  *
* 130)    9.170   ( 65,  0)       -0.377  0.00147    7.273    0.702  0.98603  *
* 131)    9.339   (  0, 66)       -0.165  0.00148    7.441    0.719  0.98628  *
* 132)    9.339   ( 66,  0)       -0.165  0.00148    7.441    0.719  0.98628  *
* 133)    9.355   (  0, 67)       -0.198  0.00116    7.462    0.636  0.98630  *
* 134)    9.355   ( 67,  0)       -0.198  0.00116    7.462    0.636  0.98630  *
* 135)    9.947   (  0, 68)       -0.542  0.00108    8.054    0.653  0.98710  *
* 136)    9.947   ( 68,  0)       -0.542  0.00108    8.054    0.653  0.98710  *
* 137)    9.983   ( 69,  0)        0.295  0.00115    8.090    0.677  0.98715  *
* 138)    9.983   (  0, 69)        0.295  0.00115    8.090    0.677  0.98715  *
*                                                                             *
*1280)   TOTAL=  ( 640, 640)                                                  *
*                                                                             *
*******************************************************************************

*******************************************************************************
*                                                                             *
*  SINGLE-PARTICLE PROPERTIES: CANONICAL                            PROTONS   *
*                                                                             *
*******************************************************************************
*                                                                             *
*  NO)   ENERGY   (S=+,S=-)   | N,nz,lz,OMEz>   <P>    <JY>    <SY>   GFACT   *
*                                                                             *
*  21)  -11.716   ( 21,---)   | 3, 1, 0, 1/2>   -24   0.233  -0.226  -0.968   *
*  22)  -11.008   ( 22,---)   | 3, 0, 3, 5/2>   -39   0.000   0.000   1.338   *
*  23)  -10.101   ( 23,---)   | 4, 4, 0, 1/2>    12  -1.111  -0.458   0.412   *
*  24)   -9.639   ( 24,---)   | 3, 0, 1, 3/2>   -30  -0.003   0.004  -1.348   *
*  25)   -8.734   ( 25,---)   | 3, 0, 1, 1/2>   -57   0.103  -0.072  -0.698   *
*  26)   -8.622   ( 26,---)   | 3, 0, 1, 3/2>   -14   0.034   0.041   1.203   *
*  27)   -7.712   ( 27,---)   | 4, 1, 3, 7/2>    57  -0.002  -0.000   0.106   *
*  28)   -7.228   ( 28,---)   | 4, 2, 0, 1/2>    25  -1.167  -0.380   0.326   *
*  29)   -6.848   ( 29,---)   | 4, 2, 2, 3/2>    82  -0.010   0.002  -0.164   *
*  30)   -6.712   ( 30,---)   | 4, 0, 4, 9/2>    71   0.001  -0.000  -0.313   *
*  31)   -6.375   ( 31,---)   | 4, 3, 1, 1/2>    34   0.516  -0.158  -0.306   *
*  32)   -5.895   ( 32,---)   | 5, 3, 2, 5/2>   -56  -0.001  -0.000   0.247   *
*  33)   -4.445   ( 33,---)   | 5, 5, 0, 1/2>   -17  -1.136  -0.410   0.361   *
*  34)   -4.124   ( 34,---)   | 4, 1, 1, 3/2>   -12  -0.003   0.001  -0.487   *
*  35)   -3.564   ( 35,---)   | 4, 1, 3, 5/2>    42   0.001  -0.000  -0.206   *
*  36)   -2.674   ( 36,---)   | 4, 0, 4, 7/2>     7   0.002   0.000   0.168   *
*  37)   -2.669   ( 37,---)   | 4, 1, 1, 1/2>     2  -0.910  -0.198   0.217   *
*  38)   -2.440   ( 38,---)   | 4, 1, 1, 3/2>     4  -0.005  -0.001   0.184   *
*  39)   -1.946   ( 39,---)   | 5, 3, 0, 1/2>   -18   0.224  -0.317  -1.415   *
*  40)   -1.775   ( 40,---)   | 5, 3, 2, 3/2>   -53   0.007   0.001   0.146   *
*  41)   -1.730   ( 41,---)   | 4, 0, 2, 5/2>    54  -0.001  -0.002   3.151   *
*  42)   -1.619   ( 42,---)   | 5, 2, 3, 7/2>   -10  -0.004   0.000  -0.004   *
*  43)   -0.796   ( 43,---)   | 5, 4, 1, 1/2>    -1  -0.618  -0.149   0.242   *
*  44)   -0.668   ( 44,---)   | 6, 4, 2, 5/2>    31  -0.002  -0.001   0.434   *
*  45)   -0.079   ( 45,---)   | 5, 1, 4, 9/2>   -42   0.003   0.000   0.044   *
*  46)   -0.043   ( 46,---)   | 4, 0, 2, 3/2>    51  -0.427  -0.175   0.409   *
*  47)   -0.036   ( 47,---)   | 4, 0, 0, 1/2>    52   0.191  -0.303  -1.590   *
*                                                                             *
*******************************************************************************

*******************************************************************************
*                                                                             *
*  HFB PAIRING PROPERTIES                                            PROTONS  *
*                                                                             *
*  STRENGTH= 0.0723   GAP=-0.6830   FERMI ENERGY= -2.0010   ENERGY=  -6.4550  *
*                                                                             *
*******************************************************************************

*******************************************************************************
*                                                                             *
*  MULTIPOLE MOMENTS [UNITS:  (10 FERMI)^LAMBDA]                     PROTONS  *
*                                                                             *
*******************************************************************************
*                                                                             *
*  Q00 = 78.0000  .............  .............  .............  .............  *
*                                                                             *
*  Q10 =  4.6142  Q11 =    ZERO  .............  .............  .............  *
*                                                                             *
*  Q20 = 19.1035  Q21 =    ZERO  Q22 = -0.0144  .............  .............  *
*                                                                             *
*  Q30 =  4.2408  Q31 =    ZERO  Q32 =  0.0018  Q33 =    ZERO  .............  *
*                                                                             *
*  Q40 =  3.5093  Q41 =    ZERO  Q42 =-8.1E-04  Q43 =    ZERO  Q44 = 1.1E-04  *
*                                                                             *
*******************************************************************************

*******************************************************************************
*                                                                             *
*  ROOT-MEAN-SQUARE AND GEOMETRIC SIZES IN FERMIS                    PROTONS  *
*                                                                             *
*  R_RMS =  5.7549     X_RMS =  2.6368    Y_RMS =  2.6388    Z_RMS =  4.3822  *
*                                                                             *
*  R_GEO =  7.4296     X_GEO =  5.8960    Y_GEO =  5.9005    Z_GEO =  9.7989  *
*                                                                             *
*******************************************************************************

*******************************************************************************
*                                                                             *
*  BOHR DEFORMATIONS (FIRST-ORDER APPROXIMATION)                     PROTONS  *
*                                                                             *
*******************************************************************************
*                                                                             *
*  B10 =  0.1630  B11 =    ZERO  .............  .............  .............  *
*                                                                             *
*  B20 =  0.5862  B21 =    ZERO  B22 =-4.4E-04  .............  .............  *
*                                                                             *
*  B30 =  0.5553  B31 =    ZERO  B32 = 3.3E-04  B33 =    ZERO  .............  *
*                                                                             *
*  B40 =  0.6185  B41 =    ZERO  B42 =-2.0E-04  B43 =    ZERO  B44 = 2.6E-05  *
*                                                                             *
*******************************************************************************
*                                                                             *
*  BOHR DENSITY = 0.0454 FM^(-3)  BOHR RADIUS =   7.4296 FM                   *
*                                                                             *
*******************************************************************************

*******************************************************************************
*                                                                             *
*                  DENSITY INTEGRALS IN THE SKYRME FUNCTIONAL                 *
*                                                                             *
*******************************************************************************
*                                                                             *
*                   TOTAL(T)        SUM(S)      ISOSCALAR(P)  ISOVECTOR(M)    *
*                   --------        ------      ------------  ------------    *
*    DRHO_ =       20.227441     10.232956         20.227441      0.238471    *
*    DRHOD =        9.327154      4.717599          9.327154      0.108044    *
*    DLPR_ =       -4.230068     -2.135871         -4.230068     -0.041674    *
*    DTAU_ =       17.759124      9.052353         17.759124      0.345583    *
*    DSCU_ =        0.125938      0.070084          0.125938      0.014231    *
*    DDIV_ =        0.881717      0.449394          0.881717      0.017070    *
*                                                                             *
*    DSPI_ =        0.000000      0.000000          0.000000      0.000000    *
*    DSPID =        0.000000      0.000000          0.000000      0.000000    *
*    DLPS_ =        0.000000      0.000000          0.000000      0.000000    *
*    DCUR_ =        0.000000      0.000000          0.000000      0.000000    *
*    DKIS_ =        0.000000      0.000000          0.000000      0.000000    *
*    DROT_ =        0.000000      0.000000          0.000000      0.000000    *
*                                                                             *
*******************************************************************************

*******************************************************************************
*                                                                             *
*               CONTRIBUTIONS TO ENERGY IN THE SKYRME FUNCTIONAL              *
*                                                                             *
*******************************************************************************
*                                                                             *
*                 TOTAL(T)        SUM(S)        ISOSCALAR(P)  ISOVECTOR(M)    *
*                 --------        ------        ------------  ------------    *
*    ERHO_ =   -18084.547564   5508.559767     -12640.174243     64.186446    *
*    ERHOD =     9403.763438  -2393.539320       7037.632949    -27.408830    *
*    ELPR_ =     -415.965066    614.853470        192.890105      5.998299    *
*    ETAU_ =      588.822619   -436.971000        160.192530     -8.340912    *
*    ESCU_ =        0.000000      0.000000          0.000000      0.000000    *
*    EDIV_ =      -19.427608    -46.658325        -65.199775     -0.886157    *
*               ============  ============      ============  ============    *
*    SUM EVEN:  -8527.354181   3246.244592      -5314.658434     33.548845    *
*                                                                             *
*    ESPI_ =        0.000000      0.000000          0.000000      0.000000    *
*    ESPID =        0.000000      0.000000          0.000000      0.000000    *
*    ELPS_ =        0.000000      0.000000          0.000000      0.000000    *
*    ECUR_ =        0.000000      0.000000          0.000000      0.000000    *
*    EKIS_ =        0.000000      0.000000          0.000000      0.000000    *
*    EROT_ =        0.000000      0.000000          0.000000      0.000000    *
*               ============  ============      ============  ============    *
*    SUM  ODD:      0.000000      0.000000          0.000000      0.000000    *
*                                                                             *
*******************************************************************************
 
*******************************************************************************
*                                                                             *
*  CENTER-OF-MASS COORDINATES IN FERMIS                                TOTAL  *
*                                                                             *
*  R_CMS =  0.5357     X_CMS = -0.0000    Y_CMS =  0.0000    Z_CMS =  0.5357  *
*                                                                             *
*******************************************************************************

*******************************************************************************
*                                                                             *
*  MULTIPOLE MOMENTS [UNITS:  (10 FERMI)^LAMBDA] [CENT-MASS FRAME]  NEUTRONS  *
*                                                                             *
*******************************************************************************
*                                                                             *
*  Q00 = 98.0000  .............  .............  .............  .............  *
*                                                                             *
*  Q10 = -0.4355  Q11 =    ZERO  .............  .............  .............  *
*                                                                             *
*  Q20 = 21.2315  Q21 =    ZERO  Q22 = -0.0045  .............  .............  *
*                                                                             *
*  Q30 =  3.5996  Q31 =    ZERO  Q32 = 8.6E-04  Q33 =    ZERO  .............  *
*                                                                             *
*  Q40 =  2.9451  Q41 =    ZERO  Q42 = -0.0016  Q43 =    ZERO  Q44 = 3.9E-04  *
*                                                                             *
*******************************************************************************

*******************************************************************************
*                                                                             *
*  BOHR DEFORMATIONS (FIRST-ORDER APPROXIMATION) [CENT-MASS FRAME]  NEUTRONS  *
*                                                                             *
*******************************************************************************
*                                                                             *
*  B10 = -0.0131  B11 =    ZERO  .............  .............  .............  *
*                                                                             *
*  B20 =  0.5929  B21 =    ZERO  B22 =-1.3E-04  .............  .............  *
*                                                                             *
*  B30 =  0.4587  B31 =    ZERO  B32 = 1.5E-04  B33 =    ZERO  .............  *
*                                                                             *
*  B40 =  0.5401  B41 =    ZERO  B42 =-4.2E-04  B43 =    ZERO  B44 = 1.0E-04  *
*                                                                             *
*******************************************************************************
*                                                                             *
*  BOHR DENSITY = 0.0697 FM^(-3)  BOHR RADIUS =   6.9482 FM                   *
*                                                                             *
*******************************************************************************

*******************************************************************************
*                                                                             *
*  MULTIPOLE MOMENTS [UNITS:  (10 FERMI)^LAMBDA] [CENT-MASS FRAME]   PROTONS  *
*                                                                             *
*******************************************************************************
*                                                                             *
*  Q00 = 78.0000  .............  .............  .............  .............  *
*                                                                             *
*  Q10 =  0.4355  Q11 =    ZERO  .............  .............  .............  *
*                                                                             *
*  Q20 = 18.5624  Q21 =    ZERO  Q22 = -0.0144  .............  .............  *
*                                                                             *
*  Q30 =  3.1158  Q31 =    ZERO  Q32 =  0.0023  Q33 =    ZERO  .............  *
*                                                                             *
*  Q40 =  2.6162  Q41 =    ZERO  Q42 = -0.0012  Q43 =    ZERO  Q44 = 1.1E-04  *
*                                                                             *
*******************************************************************************

*******************************************************************************
*                                                                             *
*  BOHR DEFORMATIONS (FIRST-ORDER APPROXIMATION) [CENT-MASS FRAME]   PROTONS  *
*                                                                             *
*******************************************************************************
*                                                                             *
*  B10 =  0.0166  B11 =    ZERO  .............  .............  .............  *
*                                                                             *
*  B20 =  0.6669  B21 =    ZERO  B22 =-5.2E-04  .............  .............  *
*                                                                             *
*  B30 =  0.5170  B31 =    ZERO  B32 = 5.3E-04  B33 =    ZERO  .............  *
*                                                                             *
*  B40 =  0.6322  B41 =    ZERO  B42 =-4.2E-04  B43 =    ZERO  B44 = 3.6E-05  *
*                                                                             *
*******************************************************************************
*                                                                             *
*  BOHR DENSITY = 0.0575 FM^(-3)  BOHR RADIUS =   6.8659 FM                   *
*                                                                             *
*******************************************************************************

*******************************************************************************
*                                                                             *
*  EULER ANGLES OF THE PRINCIPAL-AXES FRAME IN DEGREES                 TOTAL  *
*                                                                             *
*  ALPHA =270.00000  BETA =  0.00000  GAMMA =  0.00000                        *
*                                                                             *
*******************************************************************************

*******************************************************************************
*                                                                             *
*  ROOT-MEAN-SQUARE AND GEOMETRIC SIZES IN FERMIS                      TOTAL  *
*                                                                             *
*  R_RMS =  5.7460     X_RMS =  2.6718    Y_RMS =  2.6730    Z_RMS =  4.3282  *
*                                                                             *
*  R_GEO =  7.4181     X_GEO =  5.9743    Y_GEO =  5.9769    Z_GEO =  9.6782  *
*                                                                             *
*******************************************************************************

*******************************************************************************
*                                                                             *
*  MULTIPOLE MOMENTS [UNITS:  (10 FERMI)^LAMBDA]                       TOTAL  *
*                                                                             *
*******************************************************************************
*                                                                             *
*  Q00 =176.0000  .............  .............  .............  .............  *
*                                                                             *
*  Q10 =  9.4288  Q11 =    ZERO  .............  .............  .............  *
*                                                                             *
*  Q20 = 40.8042  Q21 =    ZERO  Q22 = -0.0190  .............  .............  *
*                                                                             *
*  Q30 =  9.1222  Q31 =    ZERO  Q32 =  0.0025  Q33 =    ZERO  .............  *
*                                                                             *
*  Q40 =  7.4842  Q41 =    ZERO  Q42 = -0.0023  Q43 =    ZERO  Q44 = 4.9E-04  *
*                                                                             *
*******************************************************************************

*******************************************************************************
*                                                                             *
*  BOHR DEFORMATIONS (FIRST-ORDER APPROXIMATION)                       TOTAL  *
*                                                                             *
*******************************************************************************
*                                                                             *
*  B10 =  0.1478  B11 =    ZERO  .............  .............  .............  *
*                                                                             *
*  B20 =  0.5566  B21 =    ZERO  B22 =-2.6E-04  .............  .............  *
*                                                                             *
*  B30 =  0.5319  B31 =    ZERO  B32 = 2.1E-04  B33 =    ZERO  .............  *
*                                                                             *
*  B40 =  0.5882  B41 =    ZERO  B42 =-2.5E-04  B43 =    ZERO  B44 = 5.5E-05  *
*                                                                             *
*******************************************************************************
*                                                                             *
*  BOHR DENSITY = 0.1029 FM^(-3)  BOHR RADIUS =   7.4181 FM                   *
*                                                                             *
*******************************************************************************

*******************************************************************************
*                                                                             *
*  MULTIPOLE MOMENTS [UNITS:  (10 FERMI)^LAMBDA] [CENT-MASS FRAME]     TOTAL  *
*                                                                             *
*******************************************************************************
*                                                                             *
*  Q00 =176.0000  .............  .............  .............  .............  *
*                                                                             *
*  Q10 =    ZERO  Q11 =    ZERO  .............  .............  .............  *
*                                                                             *
*  Q20 = 39.7939  Q21 =    ZERO  Q22 = -0.0190  .............  .............  *
*                                                                             *
*  Q30 =  6.7153  Q31 =    ZERO  Q32 =  0.0031  Q33 =    ZERO  .............  *
*                                                                             *
*  Q40 =  5.5613  Q41 =    ZERO  Q42 = -0.0029  Q43 =    ZERO  Q44 = 4.9E-04  *
*                                                                             *
*******************************************************************************

*******************************************************************************
*                                                                             *
*  BOHR DEFORMATIONS (FIRST-ORDER APPROXIMATION) [CENT-MASS FRAME]     TOTAL  *
*                                                                             *
*******************************************************************************
*                                                                             *
*  B10 =    ZERO  B11 =    ZERO  .............  .............  .............  *
*                                                                             *
*  B20 =  0.6252  B21 =    ZERO  B22 =-3.0E-04  .............  .............  *
*                                                                             *
*  B30 =  0.4840  B31 =    ZERO  B32 = 3.2E-04  B33 =    ZERO  .............  *
*                                                                             *
*  B40 =  0.5798  B41 =    ZERO  B42 =-4.2E-04  B43 =    ZERO  B44 = 7.3E-05  *
*                                                                             *
*******************************************************************************
*                                                                             *
*  BOHR DENSITY = 0.1272 FM^(-3)  BOHR RADIUS =   6.9121 FM                   *
*                                                                             *
*******************************************************************************

*******************************************************************************
*                                                                             *
*  MULTIPOLE MOMENTS [UNITS:  (10 FERMI)^LAMBDA] [INTRINSIC FRAME]     TOTAL  *
*                                                                             *
*  REAL PART  FOR A NON-NEGATIVE PROJECTION                                   *
*  IMAGINARY PART FOR A NEGATIVE PROJECTION                                   *
*                                                                             *
*******************************************************************************
*                                                                             *
*  Q00 =176.0000  .............  .............  .............  .............  *
*                 .............  .............  .............  .............  *
*                                                                             *
*  Q10 =    ZERO  Q1+1=    ZERO  .............  .............  .............  *
*                 Q1-1=    ZERO  .............  .............  .............  *
*                                                                             *
*  Q20 = 39.7939  Q2+1=    ZERO  Q2+2=  0.0190  .............  .............  *
*                 Q2-1=    ZERO  Q2-2=    ZERO  .............  .............  *
*                                                                             *
*  Q30 =  6.7153  Q3+1=    ZERO  Q3+2= -0.0031  Q3+3=    ZERO  .............  *
*                 Q3-1=    ZERO  Q3-2=    ZERO  Q3-3=    ZERO  .............  *
*                                                                             *
*  Q40 =  5.5613  Q4+1=    ZERO  Q4+2=  0.0029  Q4+3=    ZERO  Q4+4= 4.9E-04  *
*                 Q4-1=    ZERO  Q4-2=    ZERO  Q4-3=    ZERO  Q4-4=    ZERO  *
*                                                                             *
*******************************************************************************

*******************************************************************************
*                                                                             *
*  BOHR DEFORMATIONS (FIRST-ORDER APPROXIMATION) [INTRINSIC FRAME]     TOTAL  *
*                                                                             *
*  REAL PART  FOR A NON-NEGATIVE PROJECTION                                   *
*  IMAGINARY PART FOR A NEGATIVE PROJECTION                                   *
*                                                                             *
*******************************************************************************
*                                                                             *
*  B10 =    ZERO  B1+1=    ZERO  .............  .............  .............  *
*                 B1-1=    ZERO  .............  .............  .............  *
*                                                                             *
*  B20 =  0.6252  B2+1=    ZERO  B2+2= 3.0E-04  .............  .............  *
*                 B2-1=    ZERO  B2-2=    ZERO  .............  .............  *
*                                                                             *
*  B30 =  0.4840  B3+1=    ZERO  B3+2=-3.2E-04  B3+3=    ZERO  .............  *
*                 B3-1=    ZERO  B3-2=    ZERO  B3-3=    ZERO  .............  *
*                                                                             *
*  B40 =  0.5798  B4+1=    ZERO  B4+2= 4.2E-04  B4+3=    ZERO  B4+4= 7.3E-05  *
*                 B4-1=    ZERO  B4-2=    ZERO  B4-3=    ZERO  B4-4=    ZERO  *
*                                                                             *
*******************************************************************************
*                                                                             *
*  BOHR DENSITY = 0.1272 FM^(-3)  BOHR RADIUS =   6.9121 FM                   *
*                                                                             *
*******************************************************************************

*******************************************************************************
*                                                                             *
*                                ENERGIES (MEV)                               *
*                                                                             *
*******************************************************************************
*                                                                             *
*  KINETIC: (NEU)=  1873.623570    (PRO)=  1328.861035    (TOT)=  3202.484605 *
*  SUM EPS: (NEU)= -2139.298343    (PRO)=  -996.512703    (TOT)= -3135.811046 *
*  PAIRING: (NEU)=    -1.605130    (PRO)=    -6.454978    (TOT)=    -8.060108 *
*  P-REARR: (NEU)=     0.436153    (PRO)=     1.853485    (TOT)=     2.289638 *
*                                                                             *
*  PAIRGAP: (NEU)=    -0.372292    (PRO)=    -0.682960    THIS SPACE IS EMPTY *
*  E-FERMI: (NEU)=   -10.239373    (PRO)=    -2.000981    AND AWAITS  YOUR AD *
*                                                                             *
*  COULOMB: (DIR)=   748.005581    (EXC)=   -30.143248    (TOT)=   717.862333 *
*                                                                             *
*  CONSTR. (MULT)=  2550.196835    SLOPE=   386.898281    CORR.=  -193.449140 *
*  CONSTR. (SURF)=     0.000000    SLOPE=     0.000000    CORR.=     0.000000 *
*  CONSTR. (SPIN)=     0.000000    SLOPE=     0.000000    CORR.=     0.000000 *
*  CONSTR. (ISOS)=     0.000000    SLOPE=     0.000000    CORR.=     0.000000 *
*                                                                             *
*  REARRANGEMENT ENERGY FROM THE SKYRME DENSITY-DEPENDENT TERMS=  1319.956198 *
*  ROUTHIAN= TOTAL ENERGY + MULTIPOLE AND (ISO)SPIN CONSTRAINTS=  1181.374076 *
*                                                                             *
*  SPIN-ORB (EVE)=   -66.085932    (ODD)=     0.000000    (TOT)=   -66.085932 *
*  SKYRME:  (EVE)= -5281.109589    (ODD)=     0.000000    (TOT)= -5281.109589 *
*                                                                             *
*  TOTAL:  (STAB)=   255.254985     (SP)= -1113.567773    (FUN)= -1368.822759 *
*                                                                             *
*******************************************************************************

*******************************************************************************
*                                                                             *
*  ITERATION RESTARTED FROM THE DISC, THE FOLLOWING FILE(S) READ:             *
*  ./restart/HFODD_00000022.REC                                        VER=19 *
*                                                                             *
*******************************************************************************
*                                                                             *
* CONVERGENCE REPORT                                                          *
*                                                                             *
*******************************************************************************
*                                                                             *
* ITER     ENERGY     STABILITY    Q_2    GAMMA   SPIN  OMEGA   ANGLE   EPAIR *
*                                                                             *
* 2289 -1368.822759  255.254985  39.794    0.03   0.00  0.000   0.000   -8.06 *
* 2290  1013.129496 -454.063989  87.649    0.01   0.00  0.000   0.000   -0.33 *
* 2291   336.314016    1.04E+03 143.733    0.07   0.00  0.000   0.000  -12.31 *
* 2292   442.341750    1.29E+03 137.343    0.00   0.00  0.000   0.000   -8.60 *
* 2293   483.547015  536.025875  96.950    0.01   0.00  0.000   0.000   -5.16 *
* 2294   429.861509 -699.289345 106.005    0.00   0.00  0.000   0.000   -7.27 *
* 2295  -363.743900    1.31E+03 152.342    0.05   0.00  0.000   0.000  -22.84 *
* 2296   -54.675784    1.58E+03 161.576    0.00   0.00  0.000   0.000   -5.80 *
* 2297   170.478030    1.10E+03 111.331    0.01   0.00  0.000   0.000   -3.88 *
* 2298   265.248235  706.585948 104.369    0.00   0.00  0.000   0.000   -3.92 *
* 2299   206.299108    2.03E+03 104.619    0.01   0.00  0.000   0.000   -5.92 *
* 2300   469.721871    3.03E+04  34.377    0.01   0.00  0.000   0.000   -0.74 *
* 2301  2637.178484   -4.20E+04  11.249    0.02   0.00  0.000   0.000   -0.03 *
* 2302  2124.026507   -8.69E+05   8.436   55.04   0.00  0.000   0.000 -288.02 *

 //////////////////// MAXIMUM NUMBER OF ITERATIONS       ////////////////////
 //////////////////// EXCEEDED IN QUABCS                 ////////////////////

*******************************************************************************
*                                                                             *
*  PROCESSOR   EXECUTION  TIMES IN SUBROUTINES                                *
*  INCLUDING THEIR COMPLETE DOWN-CALLING TREES                                *
*                                                                             *
*******************************************************************************
*                                                                             *
*     4335 => HFODD    2361 => DENSHF    875 => DIAMAT    801 => HFBSIM       *
*                                                                             *
*      420 => QMULCM    223 => PAIMAC    190 => RECORD    180 => CANQUA       *
*                                                                             *
*       69 => AVEQUA     28 => INTEGH     26 => INTSOR     24 => INTEGD       *
*                                                                             *
*       22 => DENMAC     13 => MOMETS     12 => INTMUL     10 => DOBROY       *
*                                                                             *
*        8 => BEGINC      8 => SKFILD      7 => SPAVER      6 => INTMAS       *
*                                                                             *
*        5 => AVOBSE      5 => ROTAVR      5 => LINAVR      4 => COUMAT       *
*                                                                             *
*        4 => INTCOU      3 => NILASP      2 => INTCEN      2 => POWALL       *
*                                                                             *
*        2 => AVANGY      1 => SKPAIR      0 => INTKIN      0 => AVPARI       *
*                                                                             *
*        0 => QUABCS      0 => AVSIMP      0 => PAXMOM      0 => SHICOE       *
*                                                                             *
*        0 => MAGMOM      0 => SHISIF      0 => MOMSIF      0 => MOMVMU       *
*                                                                             *
*        0 => SPIMOM      0 => SHIMOM      0 => SHIMAG                        *
*                                                                             *
*******************************************************************************
*                                                                             *
*  NUMBERS OF CALLS TO SUBROUTINES                                            *
*                                                                             *
*******************************************************************************
*                                                                             *
*      653 => BEGINC    538 => INTMUL    174 => INTSOR     71 => DIAMAT       *
*                                                                             *
*       58 => INTMAS     58 => INTCEN     57 => INTKIN     56 => AVEQUA       *
*                                                                             *
*       42 => PAXMOM     29 => INTEGH     29 => INTEGD     29 => HFBSIM       *
*                                                                             *
*       29 => QUABCS     28 => CANQUA     28 => AVPARI     28 => DENSHF       *
*                                                                             *
*       28 => DENMAC     28 => PAIMAC     28 => MOMETS     28 => MOMSIF       *
*                                                                             *
*       28 => MOMVMU     28 => MAGMOM     28 => SPIMOM     28 => LINAVR       *
*                                                                             *
*       28 => ROTAVR     28 => SHICOE     15 => RECORD     15 => COUMAT       *
*                                                                             *
*       15 => INTCOU     14 => SPAVER     14 => QMULCM     14 => SKFILD       *
*                                                                             *
*       14 => SKPAIR     14 => DOBROY     14 => SHIMOM     14 => SHISIF       *
*                                                                             *
*       14 => SHIMAG      2 => AVANGY      2 => AVOBSE      2 => AVSIMP       *
*                                                                             *
*        2 => NILASP      1 => HFODD       1 => POWALL                        *
*                                                                             *
*******************************************************************************
*                                                                             *
*  EXECUTION ENDS ON 2016.09.06 AT 13:23:25.716                               *
*                                                                             *
*******************************************************************************
