*******************************************************************************
*                                                                             *
*                     P A R A L L E L    M O D E L                            *
*                                                                             *
*  SIMPLE MPI FRAMEWORK (1 COMMUNICATOR)    :  1 MPI PROCESS per HFODD TASK   *
*  MULTI-THREADING FRAMEWORK WITH OPENMP   :  4 THREADS per HFODD MPI PROCESS *
*                                                                             *
*******************************************************************************
*                                                                             *
*                        __  __ _____  ___   ____   ____                      *
*                       / / / // ___/.' _ \ / __ \ / __ \                     *
*                      / /_/ // /_  / / / // / / // / / /                     *
*                     / __  // __/ / / / // / / // / / /                      *
*                    / / / // /   / /_/ // /_/ // /_/ /                       *
*                   /_/ /_//_/    \___.'/____.'/____.'                        *
*                                                                             *
*                                                                             *
*******************************************************************************
*                                                                             *
*             SKYRME-HARTREE-FOCK-BOGOLYUBOV CODE VERSION: 2.77B              *
*                                                                             *
*              NO SYMMETRY-PLANES AND NO TIME-REVERSAL SYMMETRY               *
*                                                                             *
*                DEFORMED CARTESIAN HARMONIC-OSCILLATOR BASIS                 *
*                                                                             *
*******************************************************************************
*                                                                             *
*             J. DOBACZEWSKI, P. BACZYK, B.G. CARLSSON, J. DUDEK              *
*                 J. ENGEL, Y. GAO, M. KONIECZKA, T. LESINSKI                 *
*                 J. MCDONNELL, P. OLBRATOWSKI, P. POWALOWSKI                 *
*                  M. SADZIAK, J. SARICH, K. SATO, W. SATULA                  *
*             N. SCHUNCK,  J.A. SHEIKH, A. STASZCZAK, M. STOITSOV             *
*             P. TOIVANEN, X.B. WANG, M. ZALEWSKI AND H. ZDUNCZUK             *
*                                                                             *
*                   INSTYTUT FIZYKI TEORETYCZNEJ, WARSZAWA                    *
*                 LAWRENCE LIVERMORE NATIONAL LABORATORY, USA                 *
*                                                                             *
*                                  1993-2016                                  *
*                                                                             *
*******************************************************************************

*******************************************************************************
*                                                                             *
*  CODE COMPILED WITH THE FOLLOWING ARRAY DIMENSIONS AND SWITCHES:            *
*                                                                             *
*******************************************************************************
*                                                                             *
*  NDBASE = 1200  NDSTAT = 1200  NDXHRM =   40  NDYHRM =   40  NDZHRM =   64  *
*                                                                             *
*  NDMAIN =   30  NDMULT =    9  NDMULR =    4  NDLAMB =    9  NDITER = 5000  *
*                                                                             *
*  NDAKNO =    1  NDBKNO =    1  NDPROI =    2  NDCOUL =   80  NDPOLS =   25  *
*                                                                             *
*  NDATKN =   20  NDBTKN =   10  NDPROT =    1  NDPROD =    3                 *
*                                                                             *
*  IPARAL =    0  IPARAT =    0  I_CRAY =    0                                *
*                                                                             *
*                                                                             *
*  PRE-PROCESSOR OPTIONS:                                                     *
*                                                                             *
*       switch_port = 1     switch_diag = 3     switch_essl = 0               *
*                                                                             *
*                           switch_quad = 0     switch_vect = 1               *
*                                                                             *
*******************************************************************************
*                                                                             *
*  EXECUTION BEGINS ON 2016.09.06 AT 12:59:14.799                             *
*                                                                             *
*******************************************************************************
 
*******************************************************************************
*                                                                             *
*  CLASSICAL NUCLEAR SURFACE DEFINED FOR:                    N = 98   Z = 78  *
*                                                                             *
*******************************************************************************
*                                                                             *
*  AL10 =   ZERO  AL11 =   ZERO  .............  .............  .............  *
*                                                                             *
*  AL20 =  0.541  AL21 =   ZERO  AL22 =   ZERO  .............  .............  *
*                                                                             *
*******************************************************************************
*                                                                             *
*                                           HOMEGA=  7.6270  FCHOM0=  1.0425  *
*                                                                             *
*  OSCILLATOR FREQUENCIES: HBAROX=  8.9651  HBAROY=  8.9651  HBAROZ=  5.5202  *
*                                                                             *
*  MOMENTS OF INERTIA:     XMOMFC=106.5638  YMOMFC=106.5638  ZMOMFC= 58.5906  *
*                                                                             *
*  CENTERS OF MASS:        CMSXFC= -0.0000  CMSYFC= -0.0000  CMSZFC= -0.0000  *
*                                                                             *
*******************************************************************************

*******************************************************************************
*                                                                             *
*                           SKYRME FORCE DEFINITION                           *
*                                                                             *
*******************************************************************************
*                                                                             *
* PARAMETER SET HFB1:  T0= -1666.41  T1=   255.23  T2=  1521.28  T3= 12072.51 *
*                                                                             *
* POWER=0.37658031358  X0=  0.14608  X1= -4.82248  X2= -1.35211  X3=  0.00432 *
*                                                                             *
* IETA: J=0  W=1 CM=3  M=1  P=1  T=0 HBM= 20.73553 W0=  44.0677 W0P= 207.6502 *
*                                                                             *
*******************************************************************************

*******************************************************************************
*                                                                             *
*              COUPLING CONSTANTS DEFINING THE SKYRME FUNCTIONAL              *
*                                                                             *
*******************************************************************************
*                                                                             *
*                   TOTAL(T)        SUM(S)      ISOSCALAR(P)  ISOVECTOR(M)    *
*                   --------        ------      ------------  ------------    *
*    CRHO_ =     -894.060074    538.315575       -624.902286    269.157788    *
*    CRHOD =     1008.213640   -507.363897        754.531691   -253.681949    *
*    CLPR_ =       98.335311   -287.870148        -45.599763   -143.935074    *
*    CTAU_ =       33.156062    -48.271535          9.020295    -24.135768    *
*    CSCU_ =        0.000000      0.000000          0.000000      0.000000    *
*    CDIV_ =      -22.033840   -103.825096        -73.946388    -51.912548    *
*                                                                             *
*    CSPI_ =      -60.857026    416.601524        147.443736    208.300762    *
*    CSPID =        2.171385   -503.021127       -249.339179   -251.510564    *
*    CLPS_ =       51.110395     71.467295         86.844042     35.733647    *
*    CCUR_ =      -33.156062     48.271535         -9.020295     24.135768    *
*    CKIS_ =        0.000000      0.000000          0.000000      0.000000    *
*    CROT_ =      -22.033840   -103.825096        -73.946388    -51.912548    *
*                                                                             *
*******************************************************************************

*******************************************************************************
*                                                                             *
*                          NUCLEAR MATTER PROPERTIES                          *
*                                                                             *
*******************************************************************************
*                                                                             *
*     E = -15.8000  rho0 =   0.15625   K =  244.6682   Ms =    0.9364         *
*                   asym =  28.66820   L =   40.1091   Mv =    1.2498         *
*                                                                             *
*******************************************************************************

*******************************************************************************
*                                                                             *
*  PHYSICAL CONSTANTS:     H_BARC=197.32891000           HBCOE2=137.03602000  *
*                                                                             *
*                          XMASSN=938.90590000           XMASSP=938.27231000  *
*                                                                             *
*                          HBMASS= 20.73553000           HBMRPA= 20.73553000  *
*                                                                             *
*                          ECHAR2=  1.43997841           COULEX= -1.06350868  *
*                                                                             *
*******************************************************************************
*                                                                             *
*  OSCILLATOR LENGTHS:     X= 2.1508074      Y= 2.1508074       Z= 2.7409590  *
*                                                                             *
*  OSCILLATOR CONSTANTS:   X= 0.4649417      Y= 0.4649417       Z= 0.3648358  *
*                                                                             *
*  OSCILLATOR FREQUENCIES: X= 8.9651244      Y= 8.9651244       Z= 5.5201935  *
*                                                                             *
*******************************************************************************
*                                                                             *
*  BASIS CUT-OFF CONTROL PARAMETERS:  NXMAXX = 14  NYMAXX = 14  NZMAXX =  24  *
*                                                                             *
*                                     NXHERM = 36  NYHERM = 36  NZHERM =  60  *
*                                                                             *
*                                     NLIMIT=1140  LDBASE=1140  MCOUNT=29791  *
*                                                                             *
*                                     ENECUT= 800.0000      ELIMIT= 144.8324  *
*                                                                             *
*******************************************************************************

*******************************************************************************
*                                                                             *
*   SHAPE OF THE OSCILLATOR-BASIS DIAMOND    (THREE CONSECUTIVE PROJECTIONS)  *
*                                                                             *
*******************************************************************************
*                                                                             *
*        NX ===>>>  0  1  2  3  4  5  6  7  8  9 10 11 12 13 14               *
*        MAX.NY => 14 13 12 11 10  9  8  7  6  5  4  3  2  1  0               *
*                 ---------------------------------------------               *
*   NY= 0  (14)  | 24 22 20 19 17 15 14 12 11  9  7  6  4  3  1               *
*   NY= 1  (13)  | 22 20 19 17 15 14 12 11  9  7  6  4  3  1                  *
*   NY= 2  (12)  | 20 19 17 15 14 12 11  9  7  6  4  3  1                     *
*   NY= 3  (11)  | 19 17 15 14 12 11  9  7  6  4  3  1                        *
*   NY= 4  (10)  | 17 15 14 12 11  9  7  6  4  3  1                           *
*   NY= 5  ( 9)  | 15 14 12 11  9  7  6  4  3  1                              *
*   NY= 6  ( 8)  | 14 12 11  9  7  6  4  3  1                                 *
*   NY= 7  ( 7)  | 12 11  9  7  6  4  3  1                                    *
*   NY= 8  ( 6)  | 11  9  7  6  4  3  1                                       *
*   NY= 9  ( 5)  |  9  7  6  4  3  1                                          *
*   NY=10  ( 4)  |  7  6  4  3  1                                             *
*   NY=11  ( 3)  |  6  4  3  1                                                *
*   NY=12  ( 2)  |  4  3  1                                                   *
*   NY=13  ( 1)  |  3  1                                                      *
*   NY=14  ( 0)  |  1                                                         *
*                                                                             *
*                                                                             *
*        NZ ===>>>  0  1  2  3  4  5  6  7  8  9 10 11 12 13 14 15 16 17 18   *
*        MAX.NY => 14 14 13 13 12 11 11 10  9  9  8  8  7  6  6  5  4  4  3   *
*                 ---------------------------------------------------------   *
*   NY= 0  (24)  | 14 14 13 13 12 11 11 10  9  9  8  8  7  6  6  5  4  4  3   *
*   NY= 1  (22)  | 13 13 12 12 11 10 10  9  8  8  7  7  6  5  5  4  3  3  2   *
*   NY= 2  (20)  | 12 12 11 11 10  9  9  8  7  7  6  6  5  4  4  3  2  2  1   *
*   NY= 3  (19)  | 11 11 10 10  9  8  8  7  6  6  5  5  4  3  3  2  1  1  0   *
*   NY= 4  (17)  | 10 10  9  9  8  7  7  6  5  5  4  4  3  2  2  1  0  0      *
*   NY= 5  (15)  |  9  9  8  8  7  6  6  5  4  4  3  3  2  1  1  0            *
*   NY= 6  (14)  |  8  8  7  7  6  5  5  4  3  3  2  2  1  0  0               *
*   NY= 7  (12)  |  7  7  6  6  5  4  4  3  2  2  1  1  0                     *
*   NY= 8  (11)  |  6  6  5  5  4  3  3  2  1  1  0  0                        *
*   NY= 9  ( 9)  |  5  5  4  4  3  2  2  1  0  0                              *
*   NY=10  ( 7)  |  4  4  3  3  2  1  1  0                                    *
*   NY=11  ( 6)  |  3  3  2  2  1  0  0                                       *
*   NY=12  ( 4)  |  2  2  1  1  0                                             *
*   NY=13  ( 3)  |  1  1  0  0                                                *
*   NY=14  ( 1)  |  0  0                                                      *
*                                                                             *
*                                                                             *
*        NZ ===>>>  0  1  2  3  4  5  6  7  8  9 10 11 12 13 14 15 16 17 18   *
*        MAX.NX => 14 14 13 13 12 11 11 10  9  9  8  8  7  6  6  5  4  4  3   *
*                 ---------------------------------------------------------   *
*   NX= 0  (24)  | 14 14 13 13 12 11 11 10  9  9  8  8  7  6  6  5  4  4  3   *
*   NX= 1  (22)  | 13 13 12 12 11 10 10  9  8  8  7  7  6  5  5  4  3  3  2   *
*   NX= 2  (20)  | 12 12 11 11 10  9  9  8  7  7  6  6  5  4  4  3  2  2  1   *
*   NX= 3  (19)  | 11 11 10 10  9  8  8  7  6  6  5  5  4  3  3  2  1  1  0   *
*   NX= 4  (17)  | 10 10  9  9  8  7  7  6  5  5  4  4  3  2  2  1  0  0      *
*   NX= 5  (15)  |  9  9  8  8  7  6  6  5  4  4  3  3  2  1  1  0            *
*   NX= 6  (14)  |  8  8  7  7  6  5  5  4  3  3  2  2  1  0  0               *
*   NX= 7  (12)  |  7  7  6  6  5  4  4  3  2  2  1  1  0                     *
*   NX= 8  (11)  |  6  6  5  5  4  3  3  2  1  1  0  0                        *
*   NX= 9  ( 9)  |  5  5  4  4  3  2  2  1  0  0                              *
*   NX=10  ( 7)  |  4  4  3  3  2  1  1  0                                    *
*   NX=11  ( 6)  |  3  3  2  2  1  0  0                                       *
*   NX=12  ( 4)  |  2  2  1  1  0                                             *
*   NX=13  ( 3)  |  1  1  0  0                                                *
*   NX=14  ( 1)  |  0  0                                                      *
*                                                                             *
*******************************************************************************

*******************************************************************************
*                                                                             *
* NUCLIDE: N =  98  Z =  78  NUMBER OF ITERATIONS = 1000   CONTINUATION? = 1  *
*                                                                             *
*******************************************************************************
*                                                                             *
* ITERATIONS WILL STOP WHEN THE STABILITY BECOMES LOWER THAN EPSITE=0.300000  *
*                                            FOR    5 CONSECUTIVE ITERATIONS  *
*                                                                             *
*******************************************************************************
*                                                                             *
* ITERATIONS WILL STOP WHEN THE PING-PONG DIVERGENCE OCCURS FOR EPSPNG=0.010  *
*                                DURING    5 PAIRS OF CONSECUTIVE ITERATIONS  *
*                                                                             *
*******************************************************************************
*                                                                             *
* ITERATIONS WILL STOP FOR CHAOTIC-DIVERGENCE CONDITION OCCURING   20  TIMES  *
*                                                                             *
*******************************************************************************
*                                                                             *
* SLOW-DOWN PARAMETERS:                                                       *
* TIME-EVEN = 0.85   TIME-ODD = 0.85   PAIRING = 0.85   LIPKIN-NOGAMI = 0.85  *
*                    LIP-MASS = 0.50   LIP-MOI = 0.50   LIPKIN-METHOD = 0.50  *
*                                                                             *
*******************************************************************************
*                                                                             *
* BROYDEN METHOD IS:  ON                                                      *
*                                                                             *
*    TRIGGERED ONLY WHEN STABILITY IS LOWER THAN :  1000.000 MEV              *
*    INITIAL SLOWING FACTOR (BEFORE TRIGGER)     :     0.85 (=SLOWEV)         *
*    BROYDEN SLOWING FACTOR (AFTER  TRIGGER)     :     0.40 (=1-ALPHAM)       *
*    NUMBER OF ITERATIONS RETAINED IN MEMORY     :    10                      *
*                                                                             *
*******************************************************************************
*                                                                             *
* DIRECT COULOMB TERMS SOLVED BY GREEN FUNCTION AND FOURIER TRANSFORM METHOD  *
* COULOMB PARAMETERS:  NUMCOU = 80  NUMETA = 79  BOUCOU = 20.0  FURMAX =0.25  *
*                                                                             *
*******************************************************************************
*                                                                             *
* EXCHANGE COULOMB TERMS TREATED BY THE SLATER APPROXIMATION                  *
*                                                                             *
*******************************************************************************
*                                                                             *
* MAXIMUM NUMBERS OF MULTIPOLE MOMENTS USED FOR THE CONSTRAINTS,    NMUCON=4  *
*                                           FOR THE COULOMB FIELD,  NMUCOU=4  *
*                                           FOR THE OUTPUT INFO,    NMUPRI=4  *
*                                                                             *
*******************************************************************************
*                                                                             *
* MULTIPOLE CONSTRAINTS: LAMBDA= 2  MIU= 0  MOMENT=117.000  STIFFNESS= 0.500  *
*                        LAMBDA= 3  MIU= 0  MOMENT= 50.000  STIFFNESS= 0.500  *
*                                                                             *
*******************************************************************************
*                                                                             *
* LINEAR MULTIPOLE CONSTRAINTS: LAMBDA= 2  MIU= 0  LAGRANGE PAR. USED= 0.000  *
*                               LAMBDA= 3  MIU= 0  LAGRANGE PAR. USED= 0.000  *
*                                                                             *
*******************************************************************************
*                                                                             *
* THE LAGRANGE PARAMETERS OF THE LINEAR CONSTRAINTS ARE RE-ADJUSTED AT EACH   *
* ITERATION BY USING THE CRANKING APPROXIMATION OF THE RPA MATRIX             *
*                                                                             *
*******************************************************************************
*                                                                             *
* PRINTING THE RESULTS FOR THE FOLLOWING ITERATIONS:         THE  FIRST: YES  *
*                                                            THE MIDDLE:  NO  *
*                                                     AND/OR THE   LAST: YES  *
*                                                                             *
*******************************************************************************
*                                                                             *
* PRINTING THE MOMENTS, RADII, AND DEFORMATIONS FOR:           NEUTRONS: YES  *
*                                                              PROTONS : YES  *
*                                                              MASS    : YES  *
*                                                                             *
*******************************************************************************
*                                                                             *
* PRINTING THE MOMENTS, MOMENTA AND DEFORMATIONS IN THE INTRINSIC FRAME: YES  *
*                                                                             *
*******************************************************************************
*                                                                             *
* NILSSON LABELS OF SINGLE-PARTICLE STATES SHOWN WITH RESPECT TO THE: Z-AXIS  *
*                                                                             *
*******************************************************************************
*                                                                             *
* CALCULATIONS WITH THE HFB PAIRING CORRELATIONS                              *
*                                                                             *
*******************************************************************************
*                                                                             *
* CONTACT PAIRING INTERACTION:     V0        V1       RHO-SAT      POWER      *
*                    NEUTRONS:  -234.380   732.438     0.320     1.0000000    *
*                     PROTONS:  -260.437   813.866     0.320     1.0000000    *
*                                                                             *
*******************************************************************************
*                                                                             *
* CUTOFF ENERGY DEFINING THE ACTIVE HFB PAIRING SPACE=      60.000            *
*                                                                             *
*******************************************************************************
*                                                                             *
* CALCULATIONS WITH SIMPLEX SYMMETRY                                          *
*                                                                             *
*******************************************************************************
*                                                                             *
* CALCULATIONS WITH TIME-ODD SYMMETRIES:        T*SIMPLEX_X =>     CONSERVED  *
*                                               T*SIMPLEX_Y =>     CONSERVED  *
*                                               T*SIMPLEX_Z => NON CONSERVED  *
*                                                                             *
*******************************************************************************
*                                                                             *
* CALCULATIONS WITHOUT ROTATION                                               *
*                                                                             *
*******************************************************************************

*******************************************************************************
*                                                                             *
*  CALLING SUBROUTINE "RECORD" TO READ THE REPLAY FILE OBTAINED PREVIOUSLY    *
*  ./restart/HFODD_00000056.REC                                               *
*                                                                             *
*******************************************************************************

*******************************************************************************
*                                                                             *
*  SINGLE-QUASIPARTICLE PROPERTIES:                                NEUTRONS   *
*                                                                             *
*******************************************************************************
*                                                                             *
*  NO)   ENERGY   (S=+,S=-)       PARITY   V2QUAP   EEQUIV   DEQUIV   V_CORR  *
*                                                                             *
*  53)    9.666   (  0, 27)       -0.832  0.99825  -19.200    0.809  0.99983  *
*  54)    9.666   ( 27,  0)       -0.832  0.99825  -19.200    0.809  0.99983  *
*  55)    9.176   ( 28,  0)        0.339  0.99881  -18.721    0.633  0.99988  *
*  56)    9.176   (  0, 28)        0.339  0.99881  -18.721    0.633  0.99988  *
*  57)    8.956   ( 29,  0)        0.325  0.99903  -18.506    0.556  0.99990  *
*  58)    8.956   (  0, 29)        0.325  0.99903  -18.506    0.556  0.99990  *
*  59)    8.441   ( 30,  0)        0.365  0.99798  -17.974    0.758  0.99977  *
*  60)    8.441   (  0, 30)        0.365  0.99798  -17.974    0.758  0.99977  *
*  61)    8.171   (  0, 31)        0.425  0.99102  -17.591    1.542  0.99893  *
*  62)    8.171   ( 31,  0)        0.425  0.99102  -17.591    1.542  0.99893  *
*  63)    7.191   ( 32,  0)       -0.316  0.99569  -16.697    0.943  0.99940  *
*  64)    7.191   (  0, 32)       -0.316  0.99569  -16.697    0.943  0.99940  *
*  65)    6.642   (  0, 33)       -0.211  0.99756  -16.177    0.655  0.99963  *
*  66)    6.642   ( 33,  0)       -0.211  0.99756  -16.177    0.655  0.99963  *
*  67)    6.573   (  0, 34)       -0.242  0.99364  -16.057    1.045  0.99902  *
*  68)    6.573   ( 34,  0)       -0.242  0.99364  -16.057    1.045  0.99902  *
*  69)    6.609   (  0, 35)       -0.432  0.97170  -15.802    2.192  0.99569  *
*  70)    6.609   ( 35,  0)       -0.432  0.97170  -15.802    2.192  0.99569  *
*  71)    6.280   (  0, 36)       -0.555  0.97808  -15.572    1.839  0.99644  *
*  72)    6.280   ( 36,  0)       -0.555  0.97808  -15.572    1.839  0.99644  *
*  73)    6.019   (  0, 37)        0.694  0.99709  -15.552    0.649  0.99950  *
*  74)    6.019   ( 37,  0)        0.694  0.99709  -15.552    0.649  0.99950  *
*  75)    5.167   (  0, 38)       -0.520  0.99697  -14.703    0.568  0.99937  *
*  76)    5.167   ( 38,  0)       -0.520  0.99697  -14.703    0.568  0.99937  *
*  77)    5.923   (  0, 39)       -0.481  0.92261  -14.574    3.166  0.98683  *
*  78)    5.923   ( 39,  0)       -0.481  0.92261  -14.574    3.166  0.98683  *
*  79)    4.176   (  0, 40)       -0.254  0.99152  -13.673    0.766  0.99765  *
*  80)    4.176   ( 40,  0)       -0.254  0.99152  -13.673    0.766  0.99765  *
*  81)    3.676   ( 41,  0)       -0.117  0.99624  -13.216    0.450  0.99875  *
*  82)    3.676   (  0, 41)       -0.117  0.99624  -13.216    0.450  0.99875  *
*  83)    3.430   ( 42,  0)       -0.255  0.99420  -12.957    0.521  0.99787  *
*  84)    3.430   (  0, 42)       -0.255  0.99420  -12.957    0.521  0.99787  *
*  85)    2.910   (  0, 43)        0.259  0.99390  -12.442    0.453  0.99710  *
*  86)    2.910   ( 43,  0)        0.259  0.99390  -12.442    0.453  0.99710  *
*  87)    2.755   (  0, 44)        0.266  0.97543  -12.187    0.853  0.98757  *
*  88)    2.755   ( 44,  0)        0.266  0.97543  -12.187    0.853  0.98757  *
*  89)    2.333   ( 45,  0)        0.448  0.99052  -11.856    0.452  0.99345  *
*  90)    2.333   (  0, 45)        0.448  0.99052  -11.856    0.452  0.99345  *
*  91)    2.244   (  0, 46)        0.111  0.98873  -11.761    0.474  0.99166  *
*  92)    2.244   ( 46,  0)        0.111  0.98873  -11.761    0.474  0.99166  *
*  93)    2.153   ( 47,  0)       -0.627  0.98804  -11.669    0.468  0.99042  *
*  94)    2.153   (  0, 47)       -0.627  0.98804  -11.669    0.468  0.99042  *
*  95)    1.231   (  0, 48)       -0.143  0.92652  -10.617    0.642  0.84522  *
*  96)    1.231   ( 48,  0)       -0.143  0.92652  -10.617    0.642  0.84522  *
*  97)    1.339   ( 49,  0)       -0.263  0.88929  -10.610    0.840  0.83665  *
*  98)    1.339   (  0, 49)       -0.263  0.88929  -10.610    0.840  0.83665  *
*  99)    0.925   (  0, 50)        0.711  0.92629  -10.356    0.483  0.70232  *
* 100)    0.925   ( 50,  0)        0.711  0.92629  -10.356    0.483  0.70232  *
* 101)    0.852   ( 51,  0)        0.221  0.92198  -10.287    0.457  0.64386  *
* 102)    0.852   (  0, 51)        0.221  0.92198  -10.287    0.457  0.64386  *
* 103)    0.496   (  0, 52)       -0.378  0.22013   -9.290    0.411  0.37684  *
* 104)    0.496   ( 52,  0)       -0.378  0.22013   -9.290    0.411  0.37684  *
* 105)    0.830   (  0, 53)       -0.026  0.07061   -8.855    0.425  0.50445  *
* 106)    0.830   ( 53,  0)       -0.026  0.07061   -8.855    0.425  0.50445  *
* 107)    1.259   (  0, 54)       -0.124  0.09555   -8.549    0.740  0.61227  *
* 108)    1.259   ( 54,  0)       -0.124  0.09555   -8.549    0.740  0.61227  *
* 109)    1.271   ( 55,  0)        0.147  0.06896   -8.471    0.644  0.61191  *
* 110)    1.271   (  0, 55)        0.147  0.06896   -8.471    0.644  0.61191  *
* 111)    1.584   (  0, 56)        0.184  0.01673   -8.037    0.406  0.65793  *
* 112)    1.584   ( 56,  0)        0.184  0.01673   -8.037    0.406  0.65793  *
* 113)    2.124   (  0, 57)       -0.494  0.01115   -7.491    0.446  0.72030  *
* 114)    2.124   ( 57,  0)       -0.494  0.01115   -7.491    0.446  0.72030  *
* 115)    2.217   (  0, 58)       -0.371  0.00871   -7.389    0.412  0.72857  *
* 116)    2.217   ( 58,  0)       -0.371  0.00871   -7.389    0.412  0.72857  *
* 117)    2.269   ( 59,  0)        0.063  0.01214   -7.354    0.497  0.73352  *
* 118)    2.269   (  0, 59)        0.063  0.01214   -7.354    0.497  0.73352  *
* 119)    2.284   ( 60,  0)        0.458  0.01004   -7.329    0.456  0.73461  *
* 120)    2.284   (  0, 60)        0.458  0.01004   -7.329    0.456  0.73461  *
* 121)    2.666   (  0, 61)        0.119  0.00419   -6.924    0.344  0.76300  *
* 122)    2.666   ( 61,  0)        0.119  0.00419   -6.924    0.344  0.76300  *
* 123)    2.723   ( 62,  0)        0.012  0.00752   -6.886    0.471  0.76721  *
* 124)    2.723   (  0, 62)        0.012  0.00752   -6.886    0.471  0.76721  *
* 125)    2.935   ( 63,  0)        0.031  0.02291   -6.767    0.878  0.78215  *
* 126)    2.935   (  0, 63)        0.031  0.02291   -6.767    0.878  0.78215  *
* 127)    2.938   ( 64,  0)       -0.829  0.00677   -6.669    0.482  0.78045  *
* 128)    2.938   (  0, 64)       -0.829  0.00677   -6.669    0.482  0.78045  *
* 129)    3.317   ( 65,  0)        0.495  0.00312   -6.271    0.370  0.80015  *
* 130)    3.317   (  0, 65)        0.495  0.00312   -6.271    0.370  0.80015  *
* 131)    3.590   ( 66,  0)        0.185  0.00359   -6.004    0.429  0.81256  *
* 132)    3.590   (  0, 66)        0.185  0.00359   -6.004    0.429  0.81256  *
* 133)    4.258   ( 67,  0)        0.001  0.00792   -5.377    0.755  0.83764  *
* 134)    4.258   (  0, 67)        0.001  0.00792   -5.377    0.755  0.83764  *
* 135)    4.235   ( 68,  0)       -0.085  0.00370   -5.364    0.514  0.83647  *
* 136)    4.235   (  0, 68)       -0.085  0.00370   -5.364    0.514  0.83647  *
* 137)    5.879   ( 69,  0)       -0.428  0.07699   -4.594    3.134  0.88320  *
* 138)    5.879   (  0, 69)       -0.428  0.07699   -4.594    3.134  0.88320  *
* 139)    5.522   (  0, 70)        0.322  0.00239   -4.072    0.539  0.86952  *
* 140)    5.522   ( 70,  0)        0.322  0.00239   -4.072    0.539  0.86952  *
* 141)    5.890   ( 71,  0)       -0.259  0.00108   -3.690    0.387  0.87656  *
* 142)    5.890   (  0, 71)       -0.259  0.00108   -3.690    0.387  0.87656  *
* 143)    6.257   ( 72,  0)       -0.438  0.02208   -3.587    1.839  0.88475  *
* 144)    6.257   (  0, 72)       -0.438  0.02208   -3.587    1.839  0.88475  *
* 145)    6.171   (  0, 73)        0.204  0.00144   -3.414    0.467  0.88154  *
* 146)    6.171   ( 73,  0)        0.204  0.00144   -3.414    0.467  0.88154  *
* 147)    6.347   ( 74,  0)        0.558  0.00237   -3.250    0.617  0.88454  *
* 148)    6.347   (  0, 74)        0.558  0.00237   -3.250    0.617  0.88454  *
* 149)    6.715   ( 75,  0)       -0.467  0.02601   -3.202    2.138  0.89211  *
* 150)    6.715   (  0, 75)       -0.467  0.02601   -3.202    2.138  0.89211  *
* 151)    6.823   (  0, 76)       -0.428  0.00608   -2.828    1.061  0.89201  *
* 152)    6.823   ( 76,  0)       -0.428  0.00608   -2.828    1.061  0.89201  *
* 153)    6.953   ( 77,  0)       -0.511  0.00106   -2.629    0.453  0.89342  *
* 154)    6.953   (  0, 77)       -0.511  0.00106   -2.629    0.453  0.89342  *
* 155)    6.976   (  0, 78)        0.188  0.00161   -2.613    0.559  0.89378  *
* 156)    6.976   ( 78,  0)        0.188  0.00161   -2.613    0.559  0.89378  *
* 157)    7.066   ( 79,  0)       -0.243  0.00586   -2.584    1.078  0.89532  *
* 158)    7.066   (  0, 79)       -0.243  0.00586   -2.584    1.078  0.89532  *
* 159)    7.455   (  0, 80)        0.172  0.00060   -2.121    0.365  0.89984  *
* 160)    7.455   ( 80,  0)        0.172  0.00060   -2.121    0.365  0.89984  *
* 161)    8.218   ( 81,  0)        0.306  0.00874   -1.493    1.530  0.90887  *
* 162)    8.218   (  0, 81)        0.306  0.00874   -1.493    1.530  0.90887  *
* 163)    8.260   (  0, 82)        0.330  0.00159   -1.333    0.657  0.90879  *
* 164)    8.260   ( 82,  0)        0.330  0.00159   -1.333    0.657  0.90879  *
* 165)    8.821   ( 83,  0)       -0.369  0.00070   -0.759    0.466  0.91403  *
* 166)    8.821   (  0, 83)       -0.369  0.00070   -0.759    0.466  0.91403  *
* 167)    9.130   ( 84,  0)        0.374  0.00057   -0.448    0.437  0.91669  *
* 168)    9.130   (  0, 84)        0.374  0.00057   -0.448    0.437  0.91669  *
* 169)    9.316   (  0, 85)       -0.312  0.00061   -0.262    0.460  0.91822  *
* 170)    9.316   ( 85,  0)       -0.312  0.00061   -0.262    0.460  0.91822  *
* 171)    9.459   (  0, 86)       -0.695  0.00098   -0.127    0.592  0.91938  *
* 172)    9.459   ( 86,  0)       -0.695  0.00098   -0.127    0.592  0.91938  *
* 173)    9.796   (  0, 87)       -0.475  0.00092    0.211    0.593  0.92193  *
* 174)    9.796   ( 87,  0)       -0.475  0.00092    0.211    0.593  0.92193  *
* 175)    9.916   ( 88,  0)       -0.193  0.00127    0.323    0.707  0.92282  *
* 176)    9.916   (  0, 88)       -0.193  0.00127    0.323    0.707  0.92282  *
*                                                                             *
*1750)   TOTAL=  ( 875, 875)                                                  *
*                                                                             *
*******************************************************************************

*******************************************************************************
*                                                                             *
*  SINGLE-PARTICLE PROPERTIES: CANONICAL                           NEUTRONS   *
*                                                                             *
*******************************************************************************
*                                                                             *
*  NO)   ENERGY   (S=+,S=-)   | N,nz,lz,OMEz>   <P>    <JY>    <SY>   GFACT   *
*                                                                             *
*  45)  -11.937   ( 45,---)   | 6, 4, 0, 1/2>    48  -0.678  -0.429   0.633   *
*  46)  -11.773   ( 46,---)   | 3, 0, 1, 3/2>    17  -0.000   0.000  -0.325   *
*  47)  -11.672   ( 47,---)   | 5, 3, 2, 5/2>   -62   0.000  -0.000  -0.056   *
*  48)  -10.807   ( 48,---)   | 3, 0, 3, 5/2>   -26   0.000  -0.000  -0.064   *
*  49)  -10.718   ( 49,---)   | 3, 0, 1, 1/2>   -13   0.224  -0.062  -0.275   *
*  50)  -10.356   ( 50,---)   | 6, 3, 3, 7/2>    70   0.000  -0.000  -0.112   *
*  51)  -10.287   ( 51,---)   | 6, 4, 2, 3/2>    22  -0.000   0.000  -0.000   *
*  52)   -9.286   ( 52,---)   | 5, 2, 1, 3/2>   -37   0.000  -0.000  -2.931   *
*  53)   -8.846   ( 53,---)   | 8, 7, 1, 1/2>    -2  -1.526  -0.308   0.202   *
*  54)   -8.353   ( 54,---)   | 7, 6, 1, 1/2>   -12   0.164  -0.161  -0.981   *
*  55)   -8.272   ( 55,---)   | 4, 0, 2, 5/2>    30   0.000   0.000   3.593   *
*  56)   -7.979   ( 56,---)   | 8, 8, 0, 1/2>     7  -0.755  -0.203   0.269   *
*  57)   -7.450   ( 57,---)   | 7, 5, 2, 3/2>   -49   0.000  -0.000  -0.005   *
*  58)   -7.319   ( 58,---)   | 8, 6, 2, 5/2>    41  -0.000   0.000  -0.069   *
*  59)   -7.271   ( 59,---)   | 5, 2, 1, 1/2>   -26  -0.346  -0.321   0.928   *
*  60)   -7.265   ( 60,---)   | 4, 0, 4, 9/2>    38   0.000   0.000   0.919   *
*  61)   -6.816   ( 61,---)   | 5, 2, 3, 5/2>   -17   0.000   0.000   0.476   *
*  62)   -6.677   ( 62,---)   | 4, 0, 0, 1/2>    26  -0.186  -0.461   2.483   *
*  63)   -6.590   ( 63,---)   | 7, 4, 3, 7/2>   -78   0.000   0.000   0.001   *
*  64)   -6.442   ( 64,---)   | 6, 3, 1, 3/2>    68  -0.000  -0.000   1.637   *
*  65)   -6.030   ( 65,---)   | 4, 0, 2, 3/2>    37   0.000  -0.000  -1.416   *
*  66)   -5.820   ( 66,---)   | 4, 0, 4, 7/2>    33  -0.000  -0.000   1.002   *
*  67)   -5.197   ( 67,---)   | 8, 7, 1, 3/2>    11  -0.000  -0.000   0.106   *
*  68)   -5.023   ( 68,---)   | 6, 3, 1, 1/2>    69   0.192  -0.073  -0.381   *
*  69)   -3.752   ( 69,---)   | 6, 3, 3, 5/2>    59   0.000   0.000   0.114   *
*  70)   -3.429   ( 70,---)   | 8, 6, 0, 1/2>    14  -1.279  -0.300   0.235   *
*  71)   -3.232   ( 71,---)   | 5, 0, 5,11/2>   -34   0.000  -0.000  -0.003   *
*  72)   -3.081   ( 72,---)   | 5, 1, 4, 9/2>     0   0.000   0.000   0.910   *
*  73)   -2.962   ( 73,---)   | 8, 7, 1, 1/2>    15   0.184  -0.221  -1.205   *
*  74)   -2.560   ( 74,---)   | 8, 6, 2, 3/2>    32  -0.000   0.000  -0.257   *
*  75)   -2.476   ( 75,---)   | 8, 6, 2, 5/2>   -23   0.000  -0.000  -0.155   *
*  76)   -2.197   ( 76,---)   | 4, 0, 2, 5/2>    38   0.000   0.000   0.777   *
*  77)   -2.173   ( 77,---)   | 8, 5, 3, 7/2>    71  -0.000  -0.000   0.165   *
*  78)   -2.026   ( 78,---)   | 7, 4, 1, 3/2>   -65  -0.000  -0.000   0.996   *
*  79)   -1.863   ( 79,---)   | 9, 9, 0, 1/2>   -44  -1.820  -0.399   0.219   *
*  80)   -0.611   ( 80,---)   | 7, 4, 1, 1/2>   -50   0.344  -0.098  -0.285   *
*  81)   -0.296   ( 81,---)   | 4, 0, 0, 1/2>    23  -0.087  -0.428   4.931   *
*  82)   -0.162   ( 82,---)   | 7, 3, 4, 9/2>   -50   0.000   0.000   0.268   *
*                                                                             *
*******************************************************************************

*******************************************************************************
*                                                                             *
*  HFB PAIRING PROPERTIES                                           NEUTRONS  *
*                                                                             *
*  STRENGTH= 0.0928   GAP=-0.4522   FERMI ENERGY=-10.3976   ENERGY=  -2.2033  *
*                                                                             *
*******************************************************************************

*******************************************************************************
*                                                                             *
*  MULTIPOLE MOMENTS [UNITS:  (10 FERMI)^LAMBDA]                    NEUTRONS  *
*                                                                             *
*******************************************************************************
*                                                                             *
*  Q00 = 98.0000  .............  .............  .............  .............  *
*                                                                             *
*  Q10 =  2.0629  Q11 =    ZERO  .............  .............  .............  *
*                                                                             *
*  Q20 = 54.5903  Q21 =    ZERO  Q22 =-1.7E-06  .............  .............  *
*                                                                             *
*  Q30 =  5.8495  Q31 =    ZERO  Q32 = 5.0E-08  Q33 =    ZERO  .............  *
*                                                                             *
*  Q40 = 11.9384  Q41 =    ZERO  Q42 = 1.0E-06  Q43 =    ZERO  Q44 =-2.7E-07  *
*                                                                             *
*******************************************************************************

*******************************************************************************
*                                                                             *
*  ROOT-MEAN-SQUARE AND GEOMETRIC SIZES IN FERMIS                   NEUTRONS  *
*                                                                             *
*  R_RMS =  6.6744     X_RMS =  2.3590    Y_RMS =  2.3590    Z_RMS =  5.7808  *
*                                                                             *
*  R_GEO =  8.6166     X_GEO =  5.2749    Y_GEO =  5.2749    Z_GEO = 12.9262  *
*                                                                             *
*******************************************************************************

*******************************************************************************
*                                                                             *
*  BOHR DEFORMATIONS (FIRST-ORDER APPROXIMATION)                    NEUTRONS  *
*                                                                             *
*******************************************************************************
*                                                                             *
*  B10 =  0.0500  B11 =    ZERO  .............  .............  .............  *
*                                                                             *
*  B20 =  0.9912  B21 =    ZERO  B22 =-3.1E-08  .............  .............  *
*                                                                             *
*  B30 =  0.3908  B31 =    ZERO  B32 = 4.8E-09  B33 =    ZERO  .............  *
*                                                                             *
*  B40 =  0.9257  B41 =    ZERO  B42 = 1.1E-07  B43 =    ZERO  B44 =-2.9E-08  *
*                                                                             *
*******************************************************************************
*                                                                             *
*  BOHR DENSITY = 0.0366 FM^(-3)  BOHR RADIUS =   8.6166 FM                   *
*                                                                             *
*******************************************************************************

*******************************************************************************
*                                                                             *
*  SINGLE-QUASIPARTICLE PROPERTIES:                                 PROTONS   *
*                                                                             *
*******************************************************************************
*                                                                             *
*  NO)   ENERGY   (S=+,S=-)       PARITY   V2QUAP   EEQUIV   DEQUIV   V_CORR  *
*                                                                             *
*  37)    9.651   (  0, 19)       -0.077  0.99855  -12.353    0.736  0.99991  *
*  38)    9.651   ( 19,  0)       -0.077  0.99855  -12.353    0.736  0.99991  *
*  39)    8.820   (  0, 20)       -0.575  0.99863  -11.526    0.653  0.99990  *
*  40)    8.820   ( 20,  0)       -0.575  0.99863  -11.526    0.653  0.99990  *
*  41)    8.551   ( 21,  0)        0.573  0.99922  -11.268    0.478  0.99994  *
*  42)    8.551   (  0, 21)        0.573  0.99922  -11.268    0.478  0.99994  *
*  43)    7.711   (  0, 22)        0.210  0.99901  -10.426    0.485  0.99992  *
*  44)    7.711   ( 22,  0)        0.210  0.99901  -10.426    0.485  0.99992  *
*  45)    7.300   ( 23,  0)       -0.041  0.99912  -10.017    0.434  0.99992  *
*  46)    7.300   (  0, 23)       -0.041  0.99912  -10.017    0.434  0.99992  *
*  47)    6.699   ( 24,  0)       -0.288  0.99892   -9.415    0.441  0.99990  *
*  48)    6.699   (  0, 24)       -0.288  0.99892   -9.415    0.441  0.99990  *
*  49)    6.652   (  0, 25)        0.232  0.99864   -9.364    0.491  0.99987  *
*  50)    6.652   ( 25,  0)        0.232  0.99864   -9.364    0.491  0.99987  *
*  51)    5.718   ( 26,  0)       -0.836  0.99824   -8.428    0.480  0.99980  *
*  52)    5.718   (  0, 26)       -0.836  0.99824   -8.428    0.480  0.99980  *
*  53)    5.164   (  0, 27)        0.285  0.99324   -7.824    0.846  0.99914  *
*  54)    5.164   ( 27,  0)        0.285  0.99324   -7.824    0.846  0.99914  *
*  55)    4.904   ( 28,  0)        0.436  0.98068   -7.444    1.350  0.99738  *
*  56)    4.904   (  0, 28)        0.436  0.98068   -7.444    1.350  0.99738  *
*  57)    4.722   (  0, 29)        0.437  0.99757   -7.429    0.465  0.99965  *
*  58)    4.722   ( 29,  0)        0.437  0.99757   -7.429    0.465  0.99965  *
*  59)    4.419   ( 30,  0)        0.353  0.99685   -7.121    0.495  0.99951  *
*  60)    4.419   (  0, 30)        0.353  0.99685   -7.121    0.495  0.99951  *
*  61)    2.806   ( 31,  0)       -0.484  0.99341   -5.499    0.454  0.99818  *
*  62)    2.806   (  0, 31)       -0.484  0.99341   -5.499    0.454  0.99818  *
*  63)    2.537   (  0, 32)       -0.058  0.99253   -5.229    0.437  0.99762  *
*  64)    2.537   ( 32,  0)       -0.058  0.99253   -5.229    0.437  0.99762  *
*  65)    2.294   ( 33,  0)       -0.280  0.99153   -4.985    0.420  0.99688  *
*  66)    2.294   (  0, 33)       -0.280  0.99153   -4.985    0.420  0.99688  *
*  67)    2.139   (  0, 34)       -0.333  0.97910   -4.780    0.612  0.99155  *
*  68)    2.139   ( 34,  0)       -0.333  0.97910   -4.780    0.612  0.99155  *
*  69)    2.079   (  0, 35)        0.489  0.98788   -4.759    0.455  0.99483  *
*  70)    2.079   ( 35,  0)        0.489  0.98788   -4.759    0.455  0.99483  *
*  71)    2.000   ( 36,  0)       -0.663  0.98893   -4.686    0.419  0.99497  *
*  72)    2.000   (  0, 36)       -0.663  0.98893   -4.686    0.419  0.99497  *
*  73)    1.329   (  0, 37)       -0.431  0.96537   -3.966    0.486  0.96916  *
*  74)    1.329   ( 37,  0)       -0.431  0.96537   -3.966    0.486  0.96916  *
*  75)    1.167   ( 38,  0)       -0.346  0.96989   -3.827    0.399  0.96445  *
*  76)    1.167   (  0, 38)       -0.346  0.96989   -3.827    0.399  0.96445  *
*  79)    0.513   (  0, 40)       -0.302  0.58887   -2.821    0.505  0.52289  *
*  80)    0.513   ( 40,  0)       -0.302  0.58887   -2.821    0.505  0.52289  *
*  81)    0.522   ( 41,  0)       -0.066  0.38352   -2.608    0.507  0.50942  *
*  82)    0.522   (  0, 41)       -0.066  0.38352   -2.608    0.507  0.50942  *
*  83)    0.907   ( 42,  0)       -0.296  0.06231   -1.936    0.439  0.62619  *
*  84)    0.907   (  0, 42)       -0.296  0.06231   -1.936    0.439  0.62619  *
*  87)    1.369   ( 44,  0)        0.251  0.03078   -1.445    0.473  0.71448  *
*  88)    1.369   (  0, 44)        0.251  0.03078   -1.445    0.473  0.71448  *
*  89)    1.783   (  0, 45)        0.314  0.01319   -0.994    0.407  0.76349  *
*  90)    1.783   ( 45,  0)        0.314  0.01319   -0.994    0.407  0.76349  *
*  91)    1.831   ( 46,  0)        0.222  0.01323   -0.948    0.418  0.76828  *
*  92)    1.831   (  0, 46)        0.222  0.01323   -0.948    0.418  0.76828  *
*  93)    1.892   ( 47,  0)       -0.385  0.01465   -0.893    0.455  0.77428  *
*  94)    1.892   (  0, 47)       -0.385  0.01465   -0.893    0.455  0.77428  *
*  95)    2.176   ( 48,  0)        0.277  0.01977   -0.640    0.606  0.79842  *
*  96)    2.176   (  0, 48)        0.277  0.01977   -0.640    0.606  0.79842  *
*  97)    2.836   (  0, 49)       -0.053  0.00559    0.074    0.423  0.83642  *
*  98)    2.836   ( 49,  0)       -0.053  0.00559    0.074    0.423  0.83642  *
*  99)    3.247   ( 50,  0)       -0.164  0.00338    0.495    0.377  0.85392  *
* 100)    3.247   (  0, 50)       -0.164  0.00338    0.495    0.377  0.85392  *
* 101)    3.359   ( 51,  0)        0.058  0.00459    0.598    0.454  0.85822  *
* 102)    3.359   (  0, 51)        0.058  0.00459    0.598    0.454  0.85822  *
* 103)    3.391   ( 52,  0)        0.821  0.00416    0.633    0.437  0.85932  *
* 104)    3.391   (  0, 52)        0.821  0.00416    0.633    0.437  0.85932  *
* 105)    4.777   (  0, 53)        0.352  0.02298    1.827    1.432  0.89739  *
* 106)    4.777   ( 53,  0)        0.352  0.02298    1.827    1.432  0.89739  *
* 107)    5.089   (  0, 54)       -0.242  0.00142    2.345    0.383  0.90146  *
* 108)    5.089   ( 54,  0)       -0.242  0.00142    2.345    0.383  0.90146  *
* 109)    5.284   ( 55,  0)        0.059  0.00357    2.516    0.630  0.90490  *
* 110)    5.284   (  0, 55)        0.059  0.00357    2.516    0.630  0.90490  *
* 111)    6.008   ( 56,  0)       -0.398  0.00135    3.262    0.442  0.91525  *
* 112)    6.008   (  0, 56)       -0.398  0.00135    3.262    0.442  0.91525  *
* 113)    6.172   (  0, 57)        0.143  0.00102    3.430    0.394  0.91730  *
* 114)    6.172   ( 57,  0)        0.143  0.00102    3.430    0.394  0.91730  *
* 115)    6.368   ( 58,  0)        0.017  0.00136    3.621    0.469  0.91966  *
* 116)    6.368   (  0, 58)        0.017  0.00136    3.621    0.469  0.91966  *
* 117)    6.646   ( 59,  0)       -0.221  0.00105    3.902    0.430  0.92274  *
* 118)    6.646   (  0, 59)       -0.221  0.00105    3.902    0.430  0.92274  *
* 119)    6.696   (  0, 60)       -0.120  0.00081    3.955    0.382  0.92325  *
* 120)    6.696   ( 60,  0)       -0.120  0.00081    3.955    0.382  0.92325  *
* 121)    6.837   ( 61,  0)        0.397  0.00086    4.096    0.400  0.92473  *
* 122)    6.837   (  0, 61)        0.397  0.00086    4.096    0.400  0.92473  *
* 123)    7.110   (  0, 62)       -0.758  0.00092    4.367    0.431  0.92741  *
* 124)    7.110   ( 62,  0)       -0.758  0.00092    4.367    0.431  0.92741  *
* 125)    7.132   ( 63,  0)        0.170  0.00063    4.393    0.358  0.92760  *
* 126)    7.132   (  0, 63)        0.170  0.00063    4.393    0.358  0.92760  *
* 127)    7.785   ( 64,  0)        0.609  0.00079    5.043    0.439  0.93328  *
* 128)    7.785   (  0, 64)        0.609  0.00079    5.043    0.439  0.93328  *
* 129)    7.898   ( 65,  0)        0.176  0.00068    5.158    0.411  0.93416  *
* 130)    7.898   (  0, 65)        0.176  0.00068    5.158    0.411  0.93416  *
* 131)    8.304   (  0, 66)        0.320  0.00074    5.562    0.452  0.93718  *
* 132)    8.304   ( 66,  0)        0.320  0.00074    5.562    0.452  0.93718  *
* 133)    8.740   ( 67,  0)       -0.228  0.00100    5.992    0.551  0.94014  *
* 134)    8.740   (  0, 67)       -0.228  0.00100    5.992    0.551  0.94014  *
* 135)    8.820   ( 68,  0)        0.249  0.00040    6.083    0.351  0.94062  *
* 136)    8.820   (  0, 68)        0.249  0.00040    6.083    0.351  0.94062  *
* 137)    9.052   ( 69,  0)        0.271  0.00054    6.313    0.419  0.94206  *
* 138)    9.052   (  0, 69)        0.271  0.00054    6.313    0.419  0.94206  *
* 139)    9.439   ( 70,  0)        0.622  0.00051    6.699    0.425  0.94430  *
* 140)    9.439   (  0, 70)        0.622  0.00051    6.699    0.425  0.94430  *
*                                                                             *
*1378)   TOTAL=  ( 689, 689)                                                  *
*                                                                             *
*******************************************************************************

*******************************************************************************
*                                                                             *
*  SINGLE-PARTICLE PROPERTIES: CANONICAL                            PROTONS   *
*                                                                             *
*******************************************************************************
*                                                                             *
*  NO)   ENERGY   (S=+,S=-)   | N,nz,lz,OMEz>   <P>    <JY>    <SY>   GFACT   *
*                                                                             *
*  21)  -11.533   ( 21,---)   | 3, 2, 1, 1/2>   -43  -0.232  -0.210   0.906   *
*  22)  -11.303   ( 22,---)   | 4, 2, 2, 5/2>    42  -0.000  -0.000   0.495   *
*  23)  -10.423   ( 23,---)   | 2, 0, 2, 3/2>    18  -0.001  -0.000   0.167   *
*  24)  -10.316   ( 24,---)   | 2, 0, 0, 1/2>   -21  -0.146  -0.361   2.468   *
*  25)   -9.416   ( 25,---)   | 3, 0, 3, 7/2>   -29  -0.000  -0.000   0.013   *
*  26)   -9.382   ( 26,---)   | 4, 3, 1, 3/2>    29  -0.000   0.000  -1.351   *
*  27)   -8.437   ( 27,---)   | 5, 3, 2, 5/2>   -84  -0.000  -0.000   0.236   *
*  28)   -7.854   ( 28,---)   | 6, 4, 0, 1/2>    35  -0.886  -0.427   0.481   *
*  29)   -7.631   ( 29,---)   | 6, 6, 0, 1/2>    34  -1.170  -0.439   0.375   *
*  30)   -7.433   ( 30,---)   | 4, 2, 2, 3/2>    40  -0.000   0.000  -0.091   *
*  31)   -7.139   ( 31,---)   | 8, 7, 1, 1/2>    37   0.245  -0.128  -0.523   *
*  32)   -5.501   ( 32,---)   | 7, 5, 2, 3/2>   -49  -0.000   0.000  -0.064   *
*  33)   -5.231   ( 33,---)   | 3, 0, 3, 5/2>    -8   0.000  -0.000  -0.116   *
*  34)   -4.986   ( 34,---)   | 3, 0, 3, 7/2>   -27   0.000   0.000   0.040   *
*  35)   -4.833   ( 35,---)   | 3, 0, 1, 3/2>   -32   0.000   0.000   1.190   *
*  36)   -4.763   ( 36,---)   | 4, 2, 2, 5/2>    51  -0.000  -0.000   0.238   *
*  37)   -4.688   ( 37,---)   | 5, 3, 0, 1/2>   -66  -0.593  -0.464   0.782   *
*  38)   -3.979   ( 38,---)   | 5, 3, 2, 3/2>   -42  -0.000   0.000  -1.823   *
*  39)   -3.828   ( 39,---)   | 3, 0, 1, 1/2>   -34   0.210  -0.024  -0.116   *
*  40)   -2.951   ( 40,---)   | 7, 7, 0, 1/2>   -26  -1.841  -0.378   0.205   *
*  41)   -2.478   ( 41,---)   | 6, 5, 1, 1/2>    -5   0.315  -0.131  -0.414   *
*  42)   -1.929   ( 42,---)   | 5, 2, 3, 7/2>   -29  -0.000   0.000  -0.624   *
*  43)   -1.416   ( 43,---)   | 8, 6, 2, 3/2>    51   0.000   0.000   0.242   *
*  44)   -0.958   ( 44,---)   | 4, 2, 0, 1/2>    36  -0.722  -0.464   0.643   *
*  45)   -0.923   ( 45,---)   | 4, 0, 4, 9/2>    21  -0.000  -0.000   0.200   *
*  46)   -0.867   ( 46,---)   | 5, 3, 2, 5/2>   -55  -0.000  -0.000   0.240   *
*  47)   -0.528   ( 47,---)   | 3, 0, 1, 3/2>   -22   0.000   0.000   2.915   *
*                                                                             *
*******************************************************************************

*******************************************************************************
*                                                                             *
*  HFB PAIRING PROPERTIES                                            PROTONS  *
*                                                                             *
*  STRENGTH= 0.0998   GAP=-0.4376   FERMI ENERGY= -3.2870   ENERGY=  -1.9201  *
*                                                                             *
*******************************************************************************

*******************************************************************************
*                                                                             *
*  MULTIPOLE MOMENTS [UNITS:  (10 FERMI)^LAMBDA]                     PROTONS  *
*                                                                             *
*******************************************************************************
*                                                                             *
*  Q00 = 78.0000  .............  .............  .............  .............  *
*                                                                             *
*  Q10 =  1.9035  Q11 =    ZERO  .............  .............  .............  *
*                                                                             *
*  Q20 = 45.0643  Q21 =    ZERO  Q22 =-2.0E-06  .............  .............  *
*                                                                             *
*  Q30 =  5.0256  Q31 =    ZERO  Q32 = 5.5E-08  Q33 =    ZERO  .............  *
*                                                                             *
*  Q40 = 10.0388  Q41 =    ZERO  Q42 = 7.7E-07  Q43 =    ZERO  Q44 = 5.9E-08  *
*                                                                             *
*******************************************************************************

*******************************************************************************
*                                                                             *
*  ROOT-MEAN-SQUARE AND GEOMETRIC SIZES IN FERMIS                    PROTONS  *
*                                                                             *
*  R_RMS =  6.7032     X_RMS =  2.3127    Y_RMS =  2.3127    Z_RMS =  5.8512  *
*                                                                             *
*  R_GEO =  8.6538     X_GEO =  5.1714    Y_GEO =  5.1714    Z_GEO = 13.0836  *
*                                                                             *
*******************************************************************************

*******************************************************************************
*                                                                             *
*  BOHR DEFORMATIONS (FIRST-ORDER APPROXIMATION)                     PROTONS  *
*                                                                             *
*******************************************************************************
*                                                                             *
*  B10 =  0.0577  B11 =    ZERO  .............  .............  .............  *
*                                                                             *
*  B20 =  1.0192  B21 =    ZERO  B22 =-4.4E-08  .............  .............  *
*                                                                             *
*  B30 =  0.4164  B31 =    ZERO  B32 = 6.5E-09  B33 =    ZERO  .............  *
*                                                                             *
*  B40 =  0.9613  B41 =    ZERO  B42 = 1.0E-07  B43 =    ZERO  B44 = 8.0E-09  *
*                                                                             *
*******************************************************************************
*                                                                             *
*  BOHR DENSITY = 0.0287 FM^(-3)  BOHR RADIUS =   8.6538 FM                   *
*                                                                             *
*******************************************************************************

*******************************************************************************
*                                                                             *
*                  DENSITY INTEGRALS IN THE SKYRME FUNCTIONAL                 *
*                                                                             *
*******************************************************************************
*                                                                             *
*                   TOTAL(T)        SUM(S)      ISOSCALAR(P)  ISOVECTOR(M)    *
*                   --------        ------      ------------  ------------    *
*    DRHO_ =       19.493686      9.855981         19.493686      0.218277    *
*    DRHOD =        8.889773      4.493522          8.889773      0.097270    *
*    DLPR_ =       -4.366185     -2.200718         -4.366185     -0.035250    *
*    DTAU_ =       16.657804      8.485617         16.657804      0.313430    *
*    DSCU_ =        0.128276      0.071456          0.128276      0.014637    *
*    DDIV_ =        0.905665      0.462958          0.905665      0.020251    *
*                                                                             *
*    DSPI_ =        0.000000      0.000000          0.000000      0.000000    *
*    DSPID =        0.000000      0.000000          0.000000      0.000000    *
*    DLPS_ =        0.000000      0.000000          0.000000      0.000000    *
*    DCUR_ =        0.000000      0.000000          0.000000      0.000000    *
*    DKIS_ =        0.000000      0.000000          0.000000      0.000000    *
*    DROT_ =        0.000000      0.000000          0.000000      0.000000    *
*                                                                             *
*******************************************************************************

*******************************************************************************
*                                                                             *
*               CONTRIBUTIONS TO ENERGY IN THE SKYRME FUNCTIONAL              *
*                                                                             *
*******************************************************************************
*                                                                             *
*                 TOTAL(T)        SUM(S)        ISOSCALAR(P)  ISOVECTOR(M)    *
*                 --------        ------        ------------  ------------    *
*    ERHO_ =   -17428.526419   5305.628300     -12181.648999     58.750881    *
*    ERHOD =     8962.790892  -2279.850599       6707.615829    -24.675536    *
*    ELPR_ =     -429.350182    633.520887        199.097011      5.073694    *
*    ETAU_ =      552.307169   -409.613749        150.258295     -7.564876    *
*    ESCU_ =        0.000000      0.000000          0.000000      0.000000    *
*    EDIV_ =      -19.955280    -48.066656        -66.970664     -1.051272    *
*               ============  ============      ============  ============    *
*    SUM EVEN:  -8362.733820   3201.618183      -5191.648528     30.532891    *
*                                                                             *
*    ESPI_ =        0.000000      0.000000          0.000000      0.000000    *
*    ESPID =        0.000000      0.000000          0.000000      0.000000    *
*    ELPS_ =        0.000000      0.000000          0.000000      0.000000    *
*    ECUR_ =        0.000000      0.000000          0.000000      0.000000    *
*    EKIS_ =        0.000000      0.000000          0.000000      0.000000    *
*    EROT_ =        0.000000      0.000000          0.000000      0.000000    *
*               ============  ============      ============  ============    *
*    SUM  ODD:      0.000000      0.000000          0.000000      0.000000    *
*                                                                             *
*******************************************************************************
 
*******************************************************************************
*                                                                             *
*  CENTER-OF-MASS COORDINATES IN FERMIS                                TOTAL  *
*                                                                             *
*  R_CMS =  0.2254     X_CMS = -0.0000    Y_CMS =  0.0000    Z_CMS =  0.2254  *
*                                                                             *
*******************************************************************************

*******************************************************************************
*                                                                             *
*  MULTIPOLE MOMENTS [UNITS:  (10 FERMI)^LAMBDA] [CENT-MASS FRAME]  NEUTRONS  *
*                                                                             *
*******************************************************************************
*                                                                             *
*  Q00 = 98.0000  .............  .............  .............  .............  *
*                                                                             *
*  Q10 = -0.1456  Q11 =    ZERO  .............  .............  .............  *
*                                                                             *
*  Q20 = 54.5038  Q21 =    ZERO  Q22 =-1.7E-06  .............  .............  *
*                                                                             *
*  Q30 =  4.4737  Q31 =    ZERO  Q32 = 7.3E-08  Q33 =    ZERO  .............  *
*                                                                             *
*  Q40 = 11.4108  Q41 =    ZERO  Q42 = 1.0E-06  Q43 =    ZERO  Q44 =-2.7E-07  *
*                                                                             *
*******************************************************************************

*******************************************************************************
*                                                                             *
*  BOHR DEFORMATIONS (FIRST-ORDER APPROXIMATION) [CENT-MASS FRAME]  NEUTRONS  *
*                                                                             *
*******************************************************************************
*                                                                             *
*  B10 = -0.0036  B11 =    ZERO  .............  .............  .............  *
*                                                                             *
*  B20 =  1.0457  B21 =    ZERO  B22 =-3.3E-08  .............  .............  *
*                                                                             *
*  B30 =  0.3247  B31 =    ZERO  B32 = 7.5E-09  B33 =    ZERO  .............  *
*                                                                             *
*  B40 =  0.9879  B41 =    ZERO  B42 = 1.2E-07  B43 =    ZERO  B44 =-3.3E-08  *
*                                                                             *
*******************************************************************************
*                                                                             *
*  BOHR DENSITY = 0.0397 FM^(-3)  BOHR RADIUS =   8.3823 FM                   *
*                                                                             *
*******************************************************************************

*******************************************************************************
*                                                                             *
*  MULTIPOLE MOMENTS [UNITS:  (10 FERMI)^LAMBDA] [CENT-MASS FRAME]   PROTONS  *
*                                                                             *
*******************************************************************************
*                                                                             *
*  Q00 = 78.0000  .............  .............  .............  .............  *
*                                                                             *
*  Q10 =  0.1456  Q11 =    ZERO  .............  .............  .............  *
*                                                                             *
*  Q20 = 44.9719  Q21 =    ZERO  Q22 =-2.0E-06  .............  .............  *
*                                                                             *
*  Q30 =  3.8901  Q31 =    ZERO  Q32 = 8.1E-08  Q33 =    ZERO  .............  *
*                                                                             *
*  Q40 =  9.5832  Q41 =    ZERO  Q42 = 7.7E-07  Q43 =    ZERO  Q44 = 5.9E-08  *
*                                                                             *
*******************************************************************************

*******************************************************************************
*                                                                             *
*  BOHR DEFORMATIONS (FIRST-ORDER APPROXIMATION) [CENT-MASS FRAME]   PROTONS  *
*                                                                             *
*******************************************************************************
*                                                                             *
*  B10 =  0.0046  B11 =    ZERO  .............  .............  .............  *
*                                                                             *
*  B20 =  1.0846  B21 =    ZERO  B22 =-4.7E-08  .............  .............  *
*                                                                             *
*  B30 =  0.3550  B31 =    ZERO  B32 = 1.0E-08  B33 =    ZERO  .............  *
*                                                                             *
*  B40 =  1.0435  B41 =    ZERO  B42 = 1.2E-07  B43 =    ZERO  B44 = 9.1E-09  *
*                                                                             *
*******************************************************************************
*                                                                             *
*  BOHR DENSITY = 0.0316 FM^(-3)  BOHR RADIUS =   8.3802 FM                   *
*                                                                             *
*******************************************************************************

*******************************************************************************
*                                                                             *
*  EULER ANGLES OF THE PRINCIPAL-AXES FRAME IN DEGREES                 TOTAL  *
*                                                                             *
*  ALPHA =270.00000  BETA =  0.00000  GAMMA =  0.00000                        *
*                                                                             *
*******************************************************************************

*******************************************************************************
*                                                                             *
*  ROOT-MEAN-SQUARE AND GEOMETRIC SIZES IN FERMIS                      TOTAL  *
*                                                                             *
*  R_RMS =  6.6872     X_RMS =  2.3386    Y_RMS =  2.3386    Z_RMS =  5.8121  *
*                                                                             *
*  R_GEO =  8.6331     X_GEO =  5.2293    Y_GEO =  5.2293    Z_GEO = 12.9962  *
*                                                                             *
*******************************************************************************

*******************************************************************************
*                                                                             *
*  MULTIPOLE MOMENTS [UNITS:  (10 FERMI)^LAMBDA]                       TOTAL  *
*                                                                             *
*******************************************************************************
*                                                                             *
*  Q00 =176.0000  .............  .............  .............  .............  *
*                                                                             *
*  Q10 =  3.9664  Q11 =    ZERO  .............  .............  .............  *
*                                                                             *
*  Q20 = 99.6545  Q21 =    ZERO  Q22 =-3.7E-06  .............  .............  *
*                                                                             *
*  Q30 = 10.8751  Q31 =    ZERO  Q32 = 1.1E-07  Q33 =    ZERO  .............  *
*                                                                             *
*  Q40 = 21.9772  Q41 =    ZERO  Q42 = 1.8E-06  Q43 =    ZERO  Q44 =-2.1E-07  *
*                                                                             *
*******************************************************************************

*******************************************************************************
*                                                                             *
*  BOHR DEFORMATIONS (FIRST-ORDER APPROXIMATION)                       TOTAL  *
*                                                                             *
*******************************************************************************
*                                                                             *
*  B10 =  0.0534  B11 =    ZERO  .............  .............  .............  *
*                                                                             *
*  B20 =  1.0037  B21 =    ZERO  B22 =-3.7E-08  .............  .............  *
*                                                                             *
*  B30 =  0.4023  B31 =    ZERO  B32 = 5.5E-09  B33 =    ZERO  .............  *
*                                                                             *
*  B40 =  0.9416  B41 =    ZERO  B42 = 1.1E-07  B43 =    ZERO  B44 =-1.3E-08  *
*                                                                             *
*******************************************************************************
*                                                                             *
*  BOHR DENSITY = 0.0653 FM^(-3)  BOHR RADIUS =   8.6331 FM                   *
*                                                                             *
*******************************************************************************

*******************************************************************************
*                                                                             *
*  MULTIPOLE MOMENTS [UNITS:  (10 FERMI)^LAMBDA] [CENT-MASS FRAME]     TOTAL  *
*                                                                             *
*******************************************************************************
*                                                                             *
*  Q00 =176.0000  .............  .............  .............  .............  *
*                                                                             *
*  Q10 =    ZERO  Q11 =    ZERO  .............  .............  .............  *
*                                                                             *
*  Q20 = 99.4757  Q21 =    ZERO  Q22 =-3.7E-06  .............  .............  *
*                                                                             *
*  Q30 =  8.3638  Q31 =    ZERO  Q32 = 1.5E-07  Q33 =    ZERO  .............  *
*                                                                             *
*  Q40 = 20.9940  Q41 =    ZERO  Q42 = 1.8E-06  Q43 =    ZERO  Q44 =-2.1E-07  *
*                                                                             *
*******************************************************************************

*******************************************************************************
*                                                                             *
*  BOHR DEFORMATIONS (FIRST-ORDER APPROXIMATION) [CENT-MASS FRAME]     TOTAL  *
*                                                                             *
*******************************************************************************
*                                                                             *
*  B10 =    ZERO  B11 =    ZERO  .............  .............  .............  *
*                                                                             *
*  B20 =  1.0629  B21 =    ZERO  B22 =-3.9E-08  .............  .............  *
*                                                                             *
*  B30 =  0.3381  B31 =    ZERO  B32 = 8.8E-09  B33 =    ZERO  .............  *
*                                                                             *
*  B40 =  1.0125  B41 =    ZERO  B42 = 1.2E-07  B43 =    ZERO  B44 =-1.4E-08  *
*                                                                             *
*******************************************************************************
*                                                                             *
*  BOHR DENSITY = 0.0714 FM^(-3)  BOHR RADIUS =   8.3815 FM                   *
*                                                                             *
*******************************************************************************

*******************************************************************************
*                                                                             *
*  MULTIPOLE MOMENTS [UNITS:  (10 FERMI)^LAMBDA] [INTRINSIC FRAME]     TOTAL  *
*                                                                             *
*  REAL PART  FOR A NON-NEGATIVE PROJECTION                                   *
*  IMAGINARY PART FOR A NEGATIVE PROJECTION                                   *
*                                                                             *
*******************************************************************************
*                                                                             *
*  Q00 =176.0000  .............  .............  .............  .............  *
*                 .............  .............  .............  .............  *
*                                                                             *
*  Q10 =    ZERO  Q1+1=    ZERO  .............  .............  .............  *
*                 Q1-1=    ZERO  .............  .............  .............  *
*                                                                             *
*  Q20 = 99.4757  Q2+1=    ZERO  Q2+2= 3.7E-06  .............  .............  *
*                 Q2-1=    ZERO  Q2-2=    ZERO  .............  .............  *
*                                                                             *
*  Q30 =  8.3638  Q3+1=    ZERO  Q3+2=-1.5E-07  Q3+3=    ZERO  .............  *
*                 Q3-1=    ZERO  Q3-2=    ZERO  Q3-3=    ZERO  .............  *
*                                                                             *
*  Q40 = 20.9940  Q4+1=    ZERO  Q4+2=-1.8E-06  Q4+3=    ZERO  Q4+4=-2.1E-07  *
*                 Q4-1=    ZERO  Q4-2=    ZERO  Q4-3=    ZERO  Q4-4=    ZERO  *
*                                                                             *
*******************************************************************************

*******************************************************************************
*                                                                             *
*  BOHR DEFORMATIONS (FIRST-ORDER APPROXIMATION) [INTRINSIC FRAME]     TOTAL  *
*                                                                             *
*  REAL PART  FOR A NON-NEGATIVE PROJECTION                                   *
*  IMAGINARY PART FOR A NEGATIVE PROJECTION                                   *
*                                                                             *
*******************************************************************************
*                                                                             *
*  B10 =    ZERO  B1+1=    ZERO  .............  .............  .............  *
*                 B1-1=    ZERO  .............  .............  .............  *
*                                                                             *
*  B20 =  1.0629  B2+1=    ZERO  B2+2= 3.9E-08  .............  .............  *
*                 B2-1=    ZERO  B2-2=    ZERO  .............  .............  *
*                                                                             *
*  B30 =  0.3381  B3+1=    ZERO  B3+2=-8.8E-09  B3+3=    ZERO  .............  *
*                 B3-1=    ZERO  B3-2=    ZERO  B3-3=    ZERO  .............  *
*                                                                             *
*  B40 =  1.0125  B4+1=    ZERO  B4+2=-1.2E-07  B4+3=    ZERO  B4+4=-1.4E-08  *
*                 B4-1=    ZERO  B4-2=    ZERO  B4-3=    ZERO  B4-4=    ZERO  *
*                                                                             *
*******************************************************************************
*                                                                             *
*  BOHR DENSITY = 0.0714 FM^(-3)  BOHR RADIUS =   8.3815 FM                   *
*                                                                             *
*******************************************************************************

*******************************************************************************
*                                                                             *
*                                ENERGIES (MEV)                               *
*                                                                             *
*******************************************************************************
*                                                                             *
*  KINETIC: (NEU)=  1831.548816    (PRO)=  1293.137522    (TOT)=  3124.686337 *
*  SUM EPS: (NEU)= -2145.118940    (PRO)= -1056.700766    (TOT)= -3201.819706 *
*  PAIRING: (NEU)=    -2.203325    (PRO)=    -1.920074    (TOT)=    -4.123400 *
*  P-REARR: (NEU)=     0.587433    (PRO)=     0.543440    (TOT)=     1.130872 *
*                                                                             *
*  PAIRGAP: (NEU)=    -0.452245    (PRO)=    -0.437650    THIS SPACE IS EMPTY *
*  E-FERMI: (NEU)=   -10.397605    (PRO)=    -3.286969    AND AWAITS  YOUR AD *
*                                                                             *
*  COULOMB: (DIR)=   700.828842    (EXC)=   -29.739633    (TOT)=   671.089210 *
*                                                                             *
*  CONSTR. (MULT)=  1582.408197    SLOPE=   -92.465666    CORR.=    46.232833 *
*  CONSTR. (SURF)=     0.000000    SLOPE=     0.000000    CORR.=     0.000000 *
*  CONSTR. (SPIN)=     0.000000    SLOPE=     0.000000    CORR.=     0.000000 *
*  CONSTR. (ISOS)=     0.000000    SLOPE=     0.000000    CORR.=     0.000000 *
*                                                                             *
*  REARRANGEMENT ENERGY FROM THE SKYRME DENSITY-DEPENDENT TERMS=  1258.331876 *
*  ROUTHIAN= TOTAL ENERGY + MULTIPOLE AND (ISO)SPIN CONSTRAINTS=   212.944707 *
*                                                                             *
*  SPIN-ORB (EVE)=   -68.021936    (ODD)=     0.000000    (TOT)=   -68.021936 *
*  SKYRME:  (EVE)= -5161.115637    (ODD)=     0.000000    (TOT)= -5161.115637 *
*                                                                             *
*  TOTAL:  (STAB)=    11.164614     (SP)= -1358.298875    (FUN)= -1369.463489 *
*                                                                             *
*******************************************************************************

*******************************************************************************
*                                                                             *
*  ITERATION RESTARTED FROM THE DISC, THE FOLLOWING FILE(S) READ:             *
*  ./restart/HFODD_00000056.REC                                        VER=19 *
*                                                                             *
*******************************************************************************
*                                                                             *
* CONVERGENCE REPORT                                                          *
*                                                                             *
*******************************************************************************
*                                                                             *
* ITER     ENERGY     STABILITY    Q_2    GAMMA   SPIN  OMEGA   ANGLE   EPAIR *
*                                                                             *
* 1673 -1369.463489   11.164614  99.476    0.00   0.00  0.000   0.000   -4.12 *
* 1674  -682.979160  833.280681 157.246    0.00   0.00  0.000   0.000   -0.57 *
* 1675  -778.880746  934.255841 183.129    0.00   0.00  0.000   0.000   -3.47 *
* 1676  -799.492595  875.600469 174.302    0.00   0.00  0.000   0.000   -5.81 *
* 1677  -803.311710    1.05E+03 178.133    0.00   0.00  0.000   0.000   -4.74 *
* 1678  -779.352077    1.16E+03 175.188    0.00   0.00  0.000   0.000   -3.69 *
* 1679  -722.612540    1.07E+03 169.383    0.00   0.00  0.000   0.000   -2.09 *
* 1680  -704.620632    1.11E+03 168.348    0.00   0.00  0.000   0.000   -2.44 *
* 1681  -672.339735    1.24E+03 167.139    0.00   0.00  0.000   0.000   -2.22 *
* 1682  -610.364194  830.691438 160.212    0.00   0.00  0.000   0.000   -2.19 *
* 1683  -691.948539  962.729016 170.549    0.00   0.00  0.000   0.000  -11.48 *
* 1684  -687.631476   -2.64E+04 165.679    0.00   0.00  0.000   0.000   -4.56 *
* 1685   -97.505769 -733.776339 139.790   60.00   0.00  0.000   0.000   -0.13 *
* 1686  2764.347007   -1.16E+04  59.753   60.00   0.00  0.000   0.000 -139.13 *
* 1687  2165.390568   -1.27E+05  82.070    0.00   0.00  0.000   0.000   -0.00 *
* 1688  5342.981431   -1.35E+06  22.503    0.00   0.00  0.000   0.000-1092.30 *

 //////////////////// MAXIMUM NUMBER OF ITERATIONS       ////////////////////
 //////////////////// EXCEEDED IN QUABCS                 ////////////////////

*******************************************************************************
*                                                                             *
*  PROCESSOR   EXECUTION  TIMES IN SUBROUTINES                                *
*  INCLUDING THEIR COMPLETE DOWN-CALLING TREES                                *
*                                                                             *
*******************************************************************************
*                                                                             *
*     5272 => HFODD    2828 => DENSHF   1051 => DIAMAT    958 => HFBSIM       *
*                                                                             *
*      538 => QMULCM    309 => PAIMAC    220 => CANQUA    219 => RECORD       *
*                                                                             *
*       82 => AVEQUA     35 => INTEGH     30 => INTSOR     30 => INTEGD       *
*                                                                             *
*       27 => DENMAC     17 => MOMETS     17 => INTMUL     13 => DOBROY       *
*                                                                             *
*       11 => BEGINC     10 => SKFILD      8 => ROTAVR      7 => LINAVR       *
*                                                                             *
*        7 => SPAVER      7 => INTMAS      6 => COUMAT      5 => INTCOU       *
*                                                                             *
*        5 => AVOBSE      3 => INTCEN      3 => NILASP      2 => POWALL       *
*                                                                             *
*        2 => AVANGY      1 => SKPAIR      0 => INTKIN      0 => AVPARI       *
*                                                                             *
*        0 => QUABCS      0 => AVSIMP      0 => SHICOE      0 => PAXMOM       *
*                                                                             *
*        0 => MOMVMU      0 => MOMSIF      0 => MAGMOM      0 => SPIMOM       *
*                                                                             *
*        0 => SHIMOM      0 => SHISIF      0 => SHIMAG                        *
*                                                                             *
*******************************************************************************
*                                                                             *
*  NUMBERS OF CALLS TO SUBROUTINES                                            *
*                                                                             *
*******************************************************************************
*                                                                             *
*      743 => BEGINC    614 => INTMUL    198 => INTSOR     81 => DIAMAT       *
*                                                                             *
*       66 => INTMAS     66 => INTCEN     65 => INTKIN     64 => AVEQUA       *
*                                                                             *
*       48 => PAXMOM     33 => INTEGH     33 => INTEGD     33 => HFBSIM       *
*                                                                             *
*       33 => QUABCS     32 => CANQUA     32 => AVPARI     32 => DENSHF       *
*                                                                             *
*       32 => DENMAC     32 => PAIMAC     32 => MOMETS     32 => MOMSIF       *
*                                                                             *
*       32 => MOMVMU     32 => MAGMOM     32 => SPIMOM     32 => LINAVR       *
*                                                                             *
*       32 => ROTAVR     32 => SHICOE     17 => RECORD     17 => COUMAT       *
*                                                                             *
*       17 => INTCOU     16 => QMULCM     16 => SKFILD     16 => SKPAIR       *
*                                                                             *
*       16 => DOBROY     16 => SHIMOM     16 => SHISIF     16 => SHIMAG       *
*                                                                             *
*       14 => SPAVER      2 => AVANGY      2 => AVOBSE      2 => AVSIMP       *
*                                                                             *
*        2 => NILASP      1 => HFODD       1 => POWALL                        *
*                                                                             *
*******************************************************************************
*                                                                             *
*  EXECUTION ENDS ON 2016.09.06 AT 13:29:15.425                               *
*                                                                             *
*******************************************************************************
