*******************************************************************************
*                                                                             *
*                     P A R A L L E L    M O D E L                            *
*                                                                             *
*  SIMPLE MPI FRAMEWORK (1 COMMUNICATOR)    :  1 MPI PROCESS per HFODD TASK   *
*  MULTI-THREADING FRAMEWORK WITH OPENMP   :  4 THREADS per HFODD MPI PROCESS *
*                                                                             *
*******************************************************************************
*                                                                             *
*                        __  __ _____  ___   ____   ____                      *
*                       / / / // ___/.' _ \ / __ \ / __ \                     *
*                      / /_/ // /_  / / / // / / // / / /                     *
*                     / __  // __/ / / / // / / // / / /                      *
*                    / / / // /   / /_/ // /_/ // /_/ /                       *
*                   /_/ /_//_/    \___.'/____.'/____.'                        *
*                                                                             *
*                                                                             *
*******************************************************************************
*                                                                             *
*             SKYRME-HARTREE-FOCK-BOGOLYUBOV CODE VERSION: 2.77B              *
*                                                                             *
*              NO SYMMETRY-PLANES AND NO TIME-REVERSAL SYMMETRY               *
*                                                                             *
*                DEFORMED CARTESIAN HARMONIC-OSCILLATOR BASIS                 *
*                                                                             *
*******************************************************************************
*                                                                             *
*             J. DOBACZEWSKI, P. BACZYK, B.G. CARLSSON, J. DUDEK              *
*                 J. ENGEL, Y. GAO, M. KONIECZKA, T. LESINSKI                 *
*                 J. MCDONNELL, P. OLBRATOWSKI, P. POWALOWSKI                 *
*                  M. SADZIAK, J. SARICH, K. SATO, W. SATULA                  *
*             N. SCHUNCK,  J.A. SHEIKH, A. STASZCZAK, M. STOITSOV             *
*             P. TOIVANEN, X.B. WANG, M. ZALEWSKI AND H. ZDUNCZUK             *
*                                                                             *
*                   INSTYTUT FIZYKI TEORETYCZNEJ, WARSZAWA                    *
*                 LAWRENCE LIVERMORE NATIONAL LABORATORY, USA                 *
*                                                                             *
*                                  1993-2016                                  *
*                                                                             *
*******************************************************************************

*******************************************************************************
*                                                                             *
*  CODE COMPILED WITH THE FOLLOWING ARRAY DIMENSIONS AND SWITCHES:            *
*                                                                             *
*******************************************************************************
*                                                                             *
*  NDBASE = 1200  NDSTAT = 1200  NDXHRM =   40  NDYHRM =   40  NDZHRM =   64  *
*                                                                             *
*  NDMAIN =   30  NDMULT =    9  NDMULR =    4  NDLAMB =    9  NDITER = 5000  *
*                                                                             *
*  NDAKNO =    1  NDBKNO =    1  NDPROI =    2  NDCOUL =   80  NDPOLS =   25  *
*                                                                             *
*  NDATKN =   20  NDBTKN =   10  NDPROT =    1  NDPROD =    3                 *
*                                                                             *
*  IPARAL =    0  IPARAT =    0  I_CRAY =    0                                *
*                                                                             *
*                                                                             *
*  PRE-PROCESSOR OPTIONS:                                                     *
*                                                                             *
*       switch_port = 1     switch_diag = 3     switch_essl = 0               *
*                                                                             *
*                           switch_quad = 0     switch_vect = 1               *
*                                                                             *
*******************************************************************************
*                                                                             *
*  EXECUTION BEGINS ON 2016.08.25 AT 05:44:15.241                             *
*                                                                             *
*******************************************************************************
 
*******************************************************************************
*                                                                             *
*  CLASSICAL NUCLEAR SURFACE DEFINED FOR:                    N = 98   Z = 78  *
*                                                                             *
*******************************************************************************
*                                                                             *
*  AL10 =   ZERO  AL11 =   ZERO  .............  .............  .............  *
*                                                                             *
*  AL20 =  0.492  AL21 =   ZERO  AL22 =   ZERO  .............  .............  *
*                                                                             *
*******************************************************************************
*                                                                             *
*                                           HOMEGA=  7.8939  FCHOM0=  1.0790  *
*                                                                             *
*  OSCILLATOR FREQUENCIES: HBAROX=  9.1599  HBAROY=  9.1599  HBAROZ=  5.8627  *
*                                                                             *
*  MOMENTS OF INERTIA:     XMOMFC=103.3237  YMOMFC=103.3237  ZMOMFC= 60.0518  *
*                                                                             *
*  CENTERS OF MASS:        CMSXFC= -0.0000  CMSYFC= -0.0000  CMSZFC= -0.0000  *
*                                                                             *
*******************************************************************************

*******************************************************************************
*                                                                             *
*                           SKYRME FORCE DEFINITION                           *
*                                                                             *
*******************************************************************************
*                                                                             *
* PARAMETER SET HFB1:  T0= -1666.41  T1=   255.23  T2=  1521.28  T3= 12072.51 *
*                                                                             *
* POWER=0.37658031358  X0=  0.14608  X1= -4.82248  X2= -1.35211  X3=  0.00432 *
*                                                                             *
* IETA: J=0  W=1 CM=3  M=1  P=1  T=0 HBM= 20.73553 W0=  44.0677 W0P= 207.6502 *
*                                                                             *
*******************************************************************************

*******************************************************************************
*                                                                             *
*              COUPLING CONSTANTS DEFINING THE SKYRME FUNCTIONAL              *
*                                                                             *
*******************************************************************************
*                                                                             *
*                   TOTAL(T)        SUM(S)      ISOSCALAR(P)  ISOVECTOR(M)    *
*                   --------        ------      ------------  ------------    *
*    CRHO_ =     -894.060074    538.315575       -624.902286    269.157788    *
*    CRHOD =     1008.213640   -507.363897        754.531691   -253.681949    *
*    CLPR_ =       98.335311   -287.870148        -45.599763   -143.935074    *
*    CTAU_ =       33.156062    -48.271535          9.020295    -24.135768    *
*    CSCU_ =        0.000000      0.000000          0.000000      0.000000    *
*    CDIV_ =      -22.033840   -103.825096        -73.946388    -51.912548    *
*                                                                             *
*    CSPI_ =      -60.857026    416.601524        147.443736    208.300762    *
*    CSPID =        2.171385   -503.021127       -249.339179   -251.510564    *
*    CLPS_ =       51.110395     71.467295         86.844042     35.733647    *
*    CCUR_ =      -33.156062     48.271535         -9.020295     24.135768    *
*    CKIS_ =        0.000000      0.000000          0.000000      0.000000    *
*    CROT_ =      -22.033840   -103.825096        -73.946388    -51.912548    *
*                                                                             *
*******************************************************************************

*******************************************************************************
*                                                                             *
*                          NUCLEAR MATTER PROPERTIES                          *
*                                                                             *
*******************************************************************************
*                                                                             *
*     E = -15.8000  rho0 =   0.15625   K =  244.6682   Ms =    0.9364         *
*                   asym =  28.66820   L =   40.1091   Mv =    1.2498         *
*                                                                             *
*******************************************************************************

*******************************************************************************
*                                                                             *
*  PHYSICAL CONSTANTS:     H_BARC=197.32891000           HBCOE2=137.03602000  *
*                                                                             *
*                          XMASSN=938.90590000           XMASSP=938.27231000  *
*                                                                             *
*                          HBMASS= 20.73553000           HBMRPA= 20.73553000  *
*                                                                             *
*                          ECHAR2=  1.43997841           COULEX= -1.06350868  *
*                                                                             *
*******************************************************************************
*                                                                             *
*  OSCILLATOR LENGTHS:     X= 2.1278131      Y= 2.1278131       Z= 2.6596979  *
*                                                                             *
*  OSCILLATOR CONSTANTS:   X= 0.4699661      Y= 0.4699661       Z= 0.3759825  *
*                                                                             *
*  OSCILLATOR FREQUENCIES: X= 9.1599351      Y= 9.1599351       Z= 5.8626604  *
*                                                                             *
*******************************************************************************
*                                                                             *
*  BASIS CUT-OFF CONTROL PARAMETERS:  NXMAXX = 15  NYMAXX = 15  NZMAXX =  23  *
*                                                                             *
*                                     NXHERM = 36  NYHERM = 36  NZHERM =  60  *
*                                                                             *
*                                     NLIMIT=1140  LDBASE=1140  MCOUNT=29791  *
*                                                                             *
*                                     ENECUT= 800.0000      ELIMIT= 149.4903  *
*                                                                             *
*******************************************************************************

*******************************************************************************
*                                                                             *
*   SHAPE OF THE OSCILLATOR-BASIS DIAMOND    (THREE CONSECUTIVE PROJECTIONS)  *
*                                                                             *
*******************************************************************************
*                                                                             *
*        NX ===>>>  0  1  2  3  4  5  6  7  8  9 10 11 12 13 14 15            *
*        MAX.NY => 15 14 13 12 11 10  9  8  7  6  5  4  3  2  1  0            *
*                 ------------------------------------------------            *
*   NY= 0  (15)  | 23 21 20 18 17 15 14 12 10  9  7  6  4  3  1  0            *
*   NY= 1  (14)  | 21 20 18 17 15 14 12 10  9  7  6  4  3  1  0               *
*   NY= 2  (13)  | 20 18 17 15 14 12 10  9  7  6  4  3  1  0                  *
*   NY= 3  (12)  | 18 17 15 14 12 10  9  7  6  4  3  1  0                     *
*   NY= 4  (11)  | 17 15 14 12 10  9  7  6  4  3  1  0                        *
*   NY= 5  (10)  | 15 14 12 10  9  7  6  4  3  1  0                           *
*   NY= 6  ( 9)  | 14 12 10  9  7  6  4  3  1  0                              *
*   NY= 7  ( 8)  | 12 10  9  7  6  4  3  1  0                                 *
*   NY= 8  ( 7)  | 10  9  7  6  4  3  1  0                                    *
*   NY= 9  ( 6)  |  9  7  6  4  3  1  0                                       *
*   NY=10  ( 5)  |  7  6  4  3  1  0                                          *
*   NY=11  ( 4)  |  6  4  3  1  0                                             *
*   NY=12  ( 3)  |  4  3  1  0                                                *
*   NY=13  ( 2)  |  3  1  0                                                   *
*   NY=14  ( 1)  |  1  0                                                      *
*   NY=15  ( 0)  |  0                                                         *
*                                                                             *
*                                                                             *
*        NZ ===>>>  0  1  2  3  4  5  6  7  8  9 10 11 12 13 14 15 16 17 18   *
*        MAX.NY => 15 14 13 13 12 11 11 10  9  9  8  7  7  6  6  5  4  4  3   *
*                 ---------------------------------------------------------   *
*   NY= 0  (23)  | 15 14 13 13 12 11 11 10  9  9  8  7  7  6  6  5  4  4  3   *
*   NY= 1  (21)  | 14 13 12 12 11 10 10  9  8  8  7  6  6  5  5  4  3  3  2   *
*   NY= 2  (20)  | 13 12 11 11 10  9  9  8  7  7  6  5  5  4  4  3  2  2  1   *
*   NY= 3  (18)  | 12 11 10 10  9  8  8  7  6  6  5  4  4  3  3  2  1  1  0   *
*   NY= 4  (17)  | 11 10  9  9  8  7  7  6  5  5  4  3  3  2  2  1  0  0      *
*   NY= 5  (15)  | 10  9  8  8  7  6  6  5  4  4  3  2  2  1  1  0            *
*   NY= 6  (14)  |  9  8  7  7  6  5  5  4  3  3  2  1  1  0  0               *
*   NY= 7  (12)  |  8  7  6  6  5  4  4  3  2  2  1  0  0                     *
*   NY= 8  (10)  |  7  6  5  5  4  3  3  2  1  1  0                           *
*   NY= 9  ( 9)  |  6  5  4  4  3  2  2  1  0  0                              *
*   NY=10  ( 7)  |  5  4  3  3  2  1  1  0                                    *
*   NY=11  ( 6)  |  4  3  2  2  1  0  0                                       *
*   NY=12  ( 4)  |  3  2  1  1  0                                             *
*   NY=13  ( 3)  |  2  1  0  0                                                *
*   NY=14  ( 1)  |  1  0                                                      *
*   NY=15  ( 0)  |  0                                                         *
*                                                                             *
*                                                                             *
*        NZ ===>>>  0  1  2  3  4  5  6  7  8  9 10 11 12 13 14 15 16 17 18   *
*        MAX.NX => 15 14 13 13 12 11 11 10  9  9  8  7  7  6  6  5  4  4  3   *
*                 ---------------------------------------------------------   *
*   NX= 0  (23)  | 15 14 13 13 12 11 11 10  9  9  8  7  7  6  6  5  4  4  3   *
*   NX= 1  (21)  | 14 13 12 12 11 10 10  9  8  8  7  6  6  5  5  4  3  3  2   *
*   NX= 2  (20)  | 13 12 11 11 10  9  9  8  7  7  6  5  5  4  4  3  2  2  1   *
*   NX= 3  (18)  | 12 11 10 10  9  8  8  7  6  6  5  4  4  3  3  2  1  1  0   *
*   NX= 4  (17)  | 11 10  9  9  8  7  7  6  5  5  4  3  3  2  2  1  0  0      *
*   NX= 5  (15)  | 10  9  8  8  7  6  6  5  4  4  3  2  2  1  1  0            *
*   NX= 6  (14)  |  9  8  7  7  6  5  5  4  3  3  2  1  1  0  0               *
*   NX= 7  (12)  |  8  7  6  6  5  4  4  3  2  2  1  0  0                     *
*   NX= 8  (10)  |  7  6  5  5  4  3  3  2  1  1  0                           *
*   NX= 9  ( 9)  |  6  5  4  4  3  2  2  1  0  0                              *
*   NX=10  ( 7)  |  5  4  3  3  2  1  1  0                                    *
*   NX=11  ( 6)  |  4  3  2  2  1  0  0                                       *
*   NX=12  ( 4)  |  3  2  1  1  0                                             *
*   NX=13  ( 3)  |  2  1  0  0                                                *
*   NX=14  ( 1)  |  1  0                                                      *
*   NX=15  ( 0)  |  0                                                         *
*                                                                             *
*******************************************************************************

*******************************************************************************
*                                                                             *
* NUCLIDE: N =  98  Z =  78  NUMBER OF ITERATIONS = 1000   CONTINUATION? = 1  *
*                                                                             *
*******************************************************************************
*                                                                             *
* ITERATIONS WILL STOP WHEN THE STABILITY BECOMES LOWER THAN EPSITE=0.300000  *
*                                            FOR    5 CONSECUTIVE ITERATIONS  *
*                                                                             *
*******************************************************************************
*                                                                             *
* ITERATIONS WILL STOP WHEN THE PING-PONG DIVERGENCE OCCURS FOR EPSPNG=0.010  *
*                                DURING    5 PAIRS OF CONSECUTIVE ITERATIONS  *
*                                                                             *
*******************************************************************************
*                                                                             *
* ITERATIONS WILL STOP FOR CHAOTIC-DIVERGENCE CONDITION OCCURING   20  TIMES  *
*                                                                             *
*******************************************************************************
*                                                                             *
* SLOW-DOWN PARAMETERS:                                                       *
* TIME-EVEN = 0.85   TIME-ODD = 0.85   PAIRING = 0.85   LIPKIN-NOGAMI = 0.85  *
*                    LIP-MASS = 0.50   LIP-MOI = 0.50   LIPKIN-METHOD = 0.50  *
*                                                                             *
*******************************************************************************
*                                                                             *
* BROYDEN METHOD IS:  ON                                                      *
*                                                                             *
*    TRIGGERED ONLY WHEN STABILITY IS LOWER THAN :  1000.000 MEV              *
*    INITIAL SLOWING FACTOR (BEFORE TRIGGER)     :     0.85 (=SLOWEV)         *
*    BROYDEN SLOWING FACTOR (AFTER  TRIGGER)     :     0.40 (=1-ALPHAM)       *
*    NUMBER OF ITERATIONS RETAINED IN MEMORY     :    10                      *
*                                                                             *
*******************************************************************************
*                                                                             *
* DIRECT COULOMB TERMS SOLVED BY GREEN FUNCTION AND FOURIER TRANSFORM METHOD  *
* COULOMB PARAMETERS:  NUMCOU = 80  NUMETA = 79  BOUCOU = 20.0  FURMAX =0.25  *
*                                                                             *
*******************************************************************************
*                                                                             *
* EXCHANGE COULOMB TERMS TREATED BY THE SLATER APPROXIMATION                  *
*                                                                             *
*******************************************************************************
*                                                                             *
* MAXIMUM NUMBERS OF MULTIPOLE MOMENTS USED FOR THE CONSTRAINTS,    NMUCON=4  *
*                                           FOR THE COULOMB FIELD,  NMUCOU=4  *
*                                           FOR THE OUTPUT INFO,    NMUPRI=4  *
*                                                                             *
*******************************************************************************
*                                                                             *
* MULTIPOLE CONSTRAINTS: LAMBDA= 2  MIU= 0  MOMENT= 97.000  STIFFNESS= 0.500  *
*                        LAMBDA= 3  MIU= 0  MOMENT= 30.000  STIFFNESS= 0.500  *
*                                                                             *
*******************************************************************************
*                                                                             *
* LINEAR MULTIPOLE CONSTRAINTS: LAMBDA= 2  MIU= 0  LAGRANGE PAR. USED= 0.000  *
*                               LAMBDA= 3  MIU= 0  LAGRANGE PAR. USED= 0.000  *
*                                                                             *
*******************************************************************************
*                                                                             *
* THE LAGRANGE PARAMETERS OF THE LINEAR CONSTRAINTS ARE RE-ADJUSTED AT EACH   *
* ITERATION BY USING THE CRANKING APPROXIMATION OF THE RPA MATRIX             *
*                                                                             *
*******************************************************************************
*                                                                             *
* PRINTING THE RESULTS FOR THE FOLLOWING ITERATIONS:         THE  FIRST: YES  *
*                                                            THE MIDDLE:  NO  *
*                                                     AND/OR THE   LAST: YES  *
*                                                                             *
*******************************************************************************
*                                                                             *
* PRINTING THE MOMENTS, RADII, AND DEFORMATIONS FOR:           NEUTRONS: YES  *
*                                                              PROTONS : YES  *
*                                                              MASS    : YES  *
*                                                                             *
*******************************************************************************
*                                                                             *
* PRINTING THE MOMENTS, MOMENTA AND DEFORMATIONS IN THE INTRINSIC FRAME: YES  *
*                                                                             *
*******************************************************************************
*                                                                             *
* NILSSON LABELS OF SINGLE-PARTICLE STATES SHOWN WITH RESPECT TO THE: Z-AXIS  *
*                                                                             *
*******************************************************************************
*                                                                             *
* CALCULATIONS WITH THE HFB PAIRING CORRELATIONS                              *
*                                                                             *
*******************************************************************************
*                                                                             *
* CONTACT PAIRING INTERACTION:     V0        V1       RHO-SAT      POWER      *
*                    NEUTRONS:  -234.380   732.438     0.320     1.0000000    *
*                     PROTONS:  -260.437   813.866     0.320     1.0000000    *
*                                                                             *
*******************************************************************************
*                                                                             *
* CUTOFF ENERGY DEFINING THE ACTIVE HFB PAIRING SPACE=      60.000            *
*                                                                             *
*******************************************************************************
*                                                                             *
* CALCULATIONS WITH SIMPLEX SYMMETRY                                          *
*                                                                             *
*******************************************************************************
*                                                                             *
* CALCULATIONS WITH TIME-ODD SYMMETRIES:        T*SIMPLEX_X =>     CONSERVED  *
*                                               T*SIMPLEX_Y =>     CONSERVED  *
*                                               T*SIMPLEX_Z => NON CONSERVED  *
*                                                                             *
*******************************************************************************
*                                                                             *
* CALCULATIONS WITHOUT ROTATION                                               *
*                                                                             *
*******************************************************************************

*******************************************************************************
*                                                                             *
*  CALLING SUBROUTINE "RECORD" TO READ THE REPLAY FILE OBTAINED PREVIOUSLY    *
*  ./restart/HFODD_00000076.REC                                               *
*                                                                             *
*******************************************************************************

*******************************************************************************
*                                                                             *
*  SINGLE-QUASIPARTICLE PROPERTIES:                                NEUTRONS   *
*                                                                             *
*******************************************************************************
*                                                                             *
*  NO)   ENERGY   (S=+,S=-)       PARITY   V2QUAP   EEQUIV   DEQUIV   V_CORR  *
*                                                                             *
*  49)    9.850   (  0, 25)       -0.510  0.99590  -19.334    1.260  1.00006  *
*  50)    9.850   ( 25,  0)       -0.510  0.99590  -19.334    1.260  1.00006  *
*  51)    9.221   ( 26,  0)       -0.170  0.99489  -18.692    1.315  1.00009  *
*  52)    9.221   (  0, 26)       -0.170  0.99489  -18.692    1.315  1.00009  *
*  55)    8.975   (  0, 28)        0.412  0.99887  -18.520    0.602  1.00002  *
*  56)    8.975   ( 28,  0)        0.412  0.99887  -18.520    0.602  1.00002  *
*  57)    7.662   (  0, 29)       -0.668  0.99868  -17.207    0.556  1.00003  *
*  58)    7.662   ( 29,  0)       -0.668  0.99868  -17.207    0.556  1.00003  *
*  59)    7.472   (  0, 30)        0.106  0.99850  -17.015    0.579  1.00003  *
*  60)    7.472   ( 30,  0)        0.106  0.99850  -17.015    0.579  1.00003  *
*  61)    6.750   ( 31,  0)       -0.192  0.99841  -16.293    0.538  1.00004  *
*  62)    6.750   (  0, 31)       -0.192  0.99841  -16.293    0.538  1.00004  *
*  63)    6.225   ( 32,  0)       -0.087  0.99817  -15.767    0.532  1.00005  *
*  64)    6.225   (  0, 32)       -0.087  0.99817  -15.767    0.532  1.00005  *
*  65)    5.877   ( 33,  0)        0.080  0.99750  -15.413    0.587  1.00007  *
*  66)    5.877   (  0, 33)        0.080  0.99750  -15.413    0.587  1.00007  *
*  67)    5.515   ( 34,  0)        0.115  0.99792  -15.057    0.502  1.00006  *
*  68)    5.515   (  0, 34)        0.115  0.99792  -15.057    0.502  1.00006  *
*  69)    5.459   (  0, 35)        0.293  0.99744  -14.996    0.552  1.00007  *
*  70)    5.459   ( 35,  0)        0.293  0.99744  -14.996    0.552  1.00007  *
*  71)    5.294   ( 36,  0)        0.194  0.99686  -14.826    0.592  1.00009  *
*  72)    5.294   (  0, 36)        0.194  0.99686  -14.826    0.592  1.00009  *
*  73)    4.655   (  0, 37)        0.568  0.99582  -14.181    0.601  1.00014  *
*  74)    4.655   ( 37,  0)        0.568  0.99582  -14.181    0.601  1.00014  *
*  75)    4.610   ( 38,  0)       -0.099  0.99303  -14.111    0.767  1.00023  *
*  76)    4.610   (  0, 38)       -0.099  0.99303  -14.111    0.767  1.00023  *
*  77)    3.952   (  0, 39)       -0.379  0.99408  -13.470    0.606  1.00023  *
*  78)    3.952   ( 39,  0)       -0.379  0.99408  -13.470    0.606  1.00023  *
*  79)    3.497   (  0, 40)       -0.652  0.99363  -13.017    0.556  1.00027  *
*  80)    3.497   ( 40,  0)       -0.652  0.99363  -13.017    0.556  1.00027  *
*  81)    2.501   (  0, 41)       -0.672  0.98880  -12.010    0.526  1.00065  *
*  82)    2.501   ( 41,  0)       -0.672  0.98880  -12.010    0.526  1.00065  *
*  83)    2.397   ( 42,  0)        0.113  0.99088  -11.918    0.456  1.00055  *
*  84)    2.397   (  0, 42)        0.113  0.99088  -11.918    0.456  1.00055  *
*  85)    2.349   (  0, 43)       -0.607  0.98921  -11.863    0.485  1.00067  *
*  86)    2.349   ( 43,  0)       -0.607  0.98921  -11.863    0.485  1.00067  *
*  87)    2.276   (  0, 44)       -0.317  0.98608  -11.778    0.533  1.00088  *
*  88)    2.276   ( 44,  0)       -0.317  0.98608  -11.778    0.533  1.00088  *
*  89)    1.019   (  0, 45)       -0.066  0.93045  -10.442    0.518  1.00897  *
*  90)    1.019   ( 45,  0)       -0.066  0.93045  -10.442    0.518  1.00897  *
*  91)    0.761   (  0, 46)        0.027  0.86634  -10.122    0.518  1.02229  *
*  92)    0.761   ( 46,  0)        0.027  0.86634  -10.122    0.518  1.02229  *
*  93)    0.702   (  0, 47)       -0.303  0.83656  -10.037    0.519  1.02939  *
*  94)    0.702   ( 47,  0)       -0.303  0.83656  -10.037    0.519  1.02939  *
*  95)    0.607   ( 48,  0)        0.514  0.80040   -9.930    0.485  1.04076  *
*  96)    0.607   (  0, 48)        0.514  0.80040   -9.930    0.485  1.04076  *
*  97)    0.526   ( 49,  0)       -0.021  0.51961   -9.586    0.526  1.12895  *
*  98)    0.526   (  0, 49)       -0.021  0.51961   -9.586    0.526  1.12895  *
*  99)    0.530   ( 50,  0)       -0.310  0.35912   -9.416    0.508  1.19200  *
* 100)    0.530   (  0, 50)       -0.310  0.35912   -9.416    0.508  1.19200  *
* 101)    1.042   ( 51,  0)        0.352  0.06199   -8.652    0.503  1.16466  *
* 102)    1.042   (  0, 51)        0.352  0.06199   -8.652    0.503  1.16466  *
* 103)    1.328   ( 52,  0)        0.631  0.03613   -8.332    0.496  1.13000  *
* 104)    1.328   (  0, 52)        0.631  0.03613   -8.332    0.496  1.13000  *
* 105)    1.419   ( 53,  0)        0.303  0.03447   -8.244    0.518  1.12104  *
* 106)    1.419   (  0, 53)        0.303  0.03447   -8.244    0.518  1.12104  *
* 107)    1.759   ( 54,  0)        0.508  0.01982   -7.876    0.490  1.09741  *
* 108)    1.759   (  0, 54)        0.508  0.01982   -7.876    0.490  1.09741  *
* 109)    1.896   ( 55,  0)        0.190  0.01105   -7.710    0.397  1.09071  *
* 110)    1.896   (  0, 55)        0.190  0.01105   -7.710    0.397  1.09071  *
* 111)    3.167   ( 56,  0)        0.147  0.00325   -6.418    0.361  1.05291  *
* 112)    3.167   (  0, 56)        0.147  0.00325   -6.418    0.361  1.05291  *
* 113)    3.208   ( 57,  0)       -0.002  0.00772   -6.406    0.562  1.05194  *
* 114)    3.208   (  0, 57)       -0.002  0.00772   -6.406    0.562  1.05194  *
* 115)    3.704   ( 58,  0)        0.251  0.00301   -5.883    0.406  1.04491  *
* 116)    3.704   (  0, 58)        0.251  0.00301   -5.883    0.406  1.04491  *
* 117)    4.047   ( 59,  0)       -0.190  0.00355   -5.547    0.482  1.04093  *
* 118)    4.047   (  0, 59)       -0.190  0.00355   -5.547    0.482  1.04093  *
* 119)    4.053   ( 60,  0)       -0.052  0.00343   -5.539    0.474  1.04087  *
* 120)    4.053   (  0, 60)       -0.052  0.00343   -5.539    0.474  1.04087  *
* 121)    4.206   ( 61,  0)       -0.285  0.00508   -5.402    0.598  1.03925  *
* 122)    4.206   (  0, 61)       -0.285  0.00508   -5.402    0.598  1.03925  *
* 123)    4.258   ( 62,  0)        0.173  0.00389   -5.340    0.530  1.03881  *
* 124)    4.258   (  0, 62)        0.173  0.00389   -5.340    0.530  1.03881  *
* 125)    4.391   ( 63,  0)       -0.418  0.00347   -5.204    0.516  1.03760  *
* 126)    4.391   (  0, 63)       -0.418  0.00347   -5.204    0.516  1.03760  *
* 127)    4.775   (  0, 64)       -0.307  0.00652   -4.852    0.769  1.03436  *
* 128)    4.775   ( 64,  0)       -0.307  0.00652   -4.852    0.769  1.03436  *
* 129)    4.789   ( 65,  0)       -0.371  0.00301   -4.805    0.524  1.03439  *
* 130)    4.789   (  0, 65)       -0.371  0.00301   -4.805    0.524  1.03439  *
* 131)    4.934   ( 66,  0)        0.011  0.00300   -4.660    0.539  1.03335  *
* 132)    4.934   (  0, 66)        0.011  0.00300   -4.660    0.539  1.03335  *
* 133)    5.447   ( 67,  0)        0.629  0.00138   -4.133    0.404  1.03017  *
* 134)    5.447   (  0, 67)        0.629  0.00138   -4.133    0.404  1.03017  *
* 135)    6.023   (  0, 68)        0.476  0.00205   -3.566    0.545  1.02718  *
* 136)    6.023   ( 68,  0)        0.476  0.00205   -3.566    0.545  1.02718  *
* 137)    6.516   (  0, 69)        0.388  0.00184   -3.073    0.559  1.02508  *
* 138)    6.516   ( 69,  0)        0.388  0.00184   -3.073    0.559  1.02508  *
* 139)    6.606   ( 70,  0)        0.654  0.00079   -2.969    0.371  1.02476  *
* 140)    6.606   (  0, 70)        0.654  0.00079   -2.969    0.371  1.02476  *
* 141)    6.639   ( 71,  0)       -0.098  0.00101   -2.940    0.421  1.02463  *
* 142)    6.639   (  0, 71)       -0.098  0.00101   -2.940    0.421  1.02463  *
* 143)    7.184   (  0, 72)        0.416  0.00088   -2.394    0.426  1.02272  *
* 144)    7.184   ( 72,  0)        0.416  0.00088   -2.394    0.426  1.02272  *
* 145)    7.717   (  0, 73)       -0.428  0.00101   -1.864    0.491  1.02111  *
* 146)    7.717   ( 73,  0)       -0.428  0.00101   -1.864    0.491  1.02111  *
* 147)    8.175   ( 74,  0)        0.729  0.00082   -1.404    0.469  1.01991  *
* 148)    8.175   (  0, 74)        0.729  0.00082   -1.404    0.469  1.01991  *
* 149)    8.394   (  0, 75)       -0.148  0.00087   -1.186    0.496  1.01938  *
* 150)    8.394   ( 75,  0)       -0.148  0.00087   -1.186    0.496  1.01938  *
* 151)    8.570   ( 76,  0)       -0.535  0.00060   -1.005    0.420  1.01898  *
* 152)    8.570   (  0, 76)       -0.535  0.00060   -1.005    0.420  1.01898  *
* 153)    8.658   ( 77,  0)        0.051  0.00084   -0.921    0.501  1.01878  *
* 154)    8.658   (  0, 77)        0.051  0.00084   -0.921    0.501  1.01878  *
* 155)    9.167   ( 78,  0)        0.357  0.00080   -0.413    0.519  1.01772  *
* 156)    9.167   (  0, 78)        0.357  0.00080   -0.413    0.519  1.01772  *
* 159)    9.465   ( 80,  0)       -0.320  0.00071   -0.114    0.503  1.01715  *
* 160)    9.465   (  0, 80)       -0.320  0.00071   -0.114    0.503  1.01715  *
* 161)    9.551   (  0, 81)        0.099  0.00277   -0.067    1.004  1.01696  *
* 162)    9.551   ( 81,  0)        0.099  0.00277   -0.067    1.004  1.01696  *
* 163)    9.751   (  0, 82)        0.273  0.00874    0.016    1.816  1.01650  *
* 164)    9.751   ( 82,  0)        0.273  0.00874    0.016    1.816  1.01650  *
* 165)    9.663   (  0, 83)        0.378  0.00068    0.085    0.505  1.01680  *
* 166)    9.663   ( 83,  0)        0.378  0.00068    0.085    0.505  1.01680  *
* 167)    9.778   ( 84,  0)       -0.261  0.00072    0.199    0.525  1.01659  *
* 168)    9.778   (  0, 84)       -0.261  0.00072    0.199    0.525  1.01659  *
*                                                                             *
*1670)   TOTAL=  ( 835, 835)                                                  *
*                                                                             *
*******************************************************************************

*******************************************************************************
*                                                                             *
*  SINGLE-PARTICLE PROPERTIES: CANONICAL                           NEUTRONS   *
*                                                                             *
*******************************************************************************
*                                                                             *
*  NO)   ENERGY   (S=+,S=-)   | N,nz,lz,OMEz>   <P>    <JY>    <SY>   GFACT   *
*                                                                             *
*  42)  -11.920   ( 42,---)   | 6, 2, 4, 9/2>    11   0.000   0.000   1.443   *
*  43)  -11.872   ( 43,---)   | 3, 0, 1, 1/2>   -63   0.139  -0.018  -0.132   *
*  44)  -11.793   ( 44,---)   | 5, 4, 1, 3/2>   -34   0.000  -0.000  -0.480   *
*  45)  -10.460   ( 45,---)   | 5, 3, 0, 1/2>    -3  -0.474  -0.394   0.832   *
*  46)  -10.124   ( 46,---)   | 5, 3, 2, 3/2>     5  -0.000   0.000  -8.959   *
*  47)  -10.041   ( 47,---)   | 5, 2, 3, 7/2>   -27   0.000  -0.000  -0.228   *
*  48)   -9.934   ( 48,---)   | 4, 1, 1, 3/2>    50  -0.000   0.000  -9.870   *
*  49)   -9.586   ( 49,---)   | 5, 3, 2, 5/2>    -3   0.000  -0.000  -0.834   *
*  50)   -9.415   ( 50,---)   | 5, 4, 1, 1/2>   -32   0.102  -0.178  -1.738   *
*  51)   -8.620   ( 51,---)   | 4, 1, 1, 1/2>    37   0.306  -0.036  -0.119   *
*  52)   -8.309   ( 52,---)   | 4, 0, 4, 9/2>    70   0.000   0.000   1.036   *
*  53)   -8.220   ( 53,---)   | 4, 1, 3, 5/2>    26   0.000  -0.000  -0.418   *
*  54)   -7.838   ( 54,---)   | 6, 6, 0, 1/2>    50  -2.358  -0.386   0.164   *
*  55)   -7.630   ( 55,---)   | 4, 0, 2, 5/2>    15   0.000   0.000   1.966   *
*  56)   -6.292   ( 56,---)   | 6, 5, 1, 3/2>    25   0.000  -0.000  -0.246   *
*  57)   -5.738   ( 57,---)   | 6, 2, 0, 1/2>    10  -0.352  -0.444   1.263   *
*  58)   -5.585   ( 58,---)   | 5, 3, 0, 1/2>   -21  -0.263  -0.402   1.532   *
*  59)   -5.468   ( 59,---)   | 5, 2, 1, 3/2>    -4   0.000   0.000   0.462   *
*  60)   -5.358   ( 60,---)   | 6, 2, 2, 3/2>    13  -0.000  -0.000   0.597   *
*  61)   -5.344   ( 61,---)   | 6, 3, 3, 7/2>    -8  -0.000  -0.000   1.317   *
*  62)   -5.231   ( 62,---)   | 4, 0, 4, 7/2>    18  -0.000  -0.000   0.451   *
*  63)   -5.029   ( 63,---)   | 5, 1, 4, 9/2>   -57   0.000   0.000   0.577   *
*  64)   -4.662   ( 64,---)   | 5, 3, 2, 3/2>   -33  -0.000   0.000  -3.730   *
*  65)   -4.637   ( 65,---)   | 5, 2, 3, 5/2>     0  -0.000   0.000  -0.032   *
*  66)   -4.312   ( 66,---)   | 5, 2, 1, 1/2>   -23   0.325  -0.100  -0.309   *
*  67)   -3.474   ( 67,---)   | 4, 0, 2, 5/2>    67   0.000   0.000   1.949   *
*  68)   -3.152   ( 68,---)   | 6, 5, 1, 1/2>    41   0.223  -0.174  -0.780   *
*  69)   -2.793   ( 69,---)   | 6, 4, 2, 5/2>    19  -0.000  -0.000   0.345   *
*  70)   -2.520   ( 70,---)   | 5, 0, 5,11/2>   -14   0.000  -0.000  -0.037   *
*  71)   -1.760   ( 71,---)   | 4, 0, 0, 1/2>    66  -0.389  -0.489   1.258   *
*  72)   -1.331   ( 72,---)   | 7, 7, 0, 1/2>   -44  -2.715  -0.342   0.126   *
*  73)   -0.983   ( 73,---)   | 6, 3, 1, 3/2>    -1   0.000   0.000   0.077   *
*  74)   -0.678   ( 74,---)   | 4, 0, 4, 7/2>    68   0.000  -0.000  -0.063   *
*  75)   -0.663   ( 75,---)   | 4, 0, 2, 3/2>    47  -0.000  -0.000   0.102   *
*  76)   -0.419   ( 76,---)   | 6, 2, 4, 9/2>    34  -0.000   0.000  -0.026   *
*                                                                             *
*******************************************************************************

*******************************************************************************
*                                                                             *
*  HFB PAIRING PROPERTIES                                           NEUTRONS  *
*                                                                             *
*  STRENGTH= 0.0527   GAP= 0.5068   FERMI ENERGY= -9.4051   ENERGY=  -4.8763  *
*                                                                             *
*******************************************************************************

*******************************************************************************
*                                                                             *
*  MULTIPOLE MOMENTS [UNITS:  (10 FERMI)^LAMBDA]                    NEUTRONS  *
*                                                                             *
*******************************************************************************
*                                                                             *
*  Q00 = 98.0000  .............  .............  .............  .............  *
*                                                                             *
*  Q10 = 28.3353  Q11 =    ZERO  .............  .............  .............  *
*                                                                             *
*  Q20 = 54.8077  Q21 =    ZERO  Q22 = 7.9E-05  .............  .............  *
*                                                                             *
*  Q30 = 12.9457  Q31 =    ZERO  Q32 =-1.4E-05  Q33 =    ZERO  .............  *
*                                                                             *
*  Q40 = 11.8778  Q41 =    ZERO  Q42 =-5.9E-06  Q43 =    ZERO  Q44 =-2.2E-07  *
*                                                                             *
*******************************************************************************

*******************************************************************************
*                                                                             *
*  ROOT-MEAN-SQUARE AND GEOMETRIC SIZES IN FERMIS                   NEUTRONS  *
*                                                                             *
*  R_RMS =  6.7504     X_RMS =  2.4224    Y_RMS =  2.4224    Z_RMS =  5.8165  *
*                                                                             *
*  R_GEO =  8.7147     X_GEO =  5.4167    Y_GEO =  5.4167    Z_GEO = 13.0060  *
*                                                                             *
*******************************************************************************

*******************************************************************************
*                                                                             *
*  BOHR DEFORMATIONS (FIRST-ORDER APPROXIMATION)                    NEUTRONS  *
*                                                                             *
*******************************************************************************
*                                                                             *
*  B10 =  0.6790  B11 =    ZERO  .............  .............  .............  *
*                                                                             *
*  B20 =  0.9729  B21 =    ZERO  B22 = 1.4E-06  .............  .............  *
*                                                                             *
*  B30 =  0.8360  B31 =    ZERO  B32 =-1.3E-06  B33 =    ZERO  .............  *
*                                                                             *
*  B40 =  0.8802  B41 =    ZERO  B42 =-6.2E-07  B43 =    ZERO  B44 =-2.3E-08  *
*                                                                             *
*******************************************************************************
*                                                                             *
*  BOHR DENSITY = 0.0353 FM^(-3)  BOHR RADIUS =   8.7147 FM                   *
*                                                                             *
*******************************************************************************

*******************************************************************************
*                                                                             *
*  SINGLE-QUASIPARTICLE PROPERTIES:                                 PROTONS   *
*                                                                             *
*******************************************************************************
*                                                                             *
*  NO)   ENERGY   (S=+,S=-)       PARITY   V2QUAP   EEQUIV   DEQUIV   V_CORR  *
*                                                                             *
*  37)    9.847   (  0, 19)        0.553  0.99914  -12.312    0.578  1.00001  *
*  38)    9.847   ( 19,  0)        0.553  0.99914  -12.312    0.578  1.00001  *
*  39)    9.379   ( 20,  0)       -0.654  0.99917  -11.845    0.542  1.00001  *
*  40)    9.379   (  0, 20)       -0.654  0.99917  -11.845    0.542  1.00001  *
*  41)    8.716   (  0, 21)        0.402  0.99860  -11.173    0.652  1.00002  *
*  42)    8.716   ( 21,  0)        0.402  0.99860  -11.173    0.652  1.00002  *
*  43)    9.126   ( 22,  0)        0.529  0.89920   -9.768    5.495  1.00104  *
*  44)    9.126   (  0, 22)        0.529  0.89920   -9.768    5.495  1.00104  *
*  45)    7.061   (  0, 23)        0.210  0.99872   -9.525    0.505  1.00002  *
*  46)    7.061   ( 23,  0)        0.210  0.99872   -9.525    0.505  1.00002  *
*  47)    6.796   ( 24,  0)       -0.180  0.99880   -9.261    0.470  1.00002  *
*  48)    6.796   (  0, 24)       -0.180  0.99880   -9.261    0.470  1.00002  *
*  49)    6.545   ( 25,  0)       -0.132  0.99809   -9.001    0.572  1.00003  *
*  50)    6.545   (  0, 25)       -0.132  0.99809   -9.001    0.572  1.00003  *
*  51)    6.432   (  0, 26)       -0.575  0.99831   -8.891    0.529  1.00002  *
*  52)    6.432   ( 26,  0)       -0.575  0.99831   -8.891    0.529  1.00002  *
*  53)    5.482   ( 27,  0)        0.498  0.99681   -7.928    0.618  1.00005  *
*  54)    5.482   (  0, 27)        0.498  0.99681   -7.928    0.618  1.00005  *
*  55)    5.340   ( 28,  0)       -0.265  0.99761   -7.795    0.521  1.00004  *
*  56)    5.340   (  0, 28)       -0.265  0.99761   -7.795    0.521  1.00004  *
*  57)    4.074   ( 29,  0)       -0.670  0.99487   -6.513    0.582  1.00012  *
*  58)    4.074   (  0, 29)       -0.670  0.99487   -6.513    0.582  1.00012  *
*  59)    3.875   (  0, 30)        0.018  0.99577   -6.323    0.503  1.00010  *
*  60)    3.875   ( 30,  0)        0.018  0.99577   -6.323    0.503  1.00010  *
*  61)    2.502   ( 31,  0)       -0.099  0.99167   -4.941    0.455  1.00030  *
*  62)    2.502   (  0, 31)       -0.099  0.99167   -4.941    0.455  1.00030  *
*  63)    2.318   (  0, 32)       -0.166  0.99050   -4.755    0.450  1.00037  *
*  64)    2.318   ( 32,  0)       -0.166  0.99050   -4.755    0.450  1.00037  *
*  65)    2.119   (  0, 33)        0.305  0.98700   -4.545    0.480  1.00055  *
*  66)    2.119   ( 33,  0)        0.305  0.98700   -4.545    0.480  1.00055  *
*  67)    2.073   ( 34,  0)        0.303  0.98706   -4.501    0.469  1.00056  *
*  68)    2.073   (  0, 34)        0.303  0.98706   -4.501    0.469  1.00056  *
*  69)    1.834   (  0, 35)        0.233  0.98274   -4.252    0.478  1.00083  *
*  70)    1.834   ( 35,  0)        0.233  0.98274   -4.252    0.478  1.00083  *
*  71)    1.256   ( 36,  0)       -0.173  0.95117   -3.615    0.541  1.00334  *
*  72)    1.256   (  0, 36)       -0.173  0.95117   -3.615    0.541  1.00334  *
*  73)    0.986   ( 37,  0)        0.642  0.93862   -3.346    0.473  1.00522  *
*  74)    0.986   (  0, 37)        0.642  0.93862   -3.346    0.473  1.00522  *
*  75)    1.048   (  0, 38)       -0.188  0.64447   -2.784    1.003  1.03041  *
*  76)    1.048   ( 38,  0)       -0.188  0.64447   -2.784    1.003  1.03041  *
*  77)    0.501   ( 39,  0)       -0.333  0.48851   -2.470    0.501  1.09156  *
*  78)    0.501   (  0, 39)       -0.333  0.48851   -2.470    0.501  1.09156  *
*  79)    0.560   ( 40,  0)       -0.586  0.25812   -2.210    0.490  1.13245  *
*  80)    0.560   (  0, 40)       -0.586  0.25812   -2.210    0.490  1.13245  *
*  81)    1.070   ( 41,  0)       -0.331  0.36442   -2.191    1.030  1.05668  *
*  82)    1.070   (  0, 41)       -0.331  0.36442   -2.191    1.030  1.05668  *
*  83)    1.404   (  0, 42)       -0.909  0.05061   -1.220    0.615  1.06821  *
*  84)    1.404   ( 42,  0)       -0.909  0.05061   -1.220    0.615  1.06821  *
*  85)    1.535   (  0, 43)       -0.227  0.02534   -1.024    0.482  1.06399  *
*  86)    1.535   ( 43,  0)       -0.227  0.02534   -1.024    0.482  1.06399  *
*  87)    1.973   (  0, 44)        0.142  0.01203   -0.556    0.430  1.04987  *
*  88)    1.973   ( 44,  0)        0.142  0.01203   -0.556    0.430  1.04987  *
*  89)    2.826   ( 45,  0)        0.108  0.00728    0.303    0.480  1.03449  *
*  90)    2.826   (  0, 45)        0.108  0.00728    0.303    0.480  1.03449  *
*  91)    2.997   ( 46,  0)        0.221  0.00656    0.476    0.484  1.03248  *
*  92)    2.997   (  0, 46)        0.221  0.00656    0.476    0.484  1.03248  *
*  93)    3.246   (  0, 47)       -0.273  0.00622    0.724    0.510  1.02993  *
*  94)    3.246   ( 47,  0)       -0.273  0.00622    0.724    0.510  1.02993  *
*  95)    3.614   (  0, 48)        0.040  0.00425    1.102    0.470  1.02685  *
*  96)    3.614   ( 48,  0)        0.040  0.00425    1.102    0.470  1.02685  *
*  97)    3.618   (  0, 49)        0.514  0.00402    1.107    0.458  1.02683  *
*  98)    3.618   ( 49,  0)        0.514  0.00402    1.107    0.458  1.02683  *
*  99)    3.891   ( 50,  0)       -0.468  0.00372    1.381    0.473  1.02491  *
* 100)    3.891   (  0, 50)       -0.468  0.00372    1.381    0.473  1.02491  *
* 101)    4.750   ( 51,  0)        0.466  0.00220    2.248    0.445  1.02035  *
* 102)    4.750   (  0, 51)        0.466  0.00220    2.248    0.445  1.02035  *
* 103)    5.004   (  0, 52)        0.351  0.00344    2.488    0.586  1.01927  *
* 104)    5.004   ( 52,  0)        0.351  0.00344    2.488    0.586  1.01927  *
* 105)    5.217   (  0, 53)        0.818  0.00234    2.711    0.504  1.01849  *
* 106)    5.217   ( 53,  0)        0.818  0.00234    2.711    0.504  1.01849  *
* 107)    5.926   (  0, 54)        0.295  0.00218    3.419    0.553  1.01624  *
* 108)    5.926   ( 54,  0)        0.295  0.00218    3.419    0.553  1.01624  *
* 109)    7.046   (  0, 55)        0.209  0.00137    4.545    0.522  1.01364  *
* 110)    7.046   ( 55,  0)        0.209  0.00137    4.545    0.522  1.01364  *
* 111)    7.271   ( 56,  0)        0.176  0.00064    4.781    0.369  1.01322  *
* 112)    7.271   (  0, 56)        0.176  0.00064    4.781    0.369  1.01322  *
* 113)    9.161   (  0, 57)        0.561  0.10007    4.846    5.498  1.00940  *
* 114)    9.161   ( 57,  0)        0.561  0.10007    4.846    5.498  1.00940  *
* 115)    7.875   (  0, 58)       -0.165  0.00088    5.380    0.467  1.01219  *
* 116)    7.875   ( 58,  0)       -0.165  0.00088    5.380    0.467  1.01219  *
* 117)    8.135   (  0, 59)       -0.240  0.00108    5.636    0.533  1.01179  *
* 118)    8.135   ( 59,  0)       -0.240  0.00108    5.636    0.533  1.01179  *
* 119)    8.138   (  0, 60)       -0.019  0.00116    5.638    0.553  1.01179  *
* 120)    8.138   ( 60,  0)       -0.019  0.00116    5.638    0.553  1.01179  *
* 121)    8.172   (  0, 61)        0.162  0.00073    5.679    0.442  1.01174  *
* 122)    8.172   ( 61,  0)        0.162  0.00073    5.679    0.442  1.01174  *
* 123)    8.348   (  0, 62)       -0.000  0.00078    5.854    0.466  1.01149  *
* 124)    8.348   ( 62,  0)       -0.000  0.00078    5.854    0.466  1.01149  *
* 125)    8.418   (  0, 63)       -0.570  0.00076    5.924    0.463  1.01140  *
* 126)    8.418   ( 63,  0)       -0.570  0.00076    5.924    0.463  1.01140  *
* 127)    8.460   ( 64,  0)       -0.312  0.00086    5.964    0.497  1.01134  *
* 128)    8.460   (  0, 64)       -0.312  0.00086    5.964    0.497  1.01134  *
* 129)    8.833   ( 65,  0)       -0.131  0.00064    6.340    0.446  1.01086  *
* 130)    8.833   (  0, 65)       -0.131  0.00064    6.340    0.446  1.01086  *
* 131)    8.965   ( 66,  0)        0.142  0.00049    6.475    0.396  1.01070  *
* 132)    8.965   (  0, 66)        0.142  0.00049    6.475    0.396  1.01070  *
*                                                                             *
*1302)   TOTAL=  ( 651, 651)                                                  *
*                                                                             *
*******************************************************************************

*******************************************************************************
*                                                                             *
*  SINGLE-PARTICLE PROPERTIES: CANONICAL                            PROTONS   *
*                                                                             *
*******************************************************************************
*                                                                             *
*  NO)   ENERGY   (S=+,S=-)   | N,nz,lz,OMEz>   <P>    <JY>    <SY>   GFACT   *
*                                                                             *
*  21)  -11.592   ( 21,---)   | 2, 0, 0, 1/2>    52  -0.456  -0.496   1.087   *
*  22)  -11.380   ( 22,---)   | 2, 0, 2, 3/2>    51  -0.000  -0.000   0.672   *
*  23)   -9.601   ( 23,---)   | 4, 3, 1, 1/2>     9   0.322  -0.088  -0.274   *
*  24)   -9.235   ( 24,---)   | 5, 2, 3, 7/2>    -8  -0.000  -0.000   0.001   *
*  25)   -9.023   ( 25,---)   | 3, 1, 0, 1/2>   -18  -0.879  -0.437   0.497   *
*  26)   -8.989   ( 26,---)   | 3, 1, 2, 3/2>   -51   0.000   0.000   0.324   *
*  27)   -8.011   ( 27,---)   | 4, 2, 2, 5/2>    52  -0.000   0.000  -0.319   *
*  28)   -7.847   ( 28,---)   | 3, 1, 0, 1/2>    -9  -1.413  -0.448   0.317   *
*  29)   -6.544   ( 29,---)   | 3, 0, 3, 7/2>   -76   0.000   0.000   0.025   *
*  30)   -6.352   ( 30,---)   | 4, 3, 1, 3/2>     6  -0.000  -0.000   1.119   *
*  31)   -4.943   ( 31,---)   | 3, 0, 3, 5/2>    -9  -0.000  -0.000   0.023   *
*  32)   -4.737   ( 32,---)   | 3, 0, 1, 3/2>   -25  -0.000  -0.000   1.266   *
*  33)   -4.563   ( 33,---)   | 4, 2, 0, 1/2>    30  -0.675  -0.413   0.611   *
*  34)   -4.539   ( 34,---)   | 4, 2, 2, 3/2>    38  -0.000   0.000  -0.309   *
*  35)   -4.250   ( 35,---)   | 4, 3, 1, 1/2>    27   0.462  -0.132  -0.286   *
*  36)   -3.678   ( 36,---)   | 3, 0, 1, 1/2>   -21   0.164  -0.034  -0.207   *
*  37)   -3.441   ( 37,---)   | 5, 3, 2, 5/2>   -23  -0.000   0.000  -0.098   *
*  38)   -3.351   ( 38,---)   | 4, 1, 3, 7/2>    64   0.000   0.000   0.173   *
*  39)   -2.470   ( 39,---)   | 5, 5, 0, 1/2>   -34  -1.998  -0.405   0.203   *
*  40)   -2.208   ( 40,---)   | 3, 0, 1, 3/2>   -62  -0.000  -0.000   1.325   *
*  41)   -1.539   ( 41,---)   | 3, 0, 3, 5/2>   -68  -0.000  -0.000   0.560   *
*  42)   -1.133   ( 42,---)   | 3, 0, 1, 1/2>   -59   0.138  -0.015  -0.111   *
*  43)   -1.009   ( 43,---)   | 5, 4, 1, 3/2>   -28   0.000  -0.000  -0.185   *
*  44)   -0.515   ( 44,---)   | 4, 0, 4, 9/2>    16  -0.000  -0.000   0.655   *
*                                                                             *
*******************************************************************************

*******************************************************************************
*                                                                             *
*  HFB PAIRING PROPERTIES                                            PROTONS  *
*                                                                             *
*  STRENGTH= 0.0677   GAP= 0.4778   FERMI ENERGY= -2.3863   ENERGY=  -3.3703  *
*                                                                             *
*******************************************************************************

*******************************************************************************
*                                                                             *
*  MULTIPOLE MOMENTS [UNITS:  (10 FERMI)^LAMBDA]                     PROTONS  *
*                                                                             *
*******************************************************************************
*                                                                             *
*  Q00 = 78.0000  .............  .............  .............  .............  *
*                                                                             *
*  Q10 = 22.6941  Q11 =    ZERO  .............  .............  .............  *
*                                                                             *
*  Q20 = 44.6885  Q21 =    ZERO  Q22 = 1.1E-04  .............  .............  *
*                                                                             *
*  Q30 = 10.5401  Q31 =    ZERO  Q32 =-6.5E-06  Q33 =    ZERO  .............  *
*                                                                             *
*  Q40 =  9.7823  Q41 =    ZERO  Q42 = 9.5E-06  Q43 =    ZERO  Q44 =-1.4E-07  *
*                                                                             *
*******************************************************************************

*******************************************************************************
*                                                                             *
*  ROOT-MEAN-SQUARE AND GEOMETRIC SIZES IN FERMIS                    PROTONS  *
*                                                                             *
*  R_RMS =  6.7464     X_RMS =  2.3712    Y_RMS =  2.3712    Z_RMS =  5.8540  *
*                                                                             *
*  R_GEO =  8.7096     X_GEO =  5.3021    Y_GEO =  5.3021    Z_GEO = 13.0899  *
*                                                                             *
*******************************************************************************

*******************************************************************************
*                                                                             *
*  BOHR DEFORMATIONS (FIRST-ORDER APPROXIMATION)                     PROTONS  *
*                                                                             *
*******************************************************************************
*                                                                             *
*  B10 =  0.6837  B11 =    ZERO  .............  .............  .............  *
*                                                                             *
*  B20 =  0.9978  B21 =    ZERO  B22 = 2.5E-06  .............  .............  *
*                                                                             *
*  B30 =  0.8567  B31 =    ZERO  B32 =-7.5E-07  B33 =    ZERO  .............  *
*                                                                             *
*  B40 =  0.9130  B41 =    ZERO  B42 = 1.3E-06  B43 =    ZERO  B44 =-1.8E-08  *
*                                                                             *
*******************************************************************************
*                                                                             *
*  BOHR DENSITY = 0.0282 FM^(-3)  BOHR RADIUS =   8.7096 FM                   *
*                                                                             *
*******************************************************************************

*******************************************************************************
*                                                                             *
*                  DENSITY INTEGRALS IN THE SKYRME FUNCTIONAL                 *
*                                                                             *
*******************************************************************************
*                                                                             *
*                   TOTAL(T)        SUM(S)      ISOSCALAR(P)  ISOVECTOR(M)    *
*                   --------        ------      ------------  ------------    *
*    DRHO_ =       20.711190     10.468875         20.711190      0.226560    *
*    DRHOD =        9.653279      4.878043          9.653279      0.102806    *
*    DLPR_ =       -4.534036     -2.284894         -4.534036     -0.035751    *
*    DTAU_ =       18.458149      9.394872         18.458149      0.331596    *
*    DSCU_ =        0.139134      0.074674          0.139134      0.010214    *
*    DDIV_ =        0.959074      0.485838          0.959074      0.012602    *
*                                                                             *
*    DSPI_ =        0.000000      0.000000          0.000000      0.000000    *
*    DSPID =        0.000000      0.000000          0.000000      0.000000    *
*    DLPS_ =        0.000000      0.000000          0.000000      0.000000    *
*    DCUR_ =        0.000000      0.000000          0.000000      0.000000    *
*    DKIS_ =        0.000000      0.000000          0.000000      0.000000    *
*    DROT_ =        0.000000      0.000000          0.000000      0.000000    *
*                                                                             *
*******************************************************************************

*******************************************************************************
*                                                                             *
*               CONTRIBUTIONS TO ENERGY IN THE SKYRME FUNCTIONAL              *
*                                                                             *
*******************************************************************************
*                                                                             *
*                 TOTAL(T)        SUM(S)        ISOSCALAR(P)  ISOVECTOR(M)    *
*                 --------        ------        ------------  ------------    *
*    ERHO_ =   -18517.048312   5635.558630     -12942.470156     60.980474    *
*    ERHOD =     9732.567535  -2474.942738       7283.704913    -26.080116    *
*    ELPR_ =     -445.855827    657.752649        206.750961      5.145861    *
*    ETAU_ =      611.999529   -453.504903        166.497940     -8.003314    *
*    ESCU_ =        0.000000      0.000000          0.000000      0.000000    *
*    EDIV_ =      -21.132085    -50.442202        -70.920065     -0.654222    *
*               ============  ============      ============  ============    *
*    SUM EVEN:  -8639.469160   3314.421436      -5356.436407     31.388683    *
*                                                                             *
*    ESPI_ =        0.000000      0.000000          0.000000      0.000000    *
*    ESPID =        0.000000      0.000000          0.000000      0.000000    *
*    ELPS_ =        0.000000      0.000000          0.000000      0.000000    *
*    ECUR_ =        0.000000      0.000000          0.000000      0.000000    *
*    EKIS_ =        0.000000      0.000000          0.000000      0.000000    *
*    EROT_ =        0.000000      0.000000          0.000000      0.000000    *
*               ============  ============      ============  ============    *
*    SUM  ODD:      0.000000      0.000000          0.000000      0.000000    *
*                                                                             *
*******************************************************************************
 
*******************************************************************************
*                                                                             *
*  CENTER-OF-MASS COORDINATES IN FERMIS                                TOTAL  *
*                                                                             *
*  R_CMS =  2.8994     X_CMS =  0.0000    Y_CMS =  0.0000    Z_CMS =  2.8994  *
*                                                                             *
*******************************************************************************

*******************************************************************************
*                                                                             *
*  MULTIPOLE MOMENTS [UNITS:  (10 FERMI)^LAMBDA] [CENT-MASS FRAME]  NEUTRONS  *
*                                                                             *
*******************************************************************************
*                                                                             *
*  Q00 = 98.0000  .............  .............  .............  .............  *
*                                                                             *
*  Q10 = -0.0788  Q11 =    ZERO  .............  .............  .............  *
*                                                                             *
*  Q20 = 38.4224  Q21 =    ZERO  Q22 = 7.9E-05  .............  .............  *
*                                                                             *
*  Q30 = -1.2940  Q31 =    ZERO  Q32 =-2.8E-05  Q33 =    ZERO  .............  *
*                                                                             *
*  Q40 =  4.7994  Q41 =    ZERO  Q42 = 1.8E-05  Q43 =    ZERO  Q44 =-2.2E-07  *
*                                                                             *
*******************************************************************************

*******************************************************************************
*                                                                             *
*  BOHR DEFORMATIONS (FIRST-ORDER APPROXIMATION) [CENT-MASS FRAME]  NEUTRONS  *
*                                                                             *
*******************************************************************************
*                                                                             *
*  B10 = -0.0028  B11 =    ZERO  .............  .............  .............  *
*                                                                             *
*  B20 =  1.5315  B21 =    ZERO  B22 = 3.2E-06  .............  .............  *
*                                                                             *
*  B30 = -0.2812  B31 =    ZERO  B32 =-8.6E-06  B33 =    ZERO  .............  *
*                                                                             *
*  B40 =  1.7934  B41 =    ZERO  B42 = 9.6E-06  B43 =    ZERO  B44 =-1.2E-07  *
*                                                                             *
*******************************************************************************
*                                                                             *
*  BOHR DENSITY = 0.1189 FM^(-3)  BOHR RADIUS =   5.8156 FM                   *
*                                                                             *
*******************************************************************************

*******************************************************************************
*                                                                             *
*  MULTIPOLE MOMENTS [UNITS:  (10 FERMI)^LAMBDA] [CENT-MASS FRAME]   PROTONS  *
*                                                                             *
*******************************************************************************
*                                                                             *
*  Q00 = 78.0000  .............  .............  .............  .............  *
*                                                                             *
*  Q10 =  0.0788  Q11 =    ZERO  .............  .............  .............  *
*                                                                             *
*  Q20 = 31.4830  Q21 =    ZERO  Q22 = 1.1E-04  .............  .............  *
*                                                                             *
*  Q30 = -1.1129  Q31 =    ZERO  Q32 =-2.6E-05  Q33 =    ZERO  .............  *
*                                                                             *
*  Q40 =  4.0535  Q41 =    ZERO  Q42 = 2.8E-05  Q43 =    ZERO  Q44 =-1.4E-07  *
*                                                                             *
*******************************************************************************

*******************************************************************************
*                                                                             *
*  BOHR DEFORMATIONS (FIRST-ORDER APPROXIMATION) [CENT-MASS FRAME]   PROTONS  *
*                                                                             *
*******************************************************************************
*                                                                             *
*  B10 =  0.0036  B11 =    ZERO  .............  .............  .............  *
*                                                                             *
*  B20 =  1.6066  B21 =    ZERO  B22 = 5.7E-06  .............  .............  *
*                                                                             *
*  B30 = -0.3126  B31 =    ZERO  B32 =-1.0E-05  B33 =    ZERO  .............  *
*                                                                             *
*  B40 =  1.9759  B41 =    ZERO  B42 = 1.9E-05  B43 =    ZERO  B44 =-9.6E-08  *
*                                                                             *
*******************************************************************************
*                                                                             *
*  BOHR DENSITY = 0.0974 FM^(-3)  BOHR RADIUS =   5.7612 FM                   *
*                                                                             *
*******************************************************************************

*******************************************************************************
*                                                                             *
*  EULER ANGLES OF THE PRINCIPAL-AXES FRAME IN DEGREES                 TOTAL  *
*                                                                             *
*  ALPHA =180.00000  BETA =  0.00000  GAMMA =  0.00000                        *
*                                                                             *
*******************************************************************************

*******************************************************************************
*                                                                             *
*  ROOT-MEAN-SQUARE AND GEOMETRIC SIZES IN FERMIS                      TOTAL  *
*                                                                             *
*  R_RMS =  6.7486     X_RMS =  2.3999    Y_RMS =  2.3998    Z_RMS =  5.8331  *
*                                                                             *
*  R_GEO =  8.7124     X_GEO =  5.3662    Y_GEO =  5.3662    Z_GEO = 13.0433  *
*                                                                             *
*******************************************************************************

*******************************************************************************
*                                                                             *
*  MULTIPOLE MOMENTS [UNITS:  (10 FERMI)^LAMBDA]                       TOTAL  *
*                                                                             *
*******************************************************************************
*                                                                             *
*  Q00 =176.0000  .............  .............  .............  .............  *
*                                                                             *
*  Q10 = 51.0294  Q11 =    ZERO  .............  .............  .............  *
*                                                                             *
*  Q20 = 99.4963  Q21 =    ZERO  Q22 = 1.9E-04  .............  .............  *
*                                                                             *
*  Q30 = 23.4858  Q31 =    ZERO  Q32 =-2.1E-05  Q33 =    ZERO  .............  *
*                                                                             *
*  Q40 = 21.6601  Q41 =    ZERO  Q42 = 3.6E-06  Q43 =    ZERO  Q44 =-3.6E-07  *
*                                                                             *
*******************************************************************************

*******************************************************************************
*                                                                             *
*  BOHR DEFORMATIONS (FIRST-ORDER APPROXIMATION)                       TOTAL  *
*                                                                             *
*******************************************************************************
*                                                                             *
*  B10 =  0.6811  B11 =    ZERO  .............  .............  .............  *
*                                                                             *
*  B20 =  0.9839  B21 =    ZERO  B22 = 1.9E-06  .............  .............  *
*                                                                             *
*  B30 =  0.8452  B31 =    ZERO  B32 =-1.1E-06  B33 =    ZERO  .............  *
*                                                                             *
*  B40 =  0.8947  B41 =    ZERO  B42 = 2.1E-07  B43 =    ZERO  B44 =-2.1E-08  *
*                                                                             *
*******************************************************************************
*                                                                             *
*  BOHR DENSITY = 0.0635 FM^(-3)  BOHR RADIUS =   8.7124 FM                   *
*                                                                             *
*******************************************************************************

*******************************************************************************
*                                                                             *
*  MULTIPOLE MOMENTS [UNITS:  (10 FERMI)^LAMBDA] [CENT-MASS FRAME]     TOTAL  *
*                                                                             *
*******************************************************************************
*                                                                             *
*  Q00 =176.0000  .............  .............  .............  .............  *
*                                                                             *
*  Q10 =    ZERO  Q11 =    ZERO  .............  .............  .............  *
*                                                                             *
*  Q20 = 69.9053  Q21 =    ZERO  Q22 = 1.9E-04  .............  .............  *
*                                                                             *
*  Q30 = -2.4069  Q31 =    ZERO  Q32 =-5.4E-05  Q33 =    ZERO  .............  *
*                                                                             *
*  Q40 =  8.8529  Q41 =    ZERO  Q42 = 4.6E-05  Q43 =    ZERO  Q44 =-3.6E-07  *
*                                                                             *
*******************************************************************************

*******************************************************************************
*                                                                             *
*  BOHR DEFORMATIONS (FIRST-ORDER APPROXIMATION) [CENT-MASS FRAME]     TOTAL  *
*                                                                             *
*******************************************************************************
*                                                                             *
*  B10 =    ZERO  B11 =    ZERO  .............  .............  .............  *
*                                                                             *
*  B20 =  1.5644  B21 =    ZERO  B22 = 4.3E-06  .............  .............  *
*                                                                             *
*  B30 = -0.2949  B31 =    ZERO  B32 =-9.3E-06  B33 =    ZERO  .............  *
*                                                                             *
*  B40 =  1.8727  B41 =    ZERO  B42 = 1.4E-05  B43 =    ZERO  B44 =-1.1E-07  *
*                                                                             *
*******************************************************************************
*                                                                             *
*  BOHR DENSITY = 0.2163 FM^(-3)  BOHR RADIUS =   5.7916 FM                   *
*                                                                             *
*******************************************************************************

*******************************************************************************
*                                                                             *
*  MULTIPOLE MOMENTS [UNITS:  (10 FERMI)^LAMBDA] [INTRINSIC FRAME]     TOTAL  *
*                                                                             *
*  REAL PART  FOR A NON-NEGATIVE PROJECTION                                   *
*  IMAGINARY PART FOR A NEGATIVE PROJECTION                                   *
*                                                                             *
*******************************************************************************
*                                                                             *
*  Q00 =176.0000  .............  .............  .............  .............  *
*                 .............  .............  .............  .............  *
*                                                                             *
*  Q10 =    ZERO  Q1+1=    ZERO  .............  .............  .............  *
*                 Q1-1=    ZERO  .............  .............  .............  *
*                                                                             *
*  Q20 = 69.9053  Q2+1=    ZERO  Q2+2= 1.9E-04  .............  .............  *
*                 Q2-1=    ZERO  Q2-2=    ZERO  .............  .............  *
*                                                                             *
*  Q30 = -2.4069  Q3+1=    ZERO  Q3+2=-5.4E-05  Q3+3=    ZERO  .............  *
*                 Q3-1=    ZERO  Q3-2=    ZERO  Q3-3=    ZERO  .............  *
*                                                                             *
*  Q40 =  8.8529  Q4+1=    ZERO  Q4+2= 4.6E-05  Q4+3=    ZERO  Q4+4=-3.6E-07  *
*                 Q4-1=    ZERO  Q4-2=    ZERO  Q4-3=    ZERO  Q4-4=    ZERO  *
*                                                                             *
*******************************************************************************

*******************************************************************************
*                                                                             *
*  BOHR DEFORMATIONS (FIRST-ORDER APPROXIMATION) [INTRINSIC FRAME]     TOTAL  *
*                                                                             *
*  REAL PART  FOR A NON-NEGATIVE PROJECTION                                   *
*  IMAGINARY PART FOR A NEGATIVE PROJECTION                                   *
*                                                                             *
*******************************************************************************
*                                                                             *
*  B10 =    ZERO  B1+1=    ZERO  .............  .............  .............  *
*                 B1-1=    ZERO  .............  .............  .............  *
*                                                                             *
*  B20 =  1.5644  B2+1=    ZERO  B2+2= 4.3E-06  .............  .............  *
*                 B2-1=    ZERO  B2-2=    ZERO  .............  .............  *
*                                                                             *
*  B30 = -0.2949  B3+1=    ZERO  B3+2=-9.3E-06  B3+3=    ZERO  .............  *
*                 B3-1=    ZERO  B3-2=    ZERO  B3-3=    ZERO  .............  *
*                                                                             *
*  B40 =  1.8727  B4+1=    ZERO  B4+2= 1.4E-05  B4+3=    ZERO  B4+4=-1.1E-07  *
*                 B4-1=    ZERO  B4-2=    ZERO  B4-3=    ZERO  B4-4=    ZERO  *
*                                                                             *
*******************************************************************************
*                                                                             *
*  BOHR DENSITY = 0.2163 FM^(-3)  BOHR RADIUS =   5.7916 FM                   *
*                                                                             *
*******************************************************************************

*******************************************************************************
*                                                                             *
*                                ENERGIES (MEV)                               *
*                                                                             *
*******************************************************************************
*                                                                             *
*  KINETIC: (NEU)=  1894.916768    (PRO)=  1350.040006    (TOT)=  3244.956774 *
*  SUM EPS: (NEU)= -2074.031097    (PRO)= -1020.006162    (TOT)= -3094.037259 *
*  PAIRING: (NEU)=    -4.876296    (PRO)=    -3.370306    (TOT)=    -8.246603 *
*  P-REARR: (NEU)=     1.339281    (PRO)=     0.966009    (TOT)=     2.305289 *
*                                                                             *
*  PAIRGAP: (NEU)=     0.506763    (PRO)=     0.477837    THIS SPACE IS EMPTY *
*  E-FERMI: (NEU)=    -9.405147    (PRO)=    -2.386290    AND AWAITS  YOUR AD *
*                                                                             *
*  COULOMB: (DIR)=   736.229420    (EXC)=   -30.392262    (TOT)=   705.837158 *
*                                                                             *
*  CONSTR. (MULT)=   255.867252    SLOPE=  -280.318267    CORR.=   140.159133 *
*  CONSTR. (SURF)=     0.000000    SLOPE=     0.000000    CORR.=     0.000000 *
*  CONSTR. (SPIN)=     0.000000    SLOPE=     0.000000    CORR.=     0.000000 *
*  CONSTR. (ISOS)=     0.000000    SLOPE=     0.000000    CORR.=     0.000000 *
*                                                                             *
*  REARRANGEMENT ENERGY FROM THE SKYRME DENSITY-DEPENDENT TERMS=  1366.539311 *
*  ROUTHIAN= TOTAL ENERGY + MULTIPOLE AND (ISO)SPIN CONSTRAINTS= -1126.633142 *
*                                                                             *
*  SPIN-ORB (EVE)=   -71.574287    (ODD)=     0.000000    (TOT)=   -71.574287 *
*  SKYRME:  (EVE)= -5325.047724    (ODD)=     0.000000    (TOT)= -5325.047724 *
*                                                                             *
*  TOTAL:  (STAB)=   -69.420938     (SP)= -1451.921332    (FUN)= -1382.500394 *
*                                                                             *
*******************************************************************************

*******************************************************************************
*                                                                             *
*  ITERATION RESTARTED FROM THE DISC, THE FOLLOWING FILE(S) READ:             *
*  ./restart/HFODD_00000076.REC                                        VER=19 *
*                                                                             *
*******************************************************************************
*                                                                             *
* CONVERGENCE REPORT                                                          *
*                                                                             *
*******************************************************************************
*                                                                             *
* ITER     ENERGY     STABILITY    Q_2    GAMMA   SPIN  OMEGA   ANGLE   EPAIR *
*                                                                             *
* 1801 -1382.500394  -69.420938  69.905    0.00   0.00  0.000   0.000   -8.25 *
* 1802 -1238.658407  255.490819 106.820    0.00   0.00  0.000   0.000   -5.85 *
* 1803 -1239.580597  221.825403 105.506    0.00   0.00  0.000   0.000   -6.40 *
* 1804 -1245.590773  229.465415 105.805    0.00   0.00  0.000   0.000   -7.84 *
* 1805 -1243.091560  229.353188 105.988    0.00   0.00  0.000   0.000   -7.70 *
* 1806 -1243.133381  220.457284 106.090    0.00   0.00  0.000   0.000   -7.84 *
* 1807 -1255.577187  234.557399 104.292    0.00   0.00  0.000   0.000   -9.08 *
* 1808 -1241.542107  215.802671 106.581    0.00   0.00  0.000   0.000   -7.95 *
* 1809 -1268.374480  148.428017 102.519    0.00   0.00  0.000   0.000  -10.32 *
* 1810 -1296.297313  142.784613  94.797    0.00   0.00  0.000   0.000  -14.57 *
* 1811 -1287.646799  154.029766  97.069    0.00   0.00  0.000   0.000  -10.84 *
* 1812 -1290.840293 -548.258842  93.150    0.00   0.00  0.000   0.000  -11.34 *
* 1813   699.179833   -3.97E+03  40.698    0.00   0.00  0.000   0.000   -1.41 *
* 1814  -459.162223   -3.34E+03 222.683    0.00   0.00  0.000   0.000 -317.77 *
* 1815 -1870.815716  328.756153  56.994    0.00   0.00  0.000   0.000 -155.75 *
* 1816  -924.911889  -18.930142  83.751    0.00   0.00  0.000   0.000   -8.86 *
* 1817 -1347.584122 -207.208592  73.323    0.00   0.00  0.000   0.000  -27.61 *
* 1818 -1411.827214  212.114677  43.882    0.00   0.00  0.000   0.000  -44.48 *
* 1819  -513.216885   66.185397 149.002    0.00   0.00  0.000   0.000   -1.81 *
* 1820  -699.166814  934.332275 115.769    0.00   0.00  0.000   0.000  -14.89 *
* 1821  -602.188403 -144.679605 148.710    0.00   0.00  0.000   0.000   -7.82 *
* 1822 -1213.331079  607.719856 127.108    0.00   0.00  0.000   0.000  -35.61 *
* 1823 -1146.747745  472.822085 128.375    0.00   0.00  0.000   0.000  -23.08 *
* 1824   703.402809    1.91E+03  76.627    0.00   0.00  0.000   0.000   -1.53 *
* 1825   845.970772  217.408728 113.104    0.00   0.00  0.000   0.000  -23.48 *
* 1826   300.750841  485.537848 240.836    0.00   0.00  0.000   0.000  -61.35 *
* 1827  -553.120838    4.55E+03 301.527    0.00   0.00  0.000   0.000  -86.10 *
* 1828   617.521735    1.12E+03 108.138    0.00   0.00  0.000   0.000   -3.56 *
* 1829   548.276106    1.80E+04 163.427    0.00   0.00  0.000   0.000  -48.13 *
* 1830  1880.210793    9.04E+03  15.905    0.00   0.00  0.000   0.000   -0.34 *
* 1831  2053.275953   -3.93E+04  13.171    0.00   0.00  0.000   0.000   -0.23 *
* 1832   233.489642   -2.06E+06  68.364    0.00   0.00  0.000   0.000 -975.30 *

 //////////////////// MAXIMUM NUMBER OF ITERATIONS       ////////////////////
 //////////////////// EXCEEDED IN QUABCS                 ////////////////////

*******************************************************************************
*                                                                             *
*  PROCESSOR   EXECUTION  TIMES IN SUBROUTINES                                *
*  INCLUDING THEIR COMPLETE DOWN-CALLING TREES                                *
*                                                                             *
*******************************************************************************
*                                                                             *
*     9747 => HFODD    5429 => DENSHF   1967 => DIAMAT   1795 => HFBSIM       *
*                                                                             *
*     1008 => QMULCM    522 => PAIMAC    413 => CANQUA    236 => RECORD       *
*                                                                             *
*      158 => AVEQUA     63 => INTEGH     58 => INTSOR     54 => INTEGD       *
*                                                                             *
*       51 => DENMAC     30 => DOBROY     29 => MOMETS     28 => INTMUL       *
*                                                                             *
*       20 => BEGINC     19 => SKFILD     13 => INTMAS     12 => ROTAVR       *
*                                                                             *
*       12 => LINAVR      9 => COUMAT      9 => INTCOU      7 => SPAVER       *
*                                                                             *
*        6 => INTCEN      5 => AVOBSE      3 => SKPAIR      3 => NILASP       *
*                                                                             *
*        2 => POWALL      2 => AVANGY      0 => INTKIN      0 => AVPARI       *
*                                                                             *
*        0 => QUABCS      0 => SHICOE      0 => AVSIMP      0 => SPIMOM       *
*                                                                             *
*        0 => SHIMAG      0 => MOMSIF      0 => MOMVMU      0 => MAGMOM       *
*                                                                             *
*        0 => SHIMOM      0 => SHISIF      0 => PAXMOM                        *
*                                                                             *
*******************************************************************************
*                                                                             *
*  NUMBERS OF CALLS TO SUBROUTINES                                            *
*                                                                             *
*******************************************************************************
*                                                                             *
*     1463 => BEGINC   1222 => INTMUL    390 => INTSOR    161 => DIAMAT       *
*                                                                             *
*      130 => INTMAS    130 => INTCEN    129 => INTKIN    128 => AVEQUA       *
*                                                                             *
*       96 => PAXMOM     65 => INTEGH     65 => INTEGD     65 => HFBSIM       *
*                                                                             *
*       65 => QUABCS     64 => CANQUA     64 => AVPARI     64 => DENSHF       *
*                                                                             *
*       64 => DENMAC     64 => PAIMAC     64 => MOMETS     64 => MOMSIF       *
*                                                                             *
*       64 => MOMVMU     64 => MAGMOM     64 => SPIMOM     64 => LINAVR       *
*                                                                             *
*       64 => ROTAVR     64 => SHICOE     33 => RECORD     33 => COUMAT       *
*                                                                             *
*       33 => INTCOU     32 => QMULCM     32 => SKFILD     32 => SKPAIR       *
*                                                                             *
*       32 => DOBROY     32 => SHIMOM     32 => SHISIF     32 => SHIMAG       *
*                                                                             *
*       14 => SPAVER      2 => AVANGY      2 => AVOBSE      2 => AVSIMP       *
*                                                                             *
*        2 => NILASP      1 => HFODD       1 => POWALL                        *
*                                                                             *
*******************************************************************************
*                                                                             *
*  EXECUTION ENDS ON 2016.08.25 AT 06:36:27.846                               *
*                                                                             *
*******************************************************************************
