*******************************************************************************
*                                                                             *
*                     P A R A L L E L    M O D E L                            *
*                                                                             *
*  SIMPLE MPI FRAMEWORK (1 COMMUNICATOR)    :  1 MPI PROCESS per HFODD TASK   *
*  MULTI-THREADING FRAMEWORK WITH OPENMP   :  4 THREADS per HFODD MPI PROCESS *
*                                                                             *
*******************************************************************************
*                                                                             *
*                        __  __ _____  ___   ____   ____                      *
*                       / / / // ___/.' _ \ / __ \ / __ \                     *
*                      / /_/ // /_  / / / // / / // / / /                     *
*                     / __  // __/ / / / // / / // / / /                      *
*                    / / / // /   / /_/ // /_/ // /_/ /                       *
*                   /_/ /_//_/    \___.'/____.'/____.'                        *
*                                                                             *
*                                                                             *
*******************************************************************************
*                                                                             *
*             SKYRME-HARTREE-FOCK-BOGOLYUBOV CODE VERSION: 2.77B              *
*                                                                             *
*              NO SYMMETRY-PLANES AND NO TIME-REVERSAL SYMMETRY               *
*                                                                             *
*                DEFORMED CARTESIAN HARMONIC-OSCILLATOR BASIS                 *
*                                                                             *
*******************************************************************************
*                                                                             *
*             J. DOBACZEWSKI, P. BACZYK, B.G. CARLSSON, J. DUDEK              *
*                 J. ENGEL, Y. GAO, M. KONIECZKA, T. LESINSKI                 *
*                 J. MCDONNELL, P. OLBRATOWSKI, P. POWALOWSKI                 *
*                  M. SADZIAK, J. SARICH, K. SATO, W. SATULA                  *
*             N. SCHUNCK,  J.A. SHEIKH, A. STASZCZAK, M. STOITSOV             *
*             P. TOIVANEN, X.B. WANG, M. ZALEWSKI AND H. ZDUNCZUK             *
*                                                                             *
*                   INSTYTUT FIZYKI TEORETYCZNEJ, WARSZAWA                    *
*                 LAWRENCE LIVERMORE NATIONAL LABORATORY, USA                 *
*                                                                             *
*                                  1993-2016                                  *
*                                                                             *
*******************************************************************************

*******************************************************************************
*                                                                             *
*  CODE COMPILED WITH THE FOLLOWING ARRAY DIMENSIONS AND SWITCHES:            *
*                                                                             *
*******************************************************************************
*                                                                             *
*  NDBASE = 1200  NDSTAT = 1200  NDXHRM =   40  NDYHRM =   40  NDZHRM =   64  *
*                                                                             *
*  NDMAIN =   30  NDMULT =    9  NDMULR =    4  NDLAMB =    9  NDITER = 5000  *
*                                                                             *
*  NDAKNO =    1  NDBKNO =    1  NDPROI =    2  NDCOUL =   80  NDPOLS =   25  *
*                                                                             *
*  NDATKN =   20  NDBTKN =   10  NDPROT =    1  NDPROD =    3                 *
*                                                                             *
*  IPARAL =    0  IPARAT =    0  I_CRAY =    0                                *
*                                                                             *
*                                                                             *
*  PRE-PROCESSOR OPTIONS:                                                     *
*                                                                             *
*       switch_port = 1     switch_diag = 3     switch_essl = 0               *
*                                                                             *
*                           switch_quad = 0     switch_vect = 1               *
*                                                                             *
*******************************************************************************
*                                                                             *
*  EXECUTION BEGINS ON 2016.08.26 AT 04:40:15.854                             *
*                                                                             *
*******************************************************************************
 
*******************************************************************************
*                                                                             *
*  CLASSICAL NUCLEAR SURFACE DEFINED FOR:                    N = 98   Z = 78  *
*                                                                             *
*******************************************************************************
*                                                                             *
*  AL10 =   ZERO  AL11 =   ZERO  .............  .............  .............  *
*                                                                             *
*  AL20 =  0.896  AL21 =   ZERO  AL22 =   ZERO  .............  .............  *
*                                                                             *
*******************************************************************************
*                                                                             *
*                                           HOMEGA=  6.5523  FCHOM0=  0.8956  *
*                                                                             *
*  OSCILLATOR FREQUENCIES: HBAROX=  8.3434  HBAROY=  8.3434  HBAROZ=  4.0411  *
*                                                                             *
*  MOMENTS OF INERTIA:     XMOMFC=133.7815  YMOMFC=133.7815  ZMOMFC= 50.8408  *
*                                                                             *
*  CENTERS OF MASS:        CMSXFC= -0.0000  CMSYFC= -0.0000  CMSZFC= -0.0000  *
*                                                                             *
*******************************************************************************

*******************************************************************************
*                                                                             *
*                           SKYRME FORCE DEFINITION                           *
*                                                                             *
*******************************************************************************
*                                                                             *
* PARAMETER SET HFB1:  T0= -1666.41  T1=   255.23  T2=  1521.28  T3= 12072.51 *
*                                                                             *
* POWER=0.37658031358  X0=  0.14608  X1= -4.82248  X2= -1.35211  X3=  0.00432 *
*                                                                             *
* IETA: J=0  W=1 CM=3  M=1  P=1  T=0 HBM= 20.73553 W0=  44.0677 W0P= 207.6502 *
*                                                                             *
*******************************************************************************

*******************************************************************************
*                                                                             *
*              COUPLING CONSTANTS DEFINING THE SKYRME FUNCTIONAL              *
*                                                                             *
*******************************************************************************
*                                                                             *
*                   TOTAL(T)        SUM(S)      ISOSCALAR(P)  ISOVECTOR(M)    *
*                   --------        ------      ------------  ------------    *
*    CRHO_ =     -894.060074    538.315575       -624.902286    269.157788    *
*    CRHOD =     1008.213640   -507.363897        754.531691   -253.681949    *
*    CLPR_ =       98.335311   -287.870148        -45.599763   -143.935074    *
*    CTAU_ =       33.156062    -48.271535          9.020295    -24.135768    *
*    CSCU_ =        0.000000      0.000000          0.000000      0.000000    *
*    CDIV_ =      -22.033840   -103.825096        -73.946388    -51.912548    *
*                                                                             *
*    CSPI_ =      -60.857026    416.601524        147.443736    208.300762    *
*    CSPID =        2.171385   -503.021127       -249.339179   -251.510564    *
*    CLPS_ =       51.110395     71.467295         86.844042     35.733647    *
*    CCUR_ =      -33.156062     48.271535         -9.020295     24.135768    *
*    CKIS_ =        0.000000      0.000000          0.000000      0.000000    *
*    CROT_ =      -22.033840   -103.825096        -73.946388    -51.912548    *
*                                                                             *
*******************************************************************************

*******************************************************************************
*                                                                             *
*                          NUCLEAR MATTER PROPERTIES                          *
*                                                                             *
*******************************************************************************
*                                                                             *
*     E = -15.8000  rho0 =   0.15625   K =  244.6682   Ms =    0.9364         *
*                   asym =  28.66820   L =   40.1091   Mv =    1.2498         *
*                                                                             *
*******************************************************************************

*******************************************************************************
*                                                                             *
*  PHYSICAL CONSTANTS:     H_BARC=197.32891000           HBCOE2=137.03602000  *
*                                                                             *
*                          XMASSN=938.90590000           XMASSP=938.27231000  *
*                                                                             *
*                          HBMASS= 20.73553000           HBMRPA= 20.73553000  *
*                                                                             *
*                          ECHAR2=  1.43997841           COULEX= -1.06350868  *
*                                                                             *
*******************************************************************************
*                                                                             *
*  OSCILLATOR LENGTHS:     X= 2.2295091      Y= 2.2295091       Z= 3.2035528  *
*                                                                             *
*  OSCILLATOR CONSTANTS:   X= 0.4485292      Y= 0.4485292       Z= 0.3121534  *
*                                                                             *
*  OSCILLATOR FREQUENCIES: X= 8.3433577      Y= 8.3433577       Z= 4.0410627  *
*                                                                             *
*******************************************************************************
*                                                                             *
*  BASIS CUT-OFF CONTROL PARAMETERS:  NXMAXX = 13  NYMAXX = 13  NZMAXX =  28  *
*                                                                             *
*                                     NXHERM = 36  NYHERM = 36  NZHERM =  60  *
*                                                                             *
*                                     NLIMIT=1140  LDBASE=1141  MCOUNT=29791  *
*                                                                             *
*                                     ENECUT= 800.0000      ELIMIT= 124.8198  *
*                                                                             *
*******************************************************************************

*******************************************************************************
*                                                                             *
*   SHAPE OF THE OSCILLATOR-BASIS DIAMOND    (THREE CONSECUTIVE PROJECTIONS)  *
*                                                                             *
*******************************************************************************
*                                                                             *
*        NX ===>>>  0  1  2  3  4  5  6  7  8  9 10 11 12 13                  *
*        MAX.NY => 13 12 11 10  9  8  7  6  5  4  3  2  1  0                  *
*                 ------------------------------------------                  *
*   NY= 0  (13)  | 28 26 24 22 20 18 15 13 11  9  7  5  3  1                  *
*   NY= 1  (12)  | 26 24 22 20 18 15 13 11  9  7  5  3  1                     *
*   NY= 2  (11)  | 24 22 20 18 15 13 11  9  7  5  3  1                        *
*   NY= 3  (10)  | 22 20 18 15 13 11  9  7  5  3  1                           *
*   NY= 4  ( 9)  | 20 18 15 13 11  9  7  5  3  1                              *
*   NY= 5  ( 8)  | 18 15 13 11  9  7  5  3  1                                 *
*   NY= 6  ( 7)  | 15 13 11  9  7  5  3  1                                    *
*   NY= 7  ( 6)  | 13 11  9  7  5  3  1                                       *
*   NY= 8  ( 5)  | 11  9  7  5  3  1                                          *
*   NY= 9  ( 4)  |  9  7  5  3  1                                             *
*   NY=10  ( 3)  |  7  5  3  1                                                *
*   NY=11  ( 2)  |  5  3  1                                                   *
*   NY=12  ( 1)  |  3  1                                                      *
*   NY=13  ( 0)  |  1                                                         *
*                                                                             *
*                                                                             *
*        NZ ===>>>  0  1  2  3  4  5  6  7  8  9 10 11 12 13 14 15 16 17 18   *
*        MAX.NY => 13 13 12 12 11 11 10 10  9  9  8  8  7  7  6  6  5  5  5   *
*                 ---------------------------------------------------------   *
*   NY= 0  (28)  | 13 13 12 12 11 11 10 10  9  9  8  8  7  7  6  6  5  5  5   *
*   NY= 1  (26)  | 12 12 11 11 10 10  9  9  8  8  7  7  6  6  5  5  4  4  4   *
*   NY= 2  (24)  | 11 11 10 10  9  9  8  8  7  7  6  6  5  5  4  4  3  3  3   *
*   NY= 3  (22)  | 10 10  9  9  8  8  7  7  6  6  5  5  4  4  3  3  2  2  2   *
*   NY= 4  (20)  |  9  9  8  8  7  7  6  6  5  5  4  4  3  3  2  2  1  1  1   *
*   NY= 5  (18)  |  8  8  7  7  6  6  5  5  4  4  3  3  2  2  1  1  0  0  0   *
*   NY= 6  (15)  |  7  7  6  6  5  5  4  4  3  3  2  2  1  1  0  0            *
*   NY= 7  (13)  |  6  6  5  5  4  4  3  3  2  2  1  1  0  0                  *
*   NY= 8  (11)  |  5  5  4  4  3  3  2  2  1  1  0  0                        *
*   NY= 9  ( 9)  |  4  4  3  3  2  2  1  1  0  0                              *
*   NY=10  ( 7)  |  3  3  2  2  1  1  0  0                                    *
*   NY=11  ( 5)  |  2  2  1  1  0  0                                          *
*   NY=12  ( 3)  |  1  1  0  0                                                *
*   NY=13  ( 1)  |  0  0                                                      *
*                                                                             *
*                                                                             *
*        NZ ===>>>  0  1  2  3  4  5  6  7  8  9 10 11 12 13 14 15 16 17 18   *
*        MAX.NX => 13 13 12 12 11 11 10 10  9  9  8  8  7  7  6  6  5  5  5   *
*                 ---------------------------------------------------------   *
*   NX= 0  (28)  | 13 13 12 12 11 11 10 10  9  9  8  8  7  7  6  6  5  5  5   *
*   NX= 1  (26)  | 12 12 11 11 10 10  9  9  8  8  7  7  6  6  5  5  4  4  4   *
*   NX= 2  (24)  | 11 11 10 10  9  9  8  8  7  7  6  6  5  5  4  4  3  3  3   *
*   NX= 3  (22)  | 10 10  9  9  8  8  7  7  6  6  5  5  4  4  3  3  2  2  2   *
*   NX= 4  (20)  |  9  9  8  8  7  7  6  6  5  5  4  4  3  3  2  2  1  1  1   *
*   NX= 5  (18)  |  8  8  7  7  6  6  5  5  4  4  3  3  2  2  1  1  0  0  0   *
*   NX= 6  (15)  |  7  7  6  6  5  5  4  4  3  3  2  2  1  1  0  0            *
*   NX= 7  (13)  |  6  6  5  5  4  4  3  3  2  2  1  1  0  0                  *
*   NX= 8  (11)  |  5  5  4  4  3  3  2  2  1  1  0  0                        *
*   NX= 9  ( 9)  |  4  4  3  3  2  2  1  1  0  0                              *
*   NX=10  ( 7)  |  3  3  2  2  1  1  0  0                                    *
*   NX=11  ( 5)  |  2  2  1  1  0  0                                          *
*   NX=12  ( 3)  |  1  1  0  0                                                *
*   NX=13  ( 1)  |  0  0                                                      *
*                                                                             *
*******************************************************************************

*******************************************************************************
*                                                                             *
* NUCLIDE: N =  98  Z =  78  NUMBER OF ITERATIONS = 1000   CONTINUATION? = 1  *
*                                                                             *
*******************************************************************************
*                                                                             *
* ITERATIONS WILL STOP WHEN THE STABILITY BECOMES LOWER THAN EPSITE=0.300000  *
*                                            FOR    5 CONSECUTIVE ITERATIONS  *
*                                                                             *
*******************************************************************************
*                                                                             *
* ITERATIONS WILL STOP WHEN THE PING-PONG DIVERGENCE OCCURS FOR EPSPNG=0.010  *
*                                DURING    5 PAIRS OF CONSECUTIVE ITERATIONS  *
*                                                                             *
*******************************************************************************
*                                                                             *
* ITERATIONS WILL STOP FOR CHAOTIC-DIVERGENCE CONDITION OCCURING   20  TIMES  *
*                                                                             *
*******************************************************************************
*                                                                             *
* SLOW-DOWN PARAMETERS:                                                       *
* TIME-EVEN = 0.85   TIME-ODD = 0.85   PAIRING = 0.85   LIPKIN-NOGAMI = 0.85  *
*                    LIP-MASS = 0.50   LIP-MOI = 0.50   LIPKIN-METHOD = 0.50  *
*                                                                             *
*******************************************************************************
*                                                                             *
* BROYDEN METHOD IS:  ON                                                      *
*                                                                             *
*    TRIGGERED ONLY WHEN STABILITY IS LOWER THAN :  1000.000 MEV              *
*    INITIAL SLOWING FACTOR (BEFORE TRIGGER)     :     0.85 (=SLOWEV)         *
*    BROYDEN SLOWING FACTOR (AFTER  TRIGGER)     :     0.40 (=1-ALPHAM)       *
*    NUMBER OF ITERATIONS RETAINED IN MEMORY     :    10                      *
*                                                                             *
*******************************************************************************
*                                                                             *
* DIRECT COULOMB TERMS SOLVED BY GREEN FUNCTION AND FOURIER TRANSFORM METHOD  *
* COULOMB PARAMETERS:  NUMCOU = 80  NUMETA = 79  BOUCOU = 20.0  FURMAX =0.25  *
*                                                                             *
*******************************************************************************
*                                                                             *
* EXCHANGE COULOMB TERMS TREATED BY THE SLATER APPROXIMATION                  *
*                                                                             *
*******************************************************************************
*                                                                             *
* MAXIMUM NUMBERS OF MULTIPOLE MOMENTS USED FOR THE CONSTRAINTS,    NMUCON=4  *
*                                           FOR THE COULOMB FIELD,  NMUCOU=4  *
*                                           FOR THE OUTPUT INFO,    NMUPRI=4  *
*                                                                             *
*******************************************************************************
*                                                                             *
* MULTIPOLE CONSTRAINTS: LAMBDA= 2  MIU= 0  MOMENT=321.000  STIFFNESS= 0.500  *
*                        LAMBDA= 3  MIU= 0  MOMENT= 24.000  STIFFNESS= 0.500  *
*                                                                             *
*******************************************************************************
*                                                                             *
* LINEAR MULTIPOLE CONSTRAINTS: LAMBDA= 2  MIU= 0  LAGRANGE PAR. USED= 0.000  *
*                               LAMBDA= 3  MIU= 0  LAGRANGE PAR. USED= 0.000  *
*                                                                             *
*******************************************************************************
*                                                                             *
* THE LAGRANGE PARAMETERS OF THE LINEAR CONSTRAINTS ARE RE-ADJUSTED AT EACH   *
* ITERATION BY USING THE CRANKING APPROXIMATION OF THE RPA MATRIX             *
*                                                                             *
*******************************************************************************
*                                                                             *
* PRINTING THE RESULTS FOR THE FOLLOWING ITERATIONS:         THE  FIRST: YES  *
*                                                            THE MIDDLE:  NO  *
*                                                     AND/OR THE   LAST: YES  *
*                                                                             *
*******************************************************************************
*                                                                             *
* PRINTING THE MOMENTS, RADII, AND DEFORMATIONS FOR:           NEUTRONS: YES  *
*                                                              PROTONS : YES  *
*                                                              MASS    : YES  *
*                                                                             *
*******************************************************************************
*                                                                             *
* PRINTING THE MOMENTS, MOMENTA AND DEFORMATIONS IN THE INTRINSIC FRAME: YES  *
*                                                                             *
*******************************************************************************
*                                                                             *
* NILSSON LABELS OF SINGLE-PARTICLE STATES SHOWN WITH RESPECT TO THE: Z-AXIS  *
*                                                                             *
*******************************************************************************
*                                                                             *
* CALCULATIONS WITH THE HFB PAIRING CORRELATIONS                              *
*                                                                             *
*******************************************************************************
*                                                                             *
* CONTACT PAIRING INTERACTION:     V0        V1       RHO-SAT      POWER      *
*                    NEUTRONS:  -234.380   732.438     0.320     1.0000000    *
*                     PROTONS:  -260.437   813.866     0.320     1.0000000    *
*                                                                             *
*******************************************************************************
*                                                                             *
* CUTOFF ENERGY DEFINING THE ACTIVE HFB PAIRING SPACE=      60.000            *
*                                                                             *
*******************************************************************************
*                                                                             *
* CALCULATIONS WITH SIMPLEX SYMMETRY                                          *
*                                                                             *
*******************************************************************************
*                                                                             *
* CALCULATIONS WITH TIME-ODD SYMMETRIES:        T*SIMPLEX_X =>     CONSERVED  *
*                                               T*SIMPLEX_Y =>     CONSERVED  *
*                                               T*SIMPLEX_Z => NON CONSERVED  *
*                                                                             *
*******************************************************************************
*                                                                             *
* CALCULATIONS WITHOUT ROTATION                                               *
*                                                                             *
*******************************************************************************

*******************************************************************************
*                                                                             *
*  CALLING SUBROUTINE "RECORD" TO READ THE REPLAY FILE OBTAINED PREVIOUSLY    *
*  ./restart/HFODD_00000004.REC                                               *
*                                                                             *
*******************************************************************************

*******************************************************************************
*                                                                             *
*  SINGLE-QUASIPARTICLE PROPERTIES:                                NEUTRONS   *
*                                                                             *
*******************************************************************************
*                                                                             *
*  NO)   ENERGY   (S=+,S=-)       PARITY   V2QUAP   EEQUIV   DEQUIV   V_CORR  *
*                                                                             *
*  45)    9.735   ( 23,  0)       -0.075  0.99892  -18.428    0.638  1.00001  *
*  46)    9.735   (  0, 23)       -0.075  0.99892  -18.428    0.638  1.00001  *
*  47)    9.611   ( 24,  0)       -0.151  0.99879  -18.301    0.668  1.00001  *
*  48)    9.611   (  0, 24)       -0.151  0.99879  -18.301    0.668  1.00001  *
*  49)    9.498   ( 25,  0)       -0.168  0.99330  -18.084    1.550  1.00003  *
*  50)    9.498   (  0, 25)       -0.168  0.99330  -18.084    1.550  1.00003  *
*  51)    9.484   (  0, 26)        0.116  0.99360  -18.076    1.512  1.00003  *
*  52)    9.484   ( 26,  0)        0.116  0.99360  -18.076    1.512  1.00003  *
*  53)    8.671   (  0, 27)        0.008  0.99949  -17.376    0.392  1.00000  *
*  54)    8.671   ( 27,  0)        0.008  0.99949  -17.376    0.392  1.00000  *
*  55)    8.078   (  0, 28)       -0.655  0.99750  -16.751    0.807  1.00001  *
*  56)    8.078   ( 28,  0)       -0.655  0.99750  -16.751    0.807  1.00001  *
*  57)    7.963   ( 29,  0)        0.010  0.99904  -16.662    0.493  1.00001  *
*  58)    7.963   (  0, 29)        0.010  0.99904  -16.662    0.493  1.00001  *
*  59)    7.656   (  0, 30)       -0.068  0.99850  -16.346    0.593  1.00001  *
*  60)    7.656   ( 30,  0)       -0.068  0.99850  -16.346    0.593  1.00001  *
*  61)    7.378   ( 31,  0)       -0.367  0.99887  -16.075    0.497  1.00001  *
*  62)    7.378   (  0, 31)       -0.367  0.99887  -16.075    0.497  1.00001  *
*  63)    6.987   ( 32,  0)       -0.003  0.99976  -15.697    0.219  1.00000  *
*  64)    6.987   (  0, 32)       -0.003  0.99976  -15.697    0.219  1.00000  *
*  65)    6.370   (  0, 33)        0.078  0.97996  -14.828    1.785  1.00015  *
*  66)    6.370   ( 33,  0)        0.078  0.97996  -14.828    1.785  1.00015  *
*  67)    4.799   ( 34,  0)        0.681  0.99880  -13.501    0.332  1.00001  *
*  68)    4.799   (  0, 34)        0.681  0.99880  -13.501    0.332  1.00001  *
*  69)    4.714   ( 35,  0)        0.553  0.99696  -13.399    0.519  1.00003  *
*  70)    4.714   (  0, 35)        0.553  0.99696  -13.399    0.519  1.00003  *
*  71)    4.443   ( 36,  0)        0.002  0.99754  -13.135    0.440  1.00003  *
*  72)    4.443   (  0, 36)        0.002  0.99754  -13.135    0.440  1.00003  *
*  73)    4.436   (  0, 37)       -0.109  0.96411  -12.832    1.650  1.00037  *
*  74)    4.436   ( 37,  0)       -0.109  0.96411  -12.832    1.650  1.00037  *
*  75)    3.983   ( 38,  0)       -0.393  0.99800  -12.681    0.356  1.00002  *
*  76)    3.983   (  0, 38)       -0.393  0.99800  -12.681    0.356  1.00002  *
*  77)    3.369   ( 39,  0)       -0.022  0.99887  -12.075    0.226  1.00002  *
*  78)    3.369   (  0, 39)       -0.022  0.99887  -12.075    0.226  1.00002  *
*  79)    2.972   ( 40,  0)        0.015  0.99558  -11.659    0.394  1.00007  *
*  80)    2.972   (  0, 40)        0.015  0.99558  -11.659    0.394  1.00007  *
*  81)    2.353   (  0, 41)        0.182  0.99368  -11.037    0.373  1.00012  *
*  82)    2.353   ( 41,  0)        0.182  0.99368  -11.037    0.373  1.00012  *
*  83)    2.299   (  0, 42)       -0.001  0.99793  -11.004    0.209  1.00004  *
*  84)    2.299   ( 42,  0)       -0.001  0.99793  -11.004    0.209  1.00004  *
*  85)    1.985   ( 43,  0)       -0.094  0.99547  -10.681    0.267  1.00010  *
*  86)    1.985   (  0, 43)       -0.094  0.99547  -10.681    0.267  1.00010  *
*  87)    1.908   ( 44,  0)       -0.026  0.99292  -10.594    0.320  1.00017  *
*  88)    1.908   (  0, 44)       -0.026  0.99292  -10.594    0.320  1.00017  *
*  91)    1.593   (  0, 46)       -0.564  0.92791  -10.077    0.824  1.00204  *
*  92)    1.593   ( 46,  0)       -0.564  0.92791  -10.077    0.824  1.00204  *
*  93)    1.282   (  0, 47)       -0.275  0.98156   -9.948    0.345  1.00064  *
*  94)    1.282   ( 47,  0)       -0.275  0.98156   -9.948    0.345  1.00064  *
*  95)    1.061   ( 48,  0)        0.278  0.92700   -9.620    0.552  1.00304  *
*  96)    1.061   (  0, 48)        0.278  0.92700   -9.620    0.552  1.00304  *
*  97)    0.593   (  0, 49)        0.002  0.84376   -9.122    0.431  1.01131  *
*  98)    0.593   ( 49,  0)        0.002  0.84376   -9.122    0.431  1.01131  *
*  99)    0.815   ( 50,  0)        0.208  0.05088   -7.982    0.358  1.05733  *
* 100)    0.815   (  0, 50)        0.208  0.05088   -7.982    0.358  1.05733  *
* 101)    0.860   (  0, 51)        0.004  0.01403   -7.878    0.202  1.05660  *
* 102)    0.860   ( 51,  0)        0.004  0.01403   -7.878    0.202  1.05660  *
* 103)    1.110   (  0, 52)        0.036  0.08061   -7.783    0.604  1.04010  *
* 104)    1.110   ( 52,  0)        0.036  0.08061   -7.783    0.604  1.04010  *
* 105)    1.421   ( 53,  0)       -0.506  0.07613   -7.509    0.754  1.03124  *
* 106)    1.421   (  0, 53)       -0.506  0.07613   -7.509    0.754  1.03124  *
* 107)    1.496   (  0, 54)        0.071  0.00991   -7.247    0.296  1.03193  *
* 108)    1.496   ( 54,  0)        0.071  0.00991   -7.247    0.296  1.03193  *
* 109)    1.583   (  0, 55)        0.557  0.01140   -7.167    0.336  1.03009  *
* 110)    1.583   ( 55,  0)        0.557  0.01140   -7.167    0.336  1.03009  *
* 113)    2.063   ( 57,  0)       -0.012  0.01013   -6.693    0.413  1.02296  *
* 114)    2.063   (  0, 57)       -0.012  0.01013   -6.693    0.413  1.02296  *
* 115)    2.058   ( 58,  0)       -0.004  0.00814   -6.689    0.370  1.02306  *
* 116)    2.058   (  0, 58)       -0.004  0.00814   -6.689    0.370  1.02306  *
* 117)    2.148   (  0, 59)       -0.296  0.00557   -6.590    0.320  1.02214  *
* 118)    2.148   ( 59,  0)       -0.296  0.00557   -6.590    0.320  1.02214  *
* 119)    2.335   ( 60,  0)       -0.016  0.00251   -6.390    0.234  1.02039  *
* 120)    2.335   (  0, 60)       -0.016  0.00251   -6.390    0.234  1.02039  *
* 121)    2.446   ( 61,  0)       -0.166  0.00448   -6.290    0.327  1.01941  *
* 122)    2.446   (  0, 61)       -0.166  0.00448   -6.290    0.327  1.01941  *
* 123)    3.250   (  0, 62)        0.332  0.00205   -5.477    0.294  1.01457  *
* 124)    3.250   ( 62,  0)        0.332  0.00205   -5.477    0.294  1.01457  *
* 125)    3.303   (  0, 63)       -0.084  0.00277   -5.429    0.347  1.01432  *
* 126)    3.303   ( 63,  0)       -0.084  0.00277   -5.429    0.347  1.01432  *
* 127)    3.354   (  0, 64)       -0.001  0.00084   -5.365    0.195  1.01413  *
* 128)    3.354   ( 64,  0)       -0.001  0.00084   -5.365    0.195  1.01413  *
* 129)    3.723   ( 65,  0)        0.094  0.00100   -4.998    0.236  1.01271  *
* 130)    3.723   (  0, 65)        0.094  0.00100   -4.998    0.236  1.01271  *
* 131)    4.524   ( 66,  0)       -0.092  0.03446   -4.501    1.650  1.01008  *
* 132)    4.524   (  0, 66)       -0.092  0.03446   -4.501    1.650  1.01008  *
* 133)    4.349   ( 67,  0)        0.011  0.00052   -4.369    0.198  1.01087  *
* 134)    4.349   (  0, 67)        0.011  0.00052   -4.369    0.198  1.01087  *
* 135)    4.984   (  0, 68)       -0.036  0.00289   -3.758    0.535  1.00945  *
* 136)    4.984   ( 68,  0)       -0.036  0.00289   -3.758    0.535  1.00945  *
* 137)    5.174   (  0, 69)        0.384  0.00172   -3.558    0.429  1.00911  *
* 138)    5.174   ( 69,  0)        0.384  0.00172   -3.558    0.429  1.00911  *
* 139)    5.542   (  0, 70)       -0.023  0.00090   -3.182    0.332  1.00850  *
* 140)    5.542   ( 70,  0)       -0.023  0.00090   -3.182    0.332  1.00850  *
* 141)    5.694   ( 71,  0)        0.001  0.00135   -3.035    0.418  1.00827  *
* 142)    5.694   (  0, 71)        0.001  0.00135   -3.035    0.418  1.00827  *
* 143)    6.090   ( 72,  0)       -0.305  0.00066   -2.632    0.312  1.00774  *
* 144)    6.090   (  0, 72)       -0.305  0.00066   -2.632    0.312  1.00774  *
* 145)    6.347   ( 73,  0)        0.001  0.01607   -2.571    1.596  1.00730  *
* 146)    6.347   (  0, 73)        0.001  0.01607   -2.571    1.596  1.00730  *
* 147)    6.184   ( 74,  0)       -0.104  0.00021   -2.532    0.180  1.00762  *
* 148)    6.184   (  0, 74)       -0.104  0.00021   -2.532    0.180  1.00762  *
* 149)    6.548   ( 75,  0)        0.135  0.00453   -2.225    0.879  1.00716  *
* 150)    6.548   (  0, 75)        0.135  0.00453   -2.225    0.879  1.00716  *
* 151)    7.099   ( 76,  0)        0.109  0.00053   -1.622    0.326  1.00663  *
* 152)    7.099   (  0, 76)        0.109  0.00053   -1.622    0.326  1.00663  *
* 153)    7.539   ( 77,  0)       -0.137  0.00209   -1.206    0.689  1.00623  *
* 154)    7.539   (  0, 77)       -0.137  0.00209   -1.206    0.689  1.00623  *
* 155)    7.727   (  0, 78)       -0.034  0.00025   -0.991    0.243  1.00609  *
* 156)    7.727   ( 78,  0)       -0.034  0.00025   -0.991    0.243  1.00609  *
* 157)    8.135   (  0, 79)       -0.003  0.00014   -0.581    0.194  1.00578  *
* 158)    8.135   ( 79,  0)       -0.003  0.00014   -0.581    0.194  1.00578  *
* 159)    8.386   (  0, 80)       -0.004  0.00051   -0.336    0.380  1.00561  *
* 160)    8.386   ( 80,  0)       -0.004  0.00051   -0.336    0.380  1.00561  *
* 161)    8.390   (  0, 81)        0.373  0.00048   -0.332    0.368  1.00560  *
* 162)    8.390   ( 81,  0)        0.373  0.00048   -0.332    0.368  1.00560  *
* 163)    8.464   ( 82,  0)       -0.639  0.00237   -0.290    0.824  1.00554  *
* 164)    8.464   (  0, 82)       -0.639  0.00237   -0.290    0.824  1.00554  *
* 165)    8.458   (  0, 83)        0.011  0.00038   -0.262    0.330  1.00556  *
* 166)    8.458   ( 83,  0)        0.011  0.00038   -0.262    0.330  1.00556  *
* 167)    9.071   (  0, 84)        0.378  0.00046    0.349    0.388  1.00518  *
* 168)    9.071   ( 84,  0)        0.378  0.00046    0.349    0.388  1.00518  *
* 169)    9.121   ( 85,  0)       -0.060  0.00012    0.405    0.197  1.00515  *
* 170)    9.121   (  0, 85)       -0.060  0.00012    0.405    0.197  1.00515  *
* 171)    9.326   ( 86,  0)        0.205  0.00608    0.499    1.450  1.00501  *
* 172)    9.326   (  0, 86)        0.205  0.00608    0.499    1.450  1.00501  *
* 173)    9.450   (  0, 87)       -0.206  0.00726    0.599    1.604  1.00494  *
* 174)    9.450   ( 87,  0)       -0.206  0.00726    0.599    1.604  1.00494  *
* 175)    9.349   ( 88,  0)        0.003  0.00032    0.629    0.337  1.00503  *
* 176)    9.349   (  0, 88)        0.003  0.00032    0.629    0.337  1.00503  *
* 177)    9.858   ( 89,  0)       -0.285  0.00156    1.114    0.779  1.00476  *
* 178)    9.858   (  0, 89)       -0.285  0.00156    1.114    0.779  1.00476  *
* 181)    9.948   ( 91,  0)        0.074  0.00010    1.233    0.200  1.00472  *
* 182)    9.948   (  0, 91)        0.074  0.00010    1.233    0.200  1.00472  *
*                                                                             *
*1886)   TOTAL=  ( 943, 943)                                                  *
*                                                                             *
*******************************************************************************

*******************************************************************************
*                                                                             *
*  SINGLE-PARTICLE PROPERTIES: CANONICAL                           NEUTRONS   *
*                                                                             *
*******************************************************************************
*                                                                             *
*  NO)   ENERGY   (S=+,S=-)   | N,nz,lz,OMEz>   <P>    <JY>    <SY>   GFACT   *
*                                                                             *
*  41)  -11.371   ( 41,---)   | 3, 1, 2, 3/2>    -7  -0.001  -0.000   0.258   *
*  42)  -11.124   ( 42,---)   | 5, 4, 1, 3/2>   -12  -0.002  -0.000   0.150   *
*  43)  -11.004   ( 43,---)   |10, 7, 3, 7/2>     0  -0.000  -0.000   0.235   *
*  44)  -10.992   ( 44,---)   | 2, 0, 2, 5/2>    16   0.000   0.000   0.096   *
*  45)  -10.757   ( 45,---)   |11,10, 1, 3/2>   -16  -0.004   0.000  -0.003   *
*  46)  -10.683   ( 46,---)   | 4, 2, 2, 5/2>     0  -0.000  -0.000   0.327   *
*  47)  -10.001   ( 47,---)   |10, 9, 1, 1/2>    -3  -0.716  -0.215   0.301   *
*  48)   -9.904   ( 48,---)   |12,12, 0, 1/2>    18  -0.926  -0.296   0.320   *
*  49)   -9.124   ( 49,---)   | 7, 4, 1, 3/2>     0  -0.001  -0.002   1.997   *
*  50)   -7.913   ( 50,---)   | 7, 4, 1, 1/2>     7   0.069  -0.114  -1.644   *
*  51)   -7.855   ( 51,---)   |10, 7, 1, 3/2>     0  -0.000  -0.000   1.757   *
*  52)   -7.592   ( 52,---)   | 2, 0, 0, 1/2>     8  -0.284  -0.345   1.212   *
*  53)   -7.256   ( 53,---)   |12,11, 1, 3/2>    69  -0.001  -0.000   0.216   *
*  54)   -7.196   ( 54,---)   | 3, 1, 0, 1/2>    -4  -0.279  -0.384   1.377   *
*  55)   -6.950   ( 55,---)   | 2, 0, 2, 5/2>    28  -0.000  -0.000   1.218   *
*  56)   -6.721   ( 56,---)   | 7, 4, 3, 5/2>     3   0.000  -0.000  -0.033   *
*  57)   -6.646   ( 57,---)   |10, 7, 3, 7/2>     0  -0.000  -0.000   0.079   *
*  58)   -6.475   ( 58,---)   |11,10, 1, 1/2>     3  -0.658  -0.239   0.364   *
*  59)   -6.236   ( 59,---)   |10, 7, 1, 1/2>     2   0.251  -0.050  -0.201   *
*  60)   -6.166   ( 60,---)   |13,13, 0, 1/2>    -1  -1.190  -0.316   0.265   *
*  61)   -5.288   ( 61,---)   | 3, 1, 2, 5/2>    -5  -0.000  -0.000   0.854   *
*  62)   -5.246   ( 62,---)   | 7, 4, 3, 7/2>     0  -0.000  -0.000   0.057   *
*  63)   -5.196   ( 63,---)   | 2, 0, 2, 3/2>     8  -0.001   0.000  -0.086   *
*  64)   -3.963   ( 64,---)   |13,11, 2, 3/2>   -29  -0.001  -0.000   0.276   *
*  65)   -3.942   ( 65,---)   |13,12, 1, 3/2>   -27  -0.001  -0.001   0.469   *
*  66)   -3.712   ( 66,---)   |10, 7, 3, 5/2>    14   0.000  -0.000  -0.371   *
*  67)   -3.087   ( 67,---)   | 2, 0, 0, 1/2>    25  -0.433  -0.356   0.823   *
*  68)   -2.925   ( 68,---)   |12,11, 1, 1/2>    41  -0.100  -0.213   2.126   *
*  69)   -2.778   ( 69,---)   | 8, 4, 4, 9/2>     0   0.000  -0.000  -4.457   *
*  70)   -2.597   ( 70,---)   | 9, 6, 1, 3/2>    -4  -0.005  -0.004   0.875   *
*  71)   -2.356   ( 71,---)   | 4, 2, 2, 5/2>    -3  -0.000  -0.000   0.206   *
*  72)   -1.654   ( 72,---)   | 9, 9, 0, 1/2>   -44  -1.792  -0.338   0.189   *
*  73)   -1.041   ( 73,---)   | 3, 1, 0, 1/2>    -9  -0.193  -0.374   1.936   *
*  74)   -0.844   ( 74,---)   |10, 7, 1, 1/2>     0   0.391  -0.123  -0.314   *
*  75)   -0.146   ( 75,---)   | 7, 4, 1, 3/2>    -1  -0.000  -0.000   0.584   *
*  76)   -0.021   ( 76,---)   |11, 7, 4, 9/2>     0  -0.000  -0.000   1.622   *
*                                                                             *
*******************************************************************************

*******************************************************************************
*                                                                             *
*  HFB PAIRING PROPERTIES                                           NEUTRONS  *
*                                                                             *
*  STRENGTH= 0.0603   GAP=-0.3059   FERMI ENERGY= -8.6669   ENERGY=  -1.5518  *
*                                                                             *
*******************************************************************************

*******************************************************************************
*                                                                             *
*  MULTIPOLE MOMENTS [UNITS:  (10 FERMI)^LAMBDA]                    NEUTRONS  *
*                                                                             *
*******************************************************************************
*                                                                             *
*  Q00 = 98.0000  .............  .............  .............  .............  *
*                                                                             *
*  Q10 = 13.9792  Q11 =    ZERO  .............  .............  .............  *
*                                                                             *
*  Q20 =184.3976  Q21 =    ZERO  Q22 =  0.0026  .............  .............  *
*                                                                             *
*  Q30 = 32.4450  Q31 =    ZERO  Q32 = -0.0013  Q33 =    ZERO  .............  *
*                                                                             *
*  Q40 =109.4675  Q41 =    ZERO  Q42 =  0.0024  Q43 =    ZERO  Q44 = 9.1E-09  *
*                                                                             *
*******************************************************************************

*******************************************************************************
*                                                                             *
*  ROOT-MEAN-SQUARE AND GEOMETRIC SIZES IN FERMIS                   NEUTRONS  *
*                                                                             *
*  R_RMS = 10.2956     X_RMS =  1.9934    Y_RMS =  1.9930    Z_RMS =  9.9022  *
*                                                                             *
*  R_GEO = 13.2915     X_GEO =  4.4573    Y_GEO =  4.4564    Z_GEO = 22.1419  *
*                                                                             *
*******************************************************************************

*******************************************************************************
*                                                                             *
*  BOHR DEFORMATIONS (FIRST-ORDER APPROXIMATION)                    NEUTRONS  *
*                                                                             *
*******************************************************************************
*                                                                             *
*  B10 =  0.2196  B11 =    ZERO  .............  .............  .............  *
*                                                                             *
*  B20 =  1.4071  B21 =    ZERO  B22 = 2.0E-05  .............  .............  *
*                                                                             *
*  B30 =  0.5906  B31 =    ZERO  B32 =-3.4E-05  B33 =    ZERO  .............  *
*                                                                             *
*  B40 =  1.4992  B41 =    ZERO  B42 = 4.7E-05  B43 =    ZERO  B44 = 1.8E-10  *
*                                                                             *
*******************************************************************************
*                                                                             *
*  BOHR DENSITY = 0.0100 FM^(-3)  BOHR RADIUS =  13.2915 FM                   *
*                                                                             *
*******************************************************************************

*******************************************************************************
*                                                                             *
*  SINGLE-QUASIPARTICLE PROPERTIES:                                 PROTONS   *
*                                                                             *
*******************************************************************************
*                                                                             *
*  NO)   ENERGY   (S=+,S=-)       PARITY   V2QUAP   EEQUIV   DEQUIV   V_CORR  *
*                                                                             *
*  37)    9.400   ( 19,  0)       -0.085  0.99690  -13.901    1.045  1.00001  *
*  38)    9.400   (  0, 19)       -0.085  0.99690  -13.901    1.045  1.00001  *
*  39)    9.173   ( 20,  0)        0.001  0.99921  -13.718    0.514  1.00000  *
*  40)    9.173   (  0, 20)        0.001  0.99921  -13.718    0.514  1.00000  *
*  41)    8.925   ( 21,  0)       -0.195  0.99878  -13.462    0.623  1.00000  *
*  42)    8.925   (  0, 21)       -0.195  0.99878  -13.462    0.623  1.00000  *
*  43)    8.000   (  0, 22)        0.633  0.99816  -12.530    0.686  1.00001  *
*  44)    8.000   ( 22,  0)        0.633  0.99816  -12.530    0.686  1.00001  *
*  45)    6.513   ( 23,  0)       -0.015  0.99707  -11.034    0.704  1.00001  *
*  46)    6.513   (  0, 23)       -0.015  0.99707  -11.034    0.704  1.00001  *
*  47)    6.138   (  0, 24)       -0.071  0.99712  -10.661    0.658  1.00001  *
*  48)    6.138   ( 24,  0)       -0.071  0.99712  -10.661    0.658  1.00001  *
*  49)    6.318   (  0, 25)        0.071  0.97925  -10.615    1.801  1.00007  *
*  50)    6.318   ( 25,  0)        0.071  0.97925  -10.615    1.801  1.00007  *
*  51)    6.031   ( 26,  0)       -0.254  0.97588  -10.299    1.851  1.00009  *
*  52)    6.031   (  0, 26)       -0.254  0.97588  -10.299    1.851  1.00009  *
*  53)    5.776   ( 27,  0)        0.115  0.98134  -10.119    1.563  1.00007  *
*  54)    5.776   (  0, 27)        0.115  0.98134  -10.119    1.563  1.00007  *
*  55)    4.885   ( 28,  0)       -0.021  0.99703   -9.416    0.532  1.00001  *
*  56)    4.885   (  0, 28)       -0.021  0.99703   -9.416    0.532  1.00001  *
*  57)    4.413   ( 29,  0)       -0.677  0.99622   -8.939    0.542  1.00002  *
*  58)    4.413   (  0, 29)       -0.677  0.99622   -8.939    0.542  1.00002  *
*  59)    4.250   ( 30,  0)        0.014  0.99384   -8.757    0.665  1.00003  *
*  60)    4.250   (  0, 30)        0.014  0.99384   -8.757    0.665  1.00003  *
*  61)    3.999   ( 31,  0)       -0.008  0.99571   -8.524    0.523  1.00002  *
*  62)    3.999   (  0, 31)       -0.008  0.99571   -8.524    0.523  1.00002  *
*  63)    3.666   ( 32,  0)       -0.496  0.83076   -6.985    2.750  1.00105  *
*  64)    3.666   (  0, 32)       -0.496  0.83076   -6.985    2.750  1.00105  *
*  65)    5.179   ( 33,  0)        0.011  0.69661   -6.596    4.762  1.00134  *
*  66)    5.179   (  0, 33)        0.011  0.69661   -6.596    4.762  1.00134  *
*  67)    0.955   (  0, 34)        0.643  0.92532   -5.372    0.502  1.00174  *
*  68)    0.955   ( 34,  0)        0.643  0.92532   -5.372    0.502  1.00174  *
*  69)    0.769   (  0, 35)       -0.222  0.85585   -5.106    0.540  1.00416  *
*  70)    0.769   ( 35,  0)       -0.222  0.85585   -5.106    0.540  1.00416  *
*  71)    1.083   ( 36,  0)        0.509  0.69362   -4.979    0.998  1.00639  *
*  72)    1.083   (  0, 36)        0.509  0.69362   -4.979    0.998  1.00639  *
*  73)    0.692   ( 37,  0)        0.005  0.72345   -4.868    0.619  1.00893  *
*  74)    0.692   (  0, 37)        0.005  0.72345   -4.868    0.619  1.00893  *
*  75)    2.623   ( 38,  0)        0.060  0.55485   -4.847    2.607  1.00388  *
*  76)    2.623   (  0, 38)        0.060  0.55485   -4.847    2.607  1.00388  *
*  77)    0.590   (  0, 39)       -0.313  0.66852   -4.758    0.555  1.01255  *
*  78)    0.590   ( 39,  0)       -0.313  0.66852   -4.758    0.555  1.01255  *
*  79)    0.510   ( 40,  0)       -0.048  0.43519   -4.493    0.505  1.02530  *
*  80)    0.510   (  0, 40)       -0.048  0.43519   -4.493    0.505  1.02530  *
*  81)    2.576   ( 41,  0)       -0.018  0.43786   -4.239    2.556  1.00500  *
*  82)    2.576   (  0, 41)       -0.018  0.43786   -4.239    2.556  1.00500  *
*  83)    1.086   (  0, 42)        0.611  0.29661   -4.117    0.992  1.01493  *
*  84)    1.086   ( 42,  0)        0.611  0.29661   -4.117    0.992  1.01493  *
*  85)    0.819   (  0, 43)        0.137  0.17386   -4.025    0.620  1.02352  *
*  86)    0.819   ( 43,  0)        0.137  0.17386   -4.025    0.620  1.02352  *
*  87)    1.205   ( 44,  0)       -0.006  0.03202   -3.431    0.424  1.01875  *
*  88)    1.205   (  0, 44)       -0.006  0.03202   -3.431    0.424  1.01875  *
*  89)    1.506   ( 45,  0)       -0.027  0.02495   -3.129    0.470  1.01507  *
*  90)    1.506   (  0, 45)       -0.027  0.02495   -3.129    0.470  1.01507  *
*  91)    1.714   ( 46,  0)        0.099  0.02800   -2.942    0.565  1.01317  *
*  92)    1.714   (  0, 46)        0.099  0.02800   -2.942    0.565  1.01317  *
*  93)    5.246   (  0, 47)        0.018  0.30260   -2.488    4.820  1.00305  *
*  94)    5.246   ( 47,  0)        0.018  0.30260   -2.488    4.820  1.00305  *
*  95)    2.210   (  0, 48)       -0.662  0.01405   -2.412    0.520  1.01034  *
*  96)    2.210   ( 48,  0)       -0.662  0.01405   -2.412    0.520  1.01034  *
*  97)    3.661   (  0, 49)       -0.498  0.16913   -2.137    2.745  1.00522  *
*  98)    3.661   ( 49,  0)       -0.498  0.16913   -2.137    2.745  1.00522  *
*  99)    2.728   (  0, 50)        0.089  0.01655   -1.921    0.696  1.00833  *
* 100)    2.728   ( 50,  0)        0.089  0.01655   -1.921    0.696  1.00833  *
* 101)    4.829   ( 51,  0)       -0.009  0.00310    0.240    0.537  1.00476  *
* 102)    4.829   (  0, 51)       -0.009  0.00310    0.240    0.537  1.00476  *
* 103)    5.383   (  0, 52)        0.150  0.01047    0.711    1.096  1.00423  *
* 104)    5.383   ( 52,  0)        0.150  0.01047    0.711    1.096  1.00423  *
* 105)    5.573   (  0, 53)        0.098  0.01033    0.899    1.127  1.00409  *
* 106)    5.573   ( 53,  0)        0.098  0.01033    0.899    1.127  1.00409  *
* 107)    5.668   (  0, 54)        0.046  0.00437    1.059    0.747  1.00404  *
* 108)    5.668   ( 54,  0)        0.046  0.00437    1.059    0.747  1.00404  *
* 109)    6.164   ( 55,  0)       -0.001  0.04058    1.105    2.433  1.00358  *
* 110)    6.164   (  0, 55)       -0.001  0.04058    1.105    2.433  1.00358  *
* 111)    5.833   (  0, 56)        0.006  0.00266    1.243    0.601  1.00394  *
* 112)    5.833   ( 56,  0)        0.006  0.00266    1.243    0.601  1.00394  *
* 113)    6.204   ( 57,  0)       -0.335  0.00163    1.625    0.500  1.00370  *
* 114)    6.204   (  0, 57)       -0.335  0.00163    1.625    0.500  1.00370  *
* 115)    6.328   (  0, 58)       -0.003  0.00239    1.738    0.618  1.00363  *
* 116)    6.328   ( 58,  0)       -0.003  0.00239    1.738    0.618  1.00363  *
* 117)    6.654   ( 59,  0)        0.066  0.00333    2.050    0.766  1.00345  *
* 118)    6.654   (  0, 59)        0.066  0.00333    2.050    0.766  1.00345  *
* 119)    6.923   ( 60,  0)        0.093  0.00069    2.354    0.365  1.00332  *
* 120)    6.923   (  0, 60)        0.093  0.00069    2.354    0.365  1.00332  *
* 121)    6.968   ( 61,  0)       -0.091  0.00122    2.392    0.487  1.00330  *
* 122)    6.968   (  0, 61)       -0.091  0.00122    2.392    0.487  1.00330  *
* 123)    6.987   ( 62,  0)        0.005  0.00116    2.412    0.476  1.00329  *
* 124)    6.987   (  0, 62)        0.005  0.00116    2.412    0.476  1.00329  *
* 125)    7.212   (  0, 63)        0.100  0.00144    2.633    0.546  1.00319  *
* 126)    7.212   ( 63,  0)        0.100  0.00144    2.633    0.546  1.00319  *
* 127)    7.417   ( 64,  0)        0.411  0.00112    2.841    0.496  1.00310  *
* 128)    7.417   (  0, 64)        0.411  0.00112    2.841    0.496  1.00310  *
* 129)    7.616   (  0, 65)        0.330  0.00096    3.042    0.471  1.00302  *
* 130)    7.616   ( 65,  0)        0.330  0.00096    3.042    0.471  1.00302  *
* 131)    9.121   ( 66,  0)       -0.284  0.00326    4.502    1.040  1.00251  *
* 132)    9.121   (  0, 66)       -0.284  0.00326    4.502    1.040  1.00251  *
* 133)    9.403   (  0, 67)        0.525  0.00083    4.828    0.541  1.00244  *
* 134)    9.403   ( 67,  0)        0.525  0.00083    4.828    0.541  1.00244  *
* 135)    9.791   ( 68,  0)       -0.138  0.00047    5.222    0.425  1.00235  *
* 136)    9.791   (  0, 68)       -0.138  0.00047    5.222    0.425  1.00235  *
*                                                                             *
*1610)   TOTAL=  ( 805, 805)                                                  *
*                                                                             *
*******************************************************************************

*******************************************************************************
*                                                                             *
*  SINGLE-PARTICLE PROPERTIES: CANONICAL                            PROTONS   *
*                                                                             *
*******************************************************************************
*                                                                             *
*  NO)   ENERGY   (S=+,S=-)   | N,nz,lz,OMEz>   <P>    <JY>    <SY>   GFACT   *
*                                                                             *
*  23)  -11.110   ( 23,---)   | 4, 3, 1, 1/2>    36  -0.141  -0.175   1.239   *
*  24)  -11.095   ( 24,---)   | 7, 6, 1, 3/2>    13  -0.000   0.000  -2.971   *
*  25)  -10.842   ( 25,---)   | 5, 3, 0, 1/2>    -2  -0.147  -0.437   2.979   *
*  26)  -10.773   ( 26,---)   | 2, 1, 1, 1/2>    -1  -0.218  -0.129   0.590   *
*  27)  -10.593   ( 27,---)   | 5, 3, 2, 3/2>    -7  -0.005   0.001  -0.160   *
*  28)  -10.149   ( 28,---)   | 3, 2, 1, 3/2>   -22   0.003   0.001   0.262   *
*  29)   -9.745   ( 29,---)   | 9, 7, 0, 1/2>     0  -0.343  -0.488   1.425   *
*  30)   -9.514   ( 30,---)   | 8, 6, 2, 3/2>     3  -0.005  -0.002   0.396   *
*  31)   -9.024   ( 31,---)   |11,11, 0, 1/2>   -65  -1.206  -0.401   0.333   *
*  32)   -8.764   ( 32,---)   | 4, 2, 2, 5/2>     0  -0.000  -0.000   1.332   *
*  33)   -8.547   ( 33,---)   | 6, 4, 2, 5/2>     0   0.000   0.000   0.597   *
*  34)   -7.569   ( 34,---)   | 1, 0, 1, 1/2>   -29  -0.156  -0.049   0.312   *
*  35)   -5.544   ( 35,---)   | 4, 3, 1, 3/2>    65  -0.005  -0.001   0.191   *
*  36)   -5.382   ( 36,---)   |12,12, 0, 1/2>    67  -1.451  -0.372   0.256   *
*  37)   -5.125   ( 37,---)   | 3, 2, 1, 1/2>   -40  -0.272  -0.237   0.871   *
*  38)   -4.869   ( 38,---)   | 7, 4, 3, 7/2>     0   0.000   0.000   0.956   *
*  39)   -4.749   ( 39,---)   | 3, 1, 0, 1/2>   -17  -0.247  -0.393   1.589   *
*  40)   -4.488   ( 40,---)   | 4, 2, 0, 1/2>    -1  -0.220  -0.414   1.880   *
*  41)   -4.004   ( 41,---)   | 4, 2, 2, 3/2>     3  -0.002   0.000  -0.157   *
*  42)   -3.582   ( 42,---)   | 6, 4, 2, 3/2>     0   0.000  -0.000  -3.230   *
*  43)   -3.414   ( 43,---)   |10, 7, 3, 7/2>     0   0.000   0.000   0.009   *
*  44)   -3.039   ( 44,---)   | 3, 1, 2, 5/2>     3   0.000   0.000   0.101   *
*  45)   -2.973   ( 45,---)   | 2, 0, 2, 5/2>     3  -0.000  -0.000   0.404   *
*  46)   -2.350   ( 46,---)   |11,10, 1, 3/2>   -67  -0.002  -0.001   0.217   *
*  47)   -1.921   ( 47,---)   | 7, 7, 0, 1/2>   -35  -1.051  -0.259   0.246   *
*  48)   -1.798   ( 48,---)   | 4, 3, 1, 1/2>    34  -0.546  -0.240   0.440   *
*  49)   -0.750   ( 49,---)   | 7, 4, 1, 3/2>     0  -0.002  -0.005   2.091   *
*                                                                             *
*******************************************************************************

*******************************************************************************
*                                                                             *
*  HFB PAIRING PROPERTIES                                            PROTONS  *
*                                                                             *
*  STRENGTH= 0.0606   GAP= 0.5219   FERMI ENERGY= -4.5362   ENERGY=  -4.4979  *
*                                                                             *
*******************************************************************************

*******************************************************************************
*                                                                             *
*  MULTIPOLE MOMENTS [UNITS:  (10 FERMI)^LAMBDA]                     PROTONS  *
*                                                                             *
*******************************************************************************
*                                                                             *
*  Q00 = 78.0000  .............  .............  .............  .............  *
*                                                                             *
*  Q10 = 10.8837  Q11 =    ZERO  .............  .............  .............  *
*                                                                             *
*  Q20 =148.3572  Q21 =    ZERO  Q22 =  0.0021  .............  .............  *
*                                                                             *
*  Q30 = 25.9900  Q31 =    ZERO  Q32 = -0.0010  Q33 =    ZERO  .............  *
*                                                                             *
*  Q40 = 88.9057  Q41 =    ZERO  Q42 =  0.0019  Q43 =    ZERO  Q44 =-1.3E-08  *
*                                                                             *
*******************************************************************************

*******************************************************************************
*                                                                             *
*  ROOT-MEAN-SQUARE AND GEOMETRIC SIZES IN FERMIS                    PROTONS  *
*                                                                             *
*  R_RMS = 10.3069     X_RMS =  1.9265    Y_RMS =  1.9261    Z_RMS =  9.9404  *
*                                                                             *
*  R_GEO = 13.3062     X_GEO =  4.3077    Y_GEO =  4.3068    Z_GEO = 22.2274  *
*                                                                             *
*******************************************************************************

*******************************************************************************
*                                                                             *
*  BOHR DEFORMATIONS (FIRST-ORDER APPROXIMATION)                     PROTONS  *
*                                                                             *
*******************************************************************************
*                                                                             *
*  B10 =  0.2146  B11 =    ZERO  .............  .............  .............  *
*                                                                             *
*  B20 =  1.4192  B21 =    ZERO  B22 = 2.0E-05  .............  .............  *
*                                                                             *
*  B30 =  0.5924  B31 =    ZERO  B32 =-3.4E-05  B33 =    ZERO  .............  *
*                                                                             *
*  B40 =  1.5230  B41 =    ZERO  B42 = 4.6E-05  B43 =    ZERO  B44 =-3.1E-10  *
*                                                                             *
*******************************************************************************
*                                                                             *
*  BOHR DENSITY = 0.0079 FM^(-3)  BOHR RADIUS =  13.3062 FM                   *
*                                                                             *
*******************************************************************************

*******************************************************************************
*                                                                             *
*                  DENSITY INTEGRALS IN THE SKYRME FUNCTIONAL                 *
*                                                                             *
*******************************************************************************
*                                                                             *
*                   TOTAL(T)        SUM(S)      ISOSCALAR(P)  ISOVECTOR(M)    *
*                   --------        ------      ------------  ------------    *
*    DRHO_ =       19.596838      9.894314         19.596838      0.191790    *
*    DRHOD =        9.040250      4.562039          9.040250      0.083829    *
*    DLPR_ =       -5.604892     -2.822886         -5.604892     -0.040879    *
*    DTAU_ =       16.772429      8.516623         16.772429      0.260818    *
*    DSCU_ =        0.182831      0.100222          0.182831      0.017613    *
*    DDIV_ =        1.196374      0.607112          1.196374      0.017849    *
*                                                                             *
*    DSPI_ =        0.000000      0.000000          0.000000      0.000000    *
*    DSPID =        0.000000      0.000000          0.000000      0.000000    *
*    DLPS_ =        0.000000      0.000000          0.000000      0.000000    *
*    DCUR_ =        0.000000      0.000000          0.000000      0.000000    *
*    DKIS_ =        0.000000      0.000000          0.000000      0.000000    *
*    DROT_ =        0.000000      0.000000          0.000000      0.000000    *
*                                                                             *
*******************************************************************************

*******************************************************************************
*                                                                             *
*               CONTRIBUTIONS TO ENERGY IN THE SKYRME FUNCTIONAL              *
*                                                                             *
*******************************************************************************
*                                                                             *
*                 TOTAL(T)        SUM(S)        ISOSCALAR(P)  ISOVECTOR(M)    *
*                 --------        ------        ------------  ------------    *
*    ERHO_ =   -17520.750750   5326.263375     -12246.109092     51.621717    *
*    ERHOD =     9114.502989  -2314.614135       6821.154845    -21.265992    *
*    ELPR_ =     -551.158847    812.624591        255.581769      5.883974    *
*    ETAU_ =      556.107693   -411.110481        151.292250     -6.295037    *
*    ESCU_ =        0.000000      0.000000          0.000000      0.000000    *
*    EDIV_ =      -26.360724    -63.033432        -88.467572     -0.926584    *
*               ============  ============      ============  ============    *
*    SUM EVEN:  -8427.659639   3350.129918      -5106.547800     29.018079    *
*                                                                             *
*    ESPI_ =        0.000000      0.000000          0.000000      0.000000    *
*    ESPID =        0.000000      0.000000          0.000000      0.000000    *
*    ELPS_ =        0.000000      0.000000          0.000000      0.000000    *
*    ECUR_ =        0.000000      0.000000          0.000000      0.000000    *
*    EKIS_ =        0.000000      0.000000          0.000000      0.000000    *
*    EROT_ =        0.000000      0.000000          0.000000      0.000000    *
*               ============  ============      ============  ============    *
*    SUM  ODD:      0.000000      0.000000          0.000000      0.000000    *
*                                                                             *
*******************************************************************************
 
*******************************************************************************
*                                                                             *
*  CENTER-OF-MASS COORDINATES IN FERMIS                                TOTAL  *
*                                                                             *
*  R_CMS =  1.4127     X_CMS =  0.0000    Y_CMS =  0.0000    Z_CMS =  1.4127  *
*                                                                             *
*******************************************************************************

*******************************************************************************
*                                                                             *
*  MULTIPOLE MOMENTS [UNITS:  (10 FERMI)^LAMBDA] [CENT-MASS FRAME]  NEUTRONS  *
*                                                                             *
*******************************************************************************
*                                                                             *
*  Q00 = 98.0000  .............  .............  .............  .............  *
*                                                                             *
*  Q10 =  0.1351  Q11 =    ZERO  .............  .............  .............  *
*                                                                             *
*  Q20 =180.4098  Q21 =    ZERO  Q22 =  0.0026  .............  .............  *
*                                                                             *
*  Q30 =  3.7007  Q31 =    ZERO  Q32 = -0.0016  Q33 =    ZERO  .............  *
*                                                                             *
*  Q40 = 97.9215  Q41 =    ZERO  Q42 =  0.0032  Q43 =    ZERO  Q44 = 9.1E-09  *
*                                                                             *
*******************************************************************************

*******************************************************************************
*                                                                             *
*  BOHR DEFORMATIONS (FIRST-ORDER APPROXIMATION) [CENT-MASS FRAME]  NEUTRONS  *
*                                                                             *
*******************************************************************************
*                                                                             *
*  B10 =  0.0024  B11 =    ZERO  .............  .............  .............  *
*                                                                             *
*  B20 =  1.8290  B21 =    ZERO  B22 = 2.7E-05  .............  .............  *
*                                                                             *
*  B30 =  0.1032  B31 =    ZERO  B32 =-6.1E-05  B33 =    ZERO  .............  *
*                                                                             *
*  B40 =  2.3671  B41 =    ZERO  B42 = 1.1E-04  B43 =    ZERO  B44 = 3.1E-10  *
*                                                                             *
*******************************************************************************
*                                                                             *
*  BOHR DENSITY = 0.0153 FM^(-3)  BOHR RADIUS =  11.5314 FM                   *
*                                                                             *
*******************************************************************************

*******************************************************************************
*                                                                             *
*  MULTIPOLE MOMENTS [UNITS:  (10 FERMI)^LAMBDA] [CENT-MASS FRAME]   PROTONS  *
*                                                                             *
*******************************************************************************
*                                                                             *
*  Q00 = 78.0000  .............  .............  .............  .............  *
*                                                                             *
*  Q10 = -0.1351  Q11 =    ZERO  .............  .............  .............  *
*                                                                             *
*  Q20 =145.3203  Q21 =    ZERO  Q22 =  0.0021  .............  .............  *
*                                                                             *
*  Q30 =  2.8493  Q31 =    ZERO  Q32 = -0.0012  Q33 =    ZERO  .............  *
*                                                                             *
*  Q40 = 79.6923  Q41 =    ZERO  Q42 =  0.0025  Q43 =    ZERO  Q44 =-1.3E-08  *
*                                                                             *
*******************************************************************************

*******************************************************************************
*                                                                             *
*  BOHR DEFORMATIONS (FIRST-ORDER APPROXIMATION) [CENT-MASS FRAME]   PROTONS  *
*                                                                             *
*******************************************************************************
*                                                                             *
*  B10 = -0.0031  B11 =    ZERO  .............  .............  .............  *
*                                                                             *
*  B20 =  1.8359  B21 =    ZERO  B22 = 2.6E-05  .............  .............  *
*                                                                             *
*  B30 =  0.0986  B31 =    ZERO  B32 =-6.0E-05  B33 =    ZERO  .............  *
*                                                                             *
*  B40 =  2.3811  B41 =    ZERO  B42 = 1.1E-04  B43 =    ZERO  B44 =-5.4E-10  *
*                                                                             *
*******************************************************************************
*                                                                             *
*  BOHR DENSITY = 0.0120 FM^(-3)  BOHR RADIUS =  11.5786 FM                   *
*                                                                             *
*******************************************************************************

*******************************************************************************
*                                                                             *
*  EULER ANGLES OF THE PRINCIPAL-AXES FRAME IN DEGREES                 TOTAL  *
*                                                                             *
*  ALPHA =  0.00000  BETA =  0.00000  GAMMA =  0.00000                        *
*                                                                             *
*******************************************************************************

*******************************************************************************
*                                                                             *
*  ROOT-MEAN-SQUARE AND GEOMETRIC SIZES IN FERMIS                      TOTAL  *
*                                                                             *
*  R_RMS = 10.3006     X_RMS =  1.9640    Y_RMS =  1.9636    Z_RMS =  9.9191  *
*                                                                             *
*  R_GEO = 13.2980     X_GEO =  4.3916    Y_GEO =  4.3908    Z_GEO = 22.1798  *
*                                                                             *
*******************************************************************************

*******************************************************************************
*                                                                             *
*  MULTIPOLE MOMENTS [UNITS:  (10 FERMI)^LAMBDA]                       TOTAL  *
*                                                                             *
*******************************************************************************
*                                                                             *
*  Q00 =176.0000  .............  .............  .............  .............  *
*                                                                             *
*  Q10 = 24.8629  Q11 =    ZERO  .............  .............  .............  *
*                                                                             *
*  Q20 =332.7548  Q21 =    ZERO  Q22 =  0.0047  .............  .............  *
*                                                                             *
*  Q30 = 58.4351  Q31 =    ZERO  Q32 = -0.0024  Q33 =    ZERO  .............  *
*                                                                             *
*  Q40 =198.3732  Q41 =    ZERO  Q42 =  0.0044  Q43 =    ZERO  Q44 =-3.5E-09  *
*                                                                             *
*******************************************************************************

*******************************************************************************
*                                                                             *
*  BOHR DEFORMATIONS (FIRST-ORDER APPROXIMATION)                       TOTAL  *
*                                                                             *
*******************************************************************************
*                                                                             *
*  B10 =  0.2174  B11 =    ZERO  .............  .............  .............  *
*                                                                             *
*  B20 =  1.4125  B21 =    ZERO  B22 = 2.0E-05  .............  .............  *
*                                                                             *
*  B30 =  0.5914  B31 =    ZERO  B32 =-3.4E-05  B33 =    ZERO  .............  *
*                                                                             *
*  B40 =  1.5098  B41 =    ZERO  B42 = 4.7E-05  B43 =    ZERO  B44 =    ZERO  *
*                                                                             *
*******************************************************************************
*                                                                             *
*  BOHR DENSITY = 0.0179 FM^(-3)  BOHR RADIUS =  13.2980 FM                   *
*                                                                             *
*******************************************************************************

*******************************************************************************
*                                                                             *
*  MULTIPOLE MOMENTS [UNITS:  (10 FERMI)^LAMBDA] [CENT-MASS FRAME]     TOTAL  *
*                                                                             *
*******************************************************************************
*                                                                             *
*  Q00 =176.0000  .............  .............  .............  .............  *
*                                                                             *
*  Q10 =    ZERO  Q11 =    ZERO  .............  .............  .............  *
*                                                                             *
*  Q20 =325.7302  Q21 =    ZERO  Q22 =  0.0047  .............  .............  *
*                                                                             *
*  Q30 =  6.5500  Q31 =    ZERO  Q32 = -0.0028  Q33 =    ZERO  .............  *
*                                                                             *
*  Q40 =177.6138  Q41 =    ZERO  Q42 =  0.0058  Q43 =    ZERO  Q44 =-3.5E-09  *
*                                                                             *
*******************************************************************************

*******************************************************************************
*                                                                             *
*  BOHR DEFORMATIONS (FIRST-ORDER APPROXIMATION) [CENT-MASS FRAME]     TOTAL  *
*                                                                             *
*******************************************************************************
*                                                                             *
*  B10 =    ZERO  B11 =    ZERO  .............  .............  .............  *
*                                                                             *
*  B20 =  1.8321  B21 =    ZERO  B22 = 2.6E-05  .............  .............  *
*                                                                             *
*  B30 =  0.1011  B31 =    ZERO  B32 =-6.1E-05  B33 =    ZERO  .............  *
*                                                                             *
*  B40 =  2.3735  B41 =    ZERO  B42 = 1.1E-04  B43 =    ZERO  B44 =    ZERO  *
*                                                                             *
*******************************************************************************
*                                                                             *
*  BOHR DENSITY = 0.0273 FM^(-3)  BOHR RADIUS =  11.5523 FM                   *
*                                                                             *
*******************************************************************************

*******************************************************************************
*                                                                             *
*  MULTIPOLE MOMENTS [UNITS:  (10 FERMI)^LAMBDA] [INTRINSIC FRAME]     TOTAL  *
*                                                                             *
*  REAL PART  FOR A NON-NEGATIVE PROJECTION                                   *
*  IMAGINARY PART FOR A NEGATIVE PROJECTION                                   *
*                                                                             *
*******************************************************************************
*                                                                             *
*  Q00 =176.0000  .............  .............  .............  .............  *
*                 .............  .............  .............  .............  *
*                                                                             *
*  Q10 =    ZERO  Q1+1=    ZERO  .............  .............  .............  *
*                 Q1-1=    ZERO  .............  .............  .............  *
*                                                                             *
*  Q20 =325.7302  Q2+1=    ZERO  Q2+2=  0.0047  .............  .............  *
*                 Q2-1=    ZERO  Q2-2=    ZERO  .............  .............  *
*                                                                             *
*  Q30 =  6.5500  Q3+1=    ZERO  Q3+2= -0.0028  Q3+3=    ZERO  .............  *
*                 Q3-1=    ZERO  Q3-2=    ZERO  Q3-3=    ZERO  .............  *
*                                                                             *
*  Q40 =177.6138  Q4+1=    ZERO  Q4+2=  0.0058  Q4+3=    ZERO  Q4+4=-3.5E-09  *
*                 Q4-1=    ZERO  Q4-2=    ZERO  Q4-3=    ZERO  Q4-4=    ZERO  *
*                                                                             *
*******************************************************************************

*******************************************************************************
*                                                                             *
*  BOHR DEFORMATIONS (FIRST-ORDER APPROXIMATION) [INTRINSIC FRAME]     TOTAL  *
*                                                                             *
*  REAL PART  FOR A NON-NEGATIVE PROJECTION                                   *
*  IMAGINARY PART FOR A NEGATIVE PROJECTION                                   *
*                                                                             *
*******************************************************************************
*                                                                             *
*  B10 =    ZERO  B1+1=    ZERO  .............  .............  .............  *
*                 B1-1=    ZERO  .............  .............  .............  *
*                                                                             *
*  B20 =  1.8321  B2+1=    ZERO  B2+2= 2.6E-05  .............  .............  *
*                 B2-1=    ZERO  B2-2=    ZERO  .............  .............  *
*                                                                             *
*  B30 =  0.1011  B3+1=    ZERO  B3+2=-6.1E-05  B3+3=    ZERO  .............  *
*                 B3-1=    ZERO  B3-2=    ZERO  B3-3=    ZERO  .............  *
*                                                                             *
*  B40 =  2.3735  B4+1=    ZERO  B4+2= 1.1E-04  B4+3=    ZERO  B4+4=    ZERO  *
*                 B4-1=    ZERO  B4-2=    ZERO  B4-3=    ZERO  B4-4=    ZERO  *
*                                                                             *
*******************************************************************************
*                                                                             *
*  BOHR DENSITY = 0.0273 FM^(-3)  BOHR RADIUS =  11.5523 FM                   *
*                                                                             *
*******************************************************************************

*******************************************************************************
*                                                                             *
*                                ENERGIES (MEV)                               *
*                                                                             *
*******************************************************************************
*                                                                             *
*  KINETIC: (NEU)=  1821.014493    (PRO)=  1323.282575    (TOT)=  3144.297067 *
*  SUM EPS: (NEU)= -1981.953246    (PRO)= -1174.214538    (TOT)= -3156.167784 *
*  PAIRING: (NEU)=    -1.551768    (PRO)=    -4.497939    (TOT)=    -6.049708 *
*  P-REARR: (NEU)=     0.392475    (PRO)=     1.201542    (TOT)=     1.594017 *
*                                                                             *
*  PAIRGAP: (NEU)=    -0.305891    (PRO)=     0.521898    THIS SPACE IS EMPTY *
*  E-FERMI: (NEU)=    -8.666938    (PRO)=    -4.536242    AND AWAITS  YOUR AD *
*                                                                             *
*  COULOMB: (DIR)=   596.853848    (EXC)=   -29.786168    (TOT)=   567.067681 *
*                                                                             *
*  CONSTR. (MULT)=    89.020005    SLOPE=    -1.829271    CORR.=     0.914636 *
*  CONSTR. (SURF)=     0.000000    SLOPE=     0.000000    CORR.=     0.000000 *
*  CONSTR. (SPIN)=     0.000000    SLOPE=     0.000000    CORR.=     0.000000 *
*  CONSTR. (ISOS)=     0.000000    SLOPE=     0.000000    CORR.=     0.000000 *
*                                                                             *
*  REARRANGEMENT ENERGY FROM THE SKYRME DENSITY-DEPENDENT TERMS=  1280.352138 *
*  ROUTHIAN= TOTAL ENERGY + MULTIPOLE AND (ISO)SPIN CONSTRAINTS= -1283.194676 *
*                                                                             *
*  SPIN-ORB (EVE)=   -89.394156    (ODD)=     0.000000    (TOT)=   -89.394156 *
*  SKYRME:  (EVE)= -5077.529721    (ODD)=     0.000000    (TOT)= -5077.529721 *
*                                                                             *
*  TOTAL:  (STAB)=    67.440102     (SP)= -1304.774579    (FUN)= -1372.214681 *
*                                                                             *
*******************************************************************************

*******************************************************************************
*                                                                             *
*  ITERATION RESTARTED FROM THE DISC, THE FOLLOWING FILE(S) READ:             *
*  ./restart/HFODD_00000004.REC                                        VER=19 *
*                                                                             *
*******************************************************************************
*                                                                             *
* CONVERGENCE REPORT                                                          *
*                                                                             *
*******************************************************************************
*                                                                             *
* ITER     ENERGY     STABILITY    Q_2    GAMMA   SPIN  OMEGA   ANGLE   EPAIR *
*                                                                             *
* 1847 -1372.214681   67.440102 325.730    0.00   0.00  0.000   0.000   -6.05 *
* 1848 -1262.708639   25.068370 363.804    0.00   0.00  0.000   0.000   -3.80 *
* 1849 -1299.095388   49.175851 356.523    0.00   0.00  0.000   0.000   -7.41 *
* 1850 -1265.333123   43.530705 370.995    0.00   0.00  0.000   0.000   -5.56 *
* 1851 -1265.781405   28.754504 372.587    0.00   0.00  0.000   0.000   -6.68 *
* 1852 -1268.452431   21.519271 370.803    0.00   0.00  0.000   0.000   -7.20 *
* 1853 -1272.774811   35.719308 368.515    0.00   0.00  0.000   0.000   -7.83 *
* 1854 -1271.982108   28.750006 368.388    0.00   0.00  0.000   0.000   -7.21 *
* 1855 -1273.687603  179.376687 367.650    0.00   0.00  0.000   0.000   -7.38 *
* 1856 -1133.973825  311.194113 429.530    0.00   0.00  0.000   0.000   -1.47 *
* 1857 -1148.991308  205.860614 430.681    0.00   0.00  0.000   0.000   -4.12 *
* 1858 -1146.304315    1.64E+03 428.558    0.00   0.00  0.000   0.000   -4.16 *
* 1859  -635.491558  269.945588 116.934    0.00   0.00  0.000   0.000   -0.12 *
* 1860  -940.292965  950.929643 336.201    0.04   0.00  0.000   0.000  -21.63 *
* 1861 -1199.002239    1.99E+03 410.633    0.00   0.00  0.000   0.000   -8.35 *
* 1862  -725.746319    3.29E+03 190.046    0.01   0.00  0.000   0.000   -0.31 *
* 1863  -488.109457    1.59E+03 145.309    0.02   0.00  0.000   0.000   -0.27 *
* 1864  -576.165414 -681.081096 225.847    0.01   0.00  0.000   0.000  -11.58 *
* 1865 -1124.172119   -1.26E+03 381.716    0.01   0.00  0.000   0.000 -183.26 *
* 1866 -1446.079081   -1.84E+03 374.743    0.00   0.00  0.000   0.000  -88.49 *
* 1867 -1261.677027  279.704263 267.153    0.00   0.00  0.000   0.000  -56.63 *
* 1868  -761.340473  -69.316602 336.542    0.00   0.00  0.000   0.000   -2.24 *
* 1869  -963.655136    3.72E+03 552.199    0.00   0.00  0.000   0.000  -27.95 *
* 1870  -161.479063    1.04E+03  30.034    0.01   0.00  0.000   0.000   -0.80 *
* 1871    53.867856    1.70E+03  24.189    0.02   0.00  0.000   0.000  -12.90 *
* 1872  -221.878791    2.59E+03  22.713    0.02   0.00  0.000   0.000   -3.41 *
* 1873  -188.034976 -927.440605  34.619    0.01   0.00  0.000   0.000   -2.66 *
* 1874  -559.855207  657.5041491185.048    0.00   0.00  0.000   0.000   -2.89 *
* 1875 -1029.469170    3.61E+031114.207    0.01   0.00  0.000   0.000  -65.34 *
* 1876  -738.360279    1.83E+031139.962    0.00   0.00  0.000   0.000   -6.13 *
* 1877  -852.796523  607.0282611107.580    0.00   0.00  0.000   0.000  -17.20 *
* 1878  -642.103285    7.78E+03 409.873    0.01   0.00  0.000   0.000  -68.04 *
* 1879   157.895222   -4.83E+04  18.428    0.26   0.00  0.000   0.000   -0.38 *
* 1880   786.784474    1.03E+05  22.039    0.00   0.00  0.000   0.000   -0.02 *

 //////////////////// MAXIMUM NUMBER OF ITERATIONS       ////////////////////
 //////////////////// EXCEEDED IN QUABCS                 ////////////////////

*******************************************************************************
*                                                                             *
*  PROCESSOR   EXECUTION  TIMES IN SUBROUTINES                                *
*  INCLUDING THEIR COMPLETE DOWN-CALLING TREES                                *
*                                                                             *
*******************************************************************************
*                                                                             *
*    12083 => HFODD    6868 => DENSHF   2137 => DIAMAT   1946 => HFBSIM       *
*                                                                             *
*     1529 => QMULCM    685 => PAIMAC    472 => CANQUA    203 => RECORD       *
*                                                                             *
*      170 => AVEQUA     67 => DENMAC     66 => INTEGH     60 => INTSOR       *
*                                                                             *
*       58 => INTEGD     32 => DOBROY     32 => MOMETS     31 => INTMUL       *
*                                                                             *
*       21 => SKFILD     18 => BEGINC     15 => ROTAVR     14 => INTMAS       *
*                                                                             *
*       14 => LINAVR     11 => COUMAT     10 => INTCOU      7 => INTCEN       *
*                                                                             *
*        7 => SPAVER      5 => AVOBSE      3 => SKPAIR      3 => NILASP       *
*                                                                             *
*        2 => POWALL      2 => AVANGY      0 => INTKIN      0 => AVPARI       *
*                                                                             *
*        0 => QUABCS      0 => SHICOE      0 => AVSIMP      0 => PAXMOM       *
*                                                                             *
*        0 => SPIMOM      0 => SHIMOM      0 => MAGMOM      0 => MOMSIF       *
*                                                                             *
*        0 => MOMVMU      0 => SHISIF      0 => SHIMAG                        *
*                                                                             *
*******************************************************************************
*                                                                             *
*  NUMBERS OF CALLS TO SUBROUTINES                                            *
*                                                                             *
*******************************************************************************
*                                                                             *
*     1553 => BEGINC   1298 => INTMUL    414 => INTSOR    171 => DIAMAT       *
*                                                                             *
*      138 => INTMAS    138 => INTCEN    137 => INTKIN    136 => AVEQUA       *
*                                                                             *
*      102 => PAXMOM     69 => INTEGH     69 => INTEGD     69 => HFBSIM       *
*                                                                             *
*       69 => QUABCS     68 => CANQUA     68 => AVPARI     68 => DENSHF       *
*                                                                             *
*       68 => DENMAC     68 => PAIMAC     68 => MOMETS     68 => MOMSIF       *
*                                                                             *
*       68 => MOMVMU     68 => MAGMOM     68 => SPIMOM     68 => LINAVR       *
*                                                                             *
*       68 => ROTAVR     68 => SHICOE     35 => RECORD     35 => COUMAT       *
*                                                                             *
*       35 => INTCOU     34 => QMULCM     34 => SKFILD     34 => SKPAIR       *
*                                                                             *
*       34 => DOBROY     34 => SHIMOM     34 => SHISIF     34 => SHIMAG       *
*                                                                             *
*       14 => SPAVER      2 => AVANGY      2 => AVOBSE      2 => AVSIMP       *
*                                                                             *
*        2 => NILASP      1 => HFODD       1 => POWALL                        *
*                                                                             *
*******************************************************************************
*                                                                             *
*  EXECUTION ENDS ON 2016.08.26 AT 05:44:03.860                               *
*                                                                             *
*******************************************************************************
