*******************************************************************************
*                                                                             *
*                     P A R A L L E L    M O D E L                            *
*                                                                             *
*  SIMPLE MPI FRAMEWORK (1 COMMUNICATOR)    :  1 MPI PROCESS per HFODD TASK   *
*  MULTI-THREADING FRAMEWORK WITH OPENMP   :  4 THREADS per HFODD MPI PROCESS *
*                                                                             *
*******************************************************************************
*                                                                             *
*                        __  __ _____  ___   ____   ____                      *
*                       / / / // ___/.' _ \ / __ \ / __ \                     *
*                      / /_/ // /_  / / / // / / // / / /                     *
*                     / __  // __/ / / / // / / // / / /                      *
*                    / / / // /   / /_/ // /_/ // /_/ /                       *
*                   /_/ /_//_/    \___.'/____.'/____.'                        *
*                                                                             *
*                                                                             *
*******************************************************************************
*                                                                             *
*             SKYRME-HARTREE-FOCK-BOGOLYUBOV CODE VERSION: 2.77B              *
*                                                                             *
*              NO SYMMETRY-PLANES AND NO TIME-REVERSAL SYMMETRY               *
*                                                                             *
*                DEFORMED CARTESIAN HARMONIC-OSCILLATOR BASIS                 *
*                                                                             *
*******************************************************************************
*                                                                             *
*             J. DOBACZEWSKI, P. BACZYK, B.G. CARLSSON, J. DUDEK              *
*                 J. ENGEL, Y. GAO, M. KONIECZKA, T. LESINSKI                 *
*                 J. MCDONNELL, P. OLBRATOWSKI, P. POWALOWSKI                 *
*                  M. SADZIAK, J. SARICH, K. SATO, W. SATULA                  *
*             N. SCHUNCK,  J.A. SHEIKH, A. STASZCZAK, M. STOITSOV             *
*             P. TOIVANEN, X.B. WANG, M. ZALEWSKI AND H. ZDUNCZUK             *
*                                                                             *
*                   INSTYTUT FIZYKI TEORETYCZNEJ, WARSZAWA                    *
*                 LAWRENCE LIVERMORE NATIONAL LABORATORY, USA                 *
*                                                                             *
*                                  1993-2016                                  *
*                                                                             *
*******************************************************************************

*******************************************************************************
*                                                                             *
*  CODE COMPILED WITH THE FOLLOWING ARRAY DIMENSIONS AND SWITCHES:            *
*                                                                             *
*******************************************************************************
*                                                                             *
*  NDBASE = 1200  NDSTAT = 1200  NDXHRM =   40  NDYHRM =   40  NDZHRM =   64  *
*                                                                             *
*  NDMAIN =   30  NDMULT =    9  NDMULR =    4  NDLAMB =    9  NDITER = 5000  *
*                                                                             *
*  NDAKNO =    1  NDBKNO =    1  NDPROI =    2  NDCOUL =   80  NDPOLS =   25  *
*                                                                             *
*  NDATKN =   20  NDBTKN =   10  NDPROT =    1  NDPROD =    3                 *
*                                                                             *
*  IPARAL =    0  IPARAT =    0  I_CRAY =    0                                *
*                                                                             *
*                                                                             *
*  PRE-PROCESSOR OPTIONS:                                                     *
*                                                                             *
*       switch_port = 1     switch_diag = 3     switch_essl = 0               *
*                                                                             *
*                           switch_quad = 0     switch_vect = 1               *
*                                                                             *
*******************************************************************************
*                                                                             *
*  EXECUTION BEGINS ON 2016.09.06 AT 12:59:14.801                             *
*                                                                             *
*******************************************************************************
 
*******************************************************************************
*                                                                             *
*  CLASSICAL NUCLEAR SURFACE DEFINED FOR:                    N = 98   Z = 78  *
*                                                                             *
*******************************************************************************
*                                                                             *
*  AL10 =   ZERO  AL11 =   ZERO  .............  .............  .............  *
*                                                                             *
*  AL20 =  0.626  AL21 =   ZERO  AL22 =   ZERO  .............  .............  *
*                                                                             *
*******************************************************************************
*                                                                             *
*                                           HOMEGA=  7.1795  FCHOM0=  0.9813  *
*                                                                             *
*  OSCILLATOR FREQUENCIES: HBAROX=  8.6244  HBAROY=  8.6244  HBAROZ=  4.9755  *
*                                                                             *
*  MOMENTS OF INERTIA:     XMOMFC=112.6418  YMOMFC=112.6418  ZMOMFC= 56.2565  *
*                                                                             *
*  CENTERS OF MASS:        CMSXFC= -0.0000  CMSYFC= -0.0000  CMSZFC=  0.0000  *
*                                                                             *
*******************************************************************************

*******************************************************************************
*                                                                             *
*                           SKYRME FORCE DEFINITION                           *
*                                                                             *
*******************************************************************************
*                                                                             *
* PARAMETER SET HFB1:  T0= -1666.41  T1=   255.23  T2=  1521.28  T3= 12072.51 *
*                                                                             *
* POWER=0.37658031358  X0=  0.14608  X1= -4.82248  X2= -1.35211  X3=  0.00432 *
*                                                                             *
* IETA: J=0  W=1 CM=3  M=1  P=1  T=0 HBM= 20.73553 W0=  44.0677 W0P= 207.6502 *
*                                                                             *
*******************************************************************************

*******************************************************************************
*                                                                             *
*              COUPLING CONSTANTS DEFINING THE SKYRME FUNCTIONAL              *
*                                                                             *
*******************************************************************************
*                                                                             *
*                   TOTAL(T)        SUM(S)      ISOSCALAR(P)  ISOVECTOR(M)    *
*                   --------        ------      ------------  ------------    *
*    CRHO_ =     -894.060074    538.315575       -624.902286    269.157788    *
*    CRHOD =     1008.213640   -507.363897        754.531691   -253.681949    *
*    CLPR_ =       98.335311   -287.870148        -45.599763   -143.935074    *
*    CTAU_ =       33.156062    -48.271535          9.020295    -24.135768    *
*    CSCU_ =        0.000000      0.000000          0.000000      0.000000    *
*    CDIV_ =      -22.033840   -103.825096        -73.946388    -51.912548    *
*                                                                             *
*    CSPI_ =      -60.857026    416.601524        147.443736    208.300762    *
*    CSPID =        2.171385   -503.021127       -249.339179   -251.510564    *
*    CLPS_ =       51.110395     71.467295         86.844042     35.733647    *
*    CCUR_ =      -33.156062     48.271535         -9.020295     24.135768    *
*    CKIS_ =        0.000000      0.000000          0.000000      0.000000    *
*    CROT_ =      -22.033840   -103.825096        -73.946388    -51.912548    *
*                                                                             *
*******************************************************************************

*******************************************************************************
*                                                                             *
*                          NUCLEAR MATTER PROPERTIES                          *
*                                                                             *
*******************************************************************************
*                                                                             *
*     E = -15.8000  rho0 =   0.15625   K =  244.6682   Ms =    0.9364         *
*                   asym =  28.66820   L =   40.1091   Mv =    1.2498         *
*                                                                             *
*******************************************************************************

*******************************************************************************
*                                                                             *
*  PHYSICAL CONSTANTS:     H_BARC=197.32891000           HBCOE2=137.03602000  *
*                                                                             *
*                          XMASSN=938.90590000           XMASSP=938.27231000  *
*                                                                             *
*                          HBMASS= 20.73553000           HBMRPA= 20.73553000  *
*                                                                             *
*                          ECHAR2=  1.43997841           COULEX= -1.06350868  *
*                                                                             *
*******************************************************************************
*                                                                             *
*  OSCILLATOR LENGTHS:     X= 2.1928863      Y= 2.1928863       Z= 2.8871005  *
*                                                                             *
*  OSCILLATOR CONSTANTS:   X= 0.4560200      Y= 0.4560200       Z= 0.3463683  *
*                                                                             *
*  OSCILLATOR FREQUENCIES: X= 8.6243653      Y= 8.6243653       Z= 4.9754866  *
*                                                                             *
*******************************************************************************
*                                                                             *
*  BASIS CUT-OFF CONTROL PARAMETERS:  NXMAXX = 14  NYMAXX = 14  NZMAXX =  25  *
*                                                                             *
*                                     NXHERM = 36  NYHERM = 36  NZHERM =  60  *
*                                                                             *
*                                     NLIMIT=1140  LDBASE=1140  MCOUNT=29791  *
*                                                                             *
*                                     ENECUT= 800.0000      ELIMIT= 136.4949  *
*                                                                             *
*******************************************************************************

*******************************************************************************
*                                                                             *
*   SHAPE OF THE OSCILLATOR-BASIS DIAMOND    (THREE CONSECUTIVE PROJECTIONS)  *
*                                                                             *
*******************************************************************************
*                                                                             *
*        NX ===>>>  0  1  2  3  4  5  6  7  8  9 10 11 12 13 14               *
*        MAX.NY => 14 13 12 11 10  9  8  7  6  5  4  3  2  1  0               *
*                 ---------------------------------------------               *
*   NY= 0  (14)  | 25 23 21 20 18 16 14 13 11  9  7  6  4  2  0               *
*   NY= 1  (13)  | 23 21 20 18 16 14 13 11  9  7  6  4  2  0                  *
*   NY= 2  (12)  | 21 20 18 16 14 13 11  9  7  6  4  2  0                     *
*   NY= 3  (11)  | 20 18 16 14 13 11  9  7  6  4  2  0                        *
*   NY= 4  (10)  | 18 16 14 13 11  9  7  6  4  2  0                           *
*   NY= 5  ( 9)  | 16 14 13 11  9  7  6  4  2  0                              *
*   NY= 6  ( 8)  | 14 13 11  9  7  6  4  2  0                                 *
*   NY= 7  ( 7)  | 13 11  9  7  6  4  2  0                                    *
*   NY= 8  ( 6)  | 11  9  7  6  4  2  0                                       *
*   NY= 9  ( 5)  |  9  7  6  4  2  0                                          *
*   NY=10  ( 4)  |  7  6  4  2  0                                             *
*   NY=11  ( 3)  |  6  4  2  0                                                *
*   NY=12  ( 2)  |  4  2  0                                                   *
*   NY=13  ( 1)  |  2  0                                                      *
*   NY=14  ( 0)  |  0                                                         *
*                                                                             *
*                                                                             *
*        NZ ===>>>  0  1  2  3  4  5  6  7  8  9 10 11 12 13 14 15 16 17 18   *
*        MAX.NY => 14 13 13 12 12 11 11 10  9  9  8  8  7  7  6  5  5  4  4   *
*                 ---------------------------------------------------------   *
*   NY= 0  (25)  | 14 13 13 12 12 11 11 10  9  9  8  8  7  7  6  5  5  4  4   *
*   NY= 1  (23)  | 13 12 12 11 11 10 10  9  8  8  7  7  6  6  5  4  4  3  3   *
*   NY= 2  (21)  | 12 11 11 10 10  9  9  8  7  7  6  6  5  5  4  3  3  2  2   *
*   NY= 3  (20)  | 11 10 10  9  9  8  8  7  6  6  5  5  4  4  3  2  2  1  1   *
*   NY= 4  (18)  | 10  9  9  8  8  7  7  6  5  5  4  4  3  3  2  1  1  0  0   *
*   NY= 5  (16)  |  9  8  8  7  7  6  6  5  4  4  3  3  2  2  1  0  0         *
*   NY= 6  (14)  |  8  7  7  6  6  5  5  4  3  3  2  2  1  1  0               *
*   NY= 7  (13)  |  7  6  6  5  5  4  4  3  2  2  1  1  0  0                  *
*   NY= 8  (11)  |  6  5  5  4  4  3  3  2  1  1  0  0                        *
*   NY= 9  ( 9)  |  5  4  4  3  3  2  2  1  0  0                              *
*   NY=10  ( 7)  |  4  3  3  2  2  1  1  0                                    *
*   NY=11  ( 6)  |  3  2  2  1  1  0  0                                       *
*   NY=12  ( 4)  |  2  1  1  0  0                                             *
*   NY=13  ( 2)  |  1  0  0                                                   *
*   NY=14  ( 0)  |  0                                                         *
*                                                                             *
*                                                                             *
*        NZ ===>>>  0  1  2  3  4  5  6  7  8  9 10 11 12 13 14 15 16 17 18   *
*        MAX.NX => 14 13 13 12 12 11 11 10  9  9  8  8  7  7  6  5  5  4  4   *
*                 ---------------------------------------------------------   *
*   NX= 0  (25)  | 14 13 13 12 12 11 11 10  9  9  8  8  7  7  6  5  5  4  4   *
*   NX= 1  (23)  | 13 12 12 11 11 10 10  9  8  8  7  7  6  6  5  4  4  3  3   *
*   NX= 2  (21)  | 12 11 11 10 10  9  9  8  7  7  6  6  5  5  4  3  3  2  2   *
*   NX= 3  (20)  | 11 10 10  9  9  8  8  7  6  6  5  5  4  4  3  2  2  1  1   *
*   NX= 4  (18)  | 10  9  9  8  8  7  7  6  5  5  4  4  3  3  2  1  1  0  0   *
*   NX= 5  (16)  |  9  8  8  7  7  6  6  5  4  4  3  3  2  2  1  0  0         *
*   NX= 6  (14)  |  8  7  7  6  6  5  5  4  3  3  2  2  1  1  0               *
*   NX= 7  (13)  |  7  6  6  5  5  4  4  3  2  2  1  1  0  0                  *
*   NX= 8  (11)  |  6  5  5  4  4  3  3  2  1  1  0  0                        *
*   NX= 9  ( 9)  |  5  4  4  3  3  2  2  1  0  0                              *
*   NX=10  ( 7)  |  4  3  3  2  2  1  1  0                                    *
*   NX=11  ( 6)  |  3  2  2  1  1  0  0                                       *
*   NX=12  ( 4)  |  2  1  1  0  0                                             *
*   NX=13  ( 2)  |  1  0  0                                                   *
*   NX=14  ( 0)  |  0                                                         *
*                                                                             *
*******************************************************************************

*******************************************************************************
*                                                                             *
* NUCLIDE: N =  98  Z =  78  NUMBER OF ITERATIONS = 1000   CONTINUATION? = 1  *
*                                                                             *
*******************************************************************************
*                                                                             *
* ITERATIONS WILL STOP WHEN THE STABILITY BECOMES LOWER THAN EPSITE=0.300000  *
*                                            FOR    5 CONSECUTIVE ITERATIONS  *
*                                                                             *
*******************************************************************************
*                                                                             *
* ITERATIONS WILL STOP WHEN THE PING-PONG DIVERGENCE OCCURS FOR EPSPNG=0.010  *
*                                DURING    5 PAIRS OF CONSECUTIVE ITERATIONS  *
*                                                                             *
*******************************************************************************
*                                                                             *
* ITERATIONS WILL STOP FOR CHAOTIC-DIVERGENCE CONDITION OCCURING   20  TIMES  *
*                                                                             *
*******************************************************************************
*                                                                             *
* SLOW-DOWN PARAMETERS:                                                       *
* TIME-EVEN = 0.85   TIME-ODD = 0.85   PAIRING = 0.85   LIPKIN-NOGAMI = 0.85  *
*                    LIP-MASS = 0.50   LIP-MOI = 0.50   LIPKIN-METHOD = 0.50  *
*                                                                             *
*******************************************************************************
*                                                                             *
* BROYDEN METHOD IS:  ON                                                      *
*                                                                             *
*    TRIGGERED ONLY WHEN STABILITY IS LOWER THAN :  1000.000 MEV              *
*    INITIAL SLOWING FACTOR (BEFORE TRIGGER)     :     0.85 (=SLOWEV)         *
*    BROYDEN SLOWING FACTOR (AFTER  TRIGGER)     :     0.40 (=1-ALPHAM)       *
*    NUMBER OF ITERATIONS RETAINED IN MEMORY     :    10                      *
*                                                                             *
*******************************************************************************
*                                                                             *
* DIRECT COULOMB TERMS SOLVED BY GREEN FUNCTION AND FOURIER TRANSFORM METHOD  *
* COULOMB PARAMETERS:  NUMCOU = 80  NUMETA = 79  BOUCOU = 20.0  FURMAX =0.25  *
*                                                                             *
*******************************************************************************
*                                                                             *
* EXCHANGE COULOMB TERMS TREATED BY THE SLATER APPROXIMATION                  *
*                                                                             *
*******************************************************************************
*                                                                             *
* MAXIMUM NUMBERS OF MULTIPOLE MOMENTS USED FOR THE CONSTRAINTS,    NMUCON=4  *
*                                           FOR THE COULOMB FIELD,  NMUCOU=4  *
*                                           FOR THE OUTPUT INFO,    NMUPRI=4  *
*                                                                             *
*******************************************************************************
*                                                                             *
* MULTIPOLE CONSTRAINTS: LAMBDA= 2  MIU= 0  MOMENT=157.000  STIFFNESS= 0.500  *
*                        LAMBDA= 3  MIU= 0  MOMENT= 40.000  STIFFNESS= 0.500  *
*                                                                             *
*******************************************************************************
*                                                                             *
* LINEAR MULTIPOLE CONSTRAINTS: LAMBDA= 2  MIU= 0  LAGRANGE PAR. USED= 0.000  *
*                               LAMBDA= 3  MIU= 0  LAGRANGE PAR. USED= 0.000  *
*                                                                             *
*******************************************************************************
*                                                                             *
* THE LAGRANGE PARAMETERS OF THE LINEAR CONSTRAINTS ARE RE-ADJUSTED AT EACH   *
* ITERATION BY USING THE CRANKING APPROXIMATION OF THE RPA MATRIX             *
*                                                                             *
*******************************************************************************
*                                                                             *
* PRINTING THE RESULTS FOR THE FOLLOWING ITERATIONS:         THE  FIRST: YES  *
*                                                            THE MIDDLE:  NO  *
*                                                     AND/OR THE   LAST: YES  *
*                                                                             *
*******************************************************************************
*                                                                             *
* PRINTING THE MOMENTS, RADII, AND DEFORMATIONS FOR:           NEUTRONS: YES  *
*                                                              PROTONS : YES  *
*                                                              MASS    : YES  *
*                                                                             *
*******************************************************************************
*                                                                             *
* PRINTING THE MOMENTS, MOMENTA AND DEFORMATIONS IN THE INTRINSIC FRAME: YES  *
*                                                                             *
*******************************************************************************
*                                                                             *
* NILSSON LABELS OF SINGLE-PARTICLE STATES SHOWN WITH RESPECT TO THE: Z-AXIS  *
*                                                                             *
*******************************************************************************
*                                                                             *
* CALCULATIONS WITH THE HFB PAIRING CORRELATIONS                              *
*                                                                             *
*******************************************************************************
*                                                                             *
* CONTACT PAIRING INTERACTION:     V0        V1       RHO-SAT      POWER      *
*                    NEUTRONS:  -234.380   732.438     0.320     1.0000000    *
*                     PROTONS:  -260.437   813.866     0.320     1.0000000    *
*                                                                             *
*******************************************************************************
*                                                                             *
* CUTOFF ENERGY DEFINING THE ACTIVE HFB PAIRING SPACE=      60.000            *
*                                                                             *
*******************************************************************************
*                                                                             *
* CALCULATIONS WITH SIMPLEX SYMMETRY                                          *
*                                                                             *
*******************************************************************************
*                                                                             *
* CALCULATIONS WITH TIME-ODD SYMMETRIES:        T*SIMPLEX_X =>     CONSERVED  *
*                                               T*SIMPLEX_Y =>     CONSERVED  *
*                                               T*SIMPLEX_Z => NON CONSERVED  *
*                                                                             *
*******************************************************************************
*                                                                             *
* CALCULATIONS WITHOUT ROTATION                                               *
*                                                                             *
*******************************************************************************

*******************************************************************************
*                                                                             *
*  CALLING SUBROUTINE "RECORD" TO READ THE REPLAY FILE OBTAINED PREVIOUSLY    *
*  ./restart/HFODD_00000032.REC                                               *
*                                                                             *
*******************************************************************************

*******************************************************************************
*                                                                             *
*  SINGLE-QUASIPARTICLE PROPERTIES:                                NEUTRONS   *
*                                                                             *
*******************************************************************************
*                                                                             *
*  NO)   ENERGY   (S=+,S=-)       PARITY   V2QUAP   EEQUIV   DEQUIV   V_CORR  *
*                                                                             *
*  47)    9.355   (  0, 24)        0.715  0.99914  -18.896    0.548  1.00006  *
*  48)    9.355   ( 24,  0)        0.715  0.99914  -18.896    0.548  1.00006  *
*  49)    7.775   (  0, 25)       -0.826  0.99754  -17.294    0.770  1.00020  *
*  50)    7.775   ( 25,  0)       -0.826  0.99754  -17.294    0.770  1.00020  *
*  51)    7.685   ( 26,  0)        0.405  0.99778  -17.209    0.724  1.00018  *
*  52)    7.685   (  0, 26)        0.405  0.99778  -17.209    0.724  1.00018  *
*  53)    7.547   ( 27,  0)        0.180  0.99553  -17.037    1.007  1.00037  *
*  54)    7.547   (  0, 27)        0.180  0.99553  -17.037    1.007  1.00037  *
*  55)    6.679   ( 28,  0)       -0.008  0.99908  -16.224    0.406  1.00009  *
*  56)    6.679   (  0, 28)       -0.008  0.99908  -16.224    0.406  1.00009  *
*  57)    6.521   ( 29,  0)        0.235  0.99886  -16.064    0.440  1.00011  *
*  58)    6.521   (  0, 29)        0.235  0.99886  -16.064    0.440  1.00011  *
*  59)    6.600   ( 30,  0)       -0.283  0.99161  -16.047    1.204  1.00079  *
*  60)    6.600   (  0, 30)       -0.283  0.99161  -16.047    1.204  1.00079  *
*  61)    6.472   (  0, 31)       -0.040  0.99886  -16.015    0.437  1.00011  *
*  62)    6.472   ( 31,  0)       -0.040  0.99886  -16.015    0.437  1.00011  *
*  63)    5.750   ( 32,  0)        0.299  0.99852  -15.291    0.442  1.00016  *
*  64)    5.750   (  0, 32)        0.299  0.99852  -15.291    0.442  1.00016  *
*  65)    5.591   ( 33,  0)       -0.595  0.99726  -15.118    0.585  1.00030  *
*  66)    5.591   (  0, 33)       -0.595  0.99726  -15.118    0.585  1.00030  *
*  69)    4.726   (  0, 35)        0.815  0.99779  -14.263    0.444  1.00027  *
*  70)    4.726   ( 35,  0)        0.815  0.99779  -14.263    0.444  1.00027  *
*  71)    3.909   (  0, 36)        0.753  0.99562  -13.433    0.516  1.00063  *
*  72)    3.909   ( 36,  0)        0.753  0.99562  -13.433    0.516  1.00063  *
*  73)    3.541   ( 37,  0)       -0.515  0.99576  -13.068    0.460  1.00066  *
*  74)    3.541   (  0, 37)       -0.515  0.99576  -13.068    0.460  1.00066  *
*  75)    2.965   ( 38,  0)       -0.341  0.99567  -12.497    0.389  1.00077  *
*  76)    2.965   (  0, 38)       -0.341  0.99567  -12.497    0.389  1.00077  *
*  77)    2.530   (  0, 39)       -0.017  0.99502  -12.062    0.356  1.00099  *
*  78)    2.530   ( 39,  0)       -0.017  0.99502  -12.062    0.356  1.00099  *
*  79)    1.994   (  0, 40)        0.741  0.98980  -11.511    0.401  1.00237  *
*  80)    1.994   ( 40,  0)        0.741  0.98980  -11.511    0.401  1.00237  *
*  81)    1.642   ( 41,  0)       -0.245  0.98387  -11.147    0.414  1.00422  *
*  82)    1.642   (  0, 41)       -0.245  0.98387  -11.147    0.414  1.00422  *
*  83)    1.583   ( 42,  0)       -0.648  0.98324  -11.087    0.406  1.00448  *
*  84)    1.583   (  0, 42)       -0.648  0.98324  -11.087    0.406  1.00448  *
*  85)    1.247   (  0, 43)        0.042  0.97844  -10.751    0.362  1.00656  *
*  86)    1.247   ( 43,  0)        0.042  0.97844  -10.751    0.362  1.00656  *
*  87)    1.104   ( 44,  0)       -0.135  0.96833  -10.591    0.386  1.01028  *
*  88)    1.104   (  0, 44)       -0.135  0.96833  -10.591    0.386  1.01028  *
*  89)    1.066   (  0, 45)        0.107  0.96891  -10.557    0.370  1.01025  *
*  90)    1.066   ( 45,  0)        0.107  0.96891  -10.557    0.370  1.01025  *
*  91)    0.795   ( 46,  0)       -0.269  0.93387  -10.248    0.395  1.02522  *
*  92)    0.795   (  0, 46)       -0.269  0.93387  -10.248    0.395  1.02522  *
*  93)    0.624   ( 47,  0)        0.755  0.88309  -10.036    0.401  1.05040  *
*  94)    0.624   (  0, 47)        0.755  0.88309  -10.036    0.401  1.05040  *
*  95)    0.416   (  0, 48)       -0.446  0.46981   -9.533    0.415  1.40700  *
*  96)    0.416   ( 48,  0)       -0.446  0.46981   -9.533    0.415  1.40700  *
*  97)    0.612   ( 49,  0)        0.469  0.13716   -9.113    0.421  2.38065  *
*  98)    0.612   (  0, 49)        0.469  0.13716   -9.113    0.421  2.38065  *
*  99)    1.132   (  0, 50)        0.393  0.04008   -8.517    0.444  2.29040  *
* 100)    1.132   ( 50,  0)        0.393  0.04008   -8.517    0.444  2.29040  *
* 101)    1.794   (  0, 51)       -0.709  0.01157   -7.806    0.384  1.65311  *
* 102)    1.794   ( 51,  0)       -0.709  0.01157   -7.806    0.384  1.65311  *
* 103)    1.923   ( 52,  0)        0.834  0.01233   -7.682    0.424  1.58340  *
* 104)    1.923   (  0, 52)        0.834  0.01233   -7.682    0.424  1.58340  *
* 105)    2.244   (  0, 53)       -0.039  0.00522   -7.337    0.323  1.47113  *
* 106)    2.244   ( 53,  0)       -0.039  0.00522   -7.337    0.323  1.47113  *
* 107)    2.568   ( 54,  0)        0.004  0.00498   -7.015    0.362  1.38926  *
* 108)    2.568   (  0, 54)        0.004  0.00498   -7.015    0.362  1.38926  *
* 109)    3.025   (  0, 55)       -0.136  0.00360   -6.554    0.362  1.31316  *
* 110)    3.025   ( 55,  0)       -0.136  0.00360   -6.554    0.362  1.31316  *
* 111)    3.252   (  0, 56)       -0.493  0.00399   -6.332    0.410  1.28496  *
* 112)    3.252   ( 56,  0)       -0.493  0.00399   -6.332    0.410  1.28496  *
* 113)    3.661   (  0, 57)       -0.086  0.00194   -5.911    0.323  1.24623  *
* 114)    3.661   ( 57,  0)       -0.086  0.00194   -5.911    0.323  1.24623  *
* 115)    3.929   ( 58,  0)        0.006  0.00242   -5.647    0.386  1.22544  *
* 116)    3.929   (  0, 58)        0.006  0.00242   -5.647    0.386  1.22544  *
* 117)    4.170   ( 59,  0)        0.102  0.00289   -5.412    0.448  1.20958  *
* 118)    4.170   (  0, 59)        0.102  0.00289   -5.412    0.448  1.20958  *
* 119)    4.336   (  0, 60)        0.279  0.00301   -5.248    0.475  1.19991  *
* 120)    4.336   ( 60,  0)        0.279  0.00301   -5.248    0.475  1.19991  *
* 121)    4.399   (  0, 61)       -0.194  0.00147   -5.171    0.338  1.19693  *
* 122)    4.399   ( 61,  0)       -0.194  0.00147   -5.171    0.338  1.19693  *
* 123)    5.290   (  0, 62)        0.448  0.00143   -4.283    0.399  1.15854  *
* 124)    5.290   ( 62,  0)        0.448  0.00143   -4.283    0.399  1.15854  *
* 125)    5.321   (  0, 63)       -0.620  0.00138   -4.252    0.395  1.15751  *
* 126)    5.321   ( 63,  0)       -0.620  0.00138   -4.252    0.395  1.15751  *
* 127)    5.383   (  0, 64)       -0.469  0.00123   -4.188    0.378  1.15542  *
* 128)    5.383   ( 64,  0)       -0.469  0.00123   -4.188    0.378  1.15542  *
* 131)    5.658   (  0, 66)        0.009  0.00099   -3.911    0.356  1.14682  *
* 132)    5.658   ( 66,  0)        0.009  0.00099   -3.911    0.356  1.14682  *
* 133)    5.867   (  0, 67)       -0.408  0.00233   -3.718    0.566  1.14059  *
* 134)    5.867   ( 67,  0)       -0.408  0.00233   -3.718    0.566  1.14059  *
* 135)    6.038   ( 68,  0)       -0.621  0.00105   -3.532    0.391  1.13632  *
* 136)    6.038   (  0, 68)       -0.621  0.00105   -3.532    0.391  1.13632  *
* 137)    6.546   ( 69,  0)       -0.259  0.00782   -3.114    1.153  1.12329  *
* 138)    6.546   (  0, 69)       -0.259  0.00782   -3.114    1.153  1.12329  *
* 139)    6.672   ( 70,  0)        0.300  0.00075   -2.896    0.365  1.12184  *
* 140)    6.672   (  0, 70)        0.300  0.00075   -2.896    0.365  1.12184  *
* 141)    7.323   (  0, 71)        0.264  0.00045   -2.241    0.312  1.10985  *
* 142)    7.323   ( 71,  0)        0.264  0.00045   -2.241    0.312  1.10985  *
* 143)    7.600   (  0, 72)        0.004  0.00549   -2.041    1.123  1.10475  *
* 144)    7.600   ( 72,  0)        0.004  0.00549   -2.041    1.123  1.10475  *
* 145)    7.946   (  0, 73)        0.044  0.00106   -1.629    0.517  1.10031  *
* 146)    7.946   ( 73,  0)        0.044  0.00106   -1.629    0.517  1.10031  *
* 147)    8.039   ( 74,  0)       -0.626  0.00118   -1.538    0.553  1.09901  *
* 148)    8.039   (  0, 74)       -0.626  0.00118   -1.538    0.553  1.09901  *
* 149)    8.349   (  0, 75)        0.428  0.00037   -1.215    0.321  1.09508  *
* 150)    8.349   ( 75,  0)        0.428  0.00037   -1.215    0.321  1.09508  *
* 151)    8.495   ( 76,  0)       -0.719  0.00079   -1.076    0.478  1.09325  *
* 152)    8.495   (  0, 76)       -0.719  0.00079   -1.076    0.478  1.09325  *
* 153)    8.892   (  0, 77)        0.508  0.00045   -0.673    0.376  1.08875  *
* 154)    8.892   ( 77,  0)        0.508  0.00045   -0.673    0.376  1.08875  *
* 155)    8.950   ( 78,  0)       -0.639  0.00045   -0.616    0.381  1.08813  *
* 156)    8.950   (  0, 78)       -0.639  0.00045   -0.616    0.381  1.08813  *
* 157)    9.134   ( 79,  0)        0.049  0.00039   -0.431    0.360  1.08621  *
* 158)    9.134   (  0, 79)        0.049  0.00039   -0.431    0.360  1.08621  *
* 159)    9.214   ( 80,  0)       -0.550  0.00044   -0.351    0.387  1.08538  *
* 160)    9.214   (  0, 80)       -0.550  0.00044   -0.351    0.387  1.08538  *
* 161)    9.643   ( 81,  0)        0.051  0.00029    0.080    0.329  1.08130  *
* 162)    9.643   (  0, 81)        0.051  0.00029    0.080    0.329  1.08130  *
* 163)    9.719   ( 82,  0)        0.029  0.00030    0.155    0.339  1.08061  *
* 164)    9.719   (  0, 82)        0.029  0.00030    0.155    0.339  1.08061  *
* 165)    9.774   (  0, 83)        0.674  0.00056    0.205    0.464  1.08010  *
* 166)    9.774   ( 83,  0)        0.674  0.00056    0.205    0.464  1.08010  *
*                                                                             *
*1804)   TOTAL=  ( 902, 902)                                                  *
*                                                                             *
*******************************************************************************

*******************************************************************************
*                                                                             *
*  SINGLE-PARTICLE PROPERTIES: CANONICAL                           NEUTRONS   *
*                                                                             *
*******************************************************************************
*                                                                             *
*  NO)   ENERGY   (S=+,S=-)   | N,nz,lz,OMEz>   <P>    <JY>    <SY>   GFACT   *
*                                                                             *
*  40)  -11.525   ( 40,---)   | 8, 6, 0, 1/2>    78  -0.832  -0.292   0.350   *
*  41)  -11.408   ( 41,---)   | 3, 1, 2, 3/2>   -46  -0.001  -0.001   0.618   *
*  42)  -11.080   ( 42,---)   | 5, 3, 2, 5/2>   -42  -0.000  -0.000   0.421   *
*  43)  -10.951   ( 43,---)   | 5, 2, 1, 1/2>     3   0.161  -0.034  -0.215   *
*  44)  -10.621   ( 44,---)   | 5, 2, 3, 5/2>   -30  -0.000  -0.000   1.081   *
*  45)  -10.546   ( 45,---)   | 6, 3, 3, 7/2>     0  -0.000  -0.000   0.024   *
*  46)  -10.264   ( 46,---)   | 3, 0, 3, 7/2>   -16  -0.000   0.000  -0.125   *
*  47)  -10.078   ( 47,---)   | 4, 2, 0, 1/2>    74  -0.304  -0.297   0.977   *
*  48)   -9.539   ( 48,---)   |11,10, 1, 3/2>   -60  -0.001   0.000  -0.243   *
*  49)   -9.150   ( 49,---)   | 4, 2, 2, 3/2>    72   0.001  -0.000  -0.598   *
*  50)   -8.506   ( 50,---)   |12,12, 0, 1/2>    39  -1.060  -0.363   0.343   *
*  51)   -7.761   ( 51,---)   | 9, 7, 0, 1/2>   -72  -0.912  -0.362   0.396   *
*  52)   -7.651   ( 52,---)   |10, 8, 2, 5/2>    85   0.000   0.000   0.289   *
*  53)   -7.200   ( 53,---)   | 6, 3, 1, 3/2>     1   0.000   0.000   1.939   *
*  54)   -6.940   ( 54,---)   | 6, 2, 4, 9/2>     0  -0.000  -0.000   3.877   *
*  55)   -6.324   ( 55,---)   | 3, 0, 1, 3/2>    -8  -0.000   0.000  -0.229   *
*  56)   -6.207   ( 56,---)   |11,10, 1, 1/2>   -65  -0.436  -0.227   0.521   *
*  57)   -5.576   ( 57,---)   | 8, 5, 1, 1/2>    13   0.240  -0.036  -0.149   *
*  58)   -5.416   ( 58,---)   | 3, 0, 3, 7/2>     2  -0.000  -0.000   0.035   *
*  59)   -5.251   ( 59,---)   |12,11, 1, 3/2>    39   0.000   0.000   0.575   *
*  60)   -5.155   ( 60,---)   | 5, 3, 2, 3/2>   -57  -0.000   0.000  -2.574   *
*  61)   -4.666   ( 61,---)   | 4, 1, 1, 1/2>    -1  -0.091  -0.139   1.524   *
*  62)   -3.994   ( 62,---)   | 9, 6, 3, 7/2>   -55  -0.000  -0.000   1.429   *
*  63)   -3.922   ( 63,---)   |13,13, 0, 1/2>   -22  -0.704  -0.287   0.407   *
*  64)   -3.846   ( 64,---)   | 7, 5, 2, 5/2>   -66   0.000  -0.000  -0.004   *
*  65)   -3.498   ( 65,---)   |10, 8, 0, 1/2>    32  -0.745  -0.368   0.493   *
*  66)   -3.401   ( 66,---)   | 3, 0, 3, 5/2>   -17  -0.000  -0.000   0.290   *
*  67)   -3.322   ( 67,---)   | 7, 4, 3, 5/2>   -15   0.000   0.000   0.039   *
*  68)   -2.115   ( 68,---)   | 6, 2, 2, 5/2>     2  -0.000  -0.000   2.603   *
*  69)   -1.737   ( 69,---)   | 6, 4, 2, 3/2>    67  -0.000   0.000  -1.515   *
*  70)   -1.541   ( 70,---)   |12,11, 1, 1/2>    63  -0.303  -0.187   0.619   *
*  71)   -1.120   ( 71,---)   | 3, 0, 1, 3/2>    22   0.000   0.000   2.697   *
*  72)   -0.523   ( 72,---)   | 9, 8, 1, 3/2>   -62   0.000   0.000   0.387   *
*  73)   -0.122   ( 73,---)   | 6, 2, 0, 1/2>     6  -0.068  -0.365   5.405   *
*                                                                             *
*******************************************************************************

*******************************************************************************
*                                                                             *
*  HFB PAIRING PROPERTIES                                           NEUTRONS  *
*                                                                             *
*  STRENGTH= 0.0400   GAP= 0.4082   FERMI ENERGY= -8.8324   ENERGY=  -4.1683  *
*                                                                             *
*******************************************************************************

*******************************************************************************
*                                                                             *
*  MULTIPOLE MOMENTS [UNITS:  (10 FERMI)^LAMBDA]                    NEUTRONS  *
*                                                                             *
*******************************************************************************
*                                                                             *
*  Q00 = 98.0000  .............  .............  .............  .............  *
*                                                                             *
*  Q10 = -2.4737  Q11 =    ZERO  .............  .............  .............  *
*                                                                             *
*  Q20 = 92.8680  Q21 =    ZERO  Q22 =-6.0E-04  .............  .............  *
*                                                                             *
*  Q30 =  3.9210  Q31 =    ZERO  Q32 = 5.5E-05  Q33 =    ZERO  .............  *
*                                                                             *
*  Q40 = 27.7855  Q41 =    ZERO  Q42 =-2.8E-04  Q43 =    ZERO  Q44 = 3.1E-08  *
*                                                                             *
*******************************************************************************

*******************************************************************************
*                                                                             *
*  ROOT-MEAN-SQUARE AND GEOMETRIC SIZES IN FERMIS                   NEUTRONS  *
*                                                                             *
*  R_RMS =  7.8247     X_RMS =  2.1482    Y_RMS =  2.1483    Z_RMS =  7.2109  *
*                                                                             *
*  R_GEO = 10.1017     X_GEO =  4.8035    Y_GEO =  4.8036    Z_GEO = 16.1240  *
*                                                                             *
*******************************************************************************

*******************************************************************************
*                                                                             *
*  BOHR DEFORMATIONS (FIRST-ORDER APPROXIMATION)                    NEUTRONS  *
*                                                                             *
*******************************************************************************
*                                                                             *
*  B10 = -0.0511  B11 =    ZERO  .............  .............  .............  *
*                                                                             *
*  B20 =  1.2269  B21 =    ZERO  B22 =-7.9E-06  .............  .............  *
*                                                                             *
*  B30 =  0.1626  B31 =    ZERO  B32 = 3.2E-06  B33 =    ZERO  .............  *
*                                                                             *
*  B40 =  1.1405  B41 =    ZERO  B42 =-1.6E-05  B43 =    ZERO  B44 = 1.8E-09  *
*                                                                             *
*******************************************************************************
*                                                                             *
*  BOHR DENSITY = 0.0227 FM^(-3)  BOHR RADIUS =  10.1017 FM                   *
*                                                                             *
*******************************************************************************

*******************************************************************************
*                                                                             *
*  SINGLE-QUASIPARTICLE PROPERTIES:                                 PROTONS   *
*                                                                             *
*******************************************************************************
*                                                                             *
*  NO)   ENERGY   (S=+,S=-)       PARITY   V2QUAP   EEQUIV   DEQUIV   V_CORR  *
*                                                                             *
*  37)    9.853   ( 19,  0)        0.027  0.99714  -13.080    1.053  1.00009  *
*  38)    9.853   (  0, 19)        0.027  0.99714  -13.080    1.053  1.00009  *
*  39)    9.554   (  0, 20)       -0.021  0.99215  -12.687    1.686  1.00025  *
*  40)    9.554   ( 20,  0)       -0.021  0.99215  -12.687    1.686  1.00025  *
*  41)    8.776   ( 21,  0)       -0.029  0.99835  -12.030    0.712  1.00006  *
*  42)    8.776   (  0, 21)       -0.029  0.99835  -12.030    0.712  1.00006  *
*  43)    8.708   (  0, 22)       -0.762  0.99651  -11.930    1.028  1.00012  *
*  44)    8.708   ( 22,  0)       -0.762  0.99651  -11.930    1.028  1.00012  *
*  45)    8.383   ( 23,  0)        0.822  0.99884  -11.646    0.571  1.00004  *
*  46)    8.383   (  0, 23)        0.822  0.99884  -11.646    0.571  1.00004  *
*  47)    7.288   ( 24,  0)        0.284  0.99777  -10.538    0.687  1.00009  *
*  48)    7.288   (  0, 24)        0.284  0.99777  -10.538    0.687  1.00009  *
*  49)    6.665   ( 25,  0)        0.722  0.99821   -9.924    0.563  1.00008  *
*  50)    6.665   (  0, 25)        0.722  0.99821   -9.924    0.563  1.00008  *
*  51)    5.054   (  0, 26)       -0.753  0.99716   -8.308    0.538  1.00016  *
*  52)    5.054   ( 26,  0)       -0.753  0.99716   -8.308    0.538  1.00016  *
*  53)    4.858   (  0, 27)        0.265  0.98364   -7.982    1.233  1.00097  *
*  54)    4.858   ( 27,  0)        0.265  0.98364   -7.982    1.233  1.00097  *
*  55)    4.349   ( 28,  0)       -0.053  0.99698   -7.605    0.477  1.00020  *
*  56)    4.349   (  0, 28)       -0.053  0.99698   -7.605    0.477  1.00020  *
*  57)    4.884   ( 29,  0)        0.353  0.94116   -7.592    2.298  1.00348  *
*  58)    4.884   (  0, 29)        0.353  0.94116   -7.592    2.298  1.00348  *
*  59)    4.315   ( 30,  0)       -0.005  0.99459   -7.552    0.633  1.00035  *
*  60)    4.315   (  0, 30)       -0.005  0.99459   -7.552    0.633  1.00035  *
*  61)    3.946   ( 31,  0)       -0.251  0.99466   -7.187    0.575  1.00038  *
*  62)    3.946   (  0, 31)       -0.251  0.99466   -7.187    0.575  1.00038  *
*  63)    3.580   ( 32,  0)        0.150  0.99458   -6.824    0.526  1.00042  *
*  64)    3.580   (  0, 32)        0.150  0.99458   -6.824    0.526  1.00042  *
*  65)    2.764   ( 33,  0)       -0.584  0.99027   -5.993    0.543  1.00094  *
*  66)    2.764   (  0, 33)       -0.584  0.99027   -5.993    0.543  1.00094  *
*  67)    3.236   ( 34,  0)        0.248  0.82234   -5.369    2.473  1.01559  *
*  68)    3.236   (  0, 34)        0.248  0.82234   -5.369    2.473  1.01559  *
*  69)    2.001   ( 35,  0)        0.819  0.98260   -5.214    0.523  1.00221  *
*  70)    2.001   (  0, 35)        0.819  0.98260   -5.214    0.523  1.00221  *
*  71)    1.171   (  0, 36)        0.709  0.94889   -4.335    0.516  1.00988  *
*  72)    1.171   ( 36,  0)        0.709  0.94889   -4.335    0.516  1.00988  *
*  73)    0.637   (  0, 37)       -0.513  0.80777   -3.675    0.502  1.05995  *
*  74)    0.637   ( 37,  0)       -0.513  0.80777   -3.675    0.502  1.05995  *
*  75)    0.516   ( 38,  0)       -0.264  0.51610   -3.300    0.516  1.22133  *
*  76)    0.516   (  0, 38)       -0.264  0.51610   -3.300    0.516  1.22133  *
*  77)    0.603   (  0, 39)       -0.001  0.46523   -3.241    0.601  1.23196  *
*  78)    0.603   ( 39,  0)       -0.001  0.46523   -3.241    0.601  1.23196  *
*  79)    1.003   ( 40,  0)        0.569  0.07682   -2.434    0.534  1.37949  *
*  80)    1.003   (  0, 40)        0.569  0.07682   -2.434    0.534  1.37949  *
*  81)    1.103   (  0, 41)       -0.072  0.07749   -2.351    0.590  1.33590  *
*  82)    1.103   ( 41,  0)       -0.072  0.07749   -2.351    0.590  1.33590  *
*  83)    1.091   (  0, 42)       -0.216  0.06155   -2.326    0.525  1.35240  *
*  84)    1.091   ( 42,  0)       -0.216  0.06155   -2.326    0.525  1.35240  *
*  85)    1.435   (  0, 43)        0.111  0.04210   -1.969    0.576  1.25945  *
*  86)    1.435   ( 43,  0)        0.111  0.04210   -1.969    0.576  1.25945  *
*  87)    1.562   ( 44,  0)       -0.561  0.03090   -1.818    0.540  1.23854  *
*  88)    1.562   (  0, 44)       -0.561  0.03090   -1.818    0.540  1.23854  *
*  89)    1.682   (  0, 45)        0.030  0.01579   -1.654    0.419  1.22366  *
*  90)    1.682   ( 45,  0)        0.030  0.01579   -1.654    0.419  1.22366  *
*  91)    3.265   (  0, 46)        0.186  0.17532   -1.163    2.483  1.08364  *
*  92)    3.265   ( 46,  0)        0.186  0.17532   -1.163    2.483  1.08364  *
*  93)    2.319   (  0, 47)       -0.123  0.01262   -1.022    0.518  1.15375  *
*  94)    2.319   ( 47,  0)       -0.123  0.01262   -1.022    0.518  1.15375  *
*  95)    2.376   (  0, 48)        0.706  0.01209   -0.964    0.519  1.14966  *
*  96)    2.376   ( 48,  0)        0.706  0.01209   -0.964    0.519  1.14966  *
*  97)    2.830   (  0, 49)       -0.171  0.01015   -0.510    0.567  1.12309  *
*  98)    2.830   ( 49,  0)       -0.171  0.01015   -0.510    0.567  1.12309  *
*  99)    4.157   (  0, 50)        0.415  0.00592    0.825    0.638  1.08112  *
* 100)    4.157   ( 50,  0)        0.415  0.00592    0.825    0.638  1.08112  *
* 101)    4.969   (  0, 51)       -0.033  0.07028    0.987    2.540  1.06195  *
* 102)    4.969   ( 51,  0)       -0.033  0.07028    0.987    2.540  1.06195  *
* 103)    4.873   ( 52,  0)        0.323  0.00327    1.558    0.556  1.06860  *
* 104)    4.873   (  0, 52)        0.323  0.00327    1.558    0.556  1.06860  *
* 105)    5.287   ( 53,  0)        0.002  0.00328    1.970    0.605  1.06289  *
* 106)    5.287   (  0, 53)        0.002  0.00328    1.970    0.605  1.06289  *
* 107)    6.008   (  0, 54)       -0.136  0.00096    2.714    0.372  1.05508  *
* 108)    6.008   ( 54,  0)       -0.136  0.00096    2.714    0.372  1.05508  *
* 109)    6.315   ( 55,  0)       -0.524  0.00186    3.009    0.544  1.05221  *
* 110)    6.315   (  0, 55)       -0.524  0.00186    3.009    0.544  1.05221  *
* 111)    6.543   ( 56,  0)       -0.124  0.00149    3.240    0.505  1.05032  *
* 112)    6.543   (  0, 56)       -0.124  0.00149    3.240    0.505  1.05032  *
* 113)    7.059   (  0, 57)       -0.530  0.00138    3.757    0.525  1.04647  *
* 114)    7.059   ( 57,  0)       -0.530  0.00138    3.757    0.525  1.04647  *
* 115)    7.200   (  0, 58)        0.298  0.00123    3.900    0.505  1.04553  *
* 116)    7.200   ( 58,  0)        0.298  0.00123    3.900    0.505  1.04553  *
* 117)    7.329   (  0, 59)        0.212  0.00062    4.037    0.365  1.04473  *
* 118)    7.329   ( 59,  0)        0.212  0.00062    4.037    0.365  1.04473  *
* 119)    7.573   (  0, 60)        0.433  0.00117    4.273    0.518  1.04319  *
* 120)    7.573   ( 60,  0)        0.433  0.00117    4.273    0.518  1.04319  *
* 121)    7.977   (  0, 61)       -0.050  0.00093    4.680    0.486  1.04093  *
* 122)    7.977   ( 61,  0)       -0.050  0.00093    4.680    0.486  1.04093  *
* 123)    8.100   (  0, 62)       -0.065  0.00086    4.803    0.476  1.04029  *
* 124)    8.100   ( 62,  0)       -0.065  0.00086    4.803    0.476  1.04029  *
* 125)    8.255   (  0, 63)       -0.171  0.00120    4.952    0.572  1.03948  *
* 126)    8.255   ( 63,  0)       -0.171  0.00120    4.952    0.572  1.03948  *
* 127)    8.481   ( 64,  0)       -0.686  0.00094    5.182    0.521  1.03840  *
* 128)    8.481   (  0, 64)       -0.686  0.00094    5.182    0.521  1.03840  *
* 129)    8.705   ( 65,  0)       -0.308  0.00345    5.362    1.021  1.03727  *
* 130)    8.705   (  0, 65)       -0.308  0.00345    5.362    1.021  1.03727  *
* 131)    9.009   ( 66,  0)       -0.121  0.00196    5.690    0.797  1.03603  *
* 132)    9.009   (  0, 66)       -0.121  0.00196    5.690    0.797  1.03603  *
* 133)    9.254   ( 67,  0)       -0.015  0.00685    5.844    1.527  1.03486  *
* 134)    9.254   (  0, 67)       -0.015  0.00685    5.844    1.527  1.03486  *
*                                                                             *
*1474)   TOTAL=  ( 737, 737)                                                  *
*                                                                             *
*******************************************************************************

*******************************************************************************
*                                                                             *
*  SINGLE-PARTICLE PROPERTIES: CANONICAL                            PROTONS   *
*                                                                             *
*******************************************************************************
*                                                                             *
*  NO)   ENERGY   (S=+,S=-)   | N,nz,lz,OMEz>   <P>    <JY>    <SY>   GFACT   *
*                                                                             *
*  23)  -11.858   ( 23,---)   | 4, 3, 1, 3/2>    65   0.000   0.000   0.651   *
*  24)  -10.568   ( 24,---)   | 2, 0, 2, 5/2>    24  -0.000  -0.000   0.120   *
*  25)  -10.045   ( 25,---)   | 8, 7, 1, 1/2>    65  -0.804  -0.167   0.208   *
*  26)   -9.011   ( 26,---)   |10,10, 0, 1/2>    28  -0.292  -0.351   1.205   *
*  27)   -8.150   ( 27,---)   | 7, 5, 0, 1/2>    10  -0.481  -0.457   0.950   *
*  28)   -8.010   ( 28,---)   | 9, 8, 1, 3/2>   -58   0.001   0.000   0.210   *
*  29)   -7.986   ( 29,---)   | 7, 5, 2, 3/2>   -12  -0.000   0.000  -0.071   *
*  30)   -7.556   ( 30,---)   | 5, 2, 3, 7/2>     0  -0.000  -0.000   0.042   *
*  31)   -7.197   ( 31,---)   | 3, 1, 2, 5/2>   -28  -0.000   0.000  -2.434   *
*  32)   -6.853   ( 32,---)   | 2, 0, 0, 1/2>    20  -0.567  -0.469   0.828   *
*  33)   -6.482   ( 33,---)   | 2, 0, 2, 3/2>    23   0.000   0.000   0.317   *
*  34)   -6.057   ( 34,---)   | 9, 8, 1, 1/2>   -60  -0.655  -0.159   0.242   *
*  35)   -5.252   ( 35,---)   | 4, 2, 2, 5/2>    84  -0.000  -0.000   0.222   *
*  36)   -4.351   ( 36,---)   |10, 9, 1, 3/2>    69   0.000   0.000   0.356   *
*  37)   -3.679   ( 37,---)   |11,11, 0, 1/2>   -48  -0.866  -0.365   0.422   *
*  38)   -3.306   ( 38,---)   | 3, 1, 0, 1/2>   -29  -0.359  -0.459   1.278   *
*  39)   -3.242   ( 39,---)   | 5, 2, 1, 3/2>     0  -0.000   0.000  -0.123   *
*  40)   -2.413   ( 40,---)   | 6, 3, 1, 1/2>    46  -0.417  -0.156   0.374   *
*  41)   -2.339   ( 41,---)   | 6, 3, 3, 5/2>    -7  -0.000  -0.000   0.380   *
*  42)   -2.312   ( 42,---)   | 2, 0, 2, 3/2>   -20   0.000   0.000   0.021   *
*  43)   -1.947   ( 43,---)   | 5, 2, 1, 1/2>    28  -0.175  -0.109   0.623   *
*  44)   -1.797   ( 44,---)   | 9, 7, 2, 5/2>   -69   0.000   0.000   0.021   *
*  45)   -1.616   ( 45,---)   | 8, 5, 3, 7/2>     7  -0.000  -0.000   0.002   *
*  46)   -0.970   ( 46,---)   | 4, 1, 3, 7/2>   -17  -0.000  -0.000   0.058   *
*  47)   -0.889   ( 47,---)   | 4, 2, 0, 1/2>    74  -0.214  -0.362   1.688   *
*  48)   -0.433   ( 48,---)   | 8, 6, 2, 3/2>   -15   0.000  -0.000  -0.017   *
*                                                                             *
*******************************************************************************

*******************************************************************************
*                                                                             *
*  HFB PAIRING PROPERTIES                                            PROTONS  *
*                                                                             *
*  STRENGTH= 0.0531   GAP=-0.5268   FERMI ENERGY= -2.9689   ENERGY=  -5.2266  *
*                                                                             *
*******************************************************************************

*******************************************************************************
*                                                                             *
*  MULTIPOLE MOMENTS [UNITS:  (10 FERMI)^LAMBDA]                     PROTONS  *
*                                                                             *
*******************************************************************************
*                                                                             *
*  Q00 = 78.0000  .............  .............  .............  .............  *
*                                                                             *
*  Q10 = -1.3525  Q11 =    ZERO  .............  .............  .............  *
*                                                                             *
*  Q20 = 75.9591  Q21 =    ZERO  Q22 =-4.7E-04  .............  .............  *
*                                                                             *
*  Q30 =  3.5170  Q31 =    ZERO  Q32 = 4.4E-05  Q33 =    ZERO  .............  *
*                                                                             *
*  Q40 = 23.2862  Q41 =    ZERO  Q42 =-2.2E-04  Q43 =    ZERO  Q44 =-3.1E-08  *
*                                                                             *
*******************************************************************************

*******************************************************************************
*                                                                             *
*  ROOT-MEAN-SQUARE AND GEOMETRIC SIZES IN FERMIS                    PROTONS  *
*                                                                             *
*  R_RMS =  7.8510     X_RMS =  2.0773    Y_RMS =  2.0774    Z_RMS =  7.2806  *
*                                                                             *
*  R_GEO = 10.1356     X_GEO =  4.6450    Y_GEO =  4.6452    Z_GEO = 16.2799  *
*                                                                             *
*******************************************************************************

*******************************************************************************
*                                                                             *
*  BOHR DEFORMATIONS (FIRST-ORDER APPROXIMATION)                     PROTONS  *
*                                                                             *
*******************************************************************************
*                                                                             *
*  B10 = -0.0350  B11 =    ZERO  .............  .............  .............  *
*                                                                             *
*  B20 =  1.2524  B21 =    ZERO  B22 =-7.7E-06  .............  .............  *
*                                                                             *
*  B30 =  0.1814  B31 =    ZERO  B32 = 3.2E-06  B33 =    ZERO  .............  *
*                                                                             *
*  B40 =  1.1850  B41 =    ZERO  B42 =-1.6E-05  B43 =    ZERO  B44 =-2.2E-09  *
*                                                                             *
*******************************************************************************
*                                                                             *
*  BOHR DENSITY = 0.0179 FM^(-3)  BOHR RADIUS =  10.1356 FM                   *
*                                                                             *
*******************************************************************************

*******************************************************************************
*                                                                             *
*                  DENSITY INTEGRALS IN THE SKYRME FUNCTIONAL                 *
*                                                                             *
*******************************************************************************
*                                                                             *
*                   TOTAL(T)        SUM(S)      ISOSCALAR(P)  ISOVECTOR(M)    *
*                   --------        ------      ------------  ------------    *
*    DRHO_ =       20.475576     10.341086         20.475576      0.206595    *
*    DRHOD =        9.559490      4.825555          9.559490      0.091621    *
*    DLPR_ =       -5.237745     -2.638907         -5.237745     -0.040068    *
*    DTAU_ =       18.082067      9.182762         18.082067      0.283458    *
*    DSCU_ =        0.153270      0.084650          0.153270      0.016029    *
*    DDIV_ =        1.070453      0.540072          1.070453      0.009690    *
*                                                                             *
*    DSPI_ =        0.000000      0.000000          0.000000      0.000000    *
*    DSPID =        0.000000      0.000000          0.000000      0.000000    *
*    DLPS_ =        0.000000      0.000000          0.000000      0.000000    *
*    DCUR_ =        0.000000      0.000000          0.000000      0.000000    *
*    DKIS_ =        0.000000      0.000000          0.000000      0.000000    *
*    DROT_ =        0.000000      0.000000          0.000000      0.000000    *
*                                                                             *
*******************************************************************************

*******************************************************************************
*                                                                             *
*               CONTRIBUTIONS TO ENERGY IN THE SKYRME FUNCTIONAL              *
*                                                                             *
*******************************************************************************
*                                                                             *
*                 TOTAL(T)        SUM(S)        ISOSCALAR(P)  ISOVECTOR(M)    *
*                 --------        ------        ------------  ------------    *
*    ERHO_ =   -18306.395006   5566.767393     -12795.234264     55.606651    *
*    ERHOD =     9638.007935  -2448.312549       7212.937952    -23.242567    *
*    ELPR_ =     -515.055304    759.662412        238.839940      5.767168    *
*    ETAU_ =      599.530122   -443.266020        163.105567     -6.841465    *
*    ESCU_ =        0.000000      0.000000          0.000000      0.000000    *
*    EDIV_ =      -23.586196    -56.072983        -79.156153     -0.503026    *
*               ============  ============      ============  ============    *
*    SUM EVEN:  -8607.498449   3378.778253      -5259.506957     30.786762    *
*                                                                             *
*    ESPI_ =        0.000000      0.000000          0.000000      0.000000    *
*    ESPID =        0.000000      0.000000          0.000000      0.000000    *
*    ELPS_ =        0.000000      0.000000          0.000000      0.000000    *
*    ECUR_ =        0.000000      0.000000          0.000000      0.000000    *
*    EKIS_ =        0.000000      0.000000          0.000000      0.000000    *
*    EROT_ =        0.000000      0.000000          0.000000      0.000000    *
*               ============  ============      ============  ============    *
*    SUM  ODD:      0.000000      0.000000          0.000000      0.000000    *
*                                                                             *
*******************************************************************************
 
*******************************************************************************
*                                                                             *
*  CENTER-OF-MASS COORDINATES IN FERMIS                                TOTAL  *
*                                                                             *
*  R_CMS =  0.2174     X_CMS =  0.0000    Y_CMS =  0.0000    Z_CMS = -0.2174  *
*                                                                             *
*******************************************************************************

*******************************************************************************
*                                                                             *
*  MULTIPOLE MOMENTS [UNITS:  (10 FERMI)^LAMBDA] [CENT-MASS FRAME]  NEUTRONS  *
*                                                                             *
*******************************************************************************
*                                                                             *
*  Q00 = 98.0000  .............  .............  .............  .............  *
*                                                                             *
*  Q10 = -0.3432  Q11 =    ZERO  .............  .............  .............  *
*                                                                             *
*  Q20 = 92.7455  Q21 =    ZERO  Q22 =-6.0E-04  .............  .............  *
*                                                                             *
*  Q30 =  6.1794  Q31 =    ZERO  Q32 = 4.7E-05  Q33 =    ZERO  .............  *
*                                                                             *
*  Q40 = 28.2834  Q41 =    ZERO  Q42 =-2.7E-04  Q43 =    ZERO  Q44 = 3.1E-08  *
*                                                                             *
*******************************************************************************

*******************************************************************************
*                                                                             *
*  BOHR DEFORMATIONS (FIRST-ORDER APPROXIMATION) [CENT-MASS FRAME]  NEUTRONS  *
*                                                                             *
*******************************************************************************
*                                                                             *
*  B10 = -0.0069  B11 =    ZERO  .............  .............  .............  *
*                                                                             *
*  B20 =  1.1553  B21 =    ZERO  B22 =-7.5E-06  .............  .............  *
*                                                                             *
*  B30 =  0.2346  B31 =    ZERO  B32 = 2.5E-06  B33 =    ZERO  .............  *
*                                                                             *
*  B40 =  1.0323  B41 =    ZERO  B42 =-1.4E-05  B43 =    ZERO  B44 = 1.6E-09  *
*                                                                             *
*******************************************************************************
*                                                                             *
*  BOHR DENSITY = 0.0208 FM^(-3)  BOHR RADIUS =  10.4027 FM                   *
*                                                                             *
*******************************************************************************

*******************************************************************************
*                                                                             *
*  MULTIPOLE MOMENTS [UNITS:  (10 FERMI)^LAMBDA] [CENT-MASS FRAME]   PROTONS  *
*                                                                             *
*******************************************************************************
*                                                                             *
*  Q00 = 78.0000  .............  .............  .............  .............  *
*                                                                             *
*  Q10 =  0.3432  Q11 =    ZERO  .............  .............  .............  *
*                                                                             *
*  Q20 = 75.9152  Q21 =    ZERO  Q22 =-4.7E-04  .............  .............  *
*                                                                             *
*  Q30 =  5.3648  Q31 =    ZERO  Q32 = 3.8E-05  Q33 =    ZERO  .............  *
*                                                                             *
*  Q40 = 23.7241  Q41 =    ZERO  Q42 =-2.1E-04  Q43 =    ZERO  Q44 =-3.1E-08  *
*                                                                             *
*******************************************************************************

*******************************************************************************
*                                                                             *
*  BOHR DEFORMATIONS (FIRST-ORDER APPROXIMATION) [CENT-MASS FRAME]   PROTONS  *
*                                                                             *
*******************************************************************************
*                                                                             *
*  B10 =  0.0087  B11 =    ZERO  .............  .............  .............  *
*                                                                             *
*  B20 =  1.2018  B21 =    ZERO  B22 =-7.4E-06  .............  .............  *
*                                                                             *
*  B30 =  0.2603  B31 =    ZERO  B32 = 2.6E-06  B33 =    ZERO  .............  *
*                                                                             *
*  B40 =  1.1130  B41 =    ZERO  B42 =-1.4E-05  B43 =    ZERO  B44 =-2.0E-09  *
*                                                                             *
*******************************************************************************
*                                                                             *
*  BOHR DENSITY = 0.0168 FM^(-3)  BOHR RADIUS =  10.3435 FM                   *
*                                                                             *
*******************************************************************************

*******************************************************************************
*                                                                             *
*  EULER ANGLES OF THE PRINCIPAL-AXES FRAME IN DEGREES                 TOTAL  *
*                                                                             *
*  ALPHA =270.00000  BETA =  0.00000  GAMMA =  0.00000                        *
*                                                                             *
*******************************************************************************

*******************************************************************************
*                                                                             *
*  ROOT-MEAN-SQUARE AND GEOMETRIC SIZES IN FERMIS                      TOTAL  *
*                                                                             *
*  R_RMS =  7.8364     X_RMS =  2.1171    Y_RMS =  2.1171    Z_RMS =  7.2418  *
*                                                                             *
*  R_GEO = 10.1167     X_GEO =  4.7339    Y_GEO =  4.7341    Z_GEO = 16.1933  *
*                                                                             *
*******************************************************************************

*******************************************************************************
*                                                                             *
*  MULTIPOLE MOMENTS [UNITS:  (10 FERMI)^LAMBDA]                       TOTAL  *
*                                                                             *
*******************************************************************************
*                                                                             *
*  Q00 =176.0000  .............  .............  .............  .............  *
*                                                                             *
*  Q10 = -3.8262  Q11 =    ZERO  .............  .............  .............  *
*                                                                             *
*  Q20 =168.8270  Q21 =    ZERO  Q22 = -0.0011  .............  .............  *
*                                                                             *
*  Q30 =  7.4380  Q31 =    ZERO  Q32 = 9.8E-05  Q33 =    ZERO  .............  *
*                                                                             *
*  Q40 = 51.0717  Q41 =    ZERO  Q42 =-5.0E-04  Q43 =    ZERO  Q44 =    ZERO  *
*                                                                             *
*******************************************************************************

*******************************************************************************
*                                                                             *
*  BOHR DEFORMATIONS (FIRST-ORDER APPROXIMATION)                       TOTAL  *
*                                                                             *
*******************************************************************************
*                                                                             *
*  B10 = -0.0440  B11 =    ZERO  .............  .............  .............  *
*                                                                             *
*  B20 =  1.2382  B21 =    ZERO  B22 =-7.8E-06  .............  .............  *
*                                                                             *
*  B30 =  0.1710  B31 =    ZERO  B32 = 3.2E-06  B33 =    ZERO  .............  *
*                                                                             *
*  B40 =  1.1604  B41 =    ZERO  B42 =-1.6E-05  B43 =    ZERO  B44 =    ZERO  *
*                                                                             *
*******************************************************************************
*                                                                             *
*  BOHR DENSITY = 0.0406 FM^(-3)  BOHR RADIUS =  10.1167 FM                   *
*                                                                             *
*******************************************************************************

*******************************************************************************
*                                                                             *
*  MULTIPOLE MOMENTS [UNITS:  (10 FERMI)^LAMBDA] [CENT-MASS FRAME]     TOTAL  *
*                                                                             *
*******************************************************************************
*                                                                             *
*  Q00 =176.0000  .............  .............  .............  .............  *
*                                                                             *
*  Q10 =    ZERO  Q11 =    ZERO  .............  .............  .............  *
*                                                                             *
*  Q20 =168.6607  Q21 =    ZERO  Q22 = -0.0011  .............  .............  *
*                                                                             *
*  Q30 = 11.5442  Q31 =    ZERO  Q32 = 8.5E-05  Q33 =    ZERO  .............  *
*                                                                             *
*  Q40 = 52.0076  Q41 =    ZERO  Q42 =-4.9E-04  Q43 =    ZERO  Q44 =    ZERO  *
*                                                                             *
*******************************************************************************

*******************************************************************************
*                                                                             *
*  BOHR DEFORMATIONS (FIRST-ORDER APPROXIMATION) [CENT-MASS FRAME]     TOTAL  *
*                                                                             *
*******************************************************************************
*                                                                             *
*  B10 =    ZERO  B11 =    ZERO  .............  .............  .............  *
*                                                                             *
*  B20 =  1.1758  B21 =    ZERO  B22 =-7.4E-06  .............  .............  *
*                                                                             *
*  B30 =  0.2459  B31 =    ZERO  B32 = 2.6E-06  B33 =    ZERO  .............  *
*                                                                             *
*  B40 =  1.0676  B41 =    ZERO  B42 =-1.4E-05  B43 =    ZERO  B44 =    ZERO  *
*                                                                             *
*******************************************************************************
*                                                                             *
*  BOHR DENSITY = 0.0376 FM^(-3)  BOHR RADIUS =  10.3766 FM                   *
*                                                                             *
*******************************************************************************

*******************************************************************************
*                                                                             *
*  MULTIPOLE MOMENTS [UNITS:  (10 FERMI)^LAMBDA] [INTRINSIC FRAME]     TOTAL  *
*                                                                             *
*  REAL PART  FOR A NON-NEGATIVE PROJECTION                                   *
*  IMAGINARY PART FOR A NEGATIVE PROJECTION                                   *
*                                                                             *
*******************************************************************************
*                                                                             *
*  Q00 =176.0000  .............  .............  .............  .............  *
*                 .............  .............  .............  .............  *
*                                                                             *
*  Q10 =    ZERO  Q1+1=    ZERO  .............  .............  .............  *
*                 Q1-1=    ZERO  .............  .............  .............  *
*                                                                             *
*  Q20 =168.6607  Q2+1=    ZERO  Q2+2=  0.0011  .............  .............  *
*                 Q2-1=    ZERO  Q2-2=    ZERO  .............  .............  *
*                                                                             *
*  Q30 = 11.5442  Q3+1=    ZERO  Q3+2=-8.5E-05  Q3+3=    ZERO  .............  *
*                 Q3-1=    ZERO  Q3-2=    ZERO  Q3-3=    ZERO  .............  *
*                                                                             *
*  Q40 = 52.0076  Q4+1=    ZERO  Q4+2= 4.9E-04  Q4+3=    ZERO  Q4+4=    ZERO  *
*                 Q4-1=    ZERO  Q4-2=    ZERO  Q4-3=    ZERO  Q4-4=    ZERO  *
*                                                                             *
*******************************************************************************

*******************************************************************************
*                                                                             *
*  BOHR DEFORMATIONS (FIRST-ORDER APPROXIMATION) [INTRINSIC FRAME]     TOTAL  *
*                                                                             *
*  REAL PART  FOR A NON-NEGATIVE PROJECTION                                   *
*  IMAGINARY PART FOR A NEGATIVE PROJECTION                                   *
*                                                                             *
*******************************************************************************
*                                                                             *
*  B10 =    ZERO  B1+1=    ZERO  .............  .............  .............  *
*                 B1-1=    ZERO  .............  .............  .............  *
*                                                                             *
*  B20 =  1.1758  B2+1=    ZERO  B2+2= 7.4E-06  .............  .............  *
*                 B2-1=    ZERO  B2-2=    ZERO  .............  .............  *
*                                                                             *
*  B30 =  0.2459  B3+1=    ZERO  B3+2=-2.6E-06  B3+3=    ZERO  .............  *
*                 B3-1=    ZERO  B3-2=    ZERO  B3-3=    ZERO  .............  *
*                                                                             *
*  B40 =  1.0676  B4+1=    ZERO  B4+2= 1.4E-05  B4+3=    ZERO  B4+4=    ZERO  *
*                 B4-1=    ZERO  B4-2=    ZERO  B4-3=    ZERO  B4-4=    ZERO  *
*                                                                             *
*******************************************************************************
*                                                                             *
*  BOHR DENSITY = 0.0376 FM^(-3)  BOHR RADIUS =  10.3766 FM                   *
*                                                                             *
*******************************************************************************

*******************************************************************************
*                                                                             *
*                                ENERGIES (MEV)                               *
*                                                                             *
*******************************************************************************
*                                                                             *
*  KINETIC: (NEU)=  1864.735402    (PRO)=  1355.415221    (TOT)=  3220.150622 *
*  SUM EPS: (NEU)= -1989.956985    (PRO)= -1091.506796    (TOT)= -3081.463781 *
*  PAIRING: (NEU)=    -4.168260    (PRO)=    -5.226636    (TOT)=    -9.394895 *
*  P-REARR: (NEU)=     1.102866    (PRO)=     1.456282    (TOT)=     2.559147 *
*                                                                             *
*  PAIRGAP: (NEU)=     0.408208    (PRO)=    -0.526760    THIS SPACE IS EMPTY *
*  E-FERMI: (NEU)=    -8.832444    (PRO)=    -2.968931    AND AWAITS  YOUR AD *
*                                                                             *
*  COULOMB: (DIR)=   667.026046    (EXC)=   -30.274606    (TOT)=   636.751440 *
*                                                                             *
*  CONSTR. (MULT)=   480.019196    SLOPE=  -212.484101    CORR.=   106.242050 *
*  CONSTR. (SURF)=     0.000000    SLOPE=     0.000000    CORR.=     0.000000 *
*  CONSTR. (SPIN)=     0.000000    SLOPE=     0.000000    CORR.=     0.000000 *
*  CONSTR. (ISOS)=     0.000000    SLOPE=     0.000000    CORR.=     0.000000 *
*                                                                             *
*  REARRANGEMENT ENERGY FROM THE SKYRME DENSITY-DEPENDENT TERMS=  1353.748871 *
*  ROUTHIAN= TOTAL ENERGY + MULTIPOLE AND (ISO)SPIN CONSTRAINTS=  -901.193832 *
*                                                                             *
*  SPIN-ORB (EVE)=   -79.659179    (ODD)=     0.000000    (TOT)=   -79.659179 *
*  SKYRME:  (EVE)= -5228.720196    (ODD)=     0.000000    (TOT)= -5228.720196 *
*                                                                             *
*  TOTAL:  (STAB)=   -31.480051     (SP)= -1412.693079    (FUN)= -1381.213028 *
*                                                                             *
*******************************************************************************

*******************************************************************************
*                                                                             *
*  ITERATION RESTARTED FROM THE DISC, THE FOLLOWING FILE(S) READ:             *
*  ./restart/HFODD_00000032.REC                                        VER=19 *
*                                                                             *
*******************************************************************************
*                                                                             *
* CONVERGENCE REPORT                                                          *
*                                                                             *
*******************************************************************************
*                                                                             *
* ITER     ENERGY     STABILITY    Q_2    GAMMA   SPIN  OMEGA   ANGLE   EPAIR *
*                                                                             *
* 2567 -1381.213028  -31.480051 168.661    0.00   0.00  0.000   0.000   -9.39 *
* 2568 -1153.394104  360.806184 235.309    0.00   0.00  0.000   0.000   -3.12 *
* 2569 -1167.155235  242.675532 234.266    0.00   0.00  0.000   0.000   -6.76 *
* 2570 -1181.231451  332.225609 237.744    0.00   0.00  0.000   0.000   -7.62 *
* 2571 -1174.975897  279.980667 234.478    0.00   0.00  0.000   0.000   -7.67 *
* 2572 -1175.491433  342.463128 238.953    0.00   0.00  0.000   0.000   -7.11 *
* 2573 -1172.304567  220.362401 236.495    0.00   0.00  0.000   0.000   -7.60 *
* 2574 -1197.447878  248.623428 229.993    0.00   0.00  0.000   0.000  -10.87 *
* 2575 -1194.268250  252.654830 232.214    0.00   0.00  0.000   0.000   -8.29 *
* 2576 -1191.371633  238.748556 231.763    0.00   0.00  0.000   0.000   -7.84 *
* 2577 -1193.443240  249.625045 231.652    0.00   0.00  0.000   0.000   -8.01 *
* 2578 -1189.234818   -1.77E+03 232.547    0.00   0.00  0.000   0.000   -7.43 *
* 2579   467.261108  800.958102  15.013    0.00   0.00  0.000   0.000   -0.08 *
* 2580   385.224723    1.02E+03  28.170    0.00   0.00  0.000   0.000  -14.76 *
* 2581   -66.329799    1.44E+03 767.678    0.00   0.00  0.000   0.000   -0.19 *
* 2582   -95.250105  -28.702013 705.217    0.00   0.00  0.000   0.000  -13.44 *
* 2583   899.573692   -5.06E+03  16.282    0.03   0.00  0.000   0.000  -48.17 *
* 2584   418.030027   -5.88E+03 155.654    0.00   0.00  0.000   0.000 -197.34 *
* 2585  -820.084048   -5.12E+03 159.067    0.00   0.00  0.000   0.000  -11.70 *
* 2586  1200.066226   -1.42E+03  11.562   59.98   0.00  0.000   0.000 -173.42 *
* 2587   455.540460    1.12E+04  29.007    0.00   0.00  0.000   0.000   -0.17 *
* 2588   677.040250  -25.357953 335.113    0.00   0.00  0.000   0.000   -0.20 *
* 2589  1270.101439    3.26E+04  17.162    0.00   0.00  0.000   0.000  -39.52 *
* 2590   352.070549   -9.29E+04 859.824    0.00   0.00  0.000   0.000   -0.02 *
* 2591  3257.787572    8.76E+06 100.595   60.00   0.00  0.000   0.000 -252.88 *

 //////////////////// MAXIMUM NUMBER OF ITERATIONS       ////////////////////
 //////////////////// EXCEEDED IN QUABCS                 ////////////////////

*******************************************************************************
*                                                                             *
*  PROCESSOR   EXECUTION  TIMES IN SUBROUTINES                                *
*  INCLUDING THEIR COMPLETE DOWN-CALLING TREES                                *
*                                                                             *
*******************************************************************************
*                                                                             *
*     8478 => HFODD    4680 => DENSHF   1637 => DIAMAT   1488 => HFBSIM       *
*                                                                             *
*      950 => QMULCM    481 => PAIMAC    356 => CANQUA    223 => RECORD       *
*                                                                             *
*      129 => AVEQUA     54 => INTEGH     48 => INTSOR     46 => INTEGD       *
*                                                                             *
*       45 => DENMAC     25 => MOMETS     24 => DOBROY     24 => INTMUL       *
*                                                                             *
*       16 => BEGINC     16 => SKFILD     11 => ROTAVR     11 => INTMAS       *
*                                                                             *
*       11 => LINAVR      8 => COUMAT      8 => INTCOU      7 => SPAVER       *
*                                                                             *
*        5 => INTCEN      5 => AVOBSE      3 => NILASP      3 => SKPAIR       *
*                                                                             *
*        2 => POWALL      2 => AVANGY      0 => INTKIN      0 => AVPARI       *
*                                                                             *
*        0 => QUABCS      0 => SHICOE      0 => AVSIMP      0 => PAXMOM       *
*                                                                             *
*        0 => MAGMOM      0 => SHISIF      0 => SHIMAG      0 => MOMSIF       *
*                                                                             *
*        0 => MOMVMU      0 => SPIMOM      0 => SHIMOM                        *
*                                                                             *
*******************************************************************************
*                                                                             *
*  NUMBERS OF CALLS TO SUBROUTINES                                            *
*                                                                             *
*******************************************************************************
*                                                                             *
*     1148 => BEGINC    956 => INTMUL    306 => INTSOR    126 => DIAMAT       *
*                                                                             *
*      102 => INTMAS    102 => INTCEN    101 => INTKIN    100 => AVEQUA       *
*                                                                             *
*       75 => PAXMOM     51 => INTEGH     51 => INTEGD     51 => HFBSIM       *
*                                                                             *
*       51 => QUABCS     50 => CANQUA     50 => AVPARI     50 => DENSHF       *
*                                                                             *
*       50 => DENMAC     50 => PAIMAC     50 => MOMETS     50 => MOMSIF       *
*                                                                             *
*       50 => MOMVMU     50 => MAGMOM     50 => SPIMOM     50 => LINAVR       *
*                                                                             *
*       50 => ROTAVR     50 => SHICOE     26 => RECORD     26 => COUMAT       *
*                                                                             *
*       26 => INTCOU     25 => QMULCM     25 => SKFILD     25 => SKPAIR       *
*                                                                             *
*       25 => DOBROY     25 => SHIMOM     25 => SHISIF     25 => SHIMAG       *
*                                                                             *
*       14 => SPAVER      2 => AVANGY      2 => AVOBSE      2 => AVSIMP       *
*                                                                             *
*        2 => NILASP      1 => HFODD       1 => POWALL                        *
*                                                                             *
*******************************************************************************
*                                                                             *
*  EXECUTION ENDS ON 2016.09.06 AT 13:45:22.114                               *
*                                                                             *
*******************************************************************************
