*******************************************************************************
*                                                                             *
*                     P A R A L L E L    M O D E L                            *
*                                                                             *
*  SIMPLE MPI FRAMEWORK (1 COMMUNICATOR)    :  1 MPI PROCESS per HFODD TASK   *
*  MULTI-THREADING FRAMEWORK WITH OPENMP   :  4 THREADS per HFODD MPI PROCESS *
*                                                                             *
*******************************************************************************
*                                                                             *
*                        __  __ _____  ___   ____   ____                      *
*                       / / / // ___/.' _ \ / __ \ / __ \                     *
*                      / /_/ // /_  / / / // / / // / / /                     *
*                     / __  // __/ / / / // / / // / / /                      *
*                    / / / // /   / /_/ // /_/ // /_/ /                       *
*                   /_/ /_//_/    \___.'/____.'/____.'                        *
*                                                                             *
*                                                                             *
*******************************************************************************
*                                                                             *
*             SKYRME-HARTREE-FOCK-BOGOLYUBOV CODE VERSION: 2.77B              *
*                                                                             *
*              NO SYMMETRY-PLANES AND NO TIME-REVERSAL SYMMETRY               *
*                                                                             *
*                DEFORMED CARTESIAN HARMONIC-OSCILLATOR BASIS                 *
*                                                                             *
*******************************************************************************
*                                                                             *
*             J. DOBACZEWSKI, P. BACZYK, B.G. CARLSSON, J. DUDEK              *
*                 J. ENGEL, Y. GAO, M. KONIECZKA, T. LESINSKI                 *
*                 J. MCDONNELL, P. OLBRATOWSKI, P. POWALOWSKI                 *
*                  M. SADZIAK, J. SARICH, K. SATO, W. SATULA                  *
*             N. SCHUNCK,  J.A. SHEIKH, A. STASZCZAK, M. STOITSOV             *
*             P. TOIVANEN, X.B. WANG, M. ZALEWSKI AND H. ZDUNCZUK             *
*                                                                             *
*                   INSTYTUT FIZYKI TEORETYCZNEJ, WARSZAWA                    *
*                 LAWRENCE LIVERMORE NATIONAL LABORATORY, USA                 *
*                                                                             *
*                                  1993-2016                                  *
*                                                                             *
*******************************************************************************

*******************************************************************************
*                                                                             *
*  CODE COMPILED WITH THE FOLLOWING ARRAY DIMENSIONS AND SWITCHES:            *
*                                                                             *
*******************************************************************************
*                                                                             *
*  NDBASE = 1200  NDSTAT = 1200  NDXHRM =   40  NDYHRM =   40  NDZHRM =   64  *
*                                                                             *
*  NDMAIN =   30  NDMULT =    9  NDMULR =    4  NDLAMB =    9  NDITER = 5000  *
*                                                                             *
*  NDAKNO =    1  NDBKNO =    1  NDPROI =    2  NDCOUL =   80  NDPOLS =   25  *
*                                                                             *
*  NDATKN =   20  NDBTKN =   10  NDPROT =    1  NDPROD =    3                 *
*                                                                             *
*  IPARAL =    0  IPARAT =    0  I_CRAY =    0                                *
*                                                                             *
*                                                                             *
*  PRE-PROCESSOR OPTIONS:                                                     *
*                                                                             *
*       switch_port = 1     switch_diag = 3     switch_essl = 0               *
*                                                                             *
*                           switch_quad = 0     switch_vect = 1               *
*                                                                             *
*******************************************************************************
*                                                                             *
*  EXECUTION BEGINS ON 2016.09.06 AT 12:59:14.323                             *
*                                                                             *
*******************************************************************************
 
*******************************************************************************
*                                                                             *
*  CLASSICAL NUCLEAR SURFACE DEFINED FOR:                    N = 98   Z = 78  *
*                                                                             *
*******************************************************************************
*                                                                             *
*  AL10 =   ZERO  AL11 =   ZERO  .............  .............  .............  *
*                                                                             *
*  AL20 =  0.568  AL21 =   ZERO  AL22 =   ZERO  .............  .............  *
*                                                                             *
*******************************************************************************
*                                                                             *
*                                           HOMEGA=  7.4775  FCHOM0=  1.0221  *
*                                                                             *
*  OSCILLATOR FREQUENCIES: HBAROX=  8.8512  HBAROY=  8.8512  HBAROZ=  5.3365  *
*                                                                             *
*  MOMENTS OF INERTIA:     XMOMFC=108.4387  YMOMFC=108.4387  ZMOMFC= 57.8189  *
*                                                                             *
*  CENTERS OF MASS:        CMSXFC= -0.0000  CMSYFC= -0.0000  CMSZFC= -0.0000  *
*                                                                             *
*******************************************************************************

*******************************************************************************
*                                                                             *
*                           SKYRME FORCE DEFINITION                           *
*                                                                             *
*******************************************************************************
*                                                                             *
* PARAMETER SET HFB1:  T0= -1666.41  T1=   255.23  T2=  1521.28  T3= 12072.51 *
*                                                                             *
* POWER=0.37658031358  X0=  0.14608  X1= -4.82248  X2= -1.35211  X3=  0.00432 *
*                                                                             *
* IETA: J=0  W=1 CM=3  M=1  P=1  T=0 HBM= 20.73553 W0=  44.0677 W0P= 207.6502 *
*                                                                             *
*******************************************************************************

*******************************************************************************
*                                                                             *
*              COUPLING CONSTANTS DEFINING THE SKYRME FUNCTIONAL              *
*                                                                             *
*******************************************************************************
*                                                                             *
*                   TOTAL(T)        SUM(S)      ISOSCALAR(P)  ISOVECTOR(M)    *
*                   --------        ------      ------------  ------------    *
*    CRHO_ =     -894.060074    538.315575       -624.902286    269.157788    *
*    CRHOD =     1008.213640   -507.363897        754.531691   -253.681949    *
*    CLPR_ =       98.335311   -287.870148        -45.599763   -143.935074    *
*    CTAU_ =       33.156062    -48.271535          9.020295    -24.135768    *
*    CSCU_ =        0.000000      0.000000          0.000000      0.000000    *
*    CDIV_ =      -22.033840   -103.825096        -73.946388    -51.912548    *
*                                                                             *
*    CSPI_ =      -60.857026    416.601524        147.443736    208.300762    *
*    CSPID =        2.171385   -503.021127       -249.339179   -251.510564    *
*    CLPS_ =       51.110395     71.467295         86.844042     35.733647    *
*    CCUR_ =      -33.156062     48.271535         -9.020295     24.135768    *
*    CKIS_ =        0.000000      0.000000          0.000000      0.000000    *
*    CROT_ =      -22.033840   -103.825096        -73.946388    -51.912548    *
*                                                                             *
*******************************************************************************

*******************************************************************************
*                                                                             *
*                          NUCLEAR MATTER PROPERTIES                          *
*                                                                             *
*******************************************************************************
*                                                                             *
*     E = -15.8000  rho0 =   0.15625   K =  244.6682   Ms =    0.9364         *
*                   asym =  28.66820   L =   40.1091   Mv =    1.2498         *
*                                                                             *
*******************************************************************************

*******************************************************************************
*                                                                             *
*  PHYSICAL CONSTANTS:     H_BARC=197.32891000           HBCOE2=137.03602000  *
*                                                                             *
*                          XMASSN=938.90590000           XMASSP=938.27231000  *
*                                                                             *
*                          HBMASS= 20.73553000           HBMRPA= 20.73553000  *
*                                                                             *
*                          ECHAR2=  1.43997841           COULEX= -1.06350868  *
*                                                                             *
*******************************************************************************
*                                                                             *
*  OSCILLATOR LENGTHS:     X= 2.1646016      Y= 2.1646016       Z= 2.7877241  *
*                                                                             *
*  OSCILLATOR CONSTANTS:   X= 0.4619788      Y= 0.4619788       Z= 0.3587156  *
*                                                                             *
*  OSCILLATOR FREQUENCIES: X= 8.8512254      Y= 8.8512254       Z= 5.3365402  *
*                                                                             *
*******************************************************************************
*                                                                             *
*  BASIS CUT-OFF CONTROL PARAMETERS:  NXMAXX = 14  NYMAXX = 14  NZMAXX =  24  *
*                                                                             *
*                                     NXHERM = 36  NYHERM = 36  NZHERM =  60  *
*                                                                             *
*                                     NLIMIT=1140  LDBASE=1149  MCOUNT=29791  *
*                                                                             *
*                                     ENECUT= 800.0000      ELIMIT= 142.5951  *
*                                                                             *
*******************************************************************************

*******************************************************************************
*                                                                             *
*   SHAPE OF THE OSCILLATOR-BASIS DIAMOND    (THREE CONSECUTIVE PROJECTIONS)  *
*                                                                             *
*******************************************************************************
*                                                                             *
*        NX ===>>>  0  1  2  3  4  5  6  7  8  9 10 11 12 13 14               *
*        MAX.NY => 14 13 12 11 10  9  8  7  6  5  4  3  2  1  0               *
*                 ---------------------------------------------               *
*   NY= 0  (14)  | 24 22 21 19 17 16 14 12 11  9  7  6  4  3  1               *
*   NY= 1  (13)  | 22 21 19 17 16 14 12 11  9  7  6  4  3  1                  *
*   NY= 2  (12)  | 21 19 17 16 14 12 11  9  7  6  4  3  1                     *
*   NY= 3  (11)  | 19 17 16 14 12 11  9  7  6  4  3  1                        *
*   NY= 4  (10)  | 17 16 14 12 11  9  7  6  4  3  1                           *
*   NY= 5  ( 9)  | 16 14 12 11  9  7  6  4  3  1                              *
*   NY= 6  ( 8)  | 14 12 11  9  7  6  4  3  1                                 *
*   NY= 7  ( 7)  | 12 11  9  7  6  4  3  1                                    *
*   NY= 8  ( 6)  | 11  9  7  6  4  3  1                                       *
*   NY= 9  ( 5)  |  9  7  6  4  3  1                                          *
*   NY=10  ( 4)  |  7  6  4  3  1                                             *
*   NY=11  ( 3)  |  6  4  3  1                                                *
*   NY=12  ( 2)  |  4  3  1                                                   *
*   NY=13  ( 1)  |  3  1                                                      *
*   NY=14  ( 0)  |  1                                                         *
*                                                                             *
*                                                                             *
*        NZ ===>>>  0  1  2  3  4  5  6  7  8  9 10 11 12 13 14 15 16 17 18   *
*        MAX.NY => 14 14 13 13 12 11 11 10  9  9  8  8  7  6  6  5  5  4  3   *
*                 ---------------------------------------------------------   *
*   NY= 0  (24)  | 14 14 13 13 12 11 11 10  9  9  8  8  7  6  6  5  5  4  3   *
*   NY= 1  (22)  | 13 13 12 12 11 10 10  9  8  8  7  7  6  5  5  4  4  3  2   *
*   NY= 2  (21)  | 12 12 11 11 10  9  9  8  7  7  6  6  5  4  4  3  3  2  1   *
*   NY= 3  (19)  | 11 11 10 10  9  8  8  7  6  6  5  5  4  3  3  2  2  1  0   *
*   NY= 4  (17)  | 10 10  9  9  8  7  7  6  5  5  4  4  3  2  2  1  1  0      *
*   NY= 5  (16)  |  9  9  8  8  7  6  6  5  4  4  3  3  2  1  1  0  0         *
*   NY= 6  (14)  |  8  8  7  7  6  5  5  4  3  3  2  2  1  0  0               *
*   NY= 7  (12)  |  7  7  6  6  5  4  4  3  2  2  1  1  0                     *
*   NY= 8  (11)  |  6  6  5  5  4  3  3  2  1  1  0  0                        *
*   NY= 9  ( 9)  |  5  5  4  4  3  2  2  1  0  0                              *
*   NY=10  ( 7)  |  4  4  3  3  2  1  1  0                                    *
*   NY=11  ( 6)  |  3  3  2  2  1  0  0                                       *
*   NY=12  ( 4)  |  2  2  1  1  0                                             *
*   NY=13  ( 3)  |  1  1  0  0                                                *
*   NY=14  ( 1)  |  0  0                                                      *
*                                                                             *
*                                                                             *
*        NZ ===>>>  0  1  2  3  4  5  6  7  8  9 10 11 12 13 14 15 16 17 18   *
*        MAX.NX => 14 14 13 13 12 11 11 10  9  9  8  8  7  6  6  5  5  4  3   *
*                 ---------------------------------------------------------   *
*   NX= 0  (24)  | 14 14 13 13 12 11 11 10  9  9  8  8  7  6  6  5  5  4  3   *
*   NX= 1  (22)  | 13 13 12 12 11 10 10  9  8  8  7  7  6  5  5  4  4  3  2   *
*   NX= 2  (21)  | 12 12 11 11 10  9  9  8  7  7  6  6  5  4  4  3  3  2  1   *
*   NX= 3  (19)  | 11 11 10 10  9  8  8  7  6  6  5  5  4  3  3  2  2  1  0   *
*   NX= 4  (17)  | 10 10  9  9  8  7  7  6  5  5  4  4  3  2  2  1  1  0      *
*   NX= 5  (16)  |  9  9  8  8  7  6  6  5  4  4  3  3  2  1  1  0  0         *
*   NX= 6  (14)  |  8  8  7  7  6  5  5  4  3  3  2  2  1  0  0               *
*   NX= 7  (12)  |  7  7  6  6  5  4  4  3  2  2  1  1  0                     *
*   NX= 8  (11)  |  6  6  5  5  4  3  3  2  1  1  0  0                        *
*   NX= 9  ( 9)  |  5  5  4  4  3  2  2  1  0  0                              *
*   NX=10  ( 7)  |  4  4  3  3  2  1  1  0                                    *
*   NX=11  ( 6)  |  3  3  2  2  1  0  0                                       *
*   NX=12  ( 4)  |  2  2  1  1  0                                             *
*   NX=13  ( 3)  |  1  1  0  0                                                *
*   NX=14  ( 1)  |  0  0                                                      *
*                                                                             *
*******************************************************************************

*******************************************************************************
*                                                                             *
* NUCLIDE: N =  98  Z =  78  NUMBER OF ITERATIONS = 1000   CONTINUATION? = 1  *
*                                                                             *
*******************************************************************************
*                                                                             *
* ITERATIONS WILL STOP WHEN THE STABILITY BECOMES LOWER THAN EPSITE=0.300000  *
*                                            FOR    5 CONSECUTIVE ITERATIONS  *
*                                                                             *
*******************************************************************************
*                                                                             *
* ITERATIONS WILL STOP WHEN THE PING-PONG DIVERGENCE OCCURS FOR EPSPNG=0.010  *
*                                DURING    5 PAIRS OF CONSECUTIVE ITERATIONS  *
*                                                                             *
*******************************************************************************
*                                                                             *
* ITERATIONS WILL STOP FOR CHAOTIC-DIVERGENCE CONDITION OCCURING   20  TIMES  *
*                                                                             *
*******************************************************************************
*                                                                             *
* SLOW-DOWN PARAMETERS:                                                       *
* TIME-EVEN = 0.85   TIME-ODD = 0.85   PAIRING = 0.85   LIPKIN-NOGAMI = 0.85  *
*                    LIP-MASS = 0.50   LIP-MOI = 0.50   LIPKIN-METHOD = 0.50  *
*                                                                             *
*******************************************************************************
*                                                                             *
* BROYDEN METHOD IS:  ON                                                      *
*                                                                             *
*    TRIGGERED ONLY WHEN STABILITY IS LOWER THAN :  1000.000 MEV              *
*    INITIAL SLOWING FACTOR (BEFORE TRIGGER)     :     0.85 (=SLOWEV)         *
*    BROYDEN SLOWING FACTOR (AFTER  TRIGGER)     :     0.40 (=1-ALPHAM)       *
*    NUMBER OF ITERATIONS RETAINED IN MEMORY     :    10                      *
*                                                                             *
*******************************************************************************
*                                                                             *
* DIRECT COULOMB TERMS SOLVED BY GREEN FUNCTION AND FOURIER TRANSFORM METHOD  *
* COULOMB PARAMETERS:  NUMCOU = 80  NUMETA = 79  BOUCOU = 20.0  FURMAX =0.25  *
*                                                                             *
*******************************************************************************
*                                                                             *
* EXCHANGE COULOMB TERMS TREATED BY THE SLATER APPROXIMATION                  *
*                                                                             *
*******************************************************************************
*                                                                             *
* MAXIMUM NUMBERS OF MULTIPOLE MOMENTS USED FOR THE CONSTRAINTS,    NMUCON=4  *
*                                           FOR THE COULOMB FIELD,  NMUCOU=4  *
*                                           FOR THE OUTPUT INFO,    NMUPRI=4  *
*                                                                             *
*******************************************************************************
*                                                                             *
* MULTIPOLE CONSTRAINTS: LAMBDA= 2  MIU= 0  MOMENT=129.000  STIFFNESS= 0.500  *
*                        LAMBDA= 3  MIU= 0  MOMENT= 22.000  STIFFNESS= 0.500  *
*                                                                             *
*******************************************************************************
*                                                                             *
* LINEAR MULTIPOLE CONSTRAINTS: LAMBDA= 2  MIU= 0  LAGRANGE PAR. USED= 0.000  *
*                               LAMBDA= 3  MIU= 0  LAGRANGE PAR. USED= 0.000  *
*                                                                             *
*******************************************************************************
*                                                                             *
* THE LAGRANGE PARAMETERS OF THE LINEAR CONSTRAINTS ARE RE-ADJUSTED AT EACH   *
* ITERATION BY USING THE CRANKING APPROXIMATION OF THE RPA MATRIX             *
*                                                                             *
*******************************************************************************
*                                                                             *
* PRINTING THE RESULTS FOR THE FOLLOWING ITERATIONS:         THE  FIRST: YES  *
*                                                            THE MIDDLE:  NO  *
*                                                     AND/OR THE   LAST: YES  *
*                                                                             *
*******************************************************************************
*                                                                             *
* PRINTING THE MOMENTS, RADII, AND DEFORMATIONS FOR:           NEUTRONS: YES  *
*                                                              PROTONS : YES  *
*                                                              MASS    : YES  *
*                                                                             *
*******************************************************************************
*                                                                             *
* PRINTING THE MOMENTS, MOMENTA AND DEFORMATIONS IN THE INTRINSIC FRAME: YES  *
*                                                                             *
*******************************************************************************
*                                                                             *
* NILSSON LABELS OF SINGLE-PARTICLE STATES SHOWN WITH RESPECT TO THE: Z-AXIS  *
*                                                                             *
*******************************************************************************
*                                                                             *
* CALCULATIONS WITH THE HFB PAIRING CORRELATIONS                              *
*                                                                             *
*******************************************************************************
*                                                                             *
* CONTACT PAIRING INTERACTION:     V0        V1       RHO-SAT      POWER      *
*                    NEUTRONS:  -234.380   732.438     0.320     1.0000000    *
*                     PROTONS:  -260.437   813.866     0.320     1.0000000    *
*                                                                             *
*******************************************************************************
*                                                                             *
* CUTOFF ENERGY DEFINING THE ACTIVE HFB PAIRING SPACE=      60.000            *
*                                                                             *
*******************************************************************************
*                                                                             *
* CALCULATIONS WITH SIMPLEX SYMMETRY                                          *
*                                                                             *
*******************************************************************************
*                                                                             *
* CALCULATIONS WITH TIME-ODD SYMMETRIES:        T*SIMPLEX_X =>     CONSERVED  *
*                                               T*SIMPLEX_Y =>     CONSERVED  *
*                                               T*SIMPLEX_Z => NON CONSERVED  *
*                                                                             *
*******************************************************************************
*                                                                             *
* CALCULATIONS WITHOUT ROTATION                                               *
*                                                                             *
*******************************************************************************

*******************************************************************************
*                                                                             *
*  CALLING SUBROUTINE "RECORD" TO READ THE REPLAY FILE OBTAINED PREVIOUSLY    *
*  ./restart/HFODD_00000042.REC                                               *
*                                                                             *
*******************************************************************************

*******************************************************************************
*                                                                             *
*  SINGLE-QUASIPARTICLE PROPERTIES:                                NEUTRONS   *
*                                                                             *
*******************************************************************************
*                                                                             *
*  NO)   ENERGY   (S=+,S=-)       PARITY   V2QUAP   EEQUIV   DEQUIV   V_CORR  *
*                                                                             *
*  51)    9.528   (  0, 26)       -0.423  0.99658  -18.585    1.113  0.99979  *
*  52)    9.528   ( 26,  0)       -0.423  0.99658  -18.585    1.113  0.99979  *
*  55)    9.359   ( 28,  0)        0.649  0.98489  -18.199    2.283  0.99905  *
*  56)    9.359   (  0, 28)        0.649  0.98489  -18.199    2.283  0.99905  *
*  57)    8.580   (  0, 29)        0.384  0.99811  -17.671    0.744  0.99987  *
*  58)    8.580   ( 29,  0)        0.384  0.99811  -17.671    0.744  0.99987  *
*  59)    7.404   (  0, 30)       -0.635  0.99710  -16.484    0.796  0.99976  *
*  60)    7.404   ( 30,  0)       -0.635  0.99710  -16.484    0.796  0.99976  *
*  61)    6.379   ( 31,  0)       -0.096  0.99816  -15.478    0.546  0.99982  *
*  62)    6.379   (  0, 31)       -0.096  0.99816  -15.478    0.546  0.99982  *
*  63)    6.429   ( 32,  0)        0.330  0.99280  -15.459    1.087  0.99931  *
*  64)    6.429   (  0, 32)        0.330  0.99280  -15.459    1.087  0.99931  *
*  65)    5.908   ( 33,  0)        0.266  0.99109  -14.925    1.111  0.99906  *
*  66)    5.908   (  0, 33)        0.266  0.99109  -14.925    1.111  0.99906  *
*  67)    5.488   ( 34,  0)       -0.140  0.99760  -14.584    0.537  0.99973  *
*  68)    5.488   (  0, 34)       -0.140  0.99760  -14.584    0.537  0.99973  *
*  69)    5.368   ( 35,  0)       -0.417  0.99703  -14.459    0.584  0.99965  *
*  70)    5.368   (  0, 35)       -0.417  0.99703  -14.459    0.584  0.99965  *
*  71)    5.093   ( 36,  0)       -0.403  0.99717  -14.186    0.541  0.99965  *
*  72)    5.093   (  0, 36)       -0.403  0.99717  -14.186    0.541  0.99965  *
*  75)    8.024   ( 38,  0)        0.073  0.80339  -13.992    6.378  0.98589  *
*  76)    8.024   (  0, 38)        0.073  0.80339  -13.992    6.378  0.98589  *
*  77)    6.724   (  0, 39)       -0.151  0.85895  -13.950    4.681  0.98761  *
*  78)    6.724   ( 39,  0)       -0.151  0.85895  -13.950    4.681  0.98761  *
*  79)    4.681   (  0, 40)       -0.827  0.97558  -13.575    1.445  0.99665  *
*  80)    4.681   ( 40,  0)       -0.827  0.97558  -13.575    1.445  0.99665  *
*  81)    3.310   ( 41,  0)        0.664  0.95918  -12.162    1.310  0.99151  *
*  82)    3.310   (  0, 41)        0.664  0.95918  -12.162    1.310  0.99151  *
*  83)    2.791   (  0, 42)       -0.039  0.99183  -11.868    0.502  0.99783  *
*  84)    2.791   ( 42,  0)       -0.039  0.99183  -11.868    0.502  0.99783  *
*  85)    2.679   (  0, 43)        0.599  0.99100  -11.753    0.506  0.99747  *
*  86)    2.679   ( 43,  0)        0.599  0.99100  -11.753    0.506  0.99747  *
*  87)    2.620   (  0, 44)       -0.740  0.99091  -11.695    0.497  0.99737  *
*  88)    2.620   ( 44,  0)       -0.740  0.99091  -11.695    0.497  0.99737  *
*  89)    2.467   ( 45,  0)        0.036  0.99221  -11.551    0.434  0.99754  *
*  90)    2.467   (  0, 45)        0.036  0.99221  -11.551    0.434  0.99754  *
*  91)    1.239   (  0, 46)        0.304  0.95657  -10.254    0.505  0.95957  *
*  92)    1.239   ( 46,  0)        0.304  0.95657  -10.254    0.505  0.95957  *
*  93)    1.084   ( 47,  0)       -0.539  0.93737  -10.071    0.525  0.92830  *
*  94)    1.084   (  0, 47)       -0.539  0.93737  -10.071    0.525  0.92830  *
*  95)    1.393   (  0, 48)       -0.035  0.83419  -10.053    1.036  0.90106  *
*  96)    1.393   ( 48,  0)       -0.035  0.83419  -10.053    1.036  0.90106  *
*  97)    0.632   ( 49,  0)        0.164  0.79402   -9.494    0.511  0.65911  *
*  98)    0.632   (  0, 49)        0.164  0.79402   -9.494    0.511  0.65911  *
*  99)    0.544   ( 50,  0)        0.436  0.69488   -9.335    0.501  0.57203  *
* 100)    0.544   (  0, 50)        0.436  0.69488   -9.335    0.501  0.57203  *
* 101)    5.749   (  0, 51)        0.325  0.50094   -9.133    5.749  0.95236  *
* 102)    5.749   ( 51,  0)        0.325  0.50094   -9.133    5.749  0.95236  *
* 103)    5.777   ( 52,  0)        0.329  0.49872   -9.108    5.777  0.95240  *
* 104)    5.777   (  0, 52)        0.329  0.49872   -9.108    5.777  0.95240  *
* 105)    0.490   (  0, 53)       -0.173  0.39889   -9.024    0.480  0.50205  *
* 106)    0.490   ( 53,  0)       -0.173  0.39889   -9.024    0.480  0.50205  *
* 107)    0.554   (  0, 54)       -0.327  0.28900   -8.889    0.502  0.52906  *
* 108)    0.554   ( 54,  0)       -0.327  0.28900   -8.889    0.502  0.52906  *
* 109)    0.649   ( 55,  0)       -0.298  0.13425   -8.648    0.443  0.55823  *
* 110)    0.649   (  0, 55)       -0.298  0.13425   -8.648    0.443  0.55823  *
* 111)    1.413   ( 56,  0)       -0.013  0.16308   -8.170    1.044  0.74501  *
* 112)    1.413   (  0, 56)       -0.013  0.16308   -8.170    1.044  0.74501  *
* 113)    1.171   ( 57,  0)       -0.608  0.03797   -8.041    0.447  0.68954  *
* 114)    1.171   (  0, 57)       -0.608  0.03797   -8.041    0.447  0.68954  *
* 115)    1.622   ( 58,  0)        0.284  0.02093   -7.568    0.464  0.75341  *
* 116)    1.622   (  0, 58)        0.284  0.02093   -7.568    0.464  0.75341  *
* 117)    1.805   (  0, 59)        0.544  0.01452   -7.370    0.432  0.77205  *
* 118)    1.805   ( 59,  0)        0.544  0.01452   -7.370    0.432  0.77205  *
* 119)    2.273   (  0, 60)       -0.209  0.00845   -6.888    0.416  0.80955  *
* 120)    2.273   ( 60,  0)       -0.209  0.00845   -6.888    0.416  0.80955  *
* 121)    2.930   ( 61,  0)        0.034  0.00451   -6.219    0.393  0.84531  *
* 122)    2.930   (  0, 61)        0.034  0.00451   -6.219    0.393  0.84531  *
* 123)    3.027   (  0, 62)       -0.222  0.00719   -6.139    0.511  0.84980  *
* 124)    3.027   ( 62,  0)       -0.222  0.00719   -6.139    0.511  0.84980  *
* 125)    3.096   ( 63,  0)        0.014  0.00692   -6.070    0.513  0.85264  *
* 126)    3.096   (  0, 63)        0.014  0.00692   -6.070    0.513  0.85264  *
* 127)    3.338   (  0, 64)        0.593  0.03869   -6.043    1.287  0.86489  *
* 128)    3.338   ( 64,  0)        0.593  0.03869   -6.043    1.287  0.86489  *
* 129)    3.692   ( 65,  0)        0.002  0.00395   -5.460    0.463  0.87316  *
* 130)    3.692   (  0, 65)        0.002  0.00395   -5.460    0.463  0.87316  *
* 131)    3.725   (  0, 66)        0.432  0.00455   -5.432    0.501  0.87420  *
* 132)    3.725   ( 66,  0)        0.432  0.00455   -5.432    0.501  0.87420  *
* 133)    3.829   ( 67,  0)        0.151  0.00276   -5.315    0.402  0.87706  *
* 134)    3.829   (  0, 67)        0.151  0.00276   -5.315    0.402  0.87706  *
* 135)    3.882   ( 68,  0)        0.428  0.00417   -5.273    0.501  0.87864  *
* 136)    3.882   (  0, 68)        0.428  0.00417   -5.273    0.501  0.87864  *
* 137)    4.238   ( 69,  0)       -0.013  0.00250   -4.906    0.423  0.88756  *
* 138)    4.238   (  0, 69)       -0.013  0.00250   -4.906    0.423  0.88756  *
* 139)    4.729   ( 70,  0)       -0.810  0.01496   -4.535    1.148  0.89903  *
* 140)    4.729   (  0, 70)       -0.810  0.01496   -4.535    1.148  0.89903  *
* 141)    4.887   (  0, 71)       -0.675  0.01176   -4.350    1.054  0.90174  *
* 142)    4.887   ( 71,  0)       -0.675  0.01176   -4.350    1.054  0.90174  *
* 143)    6.777   ( 72,  0)       -0.183  0.14209   -4.272    4.732  0.93528  *
* 144)    6.777   (  0, 72)       -0.183  0.14209   -4.272    4.732  0.93528  *
* 145)    8.008   (  0, 73)        0.084  0.19656   -4.263    6.365  0.94786  *
* 146)    8.008   ( 73,  0)        0.084  0.19656   -4.263    6.365  0.94786  *
* 149)    5.814   ( 75,  0)       -0.115  0.00891   -3.413    1.093  0.91590  *
* 150)    5.814   (  0, 75)       -0.115  0.00891   -3.413    1.093  0.91590  *
* 151)    5.767   ( 76,  0)        0.735  0.00184   -3.377    0.495  0.91480  *
* 152)    5.767   (  0, 76)        0.735  0.00184   -3.377    0.495  0.91480  *
* 153)    6.281   ( 77,  0)        0.424  0.00719   -2.932    1.062  0.92157  *
* 154)    6.281   (  0, 77)        0.424  0.00719   -2.932    1.062  0.92157  *
* 155)    6.432   ( 78,  0)       -0.029  0.00097   -2.703    0.401  0.92288  *
* 156)    6.432   (  0, 78)       -0.029  0.00097   -2.703    0.401  0.92288  *
* 157)    6.828   ( 79,  0)        0.077  0.00159   -2.316    0.543  0.92706  *
* 158)    6.828   (  0, 79)        0.077  0.00159   -2.316    0.543  0.92706  *
* 159)    7.418   (  0, 80)        0.229  0.00094   -1.719    0.454  0.93243  *
* 160)    7.418   ( 80,  0)        0.229  0.00094   -1.719    0.454  0.93243  *
* 161)    7.695   ( 81,  0)        0.290  0.00072   -1.438    0.412  0.93470  *
* 162)    7.695   (  0, 81)        0.290  0.00072   -1.438    0.412  0.93470  *
* 163)    7.741   (  0, 82)       -0.176  0.00097   -1.396    0.481  0.93507  *
* 164)    7.741   ( 82,  0)       -0.176  0.00097   -1.396    0.481  0.93507  *
* 165)    8.838   ( 83,  0)        0.369  0.00179   -0.316    0.746  0.94271  *
* 166)    8.838   (  0, 83)        0.369  0.00179   -0.316    0.746  0.94271  *
* 167)    9.304   (  0, 84)        0.476  0.01381   -0.076    2.172  0.94599  *
* 168)    9.304   ( 84,  0)        0.476  0.01381   -0.076    2.172  0.94599  *
* 169)    9.385   (  0, 85)        0.331  0.00121    0.239    0.653  0.94584  *
* 170)    9.385   ( 85,  0)        0.331  0.00121    0.239    0.653  0.94584  *
* 171)    9.416   ( 86,  0)        0.153  0.00067    0.280    0.488  0.94598  *
* 172)    9.416   (  0, 86)        0.153  0.00067    0.280    0.488  0.94598  *
* 175)    9.762   ( 88,  0)        0.341  0.00174    0.605    0.814  0.94785  *
* 176)    9.762   (  0, 88)        0.341  0.00174    0.605    0.814  0.94785  *
* 179)    9.834   ( 90,  0)       -0.377  0.00265    0.659    1.011  0.94825  *
* 180)    9.834   (  0, 90)       -0.377  0.00265    0.659    1.011  0.94825  *
* 183)    9.974   (  0, 92)       -0.034  0.00241    0.803    0.979  0.94893  *
* 184)    9.974   ( 92,  0)       -0.034  0.00241    0.803    0.979  0.94893  *
*                                                                             *
*1782)   TOTAL=  ( 891, 891)                                                  *
*                                                                             *
*******************************************************************************

*******************************************************************************
*                                                                             *
*  SINGLE-PARTICLE PROPERTIES: CANONICAL                           NEUTRONS   *
*                                                                             *
*******************************************************************************
*                                                                             *
*  NO)   ENERGY   (S=+,S=-)   | N,nz,lz,OMEz>   <P>    <JY>    <SY>   GFACT   *
*                                                                             *
*  43)  -11.902   ( 43,---)   | 8, 6, 0, 1/2>    44  -0.826  -0.441   0.534   *
*  44)  -11.886   ( 44,---)   | 4, 1, 3, 7/2>    -9   0.000   0.000   0.086   *
*  45)  -11.702   ( 45,---)   | 9, 7, 2, 5/2>   -72  -0.000   0.000  -0.073   *
*  46)  -11.553   ( 46,---)   | 5, 1, 4, 9/2>     3  -0.000   0.000  -0.651   *
*  47)  -10.432   ( 47,---)   | 3, 0, 1, 3/2>     0  -0.000  -0.000   1.603   *
*  48)  -10.257   ( 48,---)   | 3, 0, 1, 3/2>    28  -0.000  -0.000   0.305   *
*  49)  -10.072   ( 49,---)   | 9, 9, 0, 1/2>   -53  -1.711  -0.383   0.224   *
*  50)   -9.494   ( 50,---)   | 8, 5, 3, 7/2>    15  -0.000  -0.000   0.162   *
*  51)   -9.352   ( 51,---)   | 3, 0, 1, 1/2>    31   0.026  -0.133  -5.117   *
*  52)   -9.006   ( 52,---)   | 3, 0, 1, 1/2>     8  -0.011  -0.067   6.211   *
*  53)   -8.885   ( 53,---)   | 3, 0, 3, 5/2>   -34   0.000   0.000   0.026   *
*  54)   -8.629   ( 54,---)   | 4, 1, 1, 3/2>   -37  -0.000  -0.000   0.154   *
*  55)   -8.010   ( 55,---)   | 9, 7, 0, 1/2>   -63  -0.674  -0.381   0.566   *
*  56)   -7.780   ( 56,---)   | 4, 1, 1, 3/2>   -43   0.000  -0.000  -0.178   *
*  57)   -7.510   ( 57,---)   |10, 8, 2, 5/2>    61  -0.000   0.000  -0.010   *
*  58)   -7.323   ( 58,---)   | 5, 1, 2, 5/2>     9   0.000   0.000   5.163   *
*  59)   -6.739   ( 59,---)   | 4, 1, 1, 1/2>   -12   0.231  -0.081  -0.351   *
*  60)   -6.045   ( 60,---)   | 9, 6, 3, 7/2>   -34   0.000   0.000   0.103   *
*  61)   -5.873   ( 61,---)   | 7, 5, 2, 3/2>   -70  -0.000  -0.000   0.072   *
*  62)   -5.767   ( 62,---)   | 6, 2, 0, 1/2>     4  -0.387  -0.452   1.168   *
*  63)   -5.610   ( 63,---)   | 8, 5, 1, 3/2>    14  -0.000  -0.000   0.775   *
*  64)   -5.267   ( 64,---)   | 4, 1, 3, 5/2>    -3  -0.000  -0.000   0.185   *
*  65)   -5.238   ( 65,---)   | 4, 0, 4, 9/2>    42   0.000   0.000   1.560   *
*  66)   -5.216   ( 66,---)   |10,10, 0, 1/2>    46  -1.516  -0.326   0.215   *
*  67)   -5.017   ( 67,---)   | 5, 1, 2, 3/2>    12  -0.000  -0.000   3.451   *
*  68)   -4.692   ( 68,---)   | 5, 1, 4, 7/2>     2  -0.000  -0.000   1.210   *
*  69)   -4.150   ( 69,---)   | 9, 8, 1, 1/2>   -65   0.102  -0.173  -1.685   *
*  70)   -4.011   ( 70,---)   | 8, 5, 1, 1/2>    26  -0.137  -0.136   0.996   *
*  71)   -3.125   ( 71,---)   |10, 8, 2, 3/2>    72   0.000  -0.000  -0.044   *
*  72)   -3.055   ( 72,---)   | 5, 2, 3, 5/2>   -35  -0.000   0.000  -0.068   *
*  73)   -2.894   ( 73,---)   | 8, 6, 0, 1/2>    58  -0.429  -0.381   0.889   *
*  74)   -2.558   ( 74,---)   | 9, 7, 2, 5/2>   -29   0.000   0.000   0.223   *
*  75)   -2.246   ( 75,---)   | 6, 1, 5,11/2>    -4   0.000   0.000   0.000   *
*  76)   -1.976   ( 76,---)   |10, 7, 3, 7/2>    50   0.000   0.000   0.049   *
*  77)   -1.487   ( 77,---)   | 9, 6, 1, 3/2>     6  -0.000  -0.000   0.419   *
*  78)   -0.971   ( 78,---)   | 5, 1, 4, 9/2>     9  -0.000  -0.000   0.489   *
*  79)   -0.775   ( 79,---)   |10, 9, 1, 3/2>    26  -0.000  -0.000   0.536   *
*  80)   -0.105   ( 80,---)   | 4, 0, 2, 5/2>    42  -0.000  -0.000   6.494   *
*  81)   -0.051   ( 81,---)   | 9, 8, 1, 1/2>   -52  -1.292  -0.257   0.199   *
*                                                                             *
*******************************************************************************

*******************************************************************************
*                                                                             *
*  HFB PAIRING PROPERTIES                                           NEUTRONS  *
*                                                                             *
*  STRENGTH= 0.0769   GAP=-0.4947   FERMI ENERGY= -9.6606   ENERGY=  -3.1813  *
*                                                                             *
*******************************************************************************

*******************************************************************************
*                                                                             *
*  MULTIPOLE MOMENTS [UNITS:  (10 FERMI)^LAMBDA]                    NEUTRONS  *
*                                                                             *
*******************************************************************************
*                                                                             *
*  Q00 = 98.0000  .............  .............  .............  .............  *
*                                                                             *
*  Q10 = -4.8765  Q11 =    ZERO  .............  .............  .............  *
*                                                                             *
*  Q20 = 65.2312  Q21 =    ZERO  Q22 = 8.9E-07  .............  .............  *
*                                                                             *
*  Q30 =  2.1902  Q31 =    ZERO  Q32 =-1.4E-07  Q33 =    ZERO  .............  *
*                                                                             *
*  Q40 = 14.3645  Q41 =    ZERO  Q42 = 2.1E-07  Q43 =    ZERO  Q44 =-5.0E-08  *
*                                                                             *
*******************************************************************************

*******************************************************************************
*                                                                             *
*  ROOT-MEAN-SQUARE AND GEOMETRIC SIZES IN FERMIS                   NEUTRONS  *
*                                                                             *
*  R_RMS =  7.0090     X_RMS =  2.2982    Y_RMS =  2.2982    Z_RMS =  6.2099  *
*                                                                             *
*  R_GEO =  9.0486     X_GEO =  5.1389    Y_GEO =  5.1389    Z_GEO = 13.8858  *
*                                                                             *
*******************************************************************************

*******************************************************************************
*                                                                             *
*  BOHR DEFORMATIONS (FIRST-ORDER APPROXIMATION)                    NEUTRONS  *
*                                                                             *
*******************************************************************************
*                                                                             *
*  B10 = -0.1126  B11 =    ZERO  .............  .............  .............  *
*                                                                             *
*  B20 =  1.0740  B21 =    ZERO  B22 = 1.5E-08  .............  .............  *
*                                                                             *
*  B30 =  0.1264  B31 =    ZERO  B32 =-1.2E-08  B33 =    ZERO  .............  *
*                                                                             *
*  B40 =  0.9159  B41 =    ZERO  B42 = 1.9E-08  B43 =    ZERO  B44 =-4.5E-09  *
*                                                                             *
*******************************************************************************
*                                                                             *
*  BOHR DENSITY = 0.0316 FM^(-3)  BOHR RADIUS =   9.0486 FM                   *
*                                                                             *
*******************************************************************************

*******************************************************************************
*                                                                             *
*  SINGLE-QUASIPARTICLE PROPERTIES:                                 PROTONS   *
*                                                                             *
*******************************************************************************
*                                                                             *
*  NO)   ENERGY   (S=+,S=-)       PARITY   V2QUAP   EEQUIV   DEQUIV   V_CORR  *
*                                                                             *
*  39)    9.267   (  0, 20)        0.223  0.99899  -12.508    0.588  0.99996  *
*  40)    9.267   ( 20,  0)        0.223  0.99899  -12.508    0.588  0.99996  *
*  41)    8.836   ( 21,  0)       -0.874  0.99877  -12.074    0.618  0.99995  *
*  42)    8.836   (  0, 21)       -0.874  0.99877  -12.074    0.618  0.99995  *
*  43)    8.152   (  0, 22)        0.362  0.99857  -11.389    0.617  0.99994  *
*  44)    8.152   ( 22,  0)        0.362  0.99857  -11.389    0.617  0.99994  *
*  45)    7.037   (  0, 23)        0.845  0.99794  -10.268    0.638  0.99990  *
*  46)    7.037   ( 23,  0)        0.845  0.99794  -10.268    0.638  0.99990  *
*  47)    6.228   ( 24,  0)       -0.419  0.99787   -9.461    0.575  0.99988  *
*  48)    6.228   (  0, 24)       -0.419  0.99787   -9.461    0.575  0.99988  *
*  49)    6.037   ( 25,  0)       -0.048  0.99758   -9.268    0.594  0.99985  *
*  50)    6.037   (  0, 25)       -0.048  0.99758   -9.268    0.594  0.99985  *
*  51)    5.723   ( 26,  0)        0.321  0.99735   -8.952    0.588  0.99983  *
*  52)    5.723   (  0, 26)        0.321  0.99735   -8.952    0.588  0.99983  *
*  53)    5.436   (  0, 27)        0.019  0.99732   -8.666    0.562  0.99982  *
*  54)    5.436   ( 27,  0)        0.019  0.99732   -8.666    0.562  0.99982  *
*  55)    5.080   (  0, 28)       -0.520  0.99462   -8.285    0.743  0.99961  *
*  56)    5.080   ( 28,  0)       -0.520  0.99462   -8.285    0.743  0.99961  *
*  57)    4.985   ( 29,  0)        0.753  0.99670   -8.212    0.571  0.99976  *
*  58)    4.985   (  0, 29)        0.753  0.99670   -8.212    0.571  0.99976  *
*  59)    4.261   ( 30,  0)        0.468  0.99485   -7.476    0.610  0.99955  *
*  60)    4.261   (  0, 30)        0.468  0.99485   -7.476    0.610  0.99955  *
*  61)    4.143   ( 31,  0)        0.219  0.98969   -7.317    0.837  0.99906  *
*  62)    4.143   (  0, 31)        0.219  0.98969   -7.317    0.837  0.99906  *
*  63)    2.988   ( 32,  0)       -0.710  0.99149   -6.197    0.549  0.99887  *
*  64)    2.988   (  0, 32)       -0.710  0.99149   -6.197    0.549  0.99887  *
*  65)    2.091   (  0, 33)        0.492  0.93826   -5.092    1.006  0.98762  *
*  66)    2.091   ( 33,  0)        0.492  0.93826   -5.092    1.006  0.98762  *
*  67)    1.695   ( 34,  0)       -0.135  0.95026   -4.786    0.737  0.98684  *
*  68)    1.695   (  0, 34)       -0.135  0.95026   -4.786    0.737  0.98684  *
*  69)    1.522   ( 35,  0)       -0.066  0.96464   -4.674    0.562  0.98905  *
*  70)    1.522   (  0, 35)       -0.066  0.96464   -4.674    0.562  0.98905  *
*  71)    1.502   ( 36,  0)        0.214  0.96123   -4.645    0.580  0.98781  *
*  72)    1.502   (  0, 36)        0.214  0.96123   -4.645    0.580  0.98781  *
*  73)    1.143   (  0, 37)        0.154  0.94109   -4.268    0.538  0.97302  *
*  74)    1.143   ( 37,  0)        0.154  0.94109   -4.268    0.538  0.97302  *
*  75)    0.909   (  0, 38)       -0.482  0.90616   -3.998    0.530  0.94184  *
*  76)    0.909   ( 38,  0)       -0.482  0.90616   -3.998    0.530  0.94184  *
*  77)    0.686   (  0, 39)       -0.243  0.80427   -3.677    0.545  0.84687  *
*  78)    0.686   ( 39,  0)       -0.243  0.80427   -3.677    0.545  0.84687  *
*  79)    0.658   ( 40,  0)       -0.368  0.75520   -3.595    0.566  0.81569  *
*  80)    0.658   (  0, 40)       -0.368  0.75520   -3.595    0.566  0.81569  *
*  81)    0.571   (  0, 41)       -0.656  0.66363   -3.446    0.539  0.74587  *
*  82)    0.571   ( 41,  0)       -0.656  0.66363   -3.446    0.539  0.74587  *
*  83)    1.199   (  0, 42)        0.732  0.04977   -2.180    0.521  0.78850  *
*  84)    1.199   ( 42,  0)        0.732  0.04977   -2.180    0.521  0.78850  *
*  85)    1.659   (  0, 43)       -0.183  0.01840   -1.662    0.446  0.83480  *
*  86)    1.659   ( 43,  0)       -0.183  0.01840   -1.662    0.446  0.83480  *
*  87)    1.942   ( 44,  0)        0.194  0.06571   -1.573    0.962  0.86021  *
*  88)    1.942   (  0, 44)        0.194  0.06571   -1.573    0.962  0.86021  *
*  89)    1.908   (  0, 45)        0.267  0.04313   -1.516    0.775  0.85574  *
*  90)    1.908   ( 45,  0)        0.267  0.04313   -1.516    0.775  0.85574  *
*  91)    2.598   (  0, 46)        0.025  0.01217   -0.725    0.570  0.88743  *
*  92)    2.598   ( 46,  0)        0.025  0.01217   -0.725    0.570  0.88743  *
*  93)    3.178   ( 47,  0)        0.576  0.00707   -0.126    0.532  0.90570  *
*  94)    3.178   (  0, 47)        0.576  0.00707   -0.126    0.532  0.90570  *
*  95)    3.787   ( 48,  0)       -0.259  0.00521    0.487    0.545  0.91953  *
*  96)    3.787   (  0, 48)       -0.259  0.00521    0.487    0.545  0.91953  *
*  97)    4.208   (  0, 49)       -0.007  0.01016    0.863    0.844  0.92730  *
*  98)    4.208   ( 49,  0)       -0.007  0.01016    0.863    0.844  0.92730  *
*  99)    4.420   (  0, 50)        0.539  0.00555    1.112    0.657  0.93028  *
* 100)    4.420   ( 50,  0)        0.539  0.00555    1.112    0.657  0.93028  *
* 101)    4.461   ( 51,  0)        0.189  0.00341    1.171    0.520  0.93075  *
* 102)    4.461   (  0, 51)        0.189  0.00341    1.171    0.520  0.93075  *
* 103)    5.020   ( 52,  0)       -0.417  0.00533    1.707    0.731  0.93809  *
* 104)    5.020   (  0, 52)       -0.417  0.00533    1.707    0.731  0.93809  *
* 105)    5.351   ( 53,  0)       -0.287  0.00253    2.064    0.537  0.94156  *
* 106)    5.351   (  0, 53)       -0.287  0.00253    2.064    0.537  0.94156  *
* 107)    5.424   (  0, 54)       -0.441  0.00242    2.138    0.533  0.94229  *
* 108)    5.424   ( 54,  0)       -0.441  0.00242    2.138    0.533  0.94229  *
* 109)    6.077   (  0, 55)       -0.561  0.00185    2.795    0.522  0.94815  *
* 110)    6.077   ( 55,  0)       -0.561  0.00185    2.795    0.522  0.94815  *
* 111)    6.249   (  0, 56)        0.641  0.00200    2.964    0.559  0.94950  *
* 112)    6.249   ( 56,  0)        0.641  0.00200    2.964    0.559  0.94950  *
* 113)    6.274   (  0, 57)        0.036  0.00128    2.998    0.449  0.94967  *
* 114)    6.274   ( 57,  0)        0.036  0.00128    2.998    0.449  0.94967  *
* 115)    7.375   (  0, 58)       -0.144  0.00063    4.106    0.371  0.95683  *
* 116)    7.375   ( 58,  0)       -0.144  0.00063    4.106    0.371  0.95683  *
* 117)    7.678   (  0, 59)       -0.411  0.00103    4.403    0.493  0.95848  *
* 118)    7.678   ( 59,  0)       -0.411  0.00103    4.403    0.493  0.95848  *
* 119)    7.693   (  0, 60)       -0.548  0.00138    4.412    0.572  0.95857  *
* 120)    7.693   ( 60,  0)       -0.548  0.00138    4.412    0.572  0.95857  *
* 121)    7.777   (  0, 61)        0.083  0.00109    4.500    0.513  0.95899  *
* 122)    7.777   ( 61,  0)        0.083  0.00109    4.500    0.513  0.95899  *
* 123)    7.928   (  0, 62)        0.034  0.00107    4.651    0.519  0.95974  *
* 124)    7.928   ( 62,  0)        0.034  0.00107    4.651    0.519  0.95974  *
* 125)    8.682   (  0, 63)        0.334  0.00111    5.403    0.579  0.96311  *
* 126)    8.682   ( 63,  0)        0.334  0.00111    5.403    0.579  0.96311  *
* 127)    8.843   (  0, 64)        0.304  0.00072    5.571    0.474  0.96374  *
* 128)    8.843   ( 64,  0)        0.304  0.00072    5.571    0.474  0.96374  *
* 129)    8.870   (  0, 65)       -0.014  0.00098    5.593    0.556  0.96386  *
* 130)    8.870   ( 65,  0)       -0.014  0.00098    5.593    0.556  0.96386  *
* 131)    9.031   ( 66,  0)        0.258  0.00094    5.754    0.554  0.96448  *
* 132)    9.031   (  0, 66)        0.258  0.00094    5.754    0.554  0.96448  *
* 133)    9.479   (  0, 67)        0.057  0.00137    6.193    0.702  0.96611  *
* 134)    9.479   ( 67,  0)        0.057  0.00137    6.193    0.702  0.96611  *
* 135)    9.510   ( 68,  0)       -0.428  0.00099    6.231    0.599  0.96621  *
* 136)    9.510   (  0, 68)       -0.428  0.00099    6.231    0.599  0.96621  *
* 137)    9.636   (  0, 69)        0.090  0.00066    6.363    0.496  0.96662  *
* 138)    9.636   ( 69,  0)        0.090  0.00066    6.363    0.496  0.96662  *
*                                                                             *
*1416)   TOTAL=  ( 708, 708)                                                  *
*                                                                             *
*******************************************************************************

*******************************************************************************
*                                                                             *
*  SINGLE-PARTICLE PROPERTIES: CANONICAL                            PROTONS   *
*                                                                             *
*******************************************************************************
*                                                                             *
*  NO)   ENERGY   (S=+,S=-)   | N,nz,lz,OMEz>   <P>    <JY>    <SY>   GFACT   *
*                                                                             *
*  22)  -11.766   ( 22,---)   | 2, 0, 2, 5/2>    73  -0.000   0.000  -1.522   *
*  23)  -10.323   ( 23,---)   | 4, 3, 1, 3/2>    84  -0.000  -0.000   0.361   *
*  24)   -9.373   ( 24,---)   | 2, 0, 0, 1/2>   -23  -0.476  -0.445   0.934   *
*  25)   -9.269   ( 25,---)   | 4, 1, 3, 7/2>    -4  -0.000  -0.000   0.012   *
*  26)   -8.936   ( 26,---)   | 2, 0, 2, 3/2>    20  -0.000   0.000  -0.449   *
*  27)   -8.741   ( 27,---)   | 9, 9, 0, 1/2>   -27  -1.102  -0.450   0.408   *
*  28)   -8.329   ( 28,---)   | 7, 5, 2, 5/2>   -59  -0.000  -0.000   0.831   *
*  29)   -8.299   ( 29,---)   | 8, 7, 1, 1/2>    73  -0.285  -0.257   0.901   *
*  30)   -7.599   ( 30,---)   | 4, 2, 0, 1/2>    64  -0.156  -0.316   2.024   *
*  31)   -7.406   ( 31,---)   | 3, 1, 2, 3/2>    31  -0.000   0.000  -0.438   *
*  32)   -6.210   ( 32,---)   | 5, 4, 1, 3/2>   -70   0.000   0.000   0.116   *
*  33)   -5.186   ( 33,---)   | 8, 6, 2, 5/2>    74  -0.000  -0.000   0.310   *
*  34)   -4.886   ( 34,---)   | 7, 5, 0, 1/2>   -17  -0.935  -0.414   0.443   *
*  35)   -4.743   ( 35,---)   | 4, 1, 3, 5/2>    -3  -0.000   0.000  -0.077   *
*  36)   -4.676   ( 36,---)   | 4, 1, 1, 3/2>    -6   0.000  -0.000  -0.222   *
*  37)   -4.270   ( 37,---)   |10,10, 0, 1/2>    17  -1.224  -0.388   0.317   *
*  38)   -4.000   ( 38,---)   | 7, 5, 2, 3/2>   -48  -0.000   0.000  -2.176   *
*  39)   -3.680   ( 39,---)   | 4, 1, 1, 1/2>   -27   0.164  -0.120  -0.736   *
*  40)   -3.598   ( 40,---)   | 3, 0, 3, 7/2>   -37   0.000   0.000   0.026   *
*  41)   -3.444   ( 41,---)   | 9, 8, 1, 1/2>   -60   0.096  -0.080  -0.832   *
*  42)   -2.164   ( 42,---)   | 8, 6, 2, 3/2>    70   0.000   0.000   0.170   *
*  43)   -1.604   ( 43,---)   | 4, 1, 3, 7/2>    -7   0.000   0.000   0.153   *
*  44)   -1.359   ( 44,---)   | 8, 6, 0, 1/2>    60  -0.716  -0.453   0.633   *
*  45)   -1.347   ( 45,---)   | 9, 7, 2, 5/2>   -76  -0.000  -0.000   1.189   *
*  46)   -0.679   ( 46,---)   | 6, 2, 4, 9/2>     2  -0.000  -0.000   0.458   *
*  47)   -0.041   ( 47,---)   | 4, 2, 2, 3/2>    69  -0.000   0.000  -0.115   *
*                                                                             *
*******************************************************************************

*******************************************************************************
*                                                                             *
*  HFB PAIRING PROPERTIES                                            PROTONS  *
*                                                                             *
*  STRENGTH= 0.0829   GAP= 0.5321   FERMI ENERGY= -3.5926   ENERGY=  -3.4151  *
*                                                                             *
*******************************************************************************

*******************************************************************************
*                                                                             *
*  MULTIPOLE MOMENTS [UNITS:  (10 FERMI)^LAMBDA]                     PROTONS  *
*                                                                             *
*******************************************************************************
*                                                                             *
*  Q00 = 78.0000  .............  .............  .............  .............  *
*                                                                             *
*  Q10 = -3.4747  Q11 =    ZERO  .............  .............  .............  *
*                                                                             *
*  Q20 = 53.5217  Q21 =    ZERO  Q22 = 7.3E-07  .............  .............  *
*                                                                             *
*  Q30 =  2.0211  Q31 =    ZERO  Q32 =-1.3E-07  Q33 =    ZERO  .............  *
*                                                                             *
*  Q40 = 11.9619  Q41 =    ZERO  Q42 = 1.8E-07  Q43 =    ZERO  Q44 = 4.1E-08  *
*                                                                             *
*******************************************************************************

*******************************************************************************
*                                                                             *
*  ROOT-MEAN-SQUARE AND GEOMETRIC SIZES IN FERMIS                    PROTONS  *
*                                                                             *
*  R_RMS =  7.0329     X_RMS =  2.2474    Y_RMS =  2.2474    Z_RMS =  6.2737  *
*                                                                             *
*  R_GEO =  9.0794     X_GEO =  5.0254    Y_GEO =  5.0254    Z_GEO = 14.0285  *
*                                                                             *
*******************************************************************************

*******************************************************************************
*                                                                             *
*  BOHR DEFORMATIONS (FIRST-ORDER APPROXIMATION)                     PROTONS  *
*                                                                             *
*******************************************************************************
*                                                                             *
*  B10 = -0.1004  B11 =    ZERO  .............  .............  .............  *
*                                                                             *
*  B20 =  1.0997  B21 =    ZERO  B22 = 1.5E-08  .............  .............  *
*                                                                             *
*  B30 =  0.1450  B31 =    ZERO  B32 =-1.3E-08  B33 =    ZERO  .............  *
*                                                                             *
*  B40 =  0.9453  B41 =    ZERO  B42 = 2.0E-08  B43 =    ZERO  B44 = 4.6E-09  *
*                                                                             *
*******************************************************************************
*                                                                             *
*  BOHR DENSITY = 0.0249 FM^(-3)  BOHR RADIUS =   9.0794 FM                   *
*                                                                             *
*******************************************************************************

*******************************************************************************
*                                                                             *
*                  DENSITY INTEGRALS IN THE SKYRME FUNCTIONAL                 *
*                                                                             *
*******************************************************************************
*                                                                             *
*                   TOTAL(T)        SUM(S)      ISOSCALAR(P)  ISOVECTOR(M)    *
*                   --------        ------      ------------  ------------    *
*    DRHO_ =       19.744079      9.979601         19.744079      0.215123    *
*    DRHOD =        9.059425      4.577638          9.059425      0.095851    *
*    DLPR_ =       -4.614828     -2.325818         -4.614828     -0.036809    *
*    DTAU_ =       17.038222      8.674902         17.038222      0.311582    *
*    DSCU_ =        0.137677      0.079343          0.137677      0.021009    *
*    DDIV_ =        0.964200      0.495152          0.964200      0.026105    *
*                                                                             *
*    DSPI_ =        0.000000      0.000000          0.000000      0.000000    *
*    DSPID =        0.000000      0.000000          0.000000      0.000000    *
*    DLPS_ =        0.000000      0.000000          0.000000      0.000000    *
*    DCUR_ =        0.000000      0.000000          0.000000      0.000000    *
*    DKIS_ =        0.000000      0.000000          0.000000      0.000000    *
*    DROT_ =        0.000000      0.000000          0.000000      0.000000    *
*                                                                             *
*******************************************************************************

*******************************************************************************
*                                                                             *
*               CONTRIBUTIONS TO ENERGY IN THE SKYRME FUNCTIONAL              *
*                                                                             *
*******************************************************************************
*                                                                             *
*                 TOTAL(T)        SUM(S)        ISOSCALAR(P)  ISOVECTOR(M)    *
*                 --------        ------        ------------  ------------    *
*    ERHO_ =   -17652.392647   5372.174715     -12338.120049     57.902116    *
*    ERHOD =     9133.835741  -2322.528228       6835.623182    -24.315670    *
*    ELPR_ =     -453.800532    669.533652        210.435056      5.298063    *
*    ETAU_ =      564.920334   -418.750814        153.689778     -7.520259    *
*    ESCU_ =        0.000000      0.000000          0.000000      0.000000    *
*    EDIV_ =      -21.245028    -51.409254        -71.299104     -1.355178    *
*               ============  ============      ============  ============    *
*    SUM EVEN:  -8428.682133   3249.020070      -5209.671136     30.009073    *
*                                                                             *
*    ESPI_ =        0.000000      0.000000          0.000000      0.000000    *
*    ESPID =        0.000000      0.000000          0.000000      0.000000    *
*    ELPS_ =        0.000000      0.000000          0.000000      0.000000    *
*    ECUR_ =        0.000000      0.000000          0.000000      0.000000    *
*    EKIS_ =        0.000000      0.000000          0.000000      0.000000    *
*    EROT_ =        0.000000      0.000000          0.000000      0.000000    *
*               ============  ============      ============  ============    *
*    SUM  ODD:      0.000000      0.000000          0.000000      0.000000    *
*                                                                             *
*******************************************************************************
 
*******************************************************************************
*                                                                             *
*  CENTER-OF-MASS COORDINATES IN FERMIS                                TOTAL  *
*                                                                             *
*  R_CMS =  0.4745     X_CMS =  0.0000    Y_CMS =  0.0000    Z_CMS = -0.4745  *
*                                                                             *
*******************************************************************************

*******************************************************************************
*                                                                             *
*  MULTIPOLE MOMENTS [UNITS:  (10 FERMI)^LAMBDA] [CENT-MASS FRAME]  NEUTRONS  *
*                                                                             *
*******************************************************************************
*                                                                             *
*  Q00 = 98.0000  .............  .............  .............  .............  *
*                                                                             *
*  Q10 = -0.2264  Q11 =    ZERO  .............  .............  .............  *
*                                                                             *
*  Q20 = 64.7469  Q21 =    ZERO  Q22 = 8.9E-07  .............  .............  *
*                                                                             *
*  Q30 =  5.6387  Q31 =    ZERO  Q32 =-1.2E-07  Q33 =    ZERO  .............  *
*                                                                             *
*  Q40 = 15.2074  Q41 =    ZERO  Q42 = 1.8E-07  Q43 =    ZERO  Q44 =-5.0E-08  *
*                                                                             *
*******************************************************************************

*******************************************************************************
*                                                                             *
*  BOHR DEFORMATIONS (FIRST-ORDER APPROXIMATION) [CENT-MASS FRAME]  NEUTRONS  *
*                                                                             *
*******************************************************************************
*                                                                             *
*  B10 = -0.0049  B11 =    ZERO  .............  .............  .............  *
*                                                                             *
*  B20 =  0.9427  B21 =    ZERO  B22 = 1.3E-08  .............  .............  *
*                                                                             *
*  B30 =  0.2705  B31 =    ZERO  B32 =-8.1E-09  B33 =    ZERO  .............  *
*                                                                             *
*  B40 =  0.7582  B41 =    ZERO  B42 = 1.3E-08  B43 =    ZERO  B44 =-3.6E-09  *
*                                                                             *
*******************************************************************************
*                                                                             *
*  BOHR DENSITY = 0.0263 FM^(-3)  BOHR RADIUS =   9.6224 FM                   *
*                                                                             *
*******************************************************************************

*******************************************************************************
*                                                                             *
*  MULTIPOLE MOMENTS [UNITS:  (10 FERMI)^LAMBDA] [CENT-MASS FRAME]   PROTONS  *
*                                                                             *
*******************************************************************************
*                                                                             *
*  Q00 = 78.0000  .............  .............  .............  .............  *
*                                                                             *
*  Q10 =  0.2264  Q11 =    ZERO  .............  .............  .............  *
*                                                                             *
*  Q20 = 53.2134  Q21 =    ZERO  Q22 = 7.3E-07  .............  .............  *
*                                                                             *
*  Q30 =  4.8530  Q31 =    ZERO  Q32 =-1.1E-07  Q33 =    ZERO  .............  *
*                                                                             *
*  Q40 = 12.7019  Q41 =    ZERO  Q42 = 1.5E-07  Q43 =    ZERO  Q44 = 4.1E-08  *
*                                                                             *
*******************************************************************************

*******************************************************************************
*                                                                             *
*  BOHR DEFORMATIONS (FIRST-ORDER APPROXIMATION) [CENT-MASS FRAME]   PROTONS  *
*                                                                             *
*******************************************************************************
*                                                                             *
*  B10 =  0.0062  B11 =    ZERO  .............  .............  .............  *
*                                                                             *
*  B20 =  0.9788  B21 =    ZERO  B22 = 1.3E-08  .............  .............  *
*                                                                             *
*  B30 =  0.2949  B31 =    ZERO  B32 =-9.2E-09  B33 =    ZERO  .............  *
*                                                                             *
*  B40 =  0.8045  B41 =    ZERO  B42 = 1.4E-08  B43 =    ZERO  B44 = 3.7E-09  *
*                                                                             *
*******************************************************************************
*                                                                             *
*  BOHR DENSITY = 0.0211 FM^(-3)  BOHR RADIUS =   9.5960 FM                   *
*                                                                             *
*******************************************************************************

*******************************************************************************
*                                                                             *
*  EULER ANGLES OF THE PRINCIPAL-AXES FRAME IN DEGREES                 TOTAL  *
*                                                                             *
*  ALPHA =180.00000  BETA =  0.00000  GAMMA =  0.00000                        *
*                                                                             *
*******************************************************************************

*******************************************************************************
*                                                                             *
*  ROOT-MEAN-SQUARE AND GEOMETRIC SIZES IN FERMIS                      TOTAL  *
*                                                                             *
*  R_RMS =  7.0196     X_RMS =  2.2758    Y_RMS =  2.2758    Z_RMS =  6.2383  *
*                                                                             *
*  R_GEO =  9.0623     X_GEO =  5.0889    Y_GEO =  5.0889    Z_GEO = 13.9492  *
*                                                                             *
*******************************************************************************

*******************************************************************************
*                                                                             *
*  MULTIPOLE MOMENTS [UNITS:  (10 FERMI)^LAMBDA]                       TOTAL  *
*                                                                             *
*******************************************************************************
*                                                                             *
*  Q00 =176.0000  .............  .............  .............  .............  *
*                                                                             *
*  Q10 = -8.3513  Q11 =    ZERO  .............  .............  .............  *
*                                                                             *
*  Q20 =118.7528  Q21 =    ZERO  Q22 = 1.6E-06  .............  .............  *
*                                                                             *
*  Q30 =  4.2114  Q31 =    ZERO  Q32 =-2.7E-07  Q33 =    ZERO  .............  *
*                                                                             *
*  Q40 = 26.3264  Q41 =    ZERO  Q42 = 3.8E-07  Q43 =    ZERO  Q44 =-9.4E-09  *
*                                                                             *
*******************************************************************************

*******************************************************************************
*                                                                             *
*  BOHR DEFORMATIONS (FIRST-ORDER APPROXIMATION)                       TOTAL  *
*                                                                             *
*******************************************************************************
*                                                                             *
*  B10 = -0.1072  B11 =    ZERO  .............  .............  .............  *
*                                                                             *
*  B20 =  1.0854  B21 =    ZERO  B22 = 1.5E-08  .............  .............  *
*                                                                             *
*  B30 =  0.1347  B31 =    ZERO  B32 =-1.2E-08  B33 =    ZERO  .............  *
*                                                                             *
*  B40 =  0.9290  B41 =    ZERO  B42 = 1.9E-08  B43 =    ZERO  B44 =-4.7E-10  *
*                                                                             *
*******************************************************************************
*                                                                             *
*  BOHR DENSITY = 0.0565 FM^(-3)  BOHR RADIUS =   9.0623 FM                   *
*                                                                             *
*******************************************************************************

*******************************************************************************
*                                                                             *
*  MULTIPOLE MOMENTS [UNITS:  (10 FERMI)^LAMBDA] [CENT-MASS FRAME]     TOTAL  *
*                                                                             *
*******************************************************************************
*                                                                             *
*  Q00 =176.0000  .............  .............  .............  .............  *
*                                                                             *
*  Q10 =    ZERO  Q11 =    ZERO  .............  .............  .............  *
*                                                                             *
*  Q20 =117.9603  Q21 =    ZERO  Q22 = 1.6E-06  .............  .............  *
*                                                                             *
*  Q30 = 10.4917  Q31 =    ZERO  Q32 =-2.3E-07  Q33 =    ZERO  .............  *
*                                                                             *
*  Q40 = 27.9093  Q41 =    ZERO  Q42 = 3.4E-07  Q43 =    ZERO  Q44 =-9.4E-09  *
*                                                                             *
*******************************************************************************

*******************************************************************************
*                                                                             *
*  BOHR DEFORMATIONS (FIRST-ORDER APPROXIMATION) [CENT-MASS FRAME]     TOTAL  *
*                                                                             *
*******************************************************************************
*                                                                             *
*  B10 =    ZERO  B11 =    ZERO  .............  .............  .............  *
*                                                                             *
*  B20 =  0.9586  B21 =    ZERO  B22 = 1.3E-08  .............  .............  *
*                                                                             *
*  B30 =  0.2813  B31 =    ZERO  B32 =-8.5E-09  B33 =    ZERO  .............  *
*                                                                             *
*  B40 =  0.7786  B41 =    ZERO  B42 = 1.3E-08  B43 =    ZERO  B44 =-3.7E-10  *
*                                                                             *
*******************************************************************************
*                                                                             *
*  BOHR DENSITY = 0.0473 FM^(-3)  BOHR RADIUS =   9.6108 FM                   *
*                                                                             *
*******************************************************************************

*******************************************************************************
*                                                                             *
*  MULTIPOLE MOMENTS [UNITS:  (10 FERMI)^LAMBDA] [INTRINSIC FRAME]     TOTAL  *
*                                                                             *
*  REAL PART  FOR A NON-NEGATIVE PROJECTION                                   *
*  IMAGINARY PART FOR A NEGATIVE PROJECTION                                   *
*                                                                             *
*******************************************************************************
*                                                                             *
*  Q00 =176.0000  .............  .............  .............  .............  *
*                 .............  .............  .............  .............  *
*                                                                             *
*  Q10 =    ZERO  Q1+1=    ZERO  .............  .............  .............  *
*                 Q1-1=    ZERO  .............  .............  .............  *
*                                                                             *
*  Q20 =117.9603  Q2+1=    ZERO  Q2+2= 1.6E-06  .............  .............  *
*                 Q2-1=    ZERO  Q2-2=    ZERO  .............  .............  *
*                                                                             *
*  Q30 = 10.4917  Q3+1=    ZERO  Q3+2=-2.3E-07  Q3+3=    ZERO  .............  *
*                 Q3-1=    ZERO  Q3-2=    ZERO  Q3-3=    ZERO  .............  *
*                                                                             *
*  Q40 = 27.9093  Q4+1=    ZERO  Q4+2= 3.4E-07  Q4+3=    ZERO  Q4+4=-9.4E-09  *
*                 Q4-1=    ZERO  Q4-2=    ZERO  Q4-3=    ZERO  Q4-4=    ZERO  *
*                                                                             *
*******************************************************************************

*******************************************************************************
*                                                                             *
*  BOHR DEFORMATIONS (FIRST-ORDER APPROXIMATION) [INTRINSIC FRAME]     TOTAL  *
*                                                                             *
*  REAL PART  FOR A NON-NEGATIVE PROJECTION                                   *
*  IMAGINARY PART FOR A NEGATIVE PROJECTION                                   *
*                                                                             *
*******************************************************************************
*                                                                             *
*  B10 =    ZERO  B1+1=    ZERO  .............  .............  .............  *
*                 B1-1=    ZERO  .............  .............  .............  *
*                                                                             *
*  B20 =  0.9586  B2+1=    ZERO  B2+2= 1.3E-08  .............  .............  *
*                 B2-1=    ZERO  B2-2=    ZERO  .............  .............  *
*                                                                             *
*  B30 =  0.2813  B3+1=    ZERO  B3+2=-8.5E-09  B3+3=    ZERO  .............  *
*                 B3-1=    ZERO  B3-2=    ZERO  B3-3=    ZERO  .............  *
*                                                                             *
*  B40 =  0.7786  B4+1=    ZERO  B4+2= 1.3E-08  B4+3=    ZERO  B4+4=-3.7E-10  *
*                 B4-1=    ZERO  B4-2=    ZERO  B4-3=    ZERO  B4-4=    ZERO  *
*                                                                             *
*******************************************************************************
*                                                                             *
*  BOHR DENSITY = 0.0473 FM^(-3)  BOHR RADIUS =   9.6108 FM                   *
*                                                                             *
*******************************************************************************

*******************************************************************************
*                                                                             *
*                                ENERGIES (MEV)                               *
*                                                                             *
*******************************************************************************
*                                                                             *
*  KINETIC: (NEU)=  1849.760990    (PRO)=  1307.531714    (TOT)=  3157.292704 *
*  SUM EPS: (NEU)= -2105.766897    (PRO)= -1066.651939    (TOT)= -3172.418836 *
*  PAIRING: (NEU)=    -3.181283    (PRO)=    -3.415127    (TOT)=    -6.596410 *
*  P-REARR: (NEU)=     0.846396    (PRO)=     0.971667    (TOT)=     1.818063 *
*                                                                             *
*  PAIRGAP: (NEU)=    -0.494748    (PRO)=     0.532055    THIS SPACE IS EMPTY *
*  E-FERMI: (NEU)=    -9.660639    (PRO)=    -3.592602    AND AWAITS  YOUR AD *
*                                                                             *
*  COULOMB: (DIR)=   690.248019    (EXC)=   -29.874267    (TOT)=   660.373751 *
*                                                                             *
*  CONSTR. (MULT)=   243.535848    SLOPE=    72.879141    CORR.=   -36.439570 *
*  CONSTR. (SURF)=     0.000000    SLOPE=     0.000000    CORR.=     0.000000 *
*  CONSTR. (SPIN)=     0.000000    SLOPE=     0.000000    CORR.=     0.000000 *
*  CONSTR. (ISOS)=     0.000000    SLOPE=     0.000000    CORR.=     0.000000 *
*                                                                             *
*  REARRANGEMENT ENERGY FROM THE SKYRME DENSITY-DEPENDENT TERMS=  1282.502159 *
*  ROUTHIAN= TOTAL ENERGY + MULTIPOLE AND (ISO)SPIN CONSTRAINTS= -1125.056170 *
*                                                                             *
*  SPIN-ORB (EVE)=   -72.654282    (ODD)=     0.000000    (TOT)=   -72.654282 *
*  SKYRME:  (EVE)= -5179.662063    (ODD)=     0.000000    (TOT)= -5179.662063 *
*                                                                             *
*  TOTAL:  (STAB)=    96.593801     (SP)= -1271.998217    (FUN)= -1368.592018 *
*                                                                             *
*******************************************************************************

*******************************************************************************
*                                                                             *
*  ITERATION RESTARTED FROM THE DISC, THE FOLLOWING FILE(S) READ:             *
*  ./restart/HFODD_00000042.REC                                        VER=19 *
*                                                                             *
*******************************************************************************
*                                                                             *
* CONVERGENCE REPORT                                                          *
*                                                                             *
*******************************************************************************
*                                                                             *
* ITER     ENERGY     STABILITY    Q_2    GAMMA   SPIN  OMEGA   ANGLE   EPAIR *
*                                                                             *
* 2338 -1368.592018   96.593801 117.960    0.00   0.00  0.000   0.000   -6.60 *
* 2339 -1160.757459  333.692205 208.436    0.00   0.00  0.000   0.000   -2.33 *
* 2340 -1188.499147  260.862731 205.533    0.00   0.00  0.000   0.000   -5.25 *
* 2341 -1193.871260  318.981720 210.281    0.00   0.00  0.000   0.000   -6.33 *
* 2342 -1189.876903  251.408157 210.972    0.00   0.00  0.000   0.000   -6.57 *
* 2343 -1201.757046  220.483962 201.769    0.00   0.00  0.000   0.000   -9.10 *
* 2344 -1205.375089  312.459422 205.747    0.00   0.00  0.000   0.000   -8.59 *
* 2345 -1193.483805  240.956079 209.039    0.00   0.00  0.000   0.000   -6.58 *
* 2346 -1206.198906  236.394666 195.441    0.00   0.00  0.000   0.000  -10.82 *
* 2347 -1191.750818  348.874300 210.333    0.00   0.00  0.000   0.000   -6.04 *
* 2348 -1182.145273  321.424927 211.071    0.00   0.00  0.000   0.000   -6.21 *
* 2349 -1182.423276 -571.204645 212.067    0.00   0.00  0.000   0.000   -6.70 *
* 2350 -1296.082768  555.399611 130.455    0.00   0.00  0.000   0.000  -72.63 *
* 2351  -730.825856  858.829730 214.667    0.00   0.00  0.000   0.000   -3.13 *
* 2352  -727.387083   -1.64E+03 213.479    0.00   0.00  0.000   0.000   -8.24 *
* 2353 -1601.560737 -420.146843 168.045    0.00   0.00  0.000   0.000 -156.53 *
* 2354 -1495.091105  194.830945  81.618    0.00   0.00  0.000   0.000  -87.43 *
* 2355 -1108.662001 -640.124673 169.329    0.00   0.00  0.000   0.000  -17.51 *
* 2356 -1383.612835   19.376791  73.003    0.00   0.00  0.000   0.000  -42.72 *
* 2357 -1367.580730  173.514529  83.104    0.00   0.00  0.000   0.000  -29.46 *
* 2358 -1254.250050  430.575421 122.492    0.00   0.00  0.000   0.000   -9.06 *
* 2359 -1055.684053  632.305135 218.144    0.00   0.00  0.000   0.000   -2.36 *
* 2360 -1088.055760  300.333024 219.797    0.00   0.00  0.000   0.000   -7.05 *
* 2361 -1160.726056  151.047410 214.714    0.00   0.00  0.000   0.000  -13.61 *
* 2362 -1262.315505  195.871078 202.187    0.00   0.00  0.000   0.000  -26.72 *
* 2363 -1270.879289  261.145742 199.680    0.00   0.00  0.000   0.000  -23.93 *
* 2364 -1249.942551  123.390186 200.207    0.00   0.00  0.000   0.000  -22.12 *
* 2365 -1308.069615  176.253943 171.068    0.00   0.00  0.000   0.000  -31.10 *
* 2366 -1242.467039  189.190163 203.406    0.00   0.00  0.000   0.000  -20.60 *
* 2367 -1242.960980  162.355170 200.523    0.00   0.00  0.000   0.000  -22.96 *
* 2368 -1252.386712  -18.221895 206.483    0.00   0.00  0.000   0.000  -23.58 *
* 2369 -1332.499927  -13.541868 174.239    0.00   0.00  0.000   0.000  -39.57 *
* 2370 -1283.756636  243.389402 195.339    0.00   0.00  0.000   0.000  -33.15 *
* 2371 -1146.138859   78.446993 231.118    0.00   0.00  0.000   0.000  -18.93 *
* 2372 -1204.405982  259.865863 230.722    0.00   0.00  0.000   0.000  -33.46 *
* 2373 -1119.587267   33.766119 237.067    0.00   0.00  0.000   0.000  -23.74 *
* 2374 -1205.714242   56.836687 231.107    0.00   0.00  0.000   0.000  -35.20 *
* 2375 -1244.543958  -67.164861 228.233    0.00   0.00  0.000   0.000  -35.21 *
* 2376 -1276.285132 -742.815639 224.260    0.00   0.00  0.000   0.000  -39.62 *
* 2377 -1459.233939  -43.266667 125.630    0.00   0.00  0.000   0.000  -91.37 *
* 2378 -1198.869230  273.904808 178.219    0.00   0.00  0.000   0.000  -31.07 *
* 2379 -1186.080288  276.460578 187.015    0.00   0.00  0.000   0.000  -23.94 *
* 2380 -1202.875379  281.858440 182.740    0.00   0.00  0.000   0.000  -31.73 *
* 2381 -1159.047597  547.184880 195.465    0.00   0.00  0.000   0.000  -26.04 *
* 2382 -1043.435729  476.492407 201.288    0.00   0.00  0.000   0.000  -21.55 *
* 2383 -1167.480175    1.12E+03 203.289    0.00   0.00  0.000   0.000  -40.81 *
* 2384  -740.806425  311.850670 182.196    0.00   0.00  0.000   0.000  -11.45 *
* 2385 -1098.961040  662.765164 212.397    0.00   0.00  0.000   0.000  -72.41 *
* 2386 -1029.291154  598.532547 216.831    0.00   0.00  0.000   0.000  -33.43 *
* 2387 -1089.709119  929.746859 214.925    0.00   0.00  0.000   0.000  -51.74 *
* 2388  -882.992569  360.559161 205.529    0.00   0.00  0.000   0.000  -27.77 *
* 2389  -921.402942  649.582393 227.652    0.00   0.00  0.000   0.000  -24.91 *
* 2390  -847.163298    2.93E+03 226.635    0.00   0.00  0.000   0.000  -13.22 *
* 2391    26.018160  160.501913  70.500    0.02   0.00  0.000   0.000   -1.64 *
* 2392  -158.247136    9.07E+03 130.413    0.01   0.00  0.000   0.000  -32.17 *
* 2393   881.628723   -3.77E+03  25.434    0.04   0.00  0.000   0.000   -0.78 *
* 2394  1290.323979   -1.66E+04  52.379    0.06   0.00  0.000   0.000  -97.49 *
* 2395  2100.515868   69.133778  13.186    0.00   0.00  0.000   0.000   -0.10 *
* 2396  1771.515975   -6.48E+04  29.694    0.00   0.00  0.000   0.000   -0.18 *
* 2397  1987.352996   -2.41E+04   5.682   59.97   0.00  0.000   0.000 -159.06 *

 //////////////////// MAXIMUM NUMBER OF ITERATIONS       ////////////////////
 //////////////////// EXCEEDED IN QUABCS                 ////////////////////

*******************************************************************************
*                                                                             *
*  PROCESSOR   EXECUTION  TIMES IN SUBROUTINES                                *
*  INCLUDING THEIR COMPLETE DOWN-CALLING TREES                                *
*                                                                             *
*******************************************************************************
*                                                                             *
*    17776 => HFODD    9671 => DENSHF   3545 => DIAMAT   3222 => HFBSIM       *
*                                                                             *
*     2187 => QMULCM   1042 => PAIMAC    795 => CANQUA    301 => AVEQUA       *
*                                                                             *
*      266 => RECORD    106 => INTEGH    105 => DENMAC     96 => INTSOR       *
*                                                                             *
*       92 => INTEGD     53 => MOMETS     53 => DOBROY     51 => INTMUL       *
*                                                                             *
*       33 => SKFILD     31 => BEGINC     23 => INTMAS     22 => ROTAVR       *
*                                                                             *
*       22 => LINAVR     16 => COUMAT     15 => INTCOU     12 => INTCEN       *
*                                                                             *
*        7 => SPAVER      6 => SKPAIR      5 => AVOBSE      3 => NILASP       *
*                                                                             *
*        2 => POWALL      2 => AVANGY      1 => INTKIN      0 => AVPARI       *
*                                                                             *
*        0 => QUABCS      0 => SHICOE      0 => PAXMOM      0 => AVSIMP       *
*                                                                             *
*        0 => MOMSIF      0 => MAGMOM      0 => SPIMOM      0 => SHIMOM       *
*                                                                             *
*        0 => SHISIF      0 => MOMVMU      0 => SHIMAG                        *
*                                                                             *
*******************************************************************************
*                                                                             *
*  NUMBERS OF CALLS TO SUBROUTINES                                            *
*                                                                             *
*******************************************************************************
*                                                                             *
*     2723 => BEGINC   2286 => INTMUL    726 => INTSOR    301 => DIAMAT       *
*                                                                             *
*      242 => INTMAS    242 => INTCEN    241 => INTKIN    240 => AVEQUA       *
*                                                                             *
*      180 => PAXMOM    121 => INTEGH    121 => INTEGD    121 => HFBSIM       *
*                                                                             *
*      121 => QUABCS    120 => CANQUA    120 => AVPARI    120 => DENSHF       *
*                                                                             *
*      120 => DENMAC    120 => PAIMAC    120 => MOMETS    120 => MOMSIF       *
*                                                                             *
*      120 => MOMVMU    120 => MAGMOM    120 => SPIMOM    120 => LINAVR       *
*                                                                             *
*      120 => ROTAVR    120 => SHICOE     61 => RECORD     61 => COUMAT       *
*                                                                             *
*       61 => INTCOU     60 => QMULCM     60 => SKFILD     60 => SKPAIR       *
*                                                                             *
*       60 => DOBROY     60 => SHIMOM     60 => SHISIF     60 => SHIMAG       *
*                                                                             *
*       14 => SPAVER      2 => AVANGY      2 => AVOBSE      2 => AVSIMP       *
*                                                                             *
*        2 => NILASP      1 => HFODD       1 => POWALL                        *
*                                                                             *
*******************************************************************************
*                                                                             *
*  EXECUTION ENDS ON 2016.09.06 AT 14:33:16.553                               *
*                                                                             *
*******************************************************************************
