*******************************************************************************
*                                                                             *
*                     P A R A L L E L    M O D E L                            *
*                                                                             *
*  SIMPLE MPI FRAMEWORK (1 COMMUNICATOR)    :  1 MPI PROCESS per HFODD TASK   *
*  MULTI-THREADING FRAMEWORK WITH OPENMP   :  4 THREADS per HFODD MPI PROCESS *
*                                                                             *
*******************************************************************************
*                                                                             *
*                        __  __ _____  ___   ____   ____                      *
*                       / / / // ___/.' _ \ / __ \ / __ \                     *
*                      / /_/ // /_  / / / // / / // / / /                     *
*                     / __  // __/ / / / // / / // / / /                      *
*                    / / / // /   / /_/ // /_/ // /_/ /                       *
*                   /_/ /_//_/    \___.'/____.'/____.'                        *
*                                                                             *
*                                                                             *
*******************************************************************************
*                                                                             *
*             SKYRME-HARTREE-FOCK-BOGOLYUBOV CODE VERSION: 2.77B              *
*                                                                             *
*              NO SYMMETRY-PLANES AND NO TIME-REVERSAL SYMMETRY               *
*                                                                             *
*                DEFORMED CARTESIAN HARMONIC-OSCILLATOR BASIS                 *
*                                                                             *
*******************************************************************************
*                                                                             *
*             J. DOBACZEWSKI, P. BACZYK, B.G. CARLSSON, J. DUDEK              *
*                 J. ENGEL, Y. GAO, M. KONIECZKA, T. LESINSKI                 *
*                 J. MCDONNELL, P. OLBRATOWSKI, P. POWALOWSKI                 *
*                  M. SADZIAK, J. SARICH, K. SATO, W. SATULA                  *
*             N. SCHUNCK,  J.A. SHEIKH, A. STASZCZAK, M. STOITSOV             *
*             P. TOIVANEN, X.B. WANG, M. ZALEWSKI AND H. ZDUNCZUK             *
*                                                                             *
*                   INSTYTUT FIZYKI TEORETYCZNEJ, WARSZAWA                    *
*                 LAWRENCE LIVERMORE NATIONAL LABORATORY, USA                 *
*                                                                             *
*                                  1993-2016                                  *
*                                                                             *
*******************************************************************************

*******************************************************************************
*                                                                             *
*  CODE COMPILED WITH THE FOLLOWING ARRAY DIMENSIONS AND SWITCHES:            *
*                                                                             *
*******************************************************************************
*                                                                             *
*  NDBASE = 1200  NDSTAT = 1200  NDXHRM =   40  NDYHRM =   40  NDZHRM =   64  *
*                                                                             *
*  NDMAIN =   30  NDMULT =    9  NDMULR =    4  NDLAMB =    9  NDITER = 5000  *
*                                                                             *
*  NDAKNO =    1  NDBKNO =    1  NDPROI =    2  NDCOUL =   80  NDPOLS =   25  *
*                                                                             *
*  NDATKN =   20  NDBTKN =   10  NDPROT =    1  NDPROD =    3                 *
*                                                                             *
*  IPARAL =    0  IPARAT =    0  I_CRAY =    0                                *
*                                                                             *
*                                                                             *
*  PRE-PROCESSOR OPTIONS:                                                     *
*                                                                             *
*       switch_port = 1     switch_diag = 3     switch_essl = 0               *
*                                                                             *
*                           switch_quad = 0     switch_vect = 1               *
*                                                                             *
*******************************************************************************
*                                                                             *
*  EXECUTION BEGINS ON 2016.09.06 AT 12:59:14.323                             *
*                                                                             *
*******************************************************************************
 
*******************************************************************************
*                                                                             *
*  CLASSICAL NUCLEAR SURFACE DEFINED FOR:                    N = 98   Z = 78  *
*                                                                             *
*******************************************************************************
*                                                                             *
*  AL10 =   ZERO  AL11 =   ZERO  .............  .............  .............  *
*                                                                             *
*  AL20 =  0.577  AL21 =   ZERO  AL22 =   ZERO  .............  .............  *
*                                                                             *
*******************************************************************************
*                                                                             *
*                                           HOMEGA=  7.4303  FCHOM0=  1.0156  *
*                                                                             *
*  OSCILLATOR FREQUENCIES: HBAROX=  8.8151  HBAROY=  8.8151  HBAROZ=  5.2792  *
*                                                                             *
*  MOMENTS OF INERTIA:     XMOMFC=109.0533  YMOMFC=109.0533  ZMOMFC= 57.5765  *
*                                                                             *
*  CENTERS OF MASS:        CMSXFC= -0.0000  CMSYFC= -0.0000  CMSZFC= -0.0000  *
*                                                                             *
*******************************************************************************

*******************************************************************************
*                                                                             *
*                           SKYRME FORCE DEFINITION                           *
*                                                                             *
*******************************************************************************
*                                                                             *
* PARAMETER SET HFB1:  T0= -1666.41  T1=   255.23  T2=  1521.28  T3= 12072.51 *
*                                                                             *
* POWER=0.37658031358  X0=  0.14608  X1= -4.82248  X2= -1.35211  X3=  0.00432 *
*                                                                             *
* IETA: J=0  W=1 CM=3  M=1  P=1  T=0 HBM= 20.73553 W0=  44.0677 W0P= 207.6502 *
*                                                                             *
*******************************************************************************

*******************************************************************************
*                                                                             *
*              COUPLING CONSTANTS DEFINING THE SKYRME FUNCTIONAL              *
*                                                                             *
*******************************************************************************
*                                                                             *
*                   TOTAL(T)        SUM(S)      ISOSCALAR(P)  ISOVECTOR(M)    *
*                   --------        ------      ------------  ------------    *
*    CRHO_ =     -894.060074    538.315575       -624.902286    269.157788    *
*    CRHOD =     1008.213640   -507.363897        754.531691   -253.681949    *
*    CLPR_ =       98.335311   -287.870148        -45.599763   -143.935074    *
*    CTAU_ =       33.156062    -48.271535          9.020295    -24.135768    *
*    CSCU_ =        0.000000      0.000000          0.000000      0.000000    *
*    CDIV_ =      -22.033840   -103.825096        -73.946388    -51.912548    *
*                                                                             *
*    CSPI_ =      -60.857026    416.601524        147.443736    208.300762    *
*    CSPID =        2.171385   -503.021127       -249.339179   -251.510564    *
*    CLPS_ =       51.110395     71.467295         86.844042     35.733647    *
*    CCUR_ =      -33.156062     48.271535         -9.020295     24.135768    *
*    CKIS_ =        0.000000      0.000000          0.000000      0.000000    *
*    CROT_ =      -22.033840   -103.825096        -73.946388    -51.912548    *
*                                                                             *
*******************************************************************************

*******************************************************************************
*                                                                             *
*                          NUCLEAR MATTER PROPERTIES                          *
*                                                                             *
*******************************************************************************
*                                                                             *
*     E = -15.8000  rho0 =   0.15625   K =  244.6682   Ms =    0.9364         *
*                   asym =  28.66820   L =   40.1091   Mv =    1.2498         *
*                                                                             *
*******************************************************************************

*******************************************************************************
*                                                                             *
*  PHYSICAL CONSTANTS:     H_BARC=197.32891000           HBCOE2=137.03602000  *
*                                                                             *
*                          XMASSN=938.90590000           XMASSP=938.27231000  *
*                                                                             *
*                          HBMASS= 20.73553000           HBMRPA= 20.73553000  *
*                                                                             *
*                          ECHAR2=  1.43997841           COULEX= -1.06350868  *
*                                                                             *
*******************************************************************************
*                                                                             *
*  OSCILLATOR LENGTHS:     X= 2.1690369      Y= 2.1690369       Z= 2.8028163  *
*                                                                             *
*  OSCILLATOR CONSTANTS:   X= 0.4610341      Y= 0.4610341       Z= 0.3567840  *
*                                                                             *
*  OSCILLATOR FREQUENCIES: X= 8.8150641      Y= 8.8150641       Z= 5.2792240  *
*                                                                             *
*******************************************************************************
*                                                                             *
*  BASIS CUT-OFF CONTROL PARAMETERS:  NXMAXX = 14  NYMAXX = 14  NZMAXX =  24  *
*                                                                             *
*                                     NXHERM = 36  NYHERM = 36  NZHERM =  60  *
*                                                                             *
*                                     NLIMIT=1140  LDBASE=1142  MCOUNT=29791  *
*                                                                             *
*                                     ENECUT= 800.0000      ELIMIT= 141.7410  *
*                                                                             *
*******************************************************************************

*******************************************************************************
*                                                                             *
*   SHAPE OF THE OSCILLATOR-BASIS DIAMOND    (THREE CONSECUTIVE PROJECTIONS)  *
*                                                                             *
*******************************************************************************
*                                                                             *
*        NX ===>>>  0  1  2  3  4  5  6  7  8  9 10 11 12 13 14               *
*        MAX.NY => 14 13 12 11 10  9  8  7  6  5  4  3  2  1  0               *
*                 ---------------------------------------------               *
*   NY= 0  (14)  | 24 23 21 19 18 16 14 12 11  9  7  6  4  2  1               *
*   NY= 1  (13)  | 23 21 19 18 16 14 12 11  9  7  6  4  2  1                  *
*   NY= 2  (12)  | 21 19 18 16 14 12 11  9  7  6  4  2  1                     *
*   NY= 3  (11)  | 19 18 16 14 12 11  9  7  6  4  2  1                        *
*   NY= 4  (10)  | 18 16 14 12 11  9  7  6  4  2  1                           *
*   NY= 5  ( 9)  | 16 14 12 11  9  7  6  4  2  1                              *
*   NY= 6  ( 8)  | 14 12 11  9  7  6  4  2  1                                 *
*   NY= 7  ( 7)  | 12 11  9  7  6  4  2  1                                    *
*   NY= 8  ( 6)  | 11  9  7  6  4  2  1                                       *
*   NY= 9  ( 5)  |  9  7  6  4  2  1                                          *
*   NY=10  ( 4)  |  7  6  4  2  1                                             *
*   NY=11  ( 3)  |  6  4  2  1                                                *
*   NY=12  ( 2)  |  4  2  1                                                   *
*   NY=13  ( 1)  |  2  1                                                      *
*   NY=14  ( 0)  |  1                                                         *
*                                                                             *
*                                                                             *
*        NZ ===>>>  0  1  2  3  4  5  6  7  8  9 10 11 12 13 14 15 16 17 18   *
*        MAX.NY => 14 14 13 12 12 11 11 10  9  9  8  8  7  6  6  5  5  4  4   *
*                 ---------------------------------------------------------   *
*   NY= 0  (24)  | 14 14 13 12 12 11 11 10  9  9  8  8  7  6  6  5  5  4  4   *
*   NY= 1  (23)  | 13 13 12 11 11 10 10  9  8  8  7  7  6  5  5  4  4  3  3   *
*   NY= 2  (21)  | 12 12 11 10 10  9  9  8  7  7  6  6  5  4  4  3  3  2  2   *
*   NY= 3  (19)  | 11 11 10  9  9  8  8  7  6  6  5  5  4  3  3  2  2  1  1   *
*   NY= 4  (18)  | 10 10  9  8  8  7  7  6  5  5  4  4  3  2  2  1  1  0  0   *
*   NY= 5  (16)  |  9  9  8  7  7  6  6  5  4  4  3  3  2  1  1  0  0         *
*   NY= 6  (14)  |  8  8  7  6  6  5  5  4  3  3  2  2  1  0  0               *
*   NY= 7  (12)  |  7  7  6  5  5  4  4  3  2  2  1  1  0                     *
*   NY= 8  (11)  |  6  6  5  4  4  3  3  2  1  1  0  0                        *
*   NY= 9  ( 9)  |  5  5  4  3  3  2  2  1  0  0                              *
*   NY=10  ( 7)  |  4  4  3  2  2  1  1  0                                    *
*   NY=11  ( 6)  |  3  3  2  1  1  0  0                                       *
*   NY=12  ( 4)  |  2  2  1  0  0                                             *
*   NY=13  ( 2)  |  1  1  0                                                   *
*   NY=14  ( 1)  |  0  0                                                      *
*                                                                             *
*                                                                             *
*        NZ ===>>>  0  1  2  3  4  5  6  7  8  9 10 11 12 13 14 15 16 17 18   *
*        MAX.NX => 14 14 13 12 12 11 11 10  9  9  8  8  7  6  6  5  5  4  4   *
*                 ---------------------------------------------------------   *
*   NX= 0  (24)  | 14 14 13 12 12 11 11 10  9  9  8  8  7  6  6  5  5  4  4   *
*   NX= 1  (23)  | 13 13 12 11 11 10 10  9  8  8  7  7  6  5  5  4  4  3  3   *
*   NX= 2  (21)  | 12 12 11 10 10  9  9  8  7  7  6  6  5  4  4  3  3  2  2   *
*   NX= 3  (19)  | 11 11 10  9  9  8  8  7  6  6  5  5  4  3  3  2  2  1  1   *
*   NX= 4  (18)  | 10 10  9  8  8  7  7  6  5  5  4  4  3  2  2  1  1  0  0   *
*   NX= 5  (16)  |  9  9  8  7  7  6  6  5  4  4  3  3  2  1  1  0  0         *
*   NX= 6  (14)  |  8  8  7  6  6  5  5  4  3  3  2  2  1  0  0               *
*   NX= 7  (12)  |  7  7  6  5  5  4  4  3  2  2  1  1  0                     *
*   NX= 8  (11)  |  6  6  5  4  4  3  3  2  1  1  0  0                        *
*   NX= 9  ( 9)  |  5  5  4  3  3  2  2  1  0  0                              *
*   NX=10  ( 7)  |  4  4  3  2  2  1  1  0                                    *
*   NX=11  ( 6)  |  3  3  2  1  1  0  0                                       *
*   NX=12  ( 4)  |  2  2  1  0  0                                             *
*   NX=13  ( 2)  |  1  1  0                                                   *
*   NX=14  ( 1)  |  0  0                                                      *
*                                                                             *
*******************************************************************************

*******************************************************************************
*                                                                             *
* NUCLIDE: N =  98  Z =  78  NUMBER OF ITERATIONS = 1000   CONTINUATION? = 1  *
*                                                                             *
*******************************************************************************
*                                                                             *
* ITERATIONS WILL STOP WHEN THE STABILITY BECOMES LOWER THAN EPSITE=0.300000  *
*                                            FOR    5 CONSECUTIVE ITERATIONS  *
*                                                                             *
*******************************************************************************
*                                                                             *
* ITERATIONS WILL STOP WHEN THE PING-PONG DIVERGENCE OCCURS FOR EPSPNG=0.010  *
*                                DURING    5 PAIRS OF CONSECUTIVE ITERATIONS  *
*                                                                             *
*******************************************************************************
*                                                                             *
* ITERATIONS WILL STOP FOR CHAOTIC-DIVERGENCE CONDITION OCCURING   20  TIMES  *
*                                                                             *
*******************************************************************************
*                                                                             *
* SLOW-DOWN PARAMETERS:                                                       *
* TIME-EVEN = 0.85   TIME-ODD = 0.85   PAIRING = 0.85   LIPKIN-NOGAMI = 0.85  *
*                    LIP-MASS = 0.50   LIP-MOI = 0.50   LIPKIN-METHOD = 0.50  *
*                                                                             *
*******************************************************************************
*                                                                             *
* BROYDEN METHOD IS:  ON                                                      *
*                                                                             *
*    TRIGGERED ONLY WHEN STABILITY IS LOWER THAN :  1000.000 MEV              *
*    INITIAL SLOWING FACTOR (BEFORE TRIGGER)     :     0.85 (=SLOWEV)         *
*    BROYDEN SLOWING FACTOR (AFTER  TRIGGER)     :     0.40 (=1-ALPHAM)       *
*    NUMBER OF ITERATIONS RETAINED IN MEMORY     :    10                      *
*                                                                             *
*******************************************************************************
*                                                                             *
* DIRECT COULOMB TERMS SOLVED BY GREEN FUNCTION AND FOURIER TRANSFORM METHOD  *
* COULOMB PARAMETERS:  NUMCOU = 80  NUMETA = 79  BOUCOU = 20.0  FURMAX =0.25  *
*                                                                             *
*******************************************************************************
*                                                                             *
* EXCHANGE COULOMB TERMS TREATED BY THE SLATER APPROXIMATION                  *
*                                                                             *
*******************************************************************************
*                                                                             *
* MAXIMUM NUMBERS OF MULTIPOLE MOMENTS USED FOR THE CONSTRAINTS,    NMUCON=4  *
*                                           FOR THE COULOMB FIELD,  NMUCOU=4  *
*                                           FOR THE OUTPUT INFO,    NMUPRI=4  *
*                                                                             *
*******************************************************************************
*                                                                             *
* MULTIPOLE CONSTRAINTS: LAMBDA= 2  MIU= 0  MOMENT=133.000  STIFFNESS= 0.500  *
*                        LAMBDA= 3  MIU= 0  MOMENT= 30.000  STIFFNESS= 0.500  *
*                                                                             *
*******************************************************************************
*                                                                             *
* LINEAR MULTIPOLE CONSTRAINTS: LAMBDA= 2  MIU= 0  LAGRANGE PAR. USED= 0.000  *
*                               LAMBDA= 3  MIU= 0  LAGRANGE PAR. USED= 0.000  *
*                                                                             *
*******************************************************************************
*                                                                             *
* THE LAGRANGE PARAMETERS OF THE LINEAR CONSTRAINTS ARE RE-ADJUSTED AT EACH   *
* ITERATION BY USING THE CRANKING APPROXIMATION OF THE RPA MATRIX             *
*                                                                             *
*******************************************************************************
*                                                                             *
* PRINTING THE RESULTS FOR THE FOLLOWING ITERATIONS:         THE  FIRST: YES  *
*                                                            THE MIDDLE:  NO  *
*                                                     AND/OR THE   LAST: YES  *
*                                                                             *
*******************************************************************************
*                                                                             *
* PRINTING THE MOMENTS, RADII, AND DEFORMATIONS FOR:           NEUTRONS: YES  *
*                                                              PROTONS : YES  *
*                                                              MASS    : YES  *
*                                                                             *
*******************************************************************************
*                                                                             *
* PRINTING THE MOMENTS, MOMENTA AND DEFORMATIONS IN THE INTRINSIC FRAME: YES  *
*                                                                             *
*******************************************************************************
*                                                                             *
* NILSSON LABELS OF SINGLE-PARTICLE STATES SHOWN WITH RESPECT TO THE: Z-AXIS  *
*                                                                             *
*******************************************************************************
*                                                                             *
* CALCULATIONS WITH THE HFB PAIRING CORRELATIONS                              *
*                                                                             *
*******************************************************************************
*                                                                             *
* CONTACT PAIRING INTERACTION:     V0        V1       RHO-SAT      POWER      *
*                    NEUTRONS:  -234.380   732.438     0.320     1.0000000    *
*                     PROTONS:  -260.437   813.866     0.320     1.0000000    *
*                                                                             *
*******************************************************************************
*                                                                             *
* CUTOFF ENERGY DEFINING THE ACTIVE HFB PAIRING SPACE=      60.000            *
*                                                                             *
*******************************************************************************
*                                                                             *
* CALCULATIONS WITH SIMPLEX SYMMETRY                                          *
*                                                                             *
*******************************************************************************
*                                                                             *
* CALCULATIONS WITH TIME-ODD SYMMETRIES:        T*SIMPLEX_X =>     CONSERVED  *
*                                               T*SIMPLEX_Y =>     CONSERVED  *
*                                               T*SIMPLEX_Z => NON CONSERVED  *
*                                                                             *
*******************************************************************************
*                                                                             *
* CALCULATIONS WITHOUT ROTATION                                               *
*                                                                             *
*******************************************************************************

*******************************************************************************
*                                                                             *
*  CALLING SUBROUTINE "RECORD" TO READ THE REPLAY FILE OBTAINED PREVIOUSLY    *
*  ./restart/HFODD_00000076.REC                                               *
*                                                                             *
*******************************************************************************

*******************************************************************************
*                                                                             *
*  SINGLE-QUASIPARTICLE PROPERTIES:                                NEUTRONS   *
*                                                                             *
*******************************************************************************
*                                                                             *
*  NO)   ENERGY   (S=+,S=-)       PARITY   V2QUAP   EEQUIV   DEQUIV   V_CORR  *
*                                                                             *
*  47)    9.761   (  0, 24)        0.011  0.98188  -17.763    2.604  0.99519  *
*  48)    9.761   ( 24,  0)        0.011  0.98188  -17.763    2.604  0.99519  *
*  49)    9.283   ( 25,  0)       -0.003  0.99924  -17.624    0.510  0.99978  *
*  50)    9.283   (  0, 25)       -0.003  0.99924  -17.624    0.510  0.99978  *
*  51)    9.034   ( 26,  0)        0.029  0.99835  -17.360    0.733  0.99951  *
*  52)    9.034   (  0, 26)        0.029  0.99835  -17.360    0.733  0.99951  *
*  53)    8.447   ( 27,  0)        0.013  0.99285  -16.682    1.424  0.99765  *
*  54)    8.447   (  0, 27)        0.013  0.99285  -16.682    1.424  0.99765  *
*  55)    7.864   (  0, 28)        0.001  0.99606  -16.158    0.985  0.99856  *
*  56)    7.864   ( 28,  0)        0.001  0.99606  -16.158    0.985  0.99856  *
*  57)    8.156   ( 29,  0)       -0.014  0.97008  -16.024    2.779  0.98990  *
*  58)    8.156   (  0, 29)       -0.014  0.97008  -16.024    2.779  0.98990  *
*  59)    6.416   ( 30,  0)       -0.042  0.98868  -14.626    1.358  0.99437  *
*  60)    6.416   (  0, 30)       -0.042  0.98868  -14.626    1.358  0.99437  *
*  61)    6.109   (  0, 31)       -0.003  0.99985  -14.463    0.149  0.99992  *
*  62)    6.109   ( 31,  0)       -0.003  0.99985  -14.463    0.149  0.99992  *
*  63)    9.081   ( 32,  0)       -0.044  0.82076  -14.181    6.966  0.95330  *
*  64)    9.081   (  0, 32)       -0.044  0.82076  -14.181    6.966  0.95330  *
*  65)    5.175   (  0, 33)       -0.002  0.99959  -13.526    0.210  0.99970  *
*  66)    5.175   ( 33,  0)       -0.002  0.99959  -13.526    0.210  0.99970  *
*  67)    5.088   ( 34,  0)        0.009  0.99940  -13.438    0.250  0.99954  *
*  68)    5.088   (  0, 34)        0.009  0.99940  -13.438    0.250  0.99954  *
*  69)    4.934   (  0, 35)        0.011  0.99976  -13.287    0.152  0.99981  *
*  70)    4.934   ( 35,  0)        0.011  0.99976  -13.287    0.152  0.99981  *
*  71)    5.277   ( 36,  0)       -0.070  0.96036  -13.214    2.059  0.97385  *
*  72)    5.277   (  0, 36)       -0.070  0.96036  -13.214    2.059  0.97385  *
*  73)    4.342   (  0, 37)        0.013  0.99665  -12.669    0.502  0.99646  *
*  74)    4.342   ( 37,  0)        0.013  0.99665  -12.669    0.502  0.99646  *
*  75)    4.262   ( 38,  0)       -0.010  0.99963  -12.614    0.164  0.99959  *
*  76)    4.262   (  0, 38)       -0.010  0.99963  -12.614    0.164  0.99959  *
*  77)    4.011   ( 39,  0)       -0.009  0.99019  -12.288    0.791  0.98785  *
*  78)    4.011   (  0, 39)       -0.009  0.99019  -12.288    0.791  0.98785  *
*  79)    3.950   (  0, 40)        0.234  0.99197  -12.242    0.705  0.98960  *
*  80)    3.950   ( 40,  0)        0.234  0.99197  -12.242    0.705  0.98960  *
*  81)    3.400   (  0, 41)        0.151  0.99485  -11.721    0.487  0.98986  *
*  82)    3.400   ( 41,  0)        0.151  0.99485  -11.721    0.487  0.98986  *
*  83)    3.191   (  0, 42)       -0.025  0.99533  -11.517    0.435  0.98873  *
*  84)    3.191   ( 42,  0)       -0.025  0.99533  -11.517    0.435  0.98873  *
*  85)    2.972   ( 43,  0)        0.253  0.99419  -11.293    0.452  0.98218  *
*  86)    2.972   (  0, 43)        0.253  0.99419  -11.293    0.452  0.98218  *
*  87)    2.867   (  0, 44)       -0.179  0.99026  -11.167    0.563  0.96727  *
*  88)    2.867   ( 44,  0)       -0.179  0.99026  -11.167    0.563  0.96727  *
*  89)    2.543   ( 45,  0)       -0.536  0.99654  -10.881    0.299  0.97760  *
*  90)    2.543   (  0, 45)       -0.536  0.99654  -10.881    0.299  0.97760  *
*  91)    2.336   (  0, 46)        0.095  0.98529  -10.623    0.562  0.88860  *
*  92)    2.336   ( 46,  0)        0.095  0.98529  -10.623    0.562  0.88860  *
*  95)    2.134   ( 48,  0)        0.288  0.98949  -10.445    0.435  0.84554  *
*  96)    2.134   (  0, 48)        0.288  0.98949  -10.445    0.435  0.84554  *
*  97)    1.785   (  0, 49)       -0.015  0.99482  -10.122    0.256  0.53235  *
*  98)    1.785   ( 49,  0)       -0.015  0.99482  -10.122    0.256  0.53235  *
*  99)    1.893   (  0, 50)        0.078  0.95668  -10.085    0.771  0.64432  *
* 100)    1.893   ( 50,  0)        0.078  0.95668  -10.085    0.771  0.64432  *
* 101)    1.072   (  0, 51)        0.014  0.97489   -9.374    0.336  0.18488  *
* 102)    1.072   ( 51,  0)        0.014  0.97489   -9.374    0.336  0.18488  *
* 103)    1.470   (  0, 52)       -0.070  0.83206   -9.332    1.099  0.46515  *
* 104)    1.470   ( 52,  0)       -0.070  0.83206   -9.332    1.099  0.46515  *
* 105)    1.046   ( 53,  0)       -0.072  0.96048   -9.319    0.407  0.20954  *
* 106)    1.046   (  0, 53)       -0.072  0.96048   -9.319    0.407  0.20954  *
* 107)    0.807   ( 54,  0)       -0.070  0.97119   -9.116    0.270  0.11872  *
* 108)    0.807   (  0, 54)       -0.070  0.97119   -9.116    0.270  0.11872  *
* 109)    2.747   ( 55,  0)        0.156  0.58517   -8.823    2.706  0.67586  *
* 110)    2.747   (  0, 55)        0.156  0.58517   -8.823    2.706  0.67586  *
* 111)    0.442   (  0, 56)       -0.028  0.97282   -8.774    0.144  0.04935  *
* 112)    0.442   ( 56,  0)       -0.028  0.97282   -8.774    0.144  0.04935  *
* 113)    0.380   ( 57,  0)        0.001  0.96952   -8.713    0.131  0.04315  *
* 114)    0.380   (  0, 57)        0.001  0.96952   -8.713    0.131  0.04315  *
* 115)    0.579   ( 58,  0)       -0.081  0.78263   -8.683    0.477  0.16683  *
* 116)    0.579   (  0, 58)       -0.081  0.78263   -8.683    0.477  0.16683  *
* 117)    0.473   ( 59,  0)       -0.223  0.65677   -8.504    0.449  0.15514  *
* 118)    0.473   (  0, 59)       -0.223  0.65677   -8.504    0.449  0.15514  *
* 123)    0.848   (  0, 62)        0.015  0.09624   -7.671    0.500  0.30862  *
* 124)    0.848   ( 62,  0)        0.015  0.09624   -7.671    0.500  0.30862  *
* 125)    2.687   ( 63,  0)        0.157  0.34818   -7.540    2.560  0.62670  *
* 126)    2.687   (  0, 63)        0.157  0.34818   -7.540    2.560  0.62670  *
* 127)    1.472   ( 64,  0)       -0.066  0.13864   -7.292    1.017  0.44327  *
* 128)    1.472   (  0, 64)       -0.066  0.13864   -7.292    1.017  0.44327  *
* 129)    1.743   ( 65,  0)        0.334  0.03045   -6.719    0.599  0.48132  *
* 130)    1.743   (  0, 65)        0.334  0.03045   -6.719    0.599  0.48132  *
* 131)    1.929   ( 66,  0)        0.147  0.03823   -6.574    0.740  0.50752  *
* 132)    1.929   (  0, 66)        0.147  0.03823   -6.574    0.740  0.50752  *
* 135)    2.675   (  0, 68)        0.138  0.07545   -6.085    1.413  0.59305  *
* 136)    2.675   ( 68,  0)        0.138  0.07545   -6.085    1.413  0.59305  *
* 137)    2.371   ( 69,  0)        0.059  0.00171   -5.992    0.196  0.55650  *
* 138)    2.371   (  0, 69)        0.059  0.00171   -5.992    0.196  0.55650  *
* 139)    2.625   (  0, 70)        0.071  0.01209   -5.794    0.574  0.58237  *
* 140)    2.625   ( 70,  0)        0.071  0.01209   -5.794    0.574  0.58237  *
* 141)    3.687   (  0, 71)        0.087  0.00053   -4.672    0.169  0.66107  *
* 142)    3.687   ( 71,  0)        0.087  0.00053   -4.672    0.169  0.66107  *
* 143)    3.726   ( 72,  0)        0.166  0.00455   -4.664    0.501  0.66383  *
* 144)    3.726   (  0, 72)        0.166  0.00455   -4.664    0.501  0.66383  *
* 145)    3.922   ( 73,  0)        0.229  0.00348   -4.461    0.462  0.67507  *
* 146)    3.922   (  0, 73)        0.229  0.00348   -4.461    0.462  0.67507  *
* 147)    4.031   (  0, 74)        0.029  0.01525   -4.448    0.988  0.68242  *
* 148)    4.031   ( 74,  0)        0.029  0.01525   -4.448    0.988  0.68242  *
* 149)    4.231   ( 75,  0)        0.091  0.00074   -4.131    0.230  0.69122  *
* 150)    4.231   (  0, 75)        0.091  0.00074   -4.131    0.230  0.69122  *
* 151)    4.767   ( 76,  0)       -0.050  0.00201   -3.608    0.427  0.71621  *
* 152)    4.767   (  0, 76)       -0.050  0.00201   -3.608    0.427  0.71621  *
* 153)    5.265   (  0, 77)       -0.057  0.03538   -3.463    1.945  0.73999  *
* 154)    5.265   ( 77,  0)       -0.057  0.03538   -3.463    1.945  0.73999  *
* 155)    5.400   ( 78,  0)       -0.039  0.00308   -2.989    0.599  0.74099  *
* 156)    5.400   (  0, 78)       -0.039  0.00308   -2.989    0.599  0.74099  *
* 157)    5.507   ( 79,  0)       -0.121  0.00031   -2.852    0.194  0.74442  *
* 158)    5.507   (  0, 79)       -0.121  0.00031   -2.852    0.194  0.74442  *
* 159)    5.758   (  0, 80)        0.011  0.00097   -2.609    0.358  0.75289  *
* 160)    5.758   ( 80,  0)        0.011  0.00097   -2.609    0.358  0.75289  *
* 161)    5.846   ( 81,  0)       -0.005  0.00147   -2.527    0.448  0.75577  *
* 162)    5.846   (  0, 81)       -0.005  0.00147   -2.527    0.448  0.75577  *
* 163)    6.297   (  0, 82)       -0.015  0.00175   -2.080    0.526  0.76927  *
* 164)    6.297   ( 82,  0)       -0.015  0.00175   -2.080    0.526  0.76927  *
* 165)    9.115   (  0, 83)       -0.034  0.15566   -2.078    6.609  0.84558  *
* 166)    9.115   ( 83,  0)       -0.034  0.15566   -2.078    6.609  0.84558  *
* 167)    6.568   (  0, 84)       -0.061  0.00649   -1.873    1.055  0.77721  *
* 168)    6.568   ( 84,  0)       -0.061  0.00649   -1.873    1.055  0.77721  *
* 169)    6.682   ( 85,  0)       -0.165  0.00198   -1.700    0.594  0.77966  *
* 170)    6.682   (  0, 85)       -0.165  0.00198   -1.700    0.594  0.77966  *
* 171)    6.853   (  0, 86)       -0.142  0.00112   -1.518    0.458  0.78388  *
* 172)    6.853   ( 86,  0)       -0.142  0.00112   -1.518    0.458  0.78388  *
* 173)    6.963   ( 87,  0)        0.070  0.00039   -1.398    0.276  0.78648  *
* 174)    6.963   (  0, 87)        0.070  0.00039   -1.398    0.276  0.78648  *
* 175)    7.051   (  0, 88)        0.078  0.00037   -1.310    0.271  0.78857  *
* 176)    7.051   ( 88,  0)        0.078  0.00037   -1.310    0.271  0.78857  *
* 177)    7.177   ( 89,  0)        0.055  0.00078   -1.190    0.401  0.79155  *
* 178)    7.177   (  0, 89)        0.055  0.00078   -1.190    0.401  0.79155  *
* 179)    7.584   ( 90,  0)        0.035  0.00086   -0.785    0.445  0.80052  *
* 180)    7.584   (  0, 90)        0.035  0.00086   -0.785    0.445  0.80052  *
* 181)    7.631   ( 91,  0)        0.006  0.00322   -0.774    0.864  0.80178  *
* 182)    7.631   (  0, 91)        0.006  0.00322   -0.774    0.864  0.80178  *
* 183)    7.681   (  0, 92)        0.007  0.00091   -0.689    0.464  0.80254  *
* 184)    7.681   ( 92,  0)        0.007  0.00091   -0.689    0.464  0.80254  *
* 185)    8.117   (  0, 93)       -0.011  0.02416   -0.630    2.493  0.81374  *
* 186)    8.117   ( 93,  0)       -0.011  0.02416   -0.630    2.493  0.81374  *
* 187)    7.749   ( 94,  0)       -0.055  0.00039   -0.613    0.305  0.80389  *
* 188)    7.749   (  0, 94)       -0.055  0.00039   -0.613    0.305  0.80389  *
* 189)    7.855   (  0, 95)       -0.071  0.00148   -0.524    0.604  0.80613  *
* 190)    7.855   ( 95,  0)       -0.071  0.00148   -0.524    0.604  0.80613  *
* 191)    8.387   (  0, 96)        0.210  0.00529   -0.057    1.217  0.81660  *
* 192)    8.387   ( 96,  0)        0.210  0.00529   -0.057    1.217  0.81660  *
* 193)    8.419   ( 97,  0)        0.034  0.00373    0.000    1.026  0.81699  *
* 194)    8.419   (  0, 97)        0.034  0.00373    0.000    1.026  0.81699  *
* 195)    8.473   (  0, 98)        0.032  0.00231    0.078    0.813  0.81780  *
* 196)    8.473   ( 98,  0)        0.032  0.00231    0.078    0.813  0.81780  *
* 197)    8.829   (  0, 99)       -0.013  0.01632    0.185    2.237  0.82535  *
* 198)    8.829   ( 99,  0)       -0.013  0.01632    0.185    2.237  0.82535  *
* 199)    8.581   (  0,100)        0.018  0.00177    0.195    0.721  0.81962  *
* 200)    8.581   (100,  0)        0.018  0.00177    0.195    0.721  0.81962  *
* 201)    8.759   (  0,101)        0.091  0.00227    0.363    0.834  0.82268  *
* 202)    8.759   (101,  0)        0.091  0.00227    0.363    0.834  0.82268  *
* 203)    8.954   (102,  0)        0.048  0.00691    0.475    1.484  0.82638  *
* 204)    8.954   (  0,102)        0.048  0.00691    0.475    1.484  0.82638  *
* 205)    9.586   (103,  0)       -0.006  0.01018    1.035    1.925  0.83630  *
* 206)    9.586   (  0,103)       -0.006  0.01018    1.035    1.925  0.83630  *
* 207)    9.475   (104,  0)       -0.050  0.00069    1.106    0.499  0.83370  *
* 208)    9.475   (  0,104)       -0.050  0.00069    1.106    0.499  0.83370  *
* 209)    9.615   (105,  0)        0.021  0.00157    1.229    0.762  0.83581  *
* 210)    9.615   (  0,105)        0.021  0.00157    1.229    0.762  0.83581  *
* 211)    9.707   (106,  0)       -0.015  0.00125    1.327    0.685  0.83709  *
* 212)    9.707   (  0,106)       -0.015  0.00125    1.327    0.685  0.83709  *
* 213)    9.928   (  0,107)       -0.001  0.00502    1.473    1.403  0.84053  *
* 214)    9.928   (107,  0)       -0.001  0.00502    1.473    1.403  0.84053  *
*                                                                             *
*1836)   TOTAL=  ( 918, 918)                                                  *
*                                                                             *
*******************************************************************************

*******************************************************************************
*                                                                             *
*  SINGLE-PARTICLE PROPERTIES: CANONICAL                           NEUTRONS   *
*                                                                             *
*******************************************************************************
*                                                                             *
*  NO)   ENERGY   (S=+,S=-)   | N,nz,lz,OMEz>   <P>    <JY>    <SY>   GFACT   *
*                                                                             *
*  43)  -11.837   ( 43,---)   | 4, 0, 0, 1/2>     8  -0.321  -0.072   0.223   *
*  44)  -11.593   ( 44,---)   | 5, 1, 4, 9/2>    20   0.752   0.344   0.457   *
*  45)  -11.317   ( 45,---)   | 8, 0, 2, 5/2>    29  -0.149  -0.460   3.077   *
*  46)  -11.245   ( 46,---)   | 7, 0, 3, 5/2>   -25  -0.627  -0.361   0.575   *
*  47)  -11.055   ( 47,---)   | 8, 0, 0, 1/2>    16  -0.462  -0.038   0.083   *
*  48)  -10.903   ( 48,---)   | 7, 0, 1, 1/2>   -49  -0.221  -0.471   2.130   *
*  49)  -10.653   ( 49,---)   | 6, 2, 4, 9/2>     9  -0.102  -0.068   0.666   *
*  50)  -10.460   ( 50,---)   | 8, 8, 0, 1/2>    28   0.003  -0.162 -5.E+01   *
*  51)  -10.223   ( 51,---)   | 9, 9, 0, 1/2>     7   0.804  -0.408  -0.507   *
*  52)  -10.135   ( 52,---)   | 7, 3, 2, 5/2>     0  -0.030  -0.006   0.190   *
*  53)   -9.751   ( 53,---)   | 8, 5, 3, 7/2>    -6   0.682   0.095   0.140   *
*  54)   -9.374   ( 54,---)   | 7, 3, 4, 7/2>     1  -0.634  -0.086   0.135   *
*  55)   -9.329   ( 55,---)   | 6, 2, 4, 7/2>    -7  -0.944  -0.183   0.194   *
*  56)   -8.750   ( 56,---)   | 6, 2, 0, 1/2>    -6   0.426  -0.122  -0.286   *
*  57)   -8.714   ( 57,---)   | 9, 9, 0, 1/2>   -14   0.676  -0.270  -0.400   *
*  58)   -8.709   ( 58,---)   | 8, 3, 5,11/2>     0  -0.000  -0.000   2.937   *
*  59)   -8.701   ( 59,---)   | 9, 9, 0, 1/2>    -8   1.743   0.006   0.004   *
*  60)   -8.663   ( 60,---)   | 7, 3, 2, 3/2>   -10   0.036  -0.014  -0.391   *
*  61)   -7.752   ( 61,---)   | 6, 2, 0, 1/2>    -8  -3.734  -0.473   0.127   *
*  62)   -6.849   ( 62,---)   | 9, 5, 4, 9/2>     0   0.006   0.001   0.087   *
*  63)   -6.500   ( 63,---)   | 6, 2, 2, 5/2>     2  -0.463  -0.278   0.600   *
*  64)   -6.084   ( 64,---)   | 9, 7, 2, 3/2>     0   0.039  -0.272  -6.954   *
*  65)   -5.297   ( 65,---)   | 6, 2, 2, 3/2>    15   0.850   0.226   0.266   *
*  66)   -5.144   ( 66,---)   | 9, 7, 2, 5/2>    -5   0.058  -0.047  -0.817   *
*  67)   -4.164   ( 67,---)   | 9, 5, 2, 5/2>    -1  -2.912  -0.313   0.107   *
*  68)   -3.994   ( 68,---)   | 8, 3, 1, 3/2>     2   0.979   0.065   0.066   *
*  69)   -3.617   ( 69,---)   | 6, 2, 4, 7/2>     0  -0.041   0.100  -2.444   *
*  70)   -3.585   ( 70,---)   | 8, 3, 3, 7/2>    11   0.026   0.018   0.716   *
*  71)   -3.354   ( 71,---)   | 6, 2, 0, 1/2>     1   0.174  -0.169  -0.969   *
*  72)   -2.668   ( 72,---)   |10,10, 0, 1/2>    10   0.185  -0.086  -0.464   *
*  73)   -2.445   ( 73,---)   | 7, 4, 3, 5/2>     0  -0.844  -0.090   0.106   *
*  74)   -1.917   ( 74,---)   | 7, 2, 5,11/2>     0  -0.023  -0.014   0.627   *
*  75)   -1.785   ( 75,---)   | 6, 2, 2, 3/2>     1  -1.503  -0.001   0.000   *
*  76)   -1.156   ( 76,---)   | 8, 4, 4, 9/2>     0  -0.675  -0.042   0.062   *
*  77)   -0.280   ( 77,---)   | 7, 4, 1, 1/2>    -1   1.227  -0.290  -0.237   *
*  78)   -0.135   ( 78,---)   | 9, 8, 1, 3/2>    -3  -0.611   0.023  -0.038   *
*  79)   -0.083   ( 79,---)   |10,10, 0, 1/2>    12   0.230  -0.251  -1.092   *
*  80)   -0.013   ( 80,---)   | 9, 6, 3, 7/2>     0   1.436   0.220   0.153   *
*                                                                             *
*******************************************************************************

*******************************************************************************
*                                                                             *
*  HFB PAIRING PROPERTIES                                           NEUTRONS  *
*                                                                             *
*  STRENGTH= 0.0829   GAP=-0.2736   FERMI ENERGY=-10.2466   ENERGY=  -0.9033  *
*                                                                             *
*******************************************************************************

*******************************************************************************
*                                                                             *
*  MULTIPOLE MOMENTS [UNITS:  (10 FERMI)^LAMBDA]                    NEUTRONS  *
*                                                                             *
*******************************************************************************
*                                                                             *
*  Q00 = 98.0000  .............  .............  .............  .............  *
*                                                                             *
*  Q10 =  9.1218  Q11 =    ZERO  .............  .............  .............  *
*                                                                             *
*  Q20 = 57.0421  Q21 =    ZERO  Q22 = -1.5778  .............  .............  *
*                                                                             *
*  Q30 =  4.5954  Q31 =    ZERO  Q32 =  0.3346  Q33 =    ZERO  .............  *
*                                                                             *
*  Q40 =  8.1782  Q41 =    ZERO  Q42 = -0.1327  Q43 =    ZERO  Q44 =  0.5530  *
*                                                                             *
*******************************************************************************

*******************************************************************************
*                                                                             *
*  ROOT-MEAN-SQUARE AND GEOMETRIC SIZES IN FERMIS                   NEUTRONS  *
*                                                                             *
*  R_RMS =  7.7247     X_RMS =  3.1184    Y_RMS =  3.2640    Z_RMS =  6.2684  *
*                                                                             *
*  R_GEO =  9.9725     X_GEO =  6.9730    Y_GEO =  7.2986    Z_GEO = 14.0165  *
*                                                                             *
*******************************************************************************

*******************************************************************************
*                                                                             *
*  BOHR DEFORMATIONS (FIRST-ORDER APPROXIMATION)                    NEUTRONS  *
*                                                                             *
*******************************************************************************
*                                                                             *
*  B10 =  0.1910  B11 =    ZERO  .............  .............  .............  *
*                                                                             *
*  B20 =  0.7732  B21 =    ZERO  B22 = -0.0214  .............  .............  *
*                                                                             *
*  B30 =  0.1980  B31 =    ZERO  B32 =  0.0204  B33 =    ZERO  .............  *
*                                                                             *
*  B40 =  0.3534  B41 =    ZERO  B42 = -0.0081  B43 =    ZERO  B44 =  0.0338  *
*                                                                             *
*******************************************************************************
*                                                                             *
*  BOHR DENSITY = 0.0236 FM^(-3)  BOHR RADIUS =   9.9725 FM                   *
*                                                                             *
*******************************************************************************

*******************************************************************************
*                                                                             *
*  SINGLE-QUASIPARTICLE PROPERTIES:                                 PROTONS   *
*                                                                             *
*******************************************************************************
*                                                                             *
*  NO)   ENERGY   (S=+,S=-)       PARITY   V2QUAP   EEQUIV   DEQUIV   V_CORR  *
*                                                                             *
*  33)    9.867   ( 17,  0)        0.004  0.99825  -12.194    0.824  0.99985  *
*  34)    9.867   (  0, 17)        0.004  0.99825  -12.194    0.824  0.99985  *
*  37)    9.041   (  0, 19)        0.001  0.98995  -11.220    1.804  0.99907  *
*  38)    9.041   ( 19,  0)        0.001  0.98995  -11.220    1.804  0.99907  *
*  39)    8.906   (  0, 20)        0.011  0.99109  -11.108    1.674  0.99916  *
*  40)    8.906   ( 20,  0)        0.011  0.99109  -11.108    1.674  0.99916  *
*  41)    8.577   (  0, 21)        0.025  0.99041  -10.774    1.672  0.99906  *
*  42)    8.577   ( 21,  0)        0.025  0.99041  -10.774    1.672  0.99906  *
*  43)    7.902   (  0, 22)       -0.002  0.98438  -10.016    1.960  0.99831  *
*  44)    7.902   ( 22,  0)       -0.002  0.98438  -10.016    1.960  0.99831  *
*  45)    8.377   ( 23,  0)       -0.003  0.91972   -9.393    4.552  0.99203  *
*  46)    8.377   (  0, 23)       -0.003  0.91972   -9.393    4.552  0.99203  *
*  47)    6.290   ( 24,  0)       -0.001  0.99984   -8.649    0.157  0.99998  *
*  48)    6.290   (  0, 24)       -0.001  0.99984   -8.649    0.157  0.99998  *
*  49)    6.131   (  0, 25)       -0.023  0.99857   -8.475    0.464  0.99979  *
*  50)    6.131   ( 25,  0)       -0.023  0.99857   -8.475    0.464  0.99979  *
*  51)    5.259   ( 26,  0)        0.022  0.98828   -7.497    1.132  0.99794  *
*  52)    5.259   (  0, 26)        0.022  0.98828   -7.497    1.132  0.99794  *
*  53)    5.128   ( 27,  0)       -0.019  0.99324   -7.420    0.841  0.99877  *
*  54)    5.128   (  0, 27)       -0.019  0.99324   -7.420    0.841  0.99877  *
*  55)    4.927   ( 28,  0)       -0.003  0.98850   -7.175    1.051  0.99780  *
*  56)    4.927   (  0, 28)       -0.003  0.98850   -7.175    1.051  0.99780  *
*  57)    4.344   (  0, 29)        0.006  0.99921   -6.699    0.244  0.99982  *
*  58)    4.344   ( 29,  0)        0.006  0.99921   -6.699    0.244  0.99982  *
*  59)    4.237   (  0, 30)        0.000  0.98509   -6.472    1.027  0.99655  *
*  60)    4.237   ( 30,  0)        0.000  0.98509   -6.472    1.027  0.99655  *
*  61)    3.626   ( 31,  0)        0.001  0.97130   -5.779    1.211  0.99190  *
*  62)    3.626   (  0, 31)        0.001  0.97130   -5.779    1.211  0.99190  *
*  63)    3.426   ( 32,  0)        0.000  0.99179   -5.731    0.618  0.99745  *
*  64)    3.426   (  0, 32)        0.000  0.99179   -5.731    0.618  0.99745  *
*  65)    2.042   (  0, 33)       -0.177  0.96368   -4.255    0.764  0.97549  *
*  66)    2.042   ( 33,  0)       -0.177  0.96368   -4.255    0.764  0.97549  *
*  67)    1.943   ( 34,  0)       -0.002  0.89763   -3.907    1.178  0.93366  *
*  68)    1.943   (  0, 34)       -0.002  0.89763   -3.907    1.178  0.93366  *
*  69)    1.797   (  0, 35)       -0.003  0.91427   -3.851    1.006  0.93479  *
*  70)    1.797   ( 35,  0)       -0.003  0.91427   -3.851    1.006  0.93479  *
*  71)    1.720   (  0, 36)        0.005  0.91032   -3.773    0.983  0.92709  *
*  72)    1.720   ( 36,  0)        0.005  0.91032   -3.773    0.983  0.92709  *
*  73)    1.463   (  0, 37)       -0.029  0.83155   -3.331    1.095  0.85178  *
*  74)    1.463   ( 37,  0)       -0.029  0.83155   -3.331    1.095  0.85178  *
*  75)    1.433   ( 38,  0)        0.030  0.81923   -3.276    1.103  0.84062  *
*  76)    1.433   (  0, 38)        0.030  0.81923   -3.276    1.103  0.84062  *
*  77)    1.169   (  0, 39)        0.245  0.73942   -2.921    1.026  0.74839  *
*  78)    1.169   ( 39,  0)        0.245  0.73942   -2.921    1.026  0.74839  *
*  79)    1.133   ( 40,  0)       -0.082  0.74568   -2.918    0.987  0.74081  *
*  80)    1.133   (  0, 40)       -0.082  0.74568   -2.918    0.987  0.74081  *
*  81)    1.099   (  0, 41)        0.339  0.69464   -2.789    1.013  0.71323  *
*  82)    1.099   ( 41,  0)        0.339  0.69464   -2.789    1.013  0.71323  *
*  83)    0.758   ( 42,  0)       -0.192  0.73946   -2.724    0.665  0.58633  *
*  84)    0.758   (  0, 42)       -0.192  0.73946   -2.724    0.665  0.58633  *
*  85)    0.988   ( 43,  0)       -0.101  0.67201   -2.701    0.927  0.67079  *
*  86)    0.988   (  0, 43)       -0.101  0.67201   -2.701    0.927  0.67079  *
*  87)    0.574   ( 44,  0)       -0.055  0.79016   -2.695    0.468  0.46736  *
*  88)    0.574   (  0, 44)       -0.055  0.79016   -2.695    0.468  0.46736  *
*  89)    1.061   (  0, 45)        0.108  0.65677   -2.694    1.007  0.69045  *
*  90)    1.061   ( 45,  0)        0.108  0.65677   -2.694    1.007  0.69045  *
*  91)    1.017   (  0, 46)        0.100  0.57751   -2.519    1.005  0.65767  *
*  92)    1.017   ( 46,  0)        0.100  0.57751   -2.519    1.005  0.65767  *
*  93)    0.176   (  0, 47)       -0.429  0.16036   -2.242    0.129  0.18624  *
*  94)    0.176   ( 47,  0)       -0.429  0.16036   -2.242    0.129  0.18624  *
*  95)    1.562   ( 48,  0)        0.302  0.27482   -1.658    1.394  0.71514  *
*  96)    1.562   (  0, 48)        0.302  0.27482   -1.658    1.394  0.71514  *
*  97)    1.928   (  0, 49)        0.340  0.02527   -0.531    0.605  0.72602  *
*  98)    1.928   ( 49,  0)        0.340  0.02527   -0.531    0.605  0.72602  *
*  99)    2.529   ( 50,  0)        0.095  0.00658    0.135    0.409  0.77474  *
* 100)    2.529   (  0, 50)        0.095  0.00658    0.135    0.409  0.77474  *
* 101)    2.838   ( 51,  0)       -0.007  0.02140    0.355    0.821  0.79592  *
* 102)    2.838   (  0, 51)       -0.007  0.02140    0.355    0.821  0.79592  *
* 103)    2.915   ( 52,  0)        0.001  0.03008    0.379    0.996  0.80126  *
* 104)    2.915   (  0, 52)        0.001  0.03008    0.379    0.996  0.80126  *
* 105)    3.133   ( 53,  0)       -0.369  0.00341    0.750    0.365  0.80957  *
* 106)    3.133   (  0, 53)       -0.369  0.00341    0.750    0.365  0.80957  *
* 107)    3.424   (  0, 54)        0.004  0.03705    0.809    1.293  0.82656  *
* 108)    3.424   ( 54,  0)        0.004  0.03705    0.809    1.293  0.82656  *
* 109)    3.945   ( 55,  0)        0.014  0.01519    1.463    0.965  0.84382  *
* 110)    3.945   (  0, 55)        0.014  0.01519    1.463    0.965  0.84382  *
* 111)    3.957   ( 56,  0)        0.009  0.01347    1.489    0.912  0.84405  *
* 112)    3.957   (  0, 56)        0.009  0.01347    1.489    0.912  0.84405  *
* 113)    4.014   ( 57,  0)       -0.259  0.00120    1.643    0.278  0.84469  *
* 114)    4.014   (  0, 57)       -0.259  0.00120    1.643    0.278  0.84469  *
* 115)    4.261   ( 58,  0)        0.000  0.01991    1.730    1.191  0.85423  *
* 116)    4.261   (  0, 58)        0.000  0.01991    1.730    1.191  0.85423  *
* 117)    4.693   ( 59,  0)       -0.240  0.00074    2.325    0.256  0.86407  *
* 118)    4.693   (  0, 59)       -0.240  0.00074    2.325    0.256  0.86407  *
* 119)    5.187   (  0, 60)       -0.057  0.00703    2.753    0.867  0.87597  *
* 120)    5.187   ( 60,  0)       -0.057  0.00703    2.753    0.867  0.87597  *
* 121)    5.790   ( 61,  0)       -0.035  0.00124    3.415    0.407  0.88696  *
* 122)    5.790   (  0, 61)       -0.035  0.00124    3.415    0.407  0.88696  *
* 123)    6.334   (  0, 62)        0.000  0.00784    3.873    1.117  0.89618  *
* 124)    6.334   ( 62,  0)        0.000  0.00784    3.873    1.117  0.89618  *
* 125)    6.691   ( 63,  0)        0.001  0.00450    4.269    0.895  0.90092  *
* 126)    6.691   (  0, 63)        0.001  0.00450    4.269    0.895  0.90092  *
* 127)    6.703   ( 64,  0)        0.228  0.00145    4.322    0.510  0.90084  *
* 128)    6.703   (  0, 64)        0.228  0.00145    4.322    0.510  0.90084  *
* 129)    6.809   ( 65,  0)        0.002  0.00571    4.369    1.026  0.90256  *
* 130)    6.809   (  0, 65)        0.002  0.00571    4.369    1.026  0.90256  *
* 131)    7.088   ( 66,  0)       -0.003  0.00576    4.645    1.072  0.90604  *
* 132)    7.088   (  0, 66)       -0.003  0.00576    4.645    1.072  0.90604  *
* 133)    8.599   ( 67,  0)       -0.002  0.07992    4.863    4.664  0.92610  *
* 134)    8.599   (  0, 67)       -0.002  0.07992    4.863    4.664  0.92610  *
* 135)    7.409   (  0, 68)        0.055  0.00754    4.936    1.282  0.90987  *
* 136)    7.409   ( 68,  0)        0.055  0.00754    4.936    1.282  0.90987  *
* 137)    7.588   ( 69,  0)        0.468  0.00045    5.220    0.321  0.91132  *
* 138)    7.588   (  0, 69)        0.468  0.00045    5.220    0.321  0.91132  *
* 139)    7.991   ( 70,  0)       -0.001  0.01208    5.436    1.746  0.91620  *
* 140)    7.991   (  0, 70)       -0.001  0.01208    5.436    1.746  0.91620  *
* 141)    8.782   (  0, 71)       -0.018  0.00491    6.334    1.228  0.92272  *
* 142)    8.782   ( 71,  0)       -0.018  0.00491    6.334    1.228  0.92272  *
* 143)    8.989   ( 72,  0)       -0.000  0.01176    6.416    1.938  0.92479  *
* 144)    8.989   (  0, 72)       -0.000  0.01176    6.416    1.938  0.92479  *
* 145)    9.253   ( 73,  0)       -0.049  0.00282    6.839    0.981  0.92624  *
* 146)    9.253   (  0, 73)       -0.049  0.00282    6.839    0.981  0.92624  *
* 147)    9.565   (  0, 74)       -0.067  0.00232    7.159    0.921  0.92845  *
* 148)    9.565   ( 74,  0)       -0.067  0.00232    7.159    0.921  0.92845  *
*                                                                             *
*1468)   TOTAL=  ( 734, 734)                                                  *
*                                                                             *
*******************************************************************************

*******************************************************************************
*                                                                             *
*  SINGLE-PARTICLE PROPERTIES: CANONICAL                            PROTONS   *
*                                                                             *
*******************************************************************************
*                                                                             *
*  NO)   ENERGY   (S=+,S=-)   | N,nz,lz,OMEz>   <P>    <JY>    <SY>   GFACT   *
*                                                                             *
*  18)  -11.932   ( 18,---)   | 5, 4, 1, 3/2>     0  -0.227   0.161  -0.711   *
*  19)  -11.630   ( 19,---)   | 5, 3, 0, 1/2>   -24   0.363  -0.427  -1.176   *
*  20)  -11.234   ( 20,---)   | 6, 3, 3, 5/2>     0  -0.150  -0.017   0.113   *
*  21)  -10.897   ( 21,---)   | 7, 7, 0, 1/2>     2   0.130  -0.452  -3.485   *
*  22)  -10.691   ( 22,---)   | 6, 3, 1, 3/2>     0   0.073   0.017   0.234   *
*  23)  -10.341   ( 23,---)   | 6, 3, 1, 1/2>     0  -1.409  -0.172   0.122   *
*  24)   -8.660   ( 24,---)   | 5, 2, 3, 7/2>    -1   0.045  -0.025  -0.542   *
*  25)   -7.899   ( 25,---)   | 7, 7, 0, 1/2>     0   0.831  -0.157  -0.188   *
*  26)   -7.705   ( 26,---)   | 6, 6, 0, 1/2>     0   1.088   0.040   0.037   *
*  27)   -7.506   ( 27,---)   | 6, 4, 2, 5/2>     0  -0.199  -0.044   0.219   *
*  28)   -7.480   ( 28,---)   | 7, 5, 2, 5/2>     0  -0.138   0.184  -1.334   *
*  29)   -7.319   ( 29,---)   | 7, 5, 2, 3/2>     0   0.127  -0.200  -1.573   *
*  30)   -6.541   ( 30,---)   | 6, 3, 1, 1/2>     0   0.192  -0.224  -1.165   *
*  31)   -5.789   ( 31,---)   | 7, 5, 0, 1/2>     0  -2.960  -0.469   0.158   *
*  32)   -5.783   ( 32,---)   | 7, 3, 4, 9/2>     0   0.000   0.000   0.043   *
*  33)   -4.325   ( 33,---)   | 4, 1, 1, 3/2>   -14   0.388   0.258   0.665   *
*  34)   -3.931   ( 34,---)   | 8, 5, 3, 7/2>     0  -0.027   0.002  -0.086   *
*  35)   -3.861   ( 35,---)   | 8, 7, 1, 3/2>    -1   0.207  -0.198  -0.955   *
*  36)   -3.800   ( 36,---)   | 8, 7, 1, 1/2>     0  -0.061   0.056  -0.908   *
*  37)   -3.645   ( 37,---)   | 5, 2, 3, 5/2>    -1  -0.182  -0.089   0.488   *
*  38)   -3.346   ( 38,---)   | 8, 0, 0, 1/2>    29  -0.432  -0.290   0.670   *
*  39)   -3.339   ( 39,---)   | 7, 3, 2, 5/2>     2   0.000  -0.004 -5.E+01   *
*  40)   -3.064   ( 40,---)   | 8, 0, 2, 5/2>    29  -0.243  -0.395   1.622   *
*  41)   -3.023   ( 41,---)   | 8, 0, 2, 3/2>    19  -0.206  -0.109   0.527   *
*  42)   -2.919   ( 42,---)   | 7, 0, 3, 7/2>   -17  -0.307  -0.208   0.677   *
*  43)   -2.730   ( 43,---)   | 7, 0, 1, 3/2>   -31   0.195   0.108   0.557   *
*  44)   -2.611   ( 44,---)   | 7, 3, 2, 3/2>     0   0.196   0.026   0.135   *
*  45)   -2.610   ( 45,---)   | 5, 2, 3, 5/2>   -13  -0.223  -0.127   0.569   *
*  46)   -2.287   ( 46,---)   | 7, 3, 0, 1/2>     0  -2.008  -0.339   0.169   *
*  47)   -0.233   ( 47,---)   | 8, 7, 1, 1/2>     8  -0.263   0.141  -0.538   *
*                                                                             *
*******************************************************************************

*******************************************************************************
*                                                                             *
*  HFB PAIRING PROPERTIES                                            PROTONS  *
*                                                                             *
*  STRENGTH= 0.0555   GAP= 0.6227   FERMI ENERGY= -3.1001   ENERGY=  -6.9883  *
*                                                                             *
*******************************************************************************

*******************************************************************************
*                                                                             *
*  MULTIPOLE MOMENTS [UNITS:  (10 FERMI)^LAMBDA]                     PROTONS  *
*                                                                             *
*******************************************************************************
*                                                                             *
*  Q00 = 78.0000  .............  .............  .............  .............  *
*                                                                             *
*  Q10 = 10.2861  Q11 =    ZERO  .............  .............  .............  *
*                                                                             *
*  Q20 = 50.6649  Q21 =    ZERO  Q22 = -1.2232  .............  .............  *
*                                                                             *
*  Q30 =  4.0346  Q31 =    ZERO  Q32 =  0.2417  Q33 =    ZERO  .............  *
*                                                                             *
*  Q40 =  6.4890  Q41 =    ZERO  Q42 = -0.0829  Q43 =    ZERO  Q44 =  0.2566  *
*                                                                             *
*******************************************************************************

*******************************************************************************
*                                                                             *
*  ROOT-MEAN-SQUARE AND GEOMETRIC SIZES IN FERMIS                    PROTONS  *
*                                                                             *
*  R_RMS =  7.7206     X_RMS =  2.9310    Y_RMS =  3.0816    Z_RMS =  6.4437  *
*                                                                             *
*  R_GEO =  9.9673     X_GEO =  6.5539    Y_GEO =  6.8906    Z_GEO = 14.4085  *
*                                                                             *
*******************************************************************************

*******************************************************************************
*                                                                             *
*  BOHR DEFORMATIONS (FIRST-ORDER APPROXIMATION)                     PROTONS  *
*                                                                             *
*******************************************************************************
*                                                                             *
*  B10 =  0.2708  B11 =    ZERO  .............  .............  .............  *
*                                                                             *
*  B20 =  0.8638  B21 =    ZERO  B22 = -0.0209  .............  .............  *
*                                                                             *
*  B30 =  0.2188  B31 =    ZERO  B32 =  0.0185  B33 =    ZERO  .............  *
*                                                                             *
*  B40 =  0.3531  B41 =    ZERO  B42 = -0.0064  B43 =    ZERO  B44 =  0.0197  *
*                                                                             *
*******************************************************************************
*                                                                             *
*  BOHR DENSITY = 0.0188 FM^(-3)  BOHR RADIUS =   9.9673 FM                   *
*                                                                             *
*******************************************************************************

*******************************************************************************
*                                                                             *
*                  DENSITY INTEGRALS IN THE SKYRME FUNCTIONAL                 *
*                                                                             *
*******************************************************************************
*                                                                             *
*                   TOTAL(T)        SUM(S)      ISOSCALAR(P)  ISOVECTOR(M)    *
*                   --------        ------      ------------  ------------    *
*    DRHO_ =       17.293599      8.732161         17.293599      0.170722    *
*    DRHOD =        7.726539      3.897348          7.726539      0.068157    *
*    DLPR_ =       -4.758113     -2.415737         -4.758113     -0.073360    *
*    DTAU_ =       14.165678      7.173487         14.165678      0.181297    *
*    DSCU_ =        0.146297      0.081146          0.146297      0.015994    *
*    DDIV_ =        0.937727      0.471654          0.937727      0.005580    *
*                                                                             *
*    DSPI_ =        0.000000      0.000000          0.000000      0.000000    *
*    DSPID =        0.000000      0.000000          0.000000      0.000000    *
*    DLPS_ =        0.000000      0.000000          0.000000      0.000000    *
*    DCUR_ =        0.000000      0.000000          0.000000      0.000000    *
*    DKIS_ =        0.000000      0.000000          0.000000      0.000000    *
*    DROT_ =        0.000000      0.000000          0.000000      0.000000    *
*                                                                             *
*******************************************************************************

*******************************************************************************
*                                                                             *
*               CONTRIBUTIONS TO ENERGY IN THE SKYRME FUNCTIONAL              *
*                                                                             *
*******************************************************************************
*                                                                             *
*                 TOTAL(T)        SUM(S)        ISOSCALAR(P)  ISOVECTOR(M)    *
*                 --------        ------        ------------  ------------    *
*    ERHO_ =   -15461.516698   4700.658179     -10806.809760     45.951241    *
*    ERHOD =     7790.001871  -1977.373747       5829.918436    -17.290312    *
*    ELPR_ =     -467.890549    695.418440        216.968838     10.559052    *
*    ETAU_ =      469.678095   -346.275251        127.778587     -4.375743    *
*    ESCU_ =        0.000000      0.000000          0.000000      0.000000    *
*    EDIV_ =      -20.661729    -48.969482        -69.341533     -0.289678    *
*               ============  ============      ============  ============    *
*    SUM EVEN:  -7690.389011   3023.458139      -4701.485432     34.554560    *
*                                                                             *
*    ESPI_ =        0.000000      0.000000          0.000000      0.000000    *
*    ESPID =        0.000000      0.000000          0.000000      0.000000    *
*    ELPS_ =        0.000000      0.000000          0.000000      0.000000    *
*    ECUR_ =        0.000000      0.000000          0.000000      0.000000    *
*    EKIS_ =        0.000000      0.000000          0.000000      0.000000    *
*    EROT_ =        0.000000      0.000000          0.000000      0.000000    *
*               ============  ============      ============  ============    *
*    SUM  ODD:      0.000000      0.000000          0.000000      0.000000    *
*                                                                             *
*******************************************************************************
 
*******************************************************************************
*                                                                             *
*  CENTER-OF-MASS COORDINATES IN FERMIS                                TOTAL  *
*                                                                             *
*  R_CMS =  1.1027     X_CMS =  0.0000    Y_CMS =  0.0000    Z_CMS =  1.1027  *
*                                                                             *
*******************************************************************************

*******************************************************************************
*                                                                             *
*  MULTIPOLE MOMENTS [UNITS:  (10 FERMI)^LAMBDA] [CENT-MASS FRAME]  NEUTRONS  *
*                                                                             *
*******************************************************************************
*                                                                             *
*  Q00 = 98.0000  .............  .............  .............  .............  *
*                                                                             *
*  Q10 = -1.6849  Q11 =    ZERO  .............  .............  .............  *
*                                                                             *
*  Q20 = 55.4019  Q21 =    ZERO  Q22 = -1.5778  .............  .............  *
*                                                                             *
*  Q30 = -2.2963  Q31 =    ZERO  Q32 =  0.4373  Q33 =    ZERO  .............  *
*                                                                             *
*  Q40 =  7.6117  Q41 =    ZERO  Q42 = -0.2998  Q43 =    ZERO  Q44 =  0.5530  *
*                                                                             *
*******************************************************************************

*******************************************************************************
*                                                                             *
*  BOHR DEFORMATIONS (FIRST-ORDER APPROXIMATION) [CENT-MASS FRAME]  NEUTRONS  *
*                                                                             *
*******************************************************************************
*                                                                             *
*  B10 = -0.0390  B11 =    ZERO  .............  .............  .............  *
*                                                                             *
*  B20 =  0.9170  B21 =    ZERO  B22 = -0.0261  .............  .............  *
*                                                                             *
*  B30 = -0.1335  B31 =    ZERO  B32 =  0.0360  B33 =    ZERO  .............  *
*                                                                             *
*  B40 =  0.4904  B41 =    ZERO  B42 = -0.0273  B43 =    ZERO  B44 =  0.0504  *
*                                                                             *
*******************************************************************************
*                                                                             *
*  BOHR DENSITY = 0.0318 FM^(-3)  BOHR RADIUS =   9.0248 FM                   *
*                                                                             *
*******************************************************************************

*******************************************************************************
*                                                                             *
*  MULTIPOLE MOMENTS [UNITS:  (10 FERMI)^LAMBDA] [CENT-MASS FRAME]   PROTONS  *
*                                                                             *
*******************************************************************************
*                                                                             *
*  Q00 = 78.0000  .............  .............  .............  .............  *
*                                                                             *
*  Q10 =  1.6849  Q11 =    ZERO  .............  .............  .............  *
*                                                                             *
*  Q20 = 48.0248  Q21 =    ZERO  Q22 = -1.2232  .............  .............  *
*                                                                             *
*  Q30 = -2.0181  Q31 =    ZERO  Q32 =  0.3213  Q33 =    ZERO  .............  *
*                                                                             *
*  Q40 =  5.9984  Q41 =    ZERO  Q42 = -0.2048  Q43 =    ZERO  Q44 =  0.2566  *
*                                                                             *
*******************************************************************************

*******************************************************************************
*                                                                             *
*  BOHR DEFORMATIONS (FIRST-ORDER APPROXIMATION) [CENT-MASS FRAME]   PROTONS  *
*                                                                             *
*******************************************************************************
*                                                                             *
*  B10 =  0.0514  B11 =    ZERO  .............  .............  .............  *
*                                                                             *
*  B20 =  1.1004  B21 =    ZERO  B22 = -0.0280  .............  .............  *
*                                                                             *
*  B30 = -0.1705  B31 =    ZERO  B32 =  0.0384  B33 =    ZERO  .............  *
*                                                                             *
*  B40 =  0.5895  B41 =    ZERO  B42 = -0.0285  B43 =    ZERO  B44 =  0.0357  *
*                                                                             *
*******************************************************************************
*                                                                             *
*  BOHR DENSITY = 0.0293 FM^(-3)  BOHR RADIUS =   8.5977 FM                   *
*                                                                             *
*******************************************************************************

*******************************************************************************
*                                                                             *
*  EULER ANGLES OF THE PRINCIPAL-AXES FRAME IN DEGREES                 TOTAL  *
*                                                                             *
*  ALPHA =270.00000  BETA =  0.00000  GAMMA =  0.00000                        *
*                                                                             *
*******************************************************************************

*******************************************************************************
*                                                                             *
*  ROOT-MEAN-SQUARE AND GEOMETRIC SIZES IN FERMIS                      TOTAL  *
*                                                                             *
*  R_RMS =  7.7229     X_RMS =  3.0368    Y_RMS =  3.1845    Z_RMS =  6.3467  *
*                                                                             *
*  R_GEO =  9.9702     X_GEO =  6.7904    Y_GEO =  7.1207    Z_GEO = 14.1915  *
*                                                                             *
*******************************************************************************

*******************************************************************************
*                                                                             *
*  MULTIPOLE MOMENTS [UNITS:  (10 FERMI)^LAMBDA]                       TOTAL  *
*                                                                             *
*******************************************************************************
*                                                                             *
*  Q00 =176.0000  .............  .............  .............  .............  *
*                                                                             *
*  Q10 = 19.4078  Q11 =    ZERO  .............  .............  .............  *
*                                                                             *
*  Q20 =107.7069  Q21 =    ZERO  Q22 = -2.8010  .............  .............  *
*                                                                             *
*  Q30 =  8.6300  Q31 =    ZERO  Q32 =  0.5763  Q33 =    ZERO  .............  *
*                                                                             *
*  Q40 = 14.6672  Q41 =    ZERO  Q42 = -0.2156  Q43 =    ZERO  Q44 =  0.8097  *
*                                                                             *
*******************************************************************************

*******************************************************************************
*                                                                             *
*  BOHR DEFORMATIONS (FIRST-ORDER APPROXIMATION)                       TOTAL  *
*                                                                             *
*******************************************************************************
*                                                                             *
*  B10 =  0.2264  B11 =    ZERO  .............  .............  .............  *
*                                                                             *
*  B20 =  0.8133  B21 =    ZERO  B22 = -0.0212  .............  .............  *
*                                                                             *
*  B30 =  0.2072  B31 =    ZERO  B32 =  0.0196  B33 =    ZERO  .............  *
*                                                                             *
*  B40 =  0.3533  B41 =    ZERO  B42 = -0.0073  B43 =    ZERO  B44 =  0.0276  *
*                                                                             *
*******************************************************************************
*                                                                             *
*  BOHR DENSITY = 0.0424 FM^(-3)  BOHR RADIUS =   9.9702 FM                   *
*                                                                             *
*******************************************************************************

*******************************************************************************
*                                                                             *
*  MULTIPOLE MOMENTS [UNITS:  (10 FERMI)^LAMBDA] [CENT-MASS FRAME]     TOTAL  *
*                                                                             *
*******************************************************************************
*                                                                             *
*  Q00 =176.0000  .............  .............  .............  .............  *
*                                                                             *
*  Q10 =    ZERO  Q11 =    ZERO  .............  .............  .............  *
*                                                                             *
*  Q20 =103.4267  Q21 =    ZERO  Q22 = -2.8010  .............  .............  *
*                                                                             *
*  Q30 = -4.3144  Q31 =    ZERO  Q32 =  0.7586  Q33 =    ZERO  .............  *
*                                                                             *
*  Q40 = 13.6100  Q41 =    ZERO  Q42 = -0.5047  Q43 =    ZERO  Q44 =  0.8097  *
*                                                                             *
*******************************************************************************

*******************************************************************************
*                                                                             *
*  BOHR DEFORMATIONS (FIRST-ORDER APPROXIMATION) [CENT-MASS FRAME]     TOTAL  *
*                                                                             *
*******************************************************************************
*                                                                             *
*  B10 =    ZERO  B11 =    ZERO  .............  .............  .............  *
*                                                                             *
*  B20 =  0.9940  B21 =    ZERO  B22 = -0.0269  .............  .............  *
*                                                                             *
*  B30 = -0.1488  B31 =    ZERO  B32 =  0.0370  B33 =    ZERO  .............  *
*                                                                             *
*  B40 =  0.5310  B41 =    ZERO  B42 = -0.0278  B43 =    ZERO  B44 =  0.0447  *
*                                                                             *
*******************************************************************************
*                                                                             *
*  BOHR DENSITY = 0.0609 FM^(-3)  BOHR RADIUS =   8.8376 FM                   *
*                                                                             *
*******************************************************************************

*******************************************************************************
*                                                                             *
*  MULTIPOLE MOMENTS [UNITS:  (10 FERMI)^LAMBDA] [INTRINSIC FRAME]     TOTAL  *
*                                                                             *
*  REAL PART  FOR A NON-NEGATIVE PROJECTION                                   *
*  IMAGINARY PART FOR A NEGATIVE PROJECTION                                   *
*                                                                             *
*******************************************************************************
*                                                                             *
*  Q00 =176.0000  .............  .............  .............  .............  *
*                 .............  .............  .............  .............  *
*                                                                             *
*  Q10 =    ZERO  Q1+1=    ZERO  .............  .............  .............  *
*                 Q1-1=    ZERO  .............  .............  .............  *
*                                                                             *
*  Q20 =103.4267  Q2+1=    ZERO  Q2+2=  2.8010  .............  .............  *
*                 Q2-1=    ZERO  Q2-2=    ZERO  .............  .............  *
*                                                                             *
*  Q30 = -4.3144  Q3+1=    ZERO  Q3+2= -0.7586  Q3+3=    ZERO  .............  *
*                 Q3-1=    ZERO  Q3-2=    ZERO  Q3-3=    ZERO  .............  *
*                                                                             *
*  Q40 = 13.6100  Q4+1=    ZERO  Q4+2=  0.5047  Q4+3=    ZERO  Q4+4=  0.8097  *
*                 Q4-1=    ZERO  Q4-2=    ZERO  Q4-3=    ZERO  Q4-4=    ZERO  *
*                                                                             *
*******************************************************************************

*******************************************************************************
*                                                                             *
*  BOHR DEFORMATIONS (FIRST-ORDER APPROXIMATION) [INTRINSIC FRAME]     TOTAL  *
*                                                                             *
*  REAL PART  FOR A NON-NEGATIVE PROJECTION                                   *
*  IMAGINARY PART FOR A NEGATIVE PROJECTION                                   *
*                                                                             *
*******************************************************************************
*                                                                             *
*  B10 =    ZERO  B1+1=    ZERO  .............  .............  .............  *
*                 B1-1=    ZERO  .............  .............  .............  *
*                                                                             *
*  B20 =  0.9940  B2+1=    ZERO  B2+2=  0.0269  .............  .............  *
*                 B2-1=    ZERO  B2-2=    ZERO  .............  .............  *
*                                                                             *
*  B30 = -0.1488  B3+1=    ZERO  B3+2= -0.0370  B3+3=    ZERO  .............  *
*                 B3-1=    ZERO  B3-2=    ZERO  B3-3=    ZERO  .............  *
*                                                                             *
*  B40 =  0.5310  B4+1=    ZERO  B4+2=  0.0278  B4+3=    ZERO  B4+4=  0.0447  *
*                 B4-1=    ZERO  B4-2=    ZERO  B4-3=    ZERO  B4-4=    ZERO  *
*                                                                             *
*******************************************************************************
*                                                                             *
*  BOHR DENSITY = 0.0609 FM^(-3)  BOHR RADIUS =   8.8376 FM                   *
*                                                                             *
*******************************************************************************

*******************************************************************************
*                                                                             *
*                                ENERGIES (MEV)                               *
*                                                                             *
*******************************************************************************
*                                                                             *
*  KINETIC: (NEU)=  1667.517843    (PRO)=  1258.443661    (TOT)=  2925.961504 *
*  SUM EPS: (NEU)= -2002.506170    (PRO)=  -981.208426    (TOT)= -2983.714595 *
*  PAIRING: (NEU)=    -0.903296    (PRO)=    -6.988278    (TOT)=    -7.891574 *
*  P-REARR: (NEU)=     0.220180    (PRO)=     1.647997    (TOT)=     1.868177 *
*                                                                             *
*  PAIRGAP: (NEU)=    -0.273605    (PRO)=     0.622692    THIS SPACE IS EMPTY *
*  E-FERMI: (NEU)=   -10.246615    (PRO)=    -3.100059    AND AWAITS  YOUR AD *
*                                                                             *
*  COULOMB: (DIR)=   629.504368    (EXC)=   -28.498707    (TOT)=   601.005662 *
*                                                                             *
*  CONSTR. (MULT)=   659.359270    SLOPE=   495.120340    CORR.=  -247.560170 *
*  CONSTR. (SURF)=     0.000000    SLOPE=     0.000000    CORR.=     0.000000 *
*  CONSTR. (SPIN)=     0.000000    SLOPE=     0.000000    CORR.=     0.000000 *
*  CONSTR. (ISOS)=     0.000000    SLOPE=     0.000000    CORR.=     0.000000 *
*                                                                             *
*  REARRANGEMENT ENERGY FROM THE SKYRME DENSITY-DEPENDENT TERMS=  1094.460661 *
*  ROUTHIAN= TOTAL ENERGY + MULTIPOLE AND (ISO)SPIN CONSTRAINTS=  -488.496009 *
*                                                                             *
*  SPIN-ORB (EVE)=   -69.631211    (ODD)=     0.000000    (TOT)=   -69.631211 *
*  SKYRME:  (EVE)= -4666.930872    (ODD)=     0.000000    (TOT)= -4666.930872 *
*                                                                             *
*  TOTAL:  (STAB)=   252.818923     (SP)=  -895.036357    (FUN)= -1147.855280 *
*                                                                             *
*******************************************************************************

*******************************************************************************
*                                                                             *
*  ITERATION RESTARTED FROM THE DISC, THE FOLLOWING FILE(S) READ:             *
*  ./restart/HFODD_00000076.REC                                        VER=19 *
*                                                                             *
*******************************************************************************
*                                                                             *
* CONVERGENCE REPORT                                                          *
*                                                                             *
*******************************************************************************
*                                                                             *
* ITER     ENERGY     STABILITY    Q_2    GAMMA   SPIN  OMEGA   ANGLE   EPAIR *
*                                                                             *
* 3841 -1147.855280  252.818923 103.465    1.55   0.00  0.000   0.000   -7.89 *
* 3842  -648.794843    1.34E+03 147.981    0.14   0.00  0.000   0.000   -0.83 *
* 3843  -721.906958    1.37E+03 177.646    0.20   0.00  0.000   0.000   -4.23 *
* 3844  -728.697029    1.04E+03 165.415    0.18   0.00  0.000   0.000   -4.62 *
* 3845  -806.299724    1.40E+03 170.776    0.17   0.00  0.000   0.000  -10.06 *
* 3846  -765.296445    1.22E+03 172.194    0.12   0.00  0.000   0.000   -5.50 *
* 3847  -778.237013    2.03E+03 173.841    0.12   0.00  0.000   0.000   -5.23 *
* 3848  -652.119205    1.55E+03 160.819    0.08   0.00  0.000   0.000   -1.65 *
* 3849  -640.944108    1.72E+03 157.358    0.07   0.00  0.000   0.000   -4.45 *
* 3850  -613.751547    1.41E+03 154.192    0.11   0.00  0.000   0.000   -2.88 *
* 3851  -661.048507    1.99E+03 160.235    0.05   0.00  0.000   0.000   -7.97 *
* 3852  -543.219612   -2.98E+04 125.242    0.13   0.00  0.000   0.000   -4.16 *
* 3853  -149.890405    3.48E+03 146.399   58.90   0.00  0.000   0.000   -0.05 *
* 3854  -110.702243    1.81E+03 147.220   59.11   0.00  0.000   0.000   -0.04 *
* 3855  -204.182025   -1.52E+04 146.458   59.75   0.00  0.000   0.000   -0.07 *
* 3856   423.302415    1.30E+04 797.933    0.00   0.00  0.000   0.000   -0.00 *
* 3857   965.999453   -1.08E+05 574.765    0.00   0.00  0.000   0.000   -0.02 *
* 3858    16.098937    1.88E+03   2.477    0.30   0.00  0.000   0.000   -0.19 *
* 3859  1787.597868   -1.27E+04  35.916    0.03   0.00  0.000   0.000   -0.01 *
* 3860  1664.759696   -5.11E+04  58.296    0.65   0.00  0.000   0.000  -20.63 *
* 3861  1994.876921    5.22E+08  28.802   58.44   0.00  0.000   0.000  -82.80 *

 //////////////////// MAXIMUM NUMBER OF ITERATIONS       ////////////////////
 //////////////////// EXCEEDED IN QUABCS                 ////////////////////

*******************************************************************************
*                                                                             *
*  PROCESSOR   EXECUTION  TIMES IN SUBROUTINES                                *
*  INCLUDING THEIR COMPLETE DOWN-CALLING TREES                                *
*                                                                             *
*******************************************************************************
*                                                                             *
*     6446 => HFODD    3489 => DENSHF   1311 => DIAMAT   1197 => HFBSIM       *
*                                                                             *
*      710 => QMULCM    345 => PAIMAC    279 => CANQUA    193 => RECORD       *
*                                                                             *
*      105 => AVEQUA     41 => INTEGH     36 => INTSOR     35 => INTEGD       *
*                                                                             *
*       33 => DENMAC     20 => MOMETS     19 => INTMUL     18 => DOBROY       *
*                                                                             *
*       12 => BEGINC     12 => SKFILD      9 => ROTAVR      9 => LINAVR       *
*                                                                             *
*        8 => INTMAS      7 => SPAVER      6 => COUMAT      6 => INTCOU       *
*                                                                             *
*        5 => AVOBSE      4 => INTCEN      3 => NILASP      2 => POWALL       *
*                                                                             *
*        2 => SKPAIR      2 => AVANGY      0 => INTKIN      0 => AVPARI       *
*                                                                             *
*        0 => QUABCS      0 => SHICOE      0 => AVSIMP      0 => PAXMOM       *
*                                                                             *
*        0 => SPIMOM      0 => MOMSIF      0 => MOMVMU      0 => MAGMOM       *
*                                                                             *
*        0 => SHIMOM      0 => SHISIF      0 => SHIMAG                        *
*                                                                             *
*******************************************************************************
*                                                                             *
*  NUMBERS OF CALLS TO SUBROUTINES                                            *
*                                                                             *
*******************************************************************************
*                                                                             *
*      968 => BEGINC    804 => INTMUL    258 => INTSOR    106 => DIAMAT       *
*                                                                             *
*       86 => INTMAS     86 => INTCEN     85 => INTKIN     84 => AVEQUA       *
*                                                                             *
*       63 => PAXMOM     43 => INTEGH     43 => INTEGD     43 => HFBSIM       *
*                                                                             *
*       43 => QUABCS     42 => CANQUA     42 => AVPARI     42 => DENSHF       *
*                                                                             *
*       42 => DENMAC     42 => PAIMAC     42 => MOMETS     42 => MOMSIF       *
*                                                                             *
*       42 => MOMVMU     42 => MAGMOM     42 => SPIMOM     42 => LINAVR       *
*                                                                             *
*       42 => ROTAVR     42 => SHICOE     22 => RECORD     22 => COUMAT       *
*                                                                             *
*       22 => INTCOU     21 => QMULCM     21 => SKFILD     21 => SKPAIR       *
*                                                                             *
*       21 => DOBROY     21 => SHIMOM     21 => SHISIF     21 => SHIMAG       *
*                                                                             *
*       14 => SPAVER      2 => AVANGY      2 => AVOBSE      2 => AVSIMP       *
*                                                                             *
*        2 => NILASP      1 => HFODD       1 => POWALL                        *
*                                                                             *
*******************************************************************************
*                                                                             *
*  EXECUTION ENDS ON 2016.09.06 AT 13:34:18.985                               *
*                                                                             *
*******************************************************************************
