*******************************************************************************
*                                                                             *
*                     P A R A L L E L    M O D E L                            *
*                                                                             *
*  SIMPLE MPI FRAMEWORK (1 COMMUNICATOR)    :  1 MPI PROCESS per HFODD TASK   *
*  MULTI-THREADING FRAMEWORK WITH OPENMP   :  4 THREADS per HFODD MPI PROCESS *
*                                                                             *
*******************************************************************************
*                                                                             *
*                        __  __ _____  ___   ____   ____                      *
*                       / / / // ___/.' _ \ / __ \ / __ \                     *
*                      / /_/ // /_  / / / // / / // / / /                     *
*                     / __  // __/ / / / // / / // / / /                      *
*                    / / / // /   / /_/ // /_/ // /_/ /                       *
*                   /_/ /_//_/    \___.'/____.'/____.'                        *
*                                                                             *
*                                                                             *
*******************************************************************************
*                                                                             *
*             SKYRME-HARTREE-FOCK-BOGOLYUBOV CODE VERSION: 2.77B              *
*                                                                             *
*              NO SYMMETRY-PLANES AND NO TIME-REVERSAL SYMMETRY               *
*                                                                             *
*                DEFORMED CARTESIAN HARMONIC-OSCILLATOR BASIS                 *
*                                                                             *
*******************************************************************************
*                                                                             *
*             J. DOBACZEWSKI, P. BACZYK, B.G. CARLSSON, J. DUDEK              *
*                 J. ENGEL, Y. GAO, M. KONIECZKA, T. LESINSKI                 *
*                 J. MCDONNELL, P. OLBRATOWSKI, P. POWALOWSKI                 *
*                  M. SADZIAK, J. SARICH, K. SATO, W. SATULA                  *
*             N. SCHUNCK,  J.A. SHEIKH, A. STASZCZAK, M. STOITSOV             *
*             P. TOIVANEN, X.B. WANG, M. ZALEWSKI AND H. ZDUNCZUK             *
*                                                                             *
*                   INSTYTUT FIZYKI TEORETYCZNEJ, WARSZAWA                    *
*                 LAWRENCE LIVERMORE NATIONAL LABORATORY, USA                 *
*                                                                             *
*                                  1993-2016                                  *
*                                                                             *
*******************************************************************************

*******************************************************************************
*                                                                             *
*  CODE COMPILED WITH THE FOLLOWING ARRAY DIMENSIONS AND SWITCHES:            *
*                                                                             *
*******************************************************************************
*                                                                             *
*  NDBASE = 1200  NDSTAT = 1200  NDXHRM =   40  NDYHRM =   40  NDZHRM =   64  *
*                                                                             *
*  NDMAIN =   30  NDMULT =    9  NDMULR =    4  NDLAMB =    9  NDITER = 5000  *
*                                                                             *
*  NDAKNO =    1  NDBKNO =    1  NDPROI =    2  NDCOUL =   80  NDPOLS =   25  *
*                                                                             *
*  NDATKN =   20  NDBTKN =   10  NDPROT =    1  NDPROD =    3                 *
*                                                                             *
*  IPARAL =    0  IPARAT =    0  I_CRAY =    0                                *
*                                                                             *
*                                                                             *
*  PRE-PROCESSOR OPTIONS:                                                     *
*                                                                             *
*       switch_port = 1     switch_diag = 3     switch_essl = 0               *
*                                                                             *
*                           switch_quad = 0     switch_vect = 1               *
*                                                                             *
*******************************************************************************
*                                                                             *
*  EXECUTION BEGINS ON 2016.09.06 AT 12:59:14.356                             *
*                                                                             *
*******************************************************************************
 
*******************************************************************************
*                                                                             *
*  CLASSICAL NUCLEAR SURFACE DEFINED FOR:                    N = 98   Z = 78  *
*                                                                             *
*******************************************************************************
*                                                                             *
*  AL10 =   ZERO  AL11 =   ZERO  .............  .............  .............  *
*                                                                             *
*  AL20 =  0.450  AL21 =   ZERO  AL22 =   ZERO  .............  .............  *
*                                                                             *
*******************************************************************************
*                                                                             *
*                                           HOMEGA=  8.1030  FCHOM0=  1.1076  *
*                                                                             *
*  OSCILLATOR FREQUENCIES: HBAROX=  9.2935  HBAROY=  9.2935  HBAROZ=  6.1600  *
*                                                                             *
*  MOMENTS OF INERTIA:     XMOMFC=100.6096  YMOMFC=100.6096  ZMOMFC= 61.4198  *
*                                                                             *
*  CENTERS OF MASS:        CMSXFC= -0.0000  CMSYFC= -0.0000  CMSZFC=  0.0000  *
*                                                                             *
*******************************************************************************

*******************************************************************************
*                                                                             *
*                           SKYRME FORCE DEFINITION                           *
*                                                                             *
*******************************************************************************
*                                                                             *
* PARAMETER SET HFB1:  T0= -1666.41  T1=   255.23  T2=  1521.28  T3= 12072.51 *
*                                                                             *
* POWER=0.37658031358  X0=  0.14608  X1= -4.82248  X2= -1.35211  X3=  0.00432 *
*                                                                             *
* IETA: J=0  W=1 CM=3  M=1  P=1  T=0 HBM= 20.73553 W0=  44.0677 W0P= 207.6502 *
*                                                                             *
*******************************************************************************

*******************************************************************************
*                                                                             *
*              COUPLING CONSTANTS DEFINING THE SKYRME FUNCTIONAL              *
*                                                                             *
*******************************************************************************
*                                                                             *
*                   TOTAL(T)        SUM(S)      ISOSCALAR(P)  ISOVECTOR(M)    *
*                   --------        ------      ------------  ------------    *
*    CRHO_ =     -894.060074    538.315575       -624.902286    269.157788    *
*    CRHOD =     1008.213640   -507.363897        754.531691   -253.681949    *
*    CLPR_ =       98.335311   -287.870148        -45.599763   -143.935074    *
*    CTAU_ =       33.156062    -48.271535          9.020295    -24.135768    *
*    CSCU_ =        0.000000      0.000000          0.000000      0.000000    *
*    CDIV_ =      -22.033840   -103.825096        -73.946388    -51.912548    *
*                                                                             *
*    CSPI_ =      -60.857026    416.601524        147.443736    208.300762    *
*    CSPID =        2.171385   -503.021127       -249.339179   -251.510564    *
*    CLPS_ =       51.110395     71.467295         86.844042     35.733647    *
*    CCUR_ =      -33.156062     48.271535         -9.020295     24.135768    *
*    CKIS_ =        0.000000      0.000000          0.000000      0.000000    *
*    CROT_ =      -22.033840   -103.825096        -73.946388    -51.912548    *
*                                                                             *
*******************************************************************************

*******************************************************************************
*                                                                             *
*                          NUCLEAR MATTER PROPERTIES                          *
*                                                                             *
*******************************************************************************
*                                                                             *
*     E = -15.8000  rho0 =   0.15625   K =  244.6682   Ms =    0.9364         *
*                   asym =  28.66820   L =   40.1091   Mv =    1.2498         *
*                                                                             *
*******************************************************************************

*******************************************************************************
*                                                                             *
*  PHYSICAL CONSTANTS:     H_BARC=197.32891000           HBCOE2=137.03602000  *
*                                                                             *
*                          XMASSN=938.90590000           XMASSP=938.27231000  *
*                                                                             *
*                          HBMASS= 20.73553000           HBMRPA= 20.73553000  *
*                                                                             *
*                          ECHAR2=  1.43997841           COULEX= -1.06350868  *
*                                                                             *
*******************************************************************************
*                                                                             *
*  OSCILLATOR LENGTHS:     X= 2.1124716      Y= 2.1124716       Z= 2.5947182  *
*                                                                             *
*  OSCILLATOR CONSTANTS:   X= 0.4733792      Y= 0.4733792       Z= 0.3853983  *
*                                                                             *
*  OSCILLATOR FREQUENCIES: X= 9.2934639      Y= 9.2934639       Z= 6.1599754  *
*                                                                             *
*******************************************************************************
*                                                                             *
*  BASIS CUT-OFF CONTROL PARAMETERS:  NXMAXX = 15  NYMAXX = 15  NZMAXX =  23  *
*                                                                             *
*                                     NXHERM = 36  NYHERM = 36  NZHERM =  60  *
*                                                                             *
*                                     NLIMIT=1140  LDBASE=1140  MCOUNT=29791  *
*                                                                             *
*                                     ENECUT= 800.0000      ELIMIT= 154.3739  *
*                                                                             *
*******************************************************************************

*******************************************************************************
*                                                                             *
*   SHAPE OF THE OSCILLATOR-BASIS DIAMOND    (THREE CONSECUTIVE PROJECTIONS)  *
*                                                                             *
*******************************************************************************
*                                                                             *
*        NX ===>>>  0  1  2  3  4  5  6  7  8  9 10 11 12 13 14 15            *
*        MAX.NY => 15 14 13 12 11 10  9  8  7  6  5  4  3  2  1  0            *
*                 ------------------------------------------------            *
*   NY= 0  (15)  | 23 21 20 18 17 15 14 12 10  9  7  6  4  3  1  0            *
*   NY= 1  (14)  | 21 20 18 17 15 14 12 10  9  7  6  4  3  1  0               *
*   NY= 2  (13)  | 20 18 17 15 14 12 10  9  7  6  4  3  1  0                  *
*   NY= 3  (12)  | 18 17 15 14 12 10  9  7  6  4  3  1  0                     *
*   NY= 4  (11)  | 17 15 14 12 10  9  7  6  4  3  1  0                        *
*   NY= 5  (10)  | 15 14 12 10  9  7  6  4  3  1  0                           *
*   NY= 6  ( 9)  | 14 12 10  9  7  6  4  3  1  0                              *
*   NY= 7  ( 8)  | 12 10  9  7  6  4  3  1  0                                 *
*   NY= 8  ( 7)  | 10  9  7  6  4  3  1  0                                    *
*   NY= 9  ( 6)  |  9  7  6  4  3  1  0                                       *
*   NY=10  ( 5)  |  7  6  4  3  1  0                                          *
*   NY=11  ( 4)  |  6  4  3  1  0                                             *
*   NY=12  ( 3)  |  4  3  1  0                                                *
*   NY=13  ( 2)  |  3  1  0                                                   *
*   NY=14  ( 1)  |  1  0                                                      *
*   NY=15  ( 0)  |  0                                                         *
*                                                                             *
*                                                                             *
*        NZ ===>>>  0  1  2  3  4  5  6  7  8  9 10 11 12 13 14 15 16 17 18   *
*        MAX.NY => 15 14 13 13 12 11 11 10  9  9  8  7  7  6  6  5  4  4  3   *
*                 ---------------------------------------------------------   *
*   NY= 0  (23)  | 15 14 13 13 12 11 11 10  9  9  8  7  7  6  6  5  4  4  3   *
*   NY= 1  (21)  | 14 13 12 12 11 10 10  9  8  8  7  6  6  5  5  4  3  3  2   *
*   NY= 2  (20)  | 13 12 11 11 10  9  9  8  7  7  6  5  5  4  4  3  2  2  1   *
*   NY= 3  (18)  | 12 11 10 10  9  8  8  7  6  6  5  4  4  3  3  2  1  1  0   *
*   NY= 4  (17)  | 11 10  9  9  8  7  7  6  5  5  4  3  3  2  2  1  0  0      *
*   NY= 5  (15)  | 10  9  8  8  7  6  6  5  4  4  3  2  2  1  1  0            *
*   NY= 6  (14)  |  9  8  7  7  6  5  5  4  3  3  2  1  1  0  0               *
*   NY= 7  (12)  |  8  7  6  6  5  4  4  3  2  2  1  0  0                     *
*   NY= 8  (10)  |  7  6  5  5  4  3  3  2  1  1  0                           *
*   NY= 9  ( 9)  |  6  5  4  4  3  2  2  1  0  0                              *
*   NY=10  ( 7)  |  5  4  3  3  2  1  1  0                                    *
*   NY=11  ( 6)  |  4  3  2  2  1  0  0                                       *
*   NY=12  ( 4)  |  3  2  1  1  0                                             *
*   NY=13  ( 3)  |  2  1  0  0                                                *
*   NY=14  ( 1)  |  1  0                                                      *
*   NY=15  ( 0)  |  0                                                         *
*                                                                             *
*                                                                             *
*        NZ ===>>>  0  1  2  3  4  5  6  7  8  9 10 11 12 13 14 15 16 17 18   *
*        MAX.NX => 15 14 13 13 12 11 11 10  9  9  8  7  7  6  6  5  4  4  3   *
*                 ---------------------------------------------------------   *
*   NX= 0  (23)  | 15 14 13 13 12 11 11 10  9  9  8  7  7  6  6  5  4  4  3   *
*   NX= 1  (21)  | 14 13 12 12 11 10 10  9  8  8  7  6  6  5  5  4  3  3  2   *
*   NX= 2  (20)  | 13 12 11 11 10  9  9  8  7  7  6  5  5  4  4  3  2  2  1   *
*   NX= 3  (18)  | 12 11 10 10  9  8  8  7  6  6  5  4  4  3  3  2  1  1  0   *
*   NX= 4  (17)  | 11 10  9  9  8  7  7  6  5  5  4  3  3  2  2  1  0  0      *
*   NX= 5  (15)  | 10  9  8  8  7  6  6  5  4  4  3  2  2  1  1  0            *
*   NX= 6  (14)  |  9  8  7  7  6  5  5  4  3  3  2  1  1  0  0               *
*   NX= 7  (12)  |  8  7  6  6  5  4  4  3  2  2  1  0  0                     *
*   NX= 8  (10)  |  7  6  5  5  4  3  3  2  1  1  0                           *
*   NX= 9  ( 9)  |  6  5  4  4  3  2  2  1  0  0                              *
*   NX=10  ( 7)  |  5  4  3  3  2  1  1  0                                    *
*   NX=11  ( 6)  |  4  3  2  2  1  0  0                                       *
*   NX=12  ( 4)  |  3  2  1  1  0                                             *
*   NX=13  ( 3)  |  2  1  0  0                                                *
*   NX=14  ( 1)  |  1  0                                                      *
*   NX=15  ( 0)  |  0                                                         *
*                                                                             *
*******************************************************************************

*******************************************************************************
*                                                                             *
* NUCLIDE: N =  98  Z =  78  NUMBER OF ITERATIONS = 1000   CONTINUATION? = 1  *
*                                                                             *
*******************************************************************************
*                                                                             *
* ITERATIONS WILL STOP WHEN THE STABILITY BECOMES LOWER THAN EPSITE=0.300000  *
*                                            FOR    5 CONSECUTIVE ITERATIONS  *
*                                                                             *
*******************************************************************************
*                                                                             *
* ITERATIONS WILL STOP WHEN THE PING-PONG DIVERGENCE OCCURS FOR EPSPNG=0.010  *
*                                DURING    5 PAIRS OF CONSECUTIVE ITERATIONS  *
*                                                                             *
*******************************************************************************
*                                                                             *
* ITERATIONS WILL STOP FOR CHAOTIC-DIVERGENCE CONDITION OCCURING   20  TIMES  *
*                                                                             *
*******************************************************************************
*                                                                             *
* SLOW-DOWN PARAMETERS:                                                       *
* TIME-EVEN = 0.85   TIME-ODD = 0.85   PAIRING = 0.85   LIPKIN-NOGAMI = 0.85  *
*                    LIP-MASS = 0.50   LIP-MOI = 0.50   LIPKIN-METHOD = 0.50  *
*                                                                             *
*******************************************************************************
*                                                                             *
* BROYDEN METHOD IS:  ON                                                      *
*                                                                             *
*    TRIGGERED ONLY WHEN STABILITY IS LOWER THAN :  1000.000 MEV              *
*    INITIAL SLOWING FACTOR (BEFORE TRIGGER)     :     0.85 (=SLOWEV)         *
*    BROYDEN SLOWING FACTOR (AFTER  TRIGGER)     :     0.40 (=1-ALPHAM)       *
*    NUMBER OF ITERATIONS RETAINED IN MEMORY     :    10                      *
*                                                                             *
*******************************************************************************
*                                                                             *
* DIRECT COULOMB TERMS SOLVED BY GREEN FUNCTION AND FOURIER TRANSFORM METHOD  *
* COULOMB PARAMETERS:  NUMCOU = 80  NUMETA = 79  BOUCOU = 20.0  FURMAX =0.25  *
*                                                                             *
*******************************************************************************
*                                                                             *
* EXCHANGE COULOMB TERMS TREATED BY THE SLATER APPROXIMATION                  *
*                                                                             *
*******************************************************************************
*                                                                             *
* MAXIMUM NUMBERS OF MULTIPOLE MOMENTS USED FOR THE CONSTRAINTS,    NMUCON=4  *
*                                           FOR THE COULOMB FIELD,  NMUCOU=4  *
*                                           FOR THE OUTPUT INFO,    NMUPRI=4  *
*                                                                             *
*******************************************************************************
*                                                                             *
* MULTIPOLE CONSTRAINTS: LAMBDA= 2  MIU= 0  MOMENT= 81.000  STIFFNESS= 0.500  *
*                        LAMBDA= 3  MIU= 0  MOMENT=  0.000  STIFFNESS= 0.500  *
*                                                                             *
*******************************************************************************
*                                                                             *
* LINEAR MULTIPOLE CONSTRAINTS: LAMBDA= 2  MIU= 0  LAGRANGE PAR. USED= 0.000  *
*                               LAMBDA= 3  MIU= 0  LAGRANGE PAR. USED= 0.000  *
*                                                                             *
*******************************************************************************
*                                                                             *
* THE LAGRANGE PARAMETERS OF THE LINEAR CONSTRAINTS ARE RE-ADJUSTED AT EACH   *
* ITERATION BY USING THE CRANKING APPROXIMATION OF THE RPA MATRIX             *
*                                                                             *
*******************************************************************************
*                                                                             *
* PRINTING THE RESULTS FOR THE FOLLOWING ITERATIONS:         THE  FIRST: YES  *
*                                                            THE MIDDLE:  NO  *
*                                                     AND/OR THE   LAST: YES  *
*                                                                             *
*******************************************************************************
*                                                                             *
* PRINTING THE MOMENTS, RADII, AND DEFORMATIONS FOR:           NEUTRONS: YES  *
*                                                              PROTONS : YES  *
*                                                              MASS    : YES  *
*                                                                             *
*******************************************************************************
*                                                                             *
* PRINTING THE MOMENTS, MOMENTA AND DEFORMATIONS IN THE INTRINSIC FRAME: YES  *
*                                                                             *
*******************************************************************************
*                                                                             *
* NILSSON LABELS OF SINGLE-PARTICLE STATES SHOWN WITH RESPECT TO THE: Z-AXIS  *
*                                                                             *
*******************************************************************************
*                                                                             *
* CALCULATIONS WITH THE HFB PAIRING CORRELATIONS                              *
*                                                                             *
*******************************************************************************
*                                                                             *
* CONTACT PAIRING INTERACTION:     V0        V1       RHO-SAT      POWER      *
*                    NEUTRONS:  -234.380   732.438     0.320     1.0000000    *
*                     PROTONS:  -260.437   813.866     0.320     1.0000000    *
*                                                                             *
*******************************************************************************
*                                                                             *
* CUTOFF ENERGY DEFINING THE ACTIVE HFB PAIRING SPACE=      60.000            *
*                                                                             *
*******************************************************************************
*                                                                             *
* CALCULATIONS WITH SIMPLEX SYMMETRY                                          *
*                                                                             *
*******************************************************************************
*                                                                             *
* CALCULATIONS WITH TIME-ODD SYMMETRIES:        T*SIMPLEX_X =>     CONSERVED  *
*                                               T*SIMPLEX_Y =>     CONSERVED  *
*                                               T*SIMPLEX_Z => NON CONSERVED  *
*                                                                             *
*******************************************************************************
*                                                                             *
* CALCULATIONS WITHOUT ROTATION                                               *
*                                                                             *
*******************************************************************************

*******************************************************************************
*                                                                             *
*  CALLING SUBROUTINE "RECORD" TO READ THE REPLAY FILE OBTAINED PREVIOUSLY    *
*  ./restart/HFODD_00000006.REC                                               *
*                                                                             *
*******************************************************************************

*******************************************************************************
*                                                                             *
*  SINGLE-QUASIPARTICLE PROPERTIES:                                NEUTRONS   *
*                                                                             *
*******************************************************************************
*                                                                             *
*  NO)   ENERGY   (S=+,S=-)       PARITY   V2QUAP   EEQUIV   DEQUIV   V_CORR  *
*                                                                             *
*  49)    9.734   ( 25,  0)        0.469  0.99696  -19.087    1.073  0.99983  *
*  50)    9.734   (  0, 25)        0.469  0.99696  -19.087    1.073  0.99983  *
*  51)    9.685   ( 26,  0)        0.852  0.99661  -19.031    1.126  0.99981  *
*  52)    9.685   (  0, 26)        0.852  0.99661  -19.031    1.126  0.99981  *
*  55)    8.335   (  0, 28)       -0.517  0.98482  -17.493    2.038  0.99898  *
*  56)    8.335   ( 28,  0)       -0.517  0.98482  -17.493    2.038  0.99898  *
*  57)    7.871   ( 29,  0)        0.456  0.99727  -17.240    0.821  0.99980  *
*  58)    7.871   (  0, 29)        0.456  0.99727  -17.240    0.821  0.99980  *
*  59)    8.733   ( 30,  0)       -0.469  0.93244  -16.964    4.384  0.99572  *
*  60)    8.733   (  0, 30)       -0.469  0.93244  -16.964    4.384  0.99572  *
*  61)    7.361   ( 31,  0)        0.589  0.99711  -16.730    0.790  0.99978  *
*  62)    7.361   (  0, 31)        0.589  0.99711  -16.730    0.790  0.99978  *
*  63)    7.267   (  0, 32)       -0.401  0.99508  -16.607    1.017  0.99961  *
*  64)    7.267   ( 32,  0)       -0.401  0.99508  -16.607    1.017  0.99961  *
*  67)    6.476   ( 34,  0)        0.611  0.99560  -15.831    0.857  0.99961  *
*  68)    6.476   (  0, 34)        0.611  0.99560  -15.831    0.857  0.99961  *
*  69)    6.039   (  0, 35)       -0.539  0.99205  -15.354    1.072  0.99923  *
*  70)    6.039   ( 35,  0)       -0.539  0.99205  -15.354    1.072  0.99923  *
*  71)    5.105   (  0, 36)        0.789  0.99580  -14.474    0.661  0.99951  *
*  72)    5.105   ( 36,  0)        0.789  0.99580  -14.474    0.661  0.99951  *
*  73)    4.941   ( 37,  0)        0.833  0.99399  -14.294    0.764  0.99927  *
*  74)    4.941   (  0, 37)        0.833  0.99399  -14.294    0.764  0.99927  *
*  75)    4.835   ( 38,  0)       -0.512  0.99347  -14.184    0.779  0.99919  *
*  76)    4.835   (  0, 38)       -0.512  0.99347  -14.184    0.779  0.99919  *
*  77)    4.371   ( 39,  0)       -0.633  0.99196  -13.712    0.781  0.99887  *
*  78)    4.371   (  0, 39)       -0.633  0.99196  -13.712    0.781  0.99887  *
*  79)    3.606   (  0, 40)       -0.170  0.99018  -12.947    0.711  0.99826  *
*  80)    3.606   ( 40,  0)       -0.170  0.99018  -12.947    0.711  0.99826  *
*  81)    3.502   ( 41,  0)        0.051  0.98592  -12.815    0.825  0.99741  *
*  82)    3.502   (  0, 41)        0.051  0.98592  -12.815    0.825  0.99741  *
*  83)    3.199   ( 42,  0)        0.305  0.98919  -12.541    0.662  0.99777  *
*  84)    3.199   (  0, 42)        0.305  0.98919  -12.541    0.662  0.99777  *
*  85)    3.187   (  0, 43)        0.599  0.99074  -12.540    0.611  0.99808  *
*  86)    3.187   ( 43,  0)        0.599  0.99074  -12.540    0.611  0.99808  *
*  87)    2.448   (  0, 44)        0.403  0.97081  -11.716    0.824  0.99150  *
*  88)    2.448   ( 44,  0)        0.403  0.97081  -11.716    0.824  0.99150  *
*  89)    2.308   (  0, 45)       -0.834  0.98094  -11.632    0.631  0.99392  *
*  90)    2.308   ( 45,  0)       -0.834  0.98094  -11.632    0.631  0.99392  *
*  91)    2.167   ( 46,  0)        0.321  0.97102  -11.453    0.727  0.98999  *
*  92)    2.167   (  0, 46)        0.321  0.97102  -11.453    0.727  0.98999  *
*  93)    1.584   ( 47,  0)       -0.081  0.94482  -10.821    0.723  0.97031  *
*  94)    1.584   (  0, 47)       -0.081  0.94482  -10.821    0.723  0.97031  *
*  95)    1.505   ( 48,  0)       -0.389  0.94593  -10.754    0.681  0.96833  *
*  96)    1.505   (  0, 48)       -0.389  0.94593  -10.754    0.681  0.96833  *
*  97)    1.153   ( 49,  0)        0.058  0.88431  -10.298    0.737  0.90668  *
*  98)    1.153   (  0, 49)        0.058  0.88431  -10.298    0.737  0.90668  *
*  99)    0.753   (  0, 50)       -0.526  0.75011   -9.788    0.652  0.72987  *
* 100)    0.753   ( 50,  0)       -0.526  0.75011   -9.788    0.652  0.72987  *
* 101)    0.734   (  0, 51)        0.462  0.43191   -9.312    0.728  0.64314  *
* 102)    0.734   ( 51,  0)        0.462  0.43191   -9.312    0.728  0.64314  *
* 103)    0.888   ( 52,  0)       -0.604  0.14458   -8.781    0.624  0.65134  *
* 104)    0.888   (  0, 52)       -0.604  0.14458   -8.781    0.624  0.65134  *
* 105)    1.476   ( 53,  0)       -0.547  0.05775   -8.106    0.689  0.75006  *
* 106)    1.476   (  0, 53)       -0.547  0.05775   -8.106    0.689  0.75006  *
* 107)    1.838   (  0, 54)        0.554  0.03920   -7.717    0.714  0.78728  *
* 108)    1.838   ( 54,  0)        0.554  0.03920   -7.717    0.714  0.78728  *
* 109)    1.927   ( 55,  0)        0.296  0.02834   -7.594    0.640  0.79388  *
* 110)    1.927   (  0, 55)        0.296  0.02834   -7.594    0.640  0.79388  *
* 111)    2.272   ( 56,  0)       -0.216  0.02206   -7.240    0.667  0.81896  *
* 112)    2.272   (  0, 56)       -0.216  0.02206   -7.240    0.667  0.81896  *
* 113)    2.446   ( 57,  0)       -0.592  0.01622   -7.045    0.618  0.82910  *
* 114)    2.446   (  0, 57)       -0.592  0.01622   -7.045    0.618  0.82910  *
* 115)    2.995   (  0, 58)       -0.813  0.00823   -6.466    0.541  0.85521  *
* 116)    2.995   ( 58,  0)       -0.813  0.00823   -6.466    0.541  0.85521  *
* 117)    3.394   ( 59,  0)       -0.079  0.01112   -6.093    0.712  0.87029  *
* 118)    3.394   (  0, 59)       -0.079  0.01112   -6.093    0.712  0.87029  *
* 119)    3.574   (  0, 60)        0.661  0.01369   -5.936    0.831  0.87627  *
* 120)    3.574   ( 60,  0)        0.661  0.01369   -5.936    0.831  0.87627  *
* 121)    3.612   (  0, 61)        0.513  0.00888   -5.863    0.678  0.87700  *
* 122)    3.612   ( 61,  0)        0.513  0.00888   -5.863    0.678  0.87700  *
* 123)    4.110   (  0, 62)       -0.860  0.00708   -5.360    0.689  0.89013  *
* 124)    4.110   ( 62,  0)       -0.860  0.00708   -5.360    0.689  0.89013  *
* 125)    4.448   ( 63,  0)       -0.425  0.00776   -5.032    0.780  0.89768  *
* 126)    4.448   (  0, 63)       -0.425  0.00776   -5.032    0.780  0.89768  *
* 127)    4.686   ( 64,  0)       -0.266  0.00436   -4.766    0.617  0.90212  *
* 128)    4.686   (  0, 64)       -0.266  0.00436   -4.766    0.617  0.90212  *
* 129)    4.805   (  0, 65)       -0.480  0.00404   -4.646    0.609  0.90428  *
* 130)    4.805   ( 65,  0)       -0.480  0.00404   -4.646    0.609  0.90428  *
* 131)    5.073   (  0, 66)        0.094  0.00506   -4.390    0.720  0.90896  *
* 132)    5.073   ( 66,  0)        0.094  0.00506   -4.390    0.720  0.90896  *
* 133)    5.192   (  0, 67)       -0.751  0.00217   -4.242    0.483  0.91065  *
* 134)    5.192   ( 67,  0)       -0.751  0.00217   -4.242    0.483  0.91065  *
* 135)    5.243   ( 68,  0)        0.086  0.00422   -4.213    0.679  0.91158  *
* 136)    5.243   (  0, 68)        0.086  0.00422   -4.213    0.679  0.91158  *
* 137)    5.322   (  0, 69)       -0.180  0.00405   -4.133    0.676  0.91278  *
* 138)    5.322   ( 69,  0)       -0.180  0.00405   -4.133    0.676  0.91278  *
* 139)    5.809   ( 70,  0)        0.831  0.00271   -3.635    0.604  0.91941  *
* 140)    5.809   (  0, 70)        0.831  0.00271   -3.635    0.604  0.91941  *
* 141)    5.922   (  0, 71)        0.251  0.00404   -3.538    0.752  0.92092  *
* 142)    5.922   ( 71,  0)        0.251  0.00404   -3.538    0.752  0.92092  *
* 143)    5.982   ( 72,  0)       -0.015  0.00415   -3.479    0.769  0.92166  *
* 144)    5.982   (  0, 72)       -0.015  0.00415   -3.479    0.769  0.92166  *
* 145)    6.682   ( 73,  0)       -0.678  0.00701   -2.823    1.115  0.92946  *
* 146)    6.682   (  0, 73)       -0.678  0.00701   -2.823    1.115  0.92946  *
* 149)    6.944   ( 75,  0)        0.191  0.00406   -2.524    0.883  0.93177  *
* 150)    6.944   (  0, 75)        0.191  0.00406   -2.524    0.883  0.93177  *
* 151)    8.648   (  0, 76)       -0.466  0.06640   -1.912    4.307  0.94751  *
* 152)    8.648   ( 76,  0)       -0.466  0.06640   -1.912    4.307  0.94751  *
* 153)    7.997   (  0, 77)        0.488  0.00173   -1.442    0.665  0.94010  *
* 154)    7.997   ( 77,  0)        0.488  0.00173   -1.442    0.665  0.94010  *
* 155)    8.098   ( 78,  0)        0.373  0.00138   -1.336    0.601  0.94078  *
* 156)    8.098   (  0, 78)        0.373  0.00138   -1.336    0.601  0.94078  *
* 157)    8.190   (  0, 79)       -0.436  0.00202   -1.255    0.736  0.94144  *
* 158)    8.190   ( 79,  0)       -0.436  0.00202   -1.255    0.736  0.94144  *
* 159)    8.412   ( 80,  0)       -0.353  0.01400   -1.235    1.976  0.94349  *
* 160)    8.412   (  0, 80)       -0.353  0.01400   -1.235    1.976  0.94349  *
* 161)    8.949   (  0, 81)        0.598  0.00128   -0.486    0.640  0.94611  *
* 162)    8.949   ( 81,  0)        0.598  0.00128   -0.486    0.640  0.94611  *
* 163)    9.953   ( 82,  0)        0.569  0.02179    0.108    2.906  0.95216  *
* 164)    9.953   (  0, 82)        0.569  0.02179    0.108    2.906  0.95216  *
* 165)    9.944   ( 83,  0)       -0.487  0.00122    0.509    0.693  0.95124  *
* 166)    9.944   (  0, 83)       -0.487  0.00122    0.509    0.693  0.95124  *
*                                                                             *
*1620)   TOTAL=  ( 810, 810)                                                  *
*                                                                             *
*******************************************************************************

*******************************************************************************
*                                                                             *
*  SINGLE-PARTICLE PROPERTIES: CANONICAL                           NEUTRONS   *
*                                                                             *
*******************************************************************************
*                                                                             *
*  NO)   ENERGY   (S=+,S=-)   | N,nz,lz,OMEz>   <P>    <JY>    <SY>   GFACT   *
*                                                                             *
*  44)  -11.751   ( 44,---)   | 6, 5, 1, 1/2>    41  -2.821  -0.307   0.109   *
*  45)  -11.633   ( 45,---)   | 5, 0, 5,11/2>   -83   0.000  -0.000  -0.173   *
*  46)  -11.461   ( 46,---)   | 6, 5, 1, 3/2>    28  -0.004  -0.000   0.103   *
*  47)  -10.826   ( 47,---)   | 5, 2, 3, 5/2>    -8   0.000   0.000   0.014   *
*  48)  -10.758   ( 48,---)   | 5, 2, 1, 3/2>   -34   0.000  -0.000  -0.364   *
*  49)  -10.300   ( 49,---)   | 6, 4, 2, 5/2>     6   0.000   0.000   0.358   *
*  50)   -9.790   ( 50,---)   | 5, 2, 1, 1/2>   -52   0.324  -0.117  -0.362   *
*  51)   -9.311   ( 51,---)   | 6, 3, 3, 7/2>    46  -0.000   0.000  -0.029   *
*  52)   -8.767   ( 52,---)   | 5, 1, 2, 5/2>   -60   0.000  -0.000 -2.E+01   *
*  53)   -8.089   ( 53,---)   | 5, 1, 4, 7/2>   -56   0.000   0.000   0.787   *
*  54)   -7.691   ( 54,---)   | 6, 2, 4, 9/2>    53   0.000  -0.000  -0.462   *
*  55)   -7.500   ( 55,---)   | 6, 6, 0, 1/2>    34  -0.278  -0.377   1.359   *
*  56)   -7.101   ( 56,---)   | 5, 1, 0, 1/2>   -42   0.261  -0.413  -1.584   *
*  57)   -6.936   ( 57,---)   | 5, 1, 2, 3/2>   -53  -0.001   0.000  -0.134   *
*  58)   -6.304   ( 58,---)   | 5, 0, 3, 7/2>   -82   0.000  -0.000  -0.039   *
*  59)   -5.963   ( 59,---)   | 6, 5, 1, 1/2>    22   0.059  -0.256  -4.329   *
*  60)   -5.764   ( 60,---)   | 6, 1, 5,11/2>    61   0.000   0.000   0.044   *
*  61)   -5.688   ( 61,---)   | 6, 5, 1, 3/2>    27  -0.000   0.000  -1.119   *
*  62)   -5.231   ( 62,---)   | 5, 0, 5, 9/2>   -83  -0.000   0.000  -0.047   *
*  63)   -4.848   ( 63,---)   | 7, 6, 1, 1/2>   -29  -3.161  -0.293   0.093   *
*  64)   -4.535   ( 64,---)   | 7, 6, 1, 3/2>   -27   0.002   0.000   0.084   *
*  65)   -4.097   ( 65,---)   | 5, 0, 1, 3/2>   -81  -0.001  -0.001   1.725   *
*  66)   -4.020   ( 66,---)   | 6, 3, 1, 3/2>    38  -0.000  -0.000   5.451   *
*  67)   -3.938   ( 67,---)   | 7, 4, 3, 5/2>   -25   0.000   0.000   0.054   *
*  68)   -3.756   ( 68,---)   | 5, 0, 3, 5/2>   -79   0.000  -0.000  -0.029   *
*  69)   -3.471   ( 69,---)   | 5, 0, 1, 1/2>   -79   0.303  -0.010  -0.033   *
*  70)   -3.387   ( 70,---)   | 6, 0, 6,13/2>    84  -0.000   0.000  -1.805   *
*  71)   -3.187   ( 71,---)   | 6, 3, 3, 5/2>    26  -0.000   0.000  -0.847   *
*  72)   -3.084   ( 72,---)   | 6, 3, 1, 1/2>    42   0.565  -0.141  -0.249   *
*  73)   -2.470   ( 73,---)   | 7, 4, 3, 7/2>   -43  -0.000  -0.000   0.032   *
*  74)   -2.022   ( 74,---)   | 6, 2, 2, 5/2>    47   0.001  -0.000  -0.035   *
*  75)   -0.837   ( 75,---)   | 7, 3, 4, 9/2>   -48   0.000   0.000   0.030   *
*  76)   -0.812   ( 76,---)   | 6, 2, 4, 7/2>    51  -0.000   0.000  -0.179   *
*  77)   -0.032   ( 77,---)   | 6, 2, 0, 1/2>    17  -0.555  -0.394   0.710   *
*                                                                             *
*******************************************************************************

*******************************************************************************
*                                                                             *
*  HFB PAIRING PROPERTIES                                           NEUTRONS  *
*                                                                             *
*  STRENGTH= 0.0911   GAP= 0.6825   FERMI ENERGY= -9.9220   ENERGY=  -5.1113  *
*                                                                             *
*******************************************************************************

*******************************************************************************
*                                                                             *
*  MULTIPOLE MOMENTS [UNITS:  (10 FERMI)^LAMBDA]                    NEUTRONS  *
*                                                                             *
*******************************************************************************
*                                                                             *
*  Q00 = 98.0000  .............  .............  .............  .............  *
*                                                                             *
*  Q10 =  6.7731  Q11 =    ZERO  .............  .............  .............  *
*                                                                             *
*  Q20 = 12.0539  Q21 =    ZERO  Q22 = 4.5E-04  .............  .............  *
*                                                                             *
*  Q30 =  0.4028  Q31 =    ZERO  Q32 = 3.3E-05  Q33 =    ZERO  .............  *
*                                                                             *
*  Q40 =  0.4760  Q41 =    ZERO  Q42 = 2.9E-05  Q43 =    ZERO  Q44 = 2.4E-06  *
*                                                                             *
*******************************************************************************

*******************************************************************************
*                                                                             *
*  ROOT-MEAN-SQUARE AND GEOMETRIC SIZES IN FERMIS                   NEUTRONS  *
*                                                                             *
*  R_RMS =  5.4419     X_RMS =  2.7967    Y_RMS =  2.7966    Z_RMS =  3.7378  *
*                                                                             *
*  R_GEO =  7.0254     X_GEO =  6.2536    Y_GEO =  6.2535    Z_GEO =  8.3580  *
*                                                                             *
*******************************************************************************

*******************************************************************************
*                                                                             *
*  BOHR DEFORMATIONS (FIRST-ORDER APPROXIMATION)                    NEUTRONS  *
*                                                                             *
*******************************************************************************
*                                                                             *
*  B10 =  0.2013  B11 =    ZERO  .............  .............  .............  *
*                                                                             *
*  B20 =  0.3292  B21 =    ZERO  B22 = 1.2E-05  .............  .............  *
*                                                                             *
*  B30 =  0.0497  B31 =    ZERO  B32 = 5.7E-06  B33 =    ZERO  .............  *
*                                                                             *
*  B40 =  0.0835  B41 =    ZERO  B42 = 7.1E-06  B43 =    ZERO  B44 = 6.1E-07  *
*                                                                             *
*******************************************************************************
*                                                                             *
*  BOHR DENSITY = 0.0675 FM^(-3)  BOHR RADIUS =   7.0254 FM                   *
*                                                                             *
*******************************************************************************

*******************************************************************************
*                                                                             *
*  SINGLE-QUASIPARTICLE PROPERTIES:                                 PROTONS   *
*                                                                             *
*******************************************************************************
*                                                                             *
*  NO)   ENERGY   (S=+,S=-)       PARITY   V2QUAP   EEQUIV   DEQUIV   V_CORR  *
*                                                                             *
*  37)    9.553   ( 19,  0)       -0.523  0.99860  -11.081    0.716  1.00001  *
*  38)    9.553   (  0, 19)       -0.523  0.99860  -11.081    0.716  1.00001  *
*  41)    9.203   ( 21,  0)        0.346  0.99825  -10.726    0.768  1.00002  *
*  42)    9.203   (  0, 21)        0.346  0.99825  -10.726    0.768  1.00002  *
*  43)    8.571   ( 22,  0)        0.629  0.99927  -10.113    0.463  1.00001  *
*  44)    8.571   (  0, 22)        0.629  0.99927  -10.113    0.463  1.00001  *
*  45)    7.916   ( 23,  0)       -0.834  0.99705   -9.424    0.858  1.00003  *
*  46)    7.916   (  0, 23)       -0.834  0.99705   -9.424    0.858  1.00003  *
*  47)    7.283   ( 24,  0)        0.672  0.99872   -8.819    0.520  1.00002  *
*  48)    7.283   (  0, 24)        0.672  0.99872   -8.819    0.520  1.00002  *
*  49)    7.223   ( 25,  0)       -0.804  0.98745   -8.597    1.608  1.00015  *
*  50)    7.223   (  0, 25)       -0.804  0.98745   -8.597    1.608  1.00015  *
*  51)    6.457   ( 26,  0)        0.609  0.98868   -7.866    1.366  1.00015  *
*  52)    6.457   (  0, 26)        0.609  0.98868   -7.866    1.366  1.00015  *
*  53)    6.110   ( 27,  0)        0.143  0.99307   -7.580    1.014  1.00010  *
*  54)    6.110   (  0, 27)        0.143  0.99307   -7.580    1.014  1.00010  *
*  55)    5.339   ( 28,  0)       -0.148  0.99562   -6.847    0.705  1.00007  *
*  56)    5.339   (  0, 28)       -0.148  0.99562   -6.847    0.705  1.00007  *
*  57)    5.159   ( 29,  0)        0.840  0.99569   -6.670    0.676  1.00007  *
*  58)    5.159   (  0, 29)        0.840  0.99569   -6.670    0.676  1.00007  *
*  59)    4.941   ( 30,  0)       -0.581  0.99826   -6.479    0.412  1.00003  *
*  60)    4.941   (  0, 30)       -0.581  0.99826   -6.479    0.412  1.00003  *
*  61)    3.904   ( 31,  0)        0.132  0.99704   -5.436    0.425  1.00006  *
*  62)    3.904   (  0, 31)        0.132  0.99704   -5.436    0.425  1.00006  *
*  63)    3.475   ( 32,  0)       -0.100  0.99604   -5.002    0.437  1.00010  *
*  64)    3.475   (  0, 32)       -0.100  0.99604   -5.002    0.437  1.00010  *
*  65)    2.804   (  0, 33)        0.627  0.90881   -3.848    1.614  1.00272  *
*  66)    2.804   ( 33,  0)        0.627  0.90881   -3.848    1.614  1.00272  *
*  67)    2.224   (  0, 34)        0.189  0.99195   -3.743    0.397  1.00030  *
*  68)    2.224   ( 34,  0)        0.189  0.99195   -3.743    0.397  1.00030  *
*  69)    1.908   (  0, 35)       -0.545  0.98951   -3.423    0.389  1.00045  *
*  70)    1.908   ( 35,  0)       -0.545  0.98951   -3.423    0.389  1.00045  *
*  71)    1.606   (  0, 36)       -0.142  0.98264   -3.105    0.419  1.00087  *
*  72)    1.606   ( 36,  0)       -0.142  0.98264   -3.105    0.419  1.00087  *
*  73)    0.958   (  0, 37)        0.787  0.93344   -2.386    0.478  1.00538  *
*  74)    0.958   ( 37,  0)        0.787  0.93344   -2.386    0.478  1.00538  *
*  75)    0.363   (  0, 38)       -0.366  0.53150   -1.578    0.362  1.10192  *
*  76)    0.363   ( 38,  0)       -0.366  0.53150   -1.578    0.362  1.10192  *
*  77)    0.470   (  0, 39)        0.820  0.43495   -1.494    0.466  1.10170  *
*  78)    0.470   ( 39,  0)        0.820  0.43495   -1.494    0.466  1.10170  *
*  79)    0.372   (  0, 40)       -0.492  0.37177   -1.460    0.359  1.14644  *
*  80)    0.372   ( 40,  0)       -0.492  0.37177   -1.460    0.359  1.14644  *
*  81)    0.519   ( 41,  0)       -0.596  0.21687   -1.261    0.428  1.14119  *
*  82)    0.519   (  0, 41)       -0.596  0.21687   -1.261    0.428  1.14119  *
*  83)    1.141   ( 42,  0)        0.382  0.02605   -0.473    0.364  1.08005  *
*  84)    1.141   (  0, 42)        0.382  0.02605   -0.473    0.364  1.08005  *
*  85)    1.469   (  0, 43)        0.429  0.01571   -0.132    0.365  1.06188  *
*  86)    1.469   ( 43,  0)        0.429  0.01571   -0.132    0.365  1.06188  *
*  87)    1.575   (  0, 44)        0.795  0.02220   -0.050    0.464  1.05705  *
*  88)    1.575   ( 44,  0)        0.795  0.02220   -0.050    0.464  1.05705  *
*  89)    1.726   ( 45,  0)        0.570  0.02452    0.087    0.534  1.05167  *
*  90)    1.726   (  0, 45)        0.570  0.02452    0.087    0.534  1.05167  *
*  91)    2.855   ( 46,  0)        0.434  0.09020    0.785    1.636  1.02844  *
*  92)    2.855   (  0, 46)        0.434  0.09020    0.785    1.636  1.02844  *
*  93)    2.384   (  0, 47)       -0.043  0.00629    0.799    0.377  1.03767  *
*  94)    2.384   ( 47,  0)       -0.043  0.00629    0.799    0.377  1.03767  *
*  95)    2.549   ( 48,  0)       -0.797  0.00956    0.945    0.496  1.03502  *
*  96)    2.549   (  0, 48)       -0.797  0.00956    0.945    0.496  1.03502  *
*  97)    2.905   (  0, 49)        0.140  0.00486    1.322    0.404  1.03076  *
*  98)    2.905   ( 49,  0)        0.140  0.00486    1.322    0.404  1.03076  *
*  99)    3.644   (  0, 50)       -0.592  0.00285    2.069    0.389  1.02442  *
* 100)    3.644   ( 50,  0)       -0.592  0.00285    2.069    0.389  1.02442  *
* 101)    4.158   ( 51,  0)        0.658  0.00244    2.583    0.410  1.02134  *
* 102)    4.158   (  0, 51)        0.658  0.00244    2.583    0.410  1.02134  *
* 103)    5.576   (  0, 52)       -0.467  0.00511    3.964    0.795  1.01579  *
* 104)    5.576   ( 52,  0)       -0.467  0.00511    3.964    0.795  1.01579  *
* 105)    5.570   ( 53,  0)       -0.542  0.00145    3.999    0.423  1.01587  *
* 106)    5.570   (  0, 53)       -0.542  0.00145    3.999    0.423  1.01587  *
* 107)    5.574   (  0, 54)       -0.642  0.00121    4.006    0.387  1.01586  *
* 108)    5.574   ( 54,  0)       -0.642  0.00121    4.006    0.387  1.01586  *
* 109)    6.173   ( 55,  0)        0.592  0.00302    4.581    0.678  1.01427  *
* 110)    6.173   (  0, 55)        0.592  0.00302    4.581    0.678  1.01427  *
* 111)    6.766   (  0, 56)        0.262  0.00488    5.145    0.943  1.01298  *
* 112)    6.766   ( 56,  0)        0.262  0.00488    5.145    0.943  1.01298  *
* 113)    6.840   (  0, 57)        0.458  0.00964    5.153    1.336  1.01277  *
* 114)    6.840   ( 57,  0)        0.458  0.00964    5.153    1.336  1.01277  *
* 115)    7.382   (  0, 58)       -0.669  0.01242    5.644    1.635  1.01179  *
* 116)    7.382   ( 58,  0)       -0.669  0.01242    5.644    1.635  1.01179  *
* 117)    7.421   (  0, 59)       -0.170  0.00362    5.812    0.891  1.01184  *
* 118)    7.421   ( 59,  0)       -0.170  0.00362    5.812    0.891  1.01184  *
* 119)    8.174   ( 60,  0)       -0.039  0.00084    6.605    0.474  1.01076  *
* 120)    8.174   (  0, 60)       -0.039  0.00084    6.605    0.474  1.01076  *
* 121)    8.296   ( 61,  0)       -0.182  0.00103    6.724    0.532  1.01060  *
* 122)    8.296   (  0, 61)       -0.182  0.00103    6.724    0.532  1.01060  *
* 123)    8.400   (  0, 62)       -0.792  0.00067    6.834    0.434  1.01047  *
* 124)    8.400   ( 62,  0)       -0.792  0.00067    6.834    0.434  1.01047  *
* 125)    8.409   ( 63,  0)       -0.765  0.00083    6.840    0.484  1.01046  *
* 126)    8.409   (  0, 63)       -0.765  0.00083    6.840    0.484  1.01046  *
* 127)    8.455   (  0, 64)        0.509  0.00065    6.889    0.433  1.01040  *
* 128)    8.455   ( 64,  0)        0.509  0.00065    6.889    0.433  1.01040  *
* 129)    9.074   (  0, 65)       -0.143  0.00096    7.501    0.561  1.00969  *
* 130)    9.074   ( 65,  0)       -0.143  0.00096    7.501    0.561  1.00969  *
* 133)    9.360   ( 67,  0)        0.314  0.00055    7.795    0.439  1.00939  *
* 134)    9.360   (  0, 67)        0.314  0.00055    7.795    0.439  1.00939  *
* 135)    9.750   ( 68,  0)       -0.029  0.00169    8.162    0.801  1.00900  *
* 136)    9.750   (  0, 68)       -0.029  0.00169    8.162    0.801  1.00900  *
*                                                                             *
*1266)   TOTAL=  ( 633, 633)                                                  *
*                                                                             *
*******************************************************************************

*******************************************************************************
*                                                                             *
*  SINGLE-PARTICLE PROPERTIES: CANONICAL                            PROTONS   *
*                                                                             *
*******************************************************************************
*                                                                             *
*  NO)   ENERGY   (S=+,S=-)   | N,nz,lz,OMEz>   <P>    <JY>    <SY>   GFACT   *
*                                                                             *
*  20)  -11.484   ( 20,---)   | 4, 2, 2, 5/2>    77   0.000   0.000   0.924   *
*  21)  -11.029   ( 21,---)   | 3, 0, 3, 5/2>   -88  -0.000  -0.000   0.390   *
*  22)  -10.878   ( 22,---)   | 4, 2, 2, 3/2>    81   0.002  -0.000  -0.102   *
*  23)   -9.831   ( 23,---)   | 4, 3, 1, 1/2>    44   1.139  -0.146  -0.128   *
*  24)   -9.451   ( 24,---)   | 3, 0, 1, 3/2>   -84  -0.000  -0.000   1.571   *
*  25)   -9.352   ( 25,---)   | 3, 0, 1, 1/2>   -33  -0.545  -0.152   0.279   *
*  26)   -8.847   ( 26,---)   | 4, 1, 3, 7/2>    75   0.000   0.000   0.055   *
*  27)   -8.475   ( 27,---)   | 3, 0, 1, 1/2>   -25  -0.890  -0.282   0.317   *
*  28)   -7.304   ( 28,---)   | 4, 2, 0, 1/2>     5  -1.567  -0.387   0.247   *
*  29)   -6.693   ( 29,---)   | 4, 0, 4, 9/2>    84  -0.000   0.000  -0.833   *
*  30)   -6.603   ( 30,---)   | 5, 4, 1, 3/2>   -54   0.001   0.000   0.085   *
*  31)   -5.448   ( 31,---)   | 5, 3, 2, 5/2>   -45   0.000   0.000   0.053   *
*  32)   -5.130   ( 32,---)   | 4, 1, 3, 5/2>    49  -0.000  -0.000   0.911   *
*  33)   -4.354   ( 33,---)   | 4, 1, 1, 3/2>    59  -0.000  -0.000   1.020   *
*  34)   -3.756   ( 34,---)   | 4, 1, 1, 1/2>     0   0.604  -0.148  -0.245   *
*  35)   -3.446   ( 35,---)   | 5, 2, 3, 7/2>   -57   0.000   0.000   0.029   *
*  36)   -3.152   ( 36,---)   | 4, 1, 1, 1/2>     6   0.611  -0.134  -0.220   *
*  37)   -2.389   ( 37,---)   | 4, 0, 4, 7/2>    80  -0.000  -0.000   3.317   *
*  38)   -1.579   ( 38,---)   | 5, 3, 0, 1/2>   -36  -0.705  -0.360   0.511   *
*  39)   -1.494   ( 39,---)   | 4, 0, 2, 5/2>    82  -0.000  -0.000   1.384   *
*  40)   -1.460   ( 40,---)   | 5, 3, 2, 3/2>   -49  -0.000   0.000  -0.485   *
*  41)   -1.260   ( 41,---)   | 5, 1, 4, 9/2>   -60  -0.000   0.000  -0.414   *
*  42)   -0.431   ( 42,---)   | 6, 5, 1, 1/2>    42  -2.459  -0.334   0.136   *
*  43)   -0.102   ( 43,---)   | 6, 5, 1, 3/2>    41   0.001   0.000   0.090   *
*  44)   -0.016   ( 44,---)   | 4, 0, 2, 3/2>    78   0.002  -0.000  -0.008   *
*                                                                             *
*******************************************************************************

*******************************************************************************
*                                                                             *
*  HFB PAIRING PROPERTIES                                            PROTONS  *
*                                                                             *
*  STRENGTH= 0.0480   GAP=-0.4055   FERMI ENERGY= -1.4680   ENERGY=  -3.4268  *
*                                                                             *
*******************************************************************************

*******************************************************************************
*                                                                             *
*  MULTIPOLE MOMENTS [UNITS:  (10 FERMI)^LAMBDA]                     PROTONS  *
*                                                                             *
*******************************************************************************
*                                                                             *
*  Q00 = 78.0000  .............  .............  .............  .............  *
*                                                                             *
*  Q10 =  5.2846  Q11 =    ZERO  .............  .............  .............  *
*                                                                             *
*  Q20 = 10.9148  Q21 =    ZERO  Q22 = 4.3E-04  .............  .............  *
*                                                                             *
*  Q30 =  0.3570  Q31 =    ZERO  Q32 = 3.2E-05  Q33 =    ZERO  .............  *
*                                                                             *
*  Q40 =  0.4681  Q41 =    ZERO  Q42 = 2.8E-05  Q43 =    ZERO  Q44 = 2.2E-06  *
*                                                                             *
*******************************************************************************

*******************************************************************************
*                                                                             *
*  ROOT-MEAN-SQUARE AND GEOMETRIC SIZES IN FERMIS                    PROTONS  *
*                                                                             *
*  R_RMS =  5.4161     X_RMS =  2.7287    Y_RMS =  2.7287    Z_RMS =  3.8003  *
*                                                                             *
*  R_GEO =  6.9922     X_GEO =  6.1016    Y_GEO =  6.1015    Z_GEO =  8.4978  *
*                                                                             *
*******************************************************************************

*******************************************************************************
*                                                                             *
*  BOHR DEFORMATIONS (FIRST-ORDER APPROXIMATION)                     PROTONS  *
*                                                                             *
*******************************************************************************
*                                                                             *
*  B10 =  0.1983  B11 =    ZERO  .............  .............  .............  *
*                                                                             *
*  B20 =  0.3781  B21 =    ZERO  B22 = 1.5E-05  .............  .............  *
*                                                                             *
*  B30 =  0.0561  B31 =    ZERO  B32 = 7.0E-06  B33 =    ZERO  .............  *
*                                                                             *
*  B40 =  0.1052  B41 =    ZERO  B42 = 8.9E-06  B43 =    ZERO  B44 = 7.0E-07  *
*                                                                             *
*******************************************************************************
*                                                                             *
*  BOHR DENSITY = 0.0545 FM^(-3)  BOHR RADIUS =   6.9922 FM                   *
*                                                                             *
*******************************************************************************

*******************************************************************************
*                                                                             *
*                  DENSITY INTEGRALS IN THE SKYRME FUNCTIONAL                 *
*                                                                             *
*******************************************************************************
*                                                                             *
*                   TOTAL(T)        SUM(S)      ISOSCALAR(P)  ISOVECTOR(M)    *
*                   --------        ------      ------------  ------------    *
*    DRHO_ =       20.826086     10.534321         20.826086      0.242556    *
*    DRHOD =        9.693045      4.901475          9.693045      0.109905    *
*    DLPR_ =       -4.156201     -2.101616         -4.156201     -0.047031    *
*    DTAU_ =       18.623220      9.488705         18.623220      0.354189    *
*    DSCU_ =        0.107219      0.061468          0.107219      0.015717    *
*    DDIV_ =        0.817561      0.417472          0.817561      0.017383    *
*                                                                             *
*    DSPI_ =        0.000000      0.000000          0.000000      0.000000    *
*    DSPID =        0.000000      0.000000          0.000000      0.000000    *
*    DLPS_ =        0.000000      0.000000          0.000000      0.000000    *
*    DCUR_ =        0.000000      0.000000          0.000000      0.000000    *
*    DKIS_ =        0.000000      0.000000          0.000000      0.000000    *
*    DROT_ =        0.000000      0.000000          0.000000      0.000000    *
*                                                                             *
*******************************************************************************

*******************************************************************************
*                                                                             *
*               CONTRIBUTIONS TO ENERGY IN THE SKYRME FUNCTIONAL              *
*                                                                             *
*******************************************************************************
*                                                                             *
*                 TOTAL(T)        SUM(S)        ISOSCALAR(P)  ISOVECTOR(M)    *
*                 --------        ------        ------------  ------------    *
*    ERHO_ =   -18619.772343   5670.789194     -13014.269002     65.285853    *
*    ERHOD =     9772.659785  -2486.831251       7313.709341    -27.880806    *
*    ELPR_ =     -408.701320    604.992508        189.521781      6.769407    *
*    ETAU_ =      617.472642   -458.034345        167.986932     -8.548635    *
*    ESCU_ =        0.000000      0.000000          0.000000      0.000000    *
*    EDIV_ =      -18.014010    -43.344051        -60.455688     -0.902373    *
*               ============  ============      ============  ============    *
*    SUM EVEN:  -8656.355245   3287.572055      -5403.506636     34.723446    *
*                                                                             *
*    ESPI_ =        0.000000      0.000000          0.000000      0.000000    *
*    ESPID =        0.000000      0.000000          0.000000      0.000000    *
*    ELPS_ =        0.000000      0.000000          0.000000      0.000000    *
*    ECUR_ =        0.000000      0.000000          0.000000      0.000000    *
*    EKIS_ =        0.000000      0.000000          0.000000      0.000000    *
*    EROT_ =        0.000000      0.000000          0.000000      0.000000    *
*               ============  ============      ============  ============    *
*    SUM  ODD:      0.000000      0.000000          0.000000      0.000000    *
*                                                                             *
*******************************************************************************
 
*******************************************************************************
*                                                                             *
*  CENTER-OF-MASS COORDINATES IN FERMIS                                TOTAL  *
*                                                                             *
*  R_CMS =  0.6851     X_CMS =  0.0000    Y_CMS =  0.0000    Z_CMS =  0.6851  *
*                                                                             *
*******************************************************************************

*******************************************************************************
*                                                                             *
*  MULTIPOLE MOMENTS [UNITS:  (10 FERMI)^LAMBDA] [CENT-MASS FRAME]  NEUTRONS  *
*                                                                             *
*******************************************************************************
*                                                                             *
*  Q00 = 98.0000  .............  .............  .............  .............  *
*                                                                             *
*  Q10 =  0.0591  Q11 =    ZERO  .............  .............  .............  *
*                                                                             *
*  Q20 = 11.1178  Q21 =    ZERO  Q22 = 4.5E-04  .............  .............  *
*                                                                             *
*  Q30 = -0.4740  Q31 =    ZERO  Q32 = 1.4E-05  Q33 =    ZERO  .............  *
*                                                                             *
*  Q40 =  0.4889  Q41 =    ZERO  Q42 = 2.2E-05  Q43 =    ZERO  Q44 = 2.4E-06  *
*                                                                             *
*******************************************************************************

*******************************************************************************
*                                                                             *
*  BOHR DEFORMATIONS (FIRST-ORDER APPROXIMATION) [CENT-MASS FRAME]  NEUTRONS  *
*                                                                             *
*******************************************************************************
*                                                                             *
*  B10 =  0.0019  B11 =    ZERO  .............  .............  .............  *
*                                                                             *
*  B20 =  0.3608  B21 =    ZERO  B22 = 1.5E-05  .............  .............  *
*                                                                             *
*  B30 = -0.0757  B31 =    ZERO  B32 = 3.2E-06  B33 =    ZERO  .............  *
*                                                                             *
*  B40 =  0.1211  B41 =    ZERO  B42 = 7.8E-06  B43 =    ZERO  B44 = 8.6E-07  *
*                                                                             *
*******************************************************************************
*                                                                             *
*  BOHR DENSITY = 0.0874 FM^(-3)  BOHR RADIUS =   6.4453 FM                   *
*                                                                             *
*******************************************************************************

*******************************************************************************
*                                                                             *
*  MULTIPOLE MOMENTS [UNITS:  (10 FERMI)^LAMBDA] [CENT-MASS FRAME]   PROTONS  *
*                                                                             *
*******************************************************************************
*                                                                             *
*  Q00 = 78.0000  .............  .............  .............  .............  *
*                                                                             *
*  Q10 = -0.0591  Q11 =    ZERO  .............  .............  .............  *
*                                                                             *
*  Q20 = 10.1988  Q21 =    ZERO  Q22 = 4.3E-04  .............  .............  *
*                                                                             *
*  Q30 = -0.4433  Q31 =    ZERO  Q32 = 1.4E-05  Q33 =    ZERO  .............  *
*                                                                             *
*  Q40 =  0.4829  Q41 =    ZERO  Q42 = 2.2E-05  Q43 =    ZERO  Q44 = 2.2E-06  *
*                                                                             *
*******************************************************************************

*******************************************************************************
*                                                                             *
*  BOHR DEFORMATIONS (FIRST-ORDER APPROXIMATION) [CENT-MASS FRAME]   PROTONS  *
*                                                                             *
*******************************************************************************
*                                                                             *
*  B10 = -0.0024  B11 =    ZERO  .............  .............  .............  *
*                                                                             *
*  B20 =  0.4206  B21 =    ZERO  B22 = 1.8E-05  .............  .............  *
*                                                                             *
*  B30 = -0.0904  B31 =    ZERO  B32 = 4.2E-06  B33 =    ZERO  .............  *
*                                                                             *
*  B40 =  0.1537  B41 =    ZERO  B42 = 9.9E-06  B43 =    ZERO  B44 = 9.9E-07  *
*                                                                             *
*******************************************************************************
*                                                                             *
*  BOHR DENSITY = 0.0707 FM^(-3)  BOHR RADIUS =   6.4088 FM                   *
*                                                                             *
*******************************************************************************

*******************************************************************************
*                                                                             *
*  EULER ANGLES OF THE PRINCIPAL-AXES FRAME IN DEGREES                 TOTAL  *
*                                                                             *
*  ALPHA =180.00000  BETA =  0.00000  GAMMA =  0.00000                        *
*                                                                             *
*******************************************************************************

*******************************************************************************
*                                                                             *
*  ROOT-MEAN-SQUARE AND GEOMETRIC SIZES IN FERMIS                      TOTAL  *
*                                                                             *
*  R_RMS =  5.4305     X_RMS =  2.7668    Y_RMS =  2.7667    Z_RMS =  3.7656  *
*                                                                             *
*  R_GEO =  7.0107     X_GEO =  6.1867    Y_GEO =  6.1866    Z_GEO =  8.4202  *
*                                                                             *
*******************************************************************************

*******************************************************************************
*                                                                             *
*  MULTIPOLE MOMENTS [UNITS:  (10 FERMI)^LAMBDA]                       TOTAL  *
*                                                                             *
*******************************************************************************
*                                                                             *
*  Q00 =176.0000  .............  .............  .............  .............  *
*                                                                             *
*  Q10 = 12.0576  Q11 =    ZERO  .............  .............  .............  *
*                                                                             *
*  Q20 = 22.9687  Q21 =    ZERO  Q22 = 8.8E-04  .............  .............  *
*                                                                             *
*  Q30 =  0.7599  Q31 =    ZERO  Q32 = 6.4E-05  Q33 =    ZERO  .............  *
*                                                                             *
*  Q40 =  0.9440  Q41 =    ZERO  Q42 = 5.7E-05  Q43 =    ZERO  Q44 = 4.6E-06  *
*                                                                             *
*******************************************************************************

*******************************************************************************
*                                                                             *
*  BOHR DEFORMATIONS (FIRST-ORDER APPROXIMATION)                       TOTAL  *
*                                                                             *
*******************************************************************************
*                                                                             *
*  B10 =  0.2000  B11 =    ZERO  .............  .............  .............  *
*                                                                             *
*  B20 =  0.3508  B21 =    ZERO  B22 = 1.3E-05  .............  .............  *
*                                                                             *
*  B30 =  0.0525  B31 =    ZERO  B32 = 6.3E-06  B33 =    ZERO  .............  *
*                                                                             *
*  B40 =  0.0930  B41 =    ZERO  B42 = 7.9E-06  B43 =    ZERO  B44 = 6.5E-07  *
*                                                                             *
*******************************************************************************
*                                                                             *
*  BOHR DENSITY = 0.1219 FM^(-3)  BOHR RADIUS =   7.0107 FM                   *
*                                                                             *
*******************************************************************************

*******************************************************************************
*                                                                             *
*  MULTIPOLE MOMENTS [UNITS:  (10 FERMI)^LAMBDA] [CENT-MASS FRAME]     TOTAL  *
*                                                                             *
*******************************************************************************
*                                                                             *
*  Q00 =176.0000  .............  .............  .............  .............  *
*                                                                             *
*  Q10 =    ZERO  Q11 =    ZERO  .............  .............  .............  *
*                                                                             *
*  Q20 = 21.3166  Q21 =    ZERO  Q22 = 8.8E-04  .............  .............  *
*                                                                             *
*  Q30 = -0.9173  Q31 =    ZERO  Q32 = 2.9E-05  Q33 =    ZERO  .............  *
*                                                                             *
*  Q40 =  0.9718  Q41 =    ZERO  Q42 = 4.4E-05  Q43 =    ZERO  Q44 = 4.6E-06  *
*                                                                             *
*******************************************************************************

*******************************************************************************
*                                                                             *
*  BOHR DEFORMATIONS (FIRST-ORDER APPROXIMATION) [CENT-MASS FRAME]     TOTAL  *
*                                                                             *
*******************************************************************************
*                                                                             *
*  B10 =    ZERO  B11 =    ZERO  .............  .............  .............  *
*                                                                             *
*  B20 =  0.3871  B21 =    ZERO  B22 = 1.6E-05  .............  .............  *
*                                                                             *
*  B30 = -0.0822  B31 =    ZERO  B32 = 3.6E-06  B33 =    ZERO  .............  *
*                                                                             *
*  B40 =  0.1354  B41 =    ZERO  B42 = 8.7E-06  B43 =    ZERO  B44 = 9.2E-07  *
*                                                                             *
*******************************************************************************
*                                                                             *
*  BOHR DENSITY = 0.1581 FM^(-3)  BOHR RADIUS =   6.4290 FM                   *
*                                                                             *
*******************************************************************************

*******************************************************************************
*                                                                             *
*  MULTIPOLE MOMENTS [UNITS:  (10 FERMI)^LAMBDA] [INTRINSIC FRAME]     TOTAL  *
*                                                                             *
*  REAL PART  FOR A NON-NEGATIVE PROJECTION                                   *
*  IMAGINARY PART FOR A NEGATIVE PROJECTION                                   *
*                                                                             *
*******************************************************************************
*                                                                             *
*  Q00 =176.0000  .............  .............  .............  .............  *
*                 .............  .............  .............  .............  *
*                                                                             *
*  Q10 =    ZERO  Q1+1=    ZERO  .............  .............  .............  *
*                 Q1-1=    ZERO  .............  .............  .............  *
*                                                                             *
*  Q20 = 21.3166  Q2+1=    ZERO  Q2+2= 8.8E-04  .............  .............  *
*                 Q2-1=    ZERO  Q2-2=    ZERO  .............  .............  *
*                                                                             *
*  Q30 = -0.9173  Q3+1=    ZERO  Q3+2= 2.9E-05  Q3+3=    ZERO  .............  *
*                 Q3-1=    ZERO  Q3-2=    ZERO  Q3-3=    ZERO  .............  *
*                                                                             *
*  Q40 =  0.9718  Q4+1=    ZERO  Q4+2= 4.4E-05  Q4+3=    ZERO  Q4+4= 4.6E-06  *
*                 Q4-1=    ZERO  Q4-2=    ZERO  Q4-3=    ZERO  Q4-4=    ZERO  *
*                                                                             *
*******************************************************************************

*******************************************************************************
*                                                                             *
*  BOHR DEFORMATIONS (FIRST-ORDER APPROXIMATION) [INTRINSIC FRAME]     TOTAL  *
*                                                                             *
*  REAL PART  FOR A NON-NEGATIVE PROJECTION                                   *
*  IMAGINARY PART FOR A NEGATIVE PROJECTION                                   *
*                                                                             *
*******************************************************************************
*                                                                             *
*  B10 =    ZERO  B1+1=    ZERO  .............  .............  .............  *
*                 B1-1=    ZERO  .............  .............  .............  *
*                                                                             *
*  B20 =  0.3871  B2+1=    ZERO  B2+2= 1.6E-05  .............  .............  *
*                 B2-1=    ZERO  B2-2=    ZERO  .............  .............  *
*                                                                             *
*  B30 = -0.0822  B3+1=    ZERO  B3+2= 3.6E-06  B3+3=    ZERO  .............  *
*                 B3-1=    ZERO  B3-2=    ZERO  B3-3=    ZERO  .............  *
*                                                                             *
*  B40 =  0.1354  B4+1=    ZERO  B4+2= 8.7E-06  B4+3=    ZERO  B4+4= 9.2E-07  *
*                 B4-1=    ZERO  B4-2=    ZERO  B4-3=    ZERO  B4-4=    ZERO  *
*                                                                             *
*******************************************************************************
*                                                                             *
*  BOHR DENSITY = 0.1581 FM^(-3)  BOHR RADIUS =   6.4290 FM                   *
*                                                                             *
*******************************************************************************

*******************************************************************************
*                                                                             *
*                                ENERGIES (MEV)                               *
*                                                                             *
*******************************************************************************
*                                                                             *
*  KINETIC: (NEU)=  1908.694160    (PRO)=  1347.230412    (TOT)=  3255.924571 *
*  SUM EPS: (NEU)= -2126.651871    (PRO)=  -984.219828    (TOT)= -3110.871699 *
*  PAIRING: (NEU)=    -5.111291    (PRO)=    -3.426768    (TOT)=    -8.538058 *
*  P-REARR: (NEU)=     1.414201    (PRO)=     1.007955    (TOT)=     2.422156 *
*                                                                             *
*  PAIRGAP: (NEU)=     0.682458    (PRO)=    -0.405510    THIS SPACE IS EMPTY *
*  E-FERMI: (NEU)=    -9.921966    (PRO)=    -1.467973    AND AWAITS  YOUR AD *
*                                                                             *
*  COULOMB: (DIR)=   772.271985    (EXC)=   -30.496063    (TOT)=   741.775922 *
*                                                                             *
*  CONSTR. (MULT)=  2152.400088    SLOPE=   798.929346    CORR.=  -399.464673 *
*  CONSTR. (SURF)=     0.000000    SLOPE=     0.000000    CORR.=     0.000000 *
*  CONSTR. (SPIN)=     0.000000    SLOPE=     0.000000    CORR.=     0.000000 *
*  CONSTR. (ISOS)=     0.000000    SLOPE=     0.000000    CORR.=     0.000000 *
*                                                                             *
*  REARRANGEMENT ENERGY FROM THE SKYRME DENSITY-DEPENDENT TERMS=  1371.849797 *
*  ROUTHIAN= TOTAL ENERGY + MULTIPOLE AND (ISO)SPIN CONSTRAINTS=   772.779332 *
*                                                                             *
*  SPIN-ORB (EVE)=   -61.358061    (ODD)=     0.000000    (TOT)=   -61.358061 *
*  SKYRME:  (EVE)= -5368.783190    (ODD)=     0.000000    (TOT)= -5368.783190 *
*                                                                             *
*  TOTAL:  (STAB)=   458.636499     (SP)=  -920.984256    (FUN)= -1379.620755 *
*                                                                             *
*******************************************************************************

*******************************************************************************
*                                                                             *
*  ITERATION RESTARTED FROM THE DISC, THE FOLLOWING FILE(S) READ:             *
*  ./restart/HFODD_00000006.REC                                        VER=19 *
*                                                                             *
*******************************************************************************
*                                                                             *
* CONVERGENCE REPORT                                                          *
*                                                                             *
*******************************************************************************
*                                                                             *
* ITER     ENERGY     STABILITY    Q_2    GAMMA   SPIN  OMEGA   ANGLE   EPAIR *
*                                                                             *
* 2372 -1379.620755  458.636499  21.317    0.00   0.00  0.000   0.000   -8.54 *
* 2373  1538.096707  295.994249  14.970    0.00   0.00  0.000   0.000   -0.10 *
* 2374  2304.729995   -6.93E+03  29.246    0.00   0.00  0.000   0.000   -1.64 *
* 2375  1453.956263  791.478794 184.207    0.00   0.00  0.000   0.000 -283.38 *
* 2376  -583.479283    1.36E+03 169.284    0.00   0.00  0.000   0.000  -15.67 *
* 2377  -544.851152    1.29E+03 174.709    0.00   0.00  0.000   0.000   -4.35 *
* 2378  -577.787141  343.032372 174.834    0.00   0.00  0.000   0.000   -7.43 *
* 2379  -981.456723    1.01E+03 179.613    0.00   0.00  0.000   0.000  -42.26 *
* 2380  -830.041164  748.524099 183.684    0.00   0.00  0.000   0.000   -6.55 *
* 2381  -940.924390    1.00E+03 177.313    0.00   0.00  0.000   0.000  -22.34 *
* 2382  -826.048252    1.29E+03 183.597    0.00   0.00  0.000   0.000   -3.73 *
* 2383  -811.104331    1.30E+04 186.762    0.00   0.00  0.000   0.000   -5.61 *
* 2384  2641.642550    4.76E+04   3.133    0.00   0.00  0.000   0.000   -0.01 *
* 2385  2899.847577   -9.88E+04   9.795    0.00   0.00  0.000   0.000   -0.00 *
* 2386  1669.159849   -7.90E+06   8.033   59.72   0.00  0.000   0.000 -131.36 *

 //////////////////// MAXIMUM NUMBER OF ITERATIONS       ////////////////////
 //////////////////// EXCEEDED IN QUABCS                 ////////////////////

*******************************************************************************
*                                                                             *
*  PROCESSOR   EXECUTION  TIMES IN SUBROUTINES                                *
*  INCLUDING THEIR COMPLETE DOWN-CALLING TREES                                *
*                                                                             *
*******************************************************************************
*                                                                             *
*     4478 => HFODD    2358 => DENSHF    882 => DIAMAT    805 => HFBSIM       *
*                                                                             *
*      506 => QMULCM    238 => PAIMAC    222 => RECORD    190 => CANQUA       *
*                                                                             *
*       73 => AVEQUA     28 => INTEGH     26 => INTSOR     24 => INTEGD       *
*                                                                             *
*       24 => DENMAC     13 => MOMETS     12 => INTMUL      9 => DOBROY       *
*                                                                             *
*        8 => BEGINC      8 => SKFILD      7 => SPAVER      6 => INTMAS       *
*                                                                             *
*        5 => AVOBSE      5 => ROTAVR      5 => LINAVR      4 => COUMAT       *
*                                                                             *
*        4 => INTCOU      3 => NILASP      3 => INTCEN      2 => POWALL       *
*                                                                             *
*        2 => AVANGY      1 => SKPAIR      0 => INTKIN      0 => AVPARI       *
*                                                                             *
*        0 => QUABCS      0 => AVSIMP      0 => SHICOE      0 => PAXMOM       *
*                                                                             *
*        0 => MOMVMU      0 => MOMSIF      0 => MAGMOM      0 => SPIMOM       *
*                                                                             *
*        0 => SHIMOM      0 => SHISIF      0 => SHIMAG                        *
*                                                                             *
*******************************************************************************
*                                                                             *
*  NUMBERS OF CALLS TO SUBROUTINES                                            *
*                                                                             *
*******************************************************************************
*                                                                             *
*      698 => BEGINC    576 => INTMUL    186 => INTSOR     76 => DIAMAT       *
*                                                                             *
*       62 => INTMAS     62 => INTCEN     61 => INTKIN     60 => AVEQUA       *
*                                                                             *
*       45 => PAXMOM     31 => INTEGH     31 => INTEGD     31 => HFBSIM       *
*                                                                             *
*       31 => QUABCS     30 => CANQUA     30 => AVPARI     30 => DENSHF       *
*                                                                             *
*       30 => DENMAC     30 => PAIMAC     30 => MOMETS     30 => MOMSIF       *
*                                                                             *
*       30 => MOMVMU     30 => MAGMOM     30 => SPIMOM     30 => LINAVR       *
*                                                                             *
*       30 => ROTAVR     30 => SHICOE     16 => RECORD     16 => COUMAT       *
*                                                                             *
*       16 => INTCOU     15 => QMULCM     15 => SKFILD     15 => SKPAIR       *
*                                                                             *
*       15 => DOBROY     15 => SHIMOM     15 => SHISIF     15 => SHIMAG       *
*                                                                             *
*       14 => SPAVER      2 => AVANGY      2 => AVOBSE      2 => AVSIMP       *
*                                                                             *
*        2 => NILASP      1 => HFODD       1 => POWALL                        *
*                                                                             *
*******************************************************************************
*                                                                             *
*  EXECUTION ENDS ON 2016.09.06 AT 13:24:38.098                               *
*                                                                             *
*******************************************************************************
