*******************************************************************************
*                                                                             *
*                     P A R A L L E L    M O D E L                            *
*                                                                             *
*  SIMPLE MPI FRAMEWORK (1 COMMUNICATOR)    :  1 MPI PROCESS per HFODD TASK   *
*  MULTI-THREADING FRAMEWORK WITH OPENMP   :  4 THREADS per HFODD MPI PROCESS *
*                                                                             *
*******************************************************************************
*                                                                             *
*                        __  __ _____  ___   ____   ____                      *
*                       / / / // ___/.' _ \ / __ \ / __ \                     *
*                      / /_/ // /_  / / / // / / // / / /                     *
*                     / __  // __/ / / / // / / // / / /                      *
*                    / / / // /   / /_/ // /_/ // /_/ /                       *
*                   /_/ /_//_/    \___.'/____.'/____.'                        *
*                                                                             *
*                                                                             *
*******************************************************************************
*                                                                             *
*             SKYRME-HARTREE-FOCK-BOGOLYUBOV CODE VERSION: 2.77B              *
*                                                                             *
*              NO SYMMETRY-PLANES AND NO TIME-REVERSAL SYMMETRY               *
*                                                                             *
*                DEFORMED CARTESIAN HARMONIC-OSCILLATOR BASIS                 *
*                                                                             *
*******************************************************************************
*                                                                             *
*             J. DOBACZEWSKI, P. BACZYK, B.G. CARLSSON, J. DUDEK              *
*                 J. ENGEL, Y. GAO, M. KONIECZKA, T. LESINSKI                 *
*                 J. MCDONNELL, P. OLBRATOWSKI, P. POWALOWSKI                 *
*                  M. SADZIAK, J. SARICH, K. SATO, W. SATULA                  *
*             N. SCHUNCK,  J.A. SHEIKH, A. STASZCZAK, M. STOITSOV             *
*             P. TOIVANEN, X.B. WANG, M. ZALEWSKI AND H. ZDUNCZUK             *
*                                                                             *
*                   INSTYTUT FIZYKI TEORETYCZNEJ, WARSZAWA                    *
*                 LAWRENCE LIVERMORE NATIONAL LABORATORY, USA                 *
*                                                                             *
*                                  1993-2016                                  *
*                                                                             *
*******************************************************************************

*******************************************************************************
*                                                                             *
*  CODE COMPILED WITH THE FOLLOWING ARRAY DIMENSIONS AND SWITCHES:            *
*                                                                             *
*******************************************************************************
*                                                                             *
*  NDBASE = 1200  NDSTAT = 1200  NDXHRM =   40  NDYHRM =   40  NDZHRM =   64  *
*                                                                             *
*  NDMAIN =   30  NDMULT =    9  NDMULR =    4  NDLAMB =    9  NDITER = 5000  *
*                                                                             *
*  NDAKNO =    1  NDBKNO =    1  NDPROI =    2  NDCOUL =   80  NDPOLS =   25  *
*                                                                             *
*  NDATKN =   20  NDBTKN =   10  NDPROT =    1  NDPROD =    3                 *
*                                                                             *
*  IPARAL =    0  IPARAT =    0  I_CRAY =    0                                *
*                                                                             *
*                                                                             *
*  PRE-PROCESSOR OPTIONS:                                                     *
*                                                                             *
*       switch_port = 1     switch_diag = 3     switch_essl = 0               *
*                                                                             *
*                           switch_quad = 0     switch_vect = 1               *
*                                                                             *
*******************************************************************************
*                                                                             *
*  EXECUTION BEGINS ON 2016.09.06 AT 12:59:14.317                             *
*                                                                             *
*******************************************************************************
 
*******************************************************************************
*                                                                             *
*  CLASSICAL NUCLEAR SURFACE DEFINED FOR:                    N = 98   Z = 78  *
*                                                                             *
*******************************************************************************
*                                                                             *
*  AL10 =   ZERO  AL11 =   ZERO  .............  .............  .............  *
*                                                                             *
*  AL20 =  0.502  AL21 =   ZERO  AL22 =   ZERO  .............  .............  *
*                                                                             *
*******************************************************************************
*                                                                             *
*                                           HOMEGA=  7.8398  FCHOM0=  1.0716  *
*                                                                             *
*  OSCILLATOR FREQUENCIES: HBAROX=  9.1219  HBAROY=  9.1219  HBAROZ=  5.7909  *
*                                                                             *
*  MOMENTS OF INERTIA:     XMOMFC=103.9843  YMOMFC=103.9843  ZMOMFC= 59.7397  *
*                                                                             *
*  CENTERS OF MASS:        CMSXFC= -0.0000  CMSYFC= -0.0000  CMSZFC= -0.0000  *
*                                                                             *
*******************************************************************************

*******************************************************************************
*                                                                             *
*                           SKYRME FORCE DEFINITION                           *
*                                                                             *
*******************************************************************************
*                                                                             *
* PARAMETER SET HFB1:  T0= -1666.41  T1=   255.23  T2=  1521.28  T3= 12072.51 *
*                                                                             *
* POWER=0.37658031358  X0=  0.14608  X1= -4.82248  X2= -1.35211  X3=  0.00432 *
*                                                                             *
* IETA: J=0  W=1 CM=3  M=1  P=1  T=0 HBM= 20.73553 W0=  44.0677 W0P= 207.6502 *
*                                                                             *
*******************************************************************************

*******************************************************************************
*                                                                             *
*              COUPLING CONSTANTS DEFINING THE SKYRME FUNCTIONAL              *
*                                                                             *
*******************************************************************************
*                                                                             *
*                   TOTAL(T)        SUM(S)      ISOSCALAR(P)  ISOVECTOR(M)    *
*                   --------        ------      ------------  ------------    *
*    CRHO_ =     -894.060074    538.315575       -624.902286    269.157788    *
*    CRHOD =     1008.213640   -507.363897        754.531691   -253.681949    *
*    CLPR_ =       98.335311   -287.870148        -45.599763   -143.935074    *
*    CTAU_ =       33.156062    -48.271535          9.020295    -24.135768    *
*    CSCU_ =        0.000000      0.000000          0.000000      0.000000    *
*    CDIV_ =      -22.033840   -103.825096        -73.946388    -51.912548    *
*                                                                             *
*    CSPI_ =      -60.857026    416.601524        147.443736    208.300762    *
*    CSPID =        2.171385   -503.021127       -249.339179   -251.510564    *
*    CLPS_ =       51.110395     71.467295         86.844042     35.733647    *
*    CCUR_ =      -33.156062     48.271535         -9.020295     24.135768    *
*    CKIS_ =        0.000000      0.000000          0.000000      0.000000    *
*    CROT_ =      -22.033840   -103.825096        -73.946388    -51.912548    *
*                                                                             *
*******************************************************************************

*******************************************************************************
*                                                                             *
*                          NUCLEAR MATTER PROPERTIES                          *
*                                                                             *
*******************************************************************************
*                                                                             *
*     E = -15.8000  rho0 =   0.15625   K =  244.6682   Ms =    0.9364         *
*                   asym =  28.66820   L =   40.1091   Mv =    1.2498         *
*                                                                             *
*******************************************************************************

*******************************************************************************
*                                                                             *
*  PHYSICAL CONSTANTS:     H_BARC=197.32891000           HBCOE2=137.03602000  *
*                                                                             *
*                          XMASSN=938.90590000           XMASSP=938.27231000  *
*                                                                             *
*                          HBMASS= 20.73553000           HBMRPA= 20.73553000  *
*                                                                             *
*                          ECHAR2=  1.43997841           COULEX= -1.06350868  *
*                                                                             *
*******************************************************************************
*                                                                             *
*  OSCILLATOR LENGTHS:     X= 2.1322467      Y= 2.1322467       Z= 2.6761162  *
*                                                                             *
*  OSCILLATOR CONSTANTS:   X= 0.4689889      Y= 0.4689889       Z= 0.3736758  *
*                                                                             *
*  OSCILLATOR FREQUENCIES: X= 9.1218819      Y= 9.1218819       Z= 5.7909447  *
*                                                                             *
*******************************************************************************
*                                                                             *
*  BASIS CUT-OFF CONTROL PARAMETERS:  NXMAXX = 15  NYMAXX = 15  NZMAXX =  23  *
*                                                                             *
*                                     NXHERM = 36  NYHERM = 36  NZHERM =  60  *
*                                                                             *
*                                     NLIMIT=1140  LDBASE=1151  MCOUNT=29791  *
*                                                                             *
*                                     ENECUT= 800.0000      ELIMIT= 148.8456  *
*                                                                             *
*******************************************************************************

*******************************************************************************
*                                                                             *
*   SHAPE OF THE OSCILLATOR-BASIS DIAMOND    (THREE CONSECUTIVE PROJECTIONS)  *
*                                                                             *
*******************************************************************************
*                                                                             *
*        NX ===>>>  0  1  2  3  4  5  6  7  8  9 10 11 12 13 14 15            *
*        MAX.NY => 15 14 13 12 11 10  9  8  7  6  5  4  3  2  1  0            *
*                 ------------------------------------------------            *
*   NY= 0  (15)  | 23 22 20 18 17 15 14 12 11  9  7  6  4  3  1  0            *
*   NY= 1  (14)  | 22 20 18 17 15 14 12 11  9  7  6  4  3  1  0               *
*   NY= 2  (13)  | 20 18 17 15 14 12 11  9  7  6  4  3  1  0                  *
*   NY= 3  (12)  | 18 17 15 14 12 11  9  7  6  4  3  1  0                     *
*   NY= 4  (11)  | 17 15 14 12 11  9  7  6  4  3  1  0                        *
*   NY= 5  (10)  | 15 14 12 11  9  7  6  4  3  1  0                           *
*   NY= 6  ( 9)  | 14 12 11  9  7  6  4  3  1  0                              *
*   NY= 7  ( 8)  | 12 11  9  7  6  4  3  1  0                                 *
*   NY= 8  ( 7)  | 11  9  7  6  4  3  1  0                                    *
*   NY= 9  ( 6)  |  9  7  6  4  3  1  0                                       *
*   NY=10  ( 5)  |  7  6  4  3  1  0                                          *
*   NY=11  ( 4)  |  6  4  3  1  0                                             *
*   NY=12  ( 3)  |  4  3  1  0                                                *
*   NY=13  ( 2)  |  3  1  0                                                   *
*   NY=14  ( 1)  |  1  0                                                      *
*   NY=15  ( 0)  |  0                                                         *
*                                                                             *
*                                                                             *
*        NZ ===>>>  0  1  2  3  4  5  6  7  8  9 10 11 12 13 14 15 16 17 18   *
*        MAX.NY => 15 14 13 13 12 11 11 10  9  9  8  8  7  6  6  5  4  4  3   *
*                 ---------------------------------------------------------   *
*   NY= 0  (23)  | 15 14 13 13 12 11 11 10  9  9  8  8  7  6  6  5  4  4  3   *
*   NY= 1  (22)  | 14 13 12 12 11 10 10  9  8  8  7  7  6  5  5  4  3  3  2   *
*   NY= 2  (20)  | 13 12 11 11 10  9  9  8  7  7  6  6  5  4  4  3  2  2  1   *
*   NY= 3  (18)  | 12 11 10 10  9  8  8  7  6  6  5  5  4  3  3  2  1  1  0   *
*   NY= 4  (17)  | 11 10  9  9  8  7  7  6  5  5  4  4  3  2  2  1  0  0      *
*   NY= 5  (15)  | 10  9  8  8  7  6  6  5  4  4  3  3  2  1  1  0            *
*   NY= 6  (14)  |  9  8  7  7  6  5  5  4  3  3  2  2  1  0  0               *
*   NY= 7  (12)  |  8  7  6  6  5  4  4  3  2  2  1  1  0                     *
*   NY= 8  (11)  |  7  6  5  5  4  3  3  2  1  1  0  0                        *
*   NY= 9  ( 9)  |  6  5  4  4  3  2  2  1  0  0                              *
*   NY=10  ( 7)  |  5  4  3  3  2  1  1  0                                    *
*   NY=11  ( 6)  |  4  3  2  2  1  0  0                                       *
*   NY=12  ( 4)  |  3  2  1  1  0                                             *
*   NY=13  ( 3)  |  2  1  0  0                                                *
*   NY=14  ( 1)  |  1  0                                                      *
*   NY=15  ( 0)  |  0                                                         *
*                                                                             *
*                                                                             *
*        NZ ===>>>  0  1  2  3  4  5  6  7  8  9 10 11 12 13 14 15 16 17 18   *
*        MAX.NX => 15 14 13 13 12 11 11 10  9  9  8  8  7  6  6  5  4  4  3   *
*                 ---------------------------------------------------------   *
*   NX= 0  (23)  | 15 14 13 13 12 11 11 10  9  9  8  8  7  6  6  5  4  4  3   *
*   NX= 1  (22)  | 14 13 12 12 11 10 10  9  8  8  7  7  6  5  5  4  3  3  2   *
*   NX= 2  (20)  | 13 12 11 11 10  9  9  8  7  7  6  6  5  4  4  3  2  2  1   *
*   NX= 3  (18)  | 12 11 10 10  9  8  8  7  6  6  5  5  4  3  3  2  1  1  0   *
*   NX= 4  (17)  | 11 10  9  9  8  7  7  6  5  5  4  4  3  2  2  1  0  0      *
*   NX= 5  (15)  | 10  9  8  8  7  6  6  5  4  4  3  3  2  1  1  0            *
*   NX= 6  (14)  |  9  8  7  7  6  5  5  4  3  3  2  2  1  0  0               *
*   NX= 7  (12)  |  8  7  6  6  5  4  4  3  2  2  1  1  0                     *
*   NX= 8  (11)  |  7  6  5  5  4  3  3  2  1  1  0  0                        *
*   NX= 9  ( 9)  |  6  5  4  4  3  2  2  1  0  0                              *
*   NX=10  ( 7)  |  5  4  3  3  2  1  1  0                                    *
*   NX=11  ( 6)  |  4  3  2  2  1  0  0                                       *
*   NX=12  ( 4)  |  3  2  1  1  0                                             *
*   NX=13  ( 3)  |  2  1  0  0                                                *
*   NX=14  ( 1)  |  1  0                                                      *
*   NX=15  ( 0)  |  0                                                         *
*                                                                             *
*******************************************************************************

*******************************************************************************
*                                                                             *
* NUCLIDE: N =  98  Z =  78  NUMBER OF ITERATIONS = 1000   CONTINUATION? = 1  *
*                                                                             *
*******************************************************************************
*                                                                             *
* ITERATIONS WILL STOP WHEN THE STABILITY BECOMES LOWER THAN EPSITE=0.300000  *
*                                            FOR    5 CONSECUTIVE ITERATIONS  *
*                                                                             *
*******************************************************************************
*                                                                             *
* ITERATIONS WILL STOP WHEN THE PING-PONG DIVERGENCE OCCURS FOR EPSPNG=0.010  *
*                                DURING    5 PAIRS OF CONSECUTIVE ITERATIONS  *
*                                                                             *
*******************************************************************************
*                                                                             *
* ITERATIONS WILL STOP FOR CHAOTIC-DIVERGENCE CONDITION OCCURING   20  TIMES  *
*                                                                             *
*******************************************************************************
*                                                                             *
* SLOW-DOWN PARAMETERS:                                                       *
* TIME-EVEN = 0.85   TIME-ODD = 0.85   PAIRING = 0.85   LIPKIN-NOGAMI = 0.85  *
*                    LIP-MASS = 0.50   LIP-MOI = 0.50   LIPKIN-METHOD = 0.50  *
*                                                                             *
*******************************************************************************
*                                                                             *
* BROYDEN METHOD IS:  ON                                                      *
*                                                                             *
*    TRIGGERED ONLY WHEN STABILITY IS LOWER THAN :  1000.000 MEV              *
*    INITIAL SLOWING FACTOR (BEFORE TRIGGER)     :     0.85 (=SLOWEV)         *
*    BROYDEN SLOWING FACTOR (AFTER  TRIGGER)     :     0.40 (=1-ALPHAM)       *
*    NUMBER OF ITERATIONS RETAINED IN MEMORY     :    10                      *
*                                                                             *
*******************************************************************************
*                                                                             *
* DIRECT COULOMB TERMS SOLVED BY GREEN FUNCTION AND FOURIER TRANSFORM METHOD  *
* COULOMB PARAMETERS:  NUMCOU = 80  NUMETA = 79  BOUCOU = 20.0  FURMAX =0.25  *
*                                                                             *
*******************************************************************************
*                                                                             *
* EXCHANGE COULOMB TERMS TREATED BY THE SLATER APPROXIMATION                  *
*                                                                             *
*******************************************************************************
*                                                                             *
* MAXIMUM NUMBERS OF MULTIPOLE MOMENTS USED FOR THE CONSTRAINTS,    NMUCON=4  *
*                                           FOR THE COULOMB FIELD,  NMUCOU=4  *
*                                           FOR THE OUTPUT INFO,    NMUPRI=4  *
*                                                                             *
*******************************************************************************
*                                                                             *
* MULTIPOLE CONSTRAINTS: LAMBDA= 2  MIU= 0  MOMENT=101.000  STIFFNESS= 0.500  *
*                        LAMBDA= 3  MIU= 0  MOMENT= 30.000  STIFFNESS= 0.500  *
*                                                                             *
*******************************************************************************
*                                                                             *
* LINEAR MULTIPOLE CONSTRAINTS: LAMBDA= 2  MIU= 0  LAGRANGE PAR. USED= 0.000  *
*                               LAMBDA= 3  MIU= 0  LAGRANGE PAR. USED= 0.000  *
*                                                                             *
*******************************************************************************
*                                                                             *
* THE LAGRANGE PARAMETERS OF THE LINEAR CONSTRAINTS ARE RE-ADJUSTED AT EACH   *
* ITERATION BY USING THE CRANKING APPROXIMATION OF THE RPA MATRIX             *
*                                                                             *
*******************************************************************************
*                                                                             *
* PRINTING THE RESULTS FOR THE FOLLOWING ITERATIONS:         THE  FIRST: YES  *
*                                                            THE MIDDLE:  NO  *
*                                                     AND/OR THE   LAST: YES  *
*                                                                             *
*******************************************************************************
*                                                                             *
* PRINTING THE MOMENTS, RADII, AND DEFORMATIONS FOR:           NEUTRONS: YES  *
*                                                              PROTONS : YES  *
*                                                              MASS    : YES  *
*                                                                             *
*******************************************************************************
*                                                                             *
* PRINTING THE MOMENTS, MOMENTA AND DEFORMATIONS IN THE INTRINSIC FRAME: YES  *
*                                                                             *
*******************************************************************************
*                                                                             *
* NILSSON LABELS OF SINGLE-PARTICLE STATES SHOWN WITH RESPECT TO THE: Z-AXIS  *
*                                                                             *
*******************************************************************************
*                                                                             *
* CALCULATIONS WITH THE HFB PAIRING CORRELATIONS                              *
*                                                                             *
*******************************************************************************
*                                                                             *
* CONTACT PAIRING INTERACTION:     V0        V1       RHO-SAT      POWER      *
*                    NEUTRONS:  -234.380   732.438     0.320     1.0000000    *
*                     PROTONS:  -260.437   813.866     0.320     1.0000000    *
*                                                                             *
*******************************************************************************
*                                                                             *
* CUTOFF ENERGY DEFINING THE ACTIVE HFB PAIRING SPACE=      60.000            *
*                                                                             *
*******************************************************************************
*                                                                             *
* CALCULATIONS WITH SIMPLEX SYMMETRY                                          *
*                                                                             *
*******************************************************************************
*                                                                             *
* CALCULATIONS WITH TIME-ODD SYMMETRIES:        T*SIMPLEX_X =>     CONSERVED  *
*                                               T*SIMPLEX_Y =>     CONSERVED  *
*                                               T*SIMPLEX_Z => NON CONSERVED  *
*                                                                             *
*******************************************************************************
*                                                                             *
* CALCULATIONS WITHOUT ROTATION                                               *
*                                                                             *
*******************************************************************************

*******************************************************************************
*                                                                             *
*  CALLING SUBROUTINE "RECORD" TO READ THE REPLAY FILE OBTAINED PREVIOUSLY    *
*  ./restart/HFODD_00000074.REC                                               *
*                                                                             *
*******************************************************************************

*******************************************************************************
*                                                                             *
*  SINGLE-QUASIPARTICLE PROPERTIES:                                NEUTRONS   *
*                                                                             *
*******************************************************************************
*                                                                             *
*  NO)   ENERGY   (S=+,S=-)       PARITY   V2QUAP   EEQUIV   DEQUIV   V_CORR  *
*                                                                             *
*  43)    9.972   (  0, 22)        0.313  0.99908  -19.207    0.605  1.00015  *
*  44)    9.972   ( 22,  0)        0.313  0.99908  -19.207    0.605  1.00015  *
*  45)    9.170   (  0, 23)        0.803  0.99849  -18.396    0.713  1.00027  *
*  46)    9.170   ( 23,  0)        0.803  0.99849  -18.396    0.713  1.00027  *
*  47)    8.722   ( 24,  0)       -0.780  0.99937  -17.964    0.437  1.00012  *
*  48)    8.722   (  0, 24)       -0.780  0.99937  -17.964    0.437  1.00012  *
*  49)    8.357   ( 25,  0)       -0.006  0.99945  -17.601    0.390  1.00010  *
*  50)    8.357   (  0, 25)       -0.006  0.99945  -17.601    0.390  1.00010  *
*  51)    7.356   (  0, 26)        0.647  0.99693  -16.564    0.814  1.00063  *
*  52)    7.356   ( 26,  0)        0.647  0.99693  -16.564    0.814  1.00063  *
*  53)    6.881   (  0, 27)       -0.103  0.99883  -16.118    0.471  1.00025  *
*  54)    6.881   ( 27,  0)       -0.103  0.99883  -16.118    0.471  1.00025  *
*  55)    6.340   ( 28,  0)       -0.258  0.99845  -15.574    0.498  1.00035  *
*  56)    6.340   (  0, 28)       -0.258  0.99845  -15.574    0.498  1.00035  *
*  57)    5.908   ( 29,  0)        0.491  0.99853  -15.144    0.452  1.00035  *
*  58)    5.908   (  0, 29)        0.491  0.99853  -15.144    0.452  1.00035  *
*  59)    5.661   (  0, 30)        0.149  0.99872  -14.900    0.404  1.00031  *
*  60)    5.661   ( 30,  0)        0.149  0.99872  -14.900    0.404  1.00031  *
*  61)    5.525   (  0, 31)       -0.074  0.99852  -14.762    0.425  1.00037  *
*  62)    5.525   ( 31,  0)       -0.074  0.99852  -14.762    0.425  1.00037  *
*  63)    4.819   (  0, 32)       -0.282  0.99803  -14.053    0.427  1.00053  *
*  64)    4.819   ( 32,  0)       -0.282  0.99803  -14.053    0.427  1.00053  *
*  65)    3.909   (  0, 33)        0.719  0.99652  -13.135    0.460  1.00104  *
*  66)    3.909   ( 33,  0)        0.719  0.99652  -13.135    0.460  1.00104  *
*  67)    3.495   ( 34,  0)       -0.155  0.98331  -12.632    0.896  1.00531  *
*  68)    3.495   (  0, 34)       -0.155  0.98331  -12.632    0.896  1.00531  *
*  69)    3.732   ( 35,  0)        0.215  0.90197  -12.254    2.220  1.03191  *
*  70)    3.732   (  0, 35)        0.215  0.90197  -12.254    2.220  1.03191  *
*  71)    2.831   ( 36,  0)        0.381  0.99554  -12.059    0.377  1.00154  *
*  72)    2.831   (  0, 36)        0.381  0.99554  -12.059    0.377  1.00154  *
*  73)    2.617   (  0, 37)       -0.488  0.99310  -11.835    0.433  1.00246  *
*  74)    2.617   ( 37,  0)       -0.488  0.99310  -11.835    0.433  1.00246  *
*  75)    4.134   (  0, 38)       -0.205  0.77824  -11.553    3.434  1.07471  *
*  76)    4.134   ( 38,  0)       -0.205  0.77824  -11.553    3.434  1.07471  *
*  77)    1.462   (  0, 39)       -0.385  0.96045  -10.599    0.570  1.01722  *
*  78)    1.462   ( 39,  0)       -0.385  0.96045  -10.599    0.570  1.01722  *
*  79)    1.119   (  0, 40)        0.740  0.96856  -10.301    0.390  1.01433  *
*  80)    1.119   ( 40,  0)        0.740  0.96856  -10.301    0.390  1.01433  *
*  81)    1.045   (  0, 41)       -0.077  0.97075  -10.237    0.352  1.01346  *
*  82)    1.045   ( 41,  0)       -0.077  0.97075  -10.237    0.352  1.01346  *
*  83)    0.479   (  0, 42)       -0.141  0.78345   -9.525    0.395  1.12636  *
*  84)    0.479   ( 42,  0)       -0.141  0.78345   -9.525    0.395  1.12636  *
*  85)    0.394   (  0, 43)       -0.042  0.66580   -9.384    0.372  1.22185  *
*  86)    0.394   ( 43,  0)       -0.042  0.66580   -9.384    0.372  1.22185  *
*  87)    0.364   ( 44,  0)        0.346  0.47809   -9.237    0.364  1.44152  *
*  88)    0.364   (  0, 44)        0.346  0.47809   -9.237    0.364  1.44152  *
*  89)    0.526   ( 45,  0)        0.003  0.10543   -8.838    0.323  3.06804  *
*  90)    0.526   (  0, 45)        0.003  0.10543   -8.838    0.323  3.06804  *
*  91)    0.616   (  0, 46)       -0.627  0.10670   -8.769    0.380  3.04403  *
*  92)    0.616   ( 46,  0)       -0.627  0.10670   -8.769    0.380  3.04403  *
*  93)    1.410   ( 47,  0)       -0.204  0.04043   -7.957    0.555  4.79918  *
*  94)    1.410   (  0, 47)       -0.204  0.04043   -7.957    0.555  4.79918  *
*  95)    2.048   (  0, 48)        0.507  0.00885   -7.242    0.384  9.25677  *
*  96)    2.048   ( 48,  0)        0.507  0.00885   -7.242    0.384  9.25677  *
*  97)    4.156   ( 49,  0)       -0.159  0.22225   -6.945    3.456  1.48560  *
*  98)    4.156   (  0, 49)       -0.159  0.22225   -6.945    3.456  1.48560  *
*  99)    2.421   ( 50,  0)        0.397  0.00886   -6.876    0.454  6.35413  *
* 100)    2.421   (  0, 50)        0.397  0.00886   -6.876    0.454  6.35413  *
* 101)    2.706   (  0, 51)       -0.045  0.00434   -6.571    0.356  5.06599  *
* 102)    2.706   ( 51,  0)       -0.045  0.00434   -6.571    0.356  5.06599  *
* 103)    3.685   (  0, 52)        0.239  0.09752   -6.287    2.186  1.87541  *
* 104)    3.685   ( 52,  0)        0.239  0.09752   -6.287    2.186  1.87541  *
* 105)    3.153   ( 53,  0)        0.222  0.00265   -6.117    0.324  3.36445  *
* 106)    3.153   (  0, 53)        0.222  0.00265   -6.117    0.324  3.36445  *
* 107)    3.572   (  0, 54)       -0.073  0.01688   -5.802    0.920  2.46073  *
* 108)    3.572   ( 54,  0)       -0.073  0.01688   -5.802    0.920  2.46073  *
* 109)    4.295   ( 55,  0)        0.028  0.00142   -4.971    0.323  2.08487  *
* 110)    4.295   (  0, 55)        0.028  0.00142   -4.971    0.323  2.08487  *
* 111)    4.839   ( 56,  0)        0.373  0.00150   -4.428    0.374  1.85840  *
* 112)    4.839   (  0, 56)        0.373  0.00150   -4.428    0.374  1.85840  *
* 113)    5.005   ( 57,  0)       -0.293  0.00110   -4.260    0.332  1.80865  *
* 114)    5.005   (  0, 57)       -0.293  0.00110   -4.260    0.332  1.80865  *
* 115)    5.034   (  0, 58)       -0.271  0.00137   -4.233    0.372  1.79931  *
* 116)    5.034   ( 58,  0)       -0.271  0.00137   -4.233    0.372  1.79931  *
* 117)    5.645   (  0, 59)       -0.026  0.00068   -3.616    0.293  1.65795  *
* 118)    5.645   ( 59,  0)       -0.026  0.00068   -3.616    0.293  1.65795  *
* 119)    5.780   ( 60,  0)        0.034  0.00093   -3.484    0.352  1.63236  *
* 120)    5.780   (  0, 60)        0.034  0.00093   -3.484    0.352  1.63236  *
* 121)    6.143   ( 61,  0)       -0.345  0.00100   -3.123    0.388  1.57350  *
* 122)    6.143   (  0, 61)       -0.345  0.00100   -3.123    0.388  1.57350  *
* 123)    6.314   ( 62,  0)        0.448  0.00115   -2.954    0.428  1.54917  *
* 124)    6.314   (  0, 62)        0.448  0.00115   -2.954    0.428  1.54917  *
* 125)    6.602   (  0, 63)       -0.158  0.00077   -2.662    0.367  1.51351  *
* 126)    6.602   ( 63,  0)       -0.158  0.00077   -2.662    0.367  1.51351  *
* 127)    6.628   ( 64,  0)       -0.010  0.00069   -2.635    0.348  1.51063  *
* 128)    6.628   (  0, 64)       -0.010  0.00069   -2.635    0.348  1.51063  *
* 129)    6.673   ( 65,  0)       -0.625  0.00079   -2.591    0.376  1.50532  *
* 130)    6.673   (  0, 65)       -0.625  0.00079   -2.591    0.376  1.50532  *
* 131)    7.195   ( 66,  0)        0.137  0.00310   -2.103    0.800  1.44953  *
* 132)    7.195   (  0, 66)        0.137  0.00310   -2.103    0.800  1.44953  *
* 133)    7.473   (  0, 67)        0.390  0.00057   -1.789    0.357  1.42834  *
* 134)    7.473   ( 67,  0)        0.390  0.00057   -1.789    0.357  1.42834  *
* 135)    7.603   (  0, 68)       -0.204  0.00046   -1.657    0.327  1.41801  *
* 136)    7.603   ( 68,  0)       -0.204  0.00046   -1.657    0.327  1.41801  *
* 137)    8.142   ( 69,  0)        0.322  0.00053   -1.120    0.375  1.37978  *
* 138)    8.142   (  0, 69)        0.322  0.00053   -1.120    0.375  1.37978  *
* 139)    8.537   ( 70,  0)        0.053  0.00036   -0.722    0.324  1.35610  *
* 140)    8.537   (  0, 70)        0.053  0.00036   -0.722    0.324  1.35610  *
* 141)    8.800   ( 71,  0)        0.703  0.00128   -0.476    0.630  1.34120  *
* 142)    8.800   (  0, 71)        0.703  0.00128   -0.476    0.630  1.34120  *
* 143)    8.805   (  0, 72)       -0.526  0.00067   -0.460    0.457  1.34137  *
* 144)    8.805   ( 72,  0)       -0.526  0.00067   -0.460    0.457  1.34137  *
* 145)    9.590   (  0, 73)        0.332  0.00028    0.331    0.320  1.30516  *
* 146)    9.590   ( 73,  0)        0.332  0.00028    0.331    0.320  1.30516  *
* 147)    9.692   ( 74,  0)       -0.001  0.00024    0.434    0.302  1.30098  *
* 148)    9.692   (  0, 74)       -0.001  0.00024    0.434    0.302  1.30098  *
*                                                                             *
*1648)   TOTAL=  ( 824, 824)                                                  *
*                                                                             *
*******************************************************************************

*******************************************************************************
*                                                                             *
*  SINGLE-PARTICLE PROPERTIES: CANONICAL                           NEUTRONS   *
*                                                                             *
*******************************************************************************
*                                                                             *
*  NO)   ENERGY   (S=+,S=-)   | N,nz,lz,OMEz>   <P>    <JY>    <SY>   GFACT   *
*                                                                             *
*  37)  -11.727   ( 37,---)   | 9, 8, 1, 1/2>   -41  -0.485  -0.139   0.287   *
*  38)  -11.358   ( 38,---)   | 9, 7, 2, 5/2>   -28  -0.000   0.000  -0.764   *
*  39)  -10.716   ( 39,---)   |10, 9, 1, 3/2>    75   0.000   0.000   0.171   *
*  40)  -10.375   ( 40,---)   | 2, 0, 0, 1/2>   -30  -0.622  -0.404   0.650   *
*  41)  -10.111   ( 41,---)   | 4, 1, 3, 7/2>   -18   0.000   0.000   0.095   *
*  42)  -10.094   ( 42,---)   | 2, 0, 2, 5/2>    14   0.000   0.000   1.077   *
*  43)  -10.025   ( 43,---)   | 8, 6, 0, 1/2>    16  -0.749  -0.370   0.495   *
*  44)   -9.909   ( 44,---)   | 2, 0, 2, 3/2>    26  -0.000  -0.000   0.763   *
*  45)   -9.549   ( 45,---)   | 6, 3, 3, 7/2>    10   0.000   0.000   0.077   *
*  46)   -8.836   ( 46,---)   | 6, 2, 4, 9/2>     0  -0.000  -0.000   0.076   *
*  47)   -8.132   ( 47,---)   |11,11, 0, 1/2>   -29  -0.746  -0.349   0.468   *
*  48)   -7.612   ( 48,---)   | 8, 6, 2, 3/2>    29  -0.000   0.000  -0.098   *
*  49)   -7.005   ( 49,---)   |10, 9, 1, 1/2>    67  -0.213  -0.192   0.903   *
*  50)   -6.462   ( 50,---)   | 7, 4, 1, 3/2>   -18  -0.000   0.000  -0.099   *
*  51)   -5.892   ( 51,---)   | 6, 3, 1, 3/2>    10   0.000   0.000   4.574   *
*  52)   -5.481   ( 52,---)   | 9, 7, 0, 1/2>   -34  -0.793  -0.270   0.340   *
*  53)   -5.184   ( 53,---)   |10, 8, 2, 5/2>    56   0.000   0.000   0.185   *
*  54)   -4.908   ( 54,---)   |11,10, 1, 3/2>   -52   0.000   0.000   0.831   *
*  55)   -4.511   ( 55,---)   | 8, 5, 1, 1/2>     8   0.255  -0.054  -0.212   *
*  56)   -4.232   ( 56,---)   | 7, 3, 2, 5/2>     9  -0.000  -0.000   0.234   *
*  57)   -3.929   ( 57,---)   | 3, 0, 3, 7/2>   -15  -0.000  -0.000   0.838   *
*  58)   -3.851   ( 58,---)   | 4, 1, 1, 1/2>   -35   0.169  -0.205  -1.215   *
*  59)   -3.263   ( 59,---)   | 3, 0, 3, 5/2>    -6  -0.000   0.000  -0.959   *
*  60)   -2.685   ( 60,---)   |10,10, 0, 1/2>    41  -1.120  -0.362   0.323   *
*  61)   -2.353   ( 61,---)   | 6, 2, 0, 1/2>   -20  -0.103  -0.354   3.440   *
*  62)   -2.285   ( 62,---)   | 9, 7, 2, 3/2>   -60   0.000   0.000   0.240   *
*  63)   -2.241   ( 63,---)   | 9, 6, 3, 7/2>   -27   0.000  -0.000  -0.848   *
*  64)   -2.104   ( 64,---)   | 6, 3, 3, 5/2>    -4   0.000  -0.000  -0.146   *
*  65)   -2.066   ( 65,---)   |11,10, 1, 1/2>   -57  -0.290  -0.246   0.848   *
*  66)   -1.925   ( 66,---)   | 7, 3, 2, 3/2>    19  -0.000   0.000  -0.002   *
*  67)   -1.481   ( 67,---)   | 7, 3, 2, 3/2>    31  -0.000   0.000  -0.307   *
*  68)   -1.216   ( 68,---)   | 6, 2, 4, 7/2>    -7  -0.000  -0.000   0.434   *
*  69)   -0.265   ( 69,---)   |10, 8, 0, 1/2>    51  -0.805  -0.419   0.520   *
*  70)   -0.153   ( 70,---)   | 9, 5, 4, 9/2>     5   0.000  -0.000  -0.226   *
*                                                                             *
*******************************************************************************

*******************************************************************************
*                                                                             *
*  HFB PAIRING PROPERTIES                                           NEUTRONS  *
*                                                                             *
*  STRENGTH= 0.0170   GAP= 0.3773   FERMI ENERGY= -7.0103   ENERGY=  -8.3766  *
*                                                                             *
*******************************************************************************

*******************************************************************************
*                                                                             *
*  MULTIPOLE MOMENTS [UNITS:  (10 FERMI)^LAMBDA]                    NEUTRONS  *
*                                                                             *
*******************************************************************************
*                                                                             *
*  Q00 = 98.0000  .............  .............  .............  .............  *
*                                                                             *
*  Q10 = -6.2012  Q11 =    ZERO  .............  .............  .............  *
*                                                                             *
*  Q20 = 73.3411  Q21 =    ZERO  Q22 =-2.6E-06  .............  .............  *
*                                                                             *
*  Q30 =  1.6779  Q31 =    ZERO  Q32 = 6.4E-07  Q33 =    ZERO  .............  *
*                                                                             *
*  Q40 = 15.7536  Q41 =    ZERO  Q42 =-1.1E-06  Q43 =    ZERO  Q44 =-8.9E-08  *
*                                                                             *
*******************************************************************************

*******************************************************************************
*                                                                             *
*  ROOT-MEAN-SQUARE AND GEOMETRIC SIZES IN FERMIS                   NEUTRONS  *
*                                                                             *
*  R_RMS =  7.2208     X_RMS =  2.2152    Y_RMS =  2.2152    Z_RMS =  6.5059  *
*                                                                             *
*  R_GEO =  9.3221     X_GEO =  4.9534    Y_GEO =  4.9534    Z_GEO = 14.5475  *
*                                                                             *
*******************************************************************************

*******************************************************************************
*                                                                             *
*  BOHR DEFORMATIONS (FIRST-ORDER APPROXIMATION)                    NEUTRONS  *
*                                                                             *
*******************************************************************************
*                                                                             *
*  B10 = -0.1389  B11 =    ZERO  .............  .............  .............  *
*                                                                             *
*  B20 =  1.1377  B21 =    ZERO  B22 =-4.0E-08  .............  .............  *
*                                                                             *
*  B30 =  0.0885  B31 =    ZERO  B32 = 4.8E-08  B33 =    ZERO  .............  *
*                                                                             *
*  B40 =  0.8917  B41 =    ZERO  B42 =-8.8E-08  B43 =    ZERO  B44 =-7.1E-09  *
*                                                                             *
*******************************************************************************
*                                                                             *
*  BOHR DENSITY = 0.0289 FM^(-3)  BOHR RADIUS =   9.3221 FM                   *
*                                                                             *
*******************************************************************************

*******************************************************************************
*                                                                             *
*  SINGLE-QUASIPARTICLE PROPERTIES:                                 PROTONS   *
*                                                                             *
*******************************************************************************
*                                                                             *
*  NO)   ENERGY   (S=+,S=-)       PARITY   V2QUAP   EEQUIV   DEQUIV   V_CORR  *
*                                                                             *
*  39)    8.519   ( 20,  0)       -0.033  0.99712  -11.850    0.913  1.00034  *
*  40)    8.519   (  0, 20)       -0.033  0.99712  -11.850    0.913  1.00034  *
*  41)    8.410   (  0, 21)       -0.815  0.99760  -11.750    0.823  1.00029  *
*  42)    8.410   ( 21,  0)       -0.815  0.99760  -11.750    0.823  1.00029  *
*  43)    7.107   (  0, 22)        0.272  0.99566  -10.426    0.935  1.00059  *
*  44)    7.107   ( 22,  0)        0.272  0.99566  -10.426    0.935  1.00059  *
*  45)    6.688   ( 23,  0)        0.837  0.98307   -9.842    1.725  1.00243  *
*  46)    6.688   (  0, 23)        0.837  0.98307   -9.842    1.725  1.00243  *
*  47)    6.100   (  0, 24)       -0.718  0.99761   -9.451    0.596  1.00037  *
*  48)    6.100   ( 24,  0)       -0.718  0.99761   -9.451    0.596  1.00037  *
*  49)    5.627   (  0, 25)       -0.005  0.99739   -8.978    0.574  1.00042  *
*  50)    5.627   ( 25,  0)       -0.005  0.99739   -8.978    0.574  1.00042  *
*  51)    4.861   (  0, 26)        0.541  0.99570   -8.200    0.636  1.00078  *
*  52)    4.861   ( 26,  0)        0.541  0.99570   -8.200    0.636  1.00078  *
*  53)    4.459   ( 27,  0)        0.203  0.98882   -7.740    0.938  1.00216  *
*  54)    4.459   (  0, 27)        0.203  0.98882   -7.740    0.938  1.00216  *
*  55)    4.165   ( 28,  0)       -0.171  0.99614   -7.513    0.516  1.00078  *
*  56)    4.165   (  0, 28)       -0.171  0.99614   -7.513    0.516  1.00078  *
*  57)    3.448   ( 29,  0)       -0.019  0.99407   -6.787    0.529  1.00135  *
*  58)    3.448   (  0, 29)       -0.019  0.99407   -6.787    0.529  1.00135  *
*  59)    2.991   (  0, 30)        0.444  0.95979   -6.131    1.175  1.01021  *
*  60)    2.991   ( 30,  0)        0.444  0.95979   -6.131    1.175  1.01021  *
*  61)    3.123   ( 31,  0)       -0.163  0.93465   -6.095    1.544  1.01639  *
*  62)    3.123   (  0, 31)       -0.163  0.93465   -6.095    1.544  1.01639  *
*  63)    2.144   ( 32,  0)       -0.315  0.98324   -5.453    0.551  1.00504  *
*  64)    2.144   (  0, 32)       -0.315  0.98324   -5.453    0.551  1.00504  *
*  65)    1.251   (  0, 33)        0.214  0.95096   -4.509    0.540  1.01894  *
*  66)    1.251   ( 33,  0)        0.214  0.95096   -4.509    0.540  1.01894  *
*  67)    1.111   ( 34,  0)        0.621  0.94169   -4.361    0.520  1.02359  *
*  68)    1.111   (  0, 34)        0.621  0.94169   -4.361    0.520  1.02359  *
*  69)    0.793   (  0, 35)       -0.051  0.86182   -3.954    0.547  1.06547  *
*  70)    0.793   ( 35,  0)       -0.051  0.86182   -3.954    0.547  1.06547  *
*  71)    0.764   ( 36,  0)       -0.539  0.82142   -3.871    0.585  1.08850  *
*  72)    0.764   (  0, 36)       -0.539  0.82142   -3.871    0.585  1.08850  *
*  73)    0.555   ( 37,  0)        0.516  0.63724   -3.533    0.534  1.23134  *
*  74)    0.555   (  0, 37)        0.516  0.63724   -3.533    0.534  1.23134  *
*  75)    0.805   (  0, 38)        0.004  0.17456   -2.856    0.611  2.24105  *
*  76)    0.805   ( 38,  0)        0.004  0.17456   -2.856    0.611  2.24105  *
*  77)    1.276   (  0, 39)       -0.455  0.04523   -2.219    0.530  3.51823  *
*  78)    1.276   ( 39,  0)       -0.455  0.04523   -2.219    0.530  3.51823  *
*  79)    1.821   ( 40,  0)        0.730  0.02136   -1.637    0.527  2.64326  *
*  80)    1.821   (  0, 40)        0.730  0.02136   -1.637    0.527  2.64326  *
*  81)    2.070   (  0, 41)        0.161  0.01835   -1.386    0.556  2.27093  *
*  82)    2.070   ( 41,  0)        0.161  0.01835   -1.386    0.556  2.27093  *
*  83)    2.186   ( 42,  0)        0.175  0.01104   -1.242    0.457  2.18785  *
*  84)    2.186   (  0, 42)        0.175  0.01104   -1.242    0.457  2.18785  *
*  85)    2.332   (  0, 43)       -0.235  0.01210   -1.104    0.510  2.03588  *
*  86)    2.332   ( 43,  0)       -0.235  0.01210   -1.104    0.510  2.03588  *
*  87)    2.902   ( 44,  0)        0.324  0.04035   -0.713    1.142  1.63572  *
*  88)    2.902   (  0, 44)        0.324  0.04035   -0.713    1.142  1.63572  *
*  89)    3.257   (  0, 45)       -0.075  0.06433   -0.543    1.598  1.50035  *
*  90)    3.257   ( 45,  0)       -0.075  0.06433   -0.543    1.598  1.50035  *
*  91)    3.512   (  0, 46)        0.001  0.00619    0.088    0.551  1.52644  *
*  92)    3.512   ( 46,  0)        0.001  0.00619    0.088    0.551  1.52644  *
*  93)    4.310   (  0, 47)       -0.038  0.01096    0.835    0.897  1.38740  *
*  94)    4.310   ( 47,  0)       -0.038  0.01096    0.835    0.897  1.38740  *
*  95)    4.793   (  0, 48)        0.392  0.00327    1.381    0.548  1.34095  *
*  96)    4.793   ( 48,  0)        0.392  0.00327    1.381    0.548  1.34095  *
*  97)    5.149   ( 49,  0)        0.817  0.00471    1.720    0.705  1.30929  *
*  98)    5.149   (  0, 49)        0.817  0.00471    1.720    0.705  1.30929  *
*  99)    5.921   ( 50,  0)       -0.436  0.00176    2.520    0.497  1.25999  *
* 100)    5.921   (  0, 50)       -0.436  0.00176    2.520    0.497  1.25999  *
* 101)    6.643   (  0, 51)        0.755  0.01598    3.050    1.666  1.22020  *
* 102)    6.643   ( 51,  0)        0.755  0.01598    3.050    1.666  1.22020  *
* 103)    6.905   (  0, 52)        0.014  0.00444    3.463    0.918  1.21409  *
* 104)    6.905   ( 52,  0)        0.014  0.00444    3.463    0.918  1.21409  *
* 105)    7.043   ( 53,  0)       -0.525  0.00157    3.641    0.558  1.20996  *
* 106)    7.043   (  0, 53)       -0.525  0.00157    3.641    0.558  1.20996  *
* 107)    7.818   (  0, 54)        0.156  0.00061    4.428    0.387  1.18559  *
* 108)    7.818   ( 54,  0)        0.156  0.00061    4.428    0.387  1.18559  *
* 109)    7.944   ( 55,  0)       -0.319  0.00090    4.549    0.477  1.18204  *
* 110)    7.944   (  0, 55)       -0.319  0.00090    4.549    0.477  1.18204  *
* 111)    8.268   (  0, 56)        0.050  0.00094    4.872    0.506  1.17366  *
* 112)    8.268   ( 56,  0)        0.050  0.00094    4.872    0.506  1.17366  *
* 113)    8.650   ( 57,  0)       -0.648  0.00197    5.236    0.767  1.16447  *
* 114)    8.650   (  0, 57)       -0.648  0.00197    5.236    0.767  1.16447  *
* 115)    8.726   (  0, 58)        0.019  0.00192    5.312    0.764  1.16282  *
* 116)    8.726   ( 58,  0)        0.019  0.00192    5.312    0.764  1.16282  *
* 117)    8.803   (  0, 59)        0.202  0.00121    5.402    0.612  1.16133  *
* 118)    8.803   ( 59,  0)        0.202  0.00121    5.402    0.612  1.16133  *
* 119)    9.115   (  0, 60)        0.057  0.00079    5.720    0.513  1.15506  *
* 120)    9.115   ( 60,  0)        0.057  0.00079    5.720    0.513  1.15506  *
* 121)    9.344   ( 61,  0)       -0.597  0.00080    5.949    0.529  1.15068  *
* 122)    9.344   (  0, 61)       -0.597  0.00080    5.949    0.529  1.15068  *
* 123)    9.434   (  0, 62)        0.008  0.00123    6.031    0.662  1.14893  *
* 124)    9.434   ( 62,  0)        0.008  0.00123    6.031    0.662  1.14893  *
* 125)    9.601   (  0, 63)       -0.208  0.00069    6.207    0.505  1.14608  *
* 126)    9.601   ( 63,  0)       -0.208  0.00069    6.207    0.505  1.14608  *
*                                                                             *
*1340)   TOTAL=  ( 670, 670)                                                  *
*                                                                             *
*******************************************************************************

*******************************************************************************
*                                                                             *
*  SINGLE-PARTICLE PROPERTIES: CANONICAL                            PROTONS   *
*                                                                             *
*******************************************************************************
*                                                                             *
*  NO)   ENERGY   (S=+,S=-)   | N,nz,lz,OMEz>   <P>    <JY>    <SY>   GFACT   *
*                                                                             *
*  21)  -11.611   ( 21,---)   | 6, 4, 2, 5/2>    19   0.000   0.000   0.003   *
*  22)  -10.678   ( 22,---)   | 2, 0, 2, 5/2>     9   0.000   0.000   0.587   *
*  23)  -10.257   ( 23,---)   | 6, 4, 0, 1/2>    45  -0.400  -0.265   0.663   *
*  24)  -10.008   ( 24,---)   | 4, 3, 1, 3/2>    82  -0.000   0.000  -0.283   *
*  25)   -9.482   ( 25,---)   | 9, 9, 0, 1/2>   -64  -0.648  -0.376   0.580   *
*  26)   -8.979   ( 26,---)   | 5, 2, 3, 7/2>     0  -0.000  -0.000   0.004   *
*  27)   -7.718   ( 27,---)   | 5, 3, 0, 1/2>     8  -0.360  -0.355   0.985   *
*  28)   -7.134   ( 28,---)   | 5, 3, 2, 3/2>    -5  -0.000   0.000  -0.010   *
*  29)   -7.016   ( 29,---)   | 7, 5, 2, 3/2>   -25   0.000   0.000   0.057   *
*  30)   -6.461   ( 30,---)   | 2, 0, 2, 5/2>   -16  -0.000  -0.000   0.036   *
*  31)   -6.321   ( 31,---)   | 2, 0, 0, 1/2>    42  -0.093  -0.353   3.787   *
*  32)   -5.885   ( 32,---)   | 9, 8, 1, 3/2>   -14  -0.000   0.000  -0.037   *
*  33)   -4.735   ( 33,---)   |10,10, 0, 1/2>    54  -1.267  -0.415   0.328   *
*  34)   -4.550   ( 34,---)   | 4, 2, 2, 5/2>    65   0.000   0.000   0.282   *
*  35)   -3.964   ( 35,---)   | 6, 3, 1, 3/2>    -5  -0.000   0.000  -0.655   *
*  36)   -3.774   ( 36,---)   | 5, 2, 1, 1/2>   -20   0.003  -0.085 -3.E+01   *
*  37)   -3.730   ( 37,---)   | 5, 2, 3, 5/2>    14   0.000  -0.000  -0.093   *
*  38)   -2.918   ( 38,---)   | 9, 7, 0, 1/2>   -37  -0.396  -0.269   0.678   *
*  39)   -2.263   ( 39,---)   | 3, 1, 0, 1/2>   -47  -0.045  -0.271   6.054   *
*  40)   -1.616   ( 40,---)   |10, 9, 1, 3/2>    76  -0.000  -0.000   0.400   *
*  41)   -1.340   ( 41,---)   | 2, 0, 2, 3/2>   -23  -0.000  -0.000   1.338   *
*  42)   -1.152   ( 42,---)   | 8, 5, 3, 7/2>     9  -0.000  -0.000   0.094   *
*  43)   -1.100   ( 43,---)   | 7, 4, 3, 7/2>   -18  -0.000  -0.000   0.058   *
*  44)   -0.439   ( 44,---)   | 8, 6, 0, 1/2>    23  -0.896  -0.399   0.445   *
*  45)   -0.103   ( 45,---)   | 9, 7, 2, 5/2>   -67   0.000   0.000   0.254   *
*                                                                             *
*******************************************************************************

*******************************************************************************
*                                                                             *
*  HFB PAIRING PROPERTIES                                            PROTONS  *
*                                                                             *
*  STRENGTH= 0.0419   GAP= 0.5295   FERMI ENERGY= -2.1556   ENERGY=  -6.6890  *
*                                                                             *
*******************************************************************************

*******************************************************************************
*                                                                             *
*  MULTIPOLE MOMENTS [UNITS:  (10 FERMI)^LAMBDA]                     PROTONS  *
*                                                                             *
*******************************************************************************
*                                                                             *
*  Q00 = 78.0000  .............  .............  .............  .............  *
*                                                                             *
*  Q10 = -4.8787  Q11 =    ZERO  .............  .............  .............  *
*                                                                             *
*  Q20 = 59.3573  Q21 =    ZERO  Q22 =-1.9E-06  .............  .............  *
*                                                                             *
*  Q30 =  1.5218  Q31 =    ZERO  Q32 = 4.8E-07  Q33 =    ZERO  .............  *
*                                                                             *
*  Q40 = 12.8671  Q41 =    ZERO  Q42 =-8.2E-07  Q43 =    ZERO  Q44 =-4.2E-07  *
*                                                                             *
*******************************************************************************

*******************************************************************************
*                                                                             *
*  ROOT-MEAN-SQUARE AND GEOMETRIC SIZES IN FERMIS                    PROTONS  *
*                                                                             *
*  R_RMS =  7.2052     X_RMS =  2.1498    Y_RMS =  2.1498    Z_RMS =  6.5323  *
*                                                                             *
*  R_GEO =  9.3019     X_GEO =  4.8072    Y_GEO =  4.8072    Z_GEO = 14.6067  *
*                                                                             *
*******************************************************************************

*******************************************************************************
*                                                                             *
*  BOHR DEFORMATIONS (FIRST-ORDER APPROXIMATION)                     PROTONS  *
*                                                                             *
*******************************************************************************
*                                                                             *
*  B10 = -0.1376  B11 =    ZERO  .............  .............  .............  *
*                                                                             *
*  B20 =  1.1619  B21 =    ZERO  B22 =-3.7E-08  .............  .............  *
*                                                                             *
*  B30 =  0.1015  B31 =    ZERO  B32 = 4.5E-08  B33 =    ZERO  .............  *
*                                                                             *
*  B40 =  0.9230  B41 =    ZERO  B42 =-8.3E-08  B43 =    ZERO  B44 =-4.3E-08  *
*                                                                             *
*******************************************************************************
*                                                                             *
*  BOHR DENSITY = 0.0231 FM^(-3)  BOHR RADIUS =   9.3019 FM                   *
*                                                                             *
*******************************************************************************

*******************************************************************************
*                                                                             *
*                  DENSITY INTEGRALS IN THE SKYRME FUNCTIONAL                 *
*                                                                             *
*******************************************************************************
*                                                                             *
*                   TOTAL(T)        SUM(S)      ISOSCALAR(P)  ISOVECTOR(M)    *
*                   --------        ------      ------------  ------------    *
*    DRHO_ =       22.001120     11.110048         22.001120      0.218975    *
*    DRHOD =       10.550136      5.324494         10.550136      0.098853    *
*    DLPR_ =       -5.692235     -2.875524         -5.692235     -0.058814    *
*    DTAU_ =       20.316023     10.311271         20.316023      0.306519    *
*    DSCU_ =        0.168466      0.099805          0.168466      0.031144    *
*    DDIV_ =        1.157738      0.591619          1.157738      0.025501    *
*                                                                             *
*    DSPI_ =        0.000000      0.000000          0.000000      0.000000    *
*    DSPID =        0.000000      0.000000          0.000000      0.000000    *
*    DLPS_ =        0.000000      0.000000          0.000000      0.000000    *
*    DCUR_ =        0.000000      0.000000          0.000000      0.000000    *
*    DKIS_ =        0.000000      0.000000          0.000000      0.000000    *
*    DROT_ =        0.000000      0.000000          0.000000      0.000000    *
*                                                                             *
*******************************************************************************

*******************************************************************************
*                                                                             *
*               CONTRIBUTIONS TO ENERGY IN THE SKYRME FUNCTIONAL              *
*                                                                             *
*******************************************************************************
*                                                                             *
*                 TOTAL(T)        SUM(S)        ISOSCALAR(P)  ISOVECTOR(M)    *
*                 --------        ------        ------------  ------------    *
*    ERHO_ =   -19670.322849   5980.711638     -13748.550100     58.938890    *
*    ERHOD =    10636.790732  -2701.456129       7960.411745    -25.077142    *
*    ELPR_ =     -559.747692    827.777629        259.564564      8.465374    *
*    ETAU_ =      673.599314   -497.740872        183.256511     -7.398068    *
*    ESCU_ =        0.000000      0.000000          0.000000      0.000000    *
*    EDIV_ =      -25.509412    -61.424930        -85.610537     -1.323805    *
*               ============  ============      ============  ============    *
*    SUM EVEN:  -8945.189906   3547.867337      -5430.927818     33.605249    *
*                                                                             *
*    ESPI_ =        0.000000      0.000000          0.000000      0.000000    *
*    ESPID =        0.000000      0.000000          0.000000      0.000000    *
*    ELPS_ =        0.000000      0.000000          0.000000      0.000000    *
*    ECUR_ =        0.000000      0.000000          0.000000      0.000000    *
*    EKIS_ =        0.000000      0.000000          0.000000      0.000000    *
*    EROT_ =        0.000000      0.000000          0.000000      0.000000    *
*               ============  ============      ============  ============    *
*    SUM  ODD:      0.000000      0.000000          0.000000      0.000000    *
*                                                                             *
*******************************************************************************
 
*******************************************************************************
*                                                                             *
*  CENTER-OF-MASS COORDINATES IN FERMIS                                TOTAL  *
*                                                                             *
*  R_CMS =  0.6295     X_CMS = -0.0000    Y_CMS =  0.0000    Z_CMS = -0.6295  *
*                                                                             *
*******************************************************************************

*******************************************************************************
*                                                                             *
*  MULTIPOLE MOMENTS [UNITS:  (10 FERMI)^LAMBDA] [CENT-MASS FRAME]  NEUTRONS  *
*                                                                             *
*******************************************************************************
*                                                                             *
*  Q00 = 98.0000  .............  .............  .............  .............  *
*                                                                             *
*  Q10 = -0.0317  Q11 =    ZERO  .............  .............  .............  *
*                                                                             *
*  Q20 = 72.5563  Q21 =    ZERO  Q22 =-2.6E-06  .............  .............  *
*                                                                             *
*  Q30 =  6.8100  Q31 =    ZERO  Q32 = 5.5E-07  Q33 =    ZERO  .............  *
*                                                                             *
*  Q40 = 16.9667  Q41 =    ZERO  Q42 =-9.5E-07  Q43 =    ZERO  Q44 =-8.9E-08  *
*                                                                             *
*******************************************************************************

*******************************************************************************
*                                                                             *
*  BOHR DEFORMATIONS (FIRST-ORDER APPROXIMATION) [CENT-MASS FRAME]  NEUTRONS  *
*                                                                             *
*******************************************************************************
*                                                                             *
*  B10 =-6.6E-04  B11 =    ZERO  .............  .............  .............  *
*                                                                             *
*  B20 =  0.9656  B21 =    ZERO  B22 =-3.5E-08  .............  .............  *
*                                                                             *
*  B30 =  0.2855  B31 =    ZERO  B32 = 3.2E-08  B33 =    ZERO  .............  *
*                                                                             *
*  B40 =  0.7068  B41 =    ZERO  B42 =-5.6E-08  B43 =    ZERO  B44 =-5.2E-09  *
*                                                                             *
*******************************************************************************
*                                                                             *
*  BOHR DENSITY = 0.0230 FM^(-3)  BOHR RADIUS =  10.0643 FM                   *
*                                                                             *
*******************************************************************************

*******************************************************************************
*                                                                             *
*  MULTIPOLE MOMENTS [UNITS:  (10 FERMI)^LAMBDA] [CENT-MASS FRAME]   PROTONS  *
*                                                                             *
*******************************************************************************
*                                                                             *
*  Q00 = 78.0000  .............  .............  .............  .............  *
*                                                                             *
*  Q10 =  0.0317  Q11 =    ZERO  .............  .............  .............  *
*                                                                             *
*  Q20 = 58.7471  Q21 =    ZERO  Q22 =-1.9E-06  .............  .............  *
*                                                                             *
*  Q30 =  5.6764  Q31 =    ZERO  Q32 = 4.1E-07  Q33 =    ZERO  .............  *
*                                                                             *
*  Q40 = 13.8958  Q41 =    ZERO  Q42 =-7.1E-07  Q43 =    ZERO  Q44 =-4.2E-07  *
*                                                                             *
*******************************************************************************

*******************************************************************************
*                                                                             *
*  BOHR DEFORMATIONS (FIRST-ORDER APPROXIMATION) [CENT-MASS FRAME]   PROTONS  *
*                                                                             *
*******************************************************************************
*                                                                             *
*  B10 = 8.3E-04  B11 =    ZERO  .............  .............  .............  *
*                                                                             *
*  B20 =  0.9872  B21 =    ZERO  B22 =-3.2E-08  .............  .............  *
*                                                                             *
*  B30 =  0.3012  B31 =    ZERO  B32 = 3.1E-08  B33 =    ZERO  .............  *
*                                                                             *
*  B40 =  0.7345  B41 =    ZERO  B42 =-5.3E-08  B43 =    ZERO  B44 =-3.1E-08  *
*                                                                             *
*******************************************************************************
*                                                                             *
*  BOHR DENSITY = 0.0184 FM^(-3)  BOHR RADIUS =  10.0397 FM                   *
*                                                                             *
*******************************************************************************

*******************************************************************************
*                                                                             *
*  EULER ANGLES OF THE PRINCIPAL-AXES FRAME IN DEGREES                 TOTAL  *
*                                                                             *
*  ALPHA = 90.00000  BETA =  0.00000  GAMMA =  0.00000                        *
*                                                                             *
*******************************************************************************

*******************************************************************************
*                                                                             *
*  ROOT-MEAN-SQUARE AND GEOMETRIC SIZES IN FERMIS                      TOTAL  *
*                                                                             *
*  R_RMS =  7.2139     X_RMS =  2.1865    Y_RMS =  2.1865    Z_RMS =  6.5176  *
*                                                                             *
*  R_GEO =  9.3131     X_GEO =  4.8891    Y_GEO =  4.8891    Z_GEO = 14.5738  *
*                                                                             *
*******************************************************************************

*******************************************************************************
*                                                                             *
*  MULTIPOLE MOMENTS [UNITS:  (10 FERMI)^LAMBDA]                       TOTAL  *
*                                                                             *
*******************************************************************************
*                                                                             *
*  Q00 =176.0000  .............  .............  .............  .............  *
*                                                                             *
*  Q10 =-11.0798  Q11 =    ZERO  .............  .............  .............  *
*                                                                             *
*  Q20 =132.6984  Q21 =    ZERO  Q22 =-4.5E-06  .............  .............  *
*                                                                             *
*  Q30 =  3.1997  Q31 =    ZERO  Q32 = 1.1E-06  Q33 =    ZERO  .............  *
*                                                                             *
*  Q40 = 28.6207  Q41 =    ZERO  Q42 =-1.9E-06  Q43 =    ZERO  Q44 =-5.1E-07  *
*                                                                             *
*******************************************************************************

*******************************************************************************
*                                                                             *
*  BOHR DEFORMATIONS (FIRST-ORDER APPROXIMATION)                       TOTAL  *
*                                                                             *
*******************************************************************************
*                                                                             *
*  B10 = -0.1383  B11 =    ZERO  .............  .............  .............  *
*                                                                             *
*  B20 =  1.1484  B21 =    ZERO  B22 =-3.9E-08  .............  .............  *
*                                                                             *
*  B30 =  0.0943  B31 =    ZERO  B32 = 4.7E-08  B33 =    ZERO  .............  *
*                                                                             *
*  B40 =  0.9055  B41 =    ZERO  B42 =-8.5E-08  B43 =    ZERO  B44 =-2.3E-08  *
*                                                                             *
*******************************************************************************
*                                                                             *
*  BOHR DENSITY = 0.0520 FM^(-3)  BOHR RADIUS =   9.3131 FM                   *
*                                                                             *
*******************************************************************************

*******************************************************************************
*                                                                             *
*  MULTIPOLE MOMENTS [UNITS:  (10 FERMI)^LAMBDA] [CENT-MASS FRAME]     TOTAL  *
*                                                                             *
*******************************************************************************
*                                                                             *
*  Q00 =176.0000  .............  .............  .............  .............  *
*                                                                             *
*  Q10 =    ZERO  Q11 =    ZERO  .............  .............  .............  *
*                                                                             *
*  Q20 =131.3034  Q21 =    ZERO  Q22 =-4.5E-06  .............  .............  *
*                                                                             *
*  Q30 = 12.4865  Q31 =    ZERO  Q32 = 9.6E-07  Q33 =    ZERO  .............  *
*                                                                             *
*  Q40 = 30.8625  Q41 =    ZERO  Q42 =-1.7E-06  Q43 =    ZERO  Q44 =-5.1E-07  *
*                                                                             *
*******************************************************************************

*******************************************************************************
*                                                                             *
*  BOHR DEFORMATIONS (FIRST-ORDER APPROXIMATION) [CENT-MASS FRAME]     TOTAL  *
*                                                                             *
*******************************************************************************
*                                                                             *
*  B10 =    ZERO  B11 =    ZERO  .............  .............  .............  *
*                                                                             *
*  B20 =  0.9752  B21 =    ZERO  B22 =-3.4E-08  .............  .............  *
*                                                                             *
*  B30 =  0.2925  B31 =    ZERO  B32 = 3.2E-08  B33 =    ZERO  .............  *
*                                                                             *
*  B40 =  0.7190  B41 =    ZERO  B42 =-5.4E-08  B43 =    ZERO  B44 =-1.7E-08  *
*                                                                             *
*******************************************************************************
*                                                                             *
*  BOHR DENSITY = 0.0414 FM^(-3)  BOHR RADIUS =  10.0534 FM                   *
*                                                                             *
*******************************************************************************

*******************************************************************************
*                                                                             *
*  MULTIPOLE MOMENTS [UNITS:  (10 FERMI)^LAMBDA] [INTRINSIC FRAME]     TOTAL  *
*                                                                             *
*  REAL PART  FOR A NON-NEGATIVE PROJECTION                                   *
*  IMAGINARY PART FOR A NEGATIVE PROJECTION                                   *
*                                                                             *
*******************************************************************************
*                                                                             *
*  Q00 =176.0000  .............  .............  .............  .............  *
*                 .............  .............  .............  .............  *
*                                                                             *
*  Q10 =    ZERO  Q1+1=    ZERO  .............  .............  .............  *
*                 Q1-1=    ZERO  .............  .............  .............  *
*                                                                             *
*  Q20 =131.3034  Q2+1=    ZERO  Q2+2= 4.5E-06  .............  .............  *
*                 Q2-1=    ZERO  Q2-2=    ZERO  .............  .............  *
*                                                                             *
*  Q30 = 12.4865  Q3+1=    ZERO  Q3+2=-9.6E-07  Q3+3=    ZERO  .............  *
*                 Q3-1=    ZERO  Q3-2=    ZERO  Q3-3=    ZERO  .............  *
*                                                                             *
*  Q40 = 30.8625  Q4+1=    ZERO  Q4+2= 1.7E-06  Q4+3=    ZERO  Q4+4=-5.1E-07  *
*                 Q4-1=    ZERO  Q4-2=    ZERO  Q4-3=    ZERO  Q4-4=    ZERO  *
*                                                                             *
*******************************************************************************

*******************************************************************************
*                                                                             *
*  BOHR DEFORMATIONS (FIRST-ORDER APPROXIMATION) [INTRINSIC FRAME]     TOTAL  *
*                                                                             *
*  REAL PART  FOR A NON-NEGATIVE PROJECTION                                   *
*  IMAGINARY PART FOR A NEGATIVE PROJECTION                                   *
*                                                                             *
*******************************************************************************
*                                                                             *
*  B10 =    ZERO  B1+1=    ZERO  .............  .............  .............  *
*                 B1-1=    ZERO  .............  .............  .............  *
*                                                                             *
*  B20 =  0.9752  B2+1=    ZERO  B2+2= 3.4E-08  .............  .............  *
*                 B2-1=    ZERO  B2-2=    ZERO  .............  .............  *
*                                                                             *
*  B30 =  0.2925  B3+1=    ZERO  B3+2=-3.2E-08  B3+3=    ZERO  .............  *
*                 B3-1=    ZERO  B3-2=    ZERO  B3-3=    ZERO  .............  *
*                                                                             *
*  B40 =  0.7190  B4+1=    ZERO  B4+2= 5.4E-08  B4+3=    ZERO  B4+4=-1.7E-08  *
*                 B4-1=    ZERO  B4-2=    ZERO  B4-3=    ZERO  B4-4=    ZERO  *
*                                                                             *
*******************************************************************************
*                                                                             *
*  BOHR DENSITY = 0.0414 FM^(-3)  BOHR RADIUS =  10.0534 FM                   *
*                                                                             *
*******************************************************************************

*******************************************************************************
*                                                                             *
*                                ENERGIES (MEV)                               *
*                                                                             *
*******************************************************************************
*                                                                             *
*  KINETIC: (NEU)=  1944.359042    (PRO)=  1408.281038    (TOT)=  3352.640080 *
*  SUM EPS: (NEU)= -1855.802715    (PRO)= -1044.866645    (TOT)= -2900.669360 *
*  PAIRING: (NEU)=    -8.376628    (PRO)=    -6.688964    (TOT)=   -15.065591 *
*  P-REARR: (NEU)=     2.111206    (PRO)=     1.844271    (TOT)=     3.955477 *
*                                                                             *
*  PAIRGAP: (NEU)=     0.377301    (PRO)=     0.529484    THIS SPACE IS EMPTY *
*  E-FERMI: (NEU)=    -7.010269    (PRO)=    -2.155572    AND AWAITS  YOUR AD *
*                                                                             *
*  COULOMB: (DIR)=   700.957053    (EXC)=   -31.052724    (TOT)=   669.904329 *
*                                                                             *
*  CONSTR. (MULT)=   860.816562    SLOPE=  -548.350065    CORR.=   274.175033 *
*  CONSTR. (SURF)=     0.000000    SLOPE=     0.000000    CORR.=     0.000000 *
*  CONSTR. (SPIN)=     0.000000    SLOPE=     0.000000    CORR.=     0.000000 *
*  CONSTR. (ISOS)=     0.000000    SLOPE=     0.000000    CORR.=     0.000000 *
*                                                                             *
*  REARRANGEMENT ENERGY FROM THE SKYRME DENSITY-DEPENDENT TERMS=  1494.145397 *
*  ROUTHIAN= TOTAL ENERGY + MULTIPOLE AND (ISO)SPIN CONSTRAINTS=  -529.027189 *
*                                                                             *
*  SPIN-ORB (EVE)=   -86.934342    (ODD)=     0.000000    (TOT)=   -86.934342 *
*  SKYRME:  (EVE)= -5397.322568    (ODD)=     0.000000    (TOT)= -5397.322568 *
*                                                                             *
*  TOTAL:  (STAB)=  -181.863295     (SP)= -1571.707046    (FUN)= -1389.843751 *
*                                                                             *
*******************************************************************************

*******************************************************************************
*                                                                             *
*  ITERATION RESTARTED FROM THE DISC, THE FOLLOWING FILE(S) READ:             *
*  ./restart/HFODD_00000074.REC                                        VER=19 *
*                                                                             *
*******************************************************************************
*                                                                             *
* CONVERGENCE REPORT                                                          *
*                                                                             *
*******************************************************************************
*                                                                             *
* ITER     ENERGY     STABILITY    Q_2    GAMMA   SPIN  OMEGA   ANGLE   EPAIR *
*                                                                             *
* 1526 -1389.843751 -181.863295 131.303    0.00   0.00  0.000   0.000  -15.07 *
* 1527 -1098.336697  456.039051 187.800    0.00   0.00  0.000   0.000   -4.81 *
* 1528 -1154.107525  498.964138 192.188    0.00   0.00  0.000   0.000   -6.83 *
* 1529 -1153.806189  527.106806 192.288    0.00   0.00  0.000   0.000   -8.56 *
* 1530 -1145.906647  501.948450 194.252    0.00   0.00  0.000   0.000   -7.81 *
* 1531 -1149.923947  527.812346 193.706    0.00   0.00  0.000   0.000   -9.14 *
* 1532 -1147.603855  631.654911 195.270    0.00   0.00  0.000   0.000   -8.78 *
* 1533 -1111.078302  590.138578 204.765    0.00   0.00  0.000   0.000   -6.72 *
* 1534 -1108.241826  574.616852 205.643    0.00   0.00  0.000   0.000   -8.07 *
* 1535 -1111.483574  415.581314 205.898    0.00   0.00  0.000   0.000   -9.76 *
* 1536 -1189.231363  549.271969 197.743    0.00   0.00  0.000   0.000  -14.87 *
* 1537 -1154.569179    2.47E+03 199.312    0.00   0.00  0.000   0.000  -12.04 *
* 1538   710.319689   -5.85E+03 205.096    0.00   0.00  0.000   0.000   -0.84 *
* 1539  1474.984549   -1.03E+04 126.128    0.00   0.00  0.000   0.000 -222.70 *
* 1540   -98.532551  575.091105  68.301    0.00   0.00  0.000   0.000 -567.25 *
* 1541  1806.772771   -1.30E+03   6.067    0.00   0.00  0.000   0.000   -0.10 *
* 1542  2216.575006    1.66E+04   6.095    0.00   0.00  0.000   0.000  -11.47 *
* 1543  1296.527514    1.54E+03 448.187    0.00   0.00  0.000   0.000   -0.06 *
* 1544   889.059201   -2.99E+03 596.392    0.00   0.00  0.000   0.000   -0.10 *
* 1545  1785.737739    4.69E+03 460.905    0.00   0.00  0.000   0.000  -36.69 *
* 1546  1361.737784    3.56E+03 544.975    0.00   0.00  0.000   0.000  -16.38 *
* 1547   758.337235    3.92E+03 607.001    0.00   0.00  0.000   0.000   -0.19 *
* 1548   632.879134    8.06E+04 658.158    0.00   0.00  0.000   0.000   -0.13 *

 //////////////////// MAXIMUM NUMBER OF ITERATIONS       ////////////////////
 //////////////////// EXCEEDED IN QUABCS                 ////////////////////

*******************************************************************************
*                                                                             *
*  PROCESSOR   EXECUTION  TIMES IN SUBROUTINES                                *
*  INCLUDING THEIR COMPLETE DOWN-CALLING TREES                                *
*                                                                             *
*******************************************************************************
*                                                                             *
*     7805 => HFODD    4257 => DENSHF   1623 => DIAMAT   1477 => HFBSIM       *
*                                                                             *
*      776 => QMULCM    426 => PAIMAC    342 => CANQUA    234 => RECORD       *
*                                                                             *
*      127 => AVEQUA     57 => INTEGH     53 => INTSOR     49 => INTEGD       *
*                                                                             *
*       40 => DENMAC     25 => MOMETS     23 => INTMUL     22 => DOBROY       *
*                                                                             *
*       18 => BEGINC     15 => SKFILD     11 => INTMAS     11 => ROTAVR       *
*                                                                             *
*       10 => LINAVR      8 => COUMAT      7 => INTCOU      7 => SPAVER       *
*                                                                             *
*        5 => AVOBSE      5 => INTCEN      3 => NILASP      2 => SKPAIR       *
*                                                                             *
*        2 => POWALL      2 => AVANGY      0 => INTKIN      0 => AVPARI       *
*                                                                             *
*        0 => QUABCS      0 => SHICOE      0 => AVSIMP      0 => SHIMAG       *
*                                                                             *
*        0 => PAXMOM      0 => SPIMOM      0 => SHIMOM      0 => MOMSIF       *
*                                                                             *
*        0 => MOMVMU      0 => MAGMOM      0 => SHISIF                        *
*                                                                             *
*******************************************************************************
*                                                                             *
*  NUMBERS OF CALLS TO SUBROUTINES                                            *
*                                                                             *
*******************************************************************************
*                                                                             *
*     1080 => BEGINC    897 => INTMUL    288 => INTSOR    118 => DIAMAT       *
*                                                                             *
*       96 => INTMAS     96 => INTCEN     95 => INTKIN     94 => AVEQUA       *
*                                                                             *
*       69 => PAXMOM     48 => INTEGH     48 => INTEGD     48 => HFBSIM       *
*                                                                             *
*       48 => QUABCS     47 => CANQUA     47 => AVPARI     47 => DENSHF       *
*                                                                             *
*       47 => DENMAC     47 => PAIMAC     47 => MOMETS     47 => MOMSIF       *
*                                                                             *
*       47 => MOMVMU     47 => MAGMOM     47 => SPIMOM     47 => LINAVR       *
*                                                                             *
*       47 => ROTAVR     46 => SHICOE     24 => RECORD     24 => COUMAT       *
*                                                                             *
*       24 => INTCOU     23 => QMULCM     23 => SKFILD     23 => SKPAIR       *
*                                                                             *
*       23 => DOBROY     23 => SHIMOM     23 => SHISIF     23 => SHIMAG       *
*                                                                             *
*       14 => SPAVER      2 => AVANGY      2 => AVOBSE      2 => AVSIMP       *
*                                                                             *
*        2 => NILASP      1 => HFODD       1 => POWALL                        *
*                                                                             *
*******************************************************************************
*                                                                             *
*  EXECUTION ENDS ON 2016.09.06 AT 13:42:01.246                               *
*                                                                             *
*******************************************************************************
