*******************************************************************************
*                                                                             *
*                     P A R A L L E L    M O D E L                            *
*                                                                             *
*  SIMPLE MPI FRAMEWORK (1 COMMUNICATOR)    :  1 MPI PROCESS per HFODD TASK   *
*  MULTI-THREADING FRAMEWORK WITH OPENMP   :  4 THREADS per HFODD MPI PROCESS *
*                                                                             *
*******************************************************************************
*                                                                             *
*                        __  __ _____  ___   ____   ____                      *
*                       / / / // ___/.' _ \ / __ \ / __ \                     *
*                      / /_/ // /_  / / / // / / // / / /                     *
*                     / __  // __/ / / / // / / // / / /                      *
*                    / / / // /   / /_/ // /_/ // /_/ /                       *
*                   /_/ /_//_/    \___.'/____.'/____.'                        *
*                                                                             *
*                                                                             *
*******************************************************************************
*                                                                             *
*             SKYRME-HARTREE-FOCK-BOGOLYUBOV CODE VERSION: 2.77B              *
*                                                                             *
*              NO SYMMETRY-PLANES AND NO TIME-REVERSAL SYMMETRY               *
*                                                                             *
*                DEFORMED CARTESIAN HARMONIC-OSCILLATOR BASIS                 *
*                                                                             *
*******************************************************************************
*                                                                             *
*             J. DOBACZEWSKI, P. BACZYK, B.G. CARLSSON, J. DUDEK              *
*                 J. ENGEL, Y. GAO, M. KONIECZKA, T. LESINSKI                 *
*                 J. MCDONNELL, P. OLBRATOWSKI, P. POWALOWSKI                 *
*                  M. SADZIAK, J. SARICH, K. SATO, W. SATULA                  *
*             N. SCHUNCK,  J.A. SHEIKH, A. STASZCZAK, M. STOITSOV             *
*             P. TOIVANEN, X.B. WANG, M. ZALEWSKI AND H. ZDUNCZUK             *
*                                                                             *
*                   INSTYTUT FIZYKI TEORETYCZNEJ, WARSZAWA                    *
*                 LAWRENCE LIVERMORE NATIONAL LABORATORY, USA                 *
*                                                                             *
*                                  1993-2016                                  *
*                                                                             *
*******************************************************************************

*******************************************************************************
*                                                                             *
*  CODE COMPILED WITH THE FOLLOWING ARRAY DIMENSIONS AND SWITCHES:            *
*                                                                             *
*******************************************************************************
*                                                                             *
*  NDBASE = 1200  NDSTAT = 1200  NDXHRM =   40  NDYHRM =   40  NDZHRM =   64  *
*                                                                             *
*  NDMAIN =   30  NDMULT =    9  NDMULR =    4  NDLAMB =    9  NDITER = 5000  *
*                                                                             *
*  NDAKNO =    1  NDBKNO =    1  NDPROI =    2  NDCOUL =   80  NDPOLS =   25  *
*                                                                             *
*  NDATKN =   20  NDBTKN =   10  NDPROT =    1  NDPROD =    3                 *
*                                                                             *
*  IPARAL =    0  IPARAT =    0  I_CRAY =    0                                *
*                                                                             *
*                                                                             *
*  PRE-PROCESSOR OPTIONS:                                                     *
*                                                                             *
*       switch_port = 1     switch_diag = 3     switch_essl = 0               *
*                                                                             *
*                           switch_quad = 0     switch_vect = 1               *
*                                                                             *
*******************************************************************************
*                                                                             *
*  EXECUTION BEGINS ON 2016.09.06 AT 12:59:14.801                             *
*                                                                             *
*******************************************************************************
 
*******************************************************************************
*                                                                             *
*  CLASSICAL NUCLEAR SURFACE DEFINED FOR:                    N = 98   Z = 78  *
*                                                                             *
*******************************************************************************
*                                                                             *
*  AL10 =   ZERO  AL11 =   ZERO  .............  .............  .............  *
*                                                                             *
*  AL20 =  0.634  AL21 =   ZERO  AL22 =   ZERO  .............  .............  *
*                                                                             *
*******************************************************************************
*                                                                             *
*                                           HOMEGA=  7.1433  FCHOM0=  0.9764  *
*                                                                             *
*  OSCILLATOR FREQUENCIES: HBAROX=  8.5974  HBAROY=  8.5974  HBAROZ=  4.9312  *
*                                                                             *
*  MOMENTS OF INERTIA:     XMOMFC=113.2245  YMOMFC=113.2245  ZMOMFC= 56.0564  *
*                                                                             *
*  CENTERS OF MASS:        CMSXFC= -0.0000  CMSYFC= -0.0000  CMSZFC= -0.0000  *
*                                                                             *
*******************************************************************************

*******************************************************************************
*                                                                             *
*                           SKYRME FORCE DEFINITION                           *
*                                                                             *
*******************************************************************************
*                                                                             *
* PARAMETER SET HFB1:  T0= -1666.41  T1=   255.23  T2=  1521.28  T3= 12072.51 *
*                                                                             *
* POWER=0.37658031358  X0=  0.14608  X1= -4.82248  X2= -1.35211  X3=  0.00432 *
*                                                                             *
* IETA: J=0  W=1 CM=3  M=1  P=1  T=0 HBM= 20.73553 W0=  44.0677 W0P= 207.6502 *
*                                                                             *
*******************************************************************************

*******************************************************************************
*                                                                             *
*              COUPLING CONSTANTS DEFINING THE SKYRME FUNCTIONAL              *
*                                                                             *
*******************************************************************************
*                                                                             *
*                   TOTAL(T)        SUM(S)      ISOSCALAR(P)  ISOVECTOR(M)    *
*                   --------        ------      ------------  ------------    *
*    CRHO_ =     -894.060074    538.315575       -624.902286    269.157788    *
*    CRHOD =     1008.213640   -507.363897        754.531691   -253.681949    *
*    CLPR_ =       98.335311   -287.870148        -45.599763   -143.935074    *
*    CTAU_ =       33.156062    -48.271535          9.020295    -24.135768    *
*    CSCU_ =        0.000000      0.000000          0.000000      0.000000    *
*    CDIV_ =      -22.033840   -103.825096        -73.946388    -51.912548    *
*                                                                             *
*    CSPI_ =      -60.857026    416.601524        147.443736    208.300762    *
*    CSPID =        2.171385   -503.021127       -249.339179   -251.510564    *
*    CLPS_ =       51.110395     71.467295         86.844042     35.733647    *
*    CCUR_ =      -33.156062     48.271535         -9.020295     24.135768    *
*    CKIS_ =        0.000000      0.000000          0.000000      0.000000    *
*    CROT_ =      -22.033840   -103.825096        -73.946388    -51.912548    *
*                                                                             *
*******************************************************************************

*******************************************************************************
*                                                                             *
*                          NUCLEAR MATTER PROPERTIES                          *
*                                                                             *
*******************************************************************************
*                                                                             *
*     E = -15.8000  rho0 =   0.15625   K =  244.6682   Ms =    0.9364         *
*                   asym =  28.66820   L =   40.1091   Mv =    1.2498         *
*                                                                             *
*******************************************************************************

*******************************************************************************
*                                                                             *
*  PHYSICAL CONSTANTS:     H_BARC=197.32891000           HBCOE2=137.03602000  *
*                                                                             *
*                          XMASSN=938.90590000           XMASSP=938.27231000  *
*                                                                             *
*                          HBMASS= 20.73553000           HBMRPA= 20.73553000  *
*                                                                             *
*                          ECHAR2=  1.43997841           COULEX= -1.06350868  *
*                                                                             *
*******************************************************************************
*                                                                             *
*  OSCILLATOR LENGTHS:     X= 2.1963195      Y= 2.1963195       Z= 2.9000255  *
*                                                                             *
*  OSCILLATOR CONSTANTS:   X= 0.4553072      Y= 0.4553072       Z= 0.3448246  *
*                                                                             *
*  OSCILLATOR FREQUENCIES: X= 8.5974234      Y= 8.5974234       Z= 4.9312355  *
*                                                                             *
*******************************************************************************
*                                                                             *
*  BASIS CUT-OFF CONTROL PARAMETERS:  NXMAXX = 14  NYMAXX = 14  NZMAXX =  25  *
*                                                                             *
*                                     NXHERM = 36  NYHERM = 36  NZHERM =  60  *
*                                                                             *
*                                     NLIMIT=1140  LDBASE=1140  MCOUNT=29791  *
*                                                                             *
*                                     ENECUT= 800.0000      ELIMIT= 135.4800  *
*                                                                             *
*******************************************************************************

*******************************************************************************
*                                                                             *
*   SHAPE OF THE OSCILLATOR-BASIS DIAMOND    (THREE CONSECUTIVE PROJECTIONS)  *
*                                                                             *
*******************************************************************************
*                                                                             *
*        NX ===>>>  0  1  2  3  4  5  6  7  8  9 10 11 12 13 14               *
*        MAX.NY => 14 13 12 11 10  9  8  7  6  5  4  3  2  1  0               *
*                 ---------------------------------------------               *
*   NY= 0  (14)  | 25 23 21 20 18 16 14 13 11  9  7  6  4  2  0               *
*   NY= 1  (13)  | 23 21 20 18 16 14 13 11  9  7  6  4  2  0                  *
*   NY= 2  (12)  | 21 20 18 16 14 13 11  9  7  6  4  2  0                     *
*   NY= 3  (11)  | 20 18 16 14 13 11  9  7  6  4  2  0                        *
*   NY= 4  (10)  | 18 16 14 13 11  9  7  6  4  2  0                           *
*   NY= 5  ( 9)  | 16 14 13 11  9  7  6  4  2  0                              *
*   NY= 6  ( 8)  | 14 13 11  9  7  6  4  2  0                                 *
*   NY= 7  ( 7)  | 13 11  9  7  6  4  2  0                                    *
*   NY= 8  ( 6)  | 11  9  7  6  4  2  0                                       *
*   NY= 9  ( 5)  |  9  7  6  4  2  0                                          *
*   NY=10  ( 4)  |  7  6  4  2  0                                             *
*   NY=11  ( 3)  |  6  4  2  0                                                *
*   NY=12  ( 2)  |  4  2  0                                                   *
*   NY=13  ( 1)  |  2  0                                                      *
*   NY=14  ( 0)  |  0                                                         *
*                                                                             *
*                                                                             *
*        NZ ===>>>  0  1  2  3  4  5  6  7  8  9 10 11 12 13 14 15 16 17 18   *
*        MAX.NY => 14 13 13 12 12 11 11 10  9  9  8  8  7  7  6  5  5  4  4   *
*                 ---------------------------------------------------------   *
*   NY= 0  (25)  | 14 13 13 12 12 11 11 10  9  9  8  8  7  7  6  5  5  4  4   *
*   NY= 1  (23)  | 13 12 12 11 11 10 10  9  8  8  7  7  6  6  5  4  4  3  3   *
*   NY= 2  (21)  | 12 11 11 10 10  9  9  8  7  7  6  6  5  5  4  3  3  2  2   *
*   NY= 3  (20)  | 11 10 10  9  9  8  8  7  6  6  5  5  4  4  3  2  2  1  1   *
*   NY= 4  (18)  | 10  9  9  8  8  7  7  6  5  5  4  4  3  3  2  1  1  0  0   *
*   NY= 5  (16)  |  9  8  8  7  7  6  6  5  4  4  3  3  2  2  1  0  0         *
*   NY= 6  (14)  |  8  7  7  6  6  5  5  4  3  3  2  2  1  1  0               *
*   NY= 7  (13)  |  7  6  6  5  5  4  4  3  2  2  1  1  0  0                  *
*   NY= 8  (11)  |  6  5  5  4  4  3  3  2  1  1  0  0                        *
*   NY= 9  ( 9)  |  5  4  4  3  3  2  2  1  0  0                              *
*   NY=10  ( 7)  |  4  3  3  2  2  1  1  0                                    *
*   NY=11  ( 6)  |  3  2  2  1  1  0  0                                       *
*   NY=12  ( 4)  |  2  1  1  0  0                                             *
*   NY=13  ( 2)  |  1  0  0                                                   *
*   NY=14  ( 0)  |  0                                                         *
*                                                                             *
*                                                                             *
*        NZ ===>>>  0  1  2  3  4  5  6  7  8  9 10 11 12 13 14 15 16 17 18   *
*        MAX.NX => 14 13 13 12 12 11 11 10  9  9  8  8  7  7  6  5  5  4  4   *
*                 ---------------------------------------------------------   *
*   NX= 0  (25)  | 14 13 13 12 12 11 11 10  9  9  8  8  7  7  6  5  5  4  4   *
*   NX= 1  (23)  | 13 12 12 11 11 10 10  9  8  8  7  7  6  6  5  4  4  3  3   *
*   NX= 2  (21)  | 12 11 11 10 10  9  9  8  7  7  6  6  5  5  4  3  3  2  2   *
*   NX= 3  (20)  | 11 10 10  9  9  8  8  7  6  6  5  5  4  4  3  2  2  1  1   *
*   NX= 4  (18)  | 10  9  9  8  8  7  7  6  5  5  4  4  3  3  2  1  1  0  0   *
*   NX= 5  (16)  |  9  8  8  7  7  6  6  5  4  4  3  3  2  2  1  0  0         *
*   NX= 6  (14)  |  8  7  7  6  6  5  5  4  3  3  2  2  1  1  0               *
*   NX= 7  (13)  |  7  6  6  5  5  4  4  3  2  2  1  1  0  0                  *
*   NX= 8  (11)  |  6  5  5  4  4  3  3  2  1  1  0  0                        *
*   NX= 9  ( 9)  |  5  4  4  3  3  2  2  1  0  0                              *
*   NX=10  ( 7)  |  4  3  3  2  2  1  1  0                                    *
*   NX=11  ( 6)  |  3  2  2  1  1  0  0                                       *
*   NX=12  ( 4)  |  2  1  1  0  0                                             *
*   NX=13  ( 2)  |  1  0  0                                                   *
*   NX=14  ( 0)  |  0                                                         *
*                                                                             *
*******************************************************************************

*******************************************************************************
*                                                                             *
* NUCLIDE: N =  98  Z =  78  NUMBER OF ITERATIONS = 1000   CONTINUATION? = 1  *
*                                                                             *
*******************************************************************************
*                                                                             *
* ITERATIONS WILL STOP WHEN THE STABILITY BECOMES LOWER THAN EPSITE=0.300000  *
*                                            FOR    5 CONSECUTIVE ITERATIONS  *
*                                                                             *
*******************************************************************************
*                                                                             *
* ITERATIONS WILL STOP WHEN THE PING-PONG DIVERGENCE OCCURS FOR EPSPNG=0.010  *
*                                DURING    5 PAIRS OF CONSECUTIVE ITERATIONS  *
*                                                                             *
*******************************************************************************
*                                                                             *
* ITERATIONS WILL STOP FOR CHAOTIC-DIVERGENCE CONDITION OCCURING   20  TIMES  *
*                                                                             *
*******************************************************************************
*                                                                             *
* SLOW-DOWN PARAMETERS:                                                       *
* TIME-EVEN = 0.85   TIME-ODD = 0.85   PAIRING = 0.85   LIPKIN-NOGAMI = 0.85  *
*                    LIP-MASS = 0.50   LIP-MOI = 0.50   LIPKIN-METHOD = 0.50  *
*                                                                             *
*******************************************************************************
*                                                                             *
* BROYDEN METHOD IS:  ON                                                      *
*                                                                             *
*    TRIGGERED ONLY WHEN STABILITY IS LOWER THAN :  1000.000 MEV              *
*    INITIAL SLOWING FACTOR (BEFORE TRIGGER)     :     0.85 (=SLOWEV)         *
*    BROYDEN SLOWING FACTOR (AFTER  TRIGGER)     :     0.40 (=1-ALPHAM)       *
*    NUMBER OF ITERATIONS RETAINED IN MEMORY     :    10                      *
*                                                                             *
*******************************************************************************
*                                                                             *
* DIRECT COULOMB TERMS SOLVED BY GREEN FUNCTION AND FOURIER TRANSFORM METHOD  *
* COULOMB PARAMETERS:  NUMCOU = 80  NUMETA = 79  BOUCOU = 20.0  FURMAX =0.25  *
*                                                                             *
*******************************************************************************
*                                                                             *
* EXCHANGE COULOMB TERMS TREATED BY THE SLATER APPROXIMATION                  *
*                                                                             *
*******************************************************************************
*                                                                             *
* MAXIMUM NUMBERS OF MULTIPOLE MOMENTS USED FOR THE CONSTRAINTS,    NMUCON=4  *
*                                           FOR THE COULOMB FIELD,  NMUCOU=4  *
*                                           FOR THE OUTPUT INFO,    NMUPRI=4  *
*                                                                             *
*******************************************************************************
*                                                                             *
* MULTIPOLE CONSTRAINTS: LAMBDA= 2  MIU= 0  MOMENT=161.000  STIFFNESS= 0.500  *
*                        LAMBDA= 3  MIU= 0  MOMENT= 52.000  STIFFNESS= 0.500  *
*                                                                             *
*******************************************************************************
*                                                                             *
* LINEAR MULTIPOLE CONSTRAINTS: LAMBDA= 2  MIU= 0  LAGRANGE PAR. USED= 0.000  *
*                               LAMBDA= 3  MIU= 0  LAGRANGE PAR. USED= 0.000  *
*                                                                             *
*******************************************************************************
*                                                                             *
* THE LAGRANGE PARAMETERS OF THE LINEAR CONSTRAINTS ARE RE-ADJUSTED AT EACH   *
* ITERATION BY USING THE CRANKING APPROXIMATION OF THE RPA MATRIX             *
*                                                                             *
*******************************************************************************
*                                                                             *
* PRINTING THE RESULTS FOR THE FOLLOWING ITERATIONS:         THE  FIRST: YES  *
*                                                            THE MIDDLE:  NO  *
*                                                     AND/OR THE   LAST: YES  *
*                                                                             *
*******************************************************************************
*                                                                             *
* PRINTING THE MOMENTS, RADII, AND DEFORMATIONS FOR:           NEUTRONS: YES  *
*                                                              PROTONS : YES  *
*                                                              MASS    : YES  *
*                                                                             *
*******************************************************************************
*                                                                             *
* PRINTING THE MOMENTS, MOMENTA AND DEFORMATIONS IN THE INTRINSIC FRAME: YES  *
*                                                                             *
*******************************************************************************
*                                                                             *
* NILSSON LABELS OF SINGLE-PARTICLE STATES SHOWN WITH RESPECT TO THE: Z-AXIS  *
*                                                                             *
*******************************************************************************
*                                                                             *
* CALCULATIONS WITH THE HFB PAIRING CORRELATIONS                              *
*                                                                             *
*******************************************************************************
*                                                                             *
* CONTACT PAIRING INTERACTION:     V0        V1       RHO-SAT      POWER      *
*                    NEUTRONS:  -234.380   732.438     0.320     1.0000000    *
*                     PROTONS:  -260.437   813.866     0.320     1.0000000    *
*                                                                             *
*******************************************************************************
*                                                                             *
* CUTOFF ENERGY DEFINING THE ACTIVE HFB PAIRING SPACE=      60.000            *
*                                                                             *
*******************************************************************************
*                                                                             *
* CALCULATIONS WITH SIMPLEX SYMMETRY                                          *
*                                                                             *
*******************************************************************************
*                                                                             *
* CALCULATIONS WITH TIME-ODD SYMMETRIES:        T*SIMPLEX_X =>     CONSERVED  *
*                                               T*SIMPLEX_Y =>     CONSERVED  *
*                                               T*SIMPLEX_Z => NON CONSERVED  *
*                                                                             *
*******************************************************************************
*                                                                             *
* CALCULATIONS WITHOUT ROTATION                                               *
*                                                                             *
*******************************************************************************

*******************************************************************************
*                                                                             *
*  CALLING SUBROUTINE "RECORD" TO READ THE REPLAY FILE OBTAINED PREVIOUSLY    *
*  ./restart/HFODD_00000063.REC                                               *
*                                                                             *
*******************************************************************************

*******************************************************************************
*                                                                             *
*  SINGLE-QUASIPARTICLE PROPERTIES:                                NEUTRONS   *
*                                                                             *
*******************************************************************************
*                                                                             *
*  NO)   ENERGY   (S=+,S=-)       PARITY   V2QUAP   EEQUIV   DEQUIV   V_CORR  *
*                                                                             *
*  49)    8.735   ( 25,  0)       -0.067  0.99807  -17.961    0.767  0.99999  *
*  50)    8.735   (  0, 25)       -0.067  0.99807  -17.961    0.767  0.99999  *
*  51)    8.631   (  0, 26)       -0.656  0.99923  -17.877    0.480  1.00000  *
*  52)    8.631   ( 26,  0)       -0.656  0.99923  -17.877    0.480  1.00000  *
*  53)    8.113   ( 27,  0)        0.407  0.99874  -17.352    0.575  0.99999  *
*  54)    8.113   (  0, 27)        0.407  0.99874  -17.352    0.575  0.99999  *
*  55)    8.514   ( 28,  0)       -0.608  0.95713  -17.043    3.449  0.99973  *
*  56)    8.514   (  0, 28)       -0.608  0.95713  -17.043    3.449  0.99973  *
*  57)    7.680   ( 29,  0)       -0.136  0.99173  -16.812    1.391  0.99994  *
*  58)    7.680   (  0, 29)       -0.136  0.99173  -16.812    1.391  0.99994  *
*  59)    7.544   ( 30,  0)        0.611  0.99860  -16.783    0.565  0.99999  *
*  60)    7.544   (  0, 30)        0.611  0.99860  -16.783    0.565  0.99999  *
*  61)    7.250   ( 31,  0)       -0.026  0.99923  -16.498    0.403  0.99999  *
*  62)    7.250   (  0, 31)       -0.026  0.99923  -16.498    0.403  0.99999  *
*  65)    6.928   (  0, 33)        0.671  0.99824  -16.163    0.580  0.99999  *
*  66)    6.928   ( 33,  0)        0.671  0.99824  -16.163    0.580  0.99999  *
*  67)    6.378   ( 34,  0)       -0.588  0.99836  -15.616    0.516  0.99999  *
*  68)    6.378   (  0, 34)       -0.588  0.99836  -15.616    0.516  0.99999  *
*  69)    5.930   (  0, 35)        0.879  0.99430  -15.122    0.893  0.99995  *
*  70)    5.930   ( 35,  0)        0.879  0.99430  -15.122    0.893  0.99995  *
*  71)    4.914   ( 36,  0)       -0.676  0.99819  -14.156    0.417  0.99998  *
*  72)    4.914   (  0, 36)       -0.676  0.99819  -14.156    0.417  0.99998  *
*  73)    4.535   ( 37,  0)        0.617  0.99760  -13.773    0.444  0.99997  *
*  74)    4.535   (  0, 37)        0.617  0.99760  -13.773    0.444  0.99997  *
*  75)    4.032   ( 38,  0)       -0.585  0.99717  -13.269    0.429  0.99996  *
*  76)    4.032   (  0, 38)       -0.585  0.99717  -13.269    0.429  0.99996  *
*  77)    3.728   ( 39,  0)       -0.163  0.99669  -12.963    0.428  0.99995  *
*  78)    3.728   (  0, 39)       -0.163  0.99669  -12.963    0.428  0.99995  *
*  79)    3.088   (  0, 40)       -0.054  0.99697  -12.329    0.339  0.99995  *
*  80)    3.088   ( 40,  0)       -0.054  0.99697  -12.329    0.339  0.99995  *
*  81)    2.845   ( 41,  0)       -0.832  0.99463  -12.074    0.416  0.99990  *
*  82)    2.845   (  0, 41)       -0.832  0.99463  -12.074    0.416  0.99990  *
*  83)    2.834   ( 42,  0)        0.701  0.99430  -12.062    0.427  0.99989  *
*  84)    2.834   (  0, 42)        0.701  0.99430  -12.062    0.427  0.99989  *
*  85)    2.353   ( 43,  0)        0.053  0.99237  -11.577    0.409  0.99982  *
*  86)    2.353   (  0, 43)        0.053  0.99237  -11.577    0.409  0.99982  *
*  87)    1.835   (  0, 44)       -0.041  0.99170  -11.064    0.333  0.99975  *
*  88)    1.835   ( 44,  0)       -0.041  0.99170  -11.064    0.333  0.99975  *
*  89)    1.822   (  0, 45)       -0.532  0.98833  -11.039    0.391  0.99964  *
*  90)    1.822   ( 45,  0)       -0.532  0.98833  -11.039    0.391  0.99964  *
*  91)    1.734   (  0, 46)       -0.033  0.98824  -10.953    0.374  0.99962  *
*  92)    1.734   ( 46,  0)       -0.033  0.98824  -10.953    0.374  0.99962  *
*  93)    1.529   ( 47,  0)        0.670  0.98173  -10.733    0.410  0.99933  *
*  94)    1.529   (  0, 47)        0.670  0.98173  -10.733    0.410  0.99933  *
*  95)    1.163   ( 48,  0)        0.701  0.95192  -10.311    0.497  0.99764  *
*  96)    1.163   (  0, 48)        0.701  0.95192  -10.311    0.497  0.99764  *
*  97)    0.619   ( 49,  0)       -0.402  0.86470   -9.711    0.424  0.98705  *
*  98)    0.619   (  0, 49)       -0.402  0.86470   -9.711    0.424  0.98705  *
*  99)    0.643   (  0, 50)       -0.590  0.11118   -8.760    0.404  0.93031  *
* 100)    0.643   ( 50,  0)       -0.590  0.11118   -8.760    0.404  0.93031  *
* 101)    0.905   ( 51,  0)        0.768  0.05743   -8.459    0.421  0.94696  *
* 102)    0.905   (  0, 51)        0.768  0.05743   -8.459    0.421  0.94696  *
* 103)    1.078   ( 52,  0)       -0.084  0.03622   -8.260    0.403  0.95425  *
* 104)    1.078   (  0, 52)       -0.084  0.03622   -8.260    0.403  0.95425  *
* 105)    1.103   (  0, 53)        0.174  0.04218   -8.250    0.443  0.95547  *
* 106)    1.103   ( 53,  0)        0.174  0.04218   -8.250    0.443  0.95547  *
* 107)    1.307   ( 54,  0)        0.551  0.02502   -8.018    0.408  0.96157  *
* 108)    1.307   (  0, 54)        0.551  0.02502   -8.018    0.408  0.96157  *
* 109)    1.873   ( 55,  0)       -0.579  0.00851   -7.419    0.344  0.97244  *
* 110)    1.873   (  0, 55)       -0.579  0.00851   -7.419    0.344  0.97244  *
* 111)    1.924   (  0, 56)        0.015  0.00870   -7.370    0.357  0.97316  *
* 112)    1.924   ( 56,  0)        0.015  0.00870   -7.370    0.357  0.97316  *
* 113)    2.375   ( 57,  0)        0.136  0.00551   -6.911    0.352  0.97808  *
* 114)    2.375   (  0, 57)        0.136  0.00551   -6.911    0.352  0.97808  *
* 115)    2.699   (  0, 58)       -0.252  0.00619   -6.594    0.423  0.98068  *
* 116)    2.699   ( 58,  0)       -0.252  0.00619   -6.594    0.423  0.98068  *
* 117)    2.716   ( 59,  0)       -0.776  0.00550   -6.574    0.402  0.98078  *
* 118)    2.716   (  0, 59)       -0.776  0.00550   -6.574    0.402  0.98078  *
* 119)    3.309   ( 60,  0)       -0.512  0.00251   -5.968    0.331  0.98413  *
* 120)    3.309   (  0, 60)       -0.512  0.00251   -5.968    0.331  0.98413  *
* 121)    3.703   ( 61,  0)        0.514  0.00302   -5.580    0.407  0.98580  *
* 122)    3.703   (  0, 61)        0.514  0.00302   -5.580    0.407  0.98580  *
* 123)    3.827   ( 62,  0)       -0.745  0.00271   -5.454    0.398  0.98625  *
* 124)    3.827   (  0, 62)       -0.745  0.00271   -5.454    0.398  0.98625  *
* 125)    4.145   (  0, 63)       -0.210  0.00203   -5.132    0.373  0.98728  *
* 126)    4.145   ( 63,  0)       -0.210  0.00203   -5.132    0.373  0.98728  *
* 127)    4.252   ( 64,  0)        0.676  0.00208   -5.025    0.388  0.98760  *
* 128)    4.252   (  0, 64)        0.676  0.00208   -5.025    0.388  0.98760  *
* 129)    4.356   (  0, 65)       -0.395  0.00202   -4.922    0.391  0.98789  *
* 130)    4.356   ( 65,  0)       -0.395  0.00202   -4.922    0.391  0.98789  *
* 131)    4.763   (  0, 66)        0.447  0.00153   -4.511    0.373  0.98891  *
* 132)    4.763   ( 66,  0)        0.447  0.00153   -4.511    0.373  0.98891  *
* 133)    5.082   ( 67,  0)       -0.615  0.00155   -4.194    0.400  0.98960  *
* 134)    5.082   (  0, 67)       -0.615  0.00155   -4.194    0.400  0.98960  *
* 135)    5.771   ( 68,  0)        0.120  0.00132   -3.504    0.420  0.99083  *
* 136)    5.771   (  0, 68)        0.120  0.00132   -3.504    0.420  0.99083  *
* 137)    5.847   (  0, 69)        0.826  0.00491   -3.470    0.818  0.99098  *
* 138)    5.847   ( 69,  0)        0.826  0.00491   -3.470    0.818  0.99098  *
* 139)    6.134   ( 70,  0)        0.401  0.00071   -3.135    0.327  0.99136  *
* 140)    6.134   (  0, 70)        0.401  0.00071   -3.135    0.327  0.99136  *
* 141)    6.588   ( 71,  0)        0.753  0.00144   -2.691    0.499  0.99196  *
* 142)    6.588   (  0, 71)        0.753  0.00144   -2.691    0.499  0.99196  *
* 143)    6.787   (  0, 72)       -0.223  0.00067   -2.482    0.350  0.99218  *
* 144)    6.787   ( 72,  0)       -0.223  0.00067   -2.482    0.350  0.99218  *
* 145)    7.052   ( 73,  0)        0.784  0.00079   -2.219    0.397  0.99248  *
* 146)    7.052   (  0, 73)        0.784  0.00079   -2.219    0.397  0.99248  *
* 147)    7.077   ( 74,  0)       -0.150  0.00089   -2.195    0.423  0.99250  *
* 148)    7.077   (  0, 74)       -0.150  0.00089   -2.195    0.423  0.99250  *
* 149)    7.149   (  0, 75)        0.186  0.00098   -2.125    0.448  0.99258  *
* 150)    7.149   ( 75,  0)        0.186  0.00098   -2.125    0.448  0.99258  *
* 153)    7.704   (  0, 77)       -0.221  0.00779   -1.676    1.355  0.99316  *
* 154)    7.704   ( 77,  0)       -0.221  0.00779   -1.676    1.355  0.99316  *
* 155)    8.552   (  0, 78)       -0.647  0.04257   -1.436    3.453  0.99404  *
* 156)    8.552   ( 78,  0)       -0.647  0.04257   -1.436    3.453  0.99404  *
* 157)    7.836   (  0, 79)        0.403  0.00060   -1.433    0.383  0.99322  *
* 158)    7.836   ( 79,  0)        0.403  0.00060   -1.433    0.383  0.99322  *
* 159)    7.853   (  0, 80)        0.159  0.00050   -1.414    0.352  0.99324  *
* 160)    7.853   ( 80,  0)        0.159  0.00050   -1.414    0.352  0.99324  *
* 161)    8.005   (  0, 81)       -0.090  0.00145   -1.278    0.609  0.99337  *
* 162)    8.005   ( 81,  0)       -0.090  0.00145   -1.278    0.609  0.99337  *
* 163)    8.376   ( 82,  0)        0.162  0.00049   -0.892    0.372  0.99366  *
* 164)    8.376   (  0, 82)        0.162  0.00049   -0.892    0.372  0.99366  *
* 165)    9.044   (  0, 83)        0.011  0.00034   -0.222    0.334  0.99412  *
* 166)    9.044   ( 83,  0)        0.011  0.00034   -0.222    0.334  0.99412  *
* 167)    9.074   ( 84,  0)        0.516  0.00054   -0.195    0.423  0.99414  *
* 168)    9.074   (  0, 84)        0.516  0.00054   -0.195    0.423  0.99414  *
* 169)    9.234   (  0, 85)       -0.481  0.00056   -0.036    0.437  0.99424  *
* 170)    9.234   ( 85,  0)       -0.481  0.00056   -0.036    0.437  0.99424  *
*                                                                             *
*1824)   TOTAL=  ( 912, 912)                                                  *
*                                                                             *
*******************************************************************************

*******************************************************************************
*                                                                             *
*  SINGLE-PARTICLE PROPERTIES: CANONICAL                           NEUTRONS   *
*                                                                             *
*******************************************************************************
*                                                                             *
*  NO)   ENERGY   (S=+,S=-)   | N,nz,lz,OMEz>   <P>    <JY>    <SY>   GFACT   *
*                                                                             *
*  43)  -11.571   ( 43,---)   | 3, 0, 3, 7/2>     1  -0.000   0.000  -0.032   *
*  44)  -11.101   ( 44,---)   | 5, 2, 1, 1/2>     3   0.130  -0.074  -0.571   *
*  45)  -11.047   ( 45,---)   | 7, 4, 3, 7/2>   -49  -0.000   0.000  -0.597   *
*  46)  -10.957   ( 46,---)   | 5, 2, 3, 5/2>    -5  -0.000  -0.000   0.012   *
*  47)  -10.737   ( 47,---)   | 4, 2, 0, 1/2>    66  -0.110  -0.237   2.148   *
*  48)  -10.346   ( 48,---)   | 4, 2, 2, 3/2>    69   0.000  -0.000  -0.199   *
*  49)   -9.712   ( 49,---)   |11,10, 1, 3/2>   -40  -0.000  -0.000   0.104   *
*  50)   -8.754   ( 50,---)   | 9, 7, 0, 1/2>   -57  -0.917  -0.399   0.435   *
*  51)   -8.453   ( 51,---)   | 6, 4, 2, 5/2>    78   0.000   0.000   0.287   *
*  52)   -8.248   ( 52,---)   | 9, 9, 0, 1/2>   -11  -1.282  -0.399   0.311   *
*  53)   -8.179   ( 53,---)   | 6, 3, 1, 3/2>     9  -0.000  -0.000   0.226   *
*  54)   -7.998   ( 54,---)   | 4, 1, 3, 7/2>    39  -0.000   0.000  -0.076   *
*  55)   -7.327   ( 55,---)   | 6, 2, 4, 9/2>     1  -0.000   0.000  -0.480   *
*  56)   -7.288   ( 56,---)   | 3, 0, 1, 3/2>   -61   0.000   0.000   0.284   *
*  57)   -6.653   ( 57,---)   |11,10, 1, 1/2>   -27  -0.105  -0.121   1.155   *
*  58)   -6.613   ( 58,---)   | 6, 3, 1, 1/2>    -9   0.174  -0.058  -0.335   *
*  59)   -6.559   ( 59,---)   | 5, 3, 2, 3/2>   -74   0.000  -0.000  -0.265   *
*  60)   -5.667   ( 60,---)   | 3, 0, 1, 1/2>   -35   0.089  -0.082  -0.912   *
*  61)   -5.474   ( 61,---)   |10, 8, 2, 3/2>    41  -0.000  -0.000   0.031   *
*  62)   -5.323   ( 62,---)   | 5, 2, 3, 7/2>   -81  -0.000  -0.000   0.051   *
*  63)   -4.829   ( 63,---)   | 3, 0, 3, 5/2>     2   0.000  -0.000  -0.468   *
*  64)   -4.818   ( 64,---)   |10, 8, 0, 1/2>    30  -0.541  -0.353   0.652   *
*  65)   -4.763   ( 65,---)   | 7, 5, 2, 5/2>   -68   0.000   0.000   0.098   *
*  66)   -4.040   ( 66,---)   | 4, 1, 1, 3/2>    48  -0.000   0.000  -0.122   *
*  67)   -4.039   ( 67,---)   | 7, 4, 3, 5/2>   -51  -0.000  -0.000   0.002   *
*  68)   -3.219   ( 68,---)   |10,10, 0, 1/2>     9  -1.711  -0.369   0.216   *
*  69)   -2.395   ( 69,---)   | 6, 4, 2, 3/2>    64   0.000   0.000   0.277   *
*  70)   -2.276   ( 70,---)   | 6, 2, 2, 5/2>    10  -0.000  -0.000   3.561   *
*  71)   -2.263   ( 71,---)   | 4, 1, 1, 1/2>    47   0.138  -0.044  -0.318   *
*  72)   -1.888   ( 72,---)   | 6, 3, 3, 7/2>    83  -0.000  -0.000   0.055   *
*  73)   -1.872   ( 73,---)   |12,11, 1, 1/2>    34  -0.033  -0.163   5.004   *
*  74)   -1.250   ( 74,---)   | 9, 6, 1, 3/2>   -55  -0.000  -0.000   0.067   *
*  75)   -1.108   ( 75,---)   | 3, 0, 3, 5/2>    39   0.000  -0.000  -0.720   *
*  76)   -0.514   ( 76,---)   | 4, 0, 4, 9/2>    -7  -0.000  -0.000   1.881   *
*  77)   -0.510   ( 77,---)   | 8, 4, 4, 9/2>    45  -0.000  -0.000   1.638   *
*  78)   -0.453   ( 78,---)   |11, 9, 0, 1/2>   -43  -0.759  -0.374   0.493   *
*  79)   -0.338   ( 79,---)   | 5, 2, 1, 3/2>   -59  -0.000   0.000  -0.170   *
*  80)   -0.089   ( 80,---)   | 6, 2, 0, 1/2>    -2  -0.484  -0.407   0.840   *
*                                                                             *
*******************************************************************************

*******************************************************************************
*                                                                             *
*  HFB PAIRING PROPERTIES                                           NEUTRONS  *
*                                                                             *
*  STRENGTH= 0.0693   GAP=-0.4074   FERMI ENERGY= -9.3132   ENERGY=  -2.3944  *
*                                                                             *
*******************************************************************************

*******************************************************************************
*                                                                             *
*  MULTIPOLE MOMENTS [UNITS:  (10 FERMI)^LAMBDA]                    NEUTRONS  *
*                                                                             *
*******************************************************************************
*                                                                             *
*  Q00 = 98.0000  .............  .............  .............  .............  *
*                                                                             *
*  Q10 = -0.2013  Q11 =    ZERO  .............  .............  .............  *
*                                                                             *
*  Q20 = 86.8284  Q21 =    ZERO  Q22 =-3.1E-07  .............  .............  *
*                                                                             *
*  Q30 =  5.3112  Q31 =    ZERO  Q32 = 1.6E-07  Q33 =    ZERO  .............  *
*                                                                             *
*  Q40 = 25.3218  Q41 =    ZERO  Q42 =-2.3E-07  Q43 =    ZERO  Q44 = 4.8E-08  *
*                                                                             *
*******************************************************************************

*******************************************************************************
*                                                                             *
*  ROOT-MEAN-SQUARE AND GEOMETRIC SIZES IN FERMIS                   NEUTRONS  *
*                                                                             *
*  R_RMS =  7.6478     X_RMS =  2.1748    Y_RMS =  2.1748    Z_RMS =  7.0021  *
*                                                                             *
*  R_GEO =  9.8733     X_GEO =  4.8630    Y_GEO =  4.8630    Z_GEO = 15.6573  *
*                                                                             *
*******************************************************************************

*******************************************************************************
*                                                                             *
*  BOHR DEFORMATIONS (FIRST-ORDER APPROXIMATION)                    NEUTRONS  *
*                                                                             *
*******************************************************************************
*                                                                             *
*  B10 = -0.0043  B11 =    ZERO  .............  .............  .............  *
*                                                                             *
*  B20 =  1.2007  B21 =    ZERO  B22 =-4.4E-09  .............  .............  *
*                                                                             *
*  B30 =  0.2359  B31 =    ZERO  B32 = 1.0E-08  B33 =    ZERO  .............  *
*                                                                             *
*  B40 =  1.1389  B41 =    ZERO  B42 =-1.4E-08  B43 =    ZERO  B44 = 3.1E-09  *
*                                                                             *
*******************************************************************************
*                                                                             *
*  BOHR DENSITY = 0.0243 FM^(-3)  BOHR RADIUS =   9.8733 FM                   *
*                                                                             *
*******************************************************************************

*******************************************************************************
*                                                                             *
*  SINGLE-QUASIPARTICLE PROPERTIES:                                 PROTONS   *
*                                                                             *
*******************************************************************************
*                                                                             *
*  NO)   ENERGY   (S=+,S=-)       PARITY   V2QUAP   EEQUIV   DEQUIV   V_CORR  *
*                                                                             *
*  37)    9.477   ( 19,  0)       -0.024  0.99749  -12.666    0.949  1.00000  *
*  38)    9.477   (  0, 19)       -0.024  0.99749  -12.666    0.949  1.00000  *
*  39)    8.865   (  0, 20)       -0.067  0.99825  -12.071    0.742  1.00000  *
*  40)    8.865   ( 20,  0)       -0.067  0.99825  -12.071    0.742  1.00000  *
*  41)    8.602   ( 21,  0)       -0.515  0.98888  -11.647    1.804  1.00000  *
*  42)    8.602   (  0, 21)       -0.515  0.98888  -11.647    1.804  1.00000  *
*  43)    8.416   (  0, 22)        0.729  0.99875  -11.632    0.595  1.00000  *
*  44)    8.416   ( 22,  0)        0.729  0.99875  -11.632    0.595  1.00000  *
*  45)    7.663   (  0, 23)        0.595  0.94853  -10.111    3.386  0.99998  *
*  46)    7.663   ( 23,  0)        0.595  0.94853  -10.111    3.386  0.99998  *
*  47)    6.667   (  0, 24)        0.710  0.99649   -9.857    0.789  1.00000  *
*  48)    6.667   ( 24,  0)        0.710  0.99649   -9.857    0.789  1.00000  *
*  49)    9.800   ( 25,  0)        0.070  0.83727   -9.848    7.235  0.99994  *
*  50)    9.800   (  0, 25)        0.070  0.83727   -9.848    7.235  0.99994  *
*  51)    5.101   ( 26,  0)       -0.518  0.99678   -8.305    0.578  1.00000  *
*  52)    5.101   (  0, 26)       -0.518  0.99678   -8.305    0.578  1.00000  *
*  53)    5.097   (  0, 27)       -0.064  0.99370   -8.270    0.806  1.00000  *
*  54)    5.097   ( 27,  0)       -0.064  0.99370   -8.270    0.806  1.00000  *
*  55)    4.935   ( 28,  0)       -0.494  0.99674   -8.140    0.563  1.00000  *
*  56)    4.935   (  0, 28)       -0.494  0.99674   -8.140    0.563  1.00000  *
*  57)    4.568   (  0, 29)        0.406  0.99545   -7.763    0.615  1.00000  *
*  58)    4.568   ( 29,  0)        0.406  0.99545   -7.763    0.615  1.00000  *
*  59)    4.509   (  0, 30)       -0.185  0.99694   -7.719    0.499  1.00000  *
*  60)    4.509   ( 30,  0)       -0.185  0.99694   -7.719    0.499  1.00000  *
*  61)    4.297   (  0, 31)       -0.014  0.99389   -7.482    0.670  1.00000  *
*  62)    4.297   ( 31,  0)       -0.014  0.99389   -7.482    0.670  1.00000  *
*  63)    3.893   (  0, 32)        0.470  0.99491   -7.091    0.554  1.00000  *
*  64)    3.893   ( 32,  0)        0.470  0.99491   -7.091    0.554  1.00000  *
*  65)    3.714   ( 33,  0)        0.522  0.99412   -6.908    0.568  0.99999  *
*  66)    3.714   (  0, 33)        0.522  0.99412   -6.908    0.568  0.99999  *
*  67)    2.827   (  0, 34)       -0.559  0.99019   -6.009    0.557  0.99999  *
*  68)    2.827   ( 34,  0)       -0.559  0.99019   -6.009    0.557  0.99999  *
*  69)    2.480   ( 35,  0)        0.851  0.98809   -5.658    0.538  0.99998  *
*  70)    2.480   (  0, 35)        0.851  0.98809   -5.658    0.538  0.99998  *
*  71)    1.126   (  0, 36)       -0.513  0.93617   -4.219    0.550  0.99981  *
*  72)    1.126   ( 36,  0)       -0.513  0.93617   -4.219    0.550  0.99981  *
*  73)    1.092   ( 37,  0)        0.600  0.93321   -4.183    0.545  0.99979  *
*  74)    1.092   (  0, 37)        0.600  0.93321   -4.183    0.545  0.99979  *
*  75)    0.729   (  0, 38)       -0.394  0.81531   -3.697    0.566  0.99913  *
*  76)    0.729   ( 38,  0)       -0.394  0.81531   -3.697    0.566  0.99913  *
*  77)    0.620   ( 39,  0)       -0.118  0.49163   -3.227    0.620  0.99720  *
*  78)    0.620   (  0, 39)       -0.118  0.49163   -3.227    0.620  0.99720  *
*  79)    0.557   (  0, 40)       -0.170  0.43428   -3.164    0.552  0.99653  *
*  80)    0.557   ( 40,  0)       -0.170  0.43428   -3.164    0.552  0.99653  *
*  81)    0.881   ( 41,  0)       -0.548  0.11762   -2.564    0.567  0.99659  *
*  82)    0.881   (  0, 41)       -0.548  0.11762   -2.564    0.567  0.99659  *
*  83)    0.897   (  0, 42)        0.353  0.10919   -2.536    0.560  0.99662  *
*  84)    0.897   ( 42,  0)        0.353  0.10919   -2.536    0.560  0.99662  *
*  85)    1.313   ( 43,  0)       -0.158  0.05650   -2.072    0.606  0.99755  *
*  86)    1.313   (  0, 43)       -0.158  0.05650   -2.072    0.606  0.99755  *
*  87)    1.398   ( 44,  0)        0.049  0.04999   -1.979    0.609  0.99768  *
*  88)    1.398   (  0, 44)        0.049  0.04999   -1.979    0.609  0.99768  *
*  89)    1.402   ( 45,  0)        0.082  0.02559   -1.907    0.443  0.99763  *
*  90)    1.402   (  0, 45)        0.082  0.02559   -1.907    0.443  0.99763  *
*  91)    1.916   ( 46,  0)       -0.349  0.02058   -1.400    0.544  0.99826  *
*  92)    1.916   (  0, 46)       -0.349  0.02058   -1.400    0.544  0.99826  *
*  93)    2.159   ( 47,  0)        0.716  0.01560   -1.146    0.535  0.99845  *
*  94)    2.159   (  0, 47)        0.716  0.01560   -1.146    0.535  0.99845  *
*  95)    2.357   (  0, 48)        0.724  0.01279   -0.940    0.530  0.99857  *
*  96)    2.357   ( 48,  0)        0.724  0.01279   -0.940    0.530  0.99857  *
*  97)    3.213   (  0, 49)       -0.239  0.00720   -0.071    0.543  0.99895  *
*  98)    3.213   ( 49,  0)       -0.239  0.00720   -0.071    0.543  0.99895  *
*  99)    4.385   ( 50,  0)       -0.390  0.00453    1.108    0.589  0.99923  *
* 100)    4.385   (  0, 50)       -0.390  0.00453    1.108    0.589  0.99923  *
* 101)    4.542   ( 51,  0)        0.754  0.00354    1.273    0.539  0.99925  *
* 102)    4.542   (  0, 51)        0.754  0.00354    1.273    0.539  0.99925  *
* 103)    5.025   ( 52,  0)       -0.027  0.00699    1.718    0.837  0.99933  *
* 104)    5.025   (  0, 52)       -0.027  0.00699    1.718    0.837  0.99933  *
* 105)    5.208   ( 53,  0)        0.006  0.00368    1.933    0.631  0.99935  *
* 106)    5.208   (  0, 53)        0.006  0.00368    1.933    0.631  0.99935  *
* 107)    5.516   ( 54,  0)        0.436  0.00240    2.253    0.540  0.99938  *
* 108)    5.516   (  0, 54)        0.436  0.00240    2.253    0.540  0.99938  *
* 109)    5.676   (  0, 55)       -0.141  0.00145    2.423    0.432  0.99940  *
* 110)    5.676   ( 55,  0)       -0.141  0.00145    2.423    0.432  0.99940  *
* 111)    5.964   (  0, 56)       -0.421  0.00207    2.702    0.543  0.99943  *
* 112)    5.964   ( 56,  0)       -0.421  0.00207    2.702    0.543  0.99943  *
* 113)    6.346   ( 57,  0)        0.112  0.00284    3.073    0.676  0.99946  *
* 114)    6.346   (  0, 57)        0.112  0.00284    3.073    0.676  0.99946  *
* 115)    6.500   ( 58,  0)       -0.463  0.00153    3.243    0.508  0.99948  *
* 116)    6.500   (  0, 58)       -0.463  0.00153    3.243    0.508  0.99948  *
* 117)    9.821   (  0, 59)        0.053  0.16080    3.426    7.216  0.99971  *
* 118)    9.821   ( 59,  0)        0.053  0.16080    3.426    7.216  0.99971  *
* 119)    6.959   ( 60,  0)        0.426  0.00137    3.703    0.515  0.99951  *
* 120)    6.959   (  0, 60)        0.426  0.00137    3.703    0.515  0.99951  *
* 121)    7.672   ( 61,  0)        0.602  0.02698    4.021    2.486  0.99957  *
* 122)    7.672   (  0, 61)        0.602  0.02698    4.021    2.486  0.99957  *
* 123)    7.756   ( 62,  0)        0.568  0.02410    4.145    2.379  0.99957  *
* 124)    7.756   (  0, 62)        0.568  0.02410    4.145    2.379  0.99957  *
* 125)    7.564   ( 63,  0)       -0.248  0.00108    4.311    0.496  0.99955  *
* 126)    7.564   (  0, 63)       -0.248  0.00108    4.311    0.496  0.99955  *
* 127)    7.647   (  0, 64)        0.337  0.00128    4.391    0.546  0.99955  *
* 128)    7.647   ( 64,  0)        0.337  0.00128    4.391    0.546  0.99955  *
* 129)    7.685   (  0, 65)       -0.805  0.00118    4.430    0.528  0.99956  *
* 130)    7.685   ( 65,  0)       -0.805  0.00118    4.430    0.528  0.99956  *
* 131)    8.499   (  0, 66)       -0.267  0.01151    5.066    1.813  0.99960  *
* 132)    8.499   ( 66,  0)       -0.267  0.01151    5.066    1.813  0.99960  *
* 133)    8.774   ( 67,  0)        0.033  0.00275    5.488    0.919  0.99961  *
* 134)    8.774   (  0, 67)        0.033  0.00275    5.488    0.919  0.99961  *
* 135)    9.941   ( 68,  0)       -0.434  0.00188    6.667    0.861  0.99966  *
* 136)    9.941   (  0, 68)       -0.434  0.00188    6.667    0.861  0.99966  *
*                                                                             *
*1484)   TOTAL=  ( 742, 742)                                                  *
*                                                                             *
*******************************************************************************

*******************************************************************************
*                                                                             *
*  SINGLE-PARTICLE PROPERTIES: CANONICAL                            PROTONS   *
*                                                                             *
*******************************************************************************
*                                                                             *
*  NO)   ENERGY   (S=+,S=-)   | N,nz,lz,OMEz>   <P>    <JY>    <SY>   GFACT   *
*                                                                             *
*  23)  -11.884   ( 23,---)   | 4, 3, 1, 3/2>    60   0.000   0.000   0.099   *
*  24)  -10.938   ( 24,---)   | 2, 0, 2, 5/2>    63  -0.000  -0.000   0.693   *
*  25)   -9.791   ( 25,---)   | 4, 3, 1, 1/2>    39  -0.669  -0.198   0.296   *
*  26)   -8.513   ( 26,---)   | 5, 3, 0, 1/2>     6  -0.280  -0.411   1.465   *
*  27)   -8.156   ( 27,---)   | 3, 1, 2, 5/2>   -60   0.000   0.000   0.162   *
*  28)   -8.113   ( 28,---)   | 7, 5, 2, 3/2>   -11   0.000   0.000   0.475   *
*  29)   -7.977   ( 29,---)   | 9, 8, 1, 3/2>   -49  -0.000  -0.000   0.159   *
*  30)   -7.814   ( 30,---)   |10,10, 0, 1/2>    33  -0.629  -0.371   0.589   *
*  31)   -7.487   ( 31,---)   | 5, 2, 3, 7/2>    -1  -0.000  -0.000   0.028   *
*  32)   -7.138   ( 32,---)   | 2, 0, 0, 1/2>    45  -0.692  -0.485   0.701   *
*  33)   -6.937   ( 33,---)   | 2, 0, 2, 3/2>    53   0.000   0.000   0.622   *
*  34)   -6.040   ( 34,---)   | 9, 8, 1, 1/2>   -53  -0.500  -0.146   0.292   *
*  35)   -5.688   ( 35,---)   | 4, 2, 2, 5/2>    87   0.000  -0.000  -0.562   *
*  36)   -4.242   ( 36,---)   | 3, 1, 0, 1/2>   -56  -0.230  -0.425   1.850   *
*  37)   -4.189   ( 37,---)   |10, 9, 1, 3/2>    58  -0.000  -0.000   0.018   *
*  38)   -3.719   ( 38,---)   | 3, 1, 2, 3/2>   -45   0.000   0.000   0.332   *
*  39)   -3.206   ( 39,---)   | 5, 2, 1, 3/2>    -4  -0.000   0.000  -0.847   *
*  40)   -3.163   ( 40,---)   |11,11, 0, 1/2>   -15  -1.320  -0.402   0.305   *
*  41)   -2.549   ( 41,---)   | 5, 3, 2, 5/2>   -44   0.000  -0.000  -0.036   *
*  42)   -2.497   ( 42,---)   | 6, 3, 1, 1/2>    44  -0.408  -0.203   0.498   *
*  43)   -2.067   ( 43,---)   | 9, 7, 2, 5/2>   -38   0.000  -0.000  -0.247   *
*  44)   -1.961   ( 44,---)   | 5, 2, 1, 1/2>    22  -0.048  -0.140   2.901   *
*  45)   -1.812   ( 45,---)   | 8, 5, 3, 7/2>    13  -0.000  -0.000   0.035   *
*  46)   -1.427   ( 46,---)   | 7, 4, 3, 7/2>   -40  -0.000  -0.000   0.063   *
*  47)   -1.093   ( 47,---)   | 4, 2, 0, 1/2>    68  -0.001  -0.259  2.E+02   *
*  48)   -0.887   ( 48,---)   | 4, 2, 2, 3/2>    67   0.000   0.000   0.111   *
*                                                                             *
*******************************************************************************

*******************************************************************************
*                                                                             *
*  HFB PAIRING PROPERTIES                                            PROTONS  *
*                                                                             *
*  STRENGTH= 0.0650   GAP= 0.5508   FERMI ENERGY= -3.2405   ENERGY=  -4.6686  *
*                                                                             *
*******************************************************************************

*******************************************************************************
*                                                                             *
*  MULTIPOLE MOMENTS [UNITS:  (10 FERMI)^LAMBDA]                     PROTONS  *
*                                                                             *
*******************************************************************************
*                                                                             *
*  Q00 = 78.0000  .............  .............  .............  .............  *
*                                                                             *
*  Q10 =  0.8303  Q11 =    ZERO  .............  .............  .............  *
*                                                                             *
*  Q20 = 71.1106  Q21 =    ZERO  Q22 =-3.4E-07  .............  .............  *
*                                                                             *
*  Q30 =  4.7144  Q31 =    ZERO  Q32 = 1.6E-07  Q33 =    ZERO  .............  *
*                                                                             *
*  Q40 = 21.2315  Q41 =    ZERO  Q42 =-2.2E-07  Q43 =    ZERO  Q44 = 2.8E-08  *
*                                                                             *
*******************************************************************************

*******************************************************************************
*                                                                             *
*  ROOT-MEAN-SQUARE AND GEOMETRIC SIZES IN FERMIS                    PROTONS  *
*                                                                             *
*  R_RMS =  7.6767     X_RMS =  2.1094    Y_RMS =  2.1094    Z_RMS =  7.0734  *
*                                                                             *
*  R_GEO =  9.9106     X_GEO =  4.7167    Y_GEO =  4.7167    Z_GEO = 15.8166  *
*                                                                             *
*******************************************************************************

*******************************************************************************
*                                                                             *
*  BOHR DEFORMATIONS (FIRST-ORDER APPROXIMATION)                     PROTONS  *
*                                                                             *
*******************************************************************************
*                                                                             *
*  B10 =  0.0220  B11 =    ZERO  .............  .............  .............  *
*                                                                             *
*  B20 =  1.2262  B21 =    ZERO  B22 =-5.9E-09  .............  .............  *
*                                                                             *
*  B30 =  0.2601  B31 =    ZERO  B32 = 1.3E-08  B33 =    ZERO  .............  *
*                                                                             *
*  B40 =  1.1819  B41 =    ZERO  B42 =-1.8E-08  B43 =    ZERO  B44 = 2.2E-09  *
*                                                                             *
*******************************************************************************
*                                                                             *
*  BOHR DENSITY = 0.0191 FM^(-3)  BOHR RADIUS =   9.9106 FM                   *
*                                                                             *
*******************************************************************************

*******************************************************************************
*                                                                             *
*                  DENSITY INTEGRALS IN THE SKYRME FUNCTIONAL                 *
*                                                                             *
*******************************************************************************
*                                                                             *
*                   TOTAL(T)        SUM(S)      ISOSCALAR(P)  ISOVECTOR(M)    *
*                   --------        ------      ------------  ------------    *
*    DRHO_ =       19.937668     10.073367         19.937668      0.209065    *
*    DRHOD =        9.202101      4.647406          9.202101      0.092712    *
*    DLPR_ =       -4.961602     -2.499794         -4.961602     -0.037986    *
*    DTAU_ =       17.256199      8.772917         17.256199      0.289634    *
*    DSCU_ =        0.127996      0.071366          0.127996      0.014736    *
*    DDIV_ =        0.958460      0.484942          0.958460      0.011423    *
*                                                                             *
*    DSPI_ =        0.000000      0.000000          0.000000      0.000000    *
*    DSPID =        0.000000      0.000000          0.000000      0.000000    *
*    DLPS_ =        0.000000      0.000000          0.000000      0.000000    *
*    DCUR_ =        0.000000      0.000000          0.000000      0.000000    *
*    DKIS_ =        0.000000      0.000000          0.000000      0.000000    *
*    DROT_ =        0.000000      0.000000          0.000000      0.000000    *
*                                                                             *
*******************************************************************************

*******************************************************************************
*                                                                             *
*               CONTRIBUTIONS TO ENERGY IN THE SKYRME FUNCTIONAL              *
*                                                                             *
*******************************************************************************
*                                                                             *
*                 TOTAL(T)        SUM(S)        ISOSCALAR(P)  ISOVECTOR(M)    *
*                 --------        ------        ------------  ------------    *
*    ERHO_ =   -17825.473255   5422.650172     -12459.094545     56.271462    *
*    ERHOD =     9277.683476  -2357.926153       6943.276630    -23.519308    *
*    ELPR_ =     -487.900659    719.616111        226.247867      5.467585    *
*    ETAU_ =      572.147623   -423.482160        155.656003     -6.990540    *
*    ESCU_ =        0.000000      0.000000          0.000000      0.000000    *
*    EDIV_ =      -21.118555    -50.349109        -70.874659     -0.593006    *
*               ============  ============      ============  ============    *
*    SUM EVEN:  -8484.661370   3310.508861      -5204.788703     30.636194    *
*                                                                             *
*    ESPI_ =        0.000000      0.000000          0.000000      0.000000    *
*    ESPID =        0.000000      0.000000          0.000000      0.000000    *
*    ELPS_ =        0.000000      0.000000          0.000000      0.000000    *
*    ECUR_ =        0.000000      0.000000          0.000000      0.000000    *
*    EKIS_ =        0.000000      0.000000          0.000000      0.000000    *
*    EROT_ =        0.000000      0.000000          0.000000      0.000000    *
*               ============  ============      ============  ============    *
*    SUM  ODD:      0.000000      0.000000          0.000000      0.000000    *
*                                                                             *
*******************************************************************************
 
*******************************************************************************
*                                                                             *
*  CENTER-OF-MASS COORDINATES IN FERMIS                                TOTAL  *
*                                                                             *
*  R_CMS =  0.0357     X_CMS = -0.0000    Y_CMS =  0.0000    Z_CMS =  0.0357  *
*                                                                             *
*******************************************************************************

*******************************************************************************
*                                                                             *
*  MULTIPOLE MOMENTS [UNITS:  (10 FERMI)^LAMBDA] [CENT-MASS FRAME]  NEUTRONS  *
*                                                                             *
*******************************************************************************
*                                                                             *
*  Q00 = 98.0000  .............  .............  .............  .............  *
*                                                                             *
*  Q10 = -0.5515  Q11 =    ZERO  .............  .............  .............  *
*                                                                             *
*  Q20 = 86.8338  Q21 =    ZERO  Q22 =-3.1E-07  .............  .............  *
*                                                                             *
*  Q30 =  4.9637  Q31 =    ZERO  Q32 = 1.6E-07  Q33 =    ZERO  .............  *
*                                                                             *
*  Q40 = 25.2385  Q41 =    ZERO  Q42 =-2.3E-07  Q43 =    ZERO  Q44 = 4.8E-08  *
*                                                                             *
*******************************************************************************

*******************************************************************************
*                                                                             *
*  BOHR DEFORMATIONS (FIRST-ORDER APPROXIMATION) [CENT-MASS FRAME]  NEUTRONS  *
*                                                                             *
*******************************************************************************
*                                                                             *
*  B10 = -0.0116  B11 =    ZERO  .............  .............  .............  *
*                                                                             *
*  B20 =  1.1949  B21 =    ZERO  B22 =-4.3E-09  .............  .............  *
*                                                                             *
*  B30 =  0.2188  B31 =    ZERO  B32 = 1.0E-08  B33 =    ZERO  .............  *
*                                                                             *
*  B40 =  1.1241  B41 =    ZERO  B42 =-1.4E-08  B43 =    ZERO  B44 = 3.0E-09  *
*                                                                             *
*******************************************************************************
*                                                                             *
*  BOHR DENSITY = 0.0241 FM^(-3)  BOHR RADIUS =   9.8976 FM                   *
*                                                                             *
*******************************************************************************

*******************************************************************************
*                                                                             *
*  MULTIPOLE MOMENTS [UNITS:  (10 FERMI)^LAMBDA] [CENT-MASS FRAME]   PROTONS  *
*                                                                             *
*******************************************************************************
*                                                                             *
*  Q00 = 78.0000  .............  .............  .............  .............  *
*                                                                             *
*  Q10 =  0.5515  Q11 =    ZERO  .............  .............  .............  *
*                                                                             *
*  Q20 = 71.1008  Q21 =    ZERO  Q22 =-3.4E-07  .............  .............  *
*                                                                             *
*  Q30 =  4.4299  Q31 =    ZERO  Q32 = 1.7E-07  Q33 =    ZERO  .............  *
*                                                                             *
*  Q40 = 21.1573  Q41 =    ZERO  Q42 =-2.3E-07  Q43 =    ZERO  Q44 = 2.8E-08  *
*                                                                             *
*******************************************************************************

*******************************************************************************
*                                                                             *
*  BOHR DEFORMATIONS (FIRST-ORDER APPROXIMATION) [CENT-MASS FRAME]   PROTONS  *
*                                                                             *
*******************************************************************************
*                                                                             *
*  B10 =  0.0148  B11 =    ZERO  .............  .............  .............  *
*                                                                             *
*  B20 =  1.2580  B21 =    ZERO  B22 =-6.0E-09  .............  .............  *
*                                                                             *
*  B30 =  0.2540  B31 =    ZERO  B32 = 1.3E-08  B33 =    ZERO  .............  *
*                                                                             *
*  B40 =  1.2398  B41 =    ZERO  B42 =-1.9E-08  B43 =    ZERO  B44 = 2.3E-09  *
*                                                                             *
*******************************************************************************
*                                                                             *
*  BOHR DENSITY = 0.0199 FM^(-3)  BOHR RADIUS =   9.7841 FM                   *
*                                                                             *
*******************************************************************************

*******************************************************************************
*                                                                             *
*  EULER ANGLES OF THE PRINCIPAL-AXES FRAME IN DEGREES                 TOTAL  *
*                                                                             *
*  ALPHA =270.00000  BETA =  0.00000  GAMMA =  0.00000                        *
*                                                                             *
*******************************************************************************

*******************************************************************************
*                                                                             *
*  ROOT-MEAN-SQUARE AND GEOMETRIC SIZES IN FERMIS                      TOTAL  *
*                                                                             *
*  R_RMS =  7.6607     X_RMS =  2.1460    Y_RMS =  2.1460    Z_RMS =  7.0338  *
*                                                                             *
*  R_GEO =  9.8899     X_GEO =  4.7987    Y_GEO =  4.7987    Z_GEO = 15.7281  *
*                                                                             *
*******************************************************************************

*******************************************************************************
*                                                                             *
*  MULTIPOLE MOMENTS [UNITS:  (10 FERMI)^LAMBDA]                       TOTAL  *
*                                                                             *
*******************************************************************************
*                                                                             *
*  Q00 =176.0000  .............  .............  .............  .............  *
*                                                                             *
*  Q10 =  0.6290  Q11 =    ZERO  .............  .............  .............  *
*                                                                             *
*  Q20 =157.9391  Q21 =    ZERO  Q22 =-6.5E-07  .............  .............  *
*                                                                             *
*  Q30 = 10.0256  Q31 =    ZERO  Q32 = 3.2E-07  Q33 =    ZERO  .............  *
*                                                                             *
*  Q40 = 46.5532  Q41 =    ZERO  Q42 =-4.5E-07  Q43 =    ZERO  Q44 = 7.6E-08  *
*                                                                             *
*******************************************************************************

*******************************************************************************
*                                                                             *
*  BOHR DEFORMATIONS (FIRST-ORDER APPROXIMATION)                       TOTAL  *
*                                                                             *
*******************************************************************************
*                                                                             *
*  B10 =  0.0074  B11 =    ZERO  .............  .............  .............  *
*                                                                             *
*  B20 =  1.2121  B21 =    ZERO  B22 =-5.0E-09  .............  .............  *
*                                                                             *
*  B30 =  0.2467  B31 =    ZERO  B32 = 1.1E-08  B33 =    ZERO  .............  *
*                                                                             *
*  B40 =  1.1581  B41 =    ZERO  B42 =-1.6E-08  B43 =    ZERO  B44 = 2.7E-09  *
*                                                                             *
*******************************************************************************
*                                                                             *
*  BOHR DENSITY = 0.0434 FM^(-3)  BOHR RADIUS =   9.8899 FM                   *
*                                                                             *
*******************************************************************************

*******************************************************************************
*                                                                             *
*  MULTIPOLE MOMENTS [UNITS:  (10 FERMI)^LAMBDA] [CENT-MASS FRAME]     TOTAL  *
*                                                                             *
*******************************************************************************
*                                                                             *
*  Q00 =176.0000  .............  .............  .............  .............  *
*                                                                             *
*  Q10 =    ZERO  Q11 =    ZERO  .............  .............  .............  *
*                                                                             *
*  Q20 =157.9346  Q21 =    ZERO  Q22 =-6.5E-07  .............  .............  *
*                                                                             *
*  Q30 =  9.3937  Q31 =    ZERO  Q32 = 3.3E-07  Q33 =    ZERO  .............  *
*                                                                             *
*  Q40 = 46.3958  Q41 =    ZERO  Q42 =-4.5E-07  Q43 =    ZERO  Q44 = 7.6E-08  *
*                                                                             *
*******************************************************************************

*******************************************************************************
*                                                                             *
*  BOHR DEFORMATIONS (FIRST-ORDER APPROXIMATION) [CENT-MASS FRAME]     TOTAL  *
*                                                                             *
*******************************************************************************
*                                                                             *
*  B10 =    ZERO  B11 =    ZERO  .............  .............  .............  *
*                                                                             *
*  B20 =  1.2225  B21 =    ZERO  B22 =-5.1E-09  .............  .............  *
*                                                                             *
*  B30 =  0.2341  B31 =    ZERO  B32 = 1.1E-08  B33 =    ZERO  .............  *
*                                                                             *
*  B40 =  1.1742  B41 =    ZERO  B42 =-1.6E-08  B43 =    ZERO  B44 = 2.7E-09  *
*                                                                             *
*******************************************************************************
*                                                                             *
*  BOHR DENSITY = 0.0440 FM^(-3)  BOHR RADIUS =   9.8475 FM                   *
*                                                                             *
*******************************************************************************

*******************************************************************************
*                                                                             *
*  MULTIPOLE MOMENTS [UNITS:  (10 FERMI)^LAMBDA] [INTRINSIC FRAME]     TOTAL  *
*                                                                             *
*  REAL PART  FOR A NON-NEGATIVE PROJECTION                                   *
*  IMAGINARY PART FOR A NEGATIVE PROJECTION                                   *
*                                                                             *
*******************************************************************************
*                                                                             *
*  Q00 =176.0000  .............  .............  .............  .............  *
*                 .............  .............  .............  .............  *
*                                                                             *
*  Q10 =    ZERO  Q1+1=    ZERO  .............  .............  .............  *
*                 Q1-1=    ZERO  .............  .............  .............  *
*                                                                             *
*  Q20 =157.9346  Q2+1=    ZERO  Q2+2= 6.5E-07  .............  .............  *
*                 Q2-1=    ZERO  Q2-2=    ZERO  .............  .............  *
*                                                                             *
*  Q30 =  9.3937  Q3+1=    ZERO  Q3+2=-3.3E-07  Q3+3=    ZERO  .............  *
*                 Q3-1=    ZERO  Q3-2=    ZERO  Q3-3=    ZERO  .............  *
*                                                                             *
*  Q40 = 46.3958  Q4+1=    ZERO  Q4+2= 4.5E-07  Q4+3=    ZERO  Q4+4= 7.6E-08  *
*                 Q4-1=    ZERO  Q4-2=    ZERO  Q4-3=    ZERO  Q4-4=    ZERO  *
*                                                                             *
*******************************************************************************

*******************************************************************************
*                                                                             *
*  BOHR DEFORMATIONS (FIRST-ORDER APPROXIMATION) [INTRINSIC FRAME]     TOTAL  *
*                                                                             *
*  REAL PART  FOR A NON-NEGATIVE PROJECTION                                   *
*  IMAGINARY PART FOR A NEGATIVE PROJECTION                                   *
*                                                                             *
*******************************************************************************
*                                                                             *
*  B10 =    ZERO  B1+1=    ZERO  .............  .............  .............  *
*                 B1-1=    ZERO  .............  .............  .............  *
*                                                                             *
*  B20 =  1.2225  B2+1=    ZERO  B2+2= 5.1E-09  .............  .............  *
*                 B2-1=    ZERO  B2-2=    ZERO  .............  .............  *
*                                                                             *
*  B30 =  0.2341  B3+1=    ZERO  B3+2=-1.1E-08  B3+3=    ZERO  .............  *
*                 B3-1=    ZERO  B3-2=    ZERO  B3-3=    ZERO  .............  *
*                                                                             *
*  B40 =  1.1742  B4+1=    ZERO  B4+2= 1.6E-08  B4+3=    ZERO  B4+4= 2.7E-09  *
*                 B4-1=    ZERO  B4-2=    ZERO  B4-3=    ZERO  B4-4=    ZERO  *
*                                                                             *
*******************************************************************************
*                                                                             *
*  BOHR DENSITY = 0.0440 FM^(-3)  BOHR RADIUS =   9.8475 FM                   *
*                                                                             *
*******************************************************************************

*******************************************************************************
*                                                                             *
*                                ENERGIES (MEV)                               *
*                                                                             *
*******************************************************************************
*                                                                             *
*  KINETIC: (NEU)=  1839.796228    (PRO)=  1325.944881    (TOT)=  3165.741109 *
*  SUM EPS: (NEU)= -2049.002210    (PRO)= -1093.927509    (TOT)= -3142.929719 *
*  PAIRING: (NEU)=    -2.394438    (PRO)=    -4.668584    (TOT)=    -7.063023 *
*  P-REARR: (NEU)=     0.627514    (PRO)=     1.311721    (TOT)=     1.939235 *
*                                                                             *
*  PAIRGAP: (NEU)=    -0.407392    (PRO)=     0.550783    THIS SPACE IS EMPTY *
*  E-FERMI: (NEU)=    -9.313229    (PRO)=    -3.240450    AND AWAITS  YOUR AD *
*                                                                             *
*  COULOMB: (DIR)=   668.417977    (EXC)=   -29.988179    (TOT)=   638.429798 *
*                                                                             *
*  CONSTR. (MULT)=   800.483743    SLOPE=  -123.269527    CORR.=    61.634764 *
*  CONSTR. (SURF)=     0.000000    SLOPE=     0.000000    CORR.=     0.000000 *
*  CONSTR. (SPIN)=     0.000000    SLOPE=     0.000000    CORR.=     0.000000 *
*  CONSTR. (ISOS)=     0.000000    SLOPE=     0.000000    CORR.=     0.000000 *
*                                                                             *
*  REARRANGEMENT ENERGY FROM THE SKYRME DENSITY-DEPENDENT TERMS=  1302.922191 *
*  ROUTHIAN= TOTAL ENERGY + MULTIPOLE AND (ISO)SPIN CONSTRAINTS=  -576.560883 *
*                                                                             *
*  SPIN-ORB (EVE)=   -71.467664    (ODD)=     0.000000    (TOT)=   -71.467664 *
*  SKYRME:  (EVE)= -5174.152509    (ODD)=     0.000000    (TOT)= -5174.152509 *
*                                                                             *
*  TOTAL:  (STAB)=     4.895048     (SP)= -1372.149578    (FUN)= -1377.044626 *
*                                                                             *
*******************************************************************************

*******************************************************************************
*                                                                             *
*  ITERATION RESTARTED FROM THE DISC, THE FOLLOWING FILE(S) READ:             *
*  ./restart/HFODD_00000063.REC                                        VER=19 *
*                                                                             *
*******************************************************************************
*                                                                             *
* CONVERGENCE REPORT                                                          *
*                                                                             *
*******************************************************************************
*                                                                             *
* ITER     ENERGY     STABILITY    Q_2    GAMMA   SPIN  OMEGA   ANGLE   EPAIR *
*                                                                             *
* 1887 -1377.044626    4.895048 157.935    0.00   0.00  0.000   0.000   -7.06 *
* 1888 -1047.347263  699.679496 232.993    0.00   0.00  0.000   0.000   -1.32 *
* 1889 -1063.881780  523.195766 240.930    0.00   0.00  0.000   0.000   -6.26 *
* 1890 -1097.671814  616.426522 237.735    0.00   0.00  0.000   0.000   -6.05 *
* 1891 -1089.602900  520.694004 239.592    0.00   0.00  0.000   0.000   -8.65 *
* 1892 -1107.074448  604.886532 238.493    0.00   0.00  0.000   0.000   -7.48 *
* 1893 -1094.839988  324.115689 239.710    0.00   0.00  0.000   0.000   -7.41 *
* 1894 -1163.097070  421.849442 233.957    0.00   0.00  0.000   0.000  -11.19 *
* 1895 -1151.771454  399.849039 234.857    0.00   0.00  0.000   0.000   -8.50 *
* 1896 -1148.086855  384.337830 234.142    0.00   0.00  0.000   0.000   -7.00 *
* 1897 -1148.294212  371.824338 235.133    0.00   0.00  0.000   0.000   -6.81 *
* 1898 -1148.596120   -6.22E+03 234.674    0.00   0.00  0.000   0.000   -6.78 *
* 1899   138.974330   -5.20E+03  48.514    0.00   0.00  0.000   0.000   -0.15 *
* 1900   540.198804    3.05E+03  15.200    0.00   0.00  0.000   0.000   -0.06 *
* 1901   683.525010   -1.62E+03  19.445    0.00   0.00  0.000   0.000   -0.11 *
* 1902  1288.314398    5.46E+03  16.419    0.00   0.00  0.000   0.000  -16.49 *
* 1903   659.213456    1.39E+04  25.107    0.00   0.00  0.000   0.000   -0.12 *
* 1904  1165.940002  381.817564  22.633    0.00   0.00  0.000   0.000   -0.04 *
* 1905  1235.075279    5.21E+03  22.765    0.00   0.00  0.000   0.000   -4.34 *
* 1906   169.034035   -8.30E+03 875.651    0.00   0.00  0.000   0.000   -0.02 *
* 1907   783.383929   -3.79E+04 554.402    0.00   0.00  0.000   0.000  -68.70 *
* 1908  -530.096243   -1.40E+05   7.027    0.00   0.00  0.000   0.000 -369.87 *

 //////////////////// MAXIMUM NUMBER OF ITERATIONS       ////////////////////
 //////////////////// EXCEEDED IN QUABCS                 ////////////////////

*******************************************************************************
*                                                                             *
*  PROCESSOR   EXECUTION  TIMES IN SUBROUTINES                                *
*  INCLUDING THEIR COMPLETE DOWN-CALLING TREES                                *
*                                                                             *
*******************************************************************************
*                                                                             *
*     7019 => HFODD    3869 => DENSHF   1340 => DIAMAT   1222 => HFBSIM       *
*                                                                             *
*      824 => QMULCM    386 => PAIMAC    287 => CANQUA    190 => RECORD       *
*                                                                             *
*      108 => AVEQUA     42 => INTEGH     38 => INTSOR     38 => DENMAC       *
*                                                                             *
*       36 => INTEGD     20 => MOMETS     19 => INTMUL     18 => DOBROY       *
*                                                                             *
*       12 => SKFILD     12 => BEGINC      9 => INTMAS      8 => ROTAVR       *
*                                                                             *
*        8 => LINAVR      7 => SPAVER      6 => COUMAT      6 => INTCOU       *
*                                                                             *
*        5 => AVOBSE      4 => INTCEN      3 => NILASP      2 => SKPAIR       *
*                                                                             *
*        2 => POWALL      2 => AVANGY      0 => INTKIN      0 => AVPARI       *
*                                                                             *
*        0 => QUABCS      0 => AVSIMP      0 => SHICOE      0 => PAXMOM       *
*                                                                             *
*        0 => SHIMOM      0 => SHISIF      0 => MOMSIF      0 => MOMVMU       *
*                                                                             *
*        0 => MAGMOM      0 => SPIMOM      0 => SHIMAG                        *
*                                                                             *
*******************************************************************************
*                                                                             *
*  NUMBERS OF CALLS TO SUBROUTINES                                            *
*                                                                             *
*******************************************************************************
*                                                                             *
*     1013 => BEGINC    842 => INTMUL    270 => INTSOR    111 => DIAMAT       *
*                                                                             *
*       90 => INTMAS     90 => INTCEN     89 => INTKIN     88 => AVEQUA       *
*                                                                             *
*       66 => PAXMOM     45 => INTEGH     45 => INTEGD     45 => HFBSIM       *
*                                                                             *
*       45 => QUABCS     44 => CANQUA     44 => AVPARI     44 => DENSHF       *
*                                                                             *
*       44 => DENMAC     44 => PAIMAC     44 => MOMETS     44 => MOMSIF       *
*                                                                             *
*       44 => MOMVMU     44 => MAGMOM     44 => SPIMOM     44 => LINAVR       *
*                                                                             *
*       44 => ROTAVR     44 => SHICOE     23 => RECORD     23 => COUMAT       *
*                                                                             *
*       23 => INTCOU     22 => QMULCM     22 => SKFILD     22 => SKPAIR       *
*                                                                             *
*       22 => DOBROY     22 => SHIMOM     22 => SHISIF     22 => SHIMAG       *
*                                                                             *
*       14 => SPAVER      2 => AVANGY      2 => AVOBSE      2 => AVSIMP       *
*                                                                             *
*        2 => NILASP      1 => HFODD       1 => POWALL                        *
*                                                                             *
*******************************************************************************
*                                                                             *
*  EXECUTION ENDS ON 2016.09.06 AT 13:37:09.046                               *
*                                                                             *
*******************************************************************************
