*******************************************************************************
*                                                                             *
*                     P A R A L L E L    M O D E L                            *
*                                                                             *
*  SIMPLE MPI FRAMEWORK (1 COMMUNICATOR)    :  1 MPI PROCESS per HFODD TASK   *
*  MULTI-THREADING FRAMEWORK WITH OPENMP   :  4 THREADS per HFODD MPI PROCESS *
*                                                                             *
*******************************************************************************
*                                                                             *
*                        __  __ _____  ___   ____   ____                      *
*                       / / / // ___/.' _ \ / __ \ / __ \                     *
*                      / /_/ // /_  / / / // / / // / / /                     *
*                     / __  // __/ / / / // / / // / / /                      *
*                    / / / // /   / /_/ // /_/ // /_/ /                       *
*                   /_/ /_//_/    \___.'/____.'/____.'                        *
*                                                                             *
*                                                                             *
*******************************************************************************
*                                                                             *
*             SKYRME-HARTREE-FOCK-BOGOLYUBOV CODE VERSION: 2.77B              *
*                                                                             *
*              NO SYMMETRY-PLANES AND NO TIME-REVERSAL SYMMETRY               *
*                                                                             *
*                DEFORMED CARTESIAN HARMONIC-OSCILLATOR BASIS                 *
*                                                                             *
*******************************************************************************
*                                                                             *
*             J. DOBACZEWSKI, P. BACZYK, B.G. CARLSSON, J. DUDEK              *
*                 J. ENGEL, Y. GAO, M. KONIECZKA, T. LESINSKI                 *
*                 J. MCDONNELL, P. OLBRATOWSKI, P. POWALOWSKI                 *
*                  M. SADZIAK, J. SARICH, K. SATO, W. SATULA                  *
*             N. SCHUNCK,  J.A. SHEIKH, A. STASZCZAK, M. STOITSOV             *
*             P. TOIVANEN, X.B. WANG, M. ZALEWSKI AND H. ZDUNCZUK             *
*                                                                             *
*                   INSTYTUT FIZYKI TEORETYCZNEJ, WARSZAWA                    *
*                 LAWRENCE LIVERMORE NATIONAL LABORATORY, USA                 *
*                                                                             *
*                                  1993-2016                                  *
*                                                                             *
*******************************************************************************

*******************************************************************************
*                                                                             *
*  CODE COMPILED WITH THE FOLLOWING ARRAY DIMENSIONS AND SWITCHES:            *
*                                                                             *
*******************************************************************************
*                                                                             *
*  NDBASE = 1200  NDSTAT = 1200  NDXHRM =   40  NDYHRM =   40  NDZHRM =   64  *
*                                                                             *
*  NDMAIN =   30  NDMULT =    9  NDMULR =    4  NDLAMB =    9  NDITER = 5000  *
*                                                                             *
*  NDAKNO =    1  NDBKNO =    1  NDPROI =    2  NDCOUL =   80  NDPOLS =   25  *
*                                                                             *
*  NDATKN =   20  NDBTKN =   10  NDPROT =    1  NDPROD =    3                 *
*                                                                             *
*  IPARAL =    0  IPARAT =    0  I_CRAY =    0                                *
*                                                                             *
*                                                                             *
*  PRE-PROCESSOR OPTIONS:                                                     *
*                                                                             *
*       switch_port = 1     switch_diag = 3     switch_essl = 0               *
*                                                                             *
*                           switch_quad = 0     switch_vect = 1               *
*                                                                             *
*******************************************************************************
*                                                                             *
*  EXECUTION BEGINS ON 2016.09.06 AT 12:59:14.320                             *
*                                                                             *
*******************************************************************************
 
*******************************************************************************
*                                                                             *
*  CLASSICAL NUCLEAR SURFACE DEFINED FOR:                    N = 98   Z = 78  *
*                                                                             *
*******************************************************************************
*                                                                             *
*  AL10 =   ZERO  AL11 =   ZERO  .............  .............  .............  *
*                                                                             *
*  AL20 =  0.642  AL21 =   ZERO  AL22 =   ZERO  .............  .............  *
*                                                                             *
*******************************************************************************
*                                                                             *
*                                           HOMEGA=  7.1086  FCHOM0=  0.9716  *
*                                                                             *
*  OSCILLATOR FREQUENCIES: HBAROX=  8.5719  HBAROY=  8.5719  HBAROZ=  4.8887  *
*                                                                             *
*  MOMENTS OF INERTIA:     XMOMFC=113.8030  YMOMFC=113.8030  ZMOMFC= 55.8614  *
*                                                                             *
*  CENTERS OF MASS:        CMSXFC= -0.0000  CMSYFC= -0.0000  CMSZFC= -0.0000  *
*                                                                             *
*******************************************************************************

*******************************************************************************
*                                                                             *
*                           SKYRME FORCE DEFINITION                           *
*                                                                             *
*******************************************************************************
*                                                                             *
* PARAMETER SET HFB1:  T0= -1666.41  T1=   255.23  T2=  1521.28  T3= 12072.51 *
*                                                                             *
* POWER=0.37658031358  X0=  0.14608  X1= -4.82248  X2= -1.35211  X3=  0.00432 *
*                                                                             *
* IETA: J=0  W=1 CM=3  M=1  P=1  T=0 HBM= 20.73553 W0=  44.0677 W0P= 207.6502 *
*                                                                             *
*******************************************************************************

*******************************************************************************
*                                                                             *
*              COUPLING CONSTANTS DEFINING THE SKYRME FUNCTIONAL              *
*                                                                             *
*******************************************************************************
*                                                                             *
*                   TOTAL(T)        SUM(S)      ISOSCALAR(P)  ISOVECTOR(M)    *
*                   --------        ------      ------------  ------------    *
*    CRHO_ =     -894.060074    538.315575       -624.902286    269.157788    *
*    CRHOD =     1008.213640   -507.363897        754.531691   -253.681949    *
*    CLPR_ =       98.335311   -287.870148        -45.599763   -143.935074    *
*    CTAU_ =       33.156062    -48.271535          9.020295    -24.135768    *
*    CSCU_ =        0.000000      0.000000          0.000000      0.000000    *
*    CDIV_ =      -22.033840   -103.825096        -73.946388    -51.912548    *
*                                                                             *
*    CSPI_ =      -60.857026    416.601524        147.443736    208.300762    *
*    CSPID =        2.171385   -503.021127       -249.339179   -251.510564    *
*    CLPS_ =       51.110395     71.467295         86.844042     35.733647    *
*    CCUR_ =      -33.156062     48.271535         -9.020295     24.135768    *
*    CKIS_ =        0.000000      0.000000          0.000000      0.000000    *
*    CROT_ =      -22.033840   -103.825096        -73.946388    -51.912548    *
*                                                                             *
*******************************************************************************

*******************************************************************************
*                                                                             *
*                          NUCLEAR MATTER PROPERTIES                          *
*                                                                             *
*******************************************************************************
*                                                                             *
*     E = -15.8000  rho0 =   0.15625   K =  244.6682   Ms =    0.9364         *
*                   asym =  28.66820   L =   40.1091   Mv =    1.2498         *
*                                                                             *
*******************************************************************************

*******************************************************************************
*                                                                             *
*  PHYSICAL CONSTANTS:     H_BARC=197.32891000           HBCOE2=137.03602000  *
*                                                                             *
*                          XMASSN=938.90590000           XMASSP=938.27231000  *
*                                                                             *
*                          HBMASS= 20.73553000           HBMRPA= 20.73553000  *
*                                                                             *
*                          ECHAR2=  1.43997841           COULEX= -1.06350868  *
*                                                                             *
*******************************************************************************
*                                                                             *
*  OSCILLATOR LENGTHS:     X= 2.1995856      Y= 2.1995856       Z= 2.9126195  *
*                                                                             *
*  OSCILLATOR CONSTANTS:   X= 0.4546311      Y= 0.4546311       Z= 0.3433336  *
*                                                                             *
*  OSCILLATOR FREQUENCIES: X= 8.5719108      Y= 8.5719108       Z= 4.8886828  *
*                                                                             *
*******************************************************************************
*                                                                             *
*  BASIS CUT-OFF CONTROL PARAMETERS:  NXMAXX = 14  NYMAXX = 14  NZMAXX =  25  *
*                                                                             *
*                                     NXHERM = 36  NYHERM = 36  NZHERM =  60  *
*                                                                             *
*                                     NLIMIT=1140  LDBASE=1140  MCOUNT=29791  *
*                                                                             *
*                                     ENECUT= 800.0000      ELIMIT= 134.6394  *
*                                                                             *
*******************************************************************************

*******************************************************************************
*                                                                             *
*   SHAPE OF THE OSCILLATOR-BASIS DIAMOND    (THREE CONSECUTIVE PROJECTIONS)  *
*                                                                             *
*******************************************************************************
*                                                                             *
*        NX ===>>>  0  1  2  3  4  5  6  7  8  9 10 11 12 13 14               *
*        MAX.NY => 14 13 12 11 10  9  8  7  6  5  4  3  2  1  0               *
*                 ---------------------------------------------               *
*   NY= 0  (14)  | 25 23 21 20 18 16 14 13 11  9  7  6  4  2  0               *
*   NY= 1  (13)  | 23 21 20 18 16 14 13 11  9  7  6  4  2  0                  *
*   NY= 2  (12)  | 21 20 18 16 14 13 11  9  7  6  4  2  0                     *
*   NY= 3  (11)  | 20 18 16 14 13 11  9  7  6  4  2  0                        *
*   NY= 4  (10)  | 18 16 14 13 11  9  7  6  4  2  0                           *
*   NY= 5  ( 9)  | 16 14 13 11  9  7  6  4  2  0                              *
*   NY= 6  ( 8)  | 14 13 11  9  7  6  4  2  0                                 *
*   NY= 7  ( 7)  | 13 11  9  7  6  4  2  0                                    *
*   NY= 8  ( 6)  | 11  9  7  6  4  2  0                                       *
*   NY= 9  ( 5)  |  9  7  6  4  2  0                                          *
*   NY=10  ( 4)  |  7  6  4  2  0                                             *
*   NY=11  ( 3)  |  6  4  2  0                                                *
*   NY=12  ( 2)  |  4  2  0                                                   *
*   NY=13  ( 1)  |  2  0                                                      *
*   NY=14  ( 0)  |  0                                                         *
*                                                                             *
*                                                                             *
*        NZ ===>>>  0  1  2  3  4  5  6  7  8  9 10 11 12 13 14 15 16 17 18   *
*        MAX.NY => 14 13 13 12 12 11 11 10  9  9  8  8  7  7  6  5  5  4  4   *
*                 ---------------------------------------------------------   *
*   NY= 0  (25)  | 14 13 13 12 12 11 11 10  9  9  8  8  7  7  6  5  5  4  4   *
*   NY= 1  (23)  | 13 12 12 11 11 10 10  9  8  8  7  7  6  6  5  4  4  3  3   *
*   NY= 2  (21)  | 12 11 11 10 10  9  9  8  7  7  6  6  5  5  4  3  3  2  2   *
*   NY= 3  (20)  | 11 10 10  9  9  8  8  7  6  6  5  5  4  4  3  2  2  1  1   *
*   NY= 4  (18)  | 10  9  9  8  8  7  7  6  5  5  4  4  3  3  2  1  1  0  0   *
*   NY= 5  (16)  |  9  8  8  7  7  6  6  5  4  4  3  3  2  2  1  0  0         *
*   NY= 6  (14)  |  8  7  7  6  6  5  5  4  3  3  2  2  1  1  0               *
*   NY= 7  (13)  |  7  6  6  5  5  4  4  3  2  2  1  1  0  0                  *
*   NY= 8  (11)  |  6  5  5  4  4  3  3  2  1  1  0  0                        *
*   NY= 9  ( 9)  |  5  4  4  3  3  2  2  1  0  0                              *
*   NY=10  ( 7)  |  4  3  3  2  2  1  1  0                                    *
*   NY=11  ( 6)  |  3  2  2  1  1  0  0                                       *
*   NY=12  ( 4)  |  2  1  1  0  0                                             *
*   NY=13  ( 2)  |  1  0  0                                                   *
*   NY=14  ( 0)  |  0                                                         *
*                                                                             *
*                                                                             *
*        NZ ===>>>  0  1  2  3  4  5  6  7  8  9 10 11 12 13 14 15 16 17 18   *
*        MAX.NX => 14 13 13 12 12 11 11 10  9  9  8  8  7  7  6  5  5  4  4   *
*                 ---------------------------------------------------------   *
*   NX= 0  (25)  | 14 13 13 12 12 11 11 10  9  9  8  8  7  7  6  5  5  4  4   *
*   NX= 1  (23)  | 13 12 12 11 11 10 10  9  8  8  7  7  6  6  5  4  4  3  3   *
*   NX= 2  (21)  | 12 11 11 10 10  9  9  8  7  7  6  6  5  5  4  3  3  2  2   *
*   NX= 3  (20)  | 11 10 10  9  9  8  8  7  6  6  5  5  4  4  3  2  2  1  1   *
*   NX= 4  (18)  | 10  9  9  8  8  7  7  6  5  5  4  4  3  3  2  1  1  0  0   *
*   NX= 5  (16)  |  9  8  8  7  7  6  6  5  4  4  3  3  2  2  1  0  0         *
*   NX= 6  (14)  |  8  7  7  6  6  5  5  4  3  3  2  2  1  1  0               *
*   NX= 7  (13)  |  7  6  6  5  5  4  4  3  2  2  1  1  0  0                  *
*   NX= 8  (11)  |  6  5  5  4  4  3  3  2  1  1  0  0                        *
*   NX= 9  ( 9)  |  5  4  4  3  3  2  2  1  0  0                              *
*   NX=10  ( 7)  |  4  3  3  2  2  1  1  0                                    *
*   NX=11  ( 6)  |  3  2  2  1  1  0  0                                       *
*   NX=12  ( 4)  |  2  1  1  0  0                                             *
*   NX=13  ( 2)  |  1  0  0                                                   *
*   NX=14  ( 0)  |  0                                                         *
*                                                                             *
*******************************************************************************

*******************************************************************************
*                                                                             *
* NUCLIDE: N =  98  Z =  78  NUMBER OF ITERATIONS = 1000   CONTINUATION? = 1  *
*                                                                             *
*******************************************************************************
*                                                                             *
* ITERATIONS WILL STOP WHEN THE STABILITY BECOMES LOWER THAN EPSITE=0.300000  *
*                                            FOR    5 CONSECUTIVE ITERATIONS  *
*                                                                             *
*******************************************************************************
*                                                                             *
* ITERATIONS WILL STOP WHEN THE PING-PONG DIVERGENCE OCCURS FOR EPSPNG=0.010  *
*                                DURING    5 PAIRS OF CONSECUTIVE ITERATIONS  *
*                                                                             *
*******************************************************************************
*                                                                             *
* ITERATIONS WILL STOP FOR CHAOTIC-DIVERGENCE CONDITION OCCURING   20  TIMES  *
*                                                                             *
*******************************************************************************
*                                                                             *
* SLOW-DOWN PARAMETERS:                                                       *
* TIME-EVEN = 0.85   TIME-ODD = 0.85   PAIRING = 0.85   LIPKIN-NOGAMI = 0.85  *
*                    LIP-MASS = 0.50   LIP-MOI = 0.50   LIPKIN-METHOD = 0.50  *
*                                                                             *
*******************************************************************************
*                                                                             *
* BROYDEN METHOD IS:  ON                                                      *
*                                                                             *
*    TRIGGERED ONLY WHEN STABILITY IS LOWER THAN :  1000.000 MEV              *
*    INITIAL SLOWING FACTOR (BEFORE TRIGGER)     :     0.85 (=SLOWEV)         *
*    BROYDEN SLOWING FACTOR (AFTER  TRIGGER)     :     0.40 (=1-ALPHAM)       *
*    NUMBER OF ITERATIONS RETAINED IN MEMORY     :    10                      *
*                                                                             *
*******************************************************************************
*                                                                             *
* DIRECT COULOMB TERMS SOLVED BY GREEN FUNCTION AND FOURIER TRANSFORM METHOD  *
* COULOMB PARAMETERS:  NUMCOU = 80  NUMETA = 79  BOUCOU = 20.0  FURMAX =0.25  *
*                                                                             *
*******************************************************************************
*                                                                             *
* EXCHANGE COULOMB TERMS TREATED BY THE SLATER APPROXIMATION                  *
*                                                                             *
*******************************************************************************
*                                                                             *
* MAXIMUM NUMBERS OF MULTIPOLE MOMENTS USED FOR THE CONSTRAINTS,    NMUCON=4  *
*                                           FOR THE COULOMB FIELD,  NMUCOU=4  *
*                                           FOR THE OUTPUT INFO,    NMUPRI=4  *
*                                                                             *
*******************************************************************************
*                                                                             *
* MULTIPOLE CONSTRAINTS: LAMBDA= 2  MIU= 0  MOMENT=165.000  STIFFNESS= 0.500  *
*                        LAMBDA= 3  MIU= 0  MOMENT= 30.000  STIFFNESS= 0.500  *
*                                                                             *
*******************************************************************************
*                                                                             *
* LINEAR MULTIPOLE CONSTRAINTS: LAMBDA= 2  MIU= 0  LAGRANGE PAR. USED= 0.000  *
*                               LAMBDA= 3  MIU= 0  LAGRANGE PAR. USED= 0.000  *
*                                                                             *
*******************************************************************************
*                                                                             *
* THE LAGRANGE PARAMETERS OF THE LINEAR CONSTRAINTS ARE RE-ADJUSTED AT EACH   *
* ITERATION BY USING THE CRANKING APPROXIMATION OF THE RPA MATRIX             *
*                                                                             *
*******************************************************************************
*                                                                             *
* PRINTING THE RESULTS FOR THE FOLLOWING ITERATIONS:         THE  FIRST: YES  *
*                                                            THE MIDDLE:  NO  *
*                                                     AND/OR THE   LAST: YES  *
*                                                                             *
*******************************************************************************
*                                                                             *
* PRINTING THE MOMENTS, RADII, AND DEFORMATIONS FOR:           NEUTRONS: YES  *
*                                                              PROTONS : YES  *
*                                                              MASS    : YES  *
*                                                                             *
*******************************************************************************
*                                                                             *
* PRINTING THE MOMENTS, MOMENTA AND DEFORMATIONS IN THE INTRINSIC FRAME: YES  *
*                                                                             *
*******************************************************************************
*                                                                             *
* NILSSON LABELS OF SINGLE-PARTICLE STATES SHOWN WITH RESPECT TO THE: Z-AXIS  *
*                                                                             *
*******************************************************************************
*                                                                             *
* CALCULATIONS WITH THE HFB PAIRING CORRELATIONS                              *
*                                                                             *
*******************************************************************************
*                                                                             *
* CONTACT PAIRING INTERACTION:     V0        V1       RHO-SAT      POWER      *
*                    NEUTRONS:  -234.380   732.438     0.320     1.0000000    *
*                     PROTONS:  -260.437   813.866     0.320     1.0000000    *
*                                                                             *
*******************************************************************************
*                                                                             *
* CUTOFF ENERGY DEFINING THE ACTIVE HFB PAIRING SPACE=      60.000            *
*                                                                             *
*******************************************************************************
*                                                                             *
* CALCULATIONS WITH SIMPLEX SYMMETRY                                          *
*                                                                             *
*******************************************************************************
*                                                                             *
* CALCULATIONS WITH TIME-ODD SYMMETRIES:        T*SIMPLEX_X =>     CONSERVED  *
*                                               T*SIMPLEX_Y =>     CONSERVED  *
*                                               T*SIMPLEX_Z => NON CONSERVED  *
*                                                                             *
*******************************************************************************
*                                                                             *
* CALCULATIONS WITHOUT ROTATION                                               *
*                                                                             *
*******************************************************************************

*******************************************************************************
*                                                                             *
*  CALLING SUBROUTINE "RECORD" TO READ THE REPLAY FILE OBTAINED PREVIOUSLY    *
*  ./restart/HFODD_00000078.REC                                               *
*                                                                             *
*******************************************************************************

*******************************************************************************
*                                                                             *
*  SINGLE-QUASIPARTICLE PROPERTIES:                                NEUTRONS   *
*                                                                             *
*******************************************************************************
*                                                                             *
*  NO)   ENERGY   (S=+,S=-)       PARITY   V2QUAP   EEQUIV   DEQUIV   V_CORR  *
*                                                                             *
*  61)    9.978   ( 31,  0)        0.725  0.99551  -19.555    1.333  0.99781  *
*  62)    9.978   (  0, 31)        0.725  0.99551  -19.555    1.333  0.99781  *
*  63)    8.435   (  0, 32)       -0.652  0.99118  -17.953    1.578  0.99430  *
*  64)    8.435   ( 32,  0)       -0.652  0.99118  -17.953    1.578  0.99430  *
*  65)    8.302   (  0, 33)       -0.084  0.99802  -17.936    0.738  0.99867  *
*  66)    8.302   ( 33,  0)       -0.084  0.99802  -17.936    0.738  0.99867  *
*  67)    8.206   (  0, 34)       -0.411  0.99801  -17.840    0.732  0.99863  *
*  68)    8.206   ( 34,  0)       -0.411  0.99801  -17.840    0.732  0.99863  *
*  69)    7.901   (  0, 35)        0.453  0.99882  -17.549    0.542  0.99913  *
*  70)    7.901   ( 35,  0)        0.453  0.99882  -17.549    0.542  0.99913  *
*  71)    7.893   ( 36,  0)       -0.795  0.99831  -17.533    0.649  0.99875  *
*  72)    7.893   (  0, 36)       -0.795  0.99831  -17.533    0.649  0.99875  *
*  73)    7.738   (  0, 37)        0.088  0.99750  -17.365    0.773  0.99807  *
*  74)    7.738   ( 37,  0)        0.088  0.99750  -17.365    0.773  0.99807  *
*  75)    7.183   ( 38,  0)       -0.744  0.99802  -16.821    0.638  0.99823  *
*  76)    7.183   (  0, 38)       -0.744  0.99802  -16.821    0.638  0.99823  *
*  77)    7.121   (  0, 39)       -0.394  0.99864  -16.768    0.526  0.99876  *
*  78)    7.121   ( 39,  0)       -0.394  0.99864  -16.768    0.526  0.99876  *
*  79)    6.350   ( 40,  0)        0.213  0.99825  -15.995    0.531  0.99794  *
*  80)    6.350   (  0, 40)        0.213  0.99825  -15.995    0.531  0.99794  *
*  81)    5.775   ( 41,  0)       -0.581  0.99535  -15.388    0.786  0.99317  *
*  82)    5.775   (  0, 41)       -0.581  0.99535  -15.388    0.786  0.99317  *
*  83)    5.558   (  0, 42)       -0.333  0.99744  -15.196    0.562  0.99579  *
*  84)    5.558   ( 42,  0)       -0.333  0.99744  -15.196    0.562  0.99579  *
*  85)    4.335   (  0, 43)        0.777  0.99468  -13.956    0.631  0.98032  *
*  86)    4.335   ( 43,  0)        0.777  0.99468  -13.956    0.631  0.98032  *
*  87)    4.604   (  0, 44)        0.607  0.95718  -13.877    1.864  0.90795  *
*  88)    4.604   ( 44,  0)        0.607  0.95718  -13.877    1.864  0.90795  *
*  89)    4.194   (  0, 45)        0.333  0.99671  -13.833    0.481  0.98547  *
*  90)    4.194   ( 45,  0)        0.333  0.99671  -13.833    0.481  0.98547  *
*  91)    4.162   ( 46,  0)        0.074  0.99542  -13.790    0.562  0.97950  *
*  92)    4.162   (  0, 46)        0.074  0.99542  -13.790    0.562  0.97950  *
*  93)    4.123   (  0, 47)       -0.839  0.99430  -13.743    0.621  0.97391  *
*  94)    4.123   ( 47,  0)       -0.839  0.99430  -13.743    0.621  0.97391  *
*  95)    3.316   (  0, 48)       -0.177  0.98625  -12.891    0.772  0.84205  *
*  96)    3.316   ( 48,  0)       -0.177  0.98625  -12.891    0.772  0.84205  *
*  97)    3.146   ( 49,  0)        0.648  0.99367  -12.773    0.499  0.83918  *
*  98)    3.146   (  0, 49)        0.648  0.99367  -12.773    0.499  0.83918  *
*  99)    3.018   (  0, 50)       -0.037  0.99414  -12.649    0.461  0.77631  *
* 100)    3.018   ( 50,  0)       -0.037  0.99414  -12.649    0.461  0.77631  *
* 101)    2.839   (  0, 51)        0.725  0.99141  -12.457    0.524  0.64108  *
* 102)    2.839   ( 51,  0)        0.725  0.99141  -12.457    0.524  0.64108  *
* 103)    1.770   ( 52,  0)       -0.419  0.97980  -11.365    0.498  0.19885  *
* 104)    1.770   (  0, 52)       -0.419  0.97980  -11.365    0.498  0.19885  *
* 105)    1.692   (  0, 53)       -0.089  0.98047  -11.292    0.468  0.17824  *
* 106)    1.692   ( 53,  0)       -0.089  0.98047  -11.292    0.468  0.17824  *
* 107)    1.292   (  0, 54)        0.333  0.96474  -10.868    0.477  0.13966  *
* 108)    1.292   ( 54,  0)        0.333  0.96474  -10.868    0.477  0.13966  *
* 109)    0.907   (  0, 55)       -0.474  0.93040  -10.448    0.462  0.11160  *
* 110)    0.907   ( 55,  0)       -0.474  0.93040  -10.448    0.462  0.11160  *
* 111)    0.514   (  0, 56)       -0.735  0.65849   -9.830    0.488  0.10899  *
* 112)    0.514   ( 56,  0)       -0.735  0.65849   -9.830    0.488  0.10899  *
* 113)    0.394   (  0, 57)        0.314  0.62075   -9.762    0.383  0.08628  *
* 114)    0.394   ( 57,  0)        0.314  0.62075   -9.762    0.383  0.08628  *
* 115)    0.466   ( 58,  0)       -0.523  0.57294   -9.734    0.461  0.10679  *
* 116)    0.466   (  0, 58)       -0.523  0.57294   -9.734    0.461  0.10679  *
* 117)    0.495   ( 59,  0)        0.747  0.52397   -9.690    0.494  0.11787  *
* 118)    0.495   (  0, 59)        0.747  0.52397   -9.690    0.494  0.11787  *
* 119)    0.489   ( 60,  0)        0.234  0.35646   -9.526    0.469  0.12837  *
* 120)    0.489   (  0, 60)        0.234  0.35646   -9.526    0.469  0.12837  *
* 121)    0.541   ( 61,  0)       -0.216  0.36328   -9.519    0.521  0.14070  *
* 122)    0.541   (  0, 61)       -0.216  0.36328   -9.519    0.521  0.14070  *
* 123)    0.849   ( 62,  0)       -0.880  0.09605   -8.981    0.500  0.22410  *
* 124)    0.849   (  0, 62)       -0.880  0.09605   -8.981    0.500  0.22410  *
* 125)    1.124   (  0, 63)        0.825  0.04358   -8.640    0.459  0.27939  *
* 126)    1.124   ( 63,  0)        0.825  0.04358   -8.640    0.459  0.27939  *
* 127)    1.367   ( 64,  0)        0.267  0.01624   -8.344    0.346  0.32119  *
* 128)    1.367   (  0, 64)        0.267  0.01624   -8.344    0.346  0.32119  *
* 129)    1.537   (  0, 65)       -0.422  0.02596   -8.209    0.489  0.34740  *
* 130)    1.537   ( 65,  0)       -0.422  0.02596   -8.209    0.489  0.34740  *
* 131)    1.920   ( 66,  0)        0.348  0.00922   -7.782    0.367  0.39944  *
* 132)    1.920   (  0, 66)        0.348  0.00922   -7.782    0.367  0.39944  *
* 133)    2.124   (  0, 67)        0.347  0.00925   -7.582    0.407  0.42403  *
* 134)    2.124   ( 67,  0)        0.347  0.00925   -7.582    0.407  0.42403  *
* 135)    2.310   (  0, 68)        0.737  0.00982   -7.402    0.455  0.44467  *
* 136)    2.310   ( 68,  0)        0.737  0.00982   -7.402    0.455  0.44467  *
* 137)    3.212   ( 69,  0)        0.555  0.01426   -6.547    0.762  0.52748  *
* 138)    3.212   (  0, 69)        0.555  0.01426   -6.547    0.762  0.52748  *
* 139)    3.307   ( 70,  0)       -0.114  0.00503   -6.393    0.468  0.53412  *
* 140)    3.307   (  0, 70)       -0.114  0.00503   -6.393    0.468  0.53412  *
* 141)    3.496   ( 71,  0)       -0.424  0.00569   -6.211    0.526  0.54797  *
* 142)    3.496   (  0, 71)       -0.424  0.00569   -6.211    0.526  0.54797  *
* 143)    3.687   (  0, 72)        0.210  0.00422   -6.010    0.478  0.56106  *
* 144)    3.687   ( 72,  0)        0.210  0.00422   -6.010    0.478  0.56106  *
* 145)    3.939   ( 73,  0)        0.312  0.00489   -5.766    0.549  0.57732  *
* 146)    3.939   (  0, 73)        0.312  0.00489   -5.766    0.549  0.57732  *
* 147)    4.252   ( 74,  0)        0.540  0.00419   -5.450    0.549  0.59585  *
* 148)    4.252   (  0, 74)        0.540  0.00419   -5.450    0.549  0.59585  *
* 149)    4.261   ( 75,  0)       -0.595  0.00432   -5.442    0.559  0.59637  *
* 150)    4.261   (  0, 75)       -0.595  0.00432   -5.442    0.559  0.59637  *
* 151)    4.642   ( 76,  0)        0.461  0.04255   -5.419    1.874  0.62078  *
* 152)    4.642   (  0, 76)        0.461  0.04255   -5.419    1.874  0.62078  *
* 153)    4.310   ( 77,  0)       -0.321  0.00209   -5.374    0.394  0.59892  *
* 154)    4.310   (  0, 77)       -0.321  0.00209   -5.374    0.394  0.59892  *
* 155)    4.458   ( 78,  0)       -0.320  0.00286   -5.234    0.476  0.60705  *
* 156)    4.458   (  0, 78)       -0.320  0.00286   -5.234    0.476  0.60705  *
* 157)    4.620   (  0, 79)        0.828  0.00333   -5.077    0.532  0.61561  *
* 158)    4.620   ( 79,  0)        0.828  0.00333   -5.077    0.532  0.61561  *
* 159)    5.576   ( 80,  0)       -0.131  0.00137   -4.106    0.413  0.65887  *
* 160)    5.576   (  0, 80)       -0.131  0.00137   -4.106    0.413  0.65887  *
* 161)    6.021   ( 81,  0)       -0.504  0.00390   -3.693    0.750  0.67618  *
* 162)    6.021   (  0, 81)       -0.504  0.00390   -3.693    0.750  0.67618  *
* 163)    6.294   ( 82,  0)        0.207  0.00097   -3.385    0.392  0.68550  *
* 164)    6.294   (  0, 82)        0.207  0.00097   -3.385    0.392  0.68550  *
* 165)    6.317   ( 83,  0)        0.039  0.00204   -3.375    0.570  0.68642  *
* 166)    6.317   (  0, 83)        0.039  0.00204   -3.375    0.570  0.68642  *
* 167)    6.322   ( 84,  0)       -0.458  0.00165   -3.365    0.513  0.68654  *
* 168)    6.322   (  0, 84)       -0.458  0.00165   -3.365    0.513  0.68654  *
* 169)    6.940   ( 85,  0)        0.296  0.00104   -2.741    0.447  0.70620  *
* 170)    6.940   (  0, 85)        0.296  0.00104   -2.741    0.447  0.70620  *
* 171)    6.945   ( 86,  0)       -0.765  0.00129   -2.740    0.499  0.70637  *
* 172)    6.945   (  0, 86)       -0.765  0.00129   -2.740    0.499  0.70637  *
* 173)    7.520   (  0, 87)        0.152  0.00209   -2.178    0.687  0.72269  *
* 174)    7.520   ( 87,  0)        0.152  0.00209   -2.178    0.687  0.72269  *
* 175)    8.203   ( 88,  0)       -0.396  0.00120   -1.483    0.569  0.73968  *
* 176)    8.203   (  0, 88)       -0.396  0.00120   -1.483    0.569  0.73968  *
* 177)    8.488   ( 89,  0)       -0.557  0.00804   -1.315    1.516  0.74701  *
* 178)    8.488   (  0, 89)       -0.557  0.00804   -1.315    1.516  0.74701  *
* 179)    8.378   (  0, 90)        0.006  0.00086   -1.303    0.490  0.74369  *
* 180)    8.378   ( 90,  0)        0.006  0.00086   -1.303    0.490  0.74369  *
* 181)    8.425   ( 91,  0)        0.080  0.00120   -1.262    0.584  0.74479  *
* 182)    8.425   (  0, 91)        0.080  0.00120   -1.262    0.584  0.74479  *
* 183)    8.739   (  0, 92)        0.168  0.00073   -0.940    0.474  0.75164  *
* 184)    8.739   ( 92,  0)        0.168  0.00073   -0.940    0.474  0.75164  *
* 185)    8.835   ( 93,  0)       -0.543  0.00086   -0.847    0.519  0.75368  *
* 186)    8.835   (  0, 93)       -0.543  0.00086   -0.847    0.519  0.75368  *
* 187)    8.864   ( 94,  0)       -0.460  0.00086   -0.818    0.518  0.75428  *
* 188)    8.864   (  0, 94)       -0.460  0.00086   -0.818    0.518  0.75428  *
* 189)    8.919   (  0, 95)        0.151  0.00080   -0.762    0.506  0.75543  *
* 190)    8.919   ( 95,  0)        0.151  0.00080   -0.762    0.506  0.75543  *
* 191)    9.014   ( 96,  0)        0.398  0.00075   -0.666    0.494  0.75737  *
* 192)    9.014   (  0, 96)        0.398  0.00075   -0.666    0.494  0.75737  *
* 193)    9.093   ( 97,  0)       -0.384  0.00058   -0.584    0.437  0.75895  *
* 194)    9.093   (  0, 97)       -0.384  0.00058   -0.584    0.437  0.75895  *
* 195)    9.425   (  0, 98)        0.329  0.00087   -0.258    0.555  0.76549  *
* 196)    9.425   ( 98,  0)        0.329  0.00087   -0.258    0.555  0.76549  *
* 197)    9.877   (  0, 99)        0.718  0.00415    0.128    1.270  0.77417  *
* 198)    9.877   ( 99,  0)        0.718  0.00415    0.128    1.270  0.77417  *
* 199)    9.837   (100,  0)        0.696  0.00060    0.159    0.483  0.77305  *
* 200)    9.837   (  0,100)        0.696  0.00060    0.159    0.483  0.77305  *
* 201)    9.970   (  0,101)       -0.444  0.00168    0.270    0.816  0.77553  *
* 202)    9.970   (101,  0)       -0.444  0.00168    0.270    0.816  0.77553  *
*                                                                             *
*1934)   TOTAL=  ( 967, 967)                                                  *
*                                                                             *
*******************************************************************************

*******************************************************************************
*                                                                             *
*  SINGLE-PARTICLE PROPERTIES: CANONICAL                           NEUTRONS   *
*                                                                             *
*******************************************************************************
*                                                                             *
*  NO)   ENERGY   (S=+,S=-)   | N,nz,lz,OMEz>   <P>    <JY>    <SY>   GFACT   *
*                                                                             *
*  52)  -11.373   ( 52,---)   | 5, 2, 1, 3/2>   -40   0.000   0.000   0.022   *
*  53)  -11.293   ( 53,---)   | 9, 9, 0, 1/2>    -8  -2.044  -0.353   0.173   *
*  54)  -10.868   ( 54,---)   | 8, 7, 1, 1/2>    32   0.206  -0.162  -0.785   *
*  55)  -10.447   ( 55,---)   | 7, 5, 0, 1/2>   -47  -0.604  -0.280   0.464   *
*  56)   -9.826   ( 56,---)   | 7, 5, 2, 3/2>   -74   0.000  -0.000  -0.073   *
*  57)   -9.735   ( 57,---)   | 4, 1, 3, 5/2>    12  -0.000   0.000  -0.275   *
*  58)   -9.726   ( 58,---)   | 5, 2, 1, 1/2>   -54   0.064  -0.197  -3.060   *
*  59)   -9.635   ( 59,---)   | 8, 6, 2, 5/2>    50  -0.000  -0.000   0.127   *
*  60)   -9.581   ( 60,---)   | 4, 0, 2, 5/2>    19   0.000   0.000   2.554   *
*  61)   -9.513   ( 61,---)   | 4, 0, 4, 9/2>    20   0.000   0.000   1.002   *
*  62)   -8.967   ( 62,---)   | 7, 4, 3, 7/2>   -86   0.000  -0.000  -0.212   *
*  63)   -8.592   ( 63,---)   | 6, 3, 1, 3/2>    75  -0.000  -0.000   0.468   *
*  64)   -8.177   ( 64,---)   | 9, 8, 1, 3/2>   -42   0.000   0.000   0.392   *
*  65)   -8.152   ( 65,---)   | 4, 0, 0, 1/2>    39  -0.197  -0.466   2.373   *
*  66)   -7.651   ( 66,---)   | 4, 0, 2, 3/2>    40  -0.000  -0.000   2.180   *
*  67)   -7.500   ( 67,---)   | 4, 0, 4, 7/2>    41  -0.000  -0.000   1.651   *
*  68)   -7.376   ( 68,---)   | 6, 3, 1, 1/2>    72   0.011  -0.093  -8.256   *
*  69)   -6.354   ( 69,---)   | 6, 3, 3, 5/2>    72   0.000   0.000   0.550   *
*  70)   -6.261   ( 70,---)   | 9, 8, 1, 1/2>     9  -1.567  -0.283   0.181   *
*  71)   -6.037   ( 71,---)   | 6, 2, 4, 9/2>    25   0.000   0.000   5.166   *
*  72)   -5.867   ( 72,---)   | 8, 7, 1, 1/2>     1   0.069  -0.210  -3.029   *
*  73)   -5.451   ( 73,---)   | 8, 6, 0, 1/2>    13  -1.287  -0.416   0.323   *
*  74)   -5.285   ( 74,---)   | 8, 6, 2, 3/2>    65  -0.000   0.000  -0.231   *
*  75)   -5.215   ( 75,---)   | 9, 7, 2, 5/2>   -59   0.000  -0.000  -1.030   *
*  76)   -5.104   ( 76,---)   | 5, 0, 5,11/2>   -41   0.000  -0.000  -0.018   *
*  77)   -4.889   ( 77,---)   | 8, 5, 3, 7/2>    84  -0.000  -0.000   0.274   *
*  78)   -4.789   ( 78,---)   | 4, 0, 2, 5/2>    14   0.000   0.000   2.774   *
*  79)   -4.669   ( 79,---)   | 7, 4, 1, 3/2>   -81   0.000  -0.000  -0.012   *
*  80)   -3.213   ( 80,---)   | 7, 4, 1, 1/2>   -80   0.345  -0.057  -0.166   *
*  81)   -3.024   ( 81,---)   |10, 9, 1, 3/2>    17   0.000   0.000   0.057   *
*  82)   -3.006   ( 82,---)   | 7, 3, 4, 9/2>   -72   0.000   0.000   0.468   *
*  83)   -2.895   ( 83,---)   | 4, 0, 0, 1/2>    10  -0.197  -0.470   2.382   *
*  84)   -2.372   ( 84,---)   | 4, 0, 2, 3/2>     5  -0.000  -0.000   0.928   *
*  85)   -2.286   ( 85,---)   | 7, 4, 3, 5/2>   -83  -0.000   0.000  -0.034   *
*  86)   -2.068   ( 86,---)   | 4, 0, 4, 7/2>     4  -0.000  -0.000   1.409   *
*  87)   -1.056   ( 87,---)   | 9, 7, 0, 1/2>   -28  -1.213  -0.331   0.273   *
*  88)   -0.725   ( 88,---)   | 6, 2, 2, 5/2>    32  -0.000  -0.000   0.428   *
*  89)   -0.590   ( 89,---)   |10, 9, 1, 1/2>    11   0.088  -0.226  -2.578   *
*  90)   -0.424   ( 90,---)   |10, 8, 2, 5/2>    46  -0.000  -0.000   0.328   *
*  91)   -0.353   ( 91,---)   | 9, 6, 3, 7/2>   -69   0.000  -0.000  -0.187   *
*  92)   -0.255   ( 92,---)   | 9, 7, 2, 3/2>   -41  -0.000   0.000  -1.083   *
*  93)   -0.019   ( 93,---)   | 8, 5, 1, 3/2>    64   0.000   0.000   0.176   *
*                                                                             *
*******************************************************************************

*******************************************************************************
*                                                                             *
*  HFB PAIRING PROPERTIES                                           NEUTRONS  *
*                                                                             *
*  STRENGTH= 0.1563   GAP= 0.4779   FERMI ENERGY=-12.5556   ENERGY=  -1.4616  *
*                                                                             *
*******************************************************************************

*******************************************************************************
*                                                                             *
*  MULTIPOLE MOMENTS [UNITS:  (10 FERMI)^LAMBDA]                    NEUTRONS  *
*                                                                             *
*******************************************************************************
*                                                                             *
*  Q00 = 98.0000  .............  .............  .............  .............  *
*                                                                             *
*  Q10 = -0.0918  Q11 =    ZERO  .............  .............  .............  *
*                                                                             *
*  Q20 = 57.9423  Q21 =    ZERO  Q22 =-2.0E-09  .............  .............  *
*                                                                             *
*  Q30 =  4.1485  Q31 =    ZERO  Q32 =-1.8E-09  Q33 =    ZERO  .............  *
*                                                                             *
*  Q40 = 13.2943  Q41 =    ZERO  Q42 =-1.9E-10  Q43 =    ZERO  Q44 =-3.3E-07  *
*                                                                             *
*******************************************************************************

*******************************************************************************
*                                                                             *
*  ROOT-MEAN-SQUARE AND GEOMETRIC SIZES IN FERMIS                   NEUTRONS  *
*                                                                             *
*  R_RMS =  6.8490     X_RMS =  2.4046    Y_RMS =  2.4046    Z_RMS =  5.9451  *
*                                                                             *
*  R_GEO =  8.8420     X_GEO =  5.3768    Y_GEO =  5.3768    Z_GEO = 13.2937  *
*                                                                             *
*******************************************************************************

*******************************************************************************
*                                                                             *
*  BOHR DEFORMATIONS (FIRST-ORDER APPROXIMATION)                    NEUTRONS  *
*                                                                             *
*******************************************************************************
*                                                                             *
*  B10 = -0.0022  B11 =    ZERO  .............  .............  .............  *
*                                                                             *
*  B20 =  0.9991  B21 =    ZERO  B22 =    ZERO  .............  .............  *
*                                                                             *
*  B30 =  0.2565  B31 =    ZERO  B32 =-1.6E-10  B33 =    ZERO  .............  *
*                                                                             *
*  B40 =  0.9297  B41 =    ZERO  B42 =    ZERO  B43 =    ZERO  B44 =-3.3E-08  *
*                                                                             *
*******************************************************************************
*                                                                             *
*  BOHR DENSITY = 0.0338 FM^(-3)  BOHR RADIUS =   8.8420 FM                   *
*                                                                             *
*******************************************************************************

*******************************************************************************
*                                                                             *
*  SINGLE-QUASIPARTICLE PROPERTIES:                                 PROTONS   *
*                                                                             *
*******************************************************************************
*                                                                             *
*  NO)   ENERGY   (S=+,S=-)       PARITY   V2QUAP   EEQUIV   DEQUIV   V_CORR  *
*                                                                             *
*  41)    9.414   (  0, 21)       -0.804  0.99819  -11.893    0.800  0.99963  *
*  42)    9.414   ( 21,  0)       -0.804  0.99819  -11.893    0.800  0.99963  *
*  43)    9.087   ( 22,  0)        0.651  0.99928  -11.586    0.489  0.99985  *
*  44)    9.087   (  0, 22)        0.651  0.99928  -11.586    0.489  0.99985  *
*  45)    8.353   (  0, 23)        0.015  0.99499  -10.782    1.179  0.99881  *
*  46)    8.353   ( 23,  0)        0.015  0.99499  -10.782    1.179  0.99881  *
*  47)    7.905   (  0, 24)       -0.160  0.99926  -10.406    0.431  0.99981  *
*  48)    7.905   ( 24,  0)       -0.160  0.99926  -10.406    0.431  0.99981  *
*  49)    7.446   ( 25,  0)        0.610  0.99878   -9.941    0.520  0.99966  *
*  50)    7.446   (  0, 25)        0.610  0.99878   -9.941    0.520  0.99966  *
*  51)    6.705   (  0, 26)       -0.361  0.99901   -9.204    0.422  0.99968  *
*  52)    6.705   ( 26,  0)       -0.361  0.99901   -9.204    0.422  0.99968  *
*  53)    6.385   ( 27,  0)       -0.899  0.99856   -8.880    0.484  0.99950  *
*  54)    6.385   (  0, 27)       -0.899  0.99856   -8.880    0.484  0.99950  *
*  55)    6.201   (  0, 28)       -0.246  0.99869   -8.698    0.448  0.99953  *
*  56)    6.201   ( 28,  0)       -0.246  0.99869   -8.698    0.448  0.99953  *
*  57)    5.736   (  0, 29)        0.629  0.99849   -8.232    0.445  0.99939  *
*  58)    5.736   ( 29,  0)        0.629  0.99849   -8.232    0.445  0.99939  *
*  59)    5.647   ( 30,  0)        0.536  0.99795   -8.137    0.511  0.99914  *
*  60)    5.647   (  0, 30)        0.536  0.99795   -8.137    0.511  0.99914  *
*  61)    5.328   (  0, 31)        0.649  0.99813   -7.821    0.460  0.99915  *
*  62)    5.328   ( 31,  0)        0.649  0.99813   -7.821    0.460  0.99915  *
*  63)    3.715   (  0, 32)       -0.672  0.99019   -6.155    0.732  0.99157  *
*  64)    3.715   ( 32,  0)       -0.672  0.99019   -6.155    0.732  0.99157  *
*  65)    3.168   (  0, 33)       -0.129  0.99531   -5.651    0.433  0.99419  *
*  66)    3.168   ( 33,  0)       -0.129  0.99531   -5.651    0.433  0.99419  *
*  67)    3.114   ( 34,  0)        0.826  0.99502   -5.596    0.438  0.99358  *
*  68)    3.114   (  0, 34)        0.826  0.99502   -5.596    0.438  0.99358  *
*  69)    2.859   (  0, 35)       -0.830  0.99463   -5.342    0.418  0.99140  *
*  70)    2.859   ( 35,  0)       -0.830  0.99463   -5.342    0.418  0.99140  *
*  71)    2.580   ( 36,  0)       -0.299  0.99356   -5.060    0.413  0.98621  *
*  72)    2.580   (  0, 36)       -0.299  0.99356   -5.060    0.413  0.98621  *
*  73)    2.469   ( 37,  0)       -0.698  0.99174   -4.941    0.447  0.97990  *
*  74)    2.469   (  0, 37)       -0.698  0.99174   -4.941    0.447  0.97990  *
*  75)    2.248   ( 38,  0)       -0.437  0.99261   -4.728    0.385  0.97462  *
*  76)    2.248   (  0, 38)       -0.437  0.99261   -4.728    0.385  0.97462  *
*  77)    1.780   (  0, 39)        0.133  0.98585   -4.243    0.421  0.87535  *
*  78)    1.780   ( 39,  0)        0.133  0.98585   -4.243    0.421  0.87535  *
*  79)    1.322   ( 40,  0)       -0.382  0.97849   -3.778    0.384  0.51100  *
*  80)    1.322   (  0, 40)       -0.382  0.97849   -3.778    0.384  0.51100  *
*  81)    1.122   (  0, 41)       -0.529  0.96181   -3.550    0.430  0.38313  *
*  82)    1.122   ( 41,  0)       -0.529  0.96181   -3.550    0.430  0.38313  *
*  83)    0.638   (  0, 42)       -0.364  0.84874   -2.958    0.457  0.22430  *
*  84)    0.638   ( 42,  0)       -0.364  0.84874   -2.958    0.457  0.22430  *
*  85)    0.468   ( 43,  0)        0.732  0.29477   -2.321    0.427  0.22957  *
*  86)    0.468   (  0, 43)        0.732  0.29477   -2.321    0.427  0.22957  *
*  87)    0.618   ( 44,  0)        0.726  0.11605   -2.039    0.396  0.29271  *
*  88)    0.618   (  0, 44)        0.726  0.11605   -2.039    0.396  0.29271  *
*  89)    0.794   ( 45,  0)       -0.796  0.08226   -1.850    0.436  0.34944  *
*  90)    0.794   (  0, 45)       -0.796  0.08226   -1.850    0.436  0.34944  *
*  91)    1.138   (  0, 46)       -0.068  0.02819   -1.440    0.377  0.43564  *
*  92)    1.138   ( 46,  0)       -0.068  0.02819   -1.440    0.377  0.43564  *
*  93)    1.501   ( 47,  0)        0.297  0.01851   -1.067    0.405  0.50474  *
*  94)    1.501   (  0, 47)        0.297  0.01851   -1.067    0.405  0.50474  *
*  95)    1.690   (  0, 48)       -0.149  0.01517   -0.874    0.413  0.53431  *
*  96)    1.690   ( 48,  0)       -0.149  0.01517   -0.874    0.413  0.53431  *
*  97)    1.816   ( 49,  0)        0.487  0.01485   -0.751    0.439  0.55219  *
*  98)    1.816   (  0, 49)        0.487  0.01485   -0.751    0.439  0.55219  *
*  99)    2.186   ( 50,  0)       -0.058  0.00744   -0.359    0.376  0.59700  *
* 100)    2.186   (  0, 50)       -0.058  0.00744   -0.359    0.376  0.59700  *
* 101)    2.237   (  0, 51)        0.559  0.00989   -0.320    0.443  0.60278  *
* 102)    2.237   ( 51,  0)        0.559  0.00989   -0.320    0.443  0.60278  *
* 103)    3.110   ( 52,  0)       -0.033  0.00473    0.568    0.427  0.67810  *
* 104)    3.110   (  0, 52)       -0.033  0.00473    0.568    0.427  0.67810  *
* 105)    3.650   ( 53,  0)        0.217  0.00347    1.112    0.429  0.71190  *
* 106)    3.650   (  0, 53)        0.217  0.00347    1.112    0.429  0.71190  *
* 107)    3.751   ( 54,  0)       -0.578  0.00891    1.171    0.705  0.71809  *
* 108)    3.751   (  0, 54)       -0.578  0.00891    1.171    0.705  0.71809  *
* 109)    4.444   (  0, 55)       -0.508  0.00203    1.913    0.400  0.75041  *
* 110)    4.444   ( 55,  0)       -0.508  0.00203    1.913    0.400  0.75041  *
* 111)    4.520   ( 56,  0)       -0.710  0.00232    1.986    0.435  0.75360  *
* 112)    4.520   (  0, 56)       -0.710  0.00232    1.986    0.435  0.75360  *
* 113)    4.875   ( 57,  0)        0.723  0.00214    2.341    0.451  0.76737  *
* 114)    4.875   (  0, 57)        0.723  0.00214    2.341    0.451  0.76737  *
* 115)    5.007   (  0, 58)       -0.249  0.00198    2.474    0.445  0.77208  *
* 116)    5.007   ( 58,  0)       -0.249  0.00198    2.474    0.445  0.77208  *
* 117)    5.125   ( 59,  0)       -0.390  0.00156    2.596    0.404  0.77610  *
* 118)    5.125   (  0, 59)       -0.390  0.00156    2.596    0.404  0.77610  *
* 119)    5.560   (  0, 60)        0.291  0.00132    3.032    0.404  0.78992  *
* 120)    5.560   ( 60,  0)        0.291  0.00132    3.032    0.404  0.78992  *
* 121)    5.678   ( 61,  0)       -0.824  0.00145    3.148    0.433  0.79339  *
* 122)    5.678   (  0, 61)       -0.824  0.00145    3.148    0.433  0.79339  *
* 123)    6.322   (  0, 62)       -0.070  0.00148    3.790    0.486  0.81047  *
* 124)    6.322   ( 62,  0)       -0.070  0.00148    3.790    0.486  0.81047  *
* 125)    6.529   ( 63,  0)        0.768  0.00099    4.003    0.411  0.81531  *
* 126)    6.529   (  0, 63)        0.768  0.00099    4.003    0.411  0.81531  *
* 127)    6.702   (  0, 64)        0.150  0.00074    4.179    0.364  0.81918  *
* 128)    6.702   ( 64,  0)        0.150  0.00074    4.179    0.364  0.81918  *
* 129)    7.376   ( 65,  0)        0.290  0.00073    4.852    0.398  0.83295  *
* 130)    7.376   (  0, 65)        0.290  0.00073    4.852    0.398  0.83295  *
* 131)    7.586   ( 66,  0)        0.638  0.00065    5.064    0.387  0.83682  *
* 132)    7.586   (  0, 66)        0.638  0.00065    5.064    0.387  0.83682  *
* 133)    7.942   (  0, 67)        0.672  0.00075    5.417    0.435  0.84299  *
* 134)    7.942   ( 67,  0)        0.672  0.00075    5.417    0.435  0.84299  *
* 135)    8.154   (  0, 68)       -0.029  0.00062    5.630    0.407  0.84643  *
* 136)    8.154   ( 68,  0)       -0.029  0.00062    5.630    0.407  0.84643  *
* 137)    8.387   ( 69,  0)        0.083  0.00469    5.795    1.146  0.85046  *
* 138)    8.387   (  0, 69)        0.083  0.00469    5.795    1.146  0.85046  *
* 139)    8.499   (  0, 70)        0.115  0.00059    5.976    0.412  0.85174  *
* 140)    8.499   ( 70,  0)        0.115  0.00059    5.976    0.412  0.85174  *
* 141)    8.552   ( 71,  0)        0.364  0.00042    6.032    0.349  0.85252  *
* 142)    8.552   (  0, 71)        0.364  0.00042    6.032    0.349  0.85252  *
* 143)    8.936   ( 72,  0)        0.108  0.00058    6.413    0.431  0.85796  *
* 144)    8.936   (  0, 72)        0.108  0.00058    6.413    0.431  0.85796  *
* 145)    9.011   ( 73,  0)        0.584  0.00065    6.487    0.460  0.85899  *
* 146)    9.011   (  0, 73)        0.584  0.00065    6.487    0.460  0.85899  *
* 147)    9.301   (  0, 74)       -0.468  0.00056    6.778    0.441  0.86277  *
* 148)    9.301   ( 74,  0)       -0.468  0.00056    6.778    0.441  0.86277  *
* 149)    9.357   ( 75,  0)       -0.580  0.00171    6.812    0.772  0.86359  *
* 150)    9.357   (  0, 75)       -0.580  0.00171    6.812    0.772  0.86359  *
* 151)    9.555   ( 76,  0)        0.761  0.00050    7.032    0.428  0.86593  *
* 152)    9.555   (  0, 76)        0.761  0.00050    7.032    0.428  0.86593  *
*                                                                             *
*1516)   TOTAL=  ( 758, 758)                                                  *
*                                                                             *
*******************************************************************************

*******************************************************************************
*                                                                             *
*  SINGLE-PARTICLE PROPERTIES: CANONICAL                            PROTONS   *
*                                                                             *
*******************************************************************************
*                                                                             *
*  NO)   ENERGY   (S=+,S=-)   | N,nz,lz,OMEz>   <P>    <JY>    <SY>   GFACT   *
*                                                                             *
*  21)  -11.923   ( 21,---)   | 7, 6, 1, 1/2>   -80   0.084  -0.064  -0.762   *
*  22)  -11.765   ( 22,---)   | 4, 2, 2, 5/2>    25  -0.000  -0.000   0.381   *
*  23)  -10.804   ( 23,---)   | 3, 1, 2, 3/2>   -11   0.000   0.000   1.488   *
*  24)  -10.444   ( 24,---)   | 2, 0, 0, 1/2>    -7  -0.377  -0.489   1.299   *
*  25)   -9.948   ( 25,---)   | 4, 3, 1, 3/2>    64   0.000   0.000   0.186   *
*  26)   -9.205   ( 26,---)   | 3, 0, 3, 7/2>   -36  -0.000   0.000  -0.009   *
*  27)   -8.893   ( 27,---)   | 5, 3, 2, 5/2>   -88  -0.000  -0.000   0.222   *
*  28)   -8.710   ( 28,---)   | 9, 9, 0, 1/2>   -25  -1.618  -0.412   0.255   *
*  29)   -8.305   ( 29,---)   | 4, 2, 0, 1/2>    59  -0.308  -0.377   1.224   *
*  30)   -8.199   ( 30,---)   | 4, 2, 2, 3/2>    65   0.000   0.000   1.072   *
*  31)   -7.840   ( 31,---)   | 4, 2, 0, 1/2>    63   0.160  -0.194  -1.209   *
*  32)   -6.202   ( 32,---)   | 7, 5, 2, 3/2>   -67  -0.000   0.000  -0.720   *
*  33)   -5.653   ( 33,---)   | 3, 0, 3, 7/2>   -13   0.000   0.000   0.028   *
*  34)   -5.600   ( 34,---)   | 6, 4, 2, 5/2>    82  -0.000  -0.000   5.757   *
*  35)   -5.345   ( 35,---)   | 5, 3, 0, 1/2>   -83  -0.558  -0.475   0.851   *
*  36)   -5.061   ( 36,---)   | 3, 0, 3, 5/2>   -29   0.000   0.000   0.056   *
*  37)   -4.943   ( 37,---)   | 5, 3, 2, 3/2>   -67   0.000  -0.000  -0.094   *
*  38)   -4.729   ( 38,---)   | 3, 0, 1, 3/2>   -45  -0.000   0.000  -0.067   *
*  39)   -4.244   ( 39,---)   |10,10, 0, 1/2>    13  -1.953  -0.399   0.204   *
*  40)   -3.779   ( 40,---)   | 3, 0, 1, 1/2>   -38   0.201  -0.012  -0.059   *
*  41)   -3.550   ( 41,---)   | 7, 6, 1, 1/2>   -52   0.345  -0.113  -0.327   *
*  42)   -2.959   ( 42,---)   | 5, 2, 3, 7/2>   -36  -0.000   0.000  -0.066   *
*  43)   -2.319   ( 43,---)   | 8, 6, 2, 3/2>    73  -0.000   0.000  -1.652   *
*  44)   -2.034   ( 44,---)   | 6, 4, 0, 1/2>    73  -0.590  -0.465   0.788   *
*  45)   -1.846   ( 45,---)   | 7, 5, 2, 5/2>   -79   0.000  -0.000  -0.842   *
*  46)   -1.414   ( 46,---)   | 3, 0, 1, 3/2>    -6   0.000  -0.000  -0.033   *
*  47)   -1.051   ( 47,---)   | 4, 0, 4, 9/2>    29  -0.000  -0.000   0.668   *
*  48)   -0.849   ( 48,---)   | 3, 0, 3, 5/2>   -13  -0.000   0.000  -0.115   *
*  49)   -0.734   ( 49,---)   | 6, 4, 2, 3/2>    54   0.000  -0.000  -0.148   *
*  50)   -0.299   ( 50,---)   | 3, 0, 1, 1/2>    -6   0.231  -0.016  -0.068   *
*  51)   -0.277   ( 51,---)   | 6, 3, 3, 7/2>    79  -0.000   0.000  -0.032   *
*                                                                             *
*******************************************************************************

*******************************************************************************
*                                                                             *
*  HFB PAIRING PROPERTIES                                            PROTONS  *
*                                                                             *
*  STRENGTH= 0.1321   GAP= 0.4216   FERMI ENERGY= -3.9930   ENERGY=  -1.3460  *
*                                                                             *
*******************************************************************************

*******************************************************************************
*                                                                             *
*  MULTIPOLE MOMENTS [UNITS:  (10 FERMI)^LAMBDA]                     PROTONS  *
*                                                                             *
*******************************************************************************
*                                                                             *
*  Q00 = 78.0000  .............  .............  .............  .............  *
*                                                                             *
*  Q10 =  0.7874  Q11 =    ZERO  .............  .............  .............  *
*                                                                             *
*  Q20 = 49.8386  Q21 =    ZERO  Q22 =-2.5E-10  .............  .............  *
*                                                                             *
*  Q30 =  3.8741  Q31 =    ZERO  Q32 =-1.8E-09  Q33 =    ZERO  .............  *
*                                                                             *
*  Q40 = 12.1164  Q41 =    ZERO  Q42 =-1.3E-10  Q43 =    ZERO  Q44 = 6.9E-07  *
*                                                                             *
*******************************************************************************

*******************************************************************************
*                                                                             *
*  ROOT-MEAN-SQUARE AND GEOMETRIC SIZES IN FERMIS                    PROTONS  *
*                                                                             *
*  R_RMS =  6.9662     X_RMS =  2.3509    Y_RMS =  2.3509    Z_RMS =  6.1216  *
*                                                                             *
*  R_GEO =  8.9933     X_GEO =  5.2567    Y_GEO =  5.2567    Z_GEO = 13.6884  *
*                                                                             *
*******************************************************************************

*******************************************************************************
*                                                                             *
*  BOHR DEFORMATIONS (FIRST-ORDER APPROXIMATION)                     PROTONS  *
*                                                                             *
*******************************************************************************
*                                                                             *
*  B10 =  0.0230  B11 =    ZERO  .............  .............  .............  *
*                                                                             *
*  B20 =  1.0437  B21 =    ZERO  B22 =    ZERO  .............  .............  *
*                                                                             *
*  B30 =  0.2860  B31 =    ZERO  B32 =-1.9E-10  B33 =    ZERO  .............  *
*                                                                             *
*  B40 =  0.9947  B41 =    ZERO  B42 =    ZERO  B43 =    ZERO  B44 = 8.0E-08  *
*                                                                             *
*******************************************************************************
*                                                                             *
*  BOHR DENSITY = 0.0256 FM^(-3)  BOHR RADIUS =   8.9933 FM                   *
*                                                                             *
*******************************************************************************

*******************************************************************************
*                                                                             *
*                  DENSITY INTEGRALS IN THE SKYRME FUNCTIONAL                 *
*                                                                             *
*******************************************************************************
*                                                                             *
*                   TOTAL(T)        SUM(S)      ISOSCALAR(P)  ISOVECTOR(M)    *
*                   --------        ------      ------------  ------------    *
*    DRHO_ =       17.884165      9.053428         17.884165      0.222692    *
*    DRHOD =        7.886494      3.991546          7.886494      0.096598    *
*    DLPR_ =       -3.852782     -1.947616         -3.852782     -0.042449    *
*    DTAU_ =       14.403691      7.351853         14.403691      0.300015    *
*    DSCU_ =        0.113614      0.062098          0.113614      0.010582    *
*    DDIV_ =        0.806320      0.410518          0.806320      0.014715    *
*                                                                             *
*    DSPI_ =        0.000000      0.000000          0.000000      0.000000    *
*    DSPID =        0.000000      0.000000          0.000000      0.000000    *
*    DLPS_ =        0.000000      0.000000          0.000000      0.000000    *
*    DCUR_ =        0.000000      0.000000          0.000000      0.000000    *
*    DKIS_ =        0.000000      0.000000          0.000000      0.000000    *
*    DROT_ =        0.000000      0.000000          0.000000      0.000000    *
*                                                                             *
*******************************************************************************

*******************************************************************************
*                                                                             *
*               CONTRIBUTIONS TO ENERGY IN THE SKYRME FUNCTIONAL              *
*                                                                             *
*******************************************************************************
*                                                                             *
*                 TOTAL(T)        SUM(S)        ISOSCALAR(P)  ISOVECTOR(M)    *
*                 --------        ------        ------------  ------------    *
*    ERHO_ =   -15989.517619   4873.601443     -11175.855412     59.939236    *
*    ERHOD =     7951.270650  -2025.166228       5950.609527    -24.505105    *
*    ELPR_ =     -378.864532    560.660453        175.685954      6.109967    *
*    ETAU_ =      477.569687   -354.885250        129.925540     -7.241103    *
*    ESCU_ =        0.000000      0.000000          0.000000      0.000000    *
*    EDIV_ =      -17.766330    -42.622021        -59.624466     -0.763885    *
*               ============  ============      ============  ============    *
*    SUM EVEN:  -7957.308144   3011.588397      -4979.258858     33.539111    *
*                                                                             *
*    ESPI_ =        0.000000      0.000000          0.000000      0.000000    *
*    ESPID =        0.000000      0.000000          0.000000      0.000000    *
*    ELPS_ =        0.000000      0.000000          0.000000      0.000000    *
*    ECUR_ =        0.000000      0.000000          0.000000      0.000000    *
*    EKIS_ =        0.000000      0.000000          0.000000      0.000000    *
*    EROT_ =        0.000000      0.000000          0.000000      0.000000    *
*               ============  ============      ============  ============    *
*    SUM  ODD:      0.000000      0.000000          0.000000      0.000000    *
*                                                                             *
*******************************************************************************
 
*******************************************************************************
*                                                                             *
*  CENTER-OF-MASS COORDINATES IN FERMIS                                TOTAL  *
*                                                                             *
*  R_CMS =  0.0395     X_CMS = -0.0000    Y_CMS =  0.0000    Z_CMS =  0.0395  *
*                                                                             *
*******************************************************************************

*******************************************************************************
*                                                                             *
*  MULTIPOLE MOMENTS [UNITS:  (10 FERMI)^LAMBDA] [CENT-MASS FRAME]  NEUTRONS  *
*                                                                             *
*******************************************************************************
*                                                                             *
*  Q00 = 98.0000  .............  .............  .............  .............  *
*                                                                             *
*  Q10 = -0.4791  Q11 =    ZERO  .............  .............  .............  *
*                                                                             *
*  Q20 = 57.9468  Q21 =    ZERO  Q22 =-2.0E-09  .............  .............  *
*                                                                             *
*  Q30 =  3.8921  Q31 =    ZERO  Q32 =-1.8E-09  Q33 =    ZERO  .............  *
*                                                                             *
*  Q40 = 13.2223  Q41 =    ZERO  Q42 =-1.7E-10  Q43 =    ZERO  Q44 =-3.3E-07  *
*                                                                             *
*******************************************************************************

*******************************************************************************
*                                                                             *
*  BOHR DEFORMATIONS (FIRST-ORDER APPROXIMATION) [CENT-MASS FRAME]  NEUTRONS  *
*                                                                             *
*******************************************************************************
*                                                                             *
*  B10 = -0.0113  B11 =    ZERO  .............  .............  .............  *
*                                                                             *
*  B20 =  0.9968  B21 =    ZERO  B22 =    ZERO  .............  .............  *
*                                                                             *
*  B30 =  0.2398  B31 =    ZERO  B32 =-1.6E-10  B33 =    ZERO  .............  *
*                                                                             *
*  B40 =  0.9203  B41 =    ZERO  B42 =    ZERO  B43 =    ZERO  B44 =-3.3E-08  *
*                                                                             *
*******************************************************************************
*                                                                             *
*  BOHR DENSITY = 0.0337 FM^(-3)  BOHR RADIUS =   8.8525 FM                   *
*                                                                             *
*******************************************************************************

*******************************************************************************
*                                                                             *
*  MULTIPOLE MOMENTS [UNITS:  (10 FERMI)^LAMBDA] [CENT-MASS FRAME]   PROTONS  *
*                                                                             *
*******************************************************************************
*                                                                             *
*  Q00 = 78.0000  .............  .............  .............  .............  *
*                                                                             *
*  Q10 =  0.4791  Q11 =    ZERO  .............  .............  .............  *
*                                                                             *
*  Q20 = 49.8286  Q21 =    ZERO  Q22 =-2.5E-10  .............  .............  *
*                                                                             *
*  Q30 =  3.6536  Q31 =    ZERO  Q32 =-1.8E-09  Q33 =    ZERO  .............  *
*                                                                             *
*  Q40 = 12.0489  Q41 =    ZERO  Q42 =    ZERO  Q43 =    ZERO  Q44 = 6.9E-07  *
*                                                                             *
*******************************************************************************

*******************************************************************************
*                                                                             *
*  BOHR DEFORMATIONS (FIRST-ORDER APPROXIMATION) [CENT-MASS FRAME]   PROTONS  *
*                                                                             *
*******************************************************************************
*                                                                             *
*  B10 =  0.0142  B11 =    ZERO  .............  .............  .............  *
*                                                                             *
*  B20 =  1.0705  B21 =    ZERO  B22 =    ZERO  .............  .............  *
*                                                                             *
*  B30 =  0.2803  B31 =    ZERO  B32 =-2.0E-10  B33 =    ZERO  .............  *
*                                                                             *
*  B40 =  1.0411  B41 =    ZERO  B42 =    ZERO  B43 =    ZERO  B44 = 8.4E-08  *
*                                                                             *
*******************************************************************************
*                                                                             *
*  BOHR DENSITY = 0.0266 FM^(-3)  BOHR RADIUS =   8.8790 FM                   *
*                                                                             *
*******************************************************************************

*******************************************************************************
*                                                                             *
*  EULER ANGLES OF THE PRINCIPAL-AXES FRAME IN DEGREES                 TOTAL  *
*                                                                             *
*  ALPHA =270.00000  BETA =  0.00000  GAMMA =  0.00000                        *
*                                                                             *
*******************************************************************************

*******************************************************************************
*                                                                             *
*  ROOT-MEAN-SQUARE AND GEOMETRIC SIZES IN FERMIS                      TOTAL  *
*                                                                             *
*  R_RMS =  6.9011     X_RMS =  2.3809    Y_RMS =  2.3809    Z_RMS =  6.0240  *
*                                                                             *
*  R_GEO =  8.9093     X_GEO =  5.3239    Y_GEO =  5.3239    Z_GEO = 13.4700  *
*                                                                             *
*******************************************************************************

*******************************************************************************
*                                                                             *
*  MULTIPOLE MOMENTS [UNITS:  (10 FERMI)^LAMBDA]                       TOTAL  *
*                                                                             *
*******************************************************************************
*                                                                             *
*  Q00 =176.0000  .............  .............  .............  .............  *
*                                                                             *
*  Q10 =  0.6956  Q11 =    ZERO  .............  .............  .............  *
*                                                                             *
*  Q20 =107.7809  Q21 =    ZERO  Q22 =-2.2E-09  .............  .............  *
*                                                                             *
*  Q30 =  8.0226  Q31 =    ZERO  Q32 =-3.6E-09  Q33 =    ZERO  .............  *
*                                                                             *
*  Q40 = 25.4107  Q41 =    ZERO  Q42 =-3.2E-10  Q43 =    ZERO  Q44 = 3.5E-07  *
*                                                                             *
*******************************************************************************

*******************************************************************************
*                                                                             *
*  BOHR DEFORMATIONS (FIRST-ORDER APPROXIMATION)                       TOTAL  *
*                                                                             *
*******************************************************************************
*                                                                             *
*  B10 =  0.0091  B11 =    ZERO  .............  .............  .............  *
*                                                                             *
*  B20 =  1.0192  B21 =    ZERO  B22 =    ZERO  .............  .............  *
*                                                                             *
*  B30 =  0.2700  B31 =    ZERO  B32 =-1.7E-10  B33 =    ZERO  .............  *
*                                                                             *
*  B40 =  0.9599  B41 =    ZERO  B42 =    ZERO  B43 =    ZERO  B44 = 1.9E-08  *
*                                                                             *
*******************************************************************************
*                                                                             *
*  BOHR DENSITY = 0.0594 FM^(-3)  BOHR RADIUS =   8.9093 FM                   *
*                                                                             *
*******************************************************************************

*******************************************************************************
*                                                                             *
*  MULTIPOLE MOMENTS [UNITS:  (10 FERMI)^LAMBDA] [CENT-MASS FRAME]     TOTAL  *
*                                                                             *
*******************************************************************************
*                                                                             *
*  Q00 =176.0000  .............  .............  .............  .............  *
*                                                                             *
*  Q10 =    ZERO  Q11 =    ZERO  .............  .............  .............  *
*                                                                             *
*  Q20 =107.7754  Q21 =    ZERO  Q22 =-2.2E-09  .............  .............  *
*                                                                             *
*  Q30 =  7.5457  Q31 =    ZERO  Q32 =-3.6E-09  Q33 =    ZERO  .............  *
*                                                                             *
*  Q40 = 25.2712  Q41 =    ZERO  Q42 =-2.6E-10  Q43 =    ZERO  Q44 = 3.5E-07  *
*                                                                             *
*******************************************************************************

*******************************************************************************
*                                                                             *
*  BOHR DEFORMATIONS (FIRST-ORDER APPROXIMATION) [CENT-MASS FRAME]     TOTAL  *
*                                                                             *
*******************************************************************************
*                                                                             *
*  B10 =    ZERO  B11 =    ZERO  .............  .............  .............  *
*                                                                             *
*  B20 =  1.0294  B21 =    ZERO  B22 =    ZERO  .............  .............  *
*                                                                             *
*  B30 =  0.2578  B31 =    ZERO  B32 =-1.7E-10  B33 =    ZERO  .............  *
*                                                                             *
*  B40 =  0.9739  B41 =    ZERO  B42 =    ZERO  B43 =    ZERO  B44 = 1.9E-08  *
*                                                                             *
*******************************************************************************
*                                                                             *
*  BOHR DENSITY = 0.0603 FM^(-3)  BOHR RADIUS =   8.8648 FM                   *
*                                                                             *
*******************************************************************************

*******************************************************************************
*                                                                             *
*  MULTIPOLE MOMENTS [UNITS:  (10 FERMI)^LAMBDA] [INTRINSIC FRAME]     TOTAL  *
*                                                                             *
*  REAL PART  FOR A NON-NEGATIVE PROJECTION                                   *
*  IMAGINARY PART FOR A NEGATIVE PROJECTION                                   *
*                                                                             *
*******************************************************************************
*                                                                             *
*  Q00 =176.0000  .............  .............  .............  .............  *
*                 .............  .............  .............  .............  *
*                                                                             *
*  Q10 =    ZERO  Q1+1=    ZERO  .............  .............  .............  *
*                 Q1-1=    ZERO  .............  .............  .............  *
*                                                                             *
*  Q20 =107.7754  Q2+1=    ZERO  Q2+2= 2.2E-09  .............  .............  *
*                 Q2-1=    ZERO  Q2-2=    ZERO  .............  .............  *
*                                                                             *
*  Q30 =  7.5457  Q3+1=    ZERO  Q3+2= 3.6E-09  Q3+3=    ZERO  .............  *
*                 Q3-1=    ZERO  Q3-2=    ZERO  Q3-3=    ZERO  .............  *
*                                                                             *
*  Q40 = 25.2712  Q4+1=    ZERO  Q4+2= 2.6E-10  Q4+3=    ZERO  Q4+4= 3.5E-07  *
*                 Q4-1=    ZERO  Q4-2=    ZERO  Q4-3=    ZERO  Q4-4=    ZERO  *
*                                                                             *
*******************************************************************************

*******************************************************************************
*                                                                             *
*  BOHR DEFORMATIONS (FIRST-ORDER APPROXIMATION) [INTRINSIC FRAME]     TOTAL  *
*                                                                             *
*  REAL PART  FOR A NON-NEGATIVE PROJECTION                                   *
*  IMAGINARY PART FOR A NEGATIVE PROJECTION                                   *
*                                                                             *
*******************************************************************************
*                                                                             *
*  B10 =    ZERO  B1+1=    ZERO  .............  .............  .............  *
*                 B1-1=    ZERO  .............  .............  .............  *
*                                                                             *
*  B20 =  1.0294  B2+1=    ZERO  B2+2=    ZERO  .............  .............  *
*                 B2-1=    ZERO  B2-2=    ZERO  .............  .............  *
*                                                                             *
*  B30 =  0.2578  B3+1=    ZERO  B3+2= 1.7E-10  B3+3=    ZERO  .............  *
*                 B3-1=    ZERO  B3-2=    ZERO  B3-3=    ZERO  .............  *
*                                                                             *
*  B40 =  0.9739  B4+1=    ZERO  B4+2=    ZERO  B4+3=    ZERO  B4+4= 1.9E-08  *
*                 B4-1=    ZERO  B4-2=    ZERO  B4-3=    ZERO  B4-4=    ZERO  *
*                                                                             *
*******************************************************************************
*                                                                             *
*  BOHR DENSITY = 0.0603 FM^(-3)  BOHR RADIUS =   8.8648 FM                   *
*                                                                             *
*******************************************************************************

*******************************************************************************
*                                                                             *
*                                ENERGIES (MEV)                               *
*                                                                             *
*******************************************************************************
*                                                                             *
*  KINETIC: (NEU)=  1740.893118    (PRO)=  1223.090924    (TOT)=  2963.984042 *
*  SUM EPS: (NEU)= -2288.471108    (PRO)= -1064.359317    (TOT)= -3352.830425 *
*  PAIRING: (NEU)=    -1.461610    (PRO)=    -1.346043    (TOT)=    -2.807653 *
*  P-REARR: (NEU)=     0.396929    (PRO)=     0.381536    (TOT)=     0.778466 *
*                                                                             *
*  PAIRGAP: (NEU)=     0.477914    (PRO)=     0.421600    THIS SPACE IS EMPTY *
*  E-FERMI: (NEU)=   -12.555565    (PRO)=    -3.993026    AND AWAITS  YOUR AD *
*                                                                             *
*  COULOMB: (DIR)=   676.951786    (EXC)=   -28.864379    (TOT)=   648.087407 *
*                                                                             *
*  CONSTR. (MULT)=   412.656735    SLOPE=   404.294317    CORR.=  -202.147158 *
*  CONSTR. (SURF)=     0.000000    SLOPE=     0.000000    CORR.=     0.000000 *
*  CONSTR. (SPIN)=     0.000000    SLOPE=     0.000000    CORR.=     0.000000 *
*  CONSTR. (ISOS)=     0.000000    SLOPE=     0.000000    CORR.=     0.000000 *
*                                                                             *
*  REARRANGEMENT ENERGY FROM THE SKYRME DENSITY-DEPENDENT TERMS=  1115.827131 *
*  ROUTHIAN= TOTAL ENERGY + MULTIPOLE AND (ISO)SPIN CONSTRAINTS=  -923.799216 *
*                                                                             *
*  SPIN-ORB (EVE)=   -60.388351    (ODD)=     0.000000    (TOT)=   -60.388351 *
*  SKYRME:  (EVE)= -4945.719747    (ODD)=     0.000000    (TOT)= -4945.719747 *
*                                                                             *
*  TOTAL:  (STAB)=   215.145209     (SP)= -1121.310742    (FUN)= -1336.455951 *
*                                                                             *
*******************************************************************************

*******************************************************************************
*                                                                             *
*  ITERATION RESTARTED FROM THE DISC, THE FOLLOWING FILE(S) READ:             *
*  ./restart/HFODD_00000078.REC                                        VER=19 *
*                                                                             *
*******************************************************************************
*                                                                             *
* CONVERGENCE REPORT                                                          *
*                                                                             *
*******************************************************************************
*                                                                             *
* ITER     ENERGY     STABILITY    Q_2    GAMMA   SPIN  OMEGA   ANGLE   EPAIR *
*                                                                             *
* 1742 -1336.455951  215.145209 107.775    0.00   0.00  0.000   0.000   -2.81 *
* 1743 -1008.431694  578.268716 243.622    0.00   0.00  0.000   0.000   -0.81 *
* 1744 -1040.874033  366.097322 242.502    0.00   0.00  0.000   0.000   -3.80 *
* 1745 -1066.266611  740.721556 244.388    0.00   0.00  0.000   0.000   -3.48 *
* 1746 -1000.750521  526.780108 248.105    0.00   0.00  0.000   0.000   -1.87 *
* 1747 -1036.770376  800.170272 247.371    0.00   0.00  0.000   0.000   -5.67 *
* 1748  -949.890800  919.037603 243.887    0.00   0.00  0.000   0.000   -2.24 *
* 1749  -899.444997  698.887679 243.414    0.00   0.00  0.000   0.000   -2.22 *
* 1750  -943.729599    1.02E+03 240.821    0.00   0.00  0.000   0.000   -8.46 *
* 1751  -865.614874    1.03E+03 237.828    0.00   0.00  0.000   0.000   -2.76 *
* 1752  -841.443999    1.27E+03 241.174    0.00   0.00  0.000   0.000   -3.49 *
* 1753  -734.171320    5.91E+03 207.032    0.00   0.00  0.000   0.000   -3.46 *
* 1754   480.902233   -7.08E+03  32.338    0.00   0.00  0.000   0.000   -2.99 *
* 1755  -489.223793  513.724961 594.018    0.00   0.00  0.000   0.000 -301.39 *
* 1756  -899.724495    1.56E+03 460.121    0.00   0.00  0.000   0.000 -141.58 *
* 1757    72.783547   -5.42E+03  90.078    0.00   0.00  0.000   0.000  -26.70 *
* 1758   453.239082   -1.41E+04  18.233    0.00   0.00  0.000   0.000   -1.51 *
* 1759   -55.830705   -3.92E+03  25.968    0.00   0.00  0.000   0.000 -318.35 *

 //////////////////// MAXIMUM NUMBER OF ITERATIONS       ////////////////////
 //////////////////// EXCEEDED IN QUABCS                 ////////////////////

*******************************************************************************
*                                                                             *
*  PROCESSOR   EXECUTION  TIMES IN SUBROUTINES                                *
*  INCLUDING THEIR COMPLETE DOWN-CALLING TREES                                *
*                                                                             *
*******************************************************************************
*                                                                             *
*     6613 => HFODD    3795 => DENSHF   1135 => DIAMAT   1033 => HFBSIM       *
*                                                                             *
*      780 => QMULCM    365 => PAIMAC    249 => CANQUA    185 => RECORD       *
*                                                                             *
*       91 => AVEQUA     36 => DENMAC     34 => INTEGH     32 => INTSOR       *
*                                                                             *
*       30 => INTEGD     17 => MOMETS     16 => INTMUL     14 => DOBROY       *
*                                                                             *
*       10 => SKFILD     10 => BEGINC      7 => INTMAS      7 => ROTAVR       *
*                                                                             *
*        7 => SPAVER      6 => LINAVR      5 => AVOBSE      5 => COUMAT       *
*                                                                             *
*        5 => INTCOU      3 => INTCEN      3 => NILASP      2 => POWALL       *
*                                                                             *
*        2 => SKPAIR      2 => AVANGY      0 => INTKIN      0 => AVPARI       *
*                                                                             *
*        0 => QUABCS      0 => SHICOE      0 => AVSIMP      0 => PAXMOM       *
*                                                                             *
*        0 => SHIMOM      0 => SHIMAG      0 => SHISIF      0 => MOMSIF       *
*                                                                             *
*        0 => MOMVMU      0 => MAGMOM      0 => SPIMOM                        *
*                                                                             *
*******************************************************************************
*                                                                             *
*  NUMBERS OF CALLS TO SUBROUTINES                                            *
*                                                                             *
*******************************************************************************
*                                                                             *
*      855 => BEGINC    707 => INTMUL    228 => INTSOR     93 => DIAMAT       *
*                                                                             *
*       76 => INTMAS     76 => INTCEN     75 => INTKIN     74 => AVEQUA       *
*                                                                             *
*       54 => PAXMOM     38 => INTEGH     38 => INTEGD     38 => HFBSIM       *
*                                                                             *
*       38 => QUABCS     37 => CANQUA     37 => AVPARI     37 => DENSHF       *
*                                                                             *
*       37 => DENMAC     37 => PAIMAC     37 => MOMETS     37 => MOMSIF       *
*                                                                             *
*       37 => MOMVMU     37 => MAGMOM     37 => SPIMOM     37 => LINAVR       *
*                                                                             *
*       37 => ROTAVR     36 => SHICOE     19 => RECORD     19 => COUMAT       *
*                                                                             *
*       19 => INTCOU     18 => QMULCM     18 => SKFILD     18 => SKPAIR       *
*                                                                             *
*       18 => DOBROY     18 => SHIMOM     18 => SHISIF     18 => SHIMAG       *
*                                                                             *
*       14 => SPAVER      2 => AVANGY      2 => AVOBSE      2 => AVSIMP       *
*                                                                             *
*        2 => NILASP      1 => HFODD       1 => POWALL                        *
*                                                                             *
*******************************************************************************
*                                                                             *
*  EXECUTION ENDS ON 2016.09.06 AT 13:34:50.801                               *
*                                                                             *
*******************************************************************************
