*******************************************************************************
*                                                                             *
*                     P A R A L L E L    M O D E L                            *
*                                                                             *
*  SIMPLE MPI FRAMEWORK (1 COMMUNICATOR)    :  1 MPI PROCESS per HFODD TASK   *
*  MULTI-THREADING FRAMEWORK WITH OPENMP   :  4 THREADS per HFODD MPI PROCESS *
*                                                                             *
*******************************************************************************
*                                                                             *
*                        __  __ _____  ___   ____   ____                      *
*                       / / / // ___/.' _ \ / __ \ / __ \                     *
*                      / /_/ // /_  / / / // / / // / / /                     *
*                     / __  // __/ / / / // / / // / / /                      *
*                    / / / // /   / /_/ // /_/ // /_/ /                       *
*                   /_/ /_//_/    \___.'/____.'/____.'                        *
*                                                                             *
*                                                                             *
*******************************************************************************
*                                                                             *
*             SKYRME-HARTREE-FOCK-BOGOLYUBOV CODE VERSION: 2.77B              *
*                                                                             *
*              NO SYMMETRY-PLANES AND NO TIME-REVERSAL SYMMETRY               *
*                                                                             *
*                DEFORMED CARTESIAN HARMONIC-OSCILLATOR BASIS                 *
*                                                                             *
*******************************************************************************
*                                                                             *
*             J. DOBACZEWSKI, P. BACZYK, B.G. CARLSSON, J. DUDEK              *
*                 J. ENGEL, Y. GAO, M. KONIECZKA, T. LESINSKI                 *
*                 J. MCDONNELL, P. OLBRATOWSKI, P. POWALOWSKI                 *
*                  M. SADZIAK, J. SARICH, K. SATO, W. SATULA                  *
*             N. SCHUNCK,  J.A. SHEIKH, A. STASZCZAK, M. STOITSOV             *
*             P. TOIVANEN, X.B. WANG, M. ZALEWSKI AND H. ZDUNCZUK             *
*                                                                             *
*                   INSTYTUT FIZYKI TEORETYCZNEJ, WARSZAWA                    *
*                 LAWRENCE LIVERMORE NATIONAL LABORATORY, USA                 *
*                                                                             *
*                                  1993-2016                                  *
*                                                                             *
*******************************************************************************

*******************************************************************************
*                                                                             *
*  CODE COMPILED WITH THE FOLLOWING ARRAY DIMENSIONS AND SWITCHES:            *
*                                                                             *
*******************************************************************************
*                                                                             *
*  NDBASE = 1200  NDSTAT = 1200  NDXHRM =   40  NDYHRM =   40  NDZHRM =   64  *
*                                                                             *
*  NDMAIN =   30  NDMULT =    9  NDMULR =    4  NDLAMB =    9  NDITER = 5000  *
*                                                                             *
*  NDAKNO =    1  NDBKNO =    1  NDPROI =    2  NDCOUL =   80  NDPOLS =   25  *
*                                                                             *
*  NDATKN =   20  NDBTKN =   10  NDPROT =    1  NDPROD =    3                 *
*                                                                             *
*  IPARAL =    0  IPARAT =    0  I_CRAY =    0                                *
*                                                                             *
*                                                                             *
*  PRE-PROCESSOR OPTIONS:                                                     *
*                                                                             *
*       switch_port = 1     switch_diag = 3     switch_essl = 0               *
*                                                                             *
*                           switch_quad = 0     switch_vect = 1               *
*                                                                             *
*******************************************************************************
*                                                                             *
*  EXECUTION BEGINS ON 2016.09.06 AT 12:59:14.803                             *
*                                                                             *
*******************************************************************************
 
*******************************************************************************
*                                                                             *
*  CLASSICAL NUCLEAR SURFACE DEFINED FOR:                    N = 98   Z = 78  *
*                                                                             *
*******************************************************************************
*                                                                             *
*  AL10 =   ZERO  AL11 =   ZERO  .............  .............  .............  *
*                                                                             *
*  AL20 =  0.626  AL21 =   ZERO  AL22 =   ZERO  .............  .............  *
*                                                                             *
*******************************************************************************
*                                                                             *
*                                           HOMEGA=  7.1795  FCHOM0=  0.9813  *
*                                                                             *
*  OSCILLATOR FREQUENCIES: HBAROX=  8.6244  HBAROY=  8.6244  HBAROZ=  4.9755  *
*                                                                             *
*  MOMENTS OF INERTIA:     XMOMFC=112.6418  YMOMFC=112.6418  ZMOMFC= 56.2565  *
*                                                                             *
*  CENTERS OF MASS:        CMSXFC= -0.0000  CMSYFC= -0.0000  CMSZFC=  0.0000  *
*                                                                             *
*******************************************************************************

*******************************************************************************
*                                                                             *
*                           SKYRME FORCE DEFINITION                           *
*                                                                             *
*******************************************************************************
*                                                                             *
* PARAMETER SET HFB1:  T0= -1666.41  T1=   255.23  T2=  1521.28  T3= 12072.51 *
*                                                                             *
* POWER=0.37658031358  X0=  0.14608  X1= -4.82248  X2= -1.35211  X3=  0.00432 *
*                                                                             *
* IETA: J=0  W=1 CM=3  M=1  P=1  T=0 HBM= 20.73553 W0=  44.0677 W0P= 207.6502 *
*                                                                             *
*******************************************************************************

*******************************************************************************
*                                                                             *
*              COUPLING CONSTANTS DEFINING THE SKYRME FUNCTIONAL              *
*                                                                             *
*******************************************************************************
*                                                                             *
*                   TOTAL(T)        SUM(S)      ISOSCALAR(P)  ISOVECTOR(M)    *
*                   --------        ------      ------------  ------------    *
*    CRHO_ =     -894.060074    538.315575       -624.902286    269.157788    *
*    CRHOD =     1008.213640   -507.363897        754.531691   -253.681949    *
*    CLPR_ =       98.335311   -287.870148        -45.599763   -143.935074    *
*    CTAU_ =       33.156062    -48.271535          9.020295    -24.135768    *
*    CSCU_ =        0.000000      0.000000          0.000000      0.000000    *
*    CDIV_ =      -22.033840   -103.825096        -73.946388    -51.912548    *
*                                                                             *
*    CSPI_ =      -60.857026    416.601524        147.443736    208.300762    *
*    CSPID =        2.171385   -503.021127       -249.339179   -251.510564    *
*    CLPS_ =       51.110395     71.467295         86.844042     35.733647    *
*    CCUR_ =      -33.156062     48.271535         -9.020295     24.135768    *
*    CKIS_ =        0.000000      0.000000          0.000000      0.000000    *
*    CROT_ =      -22.033840   -103.825096        -73.946388    -51.912548    *
*                                                                             *
*******************************************************************************

*******************************************************************************
*                                                                             *
*                          NUCLEAR MATTER PROPERTIES                          *
*                                                                             *
*******************************************************************************
*                                                                             *
*     E = -15.8000  rho0 =   0.15625   K =  244.6682   Ms =    0.9364         *
*                   asym =  28.66820   L =   40.1091   Mv =    1.2498         *
*                                                                             *
*******************************************************************************

*******************************************************************************
*                                                                             *
*  PHYSICAL CONSTANTS:     H_BARC=197.32891000           HBCOE2=137.03602000  *
*                                                                             *
*                          XMASSN=938.90590000           XMASSP=938.27231000  *
*                                                                             *
*                          HBMASS= 20.73553000           HBMRPA= 20.73553000  *
*                                                                             *
*                          ECHAR2=  1.43997841           COULEX= -1.06350868  *
*                                                                             *
*******************************************************************************
*                                                                             *
*  OSCILLATOR LENGTHS:     X= 2.1928863      Y= 2.1928863       Z= 2.8871005  *
*                                                                             *
*  OSCILLATOR CONSTANTS:   X= 0.4560200      Y= 0.4560200       Z= 0.3463683  *
*                                                                             *
*  OSCILLATOR FREQUENCIES: X= 8.6243653      Y= 8.6243653       Z= 4.9754866  *
*                                                                             *
*******************************************************************************
*                                                                             *
*  BASIS CUT-OFF CONTROL PARAMETERS:  NXMAXX = 14  NYMAXX = 14  NZMAXX =  25  *
*                                                                             *
*                                     NXHERM = 36  NYHERM = 36  NZHERM =  60  *
*                                                                             *
*                                     NLIMIT=1140  LDBASE=1140  MCOUNT=29791  *
*                                                                             *
*                                     ENECUT= 800.0000      ELIMIT= 136.4949  *
*                                                                             *
*******************************************************************************

*******************************************************************************
*                                                                             *
*   SHAPE OF THE OSCILLATOR-BASIS DIAMOND    (THREE CONSECUTIVE PROJECTIONS)  *
*                                                                             *
*******************************************************************************
*                                                                             *
*        NX ===>>>  0  1  2  3  4  5  6  7  8  9 10 11 12 13 14               *
*        MAX.NY => 14 13 12 11 10  9  8  7  6  5  4  3  2  1  0               *
*                 ---------------------------------------------               *
*   NY= 0  (14)  | 25 23 21 20 18 16 14 13 11  9  7  6  4  2  0               *
*   NY= 1  (13)  | 23 21 20 18 16 14 13 11  9  7  6  4  2  0                  *
*   NY= 2  (12)  | 21 20 18 16 14 13 11  9  7  6  4  2  0                     *
*   NY= 3  (11)  | 20 18 16 14 13 11  9  7  6  4  2  0                        *
*   NY= 4  (10)  | 18 16 14 13 11  9  7  6  4  2  0                           *
*   NY= 5  ( 9)  | 16 14 13 11  9  7  6  4  2  0                              *
*   NY= 6  ( 8)  | 14 13 11  9  7  6  4  2  0                                 *
*   NY= 7  ( 7)  | 13 11  9  7  6  4  2  0                                    *
*   NY= 8  ( 6)  | 11  9  7  6  4  2  0                                       *
*   NY= 9  ( 5)  |  9  7  6  4  2  0                                          *
*   NY=10  ( 4)  |  7  6  4  2  0                                             *
*   NY=11  ( 3)  |  6  4  2  0                                                *
*   NY=12  ( 2)  |  4  2  0                                                   *
*   NY=13  ( 1)  |  2  0                                                      *
*   NY=14  ( 0)  |  0                                                         *
*                                                                             *
*                                                                             *
*        NZ ===>>>  0  1  2  3  4  5  6  7  8  9 10 11 12 13 14 15 16 17 18   *
*        MAX.NY => 14 13 13 12 12 11 11 10  9  9  8  8  7  7  6  5  5  4  4   *
*                 ---------------------------------------------------------   *
*   NY= 0  (25)  | 14 13 13 12 12 11 11 10  9  9  8  8  7  7  6  5  5  4  4   *
*   NY= 1  (23)  | 13 12 12 11 11 10 10  9  8  8  7  7  6  6  5  4  4  3  3   *
*   NY= 2  (21)  | 12 11 11 10 10  9  9  8  7  7  6  6  5  5  4  3  3  2  2   *
*   NY= 3  (20)  | 11 10 10  9  9  8  8  7  6  6  5  5  4  4  3  2  2  1  1   *
*   NY= 4  (18)  | 10  9  9  8  8  7  7  6  5  5  4  4  3  3  2  1  1  0  0   *
*   NY= 5  (16)  |  9  8  8  7  7  6  6  5  4  4  3  3  2  2  1  0  0         *
*   NY= 6  (14)  |  8  7  7  6  6  5  5  4  3  3  2  2  1  1  0               *
*   NY= 7  (13)  |  7  6  6  5  5  4  4  3  2  2  1  1  0  0                  *
*   NY= 8  (11)  |  6  5  5  4  4  3  3  2  1  1  0  0                        *
*   NY= 9  ( 9)  |  5  4  4  3  3  2  2  1  0  0                              *
*   NY=10  ( 7)  |  4  3  3  2  2  1  1  0                                    *
*   NY=11  ( 6)  |  3  2  2  1  1  0  0                                       *
*   NY=12  ( 4)  |  2  1  1  0  0                                             *
*   NY=13  ( 2)  |  1  0  0                                                   *
*   NY=14  ( 0)  |  0                                                         *
*                                                                             *
*                                                                             *
*        NZ ===>>>  0  1  2  3  4  5  6  7  8  9 10 11 12 13 14 15 16 17 18   *
*        MAX.NX => 14 13 13 12 12 11 11 10  9  9  8  8  7  7  6  5  5  4  4   *
*                 ---------------------------------------------------------   *
*   NX= 0  (25)  | 14 13 13 12 12 11 11 10  9  9  8  8  7  7  6  5  5  4  4   *
*   NX= 1  (23)  | 13 12 12 11 11 10 10  9  8  8  7  7  6  6  5  4  4  3  3   *
*   NX= 2  (21)  | 12 11 11 10 10  9  9  8  7  7  6  6  5  5  4  3  3  2  2   *
*   NX= 3  (20)  | 11 10 10  9  9  8  8  7  6  6  5  5  4  4  3  2  2  1  1   *
*   NX= 4  (18)  | 10  9  9  8  8  7  7  6  5  5  4  4  3  3  2  1  1  0  0   *
*   NX= 5  (16)  |  9  8  8  7  7  6  6  5  4  4  3  3  2  2  1  0  0         *
*   NX= 6  (14)  |  8  7  7  6  6  5  5  4  3  3  2  2  1  1  0               *
*   NX= 7  (13)  |  7  6  6  5  5  4  4  3  2  2  1  1  0  0                  *
*   NX= 8  (11)  |  6  5  5  4  4  3  3  2  1  1  0  0                        *
*   NX= 9  ( 9)  |  5  4  4  3  3  2  2  1  0  0                              *
*   NX=10  ( 7)  |  4  3  3  2  2  1  1  0                                    *
*   NX=11  ( 6)  |  3  2  2  1  1  0  0                                       *
*   NX=12  ( 4)  |  2  1  1  0  0                                             *
*   NX=13  ( 2)  |  1  0  0                                                   *
*   NX=14  ( 0)  |  0                                                         *
*                                                                             *
*******************************************************************************

*******************************************************************************
*                                                                             *
* NUCLIDE: N =  98  Z =  78  NUMBER OF ITERATIONS = 1000   CONTINUATION? = 1  *
*                                                                             *
*******************************************************************************
*                                                                             *
* ITERATIONS WILL STOP WHEN THE STABILITY BECOMES LOWER THAN EPSITE=0.300000  *
*                                            FOR    5 CONSECUTIVE ITERATIONS  *
*                                                                             *
*******************************************************************************
*                                                                             *
* ITERATIONS WILL STOP WHEN THE PING-PONG DIVERGENCE OCCURS FOR EPSPNG=0.010  *
*                                DURING    5 PAIRS OF CONSECUTIVE ITERATIONS  *
*                                                                             *
*******************************************************************************
*                                                                             *
* ITERATIONS WILL STOP FOR CHAOTIC-DIVERGENCE CONDITION OCCURING   20  TIMES  *
*                                                                             *
*******************************************************************************
*                                                                             *
* SLOW-DOWN PARAMETERS:                                                       *
* TIME-EVEN = 0.85   TIME-ODD = 0.85   PAIRING = 0.85   LIPKIN-NOGAMI = 0.85  *
*                    LIP-MASS = 0.50   LIP-MOI = 0.50   LIPKIN-METHOD = 0.50  *
*                                                                             *
*******************************************************************************
*                                                                             *
* BROYDEN METHOD IS:  ON                                                      *
*                                                                             *
*    TRIGGERED ONLY WHEN STABILITY IS LOWER THAN :  1000.000 MEV              *
*    INITIAL SLOWING FACTOR (BEFORE TRIGGER)     :     0.85 (=SLOWEV)         *
*    BROYDEN SLOWING FACTOR (AFTER  TRIGGER)     :     0.40 (=1-ALPHAM)       *
*    NUMBER OF ITERATIONS RETAINED IN MEMORY     :    10                      *
*                                                                             *
*******************************************************************************
*                                                                             *
* DIRECT COULOMB TERMS SOLVED BY GREEN FUNCTION AND FOURIER TRANSFORM METHOD  *
* COULOMB PARAMETERS:  NUMCOU = 80  NUMETA = 79  BOUCOU = 20.0  FURMAX =0.25  *
*                                                                             *
*******************************************************************************
*                                                                             *
* EXCHANGE COULOMB TERMS TREATED BY THE SLATER APPROXIMATION                  *
*                                                                             *
*******************************************************************************
*                                                                             *
* MAXIMUM NUMBERS OF MULTIPOLE MOMENTS USED FOR THE CONSTRAINTS,    NMUCON=4  *
*                                           FOR THE COULOMB FIELD,  NMUCOU=4  *
*                                           FOR THE OUTPUT INFO,    NMUPRI=4  *
*                                                                             *
*******************************************************************************
*                                                                             *
* MULTIPOLE CONSTRAINTS: LAMBDA= 2  MIU= 0  MOMENT=157.000  STIFFNESS= 0.500  *
*                        LAMBDA= 3  MIU= 0  MOMENT= 36.000  STIFFNESS= 0.500  *
*                                                                             *
*******************************************************************************
*                                                                             *
* LINEAR MULTIPOLE CONSTRAINTS: LAMBDA= 2  MIU= 0  LAGRANGE PAR. USED= 0.000  *
*                               LAMBDA= 3  MIU= 0  LAGRANGE PAR. USED= 0.000  *
*                                                                             *
*******************************************************************************
*                                                                             *
* THE LAGRANGE PARAMETERS OF THE LINEAR CONSTRAINTS ARE RE-ADJUSTED AT EACH   *
* ITERATION BY USING THE CRANKING APPROXIMATION OF THE RPA MATRIX             *
*                                                                             *
*******************************************************************************
*                                                                             *
* PRINTING THE RESULTS FOR THE FOLLOWING ITERATIONS:         THE  FIRST: YES  *
*                                                            THE MIDDLE:  NO  *
*                                                     AND/OR THE   LAST: YES  *
*                                                                             *
*******************************************************************************
*                                                                             *
* PRINTING THE MOMENTS, RADII, AND DEFORMATIONS FOR:           NEUTRONS: YES  *
*                                                              PROTONS : YES  *
*                                                              MASS    : YES  *
*                                                                             *
*******************************************************************************
*                                                                             *
* PRINTING THE MOMENTS, MOMENTA AND DEFORMATIONS IN THE INTRINSIC FRAME: YES  *
*                                                                             *
*******************************************************************************
*                                                                             *
* NILSSON LABELS OF SINGLE-PARTICLE STATES SHOWN WITH RESPECT TO THE: Z-AXIS  *
*                                                                             *
*******************************************************************************
*                                                                             *
* CALCULATIONS WITH THE HFB PAIRING CORRELATIONS                              *
*                                                                             *
*******************************************************************************
*                                                                             *
* CONTACT PAIRING INTERACTION:     V0        V1       RHO-SAT      POWER      *
*                    NEUTRONS:  -234.380   732.438     0.320     1.0000000    *
*                     PROTONS:  -260.437   813.866     0.320     1.0000000    *
*                                                                             *
*******************************************************************************
*                                                                             *
* CUTOFF ENERGY DEFINING THE ACTIVE HFB PAIRING SPACE=      60.000            *
*                                                                             *
*******************************************************************************
*                                                                             *
* CALCULATIONS WITH SIMPLEX SYMMETRY                                          *
*                                                                             *
*******************************************************************************
*                                                                             *
* CALCULATIONS WITH TIME-ODD SYMMETRIES:        T*SIMPLEX_X =>     CONSERVED  *
*                                               T*SIMPLEX_Y =>     CONSERVED  *
*                                               T*SIMPLEX_Z => NON CONSERVED  *
*                                                                             *
*******************************************************************************
*                                                                             *
* CALCULATIONS WITHOUT ROTATION                                               *
*                                                                             *
*******************************************************************************

*******************************************************************************
*                                                                             *
*  CALLING SUBROUTINE "RECORD" TO READ THE REPLAY FILE OBTAINED PREVIOUSLY    *
*  ./restart/HFODD_00000019.REC                                               *
*                                                                             *
*******************************************************************************

*******************************************************************************
*                                                                             *
*  SINGLE-QUASIPARTICLE PROPERTIES:                                NEUTRONS   *
*                                                                             *
*******************************************************************************
*                                                                             *
*  NO)   ENERGY   (S=+,S=-)       PARITY   V2QUAP   EEQUIV   DEQUIV   V_CORR  *
*                                                                             *
*  63)    9.755   ( 32,  0)        0.084  0.99517  -19.026    1.352  0.99706  *
*  64)    9.755   (  0, 32)        0.084  0.99517  -19.026    1.352  0.99706  *
*  67)    9.385   (  0, 34)       -0.295  0.99659  -18.686    1.095  0.99776  *
*  68)    9.385   ( 34,  0)       -0.295  0.99659  -18.686    1.095  0.99776  *
*  69)    8.806   ( 35,  0)       -0.779  0.99803  -18.136    0.780  0.99854  *
*  70)    8.806   (  0, 35)       -0.779  0.99803  -18.136    0.780  0.99854  *
*  71)    9.274   (  0, 36)       -0.206  0.94759  -17.667    4.134  0.96792  *
*  72)    9.274   ( 36,  0)       -0.206  0.94759  -17.667    4.134  0.96792  *
*  73)    8.281   ( 37,  0)        0.632  0.99800  -17.613    0.741  0.99832  *
*  74)    8.281   (  0, 37)        0.632  0.99800  -17.613    0.741  0.99832  *
*  75)    8.150   ( 38,  0)       -0.184  0.99752  -17.475    0.810  0.99786  *
*  76)    8.150   (  0, 38)       -0.184  0.99752  -17.475    0.810  0.99786  *
*  77)    7.293   ( 39,  0)       -0.559  0.99744  -16.620    0.738  0.99719  *
*  78)    7.293   (  0, 39)       -0.559  0.99744  -16.620    0.738  0.99719  *
*  79)    7.044   ( 40,  0)        0.366  0.99757  -16.375    0.693  0.99711  *
*  80)    7.044   (  0, 40)        0.366  0.99757  -16.375    0.693  0.99711  *
*  81)    6.858   ( 41,  0)       -0.073  0.99764  -16.191    0.666  0.99701  *
*  82)    6.858   (  0, 41)       -0.073  0.99764  -16.191    0.666  0.99701  *
*  83)    5.883   (  0, 42)        0.190  0.99649  -15.207    0.696  0.99332  *
*  84)    5.883   ( 42,  0)        0.190  0.99649  -15.207    0.696  0.99332  *
*  85)    5.427   ( 43,  0)       -0.067  0.99596  -14.749    0.688  0.99012  *
*  86)    5.427   (  0, 43)       -0.067  0.99596  -14.749    0.688  0.99012  *
*  87)    5.348   ( 44,  0)        0.222  0.99415  -14.651    0.815  0.98520  *
*  88)    5.348   (  0, 44)        0.222  0.99415  -14.651    0.815  0.98520  *
*  89)    4.784   ( 45,  0)        0.221  0.99177  -14.071    0.865  0.96932  *
*  90)    4.784   (  0, 45)        0.221  0.99177  -14.071    0.865  0.96932  *
*  91)    4.677   ( 46,  0)        0.621  0.98855  -13.935    0.995  0.95523  *
*  92)    4.677   (  0, 46)        0.621  0.98855  -13.935    0.995  0.95523  *
*  93)    4.162   (  0, 47)       -0.342  0.99307  -13.470    0.691  0.94849  *
*  94)    4.162   ( 47,  0)       -0.342  0.99307  -13.470    0.691  0.94849  *
*  95)    3.690   ( 48,  0)       -0.293  0.99128  -12.991    0.686  0.87124  *
*  96)    3.690   (  0, 48)       -0.293  0.99128  -12.991    0.686  0.87124  *
*  97)    4.579   (  0, 49)        0.068  0.84741  -12.547    3.293  0.76315  *
*  98)    4.579   ( 49,  0)        0.068  0.84741  -12.547    3.293  0.76315  *
*  99)    3.227   (  0, 50)       -0.533  0.98958  -12.525    0.655  0.67511  *
* 100)    3.227   ( 50,  0)       -0.533  0.98958  -12.525    0.655  0.67511  *
* 101)    4.053   (  0, 51)        0.818  0.85681  -12.257    2.839  0.71820  *
* 102)    4.053   ( 51,  0)        0.818  0.85681  -12.257    2.839  0.71820  *
* 103)    2.589   (  0, 52)        0.359  0.97430  -11.821    0.819  0.40279  *
* 104)    2.589   ( 52,  0)        0.359  0.97430  -11.821    0.819  0.40279  *
* 105)    2.146   (  0, 53)        0.124  0.97626  -11.410    0.653  0.25327  *
* 106)    2.146   ( 53,  0)        0.124  0.97626  -11.410    0.653  0.25327  *
* 107)    2.111   (  0, 54)       -0.448  0.97814  -11.384    0.617  0.23706  *
* 108)    2.111   ( 54,  0)       -0.448  0.97814  -11.384    0.617  0.23706  *
* 109)    2.099   ( 55,  0)       -0.215  0.97703  -11.368    0.629  0.23822  *
* 110)    2.099   (  0, 55)       -0.215  0.97703  -11.368    0.629  0.23822  *
* 111)    1.885   (  0, 56)       -0.423  0.96920  -11.134    0.651  0.21216  *
* 112)    1.885   ( 56,  0)       -0.423  0.96920  -11.134    0.651  0.21216  *
* 113)    1.426   ( 57,  0)        0.335  0.94239  -10.627    0.665  0.16743  *
* 114)    1.426   (  0, 57)        0.335  0.94239  -10.627    0.665  0.16743  *
* 115)    1.239   ( 58,  0)        0.304  0.93581  -10.445    0.607  0.14217  *
* 116)    1.239   (  0, 58)        0.304  0.93581  -10.445    0.607  0.14217  *
* 117)    0.859   ( 59,  0)        0.321  0.84835   -9.964    0.616  0.12489  *
* 118)    0.859   (  0, 59)        0.321  0.84835   -9.964    0.616  0.12489  *
* 119)    0.834   (  0, 60)       -0.355  0.83730   -9.927    0.615  0.12387  *
* 120)    0.834   ( 60,  0)       -0.355  0.83730   -9.927    0.615  0.12387  *
* 121)    0.663   (  0, 61)       -0.737  0.61774   -9.521    0.644  0.13140  *
* 122)    0.663   ( 61,  0)       -0.737  0.61774   -9.521    0.644  0.13140  *
* 123)    0.634   (  0, 62)       -0.235  0.49236   -9.355    0.633  0.13763  *
* 124)    0.634   ( 62,  0)       -0.235  0.49236   -9.355    0.633  0.13763  *
* 125)    0.641   (  0, 63)        0.360  0.41814   -9.260    0.633  0.14499  *
* 126)    0.641   ( 63,  0)        0.360  0.41814   -9.260    0.633  0.14499  *
* 127)    0.612   ( 64,  0)        0.061  0.39945   -9.242    0.600  0.14005  *
* 128)    0.612   (  0, 64)        0.061  0.39945   -9.242    0.600  0.14005  *
* 129)    0.622   ( 65,  0)        0.313  0.39193   -9.231    0.608  0.14275  *
* 130)    0.622   (  0, 65)        0.313  0.39193   -9.231    0.608  0.14275  *
* 131)    1.173   ( 66,  0)       -0.314  0.08788   -8.399    0.664  0.26475  *
* 132)    1.173   (  0, 66)       -0.314  0.08788   -8.399    0.664  0.26475  *
* 133)    1.484   ( 67,  0)        0.235  0.04914   -8.027    0.641  0.31483  *
* 134)    1.484   (  0, 67)        0.235  0.04914   -8.027    0.641  0.31483  *
* 135)    1.521   ( 68,  0)        0.623  0.03726   -7.957    0.576  0.32043  *
* 136)    1.521   (  0, 68)        0.623  0.03726   -7.957    0.576  0.32043  *
* 137)    1.587   ( 69,  0)        0.505  0.03289   -7.883    0.566  0.32975  *
* 138)    1.587   (  0, 69)        0.505  0.03289   -7.883    0.566  0.32975  *
* 139)    2.098   (  0, 70)        0.444  0.02424   -7.369    0.645  0.39476  *
* 140)    2.098   ( 70,  0)        0.444  0.02424   -7.369    0.645  0.39476  *
* 141)    2.526   ( 71,  0)        0.845  0.02309   -6.955    0.759  0.44025  *
* 142)    2.526   (  0, 71)        0.845  0.02309   -6.955    0.759  0.44025  *
* 143)    3.014   ( 72,  0)        0.195  0.01055   -6.415    0.616  0.48375  *
* 144)    3.014   (  0, 72)        0.195  0.01055   -6.415    0.616  0.48375  *
* 145)    4.073   ( 73,  0)        0.823  0.11000   -6.188    2.549  0.56785  *
* 146)    4.073   (  0, 73)        0.823  0.11000   -6.188    2.549  0.56785  *
* 147)    4.580   ( 74,  0)        0.066  0.15108   -6.169    3.281  0.60203  *
* 148)    4.580   (  0, 74)        0.066  0.15108   -6.169    3.281  0.60203  *
* 149)    4.009   (  0, 75)        0.691  0.03822   -5.662    1.537  0.55747  *
* 150)    4.009   ( 75,  0)        0.691  0.03822   -5.662    1.537  0.55747  *
* 151)    3.763   (  0, 76)       -0.096  0.00631   -5.650    0.596  0.53903  *
* 152)    3.763   ( 76,  0)       -0.096  0.00631   -5.650    0.596  0.53903  *
* 153)    4.316   ( 77,  0)        0.059  0.00576   -5.099    0.653  0.57291  *
* 154)    4.316   (  0, 77)        0.059  0.00576   -5.099    0.653  0.57291  *
* 155)    4.621   ( 78,  0)       -0.697  0.00488   -4.790    0.644  0.58947  *
* 156)    4.621   (  0, 78)       -0.697  0.00488   -4.790    0.644  0.58947  *
* 157)    4.654   (  0, 79)        0.263  0.00673   -4.774    0.761  0.59138  *
* 158)    4.654   ( 79,  0)        0.263  0.00673   -4.774    0.761  0.59138  *
* 159)    4.702   ( 80,  0)       -0.241  0.00546   -4.715    0.693  0.59373  *
* 160)    4.702   (  0, 80)       -0.241  0.00546   -4.715    0.693  0.59373  *
* 161)    4.851   ( 81,  0)        0.357  0.00822   -4.594    0.876  0.60155  *
* 162)    4.851   (  0, 81)        0.357  0.00822   -4.594    0.876  0.60155  *
* 163)    5.087   ( 82,  0)        0.233  0.00800   -4.359    0.906  0.61288  *
* 164)    5.087   (  0, 82)        0.233  0.00800   -4.359    0.906  0.61288  *
* 165)    5.693   (  0, 83)        0.133  0.00441   -3.722    0.754  0.63891  *
* 166)    5.693   ( 83,  0)        0.133  0.00441   -3.722    0.754  0.63891  *
* 167)    5.703   (  0, 84)        0.331  0.00230   -3.689    0.546  0.63908  *
* 168)    5.703   ( 84,  0)        0.331  0.00230   -3.689    0.546  0.63908  *
* 169)    5.737   (  0, 85)       -0.263  0.00243   -3.656    0.565  0.64049  *
* 170)    5.737   ( 85,  0)       -0.263  0.00243   -3.656    0.565  0.64049  *
* 171)    6.466   ( 86,  0)       -0.276  0.00236   -2.930    0.628  0.66754  *
* 172)    6.466   (  0, 86)       -0.276  0.00236   -2.930    0.628  0.66754  *
* 173)    6.595   (  0, 87)       -0.330  0.00226   -2.800    0.626  0.67192  *
* 174)    6.595   ( 87,  0)       -0.330  0.00226   -2.800    0.626  0.67192  *
* 175)    6.926   (  0, 88)       -0.281  0.00170   -2.462    0.571  0.68256  *
* 176)    6.926   ( 88,  0)       -0.281  0.00170   -2.462    0.571  0.68256  *
* 177)    7.034   (  0, 89)       -0.147  0.00170   -2.355    0.580  0.68591  *
* 178)    7.034   ( 89,  0)       -0.147  0.00170   -2.355    0.580  0.68591  *
* 179)    7.248   (  0, 90)        0.029  0.00160   -2.140    0.580  0.69232  *
* 180)    7.248   ( 90,  0)        0.029  0.00160   -2.140    0.580  0.69232  *
* 181)    7.618   ( 91,  0)        0.010  0.00120   -1.765    0.528  0.70279  *
* 182)    7.618   (  0, 91)        0.010  0.00120   -1.765    0.528  0.70279  *
* 183)    7.857   (  0, 92)       -0.238  0.00139   -1.530    0.586  0.70922  *
* 184)    7.857   ( 92,  0)       -0.238  0.00139   -1.530    0.586  0.70922  *
* 185)    8.007   ( 93,  0)       -0.259  0.00191   -1.388    0.700  0.71317  *
* 186)    8.007   (  0, 93)       -0.259  0.00191   -1.388    0.700  0.71317  *
* 187)    8.187   ( 94,  0)       -0.076  0.00140   -1.201    0.612  0.71763  *
* 188)    8.187   (  0, 94)       -0.076  0.00140   -1.201    0.612  0.71763  *
* 189)    9.231   ( 95,  0)       -0.227  0.05285   -1.110    4.130  0.74750  *
* 190)    9.231   (  0, 95)       -0.227  0.05285   -1.110    4.130  0.74750  *
* 191)    8.382   ( 96,  0)       -0.090  0.00145   -1.007    0.638  0.72239  *
* 192)    8.382   (  0, 96)       -0.090  0.00145   -1.007    0.638  0.72239  *
* 193)    8.447   ( 97,  0)       -0.026  0.00137   -0.942    0.626  0.72391  *
* 194)    8.447   (  0, 97)       -0.026  0.00137   -0.942    0.626  0.72391  *
* 195)    8.607   (  0, 98)        0.575  0.00134   -0.782    0.630  0.72764  *
* 196)    8.607   ( 98,  0)        0.575  0.00134   -0.782    0.630  0.72764  *
* 197)    8.784   (  0, 99)       -0.215  0.00154   -0.609    0.689  0.73168  *
* 198)    8.784   ( 99,  0)       -0.215  0.00154   -0.609    0.689  0.73168  *
* 199)    8.884   (100,  0)       -0.488  0.00115   -0.501    0.602  0.73387  *
* 200)    8.884   (  0,100)       -0.488  0.00115   -0.501    0.602  0.73387  *
* 201)    8.936   (  0,101)       -0.114  0.00118   -0.450    0.613  0.73500  *
* 202)    8.936   (101,  0)       -0.114  0.00118   -0.450    0.613  0.73500  *
* 205)    9.514   (103,  0)        0.256  0.00114    0.127    0.641  0.74702  *
* 206)    9.514   (  0,103)        0.256  0.00114    0.127    0.641  0.74702  *
* 207)    9.523   (  0,104)        0.232  0.00105    0.137    0.618  0.74719  *
* 208)    9.523   (104,  0)        0.232  0.00105    0.137    0.618  0.74719  *
* 209)    9.671   (  0,105)        0.370  0.00203    0.266    0.870  0.75021  *
* 210)    9.671   (105,  0)        0.370  0.00203    0.266    0.870  0.75021  *
* 211)    9.812   (  0,106)        0.026  0.00122    0.423    0.684  0.75283  *
* 212)    9.812   (106,  0)        0.026  0.00122    0.423    0.684  0.75283  *
*                                                                             *
*1940)   TOTAL=  ( 970, 970)                                                  *
*                                                                             *
*******************************************************************************

*******************************************************************************
*                                                                             *
*  SINGLE-PARTICLE PROPERTIES: CANONICAL                           NEUTRONS   *
*                                                                             *
*******************************************************************************
*                                                                             *
*  NO)   ENERGY   (S=+,S=-)   | N,nz,lz,OMEz>   <P>    <JY>    <SY>   GFACT   *
*                                                                             *
*  52)  -11.878   ( 52,---)   | 4, 0, 2, 5/2>    37  -0.001  -0.004   2.719   *
*  53)  -11.413   ( 53,---)   | 4, 0, 4, 9/2>    11   0.000  -0.000  -0.880   *
*  54)  -11.387   ( 54,---)   | 5, 2, 1, 1/2>   -44   0.010  -0.020  -2.033   *
*  55)  -11.371   ( 55,---)   | 7, 6, 1, 3/2>   -21  -0.065  -0.034   0.518   *
*  56)  -11.137   ( 56,---)   | 5, 2, 3, 5/2>   -42  -0.001  -0.002   1.714   *
*  57)  -10.628   ( 57,---)   | 4, 0, 4, 7/2>    33   0.001  -0.001  -0.541   *
*  58)  -10.447   ( 58,---)   | 4, 0, 0, 1/2>    29   0.040  -0.440 -1.E+01   *
*  59)   -9.964   ( 59,---)   | 4, 0, 2, 3/2>    31  -0.113  -0.030   0.262   *
*  60)   -9.927   ( 60,---)   | 7, 5, 0, 1/2>   -35  -0.662  -0.334   0.505   *
*  61)   -9.501   ( 61,---)   | 7, 4, 3, 7/2>   -60   0.017   0.002   0.118   *
*  62)   -9.447   ( 62,---)   | 7, 5, 2, 3/2>   -50   0.019   0.003   0.171   *
*  63)   -9.264   ( 63,---)   | 8, 6, 2, 5/2>    35   0.011  -0.007  -0.660   *
*  64)   -9.229   ( 64,---)   | 7, 6, 1, 1/2>     5  -0.102  -0.211   2.069   *
*  65)   -9.147   ( 65,---)   | 6, 3, 1, 3/2>    69  -0.084  -0.014   0.169   *
*  66)   -8.389   ( 66,---)   | 5, 0, 5,11/2>   -30  -0.000   0.000  -0.495   *
*  67)   -8.004   ( 67,---)   | 6, 2, 4, 9/2>    35  -0.000   0.000  -0.199   *
*  68)   -7.882   ( 68,---)   | 6, 3, 1, 1/2>    67   0.059  -0.025  -0.418   *
*  69)   -7.815   ( 69,---)   | 8, 8, 0, 1/2>    41  -1.887  -0.367   0.194   *
*  70)   -7.321   ( 70,---)   | 6, 3, 3, 5/2>    58   0.031   0.000   0.012   *
*  71)   -6.734   ( 71,---)   | 4, 0, 2, 5/2>    12   0.010  -0.001  -0.062   *
*  72)   -6.326   ( 72,---)   | 8, 7, 1, 3/2>    16   0.010  -0.008  -0.844   *
*  73)   -5.258   ( 73,---)   | 8, 5, 3, 7/2>    59   0.000   0.000   0.273   *
*  74)   -5.075   ( 74,---)   | 8, 6, 0, 1/2>    15  -0.622  -0.319   0.513   *
*  75)   -5.054   ( 75,---)   | 7, 4, 1, 3/2>   -12  -0.093  -0.039   0.413   *
*  76)   -4.947   ( 76,---)   | 4, 0, 0, 1/2>    -3  -0.242  -0.417   1.726   *
*  77)   -4.635   ( 77,---)   | 7, 3, 4, 9/2>   -71  -0.000  -0.000   0.198   *
*  78)   -4.633   ( 78,---)   | 4, 0, 4, 7/2>    16   0.003  -0.004  -1.360   *
*  79)   -4.556   ( 79,---)   | 7, 4, 3, 5/2>   -36   0.014  -0.006  -0.436   *
*  80)   -4.510   ( 80,---)   | 8, 6, 2, 3/2>    15   0.011   0.020   1.774   *
*  81)   -4.152   ( 81,---)   | 4, 0, 2, 3/2>   -11  -0.043  -0.180   4.152   *
*  82)   -4.115   ( 82,---)   | 7, 4, 1, 1/2>    -9  -0.072  -0.073   1.012   *
*  83)   -3.089   ( 83,---)   | 7, 4, 1, 1/2>    -5   0.067  -0.090  -1.341   *
*  84)   -2.994   ( 84,---)   | 5, 0, 3, 7/2>   -25  -0.001  -0.001   1.010   *
*  85)   -2.987   ( 85,---)   | 6, 2, 2, 5/2>    28   0.000  -0.001  -6.044   *
*  86)   -2.623   ( 86,---)   | 5, 0, 5,11/2>   -32  -0.000  -0.000   0.692   *
*  87)   -2.579   ( 87,---)   | 7, 4, 3, 5/2>   -29  -0.004  -0.006   1.620   *
*  88)   -1.706   ( 88,---)   | 9, 9, 0, 1/2>   -38  -2.250  -0.356   0.158   *
*  89)   -1.066   ( 89,---)   | 8, 5, 1, 3/2>     3   0.261   0.015   0.058   *
*  90)   -0.844   ( 90,---)   | 6, 2, 0, 1/2>     4   0.095  -0.263  -2.778   *
*  91)   -0.702   ( 91,---)   | 6, 2, 2, 3/2>     6  -0.379  -0.167   0.441   *
*  92)   -0.564   ( 92,---)   | 5, 0, 5, 9/2>   -26  -0.000   0.000  -0.423   *
*  93)   -0.428   ( 93,---)   | 9, 6, 3, 7/2>   -15   0.005   0.000   0.025   *
*  94)   -0.403   ( 94,---)   | 8, 4, 4, 9/2>    75  -0.001  -0.000   0.036   *
*  95)   -0.168   ( 95,---)   | 5, 0, 3, 5/2>   -20   0.007  -0.000  -0.067   *
*  96)   -0.132   ( 96,---)   | 6, 2, 4, 7/2>     2   0.000  -0.000  -0.285   *
*                                                                             *
*******************************************************************************

*******************************************************************************
*                                                                             *
*  HFB PAIRING PROPERTIES                                           NEUTRONS  *
*                                                                             *
*  STRENGTH= 0.1697   GAP= 0.6409   FERMI ENERGY=-12.5892   ENERGY=  -2.4207  *
*                                                                             *
*******************************************************************************

*******************************************************************************
*                                                                             *
*  MULTIPOLE MOMENTS [UNITS:  (10 FERMI)^LAMBDA]                    NEUTRONS  *
*                                                                             *
*******************************************************************************
*                                                                             *
*  Q00 = 98.0000  .............  .............  .............  .............  *
*                                                                             *
*  Q10 =  4.1593  Q11 =    ZERO  .............  .............  .............  *
*                                                                             *
*  Q20 = 48.3939  Q21 =    ZERO  Q22 =  0.1255  .............  .............  *
*                                                                             *
*  Q30 =  6.1739  Q31 =    ZERO  Q32 = -0.0279  Q33 =    ZERO  .............  *
*                                                                             *
*  Q40 =  9.6160  Q41 =    ZERO  Q42 =  0.0185  Q43 =    ZERO  Q44 = 1.3E-04  *
*                                                                             *
*******************************************************************************

*******************************************************************************
*                                                                             *
*  ROOT-MEAN-SQUARE AND GEOMETRIC SIZES IN FERMIS                   NEUTRONS  *
*                                                                             *
*  R_RMS =  6.5961     X_RMS =  2.5119    Y_RMS =  2.4972    Z_RMS =  5.5645  *
*                                                                             *
*  R_GEO =  8.5156     X_GEO =  5.6168    Y_GEO =  5.5838    Z_GEO = 12.4426  *
*                                                                             *
*******************************************************************************

*******************************************************************************
*                                                                             *
*  BOHR DEFORMATIONS (FIRST-ORDER APPROXIMATION)                    NEUTRONS  *
*                                                                             *
*******************************************************************************
*                                                                             *
*  B10 =  0.1020  B11 =    ZERO  .............  .............  .............  *
*                                                                             *
*  B20 =  0.8997  B21 =    ZERO  B22 =  0.0023  .............  .............  *
*                                                                             *
*  B30 =  0.4273  B31 =    ZERO  B32 = -0.0027  B33 =    ZERO  .............  *
*                                                                             *
*  B40 =  0.7816  B41 =    ZERO  B42 =  0.0021  B43 =    ZERO  B44 = 1.5E-05  *
*                                                                             *
*******************************************************************************
*                                                                             *
*  BOHR DENSITY = 0.0379 FM^(-3)  BOHR RADIUS =   8.5156 FM                   *
*                                                                             *
*******************************************************************************

*******************************************************************************
*                                                                             *
*  SINGLE-QUASIPARTICLE PROPERTIES:                                 PROTONS   *
*                                                                             *
*******************************************************************************
*                                                                             *
*  NO)   ENERGY   (S=+,S=-)       PARITY   V2QUAP   EEQUIV   DEQUIV   V_CORR  *
*                                                                             *
*  35)    9.666   (  0, 18)        0.840  0.99887  -11.826    0.650  0.99981  *
*  36)    9.666   ( 18,  0)        0.840  0.99887  -11.826    0.650  0.99981  *
*  37)    9.152   ( 19,  0)       -0.264  0.99902  -11.316    0.572  0.99983  *
*  38)    9.152   (  0, 19)       -0.264  0.99902  -11.316    0.572  0.99983  *
*  39)    8.943   ( 20,  0)       -0.289  0.99903  -11.108    0.557  0.99982  *
*  40)    8.943   (  0, 20)       -0.289  0.99903  -11.108    0.557  0.99982  *
*  41)    8.462   ( 21,  0)       -0.300  0.99903  -10.627    0.527  0.99981  *
*  42)    8.462   (  0, 21)       -0.300  0.99903  -10.627    0.527  0.99981  *
*  43)    8.416   ( 22,  0)       -0.384  0.99873  -10.576    0.600  0.99975  *
*  44)    8.416   (  0, 22)       -0.384  0.99873  -10.576    0.600  0.99975  *
*  45)    8.094   (  0, 23)       -0.420  0.99894  -10.258    0.528  0.99978  *
*  46)    8.094   ( 23,  0)       -0.420  0.99894  -10.258    0.528  0.99978  *
*  47)    7.046   ( 24,  0)        0.589  0.99826   -9.203    0.588  0.99957  *
*  48)    7.046   (  0, 24)        0.589  0.99826   -9.203    0.588  0.99957  *
*  49)    6.537   (  0, 25)       -0.789  0.99838   -8.698    0.525  0.99956  *
*  50)    6.537   ( 25,  0)       -0.789  0.99838   -8.698    0.525  0.99956  *
*  51)    6.293   ( 26,  0)        0.650  0.99779   -8.447    0.591  0.99936  *
*  52)    6.293   (  0, 26)        0.650  0.99779   -8.447    0.591  0.99936  *
*  53)    4.460   (  0, 27)       -0.349  0.99673   -6.612    0.510  0.99842  *
*  54)    4.460   ( 27,  0)       -0.349  0.99673   -6.612    0.510  0.99842  *
*  55)    4.308   (  0, 28)        0.184  0.99636   -6.458    0.519  0.99814  *
*  56)    4.308   ( 28,  0)        0.184  0.99636   -6.458    0.519  0.99814  *
*  57)    4.226   ( 29,  0)        0.130  0.99584   -6.373    0.544  0.99781  *
*  58)    4.226   (  0, 29)        0.130  0.99584   -6.373    0.544  0.99781  *
*  59)    4.004   (  0, 30)       -0.127  0.99602   -6.154    0.504  0.99770  *
*  60)    4.004   ( 30,  0)       -0.127  0.99602   -6.154    0.504  0.99770  *
*  61)    3.979   ( 31,  0)       -0.458  0.99654   -6.134    0.468  0.99797  *
*  62)    3.979   (  0, 31)       -0.458  0.99654   -6.134    0.468  0.99797  *
*  63)    3.521   (  0, 32)       -0.732  0.98824   -5.620    0.759  0.99155  *
*  64)    3.521   ( 32,  0)       -0.732  0.98824   -5.620    0.759  0.99155  *
*  67)    3.102   (  0, 34)       -0.316  0.99429   -5.248    0.467  0.99465  *
*  68)    3.102   ( 34,  0)       -0.316  0.99429   -5.248    0.467  0.99465  *
*  69)    2.770   (  0, 35)        0.476  0.99153   -4.905    0.507  0.98989  *
*  70)    2.770   ( 35,  0)        0.476  0.99153   -4.905    0.507  0.98989  *
*  71)    2.695   (  0, 36)       -0.303  0.99167   -4.832    0.490  0.98937  *
*  72)    2.695   ( 36,  0)       -0.303  0.99167   -4.832    0.490  0.98937  *
*  73)    5.748   ( 37,  0)        0.232  0.70801   -4.573    5.227  0.92345  *
*  74)    5.748   (  0, 37)        0.232  0.70801   -4.573    5.227  0.92345  *
*  75)    1.679   ( 38,  0)       -0.646  0.94709   -3.683    0.752  0.82185  *
*  76)    1.679   (  0, 38)       -0.646  0.94709   -3.683    0.752  0.82185  *
*  77)    1.453   ( 39,  0)        0.062  0.96906   -3.545    0.503  0.77290  *
*  78)    1.453   (  0, 39)        0.062  0.96906   -3.545    0.503  0.77290  *
*  79)    0.736   ( 40,  0)        0.343  0.86117   -2.714    0.509  0.31640  *
*  80)    0.736   (  0, 40)        0.343  0.86117   -2.714    0.509  0.31640  *
*  83)    0.496   ( 42,  0)        0.247  0.62439   -2.305    0.480  0.24694  *
*  84)    0.496   (  0, 42)        0.247  0.62439   -2.305    0.480  0.24694  *
*  85)    0.514   (  0, 43)        0.253  0.34520   -2.023    0.489  0.27691  *
*  86)    0.514   ( 43,  0)        0.253  0.34520   -2.023    0.489  0.27691  *
*  87)    0.582   (  0, 44)       -0.054  0.28111   -1.927    0.524  0.30817  *
*  88)    0.582   ( 44,  0)       -0.054  0.28111   -1.927    0.524  0.30817  *
*  89)    0.750   (  0, 45)        0.162  0.11720   -1.608    0.482  0.37026  *
*  90)    0.750   ( 45,  0)        0.162  0.11720   -1.608    0.482  0.37026  *
*  93)    0.902   ( 47,  0)        0.520  0.08193   -1.428    0.495  0.41525  *
*  94)    0.902   (  0, 47)        0.520  0.08193   -1.428    0.495  0.41525  *
*  95)    1.194   (  0, 48)        0.129  0.04364   -1.092    0.488  0.48455  *
*  96)    1.194   ( 48,  0)        0.129  0.04364   -1.092    0.488  0.48455  *
*  97)    1.472   ( 49,  0)       -0.208  0.02968   -0.798    0.499  0.53659  *
*  98)    1.472   (  0, 49)       -0.208  0.02968   -0.798    0.499  0.53659  *
*  99)    1.598   (  0, 50)       -0.062  0.05401   -0.757    0.722  0.55929  *
* 100)    1.598   ( 50,  0)       -0.062  0.05401   -0.757    0.722  0.55929  *
* 101)    1.952   (  0, 51)       -0.457  0.01516   -0.289    0.477  0.60497  *
* 102)    1.952   ( 51,  0)       -0.457  0.01516   -0.289    0.477  0.60497  *
* 103)    5.723   (  0, 52)        0.239  0.29016    0.220    5.194  0.85222  *
* 104)    5.723   ( 52,  0)        0.239  0.29016    0.220    5.194  0.85222  *
* 105)    2.482   (  0, 53)       -0.620  0.00839    0.258    0.453  0.66020  *
* 106)    2.482   ( 53,  0)       -0.620  0.00839    0.258    0.453  0.66020  *
* 107)    3.499   ( 54,  0)       -0.459  0.01168    1.236    0.752  0.73319  *
* 108)    3.499   (  0, 54)       -0.459  0.01168    1.236    0.752  0.73319  *
* 109)    3.548   ( 55,  0)       -0.529  0.00443    1.334    0.471  0.73501  *
* 110)    3.548   (  0, 55)       -0.529  0.00443    1.334    0.471  0.73501  *
* 111)    3.680   (  0, 56)       -0.389  0.00477    1.463    0.507  0.74213  *
* 112)    3.680   ( 56,  0)       -0.389  0.00477    1.463    0.507  0.74213  *
* 113)    4.104   ( 57,  0)        0.121  0.00407    1.889    0.522  0.76239  *
* 114)    4.104   (  0, 57)        0.121  0.00407    1.889    0.522  0.76239  *
* 117)    4.322   ( 59,  0)        0.229  0.00243    2.119    0.425  0.77145  *
* 118)    4.322   (  0, 59)        0.229  0.00243    2.119    0.425  0.77145  *
* 119)    4.886   (  0, 60)        0.231  0.00268    2.678    0.505  0.79241  *
* 120)    4.886   ( 60,  0)        0.231  0.00268    2.678    0.505  0.79241  *
* 121)    5.018   ( 61,  0)       -0.165  0.00255    2.810    0.506  0.79672  *
* 122)    5.018   (  0, 61)       -0.165  0.00255    2.810    0.506  0.79672  *
* 123)    5.298   ( 62,  0)       -0.337  0.00216    3.093    0.491  0.80535  *
* 124)    5.298   (  0, 62)       -0.337  0.00216    3.093    0.491  0.80535  *
* 125)    5.553   (  0, 63)       -0.457  0.00214    3.347    0.513  0.81262  *
* 126)    5.553   ( 63,  0)       -0.457  0.00214    3.347    0.513  0.81262  *
* 127)    5.586   (  0, 64)       -0.051  0.00204    3.382    0.504  0.81352  *
* 128)    5.586   ( 64,  0)       -0.051  0.00204    3.382    0.504  0.81352  *
* 129)    5.663   ( 65,  0)        0.280  0.00221    3.456    0.531  0.81559  *
* 130)    5.663   (  0, 65)        0.280  0.00221    3.456    0.531  0.81559  *
* 131)    6.034   ( 66,  0)        0.334  0.00203    3.828    0.543  0.82494  *
* 132)    6.034   (  0, 66)        0.334  0.00203    3.828    0.543  0.82494  *
* 133)    6.234   (  0, 67)        0.445  0.00191    4.028    0.544  0.82957  *
* 134)    6.234   ( 67,  0)        0.445  0.00191    4.028    0.544  0.82957  *
* 135)    7.078   (  0, 68)        0.367  0.00135    4.877    0.520  0.84674  *
* 136)    7.078   ( 68,  0)        0.367  0.00135    4.877    0.520  0.84674  *
* 137)    7.240   ( 69,  0)        0.388  0.00123    5.041    0.507  0.84965  *
* 138)    7.240   (  0, 69)        0.388  0.00123    5.041    0.507  0.84965  *
* 139)    7.376   (  0, 70)        0.386  0.00137    5.174    0.547  0.85201  *
* 140)    7.376   ( 70,  0)        0.386  0.00137    5.174    0.547  0.85201  *
* 141)    7.397   ( 71,  0)        0.456  0.00114    5.198    0.499  0.85235  *
* 142)    7.397   (  0, 71)        0.456  0.00114    5.198    0.499  0.85235  *
* 143)    7.630   (  0, 72)       -0.281  0.00106    5.432    0.497  0.85621  *
* 144)    7.630   ( 72,  0)       -0.281  0.00106    5.432    0.497  0.85621  *
* 145)    8.488   ( 73,  0)        0.313  0.00089    6.291    0.506  0.86882  *
* 146)    8.488   (  0, 73)        0.313  0.00089    6.291    0.506  0.86882  *
* 147)    9.119   (  0, 74)        0.327  0.00094    6.920    0.558  0.87678  *
* 148)    9.119   ( 74,  0)        0.327  0.00094    6.920    0.558  0.87678  *
* 149)    9.671   (  0, 75)        0.472  0.00067    7.476    0.501  0.88298  *
* 150)    9.671   ( 75,  0)        0.472  0.00067    7.476    0.501  0.88298  *
* 151)    9.853   (  0, 76)        0.074  0.00064    7.658    0.498  0.88488  *
* 152)    9.853   ( 76,  0)        0.074  0.00064    7.658    0.498  0.88488  *
*                                                                             *
*1498)   TOTAL=  ( 749, 749)                                                  *
*                                                                             *
*******************************************************************************

*******************************************************************************
*                                                                             *
*  SINGLE-PARTICLE PROPERTIES: CANONICAL                            PROTONS   *
*                                                                             *
*******************************************************************************
*                                                                             *
*  NO)   ENERGY   (S=+,S=-)   | N,nz,lz,OMEz>   <P>    <JY>    <SY>   GFACT   *
*                                                                             *
*  20)  -11.930   ( 20,---)   | 4, 2, 2, 5/2>    57  -0.176  -0.026   0.148   *
*  21)  -11.888   ( 21,---)   | 5, 4, 1, 1/2>   -22  -0.109   0.134  -1.233   *
*  22)  -11.432   ( 22,---)   | 3, 1, 2, 3/2>    -3   0.055  -0.121  -2.211   *
*  23)  -10.774   ( 23,---)   | 3, 1, 0, 1/2>   -19  -0.090  -0.285   3.150   *
*  24)  -10.595   ( 24,---)   | 5, 5, 0, 1/2>   -39  -1.222  -0.436   0.357   *
*  25)  -10.260   ( 25,---)   | 3, 0, 3, 7/2>   -41  -0.002  -0.000   0.043   *
*  26)   -9.218   ( 26,---)   | 4, 2, 2, 3/2>    56  -0.015  -0.012   0.813   *
*  27)   -8.714   ( 27,---)   | 5, 3, 2, 5/2>   -77   0.013  -0.002  -0.189   *
*  28)   -8.474   ( 28,---)   | 4, 2, 0, 1/2>    63  -0.569  -0.483   0.849   *
*  29)   -7.901   ( 29,---)   | 4, 2, 2, 3/2>    23  -0.017  -0.014   0.780   *
*  30)   -6.614   ( 30,---)   | 3, 0, 3, 5/2>   -35   0.008  -0.003  -0.317   *
*  31)   -6.458   ( 31,---)   | 6, 5, 1, 1/2>    15  -0.580  -0.175   0.302   *
*  32)   -6.371   ( 32,---)   | 4, 1, 3, 7/2>    12  -0.006  -0.004   0.681   *
*  33)   -6.160   ( 33,---)   | 6, 6, 0, 1/2>   -13  -0.616  -0.326   0.529   *
*  34)   -6.150   ( 34,---)   | 3, 0, 1, 3/2>   -44  -0.036  -0.069   1.919   *
*  35)   -5.668   ( 35,---)   | 5, 3, 2, 3/2>   -73   0.004  -0.001  -0.165   *
*  36)   -5.253   ( 36,---)   | 3, 0, 1, 1/2>   -30  -0.111  -0.010   0.089   *
*  37)   -4.904   ( 37,---)   | 6, 4, 2, 5/2>    36  -0.115  -0.074   0.641   *
*  38)   -4.839   ( 38,---)   | 5, 3, 0, 1/2>   -17  -0.455  -0.314   0.690   *
*  39)   -3.778   ( 39,---)   | 5, 2, 3, 7/2>   -64  -0.000  -0.000   0.673   *
*  40)   -3.546   ( 40,---)   | 6, 5, 1, 3/2>     6  -0.014  -0.011   0.790   *
*  41)   -2.714   ( 41,---)   | 4, 0, 4, 9/2>    34   0.000  -0.000  -1.347   *
*  42)   -2.306   ( 42,---)   | 4, 1, 1, 3/2>    24  -0.135  -0.087   0.639   *
*  43)   -1.973   ( 43,---)   | 6, 4, 0, 1/2>    15  -0.737  -0.188   0.256   *
*  44)   -1.971   ( 44,---)   | 3, 0, 3, 5/2>     1  -0.276  -0.055   0.198   *
*  45)   -1.601   ( 45,---)   | 6, 5, 1, 1/2>    20   0.522  -0.201  -0.384   *
*  46)   -1.424   ( 46,---)   | 6, 4, 2, 3/2>    52  -0.135  -0.002   0.018   *
*  47)   -1.078   ( 47,---)   | 4, 1, 1, 1/2>     9  -0.089  -0.021   0.233   *
*  48)   -0.783   ( 48,---)   | 7, 5, 2, 5/2>   -22  -0.005  -0.001   0.155   *
*  49)   -0.645   ( 49,---)   | 6, 3, 3, 7/2>    84  -0.000  -0.000   0.280   *
*  50)   -0.237   ( 50,---)   | 7, 7, 0, 1/2>   -34  -1.475  -0.413   0.280   *
*                                                                             *
*******************************************************************************

*******************************************************************************
*                                                                             *
*  HFB PAIRING PROPERTIES                                            PROTONS  *
*                                                                             *
*  STRENGTH= 0.1220   GAP= 0.4944   FERMI ENERGY= -3.4644   ENERGY=  -2.0039  *
*                                                                             *
*******************************************************************************

*******************************************************************************
*                                                                             *
*  MULTIPOLE MOMENTS [UNITS:  (10 FERMI)^LAMBDA]                     PROTONS  *
*                                                                             *
*******************************************************************************
*                                                                             *
*  Q00 = 78.0000  .............  .............  .............  .............  *
*                                                                             *
*  Q10 =  3.9500  Q11 =    ZERO  .............  .............  .............  *
*                                                                             *
*  Q20 = 41.0626  Q21 =    ZERO  Q22 =  0.0910  .............  .............  *
*                                                                             *
*  Q30 =  5.4574  Q31 =    ZERO  Q32 = -0.0191  Q33 =    ZERO  .............  *
*                                                                             *
*  Q40 =  8.4358  Q41 =    ZERO  Q42 =  0.0163  Q43 =    ZERO  Q44 = 1.4E-04  *
*                                                                             *
*******************************************************************************

*******************************************************************************
*                                                                             *
*  ROOT-MEAN-SQUARE AND GEOMETRIC SIZES IN FERMIS                    PROTONS  *
*                                                                             *
*  R_RMS =  6.6777     X_RMS =  2.4746    Y_RMS =  2.4609    Z_RMS =  5.6931  *
*                                                                             *
*  R_GEO =  8.6209     X_GEO =  5.5333    Y_GEO =  5.5028    Z_GEO = 12.7303  *
*                                                                             *
*******************************************************************************

*******************************************************************************
*                                                                             *
*  BOHR DEFORMATIONS (FIRST-ORDER APPROXIMATION)                     PROTONS  *
*                                                                             *
*******************************************************************************
*                                                                             *
*  B10 =  0.1202  B11 =    ZERO  .............  .............  .............  *
*                                                                             *
*  B20 =  0.9358  B21 =    ZERO  B22 =  0.0021  .............  .............  *
*                                                                             *
*  B30 =  0.4574  B31 =    ZERO  B32 = -0.0023  B33 =    ZERO  .............  *
*                                                                             *
*  B40 =  0.8202  B41 =    ZERO  B42 =  0.0022  B43 =    ZERO  B44 = 1.9E-05  *
*                                                                             *
*******************************************************************************
*                                                                             *
*  BOHR DENSITY = 0.0291 FM^(-3)  BOHR RADIUS =   8.6209 FM                   *
*                                                                             *
*******************************************************************************

*******************************************************************************
*                                                                             *
*                  DENSITY INTEGRALS IN THE SKYRME FUNCTIONAL                 *
*                                                                             *
*******************************************************************************
*                                                                             *
*                   TOTAL(T)        SUM(S)      ISOSCALAR(P)  ISOVECTOR(M)    *
*                   --------        ------      ------------  ------------    *
*    DRHO_ =       17.680512      8.951245         17.680512      0.221979    *
*    DRHOD =        7.755905      3.926237          7.755905      0.096569    *
*    DLPR_ =       -3.642004     -1.843343         -3.642004     -0.044682    *
*    DTAU_ =       14.226357      7.264052         14.226357      0.301748    *
*    DSCU_ =        0.114264      0.061237          0.114264      0.008210    *
*    DDIV_ =        0.786539      0.400182          0.786539      0.013825    *
*                                                                             *
*    DSPI_ =        0.000000      0.000000          0.000000      0.000000    *
*    DSPID =        0.000000      0.000000          0.000000      0.000000    *
*    DLPS_ =        0.000000      0.000000          0.000000      0.000000    *
*    DCUR_ =        0.000000      0.000000          0.000000      0.000000    *
*    DKIS_ =        0.000000      0.000000          0.000000      0.000000    *
*    DROT_ =        0.000000      0.000000          0.000000      0.000000    *
*                                                                             *
*******************************************************************************

*******************************************************************************
*                                                                             *
*               CONTRIBUTIONS TO ENERGY IN THE SKYRME FUNCTIONAL              *
*                                                                             *
*******************************************************************************
*                                                                             *
*                 TOTAL(T)        SUM(S)        ISOSCALAR(P)  ISOVECTOR(M)    *
*                 --------        ------        ------------  ------------    *
*    ERHO_ =   -15807.439448   4818.594615     -11048.592078     59.747245    *
*    ERHOD =     7819.609394  -1992.030913       5852.076254    -24.497773    *
*    ELPR_ =     -358.137623    530.643491        166.074532      6.431336    *
*    ETAU_ =      471.689972   -350.646957        128.325930     -7.282915    *
*    ESCU_ =        0.000000      0.000000          0.000000      0.000000    *
*    EDIV_ =      -17.330464    -41.548926        -58.161682     -0.717708    *
*               ============  ============      ============  ============    *
*    SUM EVEN:  -7891.608168   2965.011310      -4960.277044     33.680186    *
*                                                                             *
*    ESPI_ =        0.000000      0.000000          0.000000      0.000000    *
*    ESPID =        0.000000      0.000000          0.000000      0.000000    *
*    ELPS_ =        0.000000      0.000000          0.000000      0.000000    *
*    ECUR_ =        0.000000      0.000000          0.000000      0.000000    *
*    EKIS_ =        0.000000      0.000000          0.000000      0.000000    *
*    EROT_ =        0.000000      0.000000          0.000000      0.000000    *
*               ============  ============      ============  ============    *
*    SUM  ODD:      0.000000      0.000000          0.000000      0.000000    *
*                                                                             *
*******************************************************************************
 
*******************************************************************************
*                                                                             *
*  CENTER-OF-MASS COORDINATES IN FERMIS                                TOTAL  *
*                                                                             *
*  R_CMS =  0.4608     X_CMS = -0.0000    Y_CMS =  0.0000    Z_CMS =  0.4608  *
*                                                                             *
*******************************************************************************

*******************************************************************************
*                                                                             *
*  MULTIPOLE MOMENTS [UNITS:  (10 FERMI)^LAMBDA] [CENT-MASS FRAME]  NEUTRONS  *
*                                                                             *
*******************************************************************************
*                                                                             *
*  Q00 = 98.0000  .............  .............  .............  .............  *
*                                                                             *
*  Q10 = -0.3561  Q11 =    ZERO  .............  .............  .............  *
*                                                                             *
*  Q20 = 48.0435  Q21 =    ZERO  Q22 =  0.1255  .............  .............  *
*                                                                             *
*  Q30 =  3.6902  Q31 =    ZERO  Q32 = -0.0314  Q33 =    ZERO  .............  *
*                                                                             *
*  Q40 =  8.5856  Q41 =    ZERO  Q42 =  0.0238  Q43 =    ZERO  Q44 = 1.3E-04  *
*                                                                             *
*******************************************************************************

*******************************************************************************
*                                                                             *
*  BOHR DEFORMATIONS (FIRST-ORDER APPROXIMATION) [CENT-MASS FRAME]  NEUTRONS  *
*                                                                             *
*******************************************************************************
*                                                                             *
*  B10 = -0.0092  B11 =    ZERO  .............  .............  .............  *
*                                                                             *
*  B20 =  0.9973  B21 =    ZERO  B22 =  0.0026  .............  .............  *
*                                                                             *
*  B30 =  0.3014  B31 =    ZERO  B32 = -0.0036  B33 =    ZERO  .............  *
*                                                                             *
*  B40 =  0.8701  B41 =    ZERO  B42 =  0.0034  B43 =    ZERO  B44 = 1.8E-05  *
*                                                                             *
*******************************************************************************
*                                                                             *
*  BOHR DENSITY = 0.0447 FM^(-3)  BOHR RADIUS =   8.0587 FM                   *
*                                                                             *
*******************************************************************************

*******************************************************************************
*                                                                             *
*  MULTIPOLE MOMENTS [UNITS:  (10 FERMI)^LAMBDA] [CENT-MASS FRAME]   PROTONS  *
*                                                                             *
*******************************************************************************
*                                                                             *
*  Q00 = 78.0000  .............  .............  .............  .............  *
*                                                                             *
*  Q10 =  0.3561  Q11 =    ZERO  .............  .............  .............  *
*                                                                             *
*  Q20 = 40.6658  Q21 =    ZERO  Q22 =  0.0910  .............  .............  *
*                                                                             *
*  Q30 =  3.3524  Q31 =    ZERO  Q32 = -0.0216  Q33 =    ZERO  .............  *
*                                                                             *
*  Q40 =  7.5156  Q41 =    ZERO  Q42 =  0.0200  Q43 =    ZERO  Q44 = 1.4E-04  *
*                                                                             *
*******************************************************************************

*******************************************************************************
*                                                                             *
*  BOHR DEFORMATIONS (FIRST-ORDER APPROXIMATION) [CENT-MASS FRAME]   PROTONS  *
*                                                                             *
*******************************************************************************
*                                                                             *
*  B10 =  0.0116  B11 =    ZERO  .............  .............  .............  *
*                                                                             *
*  B20 =  1.0574  B21 =    ZERO  B22 =  0.0024  .............  .............  *
*                                                                             *
*  B30 =  0.3425  B31 =    ZERO  B32 = -0.0031  B33 =    ZERO  .............  *
*                                                                             *
*  B40 =  0.9513  B41 =    ZERO  B42 =  0.0036  B43 =    ZERO  B44 = 2.5E-05  *
*                                                                             *
*******************************************************************************
*                                                                             *
*  BOHR DENSITY = 0.0354 FM^(-3)  BOHR RADIUS =   8.0707 FM                   *
*                                                                             *
*******************************************************************************

*******************************************************************************
*                                                                             *
*  EULER ANGLES OF THE PRINCIPAL-AXES FRAME IN DEGREES                 TOTAL  *
*                                                                             *
*  ALPHA =  0.00000  BETA =  0.00000  GAMMA =  0.00000                        *
*                                                                             *
*******************************************************************************

*******************************************************************************
*                                                                             *
*  ROOT-MEAN-SQUARE AND GEOMETRIC SIZES IN FERMIS                      TOTAL  *
*                                                                             *
*  R_RMS =  6.6324     X_RMS =  2.4954    Y_RMS =  2.4812    Z_RMS =  5.6219  *
*                                                                             *
*  R_GEO =  8.5624     X_GEO =  5.5799    Y_GEO =  5.5480    Z_GEO = 12.5709  *
*                                                                             *
*******************************************************************************

*******************************************************************************
*                                                                             *
*  MULTIPOLE MOMENTS [UNITS:  (10 FERMI)^LAMBDA]                       TOTAL  *
*                                                                             *
*******************************************************************************
*                                                                             *
*  Q00 =176.0000  .............  .............  .............  .............  *
*                                                                             *
*  Q10 =  8.1093  Q11 =    ZERO  .............  .............  .............  *
*                                                                             *
*  Q20 = 89.4565  Q21 =    ZERO  Q22 =  0.2165  .............  .............  *
*                                                                             *
*  Q30 = 11.6313  Q31 =    ZERO  Q32 = -0.0471  Q33 =    ZERO  .............  *
*                                                                             *
*  Q40 = 18.0518  Q41 =    ZERO  Q42 =  0.0348  Q43 =    ZERO  Q44 = 2.7E-04  *
*                                                                             *
*******************************************************************************

*******************************************************************************
*                                                                             *
*  BOHR DEFORMATIONS (FIRST-ORDER APPROXIMATION)                       TOTAL  *
*                                                                             *
*******************************************************************************
*                                                                             *
*  B10 =  0.1101  B11 =    ZERO  .............  .............  .............  *
*                                                                             *
*  B20 =  0.9159  B21 =    ZERO  B22 =  0.0022  .............  .............  *
*                                                                             *
*  B30 =  0.4410  B31 =    ZERO  B32 = -0.0025  B33 =    ZERO  .............  *
*                                                                             *
*  B40 =  0.7993  B41 =    ZERO  B42 =  0.0022  B43 =    ZERO  B44 = 1.7E-05  *
*                                                                             *
*******************************************************************************
*                                                                             *
*  BOHR DENSITY = 0.0669 FM^(-3)  BOHR RADIUS =   8.5624 FM                   *
*                                                                             *
*******************************************************************************

*******************************************************************************
*                                                                             *
*  MULTIPOLE MOMENTS [UNITS:  (10 FERMI)^LAMBDA] [CENT-MASS FRAME]     TOTAL  *
*                                                                             *
*******************************************************************************
*                                                                             *
*  Q00 =176.0000  .............  .............  .............  .............  *
*                                                                             *
*  Q10 =    ZERO  Q11 =    ZERO  .............  .............  .............  *
*                                                                             *
*  Q20 = 88.7092  Q21 =    ZERO  Q22 =  0.2165  .............  .............  *
*                                                                             *
*  Q30 =  7.0426  Q31 =    ZERO  Q32 = -0.0530  Q33 =    ZERO  .............  *
*                                                                             *
*  Q40 = 16.1012  Q41 =    ZERO  Q42 =  0.0438  Q43 =    ZERO  Q44 = 2.7E-04  *
*                                                                             *
*******************************************************************************

*******************************************************************************
*                                                                             *
*  BOHR DEFORMATIONS (FIRST-ORDER APPROXIMATION) [CENT-MASS FRAME]     TOTAL  *
*                                                                             *
*******************************************************************************
*                                                                             *
*  B10 =    ZERO  B11 =    ZERO  .............  .............  .............  *
*                                                                             *
*  B20 =  1.0239  B21 =    ZERO  B22 =  0.0025  .............  .............  *
*                                                                             *
*  B30 =  0.3196  B31 =    ZERO  B32 = -0.0034  B33 =    ZERO  .............  *
*                                                                             *
*  B40 =  0.9061  B41 =    ZERO  B42 =  0.0035  B43 =    ZERO  B44 = 2.1E-05  *
*                                                                             *
*******************************************************************************
*                                                                             *
*  BOHR DENSITY = 0.0801 FM^(-3)  BOHR RADIUS =   8.0644 FM                   *
*                                                                             *
*******************************************************************************

*******************************************************************************
*                                                                             *
*  MULTIPOLE MOMENTS [UNITS:  (10 FERMI)^LAMBDA] [INTRINSIC FRAME]     TOTAL  *
*                                                                             *
*  REAL PART  FOR A NON-NEGATIVE PROJECTION                                   *
*  IMAGINARY PART FOR A NEGATIVE PROJECTION                                   *
*                                                                             *
*******************************************************************************
*                                                                             *
*  Q00 =176.0000  .............  .............  .............  .............  *
*                 .............  .............  .............  .............  *
*                                                                             *
*  Q10 =    ZERO  Q1+1=    ZERO  .............  .............  .............  *
*                 Q1-1=    ZERO  .............  .............  .............  *
*                                                                             *
*  Q20 = 88.7092  Q2+1=    ZERO  Q2+2=  0.2165  .............  .............  *
*                 Q2-1=    ZERO  Q2-2=    ZERO  .............  .............  *
*                                                                             *
*  Q30 =  7.0426  Q3+1=    ZERO  Q3+2= -0.0530  Q3+3=    ZERO  .............  *
*                 Q3-1=    ZERO  Q3-2=    ZERO  Q3-3=    ZERO  .............  *
*                                                                             *
*  Q40 = 16.1012  Q4+1=    ZERO  Q4+2=  0.0438  Q4+3=    ZERO  Q4+4= 2.7E-04  *
*                 Q4-1=    ZERO  Q4-2=    ZERO  Q4-3=    ZERO  Q4-4=    ZERO  *
*                                                                             *
*******************************************************************************

*******************************************************************************
*                                                                             *
*  BOHR DEFORMATIONS (FIRST-ORDER APPROXIMATION) [INTRINSIC FRAME]     TOTAL  *
*                                                                             *
*  REAL PART  FOR A NON-NEGATIVE PROJECTION                                   *
*  IMAGINARY PART FOR A NEGATIVE PROJECTION                                   *
*                                                                             *
*******************************************************************************
*                                                                             *
*  B10 =    ZERO  B1+1=    ZERO  .............  .............  .............  *
*                 B1-1=    ZERO  .............  .............  .............  *
*                                                                             *
*  B20 =  1.0239  B2+1=    ZERO  B2+2=  0.0025  .............  .............  *
*                 B2-1=    ZERO  B2-2=    ZERO  .............  .............  *
*                                                                             *
*  B30 =  0.3196  B3+1=    ZERO  B3+2= -0.0034  B3+3=    ZERO  .............  *
*                 B3-1=    ZERO  B3-2=    ZERO  B3-3=    ZERO  .............  *
*                                                                             *
*  B40 =  0.9061  B4+1=    ZERO  B4+2=  0.0035  B4+3=    ZERO  B4+4= 2.1E-05  *
*                 B4-1=    ZERO  B4-2=    ZERO  B4-3=    ZERO  B4-4=    ZERO  *
*                                                                             *
*******************************************************************************
*                                                                             *
*  BOHR DENSITY = 0.0801 FM^(-3)  BOHR RADIUS =   8.0644 FM                   *
*                                                                             *
*******************************************************************************

*******************************************************************************
*                                                                             *
*                                ENERGIES (MEV)                               *
*                                                                             *
*******************************************************************************
*                                                                             *
*  KINETIC: (NEU)=  1741.842512    (PRO)=  1214.870271    (TOT)=  2956.712783 *
*  SUM EPS: (NEU)= -2321.752602    (PRO)= -1039.013422    (TOT)= -3360.766024 *
*  PAIRING: (NEU)=    -2.420697    (PRO)=    -2.003932    (TOT)=    -4.424629 *
*  P-REARR: (NEU)=     0.670056    (PRO)=     0.570792    (TOT)=     1.240848 *
*                                                                             *
*  PAIRGAP: (NEU)=     0.640915    (PRO)=     0.494356    THIS SPACE IS EMPTY *
*  E-FERMI: (NEU)=   -12.589225    (PRO)=    -3.464438    AND AWAITS  YOUR AD *
*                                                                             *
*  COULOMB: (DIR)=   686.306895    (EXC)=   -28.717974    (TOT)=   657.588921 *
*                                                                             *
*  CONSTR. (MULT)=   578.936809    SLOPE=   440.564518    CORR.=  -220.282259 *
*  CONSTR. (SURF)=     0.000000    SLOPE=     0.000000    CORR.=     0.000000 *
*  CONSTR. (SPIN)=     0.000000    SLOPE=     0.000000    CORR.=     0.000000 *
*  CONSTR. (ISOS)=     0.000000    SLOPE=     0.000000    CORR.=     0.000000 *
*                                                                             *
*  REARRANGEMENT ENERGY FROM THE SKYRME DENSITY-DEPENDENT TERMS=  1097.275666 *
*  ROUTHIAN= TOTAL ENERGY + MULTIPOLE AND (ISO)SPIN CONSTRAINTS=  -737.782975 *
*                                                                             *
*  SPIN-ORB (EVE)=   -58.879390    (ODD)=     0.000000    (TOT)=   -58.879390 *
*  SKYRME:  (EVE)= -4926.596859    (ODD)=     0.000000    (TOT)= -4926.596859 *
*                                                                             *
*  TOTAL:  (STAB)=   222.461621     (SP)= -1094.258163    (FUN)= -1316.719783 *
*                                                                             *
*******************************************************************************

*******************************************************************************
*                                                                             *
*  ITERATION RESTARTED FROM THE DISC, THE FOLLOWING FILE(S) READ:             *
*  ./restart/HFODD_00000019.REC                                        VER=19 *
*                                                                             *
*******************************************************************************
*                                                                             *
* CONVERGENCE REPORT                                                          *
*                                                                             *
*******************************************************************************
*                                                                             *
* ITER     ENERGY     STABILITY    Q_2    GAMMA   SPIN  OMEGA   ANGLE   EPAIR *
*                                                                             *
* 2107 -1316.719783  222.461621  88.709    0.14   0.00  0.000   0.000   -4.42 *
* 2108  -881.781863  817.454202 217.233    0.02   0.00  0.000   0.000   -1.02 *
* 2109  -929.783067  688.581032 226.722    0.03   0.00  0.000   0.000   -4.50 *
* 2110  -964.948678  835.068764 222.958    0.03   0.00  0.000   0.000   -6.01 *
* 2111  -910.568134  818.849999 223.765    0.03   0.00  0.000   0.000   -4.69 *
* 2112  -913.116260  774.483930 222.051    0.03   0.00  0.000   0.000   -6.53 *
* 2113  -918.536665  792.299203 222.242    0.03   0.00  0.000   0.000   -7.11 *
* 2114  -921.567478  760.468837 222.195    0.03   0.00  0.000   0.000   -7.12 *
* 2115  -970.073772  838.103995 223.293    0.02   0.00  0.000   0.000   -8.30 *
* 2116  -913.895814  175.939897 222.291    0.03   0.00  0.000   0.000   -5.70 *
* 2117 -1131.216922  321.889001 211.756    0.02   0.00  0.000   0.000  -33.08 *
* 2118 -1118.533554    1.13E+03 206.896    0.03   0.00  0.000   0.000  -16.08 *
* 2119  -544.483298  307.329904 210.499    0.01   0.00  0.000   0.000   -6.52 *
* 2120  -641.956948    4.26E+03 205.363    0.04   0.00  0.000   0.000  -29.58 *
* 2121  1164.910588 -931.190580 115.661    0.01   0.00  0.000   0.000   -0.29 *
* 2122   276.796631  800.478506 628.506    0.00   0.00  0.000   0.000  -11.07 *
* 2123   451.111923    4.92E+03 707.183    0.00   0.00  0.000   0.000  -23.23 *
* 2124   334.465374   -2.03E+04 602.469    0.00   0.00  0.000   0.000   -0.94 *
* 2125  -667.551729   -1.83E+04 195.592    0.13   0.00  0.000   0.000 -643.58 *
* 2126  1731.853265    1.01E+05  13.753    0.02   0.00  0.000   0.000   -0.05 *

 //////////////////// MAXIMUM NUMBER OF ITERATIONS       ////////////////////
 //////////////////// EXCEEDED IN QUABCS                 ////////////////////

*******************************************************************************
*                                                                             *
*  PROCESSOR   EXECUTION  TIMES IN SUBROUTINES                                *
*  INCLUDING THEIR COMPLETE DOWN-CALLING TREES                                *
*                                                                             *
*******************************************************************************
*                                                                             *
*     7090 => HFODD    4018 => DENSHF   1237 => DIAMAT   1127 => HFBSIM       *
*                                                                             *
*      834 => QMULCM    382 => PAIMAC    270 => CANQUA    235 => RECORD       *
*                                                                             *
*       99 => AVEQUA     38 => INTEGH     38 => DENMAC     35 => INTSOR       *
*                                                                             *
*       33 => INTEGD     18 => MOMETS     18 => INTMUL     16 => DOBROY       *
*                                                                             *
*       11 => BEGINC     11 => SKFILD      8 => INTMAS      7 => ROTAVR       *
*                                                                             *
*        7 => LINAVR      7 => SPAVER      6 => COUMAT      6 => INTCOU       *
*                                                                             *
*        5 => AVOBSE      4 => INTCEN      3 => NILASP      2 => POWALL       *
*                                                                             *
*        2 => SKPAIR      2 => AVANGY      0 => INTKIN      0 => AVPARI       *
*                                                                             *
*        0 => QUABCS      0 => SHICOE      0 => AVSIMP      0 => SHISIF       *
*                                                                             *
*        0 => MOMSIF      0 => MOMVMU      0 => MAGMOM      0 => SPIMOM       *
*                                                                             *
*        0 => SHIMOM      0 => SHIMAG      0 => PAXMOM                        *
*                                                                             *
*******************************************************************************
*                                                                             *
*  NUMBERS OF CALLS TO SUBROUTINES                                            *
*                                                                             *
*******************************************************************************
*                                                                             *
*      923 => BEGINC    766 => INTMUL    246 => INTSOR    101 => DIAMAT       *
*                                                                             *
*       82 => INTMAS     82 => INTCEN     81 => INTKIN     80 => AVEQUA       *
*                                                                             *
*       60 => PAXMOM     41 => INTEGH     41 => INTEGD     41 => HFBSIM       *
*                                                                             *
*       41 => QUABCS     40 => CANQUA     40 => AVPARI     40 => DENSHF       *
*                                                                             *
*       40 => DENMAC     40 => PAIMAC     40 => MOMETS     40 => MOMSIF       *
*                                                                             *
*       40 => MOMVMU     40 => MAGMOM     40 => SPIMOM     40 => LINAVR       *
*                                                                             *
*       40 => ROTAVR     40 => SHICOE     21 => RECORD     21 => COUMAT       *
*                                                                             *
*       21 => INTCOU     20 => QMULCM     20 => SKFILD     20 => SKPAIR       *
*                                                                             *
*       20 => DOBROY     20 => SHIMOM     20 => SHISIF     20 => SHIMAG       *
*                                                                             *
*       14 => SPAVER      2 => AVANGY      2 => AVOBSE      2 => AVSIMP       *
*                                                                             *
*        2 => NILASP      1 => HFODD       1 => POWALL                        *
*                                                                             *
*******************************************************************************
*                                                                             *
*  EXECUTION ENDS ON 2016.09.06 AT 13:37:50.050                               *
*                                                                             *
*******************************************************************************
