*******************************************************************************
*                                                                             *
*                     P A R A L L E L    M O D E L                            *
*                                                                             *
*  SIMPLE MPI FRAMEWORK (1 COMMUNICATOR)    :  1 MPI PROCESS per HFODD TASK   *
*  MULTI-THREADING FRAMEWORK WITH OPENMP   :  4 THREADS per HFODD MPI PROCESS *
*                                                                             *
*******************************************************************************
*                                                                             *
*                        __  __ _____  ___   ____   ____                      *
*                       / / / // ___/.' _ \ / __ \ / __ \                     *
*                      / /_/ // /_  / / / // / / // / / /                     *
*                     / __  // __/ / / / // / / // / / /                      *
*                    / / / // /   / /_/ // /_/ // /_/ /                       *
*                   /_/ /_//_/    \___.'/____.'/____.'                        *
*                                                                             *
*                                                                             *
*******************************************************************************
*                                                                             *
*             SKYRME-HARTREE-FOCK-BOGOLYUBOV CODE VERSION: 2.77B              *
*                                                                             *
*              NO SYMMETRY-PLANES AND NO TIME-REVERSAL SYMMETRY               *
*                                                                             *
*                DEFORMED CARTESIAN HARMONIC-OSCILLATOR BASIS                 *
*                                                                             *
*******************************************************************************
*                                                                             *
*             J. DOBACZEWSKI, P. BACZYK, B.G. CARLSSON, J. DUDEK              *
*                 J. ENGEL, Y. GAO, M. KONIECZKA, T. LESINSKI                 *
*                 J. MCDONNELL, P. OLBRATOWSKI, P. POWALOWSKI                 *
*                  M. SADZIAK, J. SARICH, K. SATO, W. SATULA                  *
*             N. SCHUNCK,  J.A. SHEIKH, A. STASZCZAK, M. STOITSOV             *
*             P. TOIVANEN, X.B. WANG, M. ZALEWSKI AND H. ZDUNCZUK             *
*                                                                             *
*                   INSTYTUT FIZYKI TEORETYCZNEJ, WARSZAWA                    *
*                 LAWRENCE LIVERMORE NATIONAL LABORATORY, USA                 *
*                                                                             *
*                                  1993-2016                                  *
*                                                                             *
*******************************************************************************

*******************************************************************************
*                                                                             *
*  CODE COMPILED WITH THE FOLLOWING ARRAY DIMENSIONS AND SWITCHES:            *
*                                                                             *
*******************************************************************************
*                                                                             *
*  NDBASE = 1200  NDSTAT = 1200  NDXHRM =   40  NDYHRM =   40  NDZHRM =   64  *
*                                                                             *
*  NDMAIN =   30  NDMULT =    9  NDMULR =    4  NDLAMB =    9  NDITER = 5000  *
*                                                                             *
*  NDAKNO =    1  NDBKNO =    1  NDPROI =    2  NDCOUL =   80  NDPOLS =   25  *
*                                                                             *
*  NDATKN =   20  NDBTKN =   10  NDPROT =    1  NDPROD =    3                 *
*                                                                             *
*  IPARAL =    0  IPARAT =    0  I_CRAY =    0                                *
*                                                                             *
*                                                                             *
*  PRE-PROCESSOR OPTIONS:                                                     *
*                                                                             *
*       switch_port = 1     switch_diag = 3     switch_essl = 0               *
*                                                                             *
*                           switch_quad = 0     switch_vect = 1               *
*                                                                             *
*******************************************************************************
*                                                                             *
*  EXECUTION BEGINS ON 2016.09.06 AT 12:59:14.367                             *
*                                                                             *
*******************************************************************************
 
*******************************************************************************
*                                                                             *
*  CLASSICAL NUCLEAR SURFACE DEFINED FOR:                    N = 98   Z = 78  *
*                                                                             *
*******************************************************************************
*                                                                             *
*  AL10 =   ZERO  AL11 =   ZERO  .............  .............  .............  *
*                                                                             *
*  AL20 =  0.602  AL21 =   ZERO  AL22 =   ZERO  .............  .............  *
*                                                                             *
*******************************************************************************
*                                                                             *
*                                           HOMEGA=  7.2978  FCHOM0=  0.9975  *
*                                                                             *
*  OSCILLATOR FREQUENCIES: HBAROX=  8.7137  HBAROY=  8.7137  HBAROZ=  5.1189  *
*                                                                             *
*  MOMENTS OF INERTIA:     XMOMFC=110.8680  YMOMFC=110.8680  ZMOMFC= 56.8895  *
*                                                                             *
*  CENTERS OF MASS:        CMSXFC= -0.0000  CMSYFC= -0.0000  CMSZFC=  0.0000  *
*                                                                             *
*******************************************************************************

*******************************************************************************
*                                                                             *
*                           SKYRME FORCE DEFINITION                           *
*                                                                             *
*******************************************************************************
*                                                                             *
* PARAMETER SET HFB1:  T0= -1666.41  T1=   255.23  T2=  1521.28  T3= 12072.51 *
*                                                                             *
* POWER=0.37658031358  X0=  0.14608  X1= -4.82248  X2= -1.35211  X3=  0.00432 *
*                                                                             *
* IETA: J=0  W=1 CM=3  M=1  P=1  T=0 HBM= 20.73553 W0=  44.0677 W0P= 207.6502 *
*                                                                             *
*******************************************************************************

*******************************************************************************
*                                                                             *
*              COUPLING CONSTANTS DEFINING THE SKYRME FUNCTIONAL              *
*                                                                             *
*******************************************************************************
*                                                                             *
*                   TOTAL(T)        SUM(S)      ISOSCALAR(P)  ISOVECTOR(M)    *
*                   --------        ------      ------------  ------------    *
*    CRHO_ =     -894.060074    538.315575       -624.902286    269.157788    *
*    CRHOD =     1008.213640   -507.363897        754.531691   -253.681949    *
*    CLPR_ =       98.335311   -287.870148        -45.599763   -143.935074    *
*    CTAU_ =       33.156062    -48.271535          9.020295    -24.135768    *
*    CSCU_ =        0.000000      0.000000          0.000000      0.000000    *
*    CDIV_ =      -22.033840   -103.825096        -73.946388    -51.912548    *
*                                                                             *
*    CSPI_ =      -60.857026    416.601524        147.443736    208.300762    *
*    CSPID =        2.171385   -503.021127       -249.339179   -251.510564    *
*    CLPS_ =       51.110395     71.467295         86.844042     35.733647    *
*    CCUR_ =      -33.156062     48.271535         -9.020295     24.135768    *
*    CKIS_ =        0.000000      0.000000          0.000000      0.000000    *
*    CROT_ =      -22.033840   -103.825096        -73.946388    -51.912548    *
*                                                                             *
*******************************************************************************

*******************************************************************************
*                                                                             *
*                          NUCLEAR MATTER PROPERTIES                          *
*                                                                             *
*******************************************************************************
*                                                                             *
*     E = -15.8000  rho0 =   0.15625   K =  244.6682   Ms =    0.9364         *
*                   asym =  28.66820   L =   40.1091   Mv =    1.2498         *
*                                                                             *
*******************************************************************************

*******************************************************************************
*                                                                             *
*  PHYSICAL CONSTANTS:     H_BARC=197.32891000           HBCOE2=137.03602000  *
*                                                                             *
*                          XMASSN=938.90590000           XMASSP=938.27231000  *
*                                                                             *
*                          HBMASS= 20.73553000           HBMRPA= 20.73553000  *
*                                                                             *
*                          ECHAR2=  1.43997841           COULEX= -1.06350868  *
*                                                                             *
*******************************************************************************
*                                                                             *
*  OSCILLATOR LENGTHS:     X= 2.1816177      Y= 2.1816177       Z= 2.8463648  *
*                                                                             *
*  OSCILLATOR CONSTANTS:   X= 0.4583755      Y= 0.4583755       Z= 0.3513253  *
*                                                                             *
*  OSCILLATOR FREQUENCIES: X= 8.7136896      Y= 8.7136896       Z= 5.1189189  *
*                                                                             *
*******************************************************************************
*                                                                             *
*  BASIS CUT-OFF CONTROL PARAMETERS:  NXMAXX = 14  NYMAXX = 14  NZMAXX =  24  *
*                                                                             *
*                                     NXHERM = 36  NYHERM = 36  NZHERM =  60  *
*                                                                             *
*                                     NLIMIT=1140  LDBASE=1142  MCOUNT=29791  *
*                                                                             *
*                                     ENECUT= 800.0000      ELIMIT= 138.3837  *
*                                                                             *
*******************************************************************************

*******************************************************************************
*                                                                             *
*   SHAPE OF THE OSCILLATOR-BASIS DIAMOND    (THREE CONSECUTIVE PROJECTIONS)  *
*                                                                             *
*******************************************************************************
*                                                                             *
*        NX ===>>>  0  1  2  3  4  5  6  7  8  9 10 11 12 13 14               *
*        MAX.NY => 14 13 12 11 10  9  8  7  6  5  4  3  2  1  0               *
*                 ---------------------------------------------               *
*   NY= 0  (14)  | 24 23 21 19 18 16 14 12 11  9  7  6  4  2  1               *
*   NY= 1  (13)  | 23 21 19 18 16 14 12 11  9  7  6  4  2  1                  *
*   NY= 2  (12)  | 21 19 18 16 14 12 11  9  7  6  4  2  1                     *
*   NY= 3  (11)  | 19 18 16 14 12 11  9  7  6  4  2  1                        *
*   NY= 4  (10)  | 18 16 14 12 11  9  7  6  4  2  1                           *
*   NY= 5  ( 9)  | 16 14 12 11  9  7  6  4  2  1                              *
*   NY= 6  ( 8)  | 14 12 11  9  7  6  4  2  1                                 *
*   NY= 7  ( 7)  | 12 11  9  7  6  4  2  1                                    *
*   NY= 8  ( 6)  | 11  9  7  6  4  2  1                                       *
*   NY= 9  ( 5)  |  9  7  6  4  2  1                                          *
*   NY=10  ( 4)  |  7  6  4  2  1                                             *
*   NY=11  ( 3)  |  6  4  2  1                                                *
*   NY=12  ( 2)  |  4  2  1                                                   *
*   NY=13  ( 1)  |  2  1                                                      *
*   NY=14  ( 0)  |  1                                                         *
*                                                                             *
*                                                                             *
*        NZ ===>>>  0  1  2  3  4  5  6  7  8  9 10 11 12 13 14 15 16 17 18   *
*        MAX.NY => 14 14 13 12 12 11 11 10  9  9  8  8  7  6  6  5  5  4  4   *
*                 ---------------------------------------------------------   *
*   NY= 0  (24)  | 14 14 13 12 12 11 11 10  9  9  8  8  7  6  6  5  5  4  4   *
*   NY= 1  (23)  | 13 13 12 11 11 10 10  9  8  8  7  7  6  5  5  4  4  3  3   *
*   NY= 2  (21)  | 12 12 11 10 10  9  9  8  7  7  6  6  5  4  4  3  3  2  2   *
*   NY= 3  (19)  | 11 11 10  9  9  8  8  7  6  6  5  5  4  3  3  2  2  1  1   *
*   NY= 4  (18)  | 10 10  9  8  8  7  7  6  5  5  4  4  3  2  2  1  1  0  0   *
*   NY= 5  (16)  |  9  9  8  7  7  6  6  5  4  4  3  3  2  1  1  0  0         *
*   NY= 6  (14)  |  8  8  7  6  6  5  5  4  3  3  2  2  1  0  0               *
*   NY= 7  (12)  |  7  7  6  5  5  4  4  3  2  2  1  1  0                     *
*   NY= 8  (11)  |  6  6  5  4  4  3  3  2  1  1  0  0                        *
*   NY= 9  ( 9)  |  5  5  4  3  3  2  2  1  0  0                              *
*   NY=10  ( 7)  |  4  4  3  2  2  1  1  0                                    *
*   NY=11  ( 6)  |  3  3  2  1  1  0  0                                       *
*   NY=12  ( 4)  |  2  2  1  0  0                                             *
*   NY=13  ( 2)  |  1  1  0                                                   *
*   NY=14  ( 1)  |  0  0                                                      *
*                                                                             *
*                                                                             *
*        NZ ===>>>  0  1  2  3  4  5  6  7  8  9 10 11 12 13 14 15 16 17 18   *
*        MAX.NX => 14 14 13 12 12 11 11 10  9  9  8  8  7  6  6  5  5  4  4   *
*                 ---------------------------------------------------------   *
*   NX= 0  (24)  | 14 14 13 12 12 11 11 10  9  9  8  8  7  6  6  5  5  4  4   *
*   NX= 1  (23)  | 13 13 12 11 11 10 10  9  8  8  7  7  6  5  5  4  4  3  3   *
*   NX= 2  (21)  | 12 12 11 10 10  9  9  8  7  7  6  6  5  4  4  3  3  2  2   *
*   NX= 3  (19)  | 11 11 10  9  9  8  8  7  6  6  5  5  4  3  3  2  2  1  1   *
*   NX= 4  (18)  | 10 10  9  8  8  7  7  6  5  5  4  4  3  2  2  1  1  0  0   *
*   NX= 5  (16)  |  9  9  8  7  7  6  6  5  4  4  3  3  2  1  1  0  0         *
*   NX= 6  (14)  |  8  8  7  6  6  5  5  4  3  3  2  2  1  0  0               *
*   NX= 7  (12)  |  7  7  6  5  5  4  4  3  2  2  1  1  0                     *
*   NX= 8  (11)  |  6  6  5  4  4  3  3  2  1  1  0  0                        *
*   NX= 9  ( 9)  |  5  5  4  3  3  2  2  1  0  0                              *
*   NX=10  ( 7)  |  4  4  3  2  2  1  1  0                                    *
*   NX=11  ( 6)  |  3  3  2  1  1  0  0                                       *
*   NX=12  ( 4)  |  2  2  1  0  0                                             *
*   NX=13  ( 2)  |  1  1  0                                                   *
*   NX=14  ( 1)  |  0  0                                                      *
*                                                                             *
*******************************************************************************

*******************************************************************************
*                                                                             *
* NUCLIDE: N =  98  Z =  78  NUMBER OF ITERATIONS = 1000   CONTINUATION? = 1  *
*                                                                             *
*******************************************************************************
*                                                                             *
* ITERATIONS WILL STOP WHEN THE STABILITY BECOMES LOWER THAN EPSITE=0.300000  *
*                                            FOR    5 CONSECUTIVE ITERATIONS  *
*                                                                             *
*******************************************************************************
*                                                                             *
* ITERATIONS WILL STOP WHEN THE PING-PONG DIVERGENCE OCCURS FOR EPSPNG=0.010  *
*                                DURING    5 PAIRS OF CONSECUTIVE ITERATIONS  *
*                                                                             *
*******************************************************************************
*                                                                             *
* ITERATIONS WILL STOP FOR CHAOTIC-DIVERGENCE CONDITION OCCURING   20  TIMES  *
*                                                                             *
*******************************************************************************
*                                                                             *
* SLOW-DOWN PARAMETERS:                                                       *
* TIME-EVEN = 0.85   TIME-ODD = 0.85   PAIRING = 0.85   LIPKIN-NOGAMI = 0.85  *
*                    LIP-MASS = 0.50   LIP-MOI = 0.50   LIPKIN-METHOD = 0.50  *
*                                                                             *
*******************************************************************************
*                                                                             *
* BROYDEN METHOD IS:  ON                                                      *
*                                                                             *
*    TRIGGERED ONLY WHEN STABILITY IS LOWER THAN :  1000.000 MEV              *
*    INITIAL SLOWING FACTOR (BEFORE TRIGGER)     :     0.85 (=SLOWEV)         *
*    BROYDEN SLOWING FACTOR (AFTER  TRIGGER)     :     0.40 (=1-ALPHAM)       *
*    NUMBER OF ITERATIONS RETAINED IN MEMORY     :    10                      *
*                                                                             *
*******************************************************************************
*                                                                             *
* DIRECT COULOMB TERMS SOLVED BY GREEN FUNCTION AND FOURIER TRANSFORM METHOD  *
* COULOMB PARAMETERS:  NUMCOU = 80  NUMETA = 79  BOUCOU = 20.0  FURMAX =0.25  *
*                                                                             *
*******************************************************************************
*                                                                             *
* EXCHANGE COULOMB TERMS TREATED BY THE SLATER APPROXIMATION                  *
*                                                                             *
*******************************************************************************
*                                                                             *
* MAXIMUM NUMBERS OF MULTIPOLE MOMENTS USED FOR THE CONSTRAINTS,    NMUCON=4  *
*                                           FOR THE COULOMB FIELD,  NMUCOU=4  *
*                                           FOR THE OUTPUT INFO,    NMUPRI=4  *
*                                                                             *
*******************************************************************************
*                                                                             *
* MULTIPOLE CONSTRAINTS: LAMBDA= 2  MIU= 0  MOMENT=145.000  STIFFNESS= 0.500  *
*                        LAMBDA= 3  MIU= 0  MOMENT=  8.000  STIFFNESS= 0.500  *
*                                                                             *
*******************************************************************************
*                                                                             *
* LINEAR MULTIPOLE CONSTRAINTS: LAMBDA= 2  MIU= 0  LAGRANGE PAR. USED= 0.000  *
*                               LAMBDA= 3  MIU= 0  LAGRANGE PAR. USED= 0.000  *
*                                                                             *
*******************************************************************************
*                                                                             *
* THE LAGRANGE PARAMETERS OF THE LINEAR CONSTRAINTS ARE RE-ADJUSTED AT EACH   *
* ITERATION BY USING THE CRANKING APPROXIMATION OF THE RPA MATRIX             *
*                                                                             *
*******************************************************************************
*                                                                             *
* PRINTING THE RESULTS FOR THE FOLLOWING ITERATIONS:         THE  FIRST: YES  *
*                                                            THE MIDDLE:  NO  *
*                                                     AND/OR THE   LAST: YES  *
*                                                                             *
*******************************************************************************
*                                                                             *
* PRINTING THE MOMENTS, RADII, AND DEFORMATIONS FOR:           NEUTRONS: YES  *
*                                                              PROTONS : YES  *
*                                                              MASS    : YES  *
*                                                                             *
*******************************************************************************
*                                                                             *
* PRINTING THE MOMENTS, MOMENTA AND DEFORMATIONS IN THE INTRINSIC FRAME: YES  *
*                                                                             *
*******************************************************************************
*                                                                             *
* NILSSON LABELS OF SINGLE-PARTICLE STATES SHOWN WITH RESPECT TO THE: Z-AXIS  *
*                                                                             *
*******************************************************************************
*                                                                             *
* CALCULATIONS WITH THE HFB PAIRING CORRELATIONS                              *
*                                                                             *
*******************************************************************************
*                                                                             *
* CONTACT PAIRING INTERACTION:     V0        V1       RHO-SAT      POWER      *
*                    NEUTRONS:  -234.380   732.438     0.320     1.0000000    *
*                     PROTONS:  -260.437   813.866     0.320     1.0000000    *
*                                                                             *
*******************************************************************************
*                                                                             *
* CUTOFF ENERGY DEFINING THE ACTIVE HFB PAIRING SPACE=      60.000            *
*                                                                             *
*******************************************************************************
*                                                                             *
* CALCULATIONS WITH SIMPLEX SYMMETRY                                          *
*                                                                             *
*******************************************************************************
*                                                                             *
* CALCULATIONS WITH TIME-ODD SYMMETRIES:        T*SIMPLEX_X =>     CONSERVED  *
*                                               T*SIMPLEX_Y =>     CONSERVED  *
*                                               T*SIMPLEX_Z => NON CONSERVED  *
*                                                                             *
*******************************************************************************
*                                                                             *
* CALCULATIONS WITHOUT ROTATION                                               *
*                                                                             *
*******************************************************************************

*******************************************************************************
*                                                                             *
*  CALLING SUBROUTINE "RECORD" TO READ THE REPLAY FILE OBTAINED PREVIOUSLY    *
*  ./restart/HFODD_00000056.REC                                               *
*                                                                             *
*******************************************************************************

*******************************************************************************
*                                                                             *
*  SINGLE-QUASIPARTICLE PROPERTIES:                                NEUTRONS   *
*                                                                             *
*******************************************************************************
*                                                                             *
*  NO)   ENERGY   (S=+,S=-)       PARITY   V2QUAP   EEQUIV   DEQUIV   V_CORR  *
*                                                                             *
*  61)    9.719   ( 31,  0)        0.192  0.99658  -18.942    1.135  0.99816  *
*  62)    9.719   (  0, 31)        0.192  0.99658  -18.942    1.135  0.99816  *
*  63)    9.465   ( 32,  0)        0.710  0.99833  -18.722    0.773  0.99906  *
*  64)    9.465   (  0, 32)        0.710  0.99833  -18.722    0.773  0.99906  *
*  67)    8.661   (  0, 34)        0.706  0.99073  -17.789    1.660  0.99397  *
*  68)    8.661   ( 34,  0)        0.706  0.99073  -17.789    1.660  0.99397  *
*  69)    8.422   (  0, 35)       -0.460  0.99804  -17.678    0.744  0.99864  *
*  70)    8.422   ( 35,  0)       -0.460  0.99804  -17.678    0.744  0.99864  *
*  71)    8.004   ( 36,  0)        0.298  0.99465  -17.207    1.168  0.99593  *
*  72)    8.004   (  0, 36)        0.298  0.99465  -17.207    1.168  0.99593  *
*  73)    7.284   (  0, 37)        0.920  0.99808  -16.545    0.637  0.99822  *
*  74)    7.284   ( 37,  0)        0.920  0.99808  -16.545    0.637  0.99822  *
*  75)    6.945   ( 38,  0)        0.943  0.99800  -16.206    0.620  0.99795  *
*  76)    6.945   (  0, 38)        0.943  0.99800  -16.206    0.620  0.99795  *
*  77)    6.640   ( 39,  0)       -0.774  0.99733  -15.893    0.686  0.99697  *
*  78)    6.640   (  0, 39)       -0.774  0.99733  -15.893    0.686  0.99697  *
*  79)    6.517   (  0, 40)       -0.222  0.99541  -15.746    0.881  0.99460  *
*  80)    6.517   ( 40,  0)       -0.222  0.99541  -15.746    0.881  0.99460  *
*  81)    6.341   (  0, 41)       -0.085  0.98835  -15.482    1.361  0.98577  *
*  82)    6.341   ( 41,  0)       -0.085  0.98835  -15.482    1.361  0.98577  *
*  83)    5.786   (  0, 42)       -0.158  0.99632  -15.032    0.701  0.99413  *
*  84)    5.786   ( 42,  0)       -0.158  0.99632  -15.032    0.701  0.99413  *
*  85)    5.376   (  0, 43)       -0.201  0.99599  -14.622    0.679  0.99213  *
*  86)    5.376   ( 43,  0)       -0.201  0.99599  -14.622    0.679  0.99213  *
*  87)    5.348   (  0, 44)        0.856  0.97442  -14.363    1.689  0.95529  *
*  88)    5.348   ( 44,  0)        0.856  0.97442  -14.363    1.689  0.95529  *
*  89)    4.549   (  0, 45)       -0.949  0.99594  -13.801    0.579  0.98574  *
*  90)    4.549   ( 45,  0)       -0.949  0.99594  -13.801    0.579  0.98574  *
*  91)    4.471   ( 46,  0)       -0.235  0.99436  -13.710    0.670  0.97919  *
*  92)    4.471   (  0, 46)       -0.235  0.99436  -13.710    0.670  0.97919  *
*  93)    4.124   ( 47,  0)       -0.378  0.99452  -13.368    0.609  0.97083  *
*  94)    4.124   (  0, 47)       -0.378  0.99452  -13.368    0.609  0.97083  *
*  95)    3.899   ( 48,  0)       -0.282  0.99107  -13.119    0.734  0.94147  *
*  96)    3.899   (  0, 48)       -0.282  0.99107  -13.119    0.734  0.94147  *
*  97)    3.162   (  0, 49)       -0.441  0.98895  -12.381    0.661  0.76828  *
*  98)    3.162   ( 49,  0)       -0.441  0.98895  -12.381    0.661  0.76828  *
*  99)    2.972   (  0, 50)        0.180  0.96143  -12.031    1.144  0.64366  *
* 100)    2.972   ( 50,  0)        0.180  0.96143  -12.031    1.144  0.64366  *
* 101)    2.000   (  0, 51)       -0.305  0.97501  -11.189    0.624  0.26247  *
* 102)    2.000   ( 51,  0)       -0.305  0.97501  -11.189    0.624  0.26247  *
* 103)    1.920   ( 52,  0)       -0.754  0.97716  -11.121    0.574  0.23238  *
* 104)    1.920   (  0, 52)       -0.754  0.97716  -11.121    0.574  0.23238  *
* 105)    1.501   ( 53,  0)       -0.724  0.95648  -10.660    0.613  0.18495  *
* 106)    1.501   (  0, 53)       -0.724  0.95648  -10.660    0.613  0.18495  *
* 107)    1.328   (  0, 54)        0.498  0.93889  -10.455    0.636  0.17325  *
* 108)    1.328   ( 54,  0)        0.498  0.93889  -10.455    0.636  0.17325  *
* 109)    0.816   (  0, 55)       -0.260  0.83737   -9.840    0.602  0.13245  *
* 110)    0.816   ( 55,  0)       -0.260  0.83737   -9.840    0.602  0.13245  *
* 111)    5.261   ( 56,  0)        0.910  0.55015   -9.817    5.234  0.72337  *
* 112)    5.261   (  0, 56)        0.910  0.55015   -9.817    5.234  0.72337  *
* 113)    0.651   ( 57,  0)       -0.107  0.65153   -9.486    0.621  0.13566  *
* 114)    0.651   (  0, 57)       -0.107  0.65153   -9.486    0.621  0.13566  *
* 115)    0.576   ( 58,  0)       -0.538  0.64974   -9.461    0.549  0.11969  *
* 116)    0.576   (  0, 58)       -0.538  0.64974   -9.461    0.549  0.11969  *
* 117)    0.571   (  0, 59)       -0.708  0.45132   -9.233    0.569  0.13762  *
* 118)    0.571   ( 59,  0)       -0.708  0.45132   -9.233    0.569  0.13762  *
* 119)    0.715   ( 60,  0)        0.146  0.27570   -8.968    0.639  0.18174  *
* 120)    0.715   (  0, 60)        0.146  0.27570   -8.968    0.639  0.18174  *
* 121)    5.291   (  0, 61)        0.910  0.44973   -8.757    5.264  0.70338  *
* 122)    5.291   ( 61,  0)        0.910  0.44973   -8.757    5.264  0.70338  *
* 123)    0.760   ( 62,  0)       -0.952  0.11642   -8.706    0.487  0.19904  *
* 124)    0.760   (  0, 62)       -0.952  0.11642   -8.706    0.487  0.19904  *
* 125)    1.008   (  0, 63)        0.185  0.11556   -8.514    0.645  0.24973  *
* 126)    1.008   ( 63,  0)        0.185  0.11556   -8.514    0.645  0.24973  *
* 127)    0.995   ( 64,  0)        0.775  0.10057   -8.494    0.599  0.24770  *
* 128)    0.995   (  0, 64)        0.775  0.10057   -8.494    0.599  0.24770  *
* 129)    1.524   ( 65,  0)       -0.878  0.03473   -7.871    0.558  0.33838  *
* 130)    1.524   (  0, 65)       -0.878  0.03473   -7.871    0.558  0.33838  *
* 131)    1.669   (  0, 66)        0.379  0.03847   -7.749    0.642  0.35929  *
* 132)    1.669   ( 66,  0)        0.379  0.03847   -7.749    0.642  0.35929  *
* 133)    1.838   (  0, 67)       -0.044  0.02687   -7.549    0.595  0.38199  *
* 134)    1.838   ( 67,  0)       -0.044  0.02687   -7.549    0.595  0.38199  *
* 135)    2.439   (  0, 68)       -0.903  0.00835   -6.890    0.444  0.45047  *
* 136)    2.439   ( 68,  0)       -0.903  0.00835   -6.890    0.444  0.45047  *
* 137)    2.499   (  0, 69)       -0.087  0.01605   -6.870    0.628  0.45686  *
* 138)    2.499   ( 69,  0)       -0.087  0.01605   -6.870    0.628  0.45686  *
* 139)    2.618   ( 70,  0)        0.007  0.01326   -6.741    0.599  0.46831  *
* 140)    2.618   (  0, 70)        0.007  0.01326   -6.741    0.599  0.46831  *
* 141)    2.858   (  0, 71)       -0.852  0.00741   -6.474    0.490  0.48994  *
* 142)    2.858   ( 71,  0)       -0.852  0.00741   -6.474    0.490  0.48994  *
* 143)    3.075   ( 72,  0)       -0.380  0.03746   -6.444    1.168  0.51036  *
* 144)    3.075   (  0, 72)       -0.380  0.03746   -6.444    1.168  0.51036  *
* 145)    2.946   ( 73,  0)       -0.827  0.00799   -6.390    0.524  0.49765  *
* 146)    2.946   (  0, 73)       -0.827  0.00799   -6.390    0.524  0.49765  *
* 147)    3.075   ( 74,  0)        0.949  0.00772   -6.262    0.538  0.50833  *
* 148)    3.075   (  0, 74)        0.949  0.00772   -6.262    0.538  0.50833  *
* 149)    3.871   (  0, 75)       -0.032  0.00737   -5.475    0.662  0.56566  *
* 150)    3.871   ( 75,  0)       -0.032  0.00737   -5.475    0.662  0.56566  *
* 151)    4.436   ( 76,  0)        0.314  0.00404   -4.889    0.563  0.59855  *
* 152)    4.436   (  0, 76)        0.314  0.00404   -4.889    0.563  0.59855  *
* 153)    4.720   ( 77,  0)       -0.278  0.00499   -4.616    0.665  0.61347  *
* 154)    4.720   (  0, 77)       -0.278  0.00499   -4.616    0.665  0.61347  *
* 155)    4.872   ( 78,  0)        0.487  0.00398   -4.456    0.613  0.62087  *
* 156)    4.872   (  0, 78)        0.487  0.00398   -4.456    0.613  0.62087  *
* 157)    5.458   ( 79,  0)        0.828  0.02564   -4.110    1.725  0.64964  *
* 158)    5.458   (  0, 79)        0.828  0.02564   -4.110    1.725  0.64964  *
* 159)    6.026   ( 80,  0)        0.293  0.00336   -3.304    0.697  0.66947  *
* 160)    6.026   (  0, 80)        0.293  0.00336   -3.304    0.697  0.66947  *
* 161)    6.070   (  0, 81)        0.687  0.00200   -3.244    0.542  0.67093  *
* 162)    6.070   ( 81,  0)        0.687  0.00200   -3.244    0.542  0.67093  *
* 163)    6.193   (  0, 82)        0.147  0.01066   -3.228    1.272  0.67632  *
* 164)    6.193   ( 82,  0)        0.147  0.01066   -3.228    1.272  0.67632  *
* 165)    6.614   (  0, 83)       -0.608  0.00241   -2.707    0.648  0.68965  *
* 166)    6.614   ( 83,  0)       -0.608  0.00241   -2.707    0.648  0.68965  *
* 167)    6.807   ( 84,  0)        0.143  0.00328   -2.527    0.779  0.69587  *
* 168)    6.807   (  0, 84)        0.143  0.00328   -2.527    0.779  0.69587  *
* 169)    7.245   ( 85,  0)       -0.058  0.00201   -2.073    0.649  0.70878  *
* 170)    7.245   (  0, 85)       -0.058  0.00201   -2.073    0.649  0.70878  *
* 171)    7.554   ( 86,  0)        0.765  0.00138   -1.756    0.561  0.71726  *
* 172)    7.554   (  0, 86)        0.765  0.00138   -1.756    0.561  0.71726  *
* 173)    7.735   ( 87,  0)        0.625  0.00125   -1.573    0.548  0.72203  *
* 174)    7.735   (  0, 87)        0.625  0.00125   -1.573    0.548  0.72203  *
* 175)    7.750   ( 88,  0)       -0.218  0.00157   -1.563    0.614  0.72247  *
* 176)    7.750   (  0, 88)       -0.218  0.00157   -1.563    0.614  0.72247  *
* 177)    8.169   (  0, 89)        0.518  0.00754   -1.243    1.414  0.73360  *
* 178)    8.169   ( 89,  0)        0.518  0.00754   -1.243    1.414  0.73360  *
* 179)    8.090   ( 90,  0)        0.140  0.00131   -1.220    0.586  0.73095  *
* 180)    8.090   (  0, 90)        0.140  0.00131   -1.220    0.586  0.73095  *
* 181)    8.218   ( 91,  0)        0.539  0.00103   -1.088    0.527  0.73399  *
* 182)    8.218   (  0, 91)        0.539  0.00103   -1.088    0.527  0.73399  *
* 183)    8.355   ( 92,  0)        0.897  0.00090   -0.949    0.501  0.73720  *
* 184)    8.355   (  0, 92)        0.897  0.00090   -0.949    0.501  0.73720  *
* 185)    8.726   ( 93,  0)        0.364  0.00548   -0.658    1.288  0.74607  *
* 186)    8.726   (  0, 93)        0.364  0.00548   -0.658    1.288  0.74607  *
* 187)    8.716   (  0, 94)       -0.784  0.00109   -0.592    0.576  0.74535  *
* 188)    8.716   ( 94,  0)       -0.784  0.00109   -0.592    0.576  0.74535  *
* 189)    8.745   (  0, 95)        0.065  0.00110   -0.564    0.580  0.74596  *
* 190)    8.745   ( 95,  0)        0.065  0.00110   -0.564    0.580  0.74596  *
* 193)    9.280   (  0, 97)       -0.398  0.00139   -0.034    0.692  0.75710  *
* 194)    9.280   ( 97,  0)       -0.398  0.00139   -0.034    0.692  0.75710  *
* 195)    9.968   ( 98,  0)        0.732  0.00723    0.535    1.690  0.77070  *
* 196)    9.968   (  0, 98)        0.732  0.00723    0.535    1.690  0.77070  *
*                                                                             *
*1902)   TOTAL=  ( 951, 951)                                                  *
*                                                                             *
*******************************************************************************

*******************************************************************************
*                                                                             *
*  SINGLE-PARTICLE PROPERTIES: CANONICAL                           NEUTRONS   *
*                                                                             *
*******************************************************************************
*                                                                             *
*  NO)   ENERGY   (S=+,S=-)   | N,nz,lz,OMEz>   <P>    <JY>    <SY>   GFACT   *
*                                                                             *
*  52)  -11.202   ( 52,---)   | 7, 7, 0, 1/2>   -29  -0.204  -0.344   1.687   *
*  53)  -11.129   ( 53,---)   | 5, 1, 2, 5/2>   -74  -0.000  -0.000   1.288   *
*  54)  -10.662   ( 54,---)   | 5, 1, 4, 7/2>   -72   0.000   0.000   0.145   *
*  55)  -10.457   ( 55,---)   | 6, 2, 4, 9/2>    49  -0.000  -0.000   0.318   *
*  56)   -9.841   ( 56,---)   | 5, 1, 0, 1/2>   -40   0.324  -0.304  -0.936   *
*  57)   -9.555   ( 57,---)   | 5, 1, 2, 3/2>   -38   0.005   0.001   0.212   *
*  58)   -9.318   ( 58,---)   | 5, 1, 0, 1/2>     7  -2.128  -0.350   0.164   *
*  59)   -9.095   ( 59,---)   | 5, 1, 2, 3/2>   -40  -0.057   0.007  -0.117   *
*  60)   -9.094   ( 60,---)   | 5, 1, 0, 1/2>   -26  -0.969  -0.350   0.361   *
*  61)   -8.684   ( 61,---)   | 5, 0, 3, 7/2>   -95  -0.000   0.000  -0.062   *
*  62)   -8.533   ( 62,---)   | 8, 7, 1, 3/2>    28  -0.009  -0.001   0.165   *
*  63)   -8.482   ( 63,---)   | 6, 1, 5,11/2>    77   0.000   0.000   0.044   *
*  64)   -7.846   ( 64,---)   | 5, 0, 5, 9/2>   -94  -0.000   0.000  -0.044   *
*  65)   -7.692   ( 65,---)   | 8, 6, 2, 5/2>    34   0.000   0.000   0.047   *
*  66)   -7.516   ( 66,---)   | 6, 3, 1, 3/2>     2   0.001   0.000   0.350   *
*  67)   -6.768   ( 67,---)   | 6, 3, 3, 5/2>     4  -0.000   0.000  -0.336   *
*  68)   -6.703   ( 68,---)   | 5, 0, 1, 3/2>   -93   0.001   0.002   2.121   *
*  69)   -6.538   ( 69,---)   | 6, 3, 1, 1/2>     8   0.537  -0.128  -0.237   *
*  70)   -6.203   ( 70,---)   | 8, 5, 3, 7/2>    10  -0.000  -0.000   0.015   *
*  71)   -6.169   ( 71,---)   | 6, 0, 6,13/2>    94  -0.000   0.000  -1.840   *
*  72)   -6.078   ( 72,---)   | 5, 0, 3, 5/2>   -55   0.000  -0.000  -0.029   *
*  73)   -5.595   ( 73,---)   | 5, 0, 1, 1/2>   -56   0.269  -0.106  -0.394   *
*  74)   -5.474   ( 74,---)   | 6, 2, 2, 5/2>     1  -0.000  -0.000   0.111   *
*  75)   -4.737   ( 75,---)   | 5, 0, 1, 1/2>     1   0.601  -0.223  -0.371   *
*  76)   -4.426   ( 76,---)   | 7, 3, 4, 9/2>   -14   0.000  -0.000  -0.005   *
*  77)   -4.161   ( 77,---)   | 6, 2, 4, 7/2>    38   0.000   0.000   0.297   *
*  78)   -3.520   ( 78,---)   | 6, 2, 0, 1/2>    24  -0.930  -0.344   0.370   *
*  79)   -3.034   ( 79,---)   | 6, 2, 2, 3/2>    10  -0.030  -0.003   0.108   *
*  80)   -2.752   ( 80,---)   | 6, 2, 0, 1/2>   -22  -2.343  -0.338   0.144   *
*  81)   -2.670   ( 81,---)   | 6, 1, 3, 7/2>    75   0.000  -0.000  -0.159   *
*  82)   -2.621   ( 82,---)   | 6, 2, 2, 3/2>    -1  -0.009  -0.001   0.071   *
*  83)   -2.351   ( 83,---)   | 7, 2, 5,11/2>   -42   0.000   0.000   0.023   *
*  84)   -2.297   ( 84,---)   | 8, 6, 0, 1/2>    36  -1.008  -0.315   0.313   *
*  85)   -1.595   ( 85,---)   | 8, 6, 2, 3/2>    16   0.002   0.002   0.798   *
*  86)   -1.245   ( 86,---)   | 6, 1, 5, 9/2>    71  -0.000   0.000  -0.079   *
*  87)   -0.932   ( 87,---)   | 9, 7, 2, 5/2>   -49   0.000   0.000   0.058   *
*  88)   -0.745   ( 88,---)   | 8, 5, 1, 3/2>    30  -0.001   0.000  -0.604   *
*  89)   -0.212   ( 89,---)   | 6, 1, 1, 3/2>    71   0.000   0.002   7.946   *
*  90)   -0.060   ( 90,---)   | 7, 1, 6,13/2>   -73  -0.000   0.000  -0.150   *
*                                                                             *
*******************************************************************************

*******************************************************************************
*                                                                             *
*  HFB PAIRING PROPERTIES                                           NEUTRONS  *
*                                                                             *
*  STRENGTH= 0.1600   GAP= 0.6016   FERMI ENERGY=-12.2690   ENERGY=  -2.2627  *
*                                                                             *
*******************************************************************************

*******************************************************************************
*                                                                             *
*  MULTIPOLE MOMENTS [UNITS:  (10 FERMI)^LAMBDA]                    NEUTRONS  *
*                                                                             *
*******************************************************************************
*                                                                             *
*  Q00 = 98.0000  .............  .............  .............  .............  *
*                                                                             *
*  Q10 = 10.4350  Q11 =    ZERO  .............  .............  .............  *
*                                                                             *
*  Q20 = 16.0656  Q21 =    ZERO  Q22 = -0.0060  .............  .............  *
*                                                                             *
*  Q30 =  2.3322  Q31 =    ZERO  Q32 =-2.3E-04  Q33 =    ZERO  .............  *
*                                                                             *
*  Q40 =  1.4756  Q41 =    ZERO  Q42 =-9.2E-05  Q43 =    ZERO  Q44 = 2.8E-06  *
*                                                                             *
*******************************************************************************

*******************************************************************************
*                                                                             *
*  ROOT-MEAN-SQUARE AND GEOMETRIC SIZES IN FERMIS                   NEUTRONS  *
*                                                                             *
*  R_RMS =  5.7296     X_RMS =  2.8651    Y_RMS =  2.8657    Z_RMS =  4.0506  *
*                                                                             *
*  R_GEO =  7.3968     X_GEO =  6.4065    Y_GEO =  6.4079    Z_GEO =  9.0574  *
*                                                                             *
*******************************************************************************

*******************************************************************************
*                                                                             *
*  BOHR DEFORMATIONS (FIRST-ORDER APPROXIMATION)                    NEUTRONS  *
*                                                                             *
*******************************************************************************
*                                                                             *
*  B10 =  0.2946  B11 =    ZERO  .............  .............  .............  *
*                                                                             *
*  B20 =  0.3958  B21 =    ZERO  B22 =-1.5E-04  .............  .............  *
*                                                                             *
*  B30 =  0.2463  B31 =    ZERO  B32 =-3.5E-05  B33 =    ZERO  .............  *
*                                                                             *
*  B40 =  0.2107  B41 =    ZERO  B42 =-1.9E-05  B43 =    ZERO  B44 = 5.6E-07  *
*                                                                             *
*******************************************************************************
*                                                                             *
*  BOHR DENSITY = 0.0578 FM^(-3)  BOHR RADIUS =   7.3968 FM                   *
*                                                                             *
*******************************************************************************

*******************************************************************************
*                                                                             *
*  SINGLE-QUASIPARTICLE PROPERTIES:                                 PROTONS   *
*                                                                             *
*******************************************************************************
*                                                                             *
*  NO)   ENERGY   (S=+,S=-)       PARITY   V2QUAP   EEQUIV   DEQUIV   V_CORR  *
*                                                                             *
*  39)    9.469   ( 20,  0)        0.289  0.99746  -11.181    0.953  0.99979  *
*  40)    9.469   (  0, 20)        0.289  0.99746  -11.181    0.953  0.99979  *
*  41)    9.183   ( 21,  0)       -0.063  0.99870  -10.920    0.662  0.99989  *
*  42)    9.183   (  0, 21)       -0.063  0.99870  -10.920    0.662  0.99989  *
*  43)    9.084   (  0, 22)       -0.758  0.99782  -10.805    0.847  0.99981  *
*  44)    9.084   ( 22,  0)       -0.758  0.99782  -10.805    0.847  0.99981  *
*  45)    7.508   (  0, 23)       -0.943  0.99327   -9.167    1.227  0.99926  *
*  46)    7.508   ( 23,  0)       -0.943  0.99327   -9.167    1.227  0.99926  *
*  47)    7.317   ( 24,  0)        0.805  0.99843   -9.055    0.579  0.99982  *
*  48)    7.317   (  0, 24)        0.805  0.99843   -9.055    0.579  0.99982  *
*  49)    6.999   ( 25,  0)        0.387  0.99706   -8.719    0.758  0.99965  *
*  50)    6.999   (  0, 25)        0.387  0.99706   -8.719    0.758  0.99965  *
*  51)    6.875   ( 26,  0)        0.411  0.99643   -8.587    0.820  0.99957  *
*  52)    6.875   (  0, 26)        0.411  0.99643   -8.587    0.820  0.99957  *
*  53)    6.865   ( 27,  0)       -0.906  0.99500   -8.557    0.969  0.99939  *
*  54)    6.865   (  0, 27)       -0.906  0.99500   -8.557    0.969  0.99939  *
*  55)    6.032   (  0, 28)        0.275  0.96544   -7.376    2.204  0.99514  *
*  56)    6.032   ( 28,  0)        0.275  0.96544   -7.376    2.204  0.99514  *
*  57)    4.523   (  0, 29)       -0.002  0.99392   -6.229    0.703  0.99876  *
*  58)    4.523   ( 29,  0)       -0.002  0.99392   -6.229    0.703  0.99876  *
*  59)    3.942   ( 30,  0)        0.614  0.99554   -5.667    0.525  0.99891  *
*  60)    3.942   (  0, 30)        0.614  0.99554   -5.667    0.525  0.99891  *
*  61)    3.360   (  0, 31)        0.363  0.99206   -5.068    0.596  0.99760  *
*  62)    3.360   ( 31,  0)        0.363  0.99206   -5.068    0.596  0.99760  *
*  63)    3.044   ( 32,  0)        0.748  0.99322   -4.763    0.500  0.99763  *
*  64)    3.044   (  0, 32)        0.748  0.99322   -4.763    0.500  0.99763  *
*  65)    5.122   ( 33,  0)        0.959  0.77475   -4.575    4.280  0.96439  *
*  66)    5.122   (  0, 33)        0.959  0.77475   -4.575    4.280  0.96439  *
*  67)    2.529   ( 34,  0)       -0.512  0.98821   -4.230    0.546  0.99457  *
*  68)    2.529   (  0, 34)       -0.512  0.98821   -4.230    0.546  0.99457  *
*  69)    5.874   (  0, 35)        0.144  0.68942   -3.986    5.436  0.95909  *
*  70)    5.874   ( 35,  0)        0.144  0.68942   -3.986    5.436  0.95909  *
*  71)    2.181   ( 36,  0)        0.701  0.98681   -3.884    0.498  0.99225  *
*  72)    2.181   (  0, 36)        0.701  0.98681   -3.884    0.498  0.99225  *
*  73)    1.476   ( 37,  0)       -0.343  0.97487   -3.162    0.462  0.96910  *
*  74)    1.476   (  0, 37)       -0.343  0.97487   -3.162    0.462  0.96910  *
*  75)    1.161   ( 38,  0)       -0.120  0.95974   -2.828    0.456  0.91736  *
*  76)    1.161   (  0, 38)       -0.120  0.95974   -2.828    0.456  0.91736  *
*  77)    1.185   ( 39,  0)        0.937  0.93514   -2.792    0.584  0.88993  *
*  78)    1.185   (  0, 39)        0.937  0.93514   -2.792    0.584  0.88993  *
*  79)    0.706   (  0, 40)       -0.070  0.89195   -2.314    0.439  0.60922  *
*  80)    0.706   ( 40,  0)       -0.070  0.89195   -2.314    0.439  0.60922  *
*  81)    0.587   ( 41,  0)       -0.823  0.69901   -1.994    0.539  0.49089  *
*  82)    0.587   (  0, 41)       -0.823  0.69901   -1.994    0.539  0.49089  *
*  83)    0.505   ( 42,  0)       -0.294  0.72828   -1.991    0.449  0.42995  *
*  84)    0.505   (  0, 42)       -0.294  0.72828   -1.991    0.449  0.42995  *
*  85)    0.556   (  0, 43)        0.952  0.51747   -1.780    0.556  0.46171  *
*  86)    0.556   ( 43,  0)        0.952  0.51747   -1.780    0.556  0.46171  *
*  87)    1.096   ( 44,  0)       -0.180  0.04670   -0.767    0.463  0.61127  *
*  88)    1.096   (  0, 44)       -0.180  0.04670   -0.767    0.463  0.61127  *
*  89)    1.479   (  0, 45)        0.931  0.03737   -0.392    0.561  0.67963  *
*  90)    1.479   ( 45,  0)        0.931  0.03737   -0.392    0.561  0.67963  *
*  91)    1.656   ( 46,  0)        0.910  0.03289   -0.213    0.591  0.70345  *
*  92)    1.656   (  0, 46)        0.910  0.03289   -0.213    0.591  0.70345  *
*  93)    1.849   (  0, 47)       -0.430  0.01671    0.027    0.474  0.72419  *
*  94)    1.849   ( 47,  0)       -0.430  0.01671    0.027    0.474  0.72419  *
*  95)    1.972   (  0, 48)       -0.436  0.01298    0.160    0.446  0.73647  *
*  96)    1.972   ( 48,  0)       -0.436  0.01298    0.160    0.446  0.73647  *
*  97)    2.186   ( 49,  0)       -0.963  0.01923    0.341    0.600  0.75679  *
*  98)    2.186   (  0, 49)       -0.963  0.01923    0.341    0.600  0.75679  *
*  99)    6.003   ( 50,  0)        0.174  0.31022    0.518    5.553  0.92075  *
* 100)    6.003   (  0, 50)        0.174  0.31022    0.518    5.553  0.92075  *
* 101)    2.608   ( 51,  0)       -0.142  0.00856    0.803    0.481  0.78673  *
* 102)    2.608   (  0, 51)       -0.142  0.00856    0.803    0.481  0.78673  *
* 103)    5.020   (  0, 52)        0.968  0.22426    1.008    4.188  0.89705  *
* 104)    5.020   ( 52,  0)        0.968  0.22426    1.008    4.188  0.89705  *
* 105)    2.890   (  0, 53)       -0.376  0.00906    1.077    0.548  0.80352  *
* 106)    2.890   ( 53,  0)       -0.376  0.00906    1.077    0.548  0.80352  *
* 107)    3.475   ( 54,  0)        0.140  0.00647    1.669    0.557  0.83079  *
* 108)    3.475   (  0, 54)        0.140  0.00647    1.669    0.557  0.83079  *
* 109)    4.729   (  0, 55)       -0.738  0.00314    2.939    0.529  0.86956  *
* 110)    4.729   ( 55,  0)       -0.738  0.00314    2.939    0.529  0.86956  *
* 111)    4.798   (  0, 56)        0.368  0.00318    3.007    0.540  0.87120  *
* 112)    4.798   ( 56,  0)        0.368  0.00318    3.007    0.540  0.87120  *
* 113)    4.877   ( 57,  0)       -0.467  0.00492    3.068    0.683  0.87318  *
* 114)    4.877   (  0, 57)       -0.467  0.00492    3.068    0.683  0.87318  *
* 115)    5.113   (  0, 58)        0.141  0.00327    3.319    0.584  0.87818  *
* 116)    5.113   ( 58,  0)        0.141  0.00327    3.319    0.584  0.87818  *
* 117)    5.693   ( 59,  0)        0.255  0.03350    3.551    2.049  0.89174  *
* 118)    5.693   (  0, 59)        0.255  0.03350    3.551    2.049  0.89174  *
* 119)    6.480   ( 60,  0)       -0.190  0.00264    4.685    0.666  0.90132  *
* 120)    6.480   (  0, 60)       -0.190  0.00264    4.685    0.666  0.90132  *
* 121)    6.625   ( 61,  0)       -0.663  0.00599    4.785    1.022  0.90351  *
* 122)    6.625   (  0, 61)       -0.663  0.00599    4.785    1.022  0.90351  *
* 123)    6.989   ( 62,  0)        0.466  0.00180    5.204    0.593  0.90778  *
* 124)    6.989   (  0, 62)        0.466  0.00180    5.204    0.593  0.90778  *
* 125)    7.423   ( 63,  0)        0.814  0.00134    5.642    0.543  0.91266  *
* 126)    7.423   (  0, 63)        0.814  0.00134    5.642    0.543  0.91266  *
* 127)    7.710   (  0, 64)       -0.765  0.00612    5.855    1.202  0.91597  *
* 128)    7.710   ( 64,  0)       -0.765  0.00612    5.855    1.202  0.91597  *
* 129)    7.701   (  0, 65)       -0.952  0.00147    5.918    0.589  0.91556  *
* 130)    7.701   ( 65,  0)       -0.952  0.00147    5.918    0.589  0.91556  *
* 131)    7.869   (  0, 66)       -0.947  0.00112    6.091    0.527  0.91719  *
* 132)    7.869   ( 66,  0)       -0.947  0.00112    6.091    0.527  0.91719  *
* 133)    7.966   (  0, 67)       -0.001  0.00116    6.187    0.542  0.91812  *
* 134)    7.966   ( 67,  0)       -0.001  0.00116    6.187    0.542  0.91812  *
* 135)    8.544   (  0, 68)       -0.032  0.00135    6.760    0.629  0.92325  *
* 136)    8.544   ( 68,  0)       -0.032  0.00135    6.760    0.629  0.92325  *
* 137)    8.717   (  0, 69)        0.378  0.00088    6.941    0.518  0.92463  *
* 138)    8.717   ( 69,  0)        0.378  0.00088    6.941    0.518  0.92463  *
* 139)    9.728   ( 70,  0)       -0.646  0.00337    7.901    1.128  0.93207  *
* 140)    9.728   (  0, 70)       -0.646  0.00337    7.901    1.128  0.93207  *
* 141)    9.844   (  0, 71)        0.961  0.00092    8.066    0.597  0.93268  *
* 142)    9.844   ( 71,  0)        0.961  0.00092    8.066    0.597  0.93268  *
*                                                                             *
*1456)   TOTAL=  ( 728, 728)                                                  *
*                                                                             *
*******************************************************************************

*******************************************************************************
*                                                                             *
*  SINGLE-PARTICLE PROPERTIES: CANONICAL                            PROTONS   *
*                                                                             *
*******************************************************************************
*                                                                             *
*  NO)   ENERGY   (S=+,S=-)   | N,nz,lz,OMEz>   <P>    <JY>    <SY>   GFACT   *
*                                                                             *
*  20)  -11.615   ( 20,---)   | 3, 2, 1, 1/2>   -34   0.803  -0.148  -0.185   *
*  21)  -11.107   ( 21,---)   | 4, 2, 2, 5/2>    34   0.000  -0.000  -1.401   *
*  22)  -10.977   ( 22,---)   | 3, 0, 3, 5/2>   -84  -0.000  -0.000   1.596   *
*  23)   -9.246   ( 23,---)   | 3, 0, 1, 3/2>   -92  -0.003  -0.003   1.251   *
*  24)   -9.061   ( 24,---)   | 4, 1, 3, 7/2>    76  -0.000  -0.000   0.099   *
*  25)   -8.817   ( 25,---)   | 4, 2, 0, 1/2>    38  -2.038  -0.365   0.179   *
*  26)   -8.651   ( 26,---)   | 4, 2, 2, 3/2>    38  -0.002   0.000  -0.044   *
*  27)   -8.626   ( 27,---)   | 3, 0, 1, 1/2>   -91   0.142  -0.008  -0.056   *
*  28)   -7.767   ( 28,---)   | 4, 2, 0, 1/2>    25  -0.981  -0.425   0.433   *
*  29)   -7.657   ( 29,---)   | 4, 3, 1, 3/2>    15  -0.004  -0.000   0.109   *
*  30)   -6.826   ( 30,---)   | 4, 0, 4, 9/2>    96   0.000   0.000  4.E+01   *
*  31)   -6.204   ( 31,---)   | 5, 3, 2, 5/2>   -14   0.000  -0.000  -0.078   *
*  32)   -5.747   ( 32,---)   | 4, 1, 3, 5/2>    76   0.000  -0.000  -0.139   *
*  33)   -5.105   ( 33,---)   | 5, 4, 1, 1/2>    36   0.791  -0.216  -0.273   *
*  34)   -4.775   ( 34,---)   | 4, 1, 1, 3/2>    73   0.001   0.001   1.156   *
*  35)   -4.248   ( 35,---)   | 5, 2, 3, 7/2>   -49   0.000   0.000   0.043   *
*  36)   -3.892   ( 36,---)   | 4, 1, 1, 1/2>    70   0.355  -0.039  -0.110   *
*  37)   -3.169   ( 37,---)   | 5, 3, 0, 1/2>   -34  -1.512  -0.348   0.230   *
*  38)   -2.831   ( 38,---)   | 5, 3, 2, 3/2>   -12  -0.001  -0.000   0.077   *
*  39)   -2.793   ( 39,---)   | 4, 0, 4, 7/2>    93  -0.000  -0.000   2.384   *
*  40)   -2.315   ( 40,---)   | 6, 4, 0, 1/2>    -7  -1.680  -0.364   0.217   *
*  41)   -1.995   ( 41,---)   | 5, 1, 4, 9/2>   -82  -0.000   0.000  -0.502   *
*  42)   -1.991   ( 42,---)   | 7, 6, 1, 3/2>   -29  -0.003  -0.000   0.101   *
*  43)   -1.780   ( 43,---)   | 4, 0, 2, 5/2>    95  -0.000  -0.000   2.058   *
*  44)   -0.748   ( 44,---)   | 6, 4, 2, 5/2>   -24   0.000   0.000   0.063   *
*  45)   -0.362   ( 45,---)   | 4, 0, 2, 3/2>    94  -0.002   0.000  -0.040   *
*  46)   -0.157   ( 46,---)   | 4, 0, 0, 1/2>    95  -0.299  -0.494   1.650   *
*                                                                             *
*******************************************************************************

*******************************************************************************
*                                                                             *
*  HFB PAIRING PROPERTIES                                            PROTONS  *
*                                                                             *
*  STRENGTH= 0.0942   GAP=-0.4943   FERMI ENERGY= -2.4717   ENERGY=  -2.5929  *
*                                                                             *
*******************************************************************************

*******************************************************************************
*                                                                             *
*  MULTIPOLE MOMENTS [UNITS:  (10 FERMI)^LAMBDA]                     PROTONS  *
*                                                                             *
*******************************************************************************
*                                                                             *
*  Q00 = 78.0000  .............  .............  .............  .............  *
*                                                                             *
*  Q10 =  8.5357  Q11 =    ZERO  .............  .............  .............  *
*                                                                             *
*  Q20 = 15.5033  Q21 =    ZERO  Q22 = -0.0015  .............  .............  *
*                                                                             *
*  Q30 =  2.3206  Q31 =    ZERO  Q32 =-9.7E-05  Q33 =    ZERO  .............  *
*                                                                             *
*  Q40 =  1.6332  Q41 =    ZERO  Q42 =-1.7E-04  Q43 =    ZERO  Q44 = 5.5E-06  *
*                                                                             *
*******************************************************************************

*******************************************************************************
*                                                                             *
*  ROOT-MEAN-SQUARE AND GEOMETRIC SIZES IN FERMIS                    PROTONS  *
*                                                                             *
*  R_RMS =  5.7747     X_RMS =  2.7933    Y_RMS =  2.7935    Z_RMS =  4.2120  *
*                                                                             *
*  R_GEO =  7.4551     X_GEO =  6.2460    Y_GEO =  6.2464    Z_GEO =  9.4184  *
*                                                                             *
*******************************************************************************

*******************************************************************************
*                                                                             *
*  BOHR DEFORMATIONS (FIRST-ORDER APPROXIMATION)                     PROTONS  *
*                                                                             *
*******************************************************************************
*                                                                             *
*  B10 =  0.3004  B11 =    ZERO  .............  .............  .............  *
*                                                                             *
*  B20 =  0.4725  B21 =    ZERO  B22 =-4.7E-05  .............  .............  *
*                                                                             *
*  B30 =  0.3008  B31 =    ZERO  B32 =-1.8E-05  B33 =    ZERO  .............  *
*                                                                             *
*  B40 =  0.2839  B41 =    ZERO  B42 =-4.1E-05  B43 =    ZERO  B44 = 1.3E-06  *
*                                                                             *
*******************************************************************************
*                                                                             *
*  BOHR DENSITY = 0.0449 FM^(-3)  BOHR RADIUS =   7.4551 FM                   *
*                                                                             *
*******************************************************************************

*******************************************************************************
*                                                                             *
*                  DENSITY INTEGRALS IN THE SKYRME FUNCTIONAL                 *
*                                                                             *
*******************************************************************************
*                                                                             *
*                   TOTAL(T)        SUM(S)      ISOSCALAR(P)  ISOVECTOR(M)    *
*                   --------        ------      ------------  ------------    *
*    DRHO_ =       18.513996      9.380299         18.513996      0.246602    *
*    DRHOD =        8.233923      4.170865          8.233923      0.107808    *
*    DLPR_ =       -3.543412     -1.797072         -3.543412     -0.050732    *
*    DTAU_ =       15.286775      7.811641         15.286775      0.336507    *
*    DSCU_ =        0.092170      0.052747          0.092170      0.013325    *
*    DDIV_ =        0.698635      0.358006          0.698635      0.017378    *
*                                                                             *
*    DSPI_ =        0.000000      0.000000          0.000000      0.000000    *
*    DSPID =        0.000000      0.000000          0.000000      0.000000    *
*    DLPS_ =        0.000000      0.000000          0.000000      0.000000    *
*    DCUR_ =        0.000000      0.000000          0.000000      0.000000    *
*    DKIS_ =        0.000000      0.000000          0.000000      0.000000    *
*    DROT_ =        0.000000      0.000000          0.000000      0.000000    *
*                                                                             *
*******************************************************************************

*******************************************************************************
*                                                                             *
*               CONTRIBUTIONS TO ENERGY IN THE SKYRME FUNCTIONAL              *
*                                                                             *
*******************************************************************************
*                                                                             *
*                 TOTAL(T)        SUM(S)        ISOSCALAR(P)  ISOVECTOR(M)    *
*                 --------        ------        ------------  ------------    *
*    ERHO_ =   -16552.624397   5049.560952     -11569.438263     66.374818    *
*    ERHOD =     8301.553419  -2116.146571       6212.755802    -27.348954    *
*    ELPR_ =     -348.442514    517.323433        161.578744      7.302175    *
*    ETAU_ =      506.849248   -377.079881        137.891210     -8.121843    *
*    ESCU_ =        0.000000      0.000000          0.000000      0.000000    *
*    EDIV_ =      -15.393605    -37.170022        -51.661511     -0.902116    *
*               ============  ============      ============  ============    *
*    SUM EVEN:  -8108.057848   3036.487911      -5108.874017     37.304081    *
*                                                                             *
*    ESPI_ =        0.000000      0.000000          0.000000      0.000000    *
*    ESPID =        0.000000      0.000000          0.000000      0.000000    *
*    ELPS_ =        0.000000      0.000000          0.000000      0.000000    *
*    ECUR_ =        0.000000      0.000000          0.000000      0.000000    *
*    EKIS_ =        0.000000      0.000000          0.000000      0.000000    *
*    EROT_ =        0.000000      0.000000          0.000000      0.000000    *
*               ============  ============      ============  ============    *
*    SUM  ODD:      0.000000      0.000000          0.000000      0.000000    *
*                                                                             *
*******************************************************************************
 
*******************************************************************************
*                                                                             *
*  CENTER-OF-MASS COORDINATES IN FERMIS                                TOTAL  *
*                                                                             *
*  R_CMS =  1.0779     X_CMS = -0.0000    Y_CMS =  0.0000    Z_CMS =  1.0779  *
*                                                                             *
*******************************************************************************

*******************************************************************************
*                                                                             *
*  MULTIPOLE MOMENTS [UNITS:  (10 FERMI)^LAMBDA] [CENT-MASS FRAME]  NEUTRONS  *
*                                                                             *
*******************************************************************************
*                                                                             *
*  Q00 = 98.0000  .............  .............  .............  .............  *
*                                                                             *
*  Q10 = -0.1282  Q11 =    ZERO  .............  .............  .............  *
*                                                                             *
*  Q20 = 13.8437  Q21 =    ZERO  Q22 = -0.0060  .............  .............  *
*                                                                             *
*  Q30 =  0.5734  Q31 =    ZERO  Q32 = 1.5E-04  Q33 =    ZERO  .............  *
*                                                                             *
*  Q40 =  0.7762  Q41 =    ZERO  Q42 =-7.3E-05  Q43 =    ZERO  Q44 = 2.8E-06  *
*                                                                             *
*******************************************************************************

*******************************************************************************
*                                                                             *
*  BOHR DEFORMATIONS (FIRST-ORDER APPROXIMATION) [CENT-MASS FRAME]  NEUTRONS  *
*                                                                             *
*******************************************************************************
*                                                                             *
*  B10 = -0.0041  B11 =    ZERO  .............  .............  .............  *
*                                                                             *
*  B20 =  0.4420  B21 =    ZERO  B22 =-1.9E-04  .............  .............  *
*                                                                             *
*  B30 =  0.0893  B31 =    ZERO  B32 = 3.2E-05  B33 =    ZERO  .............  *
*                                                                             *
*  B40 =  0.1861  B41 =    ZERO  B42 =-2.5E-05  B43 =    ZERO  B44 = 9.4E-07  *
*                                                                             *
*******************************************************************************
*                                                                             *
*  BOHR DENSITY = 0.0853 FM^(-3)  BOHR RADIUS =   6.4982 FM                   *
*                                                                             *
*******************************************************************************

*******************************************************************************
*                                                                             *
*  MULTIPOLE MOMENTS [UNITS:  (10 FERMI)^LAMBDA] [CENT-MASS FRAME]   PROTONS  *
*                                                                             *
*******************************************************************************
*                                                                             *
*  Q00 = 78.0000  .............  .............  .............  .............  *
*                                                                             *
*  Q10 =  0.1282  Q11 =    ZERO  .............  .............  .............  *
*                                                                             *
*  Q20 = 13.6356  Q21 =    ZERO  Q22 = -0.0015  .............  .............  *
*                                                                             *
*  Q30 =  0.5989  Q31 =    ZERO  Q32 = 5.8E-07  Q33 =    ZERO  .............  *
*                                                                             *
*  Q40 =  0.9287  Q41 =    ZERO  Q42 =-1.5E-04  Q43 =    ZERO  Q44 = 5.5E-06  *
*                                                                             *
*******************************************************************************

*******************************************************************************
*                                                                             *
*  BOHR DEFORMATIONS (FIRST-ORDER APPROXIMATION) [CENT-MASS FRAME]   PROTONS  *
*                                                                             *
*******************************************************************************
*                                                                             *
*  B10 =  0.0052  B11 =    ZERO  .............  .............  .............  *
*                                                                             *
*  B20 =  0.5471  B21 =    ZERO  B22 =-6.2E-05  .............  .............  *
*                                                                             *
*  B30 =  0.1173  B31 =    ZERO  B32 = 1.6E-07  B33 =    ZERO  .............  *
*                                                                             *
*  B40 =  0.2799  B41 =    ZERO  B42 =-6.2E-05  B43 =    ZERO  B44 = 2.3E-06  *
*                                                                             *
*******************************************************************************
*                                                                             *
*  BOHR DENSITY = 0.0679 FM^(-3)  BOHR RADIUS =   6.4969 FM                   *
*                                                                             *
*******************************************************************************

*******************************************************************************
*                                                                             *
*  EULER ANGLES OF THE PRINCIPAL-AXES FRAME IN DEGREES                 TOTAL  *
*                                                                             *
*  ALPHA =270.00000  BETA =  0.00000  GAMMA =  0.00000                        *
*                                                                             *
*******************************************************************************

*******************************************************************************
*                                                                             *
*  ROOT-MEAN-SQUARE AND GEOMETRIC SIZES IN FERMIS                      TOTAL  *
*                                                                             *
*  R_RMS =  5.7496     X_RMS =  2.8335    Y_RMS =  2.8339    Z_RMS =  4.1229  *
*                                                                             *
*  R_GEO =  7.4227     X_GEO =  6.3359    Y_GEO =  6.3368    Z_GEO =  9.2191  *
*                                                                             *
*******************************************************************************

*******************************************************************************
*                                                                             *
*  MULTIPOLE MOMENTS [UNITS:  (10 FERMI)^LAMBDA]                       TOTAL  *
*                                                                             *
*******************************************************************************
*                                                                             *
*  Q00 =176.0000  .............  .............  .............  .............  *
*                                                                             *
*  Q10 = 18.9707  Q11 =    ZERO  .............  .............  .............  *
*                                                                             *
*  Q20 = 31.5690  Q21 =    ZERO  Q22 = -0.0075  .............  .............  *
*                                                                             *
*  Q30 =  4.6528  Q31 =    ZERO  Q32 =-3.3E-04  Q33 =    ZERO  .............  *
*                                                                             *
*  Q40 =  3.1088  Q41 =    ZERO  Q42 =-2.6E-04  Q43 =    ZERO  Q44 = 8.2E-06  *
*                                                                             *
*******************************************************************************

*******************************************************************************
*                                                                             *
*  BOHR DEFORMATIONS (FIRST-ORDER APPROXIMATION)                       TOTAL  *
*                                                                             *
*******************************************************************************
*                                                                             *
*  B10 =  0.2972  B11 =    ZERO  .............  .............  .............  *
*                                                                             *
*  B20 =  0.4301  B21 =    ZERO  B22 =-1.0E-04  .............  .............  *
*                                                                             *
*  B30 =  0.2708  B31 =    ZERO  B32 =-2.7E-05  B33 =    ZERO  .............  *
*                                                                             *
*  B40 =  0.2437  B41 =    ZERO  B42 =-2.9E-05  B43 =    ZERO  B44 = 9.1E-07  *
*                                                                             *
*******************************************************************************
*                                                                             *
*  BOHR DENSITY = 0.1027 FM^(-3)  BOHR RADIUS =   7.4227 FM                   *
*                                                                             *
*******************************************************************************

*******************************************************************************
*                                                                             *
*  MULTIPOLE MOMENTS [UNITS:  (10 FERMI)^LAMBDA] [CENT-MASS FRAME]     TOTAL  *
*                                                                             *
*******************************************************************************
*                                                                             *
*  Q00 =176.0000  .............  .............  .............  .............  *
*                                                                             *
*  Q10 =    ZERO  Q11 =    ZERO  .............  .............  .............  *
*                                                                             *
*  Q20 = 27.4793  Q21 =    ZERO  Q22 = -0.0075  .............  .............  *
*                                                                             *
*  Q30 =  1.1724  Q31 =    ZERO  Q32 = 1.5E-04  Q33 =    ZERO  .............  *
*                                                                             *
*  Q40 =  1.7050  Q41 =    ZERO  Q42 =-2.2E-04  Q43 =    ZERO  Q44 = 8.2E-06  *
*                                                                             *
*******************************************************************************

*******************************************************************************
*                                                                             *
*  BOHR DEFORMATIONS (FIRST-ORDER APPROXIMATION) [CENT-MASS FRAME]     TOTAL  *
*                                                                             *
*******************************************************************************
*                                                                             *
*  B10 =    ZERO  B11 =    ZERO  .............  .............  .............  *
*                                                                             *
*  B20 =  0.4886  B21 =    ZERO  B22 =-1.3E-04  .............  .............  *
*                                                                             *
*  B30 =  0.1017  B31 =    ZERO  B32 = 1.8E-05  B33 =    ZERO  .............  *
*                                                                             *
*  B40 =  0.2276  B41 =    ZERO  B42 =-4.1E-05  B43 =    ZERO  B44 = 1.6E-06  *
*                                                                             *
*******************************************************************************
*                                                                             *
*  BOHR DENSITY = 0.1532 FM^(-3)  BOHR RADIUS =   6.4977 FM                   *
*                                                                             *
*******************************************************************************

*******************************************************************************
*                                                                             *
*  MULTIPOLE MOMENTS [UNITS:  (10 FERMI)^LAMBDA] [INTRINSIC FRAME]     TOTAL  *
*                                                                             *
*  REAL PART  FOR A NON-NEGATIVE PROJECTION                                   *
*  IMAGINARY PART FOR A NEGATIVE PROJECTION                                   *
*                                                                             *
*******************************************************************************
*                                                                             *
*  Q00 =176.0000  .............  .............  .............  .............  *
*                 .............  .............  .............  .............  *
*                                                                             *
*  Q10 =    ZERO  Q1+1=    ZERO  .............  .............  .............  *
*                 Q1-1=    ZERO  .............  .............  .............  *
*                                                                             *
*  Q20 = 27.4793  Q2+1=    ZERO  Q2+2=  0.0075  .............  .............  *
*                 Q2-1=    ZERO  Q2-2=    ZERO  .............  .............  *
*                                                                             *
*  Q30 =  1.1724  Q3+1=    ZERO  Q3+2=-1.5E-04  Q3+3=    ZERO  .............  *
*                 Q3-1=    ZERO  Q3-2=    ZERO  Q3-3=    ZERO  .............  *
*                                                                             *
*  Q40 =  1.7050  Q4+1=    ZERO  Q4+2= 2.2E-04  Q4+3=    ZERO  Q4+4= 8.2E-06  *
*                 Q4-1=    ZERO  Q4-2=    ZERO  Q4-3=    ZERO  Q4-4=    ZERO  *
*                                                                             *
*******************************************************************************

*******************************************************************************
*                                                                             *
*  BOHR DEFORMATIONS (FIRST-ORDER APPROXIMATION) [INTRINSIC FRAME]     TOTAL  *
*                                                                             *
*  REAL PART  FOR A NON-NEGATIVE PROJECTION                                   *
*  IMAGINARY PART FOR A NEGATIVE PROJECTION                                   *
*                                                                             *
*******************************************************************************
*                                                                             *
*  B10 =    ZERO  B1+1=    ZERO  .............  .............  .............  *
*                 B1-1=    ZERO  .............  .............  .............  *
*                                                                             *
*  B20 =  0.4886  B2+1=    ZERO  B2+2= 1.3E-04  .............  .............  *
*                 B2-1=    ZERO  B2-2=    ZERO  .............  .............  *
*                                                                             *
*  B30 =  0.1017  B3+1=    ZERO  B3+2=-1.8E-05  B3+3=    ZERO  .............  *
*                 B3-1=    ZERO  B3-2=    ZERO  B3-3=    ZERO  .............  *
*                                                                             *
*  B40 =  0.2276  B4+1=    ZERO  B4+2= 4.1E-05  B4+3=    ZERO  B4+4= 1.6E-06  *
*                 B4-1=    ZERO  B4-2=    ZERO  B4-3=    ZERO  B4-4=    ZERO  *
*                                                                             *
*******************************************************************************
*                                                                             *
*  BOHR DENSITY = 0.1532 FM^(-3)  BOHR RADIUS =   6.4977 FM                   *
*                                                                             *
*******************************************************************************

*******************************************************************************
*                                                                             *
*                                ENERGIES (MEV)                               *
*                                                                             *
*******************************************************************************
*                                                                             *
*  KINETIC: (NEU)=  1785.367546    (PRO)=  1245.158474    (TOT)=  3030.526020 *
*  SUM EPS: (NEU)= -2305.815581    (PRO)=  -989.181994    (TOT)= -3294.997576 *
*  PAIRING: (NEU)=    -2.262674    (PRO)=    -2.592881    (TOT)=    -4.855556 *
*  P-REARR: (NEU)=     0.630002    (PRO)=     0.765284    (TOT)=     1.395286 *
*                                                                             *
*  PAIRGAP: (NEU)=     0.601649    (PRO)=    -0.494292    THIS SPACE IS EMPTY *
*  E-FERMI: (NEU)=   -12.269005    (PRO)=    -2.471695    AND AWAITS  YOUR AD *
*                                                                             *
*  COULOMB: (DIR)=   736.269149    (EXC)=   -29.258969    (TOT)=   707.010179 *
*                                                                             *
*  CONSTR. (MULT)=  5549.875715    SLOPE=  1102.860584    CORR.=  -551.430292 *
*  CONSTR. (SURF)=     0.000000    SLOPE=     0.000000    CORR.=     0.000000 *
*  CONSTR. (SPIN)=     0.000000    SLOPE=     0.000000    CORR.=     0.000000 *
*  CONSTR. (ISOS)=     0.000000    SLOPE=     0.000000    CORR.=     0.000000 *
*                                                                             *
*  REARRANGEMENT ENERGY FROM THE SKYRME DENSITY-DEPENDENT TERMS=  1164.651225 *
*  ROUTHIAN= TOTAL ENERGY + MULTIPOLE AND (ISO)SPIN CONSTRAINTS=  4210.986422 *
*                                                                             *
*  SPIN-ORB (EVE)=   -52.563627    (ODD)=     0.000000    (TOT)=   -52.563627 *
*  SKYRME:  (EVE)= -5071.569937    (ODD)=     0.000000    (TOT)= -5071.569937 *
*                                                                             *
*  TOTAL:  (STAB)=   577.428751     (SP)=  -761.460542    (FUN)= -1338.889293 *
*                                                                             *
*******************************************************************************

*******************************************************************************
*                                                                             *
*  ITERATION RESTARTED FROM THE DISC, THE FOLLOWING FILE(S) READ:             *
*  ./restart/HFODD_00000056.REC                                        VER=19 *
*                                                                             *
*******************************************************************************
*                                                                             *
* CONVERGENCE REPORT                                                          *
*                                                                             *
*******************************************************************************
*                                                                             *
* ITER     ENERGY     STABILITY    Q_2    GAMMA   SPIN  OMEGA   ANGLE   EPAIR *
*                                                                             *
* 2369 -1338.889293  577.428751  27.479    0.02   0.00  0.000   0.000   -4.86 *
* 2370  1509.899014  757.185168  13.603    0.00   0.00  0.000   0.000   -0.01 *
* 2371  1773.871067   -4.33E+04  20.052    0.00   0.00  0.000   0.000    0.08 *
* 2372 -1695.959482   -2.78E+05   4.355   59.94   0.00  0.000   0.000 -740.11 *

 //////////////////// MAXIMUM NUMBER OF ITERATIONS       ////////////////////
 //////////////////// EXCEEDED IN QUABCS                 ////////////////////

*******************************************************************************
*                                                                             *
*  PROCESSOR   EXECUTION  TIMES IN SUBROUTINES                                *
*  INCLUDING THEIR COMPLETE DOWN-CALLING TREES                                *
*                                                                             *
*******************************************************************************
*                                                                             *
*     1589 => HFODD     780 => DENSHF    294 => DIAMAT    269 => HFBSIM       *
*                                                                             *
*      171 => RECORD    161 => QMULCM     82 => PAIMAC     60 => CANQUA       *
*                                                                             *
*       21 => AVEQUA      9 => INTEGH      9 => INTSOR      8 => INTEGD       *
*                                                                             *
*        7 => SPAVER      7 => DENMAC      5 => AVOBSE      4 => INTMUL       *
*                                                                             *
*        4 => MOMETS      3 => NILASP      2 => BEGINC      2 => SKFILD       *
*                                                                             *
*        2 => POWALL      2 => AVANGY      2 => INTMAS      1 => ROTAVR       *
*                                                                             *
*        1 => LINAVR      1 => DOBROY      1 => COUMAT      1 => INTCOU       *
*                                                                             *
*        1 => INTCEN      0 => SKPAIR      0 => INTKIN      0 => AVPARI       *
*                                                                             *
*        0 => QUABCS      0 => AVSIMP      0 => SHICOE      0 => MOMSIF       *
*                                                                             *
*        0 => MOMVMU      0 => MAGMOM      0 => SPIMOM      0 => SHIMOM       *
*                                                                             *
*        0 => SHISIF      0 => SHIMAG      0 => PAXMOM                        *
*                                                                             *
*******************************************************************************
*                                                                             *
*  NUMBERS OF CALLS TO SUBROUTINES                                            *
*                                                                             *
*******************************************************************************
*                                                                             *
*      203 => BEGINC    158 => INTMUL     54 => INTSOR     21 => DIAMAT       *
*                                                                             *
*       18 => INTMAS     18 => INTCEN     17 => INTKIN     16 => AVEQUA       *
*                                                                             *
*       14 => SPAVER     12 => PAXMOM      9 => INTEGH      9 => INTEGD       *
*                                                                             *
*        9 => HFBSIM      9 => QUABCS      8 => CANQUA      8 => AVPARI       *
*                                                                             *
*        8 => DENSHF      8 => DENMAC      8 => PAIMAC      8 => MOMETS       *
*                                                                             *
*        8 => MOMSIF      8 => MOMVMU      8 => MAGMOM      8 => SPIMOM       *
*                                                                             *
*        8 => LINAVR      8 => ROTAVR      8 => SHICOE      5 => RECORD       *
*                                                                             *
*        5 => COUMAT      5 => INTCOU      4 => QMULCM      4 => SKFILD       *
*                                                                             *
*        4 => SKPAIR      4 => DOBROY      4 => SHIMOM      4 => SHISIF       *
*                                                                             *
*        4 => SHIMAG      2 => AVANGY      2 => AVOBSE      2 => AVSIMP       *
*                                                                             *
*        2 => NILASP      1 => HFODD       1 => POWALL                        *
*                                                                             *
*******************************************************************************
*                                                                             *
*  EXECUTION ENDS ON 2016.09.06 AT 13:09:26.725                               *
*                                                                             *
*******************************************************************************
