*******************************************************************************
*                                                                             *
*                     P A R A L L E L    M O D E L                            *
*                                                                             *
*  SIMPLE MPI FRAMEWORK (1 COMMUNICATOR)    :  1 MPI PROCESS per HFODD TASK   *
*  MULTI-THREADING FRAMEWORK WITH OPENMP   :  4 THREADS per HFODD MPI PROCESS *
*                                                                             *
*******************************************************************************
*                                                                             *
*                        __  __ _____  ___   ____   ____                      *
*                       / / / // ___/.' _ \ / __ \ / __ \                     *
*                      / /_/ // /_  / / / // / / // / / /                     *
*                     / __  // __/ / / / // / / // / / /                      *
*                    / / / // /   / /_/ // /_/ // /_/ /                       *
*                   /_/ /_//_/    \___.'/____.'/____.'                        *
*                                                                             *
*                                                                             *
*******************************************************************************
*                                                                             *
*             SKYRME-HARTREE-FOCK-BOGOLYUBOV CODE VERSION: 2.77B              *
*                                                                             *
*              NO SYMMETRY-PLANES AND NO TIME-REVERSAL SYMMETRY               *
*                                                                             *
*                DEFORMED CARTESIAN HARMONIC-OSCILLATOR BASIS                 *
*                                                                             *
*******************************************************************************
*                                                                             *
*             J. DOBACZEWSKI, P. BACZYK, B.G. CARLSSON, J. DUDEK              *
*                 J. ENGEL, Y. GAO, M. KONIECZKA, T. LESINSKI                 *
*                 J. MCDONNELL, P. OLBRATOWSKI, P. POWALOWSKI                 *
*                  M. SADZIAK, J. SARICH, K. SATO, W. SATULA                  *
*             N. SCHUNCK,  J.A. SHEIKH, A. STASZCZAK, M. STOITSOV             *
*             P. TOIVANEN, X.B. WANG, M. ZALEWSKI AND H. ZDUNCZUK             *
*                                                                             *
*                   INSTYTUT FIZYKI TEORETYCZNEJ, WARSZAWA                    *
*                 LAWRENCE LIVERMORE NATIONAL LABORATORY, USA                 *
*                                                                             *
*                                  1993-2016                                  *
*                                                                             *
*******************************************************************************

*******************************************************************************
*                                                                             *
*  CODE COMPILED WITH THE FOLLOWING ARRAY DIMENSIONS AND SWITCHES:            *
*                                                                             *
*******************************************************************************
*                                                                             *
*  NDBASE = 1200  NDSTAT = 1200  NDXHRM =   40  NDYHRM =   40  NDZHRM =   64  *
*                                                                             *
*  NDMAIN =   30  NDMULT =    9  NDMULR =    4  NDLAMB =    9  NDITER = 5000  *
*                                                                             *
*  NDAKNO =    1  NDBKNO =    1  NDPROI =    2  NDCOUL =   80  NDPOLS =   25  *
*                                                                             *
*  NDATKN =   20  NDBTKN =   10  NDPROT =    1  NDPROD =    3                 *
*                                                                             *
*  IPARAL =    0  IPARAT =    0  I_CRAY =    0                                *
*                                                                             *
*                                                                             *
*  PRE-PROCESSOR OPTIONS:                                                     *
*                                                                             *
*       switch_port = 1     switch_diag = 3     switch_essl = 0               *
*                                                                             *
*                           switch_quad = 0     switch_vect = 1               *
*                                                                             *
*******************************************************************************
*                                                                             *
*  EXECUTION BEGINS ON 2016.09.06 AT 12:59:14.801                             *
*                                                                             *
*******************************************************************************
 
*******************************************************************************
*                                                                             *
*  CLASSICAL NUCLEAR SURFACE DEFINED FOR:                    N = 98   Z = 78  *
*                                                                             *
*******************************************************************************
*                                                                             *
*  AL10 =   ZERO  AL11 =   ZERO  .............  .............  .............  *
*                                                                             *
*  AL20 =  0.610  AL21 =   ZERO  AL22 =   ZERO  .............  .............  *
*                                                                             *
*******************************************************************************
*                                                                             *
*                                           HOMEGA=  7.2568  FCHOM0=  0.9919  *
*                                                                             *
*  OSCILLATOR FREQUENCIES: HBAROX=  8.6825  HBAROY=  8.6825  HBAROZ=  5.0693  *
*                                                                             *
*  MOMENTS OF INERTIA:     XMOMFC=111.4637  YMOMFC=111.4637  ZMOMFC= 56.6729  *
*                                                                             *
*  CENTERS OF MASS:        CMSXFC= -0.0000  CMSYFC= -0.0000  CMSZFC= -0.0000  *
*                                                                             *
*******************************************************************************

*******************************************************************************
*                                                                             *
*                           SKYRME FORCE DEFINITION                           *
*                                                                             *
*******************************************************************************
*                                                                             *
* PARAMETER SET HFB1:  T0= -1666.41  T1=   255.23  T2=  1521.28  T3= 12072.51 *
*                                                                             *
* POWER=0.37658031358  X0=  0.14608  X1= -4.82248  X2= -1.35211  X3=  0.00432 *
*                                                                             *
* IETA: J=0  W=1 CM=3  M=1  P=1  T=0 HBM= 20.73553 W0=  44.0677 W0P= 207.6502 *
*                                                                             *
*******************************************************************************

*******************************************************************************
*                                                                             *
*              COUPLING CONSTANTS DEFINING THE SKYRME FUNCTIONAL              *
*                                                                             *
*******************************************************************************
*                                                                             *
*                   TOTAL(T)        SUM(S)      ISOSCALAR(P)  ISOVECTOR(M)    *
*                   --------        ------      ------------  ------------    *
*    CRHO_ =     -894.060074    538.315575       -624.902286    269.157788    *
*    CRHOD =     1008.213640   -507.363897        754.531691   -253.681949    *
*    CLPR_ =       98.335311   -287.870148        -45.599763   -143.935074    *
*    CTAU_ =       33.156062    -48.271535          9.020295    -24.135768    *
*    CSCU_ =        0.000000      0.000000          0.000000      0.000000    *
*    CDIV_ =      -22.033840   -103.825096        -73.946388    -51.912548    *
*                                                                             *
*    CSPI_ =      -60.857026    416.601524        147.443736    208.300762    *
*    CSPID =        2.171385   -503.021127       -249.339179   -251.510564    *
*    CLPS_ =       51.110395     71.467295         86.844042     35.733647    *
*    CCUR_ =      -33.156062     48.271535         -9.020295     24.135768    *
*    CKIS_ =        0.000000      0.000000          0.000000      0.000000    *
*    CROT_ =      -22.033840   -103.825096        -73.946388    -51.912548    *
*                                                                             *
*******************************************************************************

*******************************************************************************
*                                                                             *
*                          NUCLEAR MATTER PROPERTIES                          *
*                                                                             *
*******************************************************************************
*                                                                             *
*     E = -15.8000  rho0 =   0.15625   K =  244.6682   Ms =    0.9364         *
*                   asym =  28.66820   L =   40.1091   Mv =    1.2498         *
*                                                                             *
*******************************************************************************

*******************************************************************************
*                                                                             *
*  PHYSICAL CONSTANTS:     H_BARC=197.32891000           HBCOE2=137.03602000  *
*                                                                             *
*                          XMASSN=938.90590000           XMASSP=938.27231000  *
*                                                                             *
*                          HBMASS= 20.73553000           HBMRPA= 20.73553000  *
*                                                                             *
*                          ECHAR2=  1.43997841           COULEX= -1.06350868  *
*                                                                             *
*******************************************************************************
*                                                                             *
*  OSCILLATOR LENGTHS:     X= 2.1855304      Y= 2.1855304       Z= 2.8602660  *
*                                                                             *
*  OSCILLATOR CONSTANTS:   X= 0.4575548      Y= 0.4575548       Z= 0.3496178  *
*                                                                             *
*  OSCILLATOR FREQUENCIES: X= 8.6825175      Y= 8.6825175       Z= 5.0692826  *
*                                                                             *
*******************************************************************************
*                                                                             *
*  BASIS CUT-OFF CONTROL PARAMETERS:  NXMAXX = 14  NYMAXX = 14  NZMAXX =  24  *
*                                                                             *
*                                     NXHERM = 36  NYHERM = 36  NZHERM =  60  *
*                                                                             *
*                                     NLIMIT=1140  LDBASE=1142  MCOUNT=29791  *
*                                                                             *
*                                     ENECUT= 800.0000      ELIMIT= 137.8417  *
*                                                                             *
*******************************************************************************

*******************************************************************************
*                                                                             *
*   SHAPE OF THE OSCILLATOR-BASIS DIAMOND    (THREE CONSECUTIVE PROJECTIONS)  *
*                                                                             *
*******************************************************************************
*                                                                             *
*        NX ===>>>  0  1  2  3  4  5  6  7  8  9 10 11 12 13 14               *
*        MAX.NY => 14 13 12 11 10  9  8  7  6  5  4  3  2  1  0               *
*                 ---------------------------------------------               *
*   NY= 0  (14)  | 24 23 21 19 18 16 14 12 11  9  7  6  4  2  1               *
*   NY= 1  (13)  | 23 21 19 18 16 14 12 11  9  7  6  4  2  1                  *
*   NY= 2  (12)  | 21 19 18 16 14 12 11  9  7  6  4  2  1                     *
*   NY= 3  (11)  | 19 18 16 14 12 11  9  7  6  4  2  1                        *
*   NY= 4  (10)  | 18 16 14 12 11  9  7  6  4  2  1                           *
*   NY= 5  ( 9)  | 16 14 12 11  9  7  6  4  2  1                              *
*   NY= 6  ( 8)  | 14 12 11  9  7  6  4  2  1                                 *
*   NY= 7  ( 7)  | 12 11  9  7  6  4  2  1                                    *
*   NY= 8  ( 6)  | 11  9  7  6  4  2  1                                       *
*   NY= 9  ( 5)  |  9  7  6  4  2  1                                          *
*   NY=10  ( 4)  |  7  6  4  2  1                                             *
*   NY=11  ( 3)  |  6  4  2  1                                                *
*   NY=12  ( 2)  |  4  2  1                                                   *
*   NY=13  ( 1)  |  2  1                                                      *
*   NY=14  ( 0)  |  1                                                         *
*                                                                             *
*                                                                             *
*        NZ ===>>>  0  1  2  3  4  5  6  7  8  9 10 11 12 13 14 15 16 17 18   *
*        MAX.NY => 14 14 13 12 12 11 11 10  9  9  8  8  7  6  6  5  5  4  4   *
*                 ---------------------------------------------------------   *
*   NY= 0  (24)  | 14 14 13 12 12 11 11 10  9  9  8  8  7  6  6  5  5  4  4   *
*   NY= 1  (23)  | 13 13 12 11 11 10 10  9  8  8  7  7  6  5  5  4  4  3  3   *
*   NY= 2  (21)  | 12 12 11 10 10  9  9  8  7  7  6  6  5  4  4  3  3  2  2   *
*   NY= 3  (19)  | 11 11 10  9  9  8  8  7  6  6  5  5  4  3  3  2  2  1  1   *
*   NY= 4  (18)  | 10 10  9  8  8  7  7  6  5  5  4  4  3  2  2  1  1  0  0   *
*   NY= 5  (16)  |  9  9  8  7  7  6  6  5  4  4  3  3  2  1  1  0  0         *
*   NY= 6  (14)  |  8  8  7  6  6  5  5  4  3  3  2  2  1  0  0               *
*   NY= 7  (12)  |  7  7  6  5  5  4  4  3  2  2  1  1  0                     *
*   NY= 8  (11)  |  6  6  5  4  4  3  3  2  1  1  0  0                        *
*   NY= 9  ( 9)  |  5  5  4  3  3  2  2  1  0  0                              *
*   NY=10  ( 7)  |  4  4  3  2  2  1  1  0                                    *
*   NY=11  ( 6)  |  3  3  2  1  1  0  0                                       *
*   NY=12  ( 4)  |  2  2  1  0  0                                             *
*   NY=13  ( 2)  |  1  1  0                                                   *
*   NY=14  ( 1)  |  0  0                                                      *
*                                                                             *
*                                                                             *
*        NZ ===>>>  0  1  2  3  4  5  6  7  8  9 10 11 12 13 14 15 16 17 18   *
*        MAX.NX => 14 14 13 12 12 11 11 10  9  9  8  8  7  6  6  5  5  4  4   *
*                 ---------------------------------------------------------   *
*   NX= 0  (24)  | 14 14 13 12 12 11 11 10  9  9  8  8  7  6  6  5  5  4  4   *
*   NX= 1  (23)  | 13 13 12 11 11 10 10  9  8  8  7  7  6  5  5  4  4  3  3   *
*   NX= 2  (21)  | 12 12 11 10 10  9  9  8  7  7  6  6  5  4  4  3  3  2  2   *
*   NX= 3  (19)  | 11 11 10  9  9  8  8  7  6  6  5  5  4  3  3  2  2  1  1   *
*   NX= 4  (18)  | 10 10  9  8  8  7  7  6  5  5  4  4  3  2  2  1  1  0  0   *
*   NX= 5  (16)  |  9  9  8  7  7  6  6  5  4  4  3  3  2  1  1  0  0         *
*   NX= 6  (14)  |  8  8  7  6  6  5  5  4  3  3  2  2  1  0  0               *
*   NX= 7  (12)  |  7  7  6  5  5  4  4  3  2  2  1  1  0                     *
*   NX= 8  (11)  |  6  6  5  4  4  3  3  2  1  1  0  0                        *
*   NX= 9  ( 9)  |  5  5  4  3  3  2  2  1  0  0                              *
*   NX=10  ( 7)  |  4  4  3  2  2  1  1  0                                    *
*   NX=11  ( 6)  |  3  3  2  1  1  0  0                                       *
*   NX=12  ( 4)  |  2  2  1  0  0                                             *
*   NX=13  ( 2)  |  1  1  0                                                   *
*   NX=14  ( 1)  |  0  0                                                      *
*                                                                             *
*******************************************************************************

*******************************************************************************
*                                                                             *
* NUCLIDE: N =  98  Z =  78  NUMBER OF ITERATIONS = 1000   CONTINUATION? = 1  *
*                                                                             *
*******************************************************************************
*                                                                             *
* ITERATIONS WILL STOP WHEN THE STABILITY BECOMES LOWER THAN EPSITE=0.300000  *
*                                            FOR    5 CONSECUTIVE ITERATIONS  *
*                                                                             *
*******************************************************************************
*                                                                             *
* ITERATIONS WILL STOP WHEN THE PING-PONG DIVERGENCE OCCURS FOR EPSPNG=0.010  *
*                                DURING    5 PAIRS OF CONSECUTIVE ITERATIONS  *
*                                                                             *
*******************************************************************************
*                                                                             *
* ITERATIONS WILL STOP FOR CHAOTIC-DIVERGENCE CONDITION OCCURING   20  TIMES  *
*                                                                             *
*******************************************************************************
*                                                                             *
* SLOW-DOWN PARAMETERS:                                                       *
* TIME-EVEN = 0.85   TIME-ODD = 0.85   PAIRING = 0.85   LIPKIN-NOGAMI = 0.85  *
*                    LIP-MASS = 0.50   LIP-MOI = 0.50   LIPKIN-METHOD = 0.50  *
*                                                                             *
*******************************************************************************
*                                                                             *
* BROYDEN METHOD IS:  ON                                                      *
*                                                                             *
*    TRIGGERED ONLY WHEN STABILITY IS LOWER THAN :  1000.000 MEV              *
*    INITIAL SLOWING FACTOR (BEFORE TRIGGER)     :     0.85 (=SLOWEV)         *
*    BROYDEN SLOWING FACTOR (AFTER  TRIGGER)     :     0.40 (=1-ALPHAM)       *
*    NUMBER OF ITERATIONS RETAINED IN MEMORY     :    10                      *
*                                                                             *
*******************************************************************************
*                                                                             *
* DIRECT COULOMB TERMS SOLVED BY GREEN FUNCTION AND FOURIER TRANSFORM METHOD  *
* COULOMB PARAMETERS:  NUMCOU = 80  NUMETA = 79  BOUCOU = 20.0  FURMAX =0.25  *
*                                                                             *
*******************************************************************************
*                                                                             *
* EXCHANGE COULOMB TERMS TREATED BY THE SLATER APPROXIMATION                  *
*                                                                             *
*******************************************************************************
*                                                                             *
* MAXIMUM NUMBERS OF MULTIPOLE MOMENTS USED FOR THE CONSTRAINTS,    NMUCON=4  *
*                                           FOR THE COULOMB FIELD,  NMUCOU=4  *
*                                           FOR THE OUTPUT INFO,    NMUPRI=4  *
*                                                                             *
*******************************************************************************
*                                                                             *
* MULTIPOLE CONSTRAINTS: LAMBDA= 2  MIU= 0  MOMENT=149.000  STIFFNESS= 0.500  *
*                        LAMBDA= 3  MIU= 0  MOMENT= 46.000  STIFFNESS= 0.500  *
*                                                                             *
*******************************************************************************
*                                                                             *
* LINEAR MULTIPOLE CONSTRAINTS: LAMBDA= 2  MIU= 0  LAGRANGE PAR. USED= 0.000  *
*                               LAMBDA= 3  MIU= 0  LAGRANGE PAR. USED= 0.000  *
*                                                                             *
*******************************************************************************
*                                                                             *
* THE LAGRANGE PARAMETERS OF THE LINEAR CONSTRAINTS ARE RE-ADJUSTED AT EACH   *
* ITERATION BY USING THE CRANKING APPROXIMATION OF THE RPA MATRIX             *
*                                                                             *
*******************************************************************************
*                                                                             *
* PRINTING THE RESULTS FOR THE FOLLOWING ITERATIONS:         THE  FIRST: YES  *
*                                                            THE MIDDLE:  NO  *
*                                                     AND/OR THE   LAST: YES  *
*                                                                             *
*******************************************************************************
*                                                                             *
* PRINTING THE MOMENTS, RADII, AND DEFORMATIONS FOR:           NEUTRONS: YES  *
*                                                              PROTONS : YES  *
*                                                              MASS    : YES  *
*                                                                             *
*******************************************************************************
*                                                                             *
* PRINTING THE MOMENTS, MOMENTA AND DEFORMATIONS IN THE INTRINSIC FRAME: YES  *
*                                                                             *
*******************************************************************************
*                                                                             *
* NILSSON LABELS OF SINGLE-PARTICLE STATES SHOWN WITH RESPECT TO THE: Z-AXIS  *
*                                                                             *
*******************************************************************************
*                                                                             *
* CALCULATIONS WITH THE HFB PAIRING CORRELATIONS                              *
*                                                                             *
*******************************************************************************
*                                                                             *
* CONTACT PAIRING INTERACTION:     V0        V1       RHO-SAT      POWER      *
*                    NEUTRONS:  -234.380   732.438     0.320     1.0000000    *
*                     PROTONS:  -260.437   813.866     0.320     1.0000000    *
*                                                                             *
*******************************************************************************
*                                                                             *
* CUTOFF ENERGY DEFINING THE ACTIVE HFB PAIRING SPACE=      60.000            *
*                                                                             *
*******************************************************************************
*                                                                             *
* CALCULATIONS WITH SIMPLEX SYMMETRY                                          *
*                                                                             *
*******************************************************************************
*                                                                             *
* CALCULATIONS WITH TIME-ODD SYMMETRIES:        T*SIMPLEX_X =>     CONSERVED  *
*                                               T*SIMPLEX_Y =>     CONSERVED  *
*                                               T*SIMPLEX_Z => NON CONSERVED  *
*                                                                             *
*******************************************************************************
*                                                                             *
* CALCULATIONS WITHOUT ROTATION                                               *
*                                                                             *
*******************************************************************************

*******************************************************************************
*                                                                             *
*  CALLING SUBROUTINE "RECORD" TO READ THE REPLAY FILE OBTAINED PREVIOUSLY    *
*  ./restart/HFODD_00000048.REC                                               *
*                                                                             *
*******************************************************************************

*******************************************************************************
*                                                                             *
*  SINGLE-QUASIPARTICLE PROPERTIES:                                NEUTRONS   *
*                                                                             *
*******************************************************************************
*                                                                             *
*  NO)   ENERGY   (S=+,S=-)       PARITY   V2QUAP   EEQUIV   DEQUIV   V_CORR  *
*                                                                             *
*  65)    7.671   ( 33,  0)       -0.120  0.99613  -17.009    0.952  0.99663  *
*  66)    7.671   (  0, 33)       -0.120  0.99613  -17.009    0.952  0.99663  *
*  67)    8.798   (  0, 34)        0.568  0.92843  -16.937    4.536  0.95766  *
*  68)    8.798   ( 34,  0)        0.568  0.92843  -16.937    4.536  0.95766  *
*  69)    7.543   (  0, 35)        0.804  0.99703  -16.896    0.821  0.99731  *
*  70)    7.543   ( 35,  0)        0.804  0.99703  -16.896    0.821  0.99731  *
*  71)    7.376   ( 36,  0)        0.114  0.99504  -16.701    1.036  0.99532  *
*  72)    7.376   (  0, 36)        0.114  0.99504  -16.701    1.036  0.99532  *
*  73)    8.527   ( 37,  0)        0.144  0.92555  -16.656    4.477  0.95390  *
*  74)    8.527   (  0, 37)        0.144  0.92555  -16.656    4.477  0.95390  *
*  75)    8.328   ( 38,  0)        0.816  0.92745  -16.517    4.320  0.95314  *
*  76)    8.328   (  0, 38)        0.816  0.92745  -16.517    4.320  0.95314  *
*  77)    6.753   (  0, 39)        0.902  0.99891  -16.136    0.446  0.99873  *
*  78)    6.753   ( 39,  0)        0.902  0.99891  -16.136    0.446  0.99873  *
*  79)    6.573   (  0, 40)        0.583  0.99895  -15.958    0.426  0.99870  *
*  80)    6.573   ( 40,  0)        0.583  0.99895  -15.958    0.426  0.99870  *
*  81)    6.501   (  0, 41)        0.396  0.99828  -15.877    0.539  0.99781  *
*  82)    6.501   ( 41,  0)        0.396  0.99828  -15.877    0.539  0.99781  *
*  83)    6.169   ( 42,  0)        0.482  0.99402  -15.493    0.951  0.99149  *
*  84)    6.169   (  0, 42)        0.482  0.99402  -15.493    0.951  0.99149  *
*  85)    5.278   (  0, 43)       -0.559  0.99832  -14.658    0.432  0.99616  *
*  86)    5.278   ( 43,  0)       -0.559  0.99832  -14.658    0.432  0.99616  *
*  87)    5.018   ( 44,  0)       -0.076  0.99714  -14.388    0.536  0.99229  *
*  88)    5.018   (  0, 44)       -0.076  0.99714  -14.388    0.536  0.99229  *
*  89)    4.961   ( 45,  0)        0.879  0.99860  -14.345    0.371  0.99600  *
*  90)    4.961   (  0, 45)        0.879  0.99860  -14.345    0.371  0.99600  *
*  91)    4.866   (  0, 46)        0.886  0.99851  -14.250    0.375  0.99545  *
*  92)    4.866   ( 46,  0)        0.886  0.99851  -14.250    0.375  0.99545  *
*  93)    4.278   (  0, 47)       -0.991  0.99830  -13.662    0.353  0.99078  *
*  94)    4.278   ( 47,  0)       -0.991  0.99830  -13.662    0.353  0.99078  *
*  95)    5.418   (  0, 48)       -0.952  0.87088  -13.417    3.634  0.84926  *
*  96)    5.418   ( 48,  0)       -0.952  0.87088  -13.417    3.634  0.84926  *
*  97)    3.634   ( 49,  0)       -0.457  0.99511  -12.996    0.507  0.93248  *
*  98)    3.634   (  0, 49)       -0.457  0.99511  -12.996    0.507  0.93248  *
*  99)    3.187   (  0, 50)       -0.015  0.99094  -12.528    0.604  0.75209  *
* 100)    3.187   ( 50,  0)       -0.015  0.99094  -12.528    0.604  0.75209  *
* 101)    2.756   (  0, 51)       -0.186  0.96189  -11.944    1.055  0.54173  *
* 102)    2.756   ( 51,  0)       -0.186  0.96189  -11.944    1.055  0.54173  *
* 103)    2.635   ( 52,  0)       -0.436  0.95164  -11.779    1.131  0.50594  *
* 104)    2.635   (  0, 52)       -0.436  0.95164  -11.779    1.131  0.50594  *
* 105)    2.169   ( 53,  0)       -0.508  0.99041  -11.526    0.423  0.21309  *
* 106)    2.169   (  0, 53)       -0.508  0.99041  -11.526    0.423  0.21309  *
* 107)    2.150   ( 54,  0)       -0.208  0.99043  -11.507    0.419  0.20758  *
* 108)    2.150   (  0, 54)       -0.208  0.99043  -11.507    0.419  0.20758  *
* 109)    1.206   (  0, 55)       -0.297  0.97076  -10.534    0.406  0.10561  *
* 110)    1.206   ( 55,  0)       -0.297  0.97076  -10.534    0.406  0.10561  *
* 111)    1.110   ( 56,  0)       -0.593  0.96781  -10.437    0.392  0.09738  *
* 112)    1.110   (  0, 56)       -0.593  0.96781  -10.437    0.392  0.09738  *
* 113)    0.716   ( 57,  0)       -0.476  0.89978   -9.971    0.430  0.09026  *
* 114)    0.716   (  0, 57)       -0.476  0.89978   -9.971    0.430  0.09026  *
* 115)    0.401   ( 58,  0)        0.550  0.41911   -9.333    0.396  0.09737  *
* 116)    0.401   (  0, 58)        0.550  0.41911   -9.333    0.396  0.09737  *
* 117)    0.401   ( 59,  0)        0.001  0.38681   -9.307    0.390  0.09912  *
* 118)    0.401   (  0, 59)        0.001  0.38681   -9.307    0.390  0.09912  *
* 119)    0.422   ( 60,  0)       -0.881  0.24675   -9.185    0.364  0.11142  *
* 120)    0.422   (  0, 60)       -0.881  0.24675   -9.185    0.364  0.11142  *
* 121)    0.443   ( 61,  0)       -0.015  0.25549   -9.181    0.387  0.11628  *
* 122)    0.443   (  0, 61)       -0.015  0.25549   -9.181    0.387  0.11628  *
* 123)    0.786   ( 62,  0)       -0.960  0.04911   -8.690    0.340  0.20291  *
* 124)    0.786   (  0, 62)       -0.960  0.04911   -8.690    0.340  0.20291  *
* 125)    0.832   (  0, 63)       -0.508  0.06277   -8.671    0.404  0.21198  *
* 126)    0.832   ( 63,  0)       -0.508  0.06277   -8.671    0.404  0.21198  *
* 127)    0.949   ( 64,  0)       -0.745  0.03315   -8.512    0.340  0.23615  *
* 128)    0.949   (  0, 64)       -0.745  0.03315   -8.512    0.340  0.23615  *
* 129)    1.839   ( 65,  0)       -0.188  0.01140   -7.601    0.390  0.37590  *
* 130)    1.839   (  0, 65)       -0.188  0.01140   -7.601    0.390  0.37590  *
* 131)    1.921   (  0, 66)       -0.724  0.00859   -7.510    0.355  0.38615  *
* 132)    1.921   ( 66,  0)       -0.724  0.00859   -7.510    0.355  0.38615  *
* 133)    2.074   ( 67,  0)        0.966  0.00746   -7.355    0.357  0.40450  *
* 134)    2.074   (  0, 67)        0.966  0.00746   -7.355    0.357  0.40450  *
* 135)    2.558   (  0, 68)       -0.665  0.04593   -7.075    1.071  0.45777  *
* 136)    2.558   ( 68,  0)       -0.665  0.04593   -7.075    1.071  0.45777  *
* 137)    2.629   ( 69,  0)        0.272  0.03795   -6.968    1.005  0.46434  *
* 138)    2.629   (  0, 69)        0.272  0.03795   -6.968    1.005  0.46434  *
* 139)    2.541   (  0, 70)       -0.150  0.00664   -6.891    0.413  0.45427  *
* 140)    2.541   ( 70,  0)       -0.150  0.00664   -6.891    0.413  0.45427  *
* 141)    2.551   ( 71,  0)       -0.675  0.00394   -6.867    0.320  0.45513  *
* 142)    2.551   (  0, 71)       -0.675  0.00394   -6.867    0.320  0.45513  *
* 143)    2.827   (  0, 72)       -0.549  0.00370   -6.592    0.343  0.48075  *
* 144)    2.827   ( 72,  0)       -0.549  0.00370   -6.592    0.343  0.48075  *
* 145)    3.145   ( 73,  0)        0.984  0.00299   -6.272    0.343  0.50739  *
* 146)    3.145   (  0, 73)        0.984  0.00299   -6.272    0.343  0.50739  *
* 147)    3.193   ( 74,  0)       -0.140  0.00501   -6.237    0.451  0.51128  *
* 148)    3.193   (  0, 74)       -0.140  0.00501   -6.237    0.451  0.51128  *
* 149)    3.282   (  0, 75)        0.043  0.00465   -6.146    0.447  0.51820  *
* 150)    3.282   ( 75,  0)        0.043  0.00465   -6.146    0.447  0.51820  *
* 151)    3.402   ( 76,  0)       -0.020  0.00690   -6.043    0.563  0.52728  *
* 152)    3.402   (  0, 76)       -0.020  0.00690   -6.043    0.563  0.52728  *
* 153)    5.339   ( 77,  0)       -0.949  0.12948   -5.442    3.585  0.65060  *
* 154)    5.339   (  0, 77)       -0.949  0.12948   -5.442    3.585  0.65060  *
* 155)    4.498   ( 78,  0)        0.046  0.00225   -4.920    0.427  0.59567  *
* 156)    4.498   (  0, 78)        0.046  0.00225   -4.920    0.427  0.59567  *
* 157)    4.567   (  0, 79)        0.312  0.00207   -4.850    0.415  0.59930  *
* 158)    4.567   ( 79,  0)        0.312  0.00207   -4.850    0.415  0.59930  *
* 159)    5.206   ( 80,  0)       -0.001  0.00160   -4.209    0.416  0.63028  *
* 160)    5.206   (  0, 80)       -0.001  0.00160   -4.209    0.416  0.63028  *
* 161)    5.424   (  0, 81)       -0.005  0.00243   -4.000    0.534  0.63991  *
* 162)    5.424   ( 81,  0)       -0.005  0.00243   -4.000    0.534  0.63991  *
* 163)    5.954   ( 82,  0)        0.259  0.00114   -3.457    0.401  0.66097  *
* 164)    5.954   (  0, 82)        0.259  0.00114   -3.457    0.401  0.66097  *
* 165)    6.176   ( 83,  0)        0.582  0.00100   -3.235    0.390  0.66909  *
* 166)    6.176   (  0, 83)        0.582  0.00100   -3.235    0.390  0.66909  *
* 167)    6.298   ( 84,  0)        0.511  0.00549   -3.169    0.930  0.67392  *
* 168)    6.298   (  0, 84)        0.511  0.00549   -3.169    0.930  0.67392  *
* 169)    6.793   ( 85,  0)        0.566  0.00108   -2.620    0.446  0.68986  *
* 170)    6.793   (  0, 85)        0.566  0.00108   -2.620    0.446  0.68986  *
* 171)    8.226   (  0, 86)        0.808  0.07225   -2.361    4.260  0.73791  *
* 172)    8.226   ( 86,  0)        0.808  0.07225   -2.361    4.260  0.73791  *
* 173)    7.259   (  0, 87)       -0.073  0.00145   -2.160    0.553  0.70392  *
* 174)    7.259   ( 87,  0)       -0.073  0.00145   -2.160    0.553  0.70392  *
* 175)    8.576   (  0, 88)        0.127  0.07289   -2.073    4.459  0.74614  *
* 176)    8.576   ( 88,  0)        0.127  0.07289   -2.073    4.459  0.74614  *
* 177)    7.488   (  0, 89)        0.000  0.00422   -1.973    0.971  0.71068  *
* 178)    7.488   ( 89,  0)        0.000  0.00422   -1.973    0.971  0.71068  *
* 179)    8.880   ( 90,  0)        0.651  0.06829   -1.731    4.480  0.75225  *
* 180)    8.880   (  0, 90)        0.651  0.06829   -1.731    4.480  0.75225  *
* 181)    8.035   ( 91,  0)        0.705  0.00037   -1.369    0.308  0.72450  *
* 182)    8.035   (  0, 91)        0.705  0.00037   -1.369    0.308  0.72450  *
* 183)    8.122   ( 92,  0)       -0.710  0.00054   -1.285    0.376  0.72668  *
* 184)    8.122   (  0, 92)       -0.710  0.00054   -1.285    0.376  0.72668  *
* 185)    8.195   (  0, 93)        0.556  0.00363   -1.263    0.985  0.72881  *
* 186)    8.195   ( 93,  0)        0.556  0.00363   -1.263    0.985  0.72881  *
* 187)    8.224   ( 94,  0)       -0.443  0.00292   -1.222    0.887  0.72943  *
* 188)    8.224   (  0, 94)       -0.443  0.00292   -1.222    0.887  0.72943  *
* 189)    8.440   ( 95,  0)        0.592  0.00390   -1.024    1.052  0.73464  *
* 190)    8.440   (  0, 95)        0.592  0.00390   -1.024    1.052  0.73464  *
* 191)    9.188   (  0, 96)        0.498  0.00062   -0.222    0.458  0.75049  *
* 192)    9.188   ( 96,  0)        0.498  0.00062   -0.222    0.458  0.75049  *
* 193)    9.270   ( 97,  0)        0.710  0.00058   -0.139    0.445  0.75215  *
* 194)    9.270   (  0, 97)        0.710  0.00058   -0.139    0.445  0.75215  *
* 195)    9.383   (  0, 98)        0.915  0.00037   -0.022    0.362  0.75437  *
* 196)    9.383   ( 98,  0)        0.915  0.00037   -0.022    0.362  0.75437  *
* 199)    9.919   (100,  0)        0.796  0.00050    0.511    0.444  0.76454  *
* 200)    9.919   (  0,100)        0.796  0.00050    0.511    0.444  0.76454  *
* 201)    9.922   (101,  0)       -0.979  0.00030    0.518    0.342  0.76458  *
* 202)    9.922   (  0,101)       -0.979  0.00030    0.518    0.342  0.76458  *
*                                                                             *
*1918)   TOTAL=  ( 959, 959)                                                  *
*                                                                             *
*******************************************************************************

*******************************************************************************
*                                                                             *
*  SINGLE-PARTICLE PROPERTIES: CANONICAL                           NEUTRONS   *
*                                                                             *
*******************************************************************************
*                                                                             *
*  NO)   ENERGY   (S=+,S=-)   | N,nz,lz,OMEz>   <P>    <JY>    <SY>   GFACT   *
*                                                                             *
*  52)  -11.998   ( 52,---)   | 5, 2, 3, 5/2>   -44   0.000   0.000   0.238   *
*  53)  -11.529   ( 53,---)   | 5, 2, 1, 1/2>   -50  -0.639  -0.148   0.232   *
*  54)  -11.509   ( 54,---)   | 6, 3, 1, 3/2>   -20   0.003   0.001   0.416   *
*  55)  -10.533   ( 55,---)   | 5, 3, 0, 1/2>   -29  -0.584  -0.352   0.603   *
*  56)  -10.438   ( 56,---)   | 5, 1, 2, 5/2>   -63  -0.000   0.000  -0.319   *
*  57)   -9.955   ( 57,---)   | 7, 6, 1, 3/2>   -44   0.000  -0.000  -0.537   *
*  58)   -9.315   ( 58,---)   | 6, 2, 4, 9/2>    56  -0.000  -0.000   0.285   *
*  59)   -9.298   ( 59,---)   | 8, 6, 0, 1/2>     4  -0.913  -0.259   0.284   *
*  60)   -9.172   ( 60,---)   | 8, 6, 2, 5/2>    10   0.000   0.000   1.288   *
*  61)   -9.132   ( 61,---)   | 5, 1, 4, 7/2>   -85   0.000   0.000   0.490   *
*  62)   -8.611   ( 62,---)   | 5, 0, 3, 7/2>   -84  -0.000   0.000  -0.049   *
*  63)   -8.509   ( 63,---)   | 5, 1, 2, 3/2>   -30  -0.000   0.000  -0.096   *
*  64)   -8.419   ( 64,---)   | 5, 1, 0, 1/2>   -76  -0.217  -0.391   1.803   *
*  65)   -7.631   ( 65,---)   | 5, 1, 2, 3/2>   -62   0.000   0.000   0.372   *
*  66)   -7.465   ( 66,---)   | 5, 0, 5, 9/2>   -89   0.000  -0.000  -0.333   *
*  67)   -7.301   ( 67,---)   | 6, 1, 5,11/2>    97   0.000   0.000   0.063   *
*  68)   -6.822   ( 68,---)   | 8, 5, 3, 7/2>    41  -0.000  -0.000   0.146   *
*  69)   -6.739   ( 69,---)   |10, 9, 1, 1/2>   -12  -0.130  -0.228   1.755   *
*  70)   -6.626   ( 70,---)   | 5, 0, 1, 3/2>   -89   0.000   0.001   2.858   *
*  71)   -6.532   ( 71,---)   | 7, 4, 3, 5/2>   -21  -0.000   0.000  -0.022   *
*  72)   -6.203   ( 72,---)   | 6, 0, 6,13/2>    98  -0.000   0.000  -0.359   *
*  73)   -6.164   ( 73,---)   | 7, 4, 1, 1/2>   -28  -0.230  -0.194   0.844   *
*  74)   -6.073   ( 74,---)   | 8, 5, 1, 3/2>    26   0.000   0.000   0.425   *
*  75)   -5.868   ( 75,---)   | 5, 0, 1, 1/2>   -87   0.287  -0.031  -0.108   *
*  76)   -5.518   ( 76,---)   | 5, 0, 3, 5/2>   -52   0.000   0.000   0.013   *
*  77)   -5.094   ( 77,---)   | 5, 0, 3, 5/2>    -6  -0.000   0.000  -0.017   *
*  78)   -4.623   ( 78,---)   | 6, 2, 0, 1/2>   -12  -1.503  -0.346   0.230   *
*  79)   -3.845   ( 79,---)   | 9, 7, 2, 3/2>    -5  -0.001  -0.001   0.506   *
*  80)   -3.720   ( 80,---)   | 7, 3, 4, 9/2>     4   0.000  -0.000  -0.494   *
*  81)   -3.553   ( 81,---)   | 9, 7, 0, 1/2>     1  -0.970  -0.298   0.308   *
*  82)   -2.954   ( 82,---)   | 6, 2, 2, 5/2>    27   0.001   0.000   0.382   *
*  83)   -2.527   ( 83,---)   | 6, 2, 4, 7/2>    38  -0.000   0.000  -0.033   *
*  84)   -2.464   ( 84,---)   | 6, 2, 2, 3/2>    33  -0.001  -0.000   0.215   *
*  85)   -1.524   ( 85,---)   | 6, 2, 0, 1/2>    43   0.288  -0.342  -1.186   *
*  86)   -1.071   ( 86,---)   | 6, 2, 2, 3/2>    40  -0.003   0.000  -0.158   *
*  87)   -1.006   ( 87,---)   | 7, 3, 4, 7/2>    -6   0.000  -0.000  -0.287   *
*  88)   -0.962   ( 88,---)   | 6, 1, 3, 7/2>    64  -0.000   0.000  -0.293   *
*  89)   -0.401   ( 89,---)   | 8, 5, 3, 5/2>    41  -0.000   0.000  -0.045   *
*  90)   -0.398   ( 90,---)   | 7, 2, 5,11/2>   -66   0.000  -0.000  -0.080   *
*  91)   -0.111   ( 91,---)   | 8, 5, 1, 1/2>    17   0.442  -0.186  -0.420   *
*                                                                             *
*******************************************************************************

*******************************************************************************
*                                                                             *
*  HFB PAIRING PROPERTIES                                           NEUTRONS  *
*                                                                             *
*  STRENGTH= 0.1604   GAP= 0.3969   FERMI ENERGY=-12.4540   ENERGY=  -0.9820  *
*                                                                             *
*******************************************************************************

*******************************************************************************
*                                                                             *
*  MULTIPOLE MOMENTS [UNITS:  (10 FERMI)^LAMBDA]                    NEUTRONS  *
*                                                                             *
*******************************************************************************
*                                                                             *
*  Q00 = 98.0000  .............  .............  .............  .............  *
*                                                                             *
*  Q10 = 17.0394  Q11 =    ZERO  .............  .............  .............  *
*                                                                             *
*  Q20 = 27.4523  Q21 =    ZERO  Q22 =-9.4E-04  .............  .............  *
*                                                                             *
*  Q30 =  8.4221  Q31 =    ZERO  Q32 = 2.0E-04  Q33 =    ZERO  .............  *
*                                                                             *
*  Q40 =  7.7288  Q41 =    ZERO  Q42 = 6.2E-05  Q43 =    ZERO  Q44 =-9.5E-06  *
*                                                                             *
*******************************************************************************

*******************************************************************************
*                                                                             *
*  ROOT-MEAN-SQUARE AND GEOMETRIC SIZES IN FERMIS                   NEUTRONS  *
*                                                                             *
*  R_RMS =  6.1358     X_RMS =  2.8072    Y_RMS =  2.8073    Z_RMS =  4.6784  *
*                                                                             *
*  R_GEO =  7.9213     X_GEO =  6.2771    Y_GEO =  6.2773    Z_GEO = 10.4611  *
*                                                                             *
*******************************************************************************

*******************************************************************************
*                                                                             *
*  BOHR DEFORMATIONS (FIRST-ORDER APPROXIMATION)                    NEUTRONS  *
*                                                                             *
*******************************************************************************
*                                                                             *
*  B10 =  0.4492  B11 =    ZERO  .............  .............  .............  *
*                                                                             *
*  B20 =  0.5898  B21 =    ZERO  B22 =-2.0E-05  .............  .............  *
*                                                                             *
*  B30 =  0.7243  B31 =    ZERO  B32 = 2.5E-05  B33 =    ZERO  .............  *
*                                                                             *
*  B40 =  0.8390  B41 =    ZERO  B42 = 9.5E-06  B43 =    ZERO  B44 =-1.5E-06  *
*                                                                             *
*******************************************************************************
*                                                                             *
*  BOHR DENSITY = 0.0471 FM^(-3)  BOHR RADIUS =   7.9213 FM                   *
*                                                                             *
*******************************************************************************

*******************************************************************************
*                                                                             *
*  SINGLE-QUASIPARTICLE PROPERTIES:                                 PROTONS   *
*                                                                             *
*******************************************************************************
*                                                                             *
*  NO)   ENERGY   (S=+,S=-)       PARITY   V2QUAP   EEQUIV   DEQUIV   V_CORR  *
*                                                                             *
*  41)    8.407   (  0, 21)       -0.341  0.99818  -10.240    0.716  0.99975  *
*  42)    8.407   ( 21,  0)       -0.341  0.99818  -10.240    0.716  0.99975  *
*  43)    8.463   ( 22,  0)       -0.191  0.99167  -10.186    1.538  0.99887  *
*  44)    8.463   (  0, 22)       -0.191  0.99167  -10.186    1.538  0.99887  *
*  45)    7.043   (  0, 23)       -0.061  0.99675   -8.861    0.802  0.99945  *
*  46)    7.043   ( 23,  0)       -0.061  0.99675   -8.861    0.802  0.99945  *
*  47)    6.995   (  0, 24)       -0.820  0.99763   -8.826    0.680  0.99959  *
*  48)    6.995   ( 24,  0)       -0.820  0.99763   -8.826    0.680  0.99959  *
*  49)    6.453   (  0, 25)        0.935  0.99724   -8.281    0.677  0.99948  *
*  50)    6.453   ( 25,  0)        0.935  0.99724   -8.281    0.677  0.99948  *
*  51)    5.801   (  0, 26)        0.158  0.99672   -7.627    0.664  0.99929  *
*  52)    5.801   ( 26,  0)        0.158  0.99672   -7.627    0.664  0.99929  *
*  53)    5.842   ( 27,  0)        0.332  0.99180   -7.610    1.054  0.99824  *
*  54)    5.842   (  0, 27)        0.332  0.99180   -7.610    1.054  0.99824  *
*  55)    5.303   (  0, 28)        0.990  0.99552   -7.120    0.708  0.99890  *
*  56)    5.303   ( 28,  0)        0.990  0.99552   -7.120    0.708  0.99890  *
*  57)    5.111   ( 29,  0)        0.209  0.99324   -6.906    0.838  0.99826  *
*  58)    5.111   (  0, 29)        0.209  0.99324   -6.906    0.838  0.99826  *
*  59)    9.410   (  0, 30)       -0.480  0.74264   -6.430    8.228  0.97138  *
*  60)    9.410   ( 30,  0)       -0.480  0.74264   -6.430    8.228  0.97138  *
*  61)    4.839   ( 31,  0)        0.412  0.96367   -6.352    1.811  0.99017  *
*  62)    4.839   (  0, 31)        0.412  0.96367   -6.352    1.811  0.99017  *
*  63)    3.374   ( 32,  0)        0.177  0.99137   -5.180    0.624  0.99594  *
*  64)    3.374   (  0, 32)        0.177  0.99137   -5.180    0.624  0.99594  *
*  65)    3.061   (  0, 33)        0.180  0.98892   -4.857    0.641  0.99389  *
*  66)    3.061   ( 33,  0)        0.180  0.98892   -4.857    0.641  0.99389  *
*  67)    2.705   ( 34,  0)        0.847  0.98432   -4.484    0.672  0.98935  *
*  68)    2.705   (  0, 34)        0.847  0.98432   -4.484    0.672  0.98935  *
*  69)    1.952   (  0, 35)       -0.078  0.97048   -3.701    0.661  0.96265  *
*  70)    1.952   ( 35,  0)       -0.078  0.97048   -3.701    0.661  0.96265  *
*  71)    1.662   ( 36,  0)        0.503  0.96355   -3.405    0.623  0.93430  *
*  72)    1.662   (  0, 36)        0.503  0.96355   -3.405    0.623  0.93430  *
*  73)    1.606   (  0, 37)        0.488  0.96125   -3.346    0.620  0.92474  *
*  74)    1.606   ( 37,  0)        0.488  0.96125   -3.346    0.620  0.92474  *
*  75)    7.932   ( 38,  0)       -0.294  0.57593   -3.068    7.840  0.94617  *
*  76)    7.932   (  0, 38)       -0.294  0.57593   -3.068    7.840  0.94617  *
*  77)    1.132   ( 39,  0)        0.547  0.92209   -2.819    0.607  0.73366  *
*  78)    1.132   (  0, 39)        0.547  0.92209   -2.819    0.607  0.73366  *
*  79)    1.064   (  0, 40)        0.509  0.91437   -2.746    0.595  0.68966  *
*  80)    1.064   ( 40,  0)        0.509  0.91437   -2.746    0.595  0.68966  *
*  81)    1.013   (  0, 41)        0.469  0.87881   -2.632    0.661  0.64038  *
*  82)    1.013   ( 41,  0)        0.469  0.87881   -2.632    0.661  0.64038  *
*  83)    0.820   (  0, 42)        0.499  0.81127   -2.375    0.642  0.51277  *
*  84)    0.820   ( 42,  0)        0.499  0.81127   -2.375    0.642  0.51277  *
*  85)    0.596   ( 43,  0)       -0.042  0.44414   -1.797    0.592  0.38808  *
*  86)    0.596   (  0, 43)       -0.042  0.44414   -1.797    0.592  0.38808  *
*  87)    0.659   ( 44,  0)       -0.297  0.32947   -1.639    0.619  0.41559  *
*  88)    0.659   (  0, 44)       -0.297  0.32947   -1.639    0.619  0.41559  *
*  89)    0.894   (  0, 45)       -0.966  0.16535   -1.266    0.664  0.49206  *
*  90)    0.894   ( 45,  0)       -0.966  0.16535   -1.266    0.664  0.49206  *
*  91)    1.319   (  0, 46)        0.875  0.06408   -0.714    0.646  0.58472  *
*  92)    1.319   ( 46,  0)        0.875  0.06408   -0.714    0.646  0.58472  *
*  93)    1.352   ( 47,  0)        0.920  0.06303   -0.682    0.657  0.59084  *
*  94)    1.352   (  0, 47)        0.920  0.06303   -0.682    0.657  0.59084  *
*  95)    7.962   (  0, 48)       -0.283  0.42367   -0.648    7.869  0.93042  *
*  96)    7.962   ( 48,  0)       -0.283  0.42367   -0.648    7.869  0.93042  *
*  97)    1.842   (  0, 49)       -0.985  0.03583   -0.154    0.685  0.66144  *
*  98)    1.842   ( 49,  0)       -0.985  0.03583   -0.154    0.685  0.66144  *
*  99)    2.138   (  0, 50)       -0.261  0.02110    0.184    0.615  0.69257  *
* 100)    2.138   ( 50,  0)       -0.261  0.02110    0.184    0.615  0.69257  *
* 101)    2.159   ( 51,  0)       -0.075  0.01927    0.212    0.594  0.69447  *
* 102)    2.159   (  0, 51)       -0.075  0.01927    0.212    0.594  0.69447  *
* 103)    3.119   ( 52,  0)       -0.157  0.01139    1.184    0.662  0.76597  *
* 104)    3.119   (  0, 52)       -0.157  0.01139    1.184    0.662  0.76597  *
* 105)    3.134   ( 53,  0)       -0.383  0.01024    1.206    0.631  0.76672  *
* 106)    3.134   (  0, 53)       -0.383  0.01024    1.206    0.631  0.76672  *
* 107)    3.705   ( 54,  0)       -0.274  0.00614    1.795    0.579  0.79491  *
* 108)    3.705   (  0, 54)       -0.274  0.00614    1.795    0.579  0.79491  *
* 109)    3.827   (  0, 55)       -0.389  0.00594    1.918    0.588  0.80014  *
* 110)    3.827   ( 55,  0)       -0.389  0.00594    1.918    0.588  0.80014  *
* 111)    4.450   (  0, 56)       -0.158  0.00456    2.546    0.600  0.82306  *
* 112)    4.450   ( 56,  0)       -0.158  0.00456    2.546    0.600  0.82306  *
* 113)    9.388   ( 57,  0)       -0.458  0.25704    2.698    8.205  0.92692  *
* 114)    9.388   (  0, 57)       -0.458  0.25704    2.698    8.205  0.92692  *
* 115)    4.969   (  0, 58)        0.478  0.03568    2.750    1.843  0.84179  *
* 116)    4.969   ( 58,  0)        0.478  0.03568    2.750    1.843  0.84179  *
* 117)    4.744   ( 59,  0)       -0.172  0.00409    2.841    0.606  0.83214  *
* 118)    4.744   (  0, 59)       -0.172  0.00409    2.841    0.606  0.83214  *
* 119)    5.540   (  0, 60)        0.148  0.01098    3.554    1.155  0.85339  *
* 120)    5.540   ( 60,  0)        0.148  0.01098    3.554    1.155  0.85339  *
* 121)    6.027   (  0, 61)       -0.831  0.00293    4.127    0.651  0.86288  *
* 122)    6.027   ( 61,  0)       -0.831  0.00293    4.127    0.651  0.86288  *
* 123)    6.098   ( 62,  0)        0.566  0.00310    4.196    0.678  0.86429  *
* 124)    6.098   (  0, 62)        0.566  0.00310    4.196    0.678  0.86429  *
* 125)    6.500   (  0, 63)       -0.403  0.00224    4.607    0.615  0.87153  *
* 126)    6.500   ( 63,  0)       -0.403  0.00224    4.607    0.615  0.87153  *
* 127)    6.874   ( 64,  0)        0.007  0.00291    4.970    0.740  0.87772  *
* 128)    6.874   (  0, 64)        0.007  0.00291    4.970    0.740  0.87772  *
* 129)    7.354   ( 65,  0)       -0.797  0.00168    5.465    0.603  0.88468  *
* 130)    7.354   (  0, 65)       -0.797  0.00168    5.465    0.603  0.88468  *
* 131)    7.632   ( 66,  0)       -0.775  0.00192    5.739    0.668  0.88844  *
* 132)    7.632   (  0, 66)       -0.775  0.00192    5.739    0.668  0.88844  *
* 133)    7.652   (  0, 67)       -0.609  0.00153    5.765    0.599  0.88866  *
* 134)    7.652   ( 67,  0)       -0.609  0.00153    5.765    0.599  0.88866  *
* 135)    8.108   ( 68,  0)       -0.130  0.00144    6.221    0.616  0.89426  *
* 136)    8.108   (  0, 68)       -0.130  0.00144    6.221    0.616  0.89426  *
* 137)    8.171   (  0, 69)        0.560  0.00136    6.284    0.602  0.89497  *
* 138)    8.171   ( 69,  0)        0.560  0.00136    6.284    0.602  0.89497  *
* 139)    8.202   ( 70,  0)        0.975  0.00160    6.312    0.655  0.89535  *
* 140)    8.202   (  0, 70)        0.975  0.00160    6.312    0.655  0.89535  *
* 141)    8.375   (  0, 71)       -0.295  0.00810    6.375    1.502  0.89780  *
* 142)    8.375   ( 71,  0)       -0.295  0.00810    6.375    1.502  0.89780  *
* 143)    8.845   ( 72,  0)        0.133  0.00105    6.963    0.574  0.90218  *
* 144)    8.845   (  0, 72)        0.133  0.00105    6.963    0.574  0.90218  *
* 145)    9.043   (  0, 73)       -0.415  0.00103    7.160    0.580  0.90411  *
* 146)    9.043   ( 73,  0)       -0.415  0.00103    7.160    0.580  0.90411  *
* 147)    9.255   ( 74,  0)        0.978  0.00133    7.366    0.675  0.90612  *
* 148)    9.255   (  0, 74)        0.978  0.00133    7.366    0.675  0.90612  *
* 149)    9.865   ( 75,  0)       -0.842  0.00076    7.986    0.544  0.91138  *
* 150)    9.865   (  0, 75)       -0.842  0.00076    7.986    0.544  0.91138  *
*                                                                             *
*1474)   TOTAL=  ( 737, 737)                                                  *
*                                                                             *
*******************************************************************************

*******************************************************************************
*                                                                             *
*  SINGLE-PARTICLE PROPERTIES: CANONICAL                            PROTONS   *
*                                                                             *
*******************************************************************************
*                                                                             *
*  NO)   ENERGY   (S=+,S=-)   | N,nz,lz,OMEz>   <P>    <JY>    <SY>   GFACT   *
*                                                                             *
*  20)  -11.960   ( 20,---)   | 3, 1, 0, 1/2>   -65   0.536  -0.279  -0.520   *
*  21)  -11.245   ( 21,---)   | 3, 0, 3, 5/2>   -47  -0.000   0.000  -0.244   *
*  22)  -10.956   ( 22,---)   | 3, 3, 0, 1/2>   -37  -1.097  -0.456   0.416   *
*  23)  -10.304   ( 23,---)   | 4, 2, 2, 5/2>   -19   0.000  -0.000  -0.116   *
*  24)   -9.783   ( 24,---)   | 3, 0, 1, 3/2>   -28   0.000   0.000   1.011   *
*  25)   -8.885   ( 25,---)   | 3, 0, 1, 3/2>    -7   0.001   0.001   1.829   *
*  26)   -8.834   ( 26,---)   | 3, 0, 1, 1/2>   -77   0.108  -0.044  -0.408   *
*  27)   -8.284   ( 27,---)   | 4, 1, 3, 7/2>    93   0.000   0.000   0.008   *
*  28)   -7.799   ( 28,---)   | 4, 2, 2, 3/2>    29  -0.001   0.000  -0.367   *
*  29)   -7.324   ( 29,---)   | 4, 3, 1, 1/2>    32  -0.672  -0.156   0.233   *
*  30)   -7.311   ( 30,---)   | 4, 2, 0, 1/2>    19  -0.104  -0.388   3.741   *
*  31)   -7.123   ( 31,---)   | 4, 0, 4, 9/2>    99   0.000   0.000  1.E+01   *
*  32)   -6.653   ( 32,---)   | 6, 4, 2, 5/2>    39   0.000   0.000   0.750   *
*  33)   -5.189   ( 33,---)   | 4, 4, 0, 1/2>    18  -1.043  -0.400   0.384   *
*  34)   -4.864   ( 34,---)   | 4, 1, 1, 3/2>    17   0.000   0.000   0.693   *
*  35)   -4.507   ( 35,---)   | 4, 1, 3, 5/2>    87  -0.000   0.000  -0.033   *
*  36)   -3.704   ( 36,---)   | 5, 2, 3, 7/2>    -8  -0.000  -0.000  1.E+01   *
*  37)   -3.413   ( 37,---)   | 4, 1, 1, 1/2>    49  -0.918  -0.198   0.215   *
*  38)   -3.349   ( 38,---)   | 4, 1, 1, 3/2>    49  -0.000  -0.000   0.523   *
*  39)   -2.828   ( 39,---)   | 4, 1, 1, 1/2>    55   0.173  -0.320  -1.854   *
*  40)   -2.749   ( 40,---)   | 4, 3, 1, 3/2>    51   0.000  -0.000  -0.335   *
*  41)   -2.632   ( 41,---)   | 4, 0, 4, 7/2>    47   0.000  -0.000  -1.918   *
*  42)   -2.381   ( 42,---)   | 4, 0, 2, 5/2>    44   0.000  -0.000  -3.326   *
*  43)   -1.796   ( 43,---)   | 4, 3, 1, 1/2>    -4  -0.764  -0.155   0.203   *
*  44)   -1.631   ( 44,---)   | 4, 0, 2, 5/2>   -12   0.000  -0.000  -2.967   *
*  45)   -1.263   ( 45,---)   | 5, 1, 4, 9/2>   -96  -0.000   0.000  -0.575   *
*  46)   -0.694   ( 46,---)   | 4, 0, 2, 3/2>    87  -0.004   0.000  -0.086   *
*  47)   -0.647   ( 47,---)   | 4, 0, 0, 1/2>    93  -0.229  -0.479   2.094   *
*  48)   -0.139   ( 48,---)   | 5, 0, 5,11/2>   -98  -0.000  -0.000   0.024   *
*                                                                             *
*******************************************************************************

*******************************************************************************
*                                                                             *
*  HFB PAIRING PROPERTIES                                            PROTONS  *
*                                                                             *
*  STRENGTH= 0.1066   GAP= 0.6269   FERMI ENERGY= -2.8238   ENERGY=  -3.6862  *
*                                                                             *
*******************************************************************************

*******************************************************************************
*                                                                             *
*  MULTIPOLE MOMENTS [UNITS:  (10 FERMI)^LAMBDA]                     PROTONS  *
*                                                                             *
*******************************************************************************
*                                                                             *
*  Q00 = 78.0000  .............  .............  .............  .............  *
*                                                                             *
*  Q10 = 14.8170  Q11 =    ZERO  .............  .............  .............  *
*                                                                             *
*  Q20 = 25.7717  Q21 =    ZERO  Q22 =-7.9E-04  .............  .............  *
*                                                                             *
*  Q30 =  7.8433  Q31 =    ZERO  Q32 = 1.6E-04  Q33 =    ZERO  .............  *
*                                                                             *
*  Q40 =  7.4194  Q41 =    ZERO  Q42 = 5.5E-05  Q43 =    ZERO  Q44 =-1.9E-06  *
*                                                                             *
*******************************************************************************

*******************************************************************************
*                                                                             *
*  ROOT-MEAN-SQUARE AND GEOMETRIC SIZES IN FERMIS                    PROTONS  *
*                                                                             *
*  R_RMS =  6.2580     X_RMS =  2.7472    Y_RMS =  2.7473    Z_RMS =  4.9059  *
*                                                                             *
*  R_GEO =  8.0790     X_GEO =  6.1429    Y_GEO =  6.1431    Z_GEO = 10.9699  *
*                                                                             *
*******************************************************************************

*******************************************************************************
*                                                                             *
*  BOHR DEFORMATIONS (FIRST-ORDER APPROXIMATION)                     PROTONS  *
*                                                                             *
*******************************************************************************
*                                                                             *
*  B10 =  0.4812  B11 =    ZERO  .............  .............  .............  *
*                                                                             *
*  B20 =  0.6688  B21 =    ZERO  B22 =-2.0E-05  .............  .............  *
*                                                                             *
*  B30 =  0.7988  B31 =    ZERO  B32 = 2.3E-05  B33 =    ZERO  .............  *
*                                                                             *
*  B40 =  0.9352  B41 =    ZERO  B42 = 9.7E-06  B43 =    ZERO  B44 =-3.4E-07  *
*                                                                             *
*******************************************************************************
*                                                                             *
*  BOHR DENSITY = 0.0353 FM^(-3)  BOHR RADIUS =   8.0790 FM                   *
*                                                                             *
*******************************************************************************

*******************************************************************************
*                                                                             *
*                  DENSITY INTEGRALS IN THE SKYRME FUNCTIONAL                 *
*                                                                             *
*******************************************************************************
*                                                                             *
*                   TOTAL(T)        SUM(S)      ISOSCALAR(P)  ISOVECTOR(M)    *
*                   --------        ------      ------------  ------------    *
*    DRHO_ =       18.049774      9.149043         18.049774      0.248312    *
*    DRHOD =        7.963828      4.036471          7.963828      0.109114    *
*    DLPR_ =       -3.525182     -1.786226         -3.525182     -0.047270    *
*    DTAU_ =       14.732630      7.536971         14.732630      0.341312    *
*    DSCU_ =        0.102172      0.056036          0.102172      0.009900    *
*    DDIV_ =        0.727178      0.370582          0.727178      0.013987    *
*                                                                             *
*    DSPI_ =        0.000000      0.000000          0.000000      0.000000    *
*    DSPID =        0.000000      0.000000          0.000000      0.000000    *
*    DLPS_ =        0.000000      0.000000          0.000000      0.000000    *
*    DCUR_ =        0.000000      0.000000          0.000000      0.000000    *
*    DKIS_ =        0.000000      0.000000          0.000000      0.000000    *
*    DROT_ =        0.000000      0.000000          0.000000      0.000000    *
*                                                                             *
*******************************************************************************

*******************************************************************************
*                                                                             *
*               CONTRIBUTIONS TO ENERGY IN THE SKYRME FUNCTIONAL              *
*                                                                             *
*******************************************************************************
*                                                                             *
*                 TOTAL(T)        SUM(S)        ISOSCALAR(P)  ISOVECTOR(M)    *
*                 --------        ------        ------------  ------------    *
*    ERHO_ =   -16137.581861   4925.072307     -11279.344748     66.835194    *
*    ERHOD =     8029.240065  -2047.959562       6008.960647    -27.680144    *
*    ELPR_ =     -346.649825    514.201050        160.747443      6.803782    *
*    ETAU_ =      488.476004   -363.821165        132.892665     -8.237827    *
*    ESCU_ =        0.000000      0.000000          0.000000      0.000000    *
*    EDIV_ =      -16.022516    -38.475719        -53.772160     -0.726076    *
*               ============  ============      ============  ============    *
*    SUM EVEN:  -7982.538133   2989.016911      -5030.516152     36.994931    *
*                                                                             *
*    ESPI_ =        0.000000      0.000000          0.000000      0.000000    *
*    ESPID =        0.000000      0.000000          0.000000      0.000000    *
*    ELPS_ =        0.000000      0.000000          0.000000      0.000000    *
*    ECUR_ =        0.000000      0.000000          0.000000      0.000000    *
*    EKIS_ =        0.000000      0.000000          0.000000      0.000000    *
*    EROT_ =        0.000000      0.000000          0.000000      0.000000    *
*               ============  ============      ============  ============    *
*    SUM  ODD:      0.000000      0.000000          0.000000      0.000000    *
*                                                                             *
*******************************************************************************
 
*******************************************************************************
*                                                                             *
*  CENTER-OF-MASS COORDINATES IN FERMIS                                TOTAL  *
*                                                                             *
*  R_CMS =  1.8100     X_CMS =  0.0000    Y_CMS =  0.0000    Z_CMS =  1.8100  *
*                                                                             *
*******************************************************************************

*******************************************************************************
*                                                                             *
*  MULTIPOLE MOMENTS [UNITS:  (10 FERMI)^LAMBDA] [CENT-MASS FRAME]  NEUTRONS  *
*                                                                             *
*******************************************************************************
*                                                                             *
*  Q00 = 98.0000  .............  .............  .............  .............  *
*                                                                             *
*  Q10 = -0.6988  Q11 =    ZERO  .............  .............  .............  *
*                                                                             *
*  Q20 = 21.5370  Q21 =    ZERO  Q22 =-9.4E-04  .............  .............  *
*                                                                             *
*  Q30 =  3.6754  Q31 =    ZERO  Q32 = 3.0E-04  Q33 =    ZERO  .............  *
*                                                                             *
*  Q40 =  2.8451  Q41 =    ZERO  Q42 =-1.2E-04  Q43 =    ZERO  Q44 =-9.5E-06  *
*                                                                             *
*******************************************************************************

*******************************************************************************
*                                                                             *
*  BOHR DEFORMATIONS (FIRST-ORDER APPROXIMATION) [CENT-MASS FRAME]  NEUTRONS  *
*                                                                             *
*******************************************************************************
*                                                                             *
*  B10 = -0.0229  B11 =    ZERO  .............  .............  .............  *
*                                                                             *
*  B20 =  0.7139  B21 =    ZERO  B22 =-3.1E-05  .............  .............  *
*                                                                             *
*  B30 =  0.6057  B31 =    ZERO  B32 = 7.1E-05  B33 =    ZERO  .............  *
*                                                                             *
*  B40 =  0.7352  B41 =    ZERO  B42 =-4.3E-05  B43 =    ZERO  B44 =-3.5E-06  *
*                                                                             *
*******************************************************************************
*                                                                             *
*  BOHR DENSITY = 0.0902 FM^(-3)  BOHR RADIUS =   6.3774 FM                   *
*                                                                             *
*******************************************************************************

*******************************************************************************
*                                                                             *
*  MULTIPOLE MOMENTS [UNITS:  (10 FERMI)^LAMBDA] [CENT-MASS FRAME]   PROTONS  *
*                                                                             *
*******************************************************************************
*                                                                             *
*  Q00 = 78.0000  .............  .............  .............  .............  *
*                                                                             *
*  Q10 =  0.6988  Q11 =    ZERO  .............  .............  .............  *
*                                                                             *
*  Q20 = 20.1549  Q21 =    ZERO  Q22 =-7.9E-04  .............  .............  *
*                                                                             *
*  Q30 =  3.3627  Q31 =    ZERO  Q32 = 2.5E-04  Q33 =    ZERO  .............  *
*                                                                             *
*  Q40 =  2.8975  Q41 =    ZERO  Q42 =-9.1E-05  Q43 =    ZERO  Q44 =-1.9E-06  *
*                                                                             *
*******************************************************************************

*******************************************************************************
*                                                                             *
*  BOHR DEFORMATIONS (FIRST-ORDER APPROXIMATION) [CENT-MASS FRAME]   PROTONS  *
*                                                                             *
*******************************************************************************
*                                                                             *
*  B10 =  0.0289  B11 =    ZERO  .............  .............  .............  *
*                                                                             *
*  B20 =  0.8487  B21 =    ZERO  B22 =-3.3E-05  .............  .............  *
*                                                                             *
*  B30 =  0.7080  B31 =    ZERO  B32 = 7.4E-05  B33 =    ZERO  .............  *
*                                                                             *
*  B40 =  0.9619  B41 =    ZERO  B42 =-4.3E-05  B43 =    ZERO  B44 =-9.1E-07  *
*                                                                             *
*******************************************************************************
*                                                                             *
*  BOHR DENSITY = 0.0730 FM^(-3)  BOHR RADIUS =   6.3420 FM                   *
*                                                                             *
*******************************************************************************

*******************************************************************************
*                                                                             *
*  EULER ANGLES OF THE PRINCIPAL-AXES FRAME IN DEGREES                 TOTAL  *
*                                                                             *
*  ALPHA =270.00000  BETA =  0.00000  GAMMA =  0.00000                        *
*                                                                             *
*******************************************************************************

*******************************************************************************
*                                                                             *
*  ROOT-MEAN-SQUARE AND GEOMETRIC SIZES IN FERMIS                      TOTAL  *
*                                                                             *
*  R_RMS =  6.1903     X_RMS =  2.7808    Y_RMS =  2.7809    Z_RMS =  4.7805  *
*                                                                             *
*  R_GEO =  7.9916     X_GEO =  6.2180    Y_GEO =  6.2182    Z_GEO = 10.6896  *
*                                                                             *
*******************************************************************************

*******************************************************************************
*                                                                             *
*  MULTIPOLE MOMENTS [UNITS:  (10 FERMI)^LAMBDA]                       TOTAL  *
*                                                                             *
*******************************************************************************
*                                                                             *
*  Q00 =176.0000  .............  .............  .............  .............  *
*                                                                             *
*  Q10 = 31.8564  Q11 =    ZERO  .............  .............  .............  *
*                                                                             *
*  Q20 = 53.2241  Q21 =    ZERO  Q22 = -0.0017  .............  .............  *
*                                                                             *
*  Q30 = 16.2654  Q31 =    ZERO  Q32 = 3.7E-04  Q33 =    ZERO  .............  *
*                                                                             *
*  Q40 = 15.1482  Q41 =    ZERO  Q42 = 1.2E-04  Q43 =    ZERO  Q44 =-1.1E-05  *
*                                                                             *
*******************************************************************************

*******************************************************************************
*                                                                             *
*  BOHR DEFORMATIONS (FIRST-ORDER APPROXIMATION)                       TOTAL  *
*                                                                             *
*******************************************************************************
*                                                                             *
*  B10 =  0.4635  B11 =    ZERO  .............  .............  .............  *
*                                                                             *
*  B20 =  0.6256  B21 =    ZERO  B22 =-2.0E-05  .............  .............  *
*                                                                             *
*  B30 =  0.7585  B31 =    ZERO  B32 = 2.4E-05  B33 =    ZERO  .............  *
*                                                                             *
*  B40 =  0.8839  B41 =    ZERO  B42 = 9.6E-06  B43 =    ZERO  B44 =-9.5E-07  *
*                                                                             *
*******************************************************************************
*                                                                             *
*  BOHR DENSITY = 0.0823 FM^(-3)  BOHR RADIUS =   7.9916 FM                   *
*                                                                             *
*******************************************************************************

*******************************************************************************
*                                                                             *
*  MULTIPOLE MOMENTS [UNITS:  (10 FERMI)^LAMBDA] [CENT-MASS FRAME]     TOTAL  *
*                                                                             *
*******************************************************************************
*                                                                             *
*  Q00 =176.0000  .............  .............  .............  .............  *
*                                                                             *
*  Q10 =    ZERO  Q11 =    ZERO  .............  .............  .............  *
*                                                                             *
*  Q20 = 41.6919  Q21 =    ZERO  Q22 = -0.0017  .............  .............  *
*                                                                             *
*  Q30 =  7.0381  Q31 =    ZERO  Q32 = 5.5E-04  Q33 =    ZERO  .............  *
*                                                                             *
*  Q40 =  5.7426  Q41 =    ZERO  Q42 =-2.1E-04  Q43 =    ZERO  Q44 =-1.1E-05  *
*                                                                             *
*******************************************************************************

*******************************************************************************
*                                                                             *
*  BOHR DEFORMATIONS (FIRST-ORDER APPROXIMATION) [CENT-MASS FRAME]     TOTAL  *
*                                                                             *
*******************************************************************************
*                                                                             *
*  B10 =    ZERO  B11 =    ZERO  .............  .............  .............  *
*                                                                             *
*  B20 =  0.7730  B21 =    ZERO  B22 =-3.2E-05  .............  .............  *
*                                                                             *
*  B30 =  0.6503  B31 =    ZERO  B32 = 7.2E-05  B33 =    ZERO  .............  *
*                                                                             *
*  B40 =  0.8339  B41 =    ZERO  B42 =-4.3E-05  B43 =    ZERO  B44 =-2.4E-06  *
*                                                                             *
*******************************************************************************
*                                                                             *
*  BOHR DENSITY = 0.1631 FM^(-3)  BOHR RADIUS =   6.3626 FM                   *
*                                                                             *
*******************************************************************************

*******************************************************************************
*                                                                             *
*  MULTIPOLE MOMENTS [UNITS:  (10 FERMI)^LAMBDA] [INTRINSIC FRAME]     TOTAL  *
*                                                                             *
*  REAL PART  FOR A NON-NEGATIVE PROJECTION                                   *
*  IMAGINARY PART FOR A NEGATIVE PROJECTION                                   *
*                                                                             *
*******************************************************************************
*                                                                             *
*  Q00 =176.0000  .............  .............  .............  .............  *
*                 .............  .............  .............  .............  *
*                                                                             *
*  Q10 =    ZERO  Q1+1=    ZERO  .............  .............  .............  *
*                 Q1-1=    ZERO  .............  .............  .............  *
*                                                                             *
*  Q20 = 41.6919  Q2+1=    ZERO  Q2+2=  0.0017  .............  .............  *
*                 Q2-1=    ZERO  Q2-2=    ZERO  .............  .............  *
*                                                                             *
*  Q30 =  7.0381  Q3+1=    ZERO  Q3+2=-5.5E-04  Q3+3=    ZERO  .............  *
*                 Q3-1=    ZERO  Q3-2=    ZERO  Q3-3=    ZERO  .............  *
*                                                                             *
*  Q40 =  5.7426  Q4+1=    ZERO  Q4+2= 2.1E-04  Q4+3=    ZERO  Q4+4=-1.1E-05  *
*                 Q4-1=    ZERO  Q4-2=    ZERO  Q4-3=    ZERO  Q4-4=    ZERO  *
*                                                                             *
*******************************************************************************

*******************************************************************************
*                                                                             *
*  BOHR DEFORMATIONS (FIRST-ORDER APPROXIMATION) [INTRINSIC FRAME]     TOTAL  *
*                                                                             *
*  REAL PART  FOR A NON-NEGATIVE PROJECTION                                   *
*  IMAGINARY PART FOR A NEGATIVE PROJECTION                                   *
*                                                                             *
*******************************************************************************
*                                                                             *
*  B10 =    ZERO  B1+1=    ZERO  .............  .............  .............  *
*                 B1-1=    ZERO  .............  .............  .............  *
*                                                                             *
*  B20 =  0.7730  B2+1=    ZERO  B2+2= 3.2E-05  .............  .............  *
*                 B2-1=    ZERO  B2-2=    ZERO  .............  .............  *
*                                                                             *
*  B30 =  0.6503  B3+1=    ZERO  B3+2=-7.2E-05  B3+3=    ZERO  .............  *
*                 B3-1=    ZERO  B3-2=    ZERO  B3-3=    ZERO  .............  *
*                                                                             *
*  B40 =  0.8339  B4+1=    ZERO  B4+2= 4.3E-05  B4+3=    ZERO  B4+4=-2.4E-06  *
*                 B4-1=    ZERO  B4-2=    ZERO  B4-3=    ZERO  B4-4=    ZERO  *
*                                                                             *
*******************************************************************************
*                                                                             *
*  BOHR DENSITY = 0.1631 FM^(-3)  BOHR RADIUS =   6.3626 FM                   *
*                                                                             *
*******************************************************************************

*******************************************************************************
*                                                                             *
*                                ENERGIES (MEV)                               *
*                                                                             *
*******************************************************************************
*                                                                             *
*  KINETIC: (NEU)=  1761.795821    (PRO)=  1229.955613    (TOT)=  2991.751434 *
*  SUM EPS: (NEU)= -2313.802434    (PRO)=  -996.827419    (TOT)= -3310.629853 *
*  PAIRING: (NEU)=    -0.982016    (PRO)=    -3.686205    (TOT)=    -4.668221 *
*  P-REARR: (NEU)=     0.270215    (PRO)=     1.065688    (TOT)=     1.335903 *
*                                                                             *
*  PAIRGAP: (NEU)=     0.396868    (PRO)=     0.626944    THIS SPACE IS EMPTY *
*  E-FERMI: (NEU)=   -12.453980    (PRO)=    -2.823832    AND AWAITS  YOUR AD *
*                                                                             *
*  COULOMB: (DIR)=   716.978800    (EXC)=   -28.950102    (TOT)=   688.028698 *
*                                                                             *
*  CONSTR. (MULT)=  1110.381271    SLOPE=   619.733872    CORR.=  -309.866936 *
*  CONSTR. (SURF)=     0.000000    SLOPE=     0.000000    CORR.=     0.000000 *
*  CONSTR. (SPIN)=     0.000000    SLOPE=     0.000000    CORR.=     0.000000 *
*  CONSTR. (ISOS)=     0.000000    SLOPE=     0.000000    CORR.=     0.000000 *
*                                                                             *
*  REARRANGEMENT ENERGY FROM THE SKYRME DENSITY-DEPENDENT TERMS=  1126.216244 *
*  ROUTHIAN= TOTAL ENERGY + MULTIPOLE AND (ISO)SPIN CONSTRAINTS=  -208.028041 *
*                                                                             *
*  SPIN-ORB (EVE)=   -54.498235    (ODD)=     0.000000    (TOT)=   -54.498235 *
*  SKYRME:  (EVE)= -4993.521222    (ODD)=     0.000000    (TOT)= -4993.521222 *
*                                                                             *
*  TOTAL:  (STAB)=   326.966635     (SP)=  -991.442676    (FUN)= -1318.409311 *
*                                                                             *
*******************************************************************************

*******************************************************************************
*                                                                             *
*  ITERATION RESTARTED FROM THE DISC, THE FOLLOWING FILE(S) READ:             *
*  ./restart/HFODD_00000048.REC                                        VER=19 *
*                                                                             *
*******************************************************************************
*                                                                             *
* CONVERGENCE REPORT                                                          *
*                                                                             *
*******************************************************************************
*                                                                             *
* ITER     ENERGY     STABILITY    Q_2    GAMMA   SPIN  OMEGA   ANGLE   EPAIR *
*                                                                             *
* 2300 -1318.409311  326.966635  41.692    0.00   0.00  0.000   0.000   -4.67 *
* 2301  -413.690460    1.88E+03 417.252    0.00   0.00  0.000   0.000   -0.30 *
* 2302  -417.741465    2.03E+03 425.784    0.00   0.00  0.000   0.000   -2.99 *
* 2303  -385.883003    1.67E+03 364.765    0.00   0.00  0.000   0.000   -1.72 *
* 2304  -500.831641    1.46E+03 443.327    0.00   0.00  0.000   0.000  -13.53 *
* 2305  -599.596597    1.85E+03 490.711    0.00   0.00  0.000   0.000   -9.89 *
* 2306  -563.926659    2.25E+03 490.090    0.00   0.00  0.000   0.000   -5.32 *
* 2307  -459.567111    1.68E+03 468.547    0.00   0.00  0.000   0.000   -1.61 *
* 2308  -581.286687    1.55E+03 500.453    0.00   0.00  0.000   0.000  -11.99 *
* 2309  -625.449159    2.52E+03 623.674    0.00   0.00  0.000   0.000   -3.32 *
* 2310  -473.778799    1.82E+03 531.142    0.00   0.00  0.000   0.000   -1.57 *
* 2311  -527.970872   -3.48E+03 601.902    0.00   0.00  0.000   0.000   -6.05 *
* 2312  -673.788470 -490.232567 205.958    0.00   0.00  0.000   0.000 -270.76 *

 //////////////////// MAXIMUM NUMBER OF ITERATIONS       ////////////////////
 //////////////////// EXCEEDED IN QUABCS                 ////////////////////

*******************************************************************************
*                                                                             *
*  PROCESSOR   EXECUTION  TIMES IN SUBROUTINES                                *
*  INCLUDING THEIR COMPLETE DOWN-CALLING TREES                                *
*                                                                             *
*******************************************************************************
*                                                                             *
*     4944 => HFODD    2769 => DENSHF    828 => DIAMAT    754 => HFBSIM       *
*                                                                             *
*      604 => QMULCM    269 => PAIMAC    210 => RECORD    182 => CANQUA       *
*                                                                             *
*       65 => AVEQUA     26 => DENMAC     26 => INTEGH     23 => INTSOR       *
*                                                                             *
*       22 => INTEGD     12 => MOMETS     12 => INTMUL      9 => DOBROY       *
*                                                                             *
*        7 => SKFILD      7 => BEGINC      7 => SPAVER      5 => ROTAVR       *
*                                                                             *
*        5 => AVOBSE      5 => INTMAS      5 => LINAVR      4 => COUMAT       *
*                                                                             *
*        3 => INTCOU      3 => NILASP      3 => INTCEN      2 => POWALL       *
*                                                                             *
*        2 => AVANGY      1 => SKPAIR      0 => INTKIN      0 => AVPARI       *
*                                                                             *
*        0 => QUABCS      0 => AVSIMP      0 => PAXMOM      0 => SHICOE       *
*                                                                             *
*        0 => SPIMOM      0 => SHIMAG      0 => MAGMOM      0 => MOMSIF       *
*                                                                             *
*        0 => MOMVMU      0 => SHIMOM      0 => SHISIF                        *
*                                                                             *
*******************************************************************************
*                                                                             *
*  NUMBERS OF CALLS TO SUBROUTINES                                            *
*                                                                             *
*******************************************************************************
*                                                                             *
*      608 => BEGINC    500 => INTMUL    162 => INTSOR     66 => DIAMAT       *
*                                                                             *
*       54 => INTMAS     54 => INTCEN     53 => INTKIN     52 => AVEQUA       *
*                                                                             *
*       39 => PAXMOM     27 => INTEGH     27 => INTEGD     27 => HFBSIM       *
*                                                                             *
*       27 => QUABCS     26 => CANQUA     26 => AVPARI     26 => DENSHF       *
*                                                                             *
*       26 => DENMAC     26 => PAIMAC     26 => MOMETS     26 => MOMSIF       *
*                                                                             *
*       26 => MOMVMU     26 => MAGMOM     26 => SPIMOM     26 => LINAVR       *
*                                                                             *
*       26 => ROTAVR     26 => SHICOE     14 => RECORD     14 => COUMAT       *
*                                                                             *
*       14 => INTCOU     14 => SPAVER     13 => QMULCM     13 => SKFILD       *
*                                                                             *
*       13 => SKPAIR     13 => DOBROY     13 => SHIMOM     13 => SHISIF       *
*                                                                             *
*       13 => SHIMAG      2 => AVANGY      2 => AVOBSE      2 => AVSIMP       *
*                                                                             *
*        2 => NILASP      1 => HFODD       1 => POWALL                        *
*                                                                             *
*******************************************************************************
*                                                                             *
*  EXECUTION ENDS ON 2016.09.06 AT 13:26:45.627                               *
*                                                                             *
*******************************************************************************
