*******************************************************************************
*                                                                             *
*                     P A R A L L E L    M O D E L                            *
*                                                                             *
*  SIMPLE MPI FRAMEWORK (1 COMMUNICATOR)    :  1 MPI PROCESS per HFODD TASK   *
*  MULTI-THREADING FRAMEWORK WITH OPENMP   :  4 THREADS per HFODD MPI PROCESS *
*                                                                             *
*******************************************************************************
*                                                                             *
*                        __  __ _____  ___   ____   ____                      *
*                       / / / // ___/.' _ \ / __ \ / __ \                     *
*                      / /_/ // /_  / / / // / / // / / /                     *
*                     / __  // __/ / / / // / / // / / /                      *
*                    / / / // /   / /_/ // /_/ // /_/ /                       *
*                   /_/ /_//_/    \___.'/____.'/____.'                        *
*                                                                             *
*                                                                             *
*******************************************************************************
*                                                                             *
*             SKYRME-HARTREE-FOCK-BOGOLYUBOV CODE VERSION: 2.77B              *
*                                                                             *
*              NO SYMMETRY-PLANES AND NO TIME-REVERSAL SYMMETRY               *
*                                                                             *
*                DEFORMED CARTESIAN HARMONIC-OSCILLATOR BASIS                 *
*                                                                             *
*******************************************************************************
*                                                                             *
*             J. DOBACZEWSKI, P. BACZYK, B.G. CARLSSON, J. DUDEK              *
*                 J. ENGEL, Y. GAO, M. KONIECZKA, T. LESINSKI                 *
*                 J. MCDONNELL, P. OLBRATOWSKI, P. POWALOWSKI                 *
*                  M. SADZIAK, J. SARICH, K. SATO, W. SATULA                  *
*             N. SCHUNCK,  J.A. SHEIKH, A. STASZCZAK, M. STOITSOV             *
*             P. TOIVANEN, X.B. WANG, M. ZALEWSKI AND H. ZDUNCZUK             *
*                                                                             *
*                   INSTYTUT FIZYKI TEORETYCZNEJ, WARSZAWA                    *
*                 LAWRENCE LIVERMORE NATIONAL LABORATORY, USA                 *
*                                                                             *
*                                  1993-2016                                  *
*                                                                             *
*******************************************************************************

*******************************************************************************
*                                                                             *
*  CODE COMPILED WITH THE FOLLOWING ARRAY DIMENSIONS AND SWITCHES:            *
*                                                                             *
*******************************************************************************
*                                                                             *
*  NDBASE = 1200  NDSTAT = 1200  NDXHRM =   40  NDYHRM =   40  NDZHRM =   64  *
*                                                                             *
*  NDMAIN =   30  NDMULT =    9  NDMULR =    4  NDLAMB =    9  NDITER = 5000  *
*                                                                             *
*  NDAKNO =    1  NDBKNO =    1  NDPROI =    2  NDCOUL =   80  NDPOLS =   25  *
*                                                                             *
*  NDATKN =   20  NDBTKN =   10  NDPROT =    1  NDPROD =    3                 *
*                                                                             *
*  IPARAL =    0  IPARAT =    0  I_CRAY =    0                                *
*                                                                             *
*                                                                             *
*  PRE-PROCESSOR OPTIONS:                                                     *
*                                                                             *
*       switch_port = 1     switch_diag = 3     switch_essl = 0               *
*                                                                             *
*                           switch_quad = 0     switch_vect = 1               *
*                                                                             *
*******************************************************************************
*                                                                             *
*  EXECUTION BEGINS ON 2016.09.06 AT 12:59:14.359                             *
*                                                                             *
*******************************************************************************
 
*******************************************************************************
*                                                                             *
*  CLASSICAL NUCLEAR SURFACE DEFINED FOR:                    N = 98   Z = 78  *
*                                                                             *
*******************************************************************************
*                                                                             *
*  AL10 =   ZERO  AL11 =   ZERO  .............  .............  .............  *
*                                                                             *
*  AL20 =  0.320  AL21 =   ZERO  AL22 =   ZERO  .............  .............  *
*                                                                             *
*******************************************************************************
*                                                                             *
*                                           HOMEGA=  8.3058  FCHOM0=  1.1353  *
*                                                                             *
*  OSCILLATOR FREQUENCIES: HBAROX=  9.1754  HBAROY=  9.1754  HBAROZ=  6.8060  *
*                                                                             *
*  MOMENTS OF INERTIA:     XMOMFC= 93.1270  YMOMFC= 93.1270  ZMOMFC= 66.1075  *
*                                                                             *
*  CENTERS OF MASS:        CMSXFC= -0.0000  CMSYFC= -0.0000  CMSZFC= -0.0000  *
*                                                                             *
*******************************************************************************

*******************************************************************************
*                                                                             *
*                           SKYRME FORCE DEFINITION                           *
*                                                                             *
*******************************************************************************
*                                                                             *
* PARAMETER SET HFB1:  T0= -1666.41  T1=   255.23  T2=  1521.28  T3= 12072.51 *
*                                                                             *
* POWER=0.37658031358  X0=  0.14608  X1= -4.82248  X2= -1.35211  X3=  0.00432 *
*                                                                             *
* IETA: J=0  W=1 CM=3  M=1  P=1  T=0 HBM= 20.73553 W0=  44.0677 W0P= 207.6502 *
*                                                                             *
*******************************************************************************

*******************************************************************************
*                                                                             *
*              COUPLING CONSTANTS DEFINING THE SKYRME FUNCTIONAL              *
*                                                                             *
*******************************************************************************
*                                                                             *
*                   TOTAL(T)        SUM(S)      ISOSCALAR(P)  ISOVECTOR(M)    *
*                   --------        ------      ------------  ------------    *
*    CRHO_ =     -894.060074    538.315575       -624.902286    269.157788    *
*    CRHOD =     1008.213640   -507.363897        754.531691   -253.681949    *
*    CLPR_ =       98.335311   -287.870148        -45.599763   -143.935074    *
*    CTAU_ =       33.156062    -48.271535          9.020295    -24.135768    *
*    CSCU_ =        0.000000      0.000000          0.000000      0.000000    *
*    CDIV_ =      -22.033840   -103.825096        -73.946388    -51.912548    *
*                                                                             *
*    CSPI_ =      -60.857026    416.601524        147.443736    208.300762    *
*    CSPID =        2.171385   -503.021127       -249.339179   -251.510564    *
*    CLPS_ =       51.110395     71.467295         86.844042     35.733647    *
*    CCUR_ =      -33.156062     48.271535         -9.020295     24.135768    *
*    CKIS_ =        0.000000      0.000000          0.000000      0.000000    *
*    CROT_ =      -22.033840   -103.825096        -73.946388    -51.912548    *
*                                                                             *
*******************************************************************************

*******************************************************************************
*                                                                             *
*                          NUCLEAR MATTER PROPERTIES                          *
*                                                                             *
*******************************************************************************
*                                                                             *
*     E = -15.8000  rho0 =   0.15625   K =  244.6682   Ms =    0.9364         *
*                   asym =  28.66820   L =   40.1091   Mv =    1.2498         *
*                                                                             *
*******************************************************************************

*******************************************************************************
*                                                                             *
*  PHYSICAL CONSTANTS:     H_BARC=197.32891000           HBCOE2=137.03602000  *
*                                                                             *
*                          XMASSN=938.90590000           XMASSP=938.27231000  *
*                                                                             *
*                          HBMASS= 20.73553000           HBMRPA= 20.73553000  *
*                                                                             *
*                          ECHAR2=  1.43997841           COULEX= -1.06350868  *
*                                                                             *
*******************************************************************************
*                                                                             *
*  OSCILLATOR LENGTHS:     X= 2.1260235      Y= 2.1260235       Z= 2.4684997  *
*                                                                             *
*  OSCILLATOR CONSTANTS:   X= 0.4703617      Y= 0.4703617       Z= 0.4051044  *
*                                                                             *
*  OSCILLATOR FREQUENCIES: X= 9.1753626      Y= 9.1753626       Z= 6.8060197  *
*                                                                             *
*******************************************************************************
*                                                                             *
*  BASIS CUT-OFF CONTROL PARAMETERS:  NXMAXX = 15  NYMAXX = 15  NZMAXX =  21  *
*                                                                             *
*                                     NXHERM = 36  NYHERM = 36  NZHERM =  60  *
*                                                                             *
*                                     NLIMIT=1140  LDBASE=1144  MCOUNT=29791  *
*                                                                             *
*                                     ENECUT= 800.0000      ELIMIT= 158.1761  *
*                                                                             *
*******************************************************************************

*******************************************************************************
*                                                                             *
*   SHAPE OF THE OSCILLATOR-BASIS DIAMOND    (THREE CONSECUTIVE PROJECTIONS)  *
*                                                                             *
*******************************************************************************
*                                                                             *
*        NX ===>>>  0  1  2  3  4  5  6  7  8  9 10 11 12 13 14 15            *
*        MAX.NY => 15 14 13 12 11 10  9  8  7  6  5  4  3  2  1  0            *
*                 ------------------------------------------------            *
*   NY= 0  (15)  | 21 20 18 17 16 14 13 11 10  9  7  6  5  3  2  1            *
*   NY= 1  (14)  | 20 18 17 16 14 13 11 10  9  7  6  5  3  2  1               *
*   NY= 2  (13)  | 18 17 16 14 13 11 10  9  7  6  5  3  2  1                  *
*   NY= 3  (12)  | 17 16 14 13 11 10  9  7  6  5  3  2  1                     *
*   NY= 4  (11)  | 16 14 13 11 10  9  7  6  5  3  2  1                        *
*   NY= 5  (10)  | 14 13 11 10  9  7  6  5  3  2  1                           *
*   NY= 6  ( 9)  | 13 11 10  9  7  6  5  3  2  1                              *
*   NY= 7  ( 8)  | 11 10  9  7  6  5  3  2  1                                 *
*   NY= 8  ( 7)  | 10  9  7  6  5  3  2  1                                    *
*   NY= 9  ( 6)  |  9  7  6  5  3  2  1                                       *
*   NY=10  ( 5)  |  7  6  5  3  2  1                                          *
*   NY=11  ( 4)  |  6  5  3  2  1                                             *
*   NY=12  ( 3)  |  5  3  2  1                                                *
*   NY=13  ( 2)  |  3  2  1                                                   *
*   NY=14  ( 1)  |  2  1                                                      *
*   NY=15  ( 0)  |  1                                                         *
*                                                                             *
*                                                                             *
*        NZ ===>>>  0  1  2  3  4  5  6  7  8  9 10 11 12 13 14 15 16 17 18   *
*        MAX.NY => 15 15 14 13 12 12 11 10  9  9  8  7  6  6  5  4  4  3  2   *
*                 ---------------------------------------------------------   *
*   NY= 0  (21)  | 15 15 14 13 12 12 11 10  9  9  8  7  6  6  5  4  4  3  2   *
*   NY= 1  (20)  | 14 14 13 12 11 11 10  9  8  8  7  6  5  5  4  3  3  2  1   *
*   NY= 2  (18)  | 13 13 12 11 10 10  9  8  7  7  6  5  4  4  3  2  2  1  0   *
*   NY= 3  (17)  | 12 12 11 10  9  9  8  7  6  6  5  4  3  3  2  1  1  0      *
*   NY= 4  (16)  | 11 11 10  9  8  8  7  6  5  5  4  3  2  2  1  0  0         *
*   NY= 5  (14)  | 10 10  9  8  7  7  6  5  4  4  3  2  1  1  0               *
*   NY= 6  (13)  |  9  9  8  7  6  6  5  4  3  3  2  1  0  0                  *
*   NY= 7  (11)  |  8  8  7  6  5  5  4  3  2  2  1  0                        *
*   NY= 8  (10)  |  7  7  6  5  4  4  3  2  1  1  0                           *
*   NY= 9  ( 9)  |  6  6  5  4  3  3  2  1  0  0                              *
*   NY=10  ( 7)  |  5  5  4  3  2  2  1  0                                    *
*   NY=11  ( 6)  |  4  4  3  2  1  1  0                                       *
*   NY=12  ( 5)  |  3  3  2  1  0  0                                          *
*   NY=13  ( 3)  |  2  2  1  0                                                *
*   NY=14  ( 2)  |  1  1  0                                                   *
*   NY=15  ( 1)  |  0  0                                                      *
*                                                                             *
*                                                                             *
*        NZ ===>>>  0  1  2  3  4  5  6  7  8  9 10 11 12 13 14 15 16 17 18   *
*        MAX.NX => 15 15 14 13 12 12 11 10  9  9  8  7  6  6  5  4  4  3  2   *
*                 ---------------------------------------------------------   *
*   NX= 0  (21)  | 15 15 14 13 12 12 11 10  9  9  8  7  6  6  5  4  4  3  2   *
*   NX= 1  (20)  | 14 14 13 12 11 11 10  9  8  8  7  6  5  5  4  3  3  2  1   *
*   NX= 2  (18)  | 13 13 12 11 10 10  9  8  7  7  6  5  4  4  3  2  2  1  0   *
*   NX= 3  (17)  | 12 12 11 10  9  9  8  7  6  6  5  4  3  3  2  1  1  0      *
*   NX= 4  (16)  | 11 11 10  9  8  8  7  6  5  5  4  3  2  2  1  0  0         *
*   NX= 5  (14)  | 10 10  9  8  7  7  6  5  4  4  3  2  1  1  0               *
*   NX= 6  (13)  |  9  9  8  7  6  6  5  4  3  3  2  1  0  0                  *
*   NX= 7  (11)  |  8  8  7  6  5  5  4  3  2  2  1  0                        *
*   NX= 8  (10)  |  7  7  6  5  4  4  3  2  1  1  0                           *
*   NX= 9  ( 9)  |  6  6  5  4  3  3  2  1  0  0                              *
*   NX=10  ( 7)  |  5  5  4  3  2  2  1  0                                    *
*   NX=11  ( 6)  |  4  4  3  2  1  1  0                                       *
*   NX=12  ( 5)  |  3  3  2  1  0  0                                          *
*   NX=13  ( 3)  |  2  2  1  0                                                *
*   NX=14  ( 2)  |  1  1  0                                                   *
*   NX=15  ( 1)  |  0  0                                                      *
*                                                                             *
*******************************************************************************

*******************************************************************************
*                                                                             *
* NUCLIDE: N =  98  Z =  78  NUMBER OF ITERATIONS = 1000   CONTINUATION? = 1  *
*                                                                             *
*******************************************************************************
*                                                                             *
* ITERATIONS WILL STOP WHEN THE STABILITY BECOMES LOWER THAN EPSITE=0.300000  *
*                                            FOR    5 CONSECUTIVE ITERATIONS  *
*                                                                             *
*******************************************************************************
*                                                                             *
* ITERATIONS WILL STOP WHEN THE PING-PONG DIVERGENCE OCCURS FOR EPSPNG=0.010  *
*                                DURING    5 PAIRS OF CONSECUTIVE ITERATIONS  *
*                                                                             *
*******************************************************************************
*                                                                             *
* ITERATIONS WILL STOP FOR CHAOTIC-DIVERGENCE CONDITION OCCURING   20  TIMES  *
*                                                                             *
*******************************************************************************
*                                                                             *
* SLOW-DOWN PARAMETERS:                                                       *
* TIME-EVEN = 0.85   TIME-ODD = 0.85   PAIRING = 0.85   LIPKIN-NOGAMI = 0.85  *
*                    LIP-MASS = 0.50   LIP-MOI = 0.50   LIPKIN-METHOD = 0.50  *
*                                                                             *
*******************************************************************************
*                                                                             *
* BROYDEN METHOD IS:  ON                                                      *
*                                                                             *
*    TRIGGERED ONLY WHEN STABILITY IS LOWER THAN :  1000.000 MEV              *
*    INITIAL SLOWING FACTOR (BEFORE TRIGGER)     :     0.85 (=SLOWEV)         *
*    BROYDEN SLOWING FACTOR (AFTER  TRIGGER)     :     0.40 (=1-ALPHAM)       *
*    NUMBER OF ITERATIONS RETAINED IN MEMORY     :    10                      *
*                                                                             *
*******************************************************************************
*                                                                             *
* DIRECT COULOMB TERMS SOLVED BY GREEN FUNCTION AND FOURIER TRANSFORM METHOD  *
* COULOMB PARAMETERS:  NUMCOU = 80  NUMETA = 79  BOUCOU = 20.0  FURMAX =0.25  *
*                                                                             *
*******************************************************************************
*                                                                             *
* EXCHANGE COULOMB TERMS TREATED BY THE SLATER APPROXIMATION                  *
*                                                                             *
*******************************************************************************
*                                                                             *
* MAXIMUM NUMBERS OF MULTIPOLE MOMENTS USED FOR THE CONSTRAINTS,    NMUCON=4  *
*                                           FOR THE COULOMB FIELD,  NMUCOU=4  *
*                                           FOR THE OUTPUT INFO,    NMUPRI=4  *
*                                                                             *
*******************************************************************************
*                                                                             *
* MULTIPOLE CONSTRAINTS: LAMBDA= 2  MIU= 0  MOMENT= 41.000  STIFFNESS= 0.500  *
*                        LAMBDA= 3  MIU= 0  MOMENT= 14.000  STIFFNESS= 0.500  *
*                                                                             *
*******************************************************************************
*                                                                             *
* LINEAR MULTIPOLE CONSTRAINTS: LAMBDA= 2  MIU= 0  LAGRANGE PAR. USED= 0.000  *
*                               LAMBDA= 3  MIU= 0  LAGRANGE PAR. USED= 0.000  *
*                                                                             *
*******************************************************************************
*                                                                             *
* THE LAGRANGE PARAMETERS OF THE LINEAR CONSTRAINTS ARE RE-ADJUSTED AT EACH   *
* ITERATION BY USING THE CRANKING APPROXIMATION OF THE RPA MATRIX             *
*                                                                             *
*******************************************************************************
*                                                                             *
* PRINTING THE RESULTS FOR THE FOLLOWING ITERATIONS:         THE  FIRST: YES  *
*                                                            THE MIDDLE:  NO  *
*                                                     AND/OR THE   LAST: YES  *
*                                                                             *
*******************************************************************************
*                                                                             *
* PRINTING THE MOMENTS, RADII, AND DEFORMATIONS FOR:           NEUTRONS: YES  *
*                                                              PROTONS : YES  *
*                                                              MASS    : YES  *
*                                                                             *
*******************************************************************************
*                                                                             *
* PRINTING THE MOMENTS, MOMENTA AND DEFORMATIONS IN THE INTRINSIC FRAME: YES  *
*                                                                             *
*******************************************************************************
*                                                                             *
* NILSSON LABELS OF SINGLE-PARTICLE STATES SHOWN WITH RESPECT TO THE: Z-AXIS  *
*                                                                             *
*******************************************************************************
*                                                                             *
* CALCULATIONS WITH THE HFB PAIRING CORRELATIONS                              *
*                                                                             *
*******************************************************************************
*                                                                             *
* CONTACT PAIRING INTERACTION:     V0        V1       RHO-SAT      POWER      *
*                    NEUTRONS:  -234.380   732.438     0.320     1.0000000    *
*                     PROTONS:  -260.437   813.866     0.320     1.0000000    *
*                                                                             *
*******************************************************************************
*                                                                             *
* CUTOFF ENERGY DEFINING THE ACTIVE HFB PAIRING SPACE=      60.000            *
*                                                                             *
*******************************************************************************
*                                                                             *
* CALCULATIONS WITH SIMPLEX SYMMETRY                                          *
*                                                                             *
*******************************************************************************
*                                                                             *
* CALCULATIONS WITH TIME-ODD SYMMETRIES:        T*SIMPLEX_X =>     CONSERVED  *
*                                               T*SIMPLEX_Y =>     CONSERVED  *
*                                               T*SIMPLEX_Z => NON CONSERVED  *
*                                                                             *
*******************************************************************************
*                                                                             *
* CALCULATIONS WITHOUT ROTATION                                               *
*                                                                             *
*******************************************************************************

*******************************************************************************
*                                                                             *
*  CALLING SUBROUTINE "RECORD" TO READ THE REPLAY FILE OBTAINED PREVIOUSLY    *
*  ./restart/HFODD_00000081.REC                                               *
*                                                                             *
*******************************************************************************

*******************************************************************************
*                                                                             *
*  SINGLE-QUASIPARTICLE PROPERTIES:                                NEUTRONS   *
*                                                                             *
*******************************************************************************
*                                                                             *
*  NO)   ENERGY   (S=+,S=-)       PARITY   V2QUAP   EEQUIV   DEQUIV   V_CORR  *
*                                                                             *
*  41)    9.566   (  0, 21)       -0.813  0.99907  -18.738    0.582  1.00023  *
*  42)    9.566   ( 21,  0)       -0.813  0.99907  -18.738    0.582  1.00023  *
*  43)    9.512   ( 22,  0)        0.413  0.99903  -18.683    0.592  1.00024  *
*  44)    9.512   (  0, 22)        0.413  0.99903  -18.683    0.592  1.00024  *
*  45)    8.115   ( 23,  0)       -0.013  0.99724  -17.260    0.851  1.00074  *
*  46)    8.115   (  0, 23)       -0.013  0.99724  -17.260    0.851  1.00074  *
*  47)    7.725   ( 24,  0)        0.754  0.99860  -16.893    0.577  1.00039  *
*  48)    7.725   (  0, 24)        0.754  0.99860  -16.893    0.577  1.00039  *
*  49)    6.941   ( 25,  0)       -0.098  0.99750  -16.096    0.693  1.00073  *
*  50)    6.941   (  0, 25)       -0.098  0.99750  -16.096    0.693  1.00073  *
*  51)    6.613   ( 26,  0)       -0.038  0.99074  -15.680    1.267  1.00279  *
*  52)    6.613   (  0, 26)       -0.038  0.99074  -15.680    1.267  1.00279  *
*  53)    5.944   (  0, 27)       -0.056  0.99765  -15.106    0.576  1.00074  *
*  54)    5.944   ( 27,  0)       -0.056  0.99765  -15.106    0.576  1.00074  *
*  55)    5.529   ( 28,  0)       -0.171  0.99301  -14.641    0.921  1.00229  *
*  56)    5.529   (  0, 28)       -0.171  0.99301  -14.641    0.921  1.00229  *
*  57)    5.450   (  0, 29)       -0.214  0.99834  -14.622    0.444  1.00055  *
*  58)    5.450   ( 29,  0)       -0.214  0.99834  -14.622    0.444  1.00055  *
*  59)    5.078   ( 30,  0)        0.316  0.99782  -14.245    0.474  1.00074  *
*  60)    5.078   (  0, 30)        0.316  0.99782  -14.245    0.474  1.00074  *
*  61)    4.638   (  0, 31)        0.677  0.99759  -13.806    0.455  1.00085  *
*  62)    4.638   ( 31,  0)        0.677  0.99759  -13.806    0.455  1.00085  *
*  63)    4.137   (  0, 32)        0.053  0.99319  -13.270    0.680  1.00250  *
*  64)    4.137   ( 32,  0)        0.053  0.99319  -13.270    0.680  1.00250  *
*  65)    3.200   (  0, 33)        0.018  0.99609  -12.365    0.399  1.00155  *
*  66)    3.200   ( 33,  0)        0.018  0.99609  -12.365    0.399  1.00155  *
*  67)    3.008   ( 34,  0)        0.064  0.99613  -12.174    0.374  1.00157  *
*  68)    3.008   (  0, 34)        0.064  0.99613  -12.174    0.374  1.00157  *
*  69)    2.714   (  0, 35)       -0.608  0.99380  -11.870    0.426  1.00258  *
*  70)    2.714   ( 35,  0)       -0.608  0.99380  -11.870    0.426  1.00258  *
*  71)    1.982   ( 36,  0)        0.608  0.98096  -11.096    0.542  1.00854  *
*  72)    1.982   (  0, 36)        0.608  0.98096  -11.096    0.542  1.00854  *
*  73)    1.834   ( 37,  0)       -0.232  0.98823  -10.981    0.396  1.00532  *
*  74)    1.834   (  0, 37)       -0.232  0.98823  -10.981    0.396  1.00532  *
*  75)    0.706   (  0, 38)        0.570  0.90540   -9.762    0.413  1.04979  *
*  76)    0.706   ( 38,  0)        0.570  0.90540   -9.762    0.413  1.04979  *
*  77)    0.668   (  0, 39)       -0.103  0.90009   -9.725    0.401  1.05293  *
*  78)    0.668   ( 39,  0)       -0.103  0.90009   -9.725    0.401  1.05293  *
*  79)    0.423   (  0, 40)       -0.314  0.54575   -9.229    0.422  1.35164  *
*  80)    0.423   ( 40,  0)       -0.314  0.54575   -9.229    0.422  1.35164  *
*  81)    0.406   (  0, 41)       -0.131  0.52561   -9.211    0.406  1.37743  *
*  82)    0.406   ( 41,  0)       -0.131  0.52561   -9.211    0.406  1.37743  *
*  83)    0.447   (  0, 42)       -0.821  0.32649   -9.035    0.419  1.74729  *
*  84)    0.447   ( 42,  0)       -0.821  0.32649   -9.035    0.419  1.74729  *
*  85)    0.784   (  0, 43)        0.007  0.05862   -8.498    0.368  4.12328  *
*  86)    0.784   ( 43,  0)        0.007  0.05862   -8.498    0.368  4.12328  *
*  87)    1.086   (  0, 44)        0.565  0.03733   -8.185    0.412  5.16195  *
*  88)    1.086   ( 44,  0)        0.565  0.03733   -8.185    0.412  5.16195  *
*  89)    1.772   ( 45,  0)        0.653  0.01209   -7.461    0.387  9.05582  *
*  90)    1.772   (  0, 45)        0.653  0.01209   -7.461    0.387  9.05582  *
*  91)    1.872   ( 46,  0)       -0.460  0.01969   -7.392    0.520  7.07131  *
*  92)    1.872   (  0, 46)       -0.460  0.01969   -7.392    0.520  7.07131  *
*  93)    3.122   ( 47,  0)       -0.042  0.00328   -6.089    0.357 17.00055  *
*  94)    3.122   (  0, 47)       -0.042  0.00328   -6.089    0.357 17.00055  *
*  95)    3.596   (  0, 48)        0.068  0.00307   -5.616    0.398 15.81646  *
*  96)    3.596   ( 48,  0)        0.068  0.00307   -5.616    0.398 15.81646  *
*  97)    3.958   ( 49,  0)       -0.123  0.00237   -5.251    0.385 12.29624  *
*  98)    3.958   (  0, 49)       -0.123  0.00237   -5.251    0.385 12.29624  *
*  99)    4.072   ( 50,  0)        0.080  0.00731   -5.178    0.694  7.11291  *
* 100)    4.072   (  0, 50)        0.080  0.00731   -5.178    0.694  7.11291  *
* 101)    4.335   ( 51,  0)       -0.009  0.00159   -4.868    0.345  7.51010  *
* 102)    4.335   (  0, 51)       -0.009  0.00159   -4.868    0.345  7.51010  *
* 103)    4.439   (  0, 52)       -0.160  0.00140   -4.763    0.332  6.66869  *
* 104)    4.439   ( 52,  0)       -0.160  0.00140   -4.763    0.332  6.66869  *
* 105)    4.989   ( 53,  0)       -0.153  0.00161   -4.217    0.401  4.15888  *
* 106)    4.989   (  0, 53)       -0.153  0.00161   -4.217    0.401  4.15888  *
* 107)    5.185   (  0, 54)       -0.388  0.00389   -4.046    0.646  3.61693  *
* 108)    5.185   ( 54,  0)       -0.388  0.00389   -4.046    0.646  3.61693  *
* 109)    5.640   (  0, 55)       -0.068  0.00389   -3.594    0.702  3.00826  *
* 110)    5.640   ( 55,  0)       -0.068  0.00389   -3.594    0.702  3.00826  *
* 111)    5.854   ( 56,  0)        0.021  0.00113   -3.349    0.394  2.86183  *
* 112)    5.854   (  0, 56)        0.021  0.00113   -3.349    0.394  2.86183  *
* 113)    5.943   (  0, 57)       -0.263  0.00074   -3.256    0.324  2.79249  *
* 114)    5.943   ( 57,  0)       -0.263  0.00074   -3.256    0.324  2.79249  *
* 115)    6.144   (  0, 58)       -0.234  0.00185   -3.069    0.528  2.62231  *
* 116)    6.144   ( 58,  0)       -0.234  0.00185   -3.069    0.528  2.62231  *
* 117)    6.713   (  0, 59)       -0.395  0.01065   -2.620    1.378  2.23422  *
* 118)    6.713   ( 59,  0)       -0.395  0.01065   -2.620    1.378  2.23422  *
* 119)    6.658   (  0, 60)       -0.454  0.00071   -2.541    0.354  2.34349  *
* 120)    6.658   ( 60,  0)       -0.454  0.00071   -2.541    0.354  2.34349  *
* 121)    6.762   ( 61,  0)       -0.008  0.00081   -2.439    0.384  2.29542  *
* 122)    6.762   (  0, 61)       -0.008  0.00081   -2.439    0.384  2.29542  *
* 123)    7.082   (  0, 62)        0.532  0.00087   -2.120    0.417  2.16851  *
* 124)    7.082   ( 62,  0)        0.532  0.00087   -2.120    0.417  2.16851  *
* 125)    7.292   (  0, 63)       -0.069  0.00075   -1.909    0.400  2.09885  *
* 126)    7.292   ( 63,  0)       -0.069  0.00075   -1.909    0.400  2.09885  *
* 127)    8.044   ( 64,  0)        0.517  0.00095   -1.161    0.497  1.90278  *
* 128)    8.044   (  0, 64)        0.517  0.00095   -1.161    0.497  1.90278  *
* 129)    8.243   (  0, 65)        0.003  0.00256   -0.989    0.832  1.85641  *
* 130)    8.243   ( 65,  0)        0.003  0.00256   -0.989    0.832  1.85641  *
* 131)    8.789   ( 66,  0)        0.071  0.00051   -0.409    0.398  1.76906  *
* 132)    8.789   (  0, 66)        0.071  0.00051   -0.409    0.398  1.76906  *
* 133)    9.162   (  0, 67)        0.109  0.00040   -0.035    0.368  1.71574  *
* 134)    9.162   ( 67,  0)        0.109  0.00040   -0.035    0.368  1.71574  *
* 135)    9.181   ( 68,  0)       -0.704  0.00048   -0.018    0.404  1.71303  *
* 136)    9.181   (  0, 68)       -0.704  0.00048   -0.018    0.404  1.71303  *
* 137)    9.992   ( 69,  0)       -0.003  0.00030    0.796    0.344  1.61974  *
* 138)    9.992   (  0, 69)       -0.003  0.00030    0.796    0.344  1.61974  *
*                                                                             *
*1520)   TOTAL=  ( 760, 760)                                                  *
*                                                                             *
*******************************************************************************

*******************************************************************************
*                                                                             *
*  SINGLE-PARTICLE PROPERTIES: CANONICAL                           NEUTRONS   *
*                                                                             *
*******************************************************************************
*                                                                             *
*  NO)   ENERGY   (S=+,S=-)   | N,nz,lz,OMEz>   <P>    <JY>    <SY>   GFACT   *
*                                                                             *
*  36)  -11.528   ( 36,---)   | 2, 0, 2, 3/2>    55  -0.000   0.000  -0.721   *
*  37)  -11.171   ( 37,---)   | 8, 6, 2, 3/2>    63   0.000   0.000   0.186   *
*  38)  -10.981   ( 38,---)   | 3, 1, 0, 1/2>    28  -0.783  -0.358   0.457   *
*  39)  -10.854   ( 39,---)   | 8, 6, 0, 1/2>    20  -1.061  -0.393   0.371   *
*  40)  -10.445   ( 40,---)   | 8, 6, 2, 5/2>    14   0.000   0.000   0.666   *
*  41)   -9.994   ( 41,---)   | 7, 4, 3, 7/2>   -38  -0.000  -0.000   0.055   *
*  42)   -9.721   ( 42,---)   | 9, 8, 1, 3/2>   -56   0.000  -0.000  -0.423   *
*  43)   -9.451   ( 43,---)   | 6, 3, 3, 7/2>     3   0.000   0.000   0.069   *
*  44)   -9.105   ( 44,---)   | 3, 1, 0, 1/2>    18  -0.798  -0.460   0.577   *
*  45)   -8.492   ( 45,---)   | 6, 2, 4, 9/2>     0   0.000   0.000   0.104   *
*  46)   -8.017   ( 46,---)   | 9, 7, 2, 5/2>   -15   0.000   0.000   0.671   *
*  47)   -7.791   ( 47,---)   | 6, 3, 1, 3/2>     9  -0.000  -0.000   0.174   *
*  48)   -6.123   ( 48,---)   | 3, 0, 1, 3/2>   -14   0.000   0.000   0.515   *
*  49)   -5.208   ( 49,---)   |10, 9, 1, 3/2>    54   0.000  -0.000  -0.012   *
*  50)   -5.138   ( 50,---)   | 7, 4, 1, 1/2>   -24  -0.981  -0.221   0.226   *
*  51)   -4.457   ( 51,---)   | 6, 3, 1, 1/2>     5   0.285  -0.063  -0.221   *
*  52)   -4.439   ( 52,---)   | 7, 3, 2, 5/2>    -2   0.000   0.000   0.295   *
*  53)   -3.970   ( 53,---)   | 3, 0, 3, 7/2>    -5  -0.000  -0.000   0.264   *
*  54)   -3.785   ( 54,---)   |10, 9, 1, 1/2>    -2  -0.439  -0.249   0.568   *
*  55)   -3.223   ( 55,---)   |10, 9, 1, 1/2>    13  -0.669  -0.147   0.220   *
*  56)   -3.014   ( 56,---)   | 3, 0, 3, 5/2>     6  -0.000   0.000  -0.265   *
*  57)   -2.679   ( 57,---)   | 9, 7, 2, 3/2>   -62  -0.000   0.000  -0.087   *
*  58)   -2.497   ( 58,---)   | 6, 2, 0, 1/2>   -19   0.201  -0.379  -1.890   *
*  59)   -1.963   ( 59,---)   | 4, 1, 3, 5/2>    -5   0.000  -0.000  -0.087   *
*  60)   -1.888   ( 60,---)   | 9, 7, 0, 1/2>   -56  -0.631  -0.471   0.747   *
*  61)   -1.833   ( 61,---)   | 7, 3, 2, 3/2>   -14   0.000  -0.000  -0.016   *
*  62)   -1.784   ( 62,---)   |10, 8, 2, 5/2>    43  -0.000  -0.000   0.128   *
*  63)   -1.469   ( 63,---)   | 4, 1, 3, 7/2>   -17   0.000  -0.000  -1.014   *
*  64)   -0.515   ( 64,---)   | 6, 2, 4, 7/2>   -22  -0.000  -0.000   0.320   *
*  65)   -0.103   ( 65,---)   | 5, 3, 2, 3/2>   -42   0.000   0.000   0.327   *
*                                                                             *
*******************************************************************************

*******************************************************************************
*                                                                             *
*  HFB PAIRING PROPERTIES                                           NEUTRONS  *
*                                                                             *
*  STRENGTH= 0.0106   GAP= 0.4138   FERMI ENERGY= -5.3646   ENERGY= -16.1346  *
*                                                                             *
*******************************************************************************

*******************************************************************************
*                                                                             *
*  MULTIPOLE MOMENTS [UNITS:  (10 FERMI)^LAMBDA]                    NEUTRONS  *
*                                                                             *
*******************************************************************************
*                                                                             *
*  Q00 = 98.0000  .............  .............  .............  .............  *
*                                                                             *
*  Q10 = -6.4760  Q11 =    ZERO  .............  .............  .............  *
*                                                                             *
*  Q20 = 59.8706  Q21 =    ZERO  Q22 =-4.6E-06  .............  .............  *
*                                                                             *
*  Q30 =  0.8559  Q31 =    ZERO  Q32 = 1.5E-06  Q33 =    ZERO  .............  *
*                                                                             *
*  Q40 =  9.8816  Q41 =    ZERO  Q42 =-2.0E-06  Q43 =    ZERO  Q44 =-1.1E-07  *
*                                                                             *
*******************************************************************************

*******************************************************************************
*                                                                             *
*  ROOT-MEAN-SQUARE AND GEOMETRIC SIZES IN FERMIS                   NEUTRONS  *
*                                                                             *
*  R_RMS =  6.7516     X_RMS =  2.2389    Y_RMS =  2.2389    Z_RMS =  5.9631  *
*                                                                             *
*  R_GEO =  8.7163     X_GEO =  5.0063    Y_GEO =  5.0063    Z_GEO = 13.3340  *
*                                                                             *
*******************************************************************************

*******************************************************************************
*                                                                             *
*  BOHR DEFORMATIONS (FIRST-ORDER APPROXIMATION)                    NEUTRONS  *
*                                                                             *
*******************************************************************************
*                                                                             *
*  B10 = -0.1552  B11 =    ZERO  .............  .............  .............  *
*                                                                             *
*  B20 =  1.0623  B21 =    ZERO  B22 =-8.2E-08  .............  .............  *
*                                                                             *
*  B30 =  0.0552  B31 =    ZERO  B32 = 1.4E-07  B33 =    ZERO  .............  *
*                                                                             *
*  B40 =  0.7318  B41 =    ZERO  B42 =-2.0E-07  B43 =    ZERO  B44 =-1.1E-08  *
*                                                                             *
*******************************************************************************
*                                                                             *
*  BOHR DENSITY = 0.0353 FM^(-3)  BOHR RADIUS =   8.7163 FM                   *
*                                                                             *
*******************************************************************************

*******************************************************************************
*                                                                             *
*  SINGLE-QUASIPARTICLE PROPERTIES:                                 PROTONS   *
*                                                                             *
*******************************************************************************
*                                                                             *
*  NO)   ENERGY   (S=+,S=-)       PARITY   V2QUAP   EEQUIV   DEQUIV   V_CORR  *
*                                                                             *
*  33)    9.192   ( 17,  0)       -0.850  0.99309  -12.381    1.522  1.00114  *
*  34)    9.192   (  0, 17)       -0.850  0.99309  -12.381    1.522  1.00114  *
*  35)    8.631   (  0, 18)       -0.040  0.99624  -11.882    1.056  1.00065  *
*  36)    8.631   ( 18,  0)       -0.040  0.99624  -11.882    1.056  1.00065  *
*  37)    8.382   (  0, 19)        0.763  0.99868  -11.676    0.608  1.00023  *
*  38)    8.382   ( 19,  0)        0.763  0.99868  -11.676    0.608  1.00023  *
*  41)    7.337   ( 21,  0)       -0.859  0.99817  -10.626    0.626  1.00035  *
*  42)    7.337   (  0, 21)       -0.859  0.99817  -10.626    0.626  1.00035  *
*  43)    6.984   (  0, 22)        0.434  0.99833  -10.277    0.571  1.00033  *
*  44)    6.984   ( 22,  0)        0.434  0.99833  -10.277    0.571  1.00033  *
*  45)    5.747   (  0, 23)       -0.011  0.99730   -9.032    0.596  1.00061  *
*  46)    5.747   ( 23,  0)       -0.011  0.99730   -9.032    0.596  1.00061  *
*  47)    5.431   ( 24,  0)        0.774  0.99681   -8.712    0.613  1.00075  *
*  48)    5.431   (  0, 24)        0.774  0.99681   -8.712    0.613  1.00075  *
*  49)    4.766   ( 25,  0)       -0.101  0.99693   -8.053    0.527  1.00078  *
*  50)    4.766   (  0, 25)       -0.101  0.99693   -8.053    0.527  1.00078  *
*  51)    4.218   (  0, 26)       -0.067  0.99608   -7.501    0.527  1.00107  *
*  52)    4.218   ( 26,  0)       -0.067  0.99608   -7.501    0.527  1.00107  *
*  53)    4.132   ( 27,  0)       -0.195  0.99556   -7.411    0.549  1.00122  *
*  54)    4.132   (  0, 27)       -0.195  0.99556   -7.411    0.549  1.00122  *
*  55)    3.178   (  0, 28)       -0.255  0.99082   -6.435    0.606  1.00290  *
*  56)    3.178   ( 28,  0)       -0.255  0.99082   -6.435    0.606  1.00290  *
*  57)    2.895   (  0, 29)        0.354  0.97208   -6.050    0.954  1.00930  *
*  58)    2.895   ( 29,  0)        0.354  0.97208   -6.050    0.954  1.00930  *
*  59)    2.769   ( 30,  0)        0.334  0.98950   -6.027    0.565  1.00352  *
*  60)    2.769   (  0, 30)        0.334  0.98950   -6.027    0.565  1.00352  *
*  61)    1.330   (  0, 31)       -0.126  0.95524   -4.527    0.550  1.01954  *
*  62)    1.330   ( 31,  0)       -0.126  0.95524   -4.527    0.550  1.01954  *
*  63)    1.131   (  0, 32)       -0.010  0.93053   -4.290    0.575  1.03201  *
*  64)    1.131   ( 32,  0)       -0.010  0.93053   -4.290    0.575  1.03201  *
*  65)    2.097   ( 33,  0)        0.383  0.52224   -3.409    2.095  1.27988  *
*  66)    2.097   (  0, 33)        0.383  0.52224   -3.409    2.095  1.27988  *
*  67)    0.548   (  0, 34)       -0.008  0.47836   -3.292    0.547  1.43298  *
*  68)    0.548   ( 34,  0)       -0.008  0.47836   -3.292    0.547  1.43298  *
*  69)    2.119   (  0, 35)        0.556  0.47754   -3.221    2.117  1.32374  *
*  70)    2.119   ( 35,  0)        0.556  0.47754   -3.221    2.117  1.32374  *
*  71)    0.564   (  0, 36)       -0.402  0.38927   -3.191    0.550  1.58686  *
*  72)    0.564   ( 36,  0)       -0.402  0.38927   -3.191    0.550  1.58686  *
*  73)    0.755   (  0, 37)        0.720  0.15603   -2.797    0.548  2.49318  *
*  74)    0.755   ( 37,  0)        0.720  0.15603   -2.797    0.548  2.49318  *
*  75)    1.055   (  0, 38)       -0.169  0.06928   -2.407    0.536  3.70448  *
*  76)    1.055   ( 38,  0)       -0.169  0.06928   -2.407    0.536  3.70448  *
*  77)    2.114   (  0, 39)        0.059  0.01270   -1.256    0.473  6.03425  *
*  78)    2.114   ( 39,  0)        0.059  0.01270   -1.256    0.473  6.03425  *
*  79)    2.268   ( 40,  0)       -0.173  0.01636   -1.122    0.575  4.68137  *
*  80)    2.268   (  0, 40)       -0.173  0.01636   -1.122    0.575  4.68137  *
*  81)    2.628   (  0, 41)       -0.240  0.01048   -0.743    0.535  3.68149  *
*  82)    2.628   ( 41,  0)       -0.240  0.01048   -0.743    0.535  3.68149  *
*  83)    2.769   ( 42,  0)       -0.110  0.02881   -0.706    0.926  2.84356  *
*  84)    2.769   (  0, 42)       -0.110  0.02881   -0.706    0.926  2.84356  *
*  85)    3.452   (  0, 43)        0.003  0.00690    0.088    0.572  2.34820  *
*  86)    3.452   ( 43,  0)        0.003  0.00690    0.088    0.572  2.34820  *
*  87)    3.622   ( 44,  0)        0.777  0.00580    0.264    0.550  2.22035  *
*  88)    3.622   (  0, 44)        0.777  0.00580    0.264    0.550  2.22035  *
*  89)    4.469   ( 45,  0)       -0.486  0.00461    1.111    0.605  1.81277  *
*  90)    4.469   (  0, 45)       -0.486  0.00461    1.111    0.605  1.81277  *
*  91)    4.680   ( 46,  0)        0.316  0.00327    1.333    0.535  1.75294  *
*  92)    4.680   (  0, 46)        0.316  0.00327    1.333    0.535  1.75294  *
*  93)    6.361   (  0, 47)        0.781  0.00201    3.019    0.569  1.46447  *
*  94)    6.361   ( 47,  0)        0.781  0.00201    3.019    0.569  1.46447  *
*  95)    6.588   (  0, 48)        0.179  0.00100    3.259    0.416  1.44251  *
*  96)    6.588   ( 48,  0)        0.179  0.00100    3.259    0.416  1.44251  *
*  97)    6.931   ( 49,  0)       -0.160  0.00150    3.595    0.537  1.41111  *
*  98)    6.931   (  0, 49)       -0.160  0.00150    3.595    0.537  1.41111  *
*  99)    7.428   (  0, 50)       -0.102  0.00112    4.096    0.498  1.37367  *
* 100)    7.428   ( 50,  0)       -0.102  0.00112    4.096    0.498  1.37367  *
* 101)    7.588   (  0, 51)        0.096  0.00124    4.253    0.534  1.36290  *
* 102)    7.588   ( 51,  0)        0.096  0.00124    4.253    0.534  1.36290  *
* 103)    7.977   (  0, 52)        0.093  0.00194    4.630    0.702  1.33871  *
* 104)    7.977   ( 52,  0)        0.093  0.00194    4.630    0.702  1.33871  *
* 107)    8.012   ( 54,  0)        0.011  0.00116    4.678    0.546  1.33725  *
* 108)    8.012   (  0, 54)        0.011  0.00116    4.678    0.546  1.33725  *
* 109)    8.048   ( 55,  0)        0.100  0.00083    4.719    0.463  1.33547  *
* 110)    8.048   (  0, 55)        0.100  0.00083    4.719    0.463  1.33547  *
* 111)    8.787   ( 56,  0)       -0.002  0.00247    5.428    0.873  1.29794  *
* 112)    8.787   (  0, 56)       -0.002  0.00247    5.428    0.873  1.29794  *
* 113)    9.094   (  0, 57)       -0.138  0.00076    5.764    0.501  1.28593  *
* 114)    9.094   ( 57,  0)       -0.138  0.00076    5.764    0.501  1.28593  *
* 115)    9.261   ( 58,  0)       -0.833  0.00668    5.821    1.509  1.27634  *
* 116)    9.261   (  0, 58)       -0.833  0.00668    5.821    1.509  1.27634  *
* 117)    9.196   (  0, 59)       -0.023  0.00074    5.866    0.500  1.28190  *
* 118)    9.196   ( 59,  0)       -0.023  0.00074    5.866    0.500  1.28190  *
* 119)    9.816   ( 60,  0)       -0.302  0.00089    6.483    0.585  1.25939  *
* 120)    9.816   (  0, 60)       -0.302  0.00089    6.483    0.585  1.25939  *
* 121)    9.913   ( 61,  0)        0.030  0.00074    6.582    0.538  1.25628  *
* 122)    9.913   (  0, 61)        0.030  0.00074    6.582    0.538  1.25628  *
*                                                                             *
*1246)   TOTAL=  ( 623, 623)                                                  *
*                                                                             *
*******************************************************************************

*******************************************************************************
*                                                                             *
*  SINGLE-PARTICLE PROPERTIES: CANONICAL                            PROTONS   *
*                                                                             *
*******************************************************************************
*                                                                             *
*  NO)   ENERGY   (S=+,S=-)   | N,nz,lz,OMEz>   <P>    <JY>    <SY>   GFACT   *
*                                                                             *
*  19)  -11.716   ( 19,---)   | 5, 3, 2, 5/2>   -10  -0.000   0.000  -0.040   *
*  20)  -11.582   ( 20,---)   | 8, 8, 0, 1/2>    17  -0.709  -0.248   0.349   *
*  21)  -10.960   ( 21,---)   | 9, 8, 1, 3/2>   -80   0.000   0.000   0.160   *
*  22)  -10.291   ( 22,---)   | 5, 3, 0, 1/2>   -11  -0.411  -0.294   0.716   *
*  23)  -10.135   ( 23,---)   | 3, 1, 2, 5/2>    14   0.000   0.000   0.378   *
*  24)   -9.034   ( 24,---)   | 5, 2, 3, 7/2>    -1  -0.000  -0.000   0.192   *
*  25)   -8.411   ( 25,---)   | 4, 3, 1, 3/2>    12   0.005  -0.000  -0.036   *
*  26)   -7.871   ( 26,---)   | 2, 0, 0, 1/2>   -34  -0.555  -0.380   0.686   *
*  27)   -7.684   ( 27,---)   | 3, 2, 1, 3/2>   -14  -0.000   0.000 -3.E+01   *
*  28)   -7.064   ( 28,---)   | 2, 0, 2, 3/2>    10  -0.000   0.000  -0.889   *
*  29)   -6.753   ( 29,---)   | 2, 0, 2, 5/2>    19   0.000   0.000   0.007   *
*  30)   -6.266   ( 30,---)   | 6, 4, 2, 3/2>    40  -0.001   0.001  -0.448   *
*  31)   -6.061   ( 31,---)   | 8, 7, 1, 1/2>    31  -0.740  -0.260   0.351   *
*  32)   -5.356   ( 32,---)   | 2, 0, 0, 1/2>    42  -0.307  -0.324   1.055   *
*  33)   -4.174   ( 33,---)   | 5, 2, 1, 1/2>    -2   0.056  -0.110  -1.946   *
*  34)   -3.782   ( 34,---)   | 8, 6, 2, 5/2>    36  -0.000   0.000  -0.199   *
*  35)   -3.645   ( 35,---)   | 6, 3, 1, 3/2>    -2  -0.000  -0.000   0.208   *
*  36)   -3.378   ( 36,---)   | 5, 2, 3, 5/2>    20   0.000   0.000   0.059   *
*  37)   -2.995   ( 37,---)   | 2, 0, 0, 1/2>   -20  -0.753  -0.447   0.593   *
*  38)   -1.233   ( 38,---)   |10,10, 0, 1/2>    45  -1.227  -0.406   0.331   *
*  39)   -1.202   ( 39,---)   | 6, 3, 3, 7/2>     6  -0.000  -0.000   0.347   *
*  40)   -1.141   ( 40,---)   | 3, 1, 2, 3/2>   -47  -0.000   0.000  -0.310   *
*  41)   -0.692   ( 41,---)   | 7, 4, 3, 7/2>   -24  -0.000  -0.000   0.088   *
*  42)   -0.586   ( 42,---)   | 9, 8, 1, 1/2>   -79   0.119  -0.134  -1.118   *
*                                                                             *
*******************************************************************************

*******************************************************************************
*                                                                             *
*  HFB PAIRING PROPERTIES                                            PROTONS  *
*                                                                             *
*  STRENGTH= 0.0293   GAP= 0.5464   FERMI ENERGY= -1.2917   ENERGY= -10.1846  *
*                                                                             *
*******************************************************************************

*******************************************************************************
*                                                                             *
*  MULTIPOLE MOMENTS [UNITS:  (10 FERMI)^LAMBDA]                     PROTONS  *
*                                                                             *
*******************************************************************************
*                                                                             *
*  Q00 = 78.0000  .............  .............  .............  .............  *
*                                                                             *
*  Q10 = -4.5171  Q11 =    ZERO  .............  .............  .............  *
*                                                                             *
*  Q20 = 47.7046  Q21 =    ZERO  Q22 = 4.1E-06  .............  .............  *
*                                                                             *
*  Q30 =  0.9703  Q31 =    ZERO  Q32 = 7.1E-06  Q33 =    ZERO  .............  *
*                                                                             *
*  Q40 =  7.9410  Q41 =    ZERO  Q42 = 2.5E-06  Q43 =    ZERO  Q44 =-2.0E-07  *
*                                                                             *
*******************************************************************************

*******************************************************************************
*                                                                             *
*  ROOT-MEAN-SQUARE AND GEOMETRIC SIZES IN FERMIS                    PROTONS  *
*                                                                             *
*  R_RMS =  6.6860     X_RMS =  2.1696    Y_RMS =  2.1696    Z_RMS =  5.9403  *
*                                                                             *
*  R_GEO =  8.6315     X_GEO =  4.8515    Y_GEO =  4.8515    Z_GEO = 13.2829  *
*                                                                             *
*******************************************************************************

*******************************************************************************
*                                                                             *
*  BOHR DEFORMATIONS (FIRST-ORDER APPROXIMATION)                     PROTONS  *
*                                                                             *
*******************************************************************************
*                                                                             *
*  B10 = -0.1373  B11 =    ZERO  .............  .............  .............  *
*                                                                             *
*  B20 =  1.0845  B21 =    ZERO  B22 = 9.2E-08  .............  .............  *
*                                                                             *
*  B30 =  0.0810  B31 =    ZERO  B32 = 8.4E-07  B33 =    ZERO  .............  *
*                                                                             *
*  B40 =  0.7683  B41 =    ZERO  B42 = 3.5E-07  B43 =    ZERO  B44 =-2.7E-08  *
*                                                                             *
*******************************************************************************
*                                                                             *
*  BOHR DENSITY = 0.0290 FM^(-3)  BOHR RADIUS =   8.6315 FM                   *
*                                                                             *
*******************************************************************************

*******************************************************************************
*                                                                             *
*                  DENSITY INTEGRALS IN THE SKYRME FUNCTIONAL                 *
*                                                                             *
*******************************************************************************
*                                                                             *
*                   TOTAL(T)        SUM(S)      ISOSCALAR(P)  ISOVECTOR(M)    *
*                   --------        ------      ------------  ------------    *
*    DRHO_ =       23.194802     11.715230         23.194802      0.235658    *
*    DRHOD =       11.344009      5.726756         11.344009      0.109503    *
*    DLPR_ =       -5.946276     -3.012250         -5.946276     -0.078223    *
*    DTAU_ =       22.228144     11.286901         22.228144      0.345658    *
*    DSCU_ =        0.189408      0.112435          0.189408      0.035462    *
*    DDIV_ =        1.231048      0.627874          1.231048      0.024701    *
*                                                                             *
*    DSPI_ =        0.000000      0.000000          0.000000      0.000000    *
*    DSPID =        0.000000      0.000000          0.000000      0.000000    *
*    DLPS_ =        0.000000      0.000000          0.000000      0.000000    *
*    DCUR_ =        0.000000      0.000000          0.000000      0.000000    *
*    DKIS_ =        0.000000      0.000000          0.000000      0.000000    *
*    DROT_ =        0.000000      0.000000          0.000000      0.000000    *
*                                                                             *
*******************************************************************************

*******************************************************************************
*                                                                             *
*               CONTRIBUTIONS TO ENERGY IN THE SKYRME FUNCTIONAL              *
*                                                                             *
*******************************************************************************
*                                                                             *
*                 TOTAL(T)        SUM(S)        ISOSCALAR(P)  ISOVECTOR(M)    *
*                 --------        ------        ------------  ------------    *
*    ERHO_ =   -20737.546416   6306.490889     -14494.484816     63.429289    *
*    ERHOD =    11437.184625  -2905.549160       8559.414311    -27.778846    *
*    ELPR_ =     -584.728938    867.136799        271.148794     11.259067    *
*    ETAU_ =      736.997715   -544.836033        200.504405     -8.342723    *
*    ESCU_ =        0.000000      0.000000          0.000000      0.000000    *
*    EDIV_ =      -27.124712    -65.189129        -91.031545     -1.282296    *
*               ============  ============      ============  ============    *
*    SUM EVEN:  -9175.217725   3658.053366      -5554.448850     37.284491    *
*                                                                             *
*    ESPI_ =        0.000000      0.000000          0.000000      0.000000    *
*    ESPID =        0.000000      0.000000          0.000000      0.000000    *
*    ELPS_ =        0.000000      0.000000          0.000000      0.000000    *
*    ECUR_ =        0.000000      0.000000          0.000000      0.000000    *
*    EKIS_ =        0.000000      0.000000          0.000000      0.000000    *
*    EROT_ =        0.000000      0.000000          0.000000      0.000000    *
*               ============  ============      ============  ============    *
*    SUM  ODD:      0.000000      0.000000          0.000000      0.000000    *
*                                                                             *
*******************************************************************************
 
*******************************************************************************
*                                                                             *
*  CENTER-OF-MASS COORDINATES IN FERMIS                                TOTAL  *
*                                                                             *
*  R_CMS =  0.6246     X_CMS = -0.0000    Y_CMS =  0.0000    Z_CMS = -0.6246  *
*                                                                             *
*******************************************************************************

*******************************************************************************
*                                                                             *
*  MULTIPOLE MOMENTS [UNITS:  (10 FERMI)^LAMBDA] [CENT-MASS FRAME]  NEUTRONS  *
*                                                                             *
*******************************************************************************
*                                                                             *
*  Q00 = 98.0000  .............  .............  .............  .............  *
*                                                                             *
*  Q10 = -0.3548  Q11 =    ZERO  .............  .............  .............  *
*                                                                             *
*  Q20 = 59.0173  Q21 =    ZERO  Q22 =-4.6E-06  .............  .............  *
*                                                                             *
*  Q30 =  5.0037  Q31 =    ZERO  Q32 = 1.3E-06  Q33 =    ZERO  .............  *
*                                                                             *
*  Q40 = 10.7130  Q41 =    ZERO  Q42 =-1.6E-06  Q43 =    ZERO  Q44 =-1.1E-07  *
*                                                                             *
*******************************************************************************

*******************************************************************************
*                                                                             *
*  BOHR DEFORMATIONS (FIRST-ORDER APPROXIMATION) [CENT-MASS FRAME]  NEUTRONS  *
*                                                                             *
*******************************************************************************
*                                                                             *
*  B10 = -0.0078  B11 =    ZERO  .............  .............  .............  *
*                                                                             *
*  B20 =  0.8856  B21 =    ZERO  B22 =-6.9E-08  .............  .............  *
*                                                                             *
*  B30 =  0.2512  B31 =    ZERO  B32 = 9.4E-08  B33 =    ZERO  .............  *
*                                                                             *
*  B40 =  0.5674  B41 =    ZERO  B42 =-1.2E-07  B43 =    ZERO  B44 =-7.9E-09  *
*                                                                             *
*******************************************************************************
*                                                                             *
*  BOHR DENSITY = 0.0275 FM^(-3)  BOHR RADIUS =   9.4782 FM                   *
*                                                                             *
*******************************************************************************

*******************************************************************************
*                                                                             *
*  MULTIPOLE MOMENTS [UNITS:  (10 FERMI)^LAMBDA] [CENT-MASS FRAME]   PROTONS  *
*                                                                             *
*******************************************************************************
*                                                                             *
*  Q00 = 78.0000  .............  .............  .............  .............  *
*                                                                             *
*  Q10 =  0.3548  Q11 =    ZERO  .............  .............  .............  *
*                                                                             *
*  Q20 = 47.1846  Q21 =    ZERO  Q22 = 4.1E-06  .............  .............  *
*                                                                             *
*  Q30 =  4.2808  Q31 =    ZERO  Q32 = 7.3E-06  Q33 =    ZERO  .............  *
*                                                                             *
*  Q40 =  8.6856  Q41 =    ZERO  Q42 = 4.3E-06  Q43 =    ZERO  Q44 =-2.0E-07  *
*                                                                             *
*******************************************************************************

*******************************************************************************
*                                                                             *
*  BOHR DEFORMATIONS (FIRST-ORDER APPROXIMATION) [CENT-MASS FRAME]   PROTONS  *
*                                                                             *
*******************************************************************************
*                                                                             *
*  B10 =  0.0100  B11 =    ZERO  .............  .............  .............  *
*                                                                             *
*  B20 =  0.9236  B21 =    ZERO  B22 = 7.9E-08  .............  .............  *
*                                                                             *
*  B30 =  0.2856  B31 =    ZERO  B32 = 6.8E-07  B33 =    ZERO  .............  *
*                                                                             *
*  B40 =  0.6230  B41 =    ZERO  B42 = 4.4E-07  B43 =    ZERO  B44 =-2.0E-08  *
*                                                                             *
*******************************************************************************
*                                                                             *
*  BOHR DENSITY = 0.0231 FM^(-3)  BOHR RADIUS =   9.3021 FM                   *
*                                                                             *
*******************************************************************************

*******************************************************************************
*                                                                             *
*  EULER ANGLES OF THE PRINCIPAL-AXES FRAME IN DEGREES                 TOTAL  *
*                                                                             *
*  ALPHA = 90.00000  BETA =  0.00000  GAMMA =  0.00000                        *
*                                                                             *
*******************************************************************************

*******************************************************************************
*                                                                             *
*  ROOT-MEAN-SQUARE AND GEOMETRIC SIZES IN FERMIS                      TOTAL  *
*                                                                             *
*  R_RMS =  6.7226     X_RMS =  2.2085    Y_RMS =  2.2085    Z_RMS =  5.9530  *
*                                                                             *
*  R_GEO =  8.6788     X_GEO =  4.9383    Y_GEO =  4.9383    Z_GEO = 13.3114  *
*                                                                             *
*******************************************************************************

*******************************************************************************
*                                                                             *
*  MULTIPOLE MOMENTS [UNITS:  (10 FERMI)^LAMBDA]                       TOTAL  *
*                                                                             *
*******************************************************************************
*                                                                             *
*  Q00 =176.0000  .............  .............  .............  .............  *
*                                                                             *
*  Q10 =-10.9931  Q11 =    ZERO  .............  .............  .............  *
*                                                                             *
*  Q20 =107.5752  Q21 =    ZERO  Q22 =-5.4E-07  .............  .............  *
*                                                                             *
*  Q30 =  1.8261  Q31 =    ZERO  Q32 = 8.6E-06  Q33 =    ZERO  .............  *
*                                                                             *
*  Q40 = 17.8226  Q41 =    ZERO  Q42 = 5.8E-07  Q43 =    ZERO  Q44 =-3.0E-07  *
*                                                                             *
*******************************************************************************

*******************************************************************************
*                                                                             *
*  BOHR DEFORMATIONS (FIRST-ORDER APPROXIMATION)                       TOTAL  *
*                                                                             *
*******************************************************************************
*                                                                             *
*  B10 = -0.1473  B11 =    ZERO  .............  .............  .............  *
*                                                                             *
*  B20 =  1.0721  B21 =    ZERO  B22 =-5.4E-09  .............  .............  *
*                                                                             *
*  B30 =  0.0665  B31 =    ZERO  B32 = 4.4E-07  B33 =    ZERO  .............  *
*                                                                             *
*  B40 =  0.7477  B41 =    ZERO  B42 = 3.4E-08  B43 =    ZERO  B44 =-1.8E-08  *
*                                                                             *
*******************************************************************************
*                                                                             *
*  BOHR DENSITY = 0.0643 FM^(-3)  BOHR RADIUS =   8.6788 FM                   *
*                                                                             *
*******************************************************************************

*******************************************************************************
*                                                                             *
*  MULTIPOLE MOMENTS [UNITS:  (10 FERMI)^LAMBDA] [CENT-MASS FRAME]     TOTAL  *
*                                                                             *
*******************************************************************************
*                                                                             *
*  Q00 =176.0000  .............  .............  .............  .............  *
*                                                                             *
*  Q10 =    ZERO  Q11 =    ZERO  .............  .............  .............  *
*                                                                             *
*  Q20 =106.2019  Q21 =    ZERO  Q22 =-5.4E-07  .............  .............  *
*                                                                             *
*  Q30 =  9.2845  Q31 =    ZERO  Q32 = 8.6E-06  Q33 =    ZERO  .............  *
*                                                                             *
*  Q40 = 19.3987  Q41 =    ZERO  Q42 = 2.7E-06  Q43 =    ZERO  Q44 =-3.0E-07  *
*                                                                             *
*******************************************************************************

*******************************************************************************
*                                                                             *
*  BOHR DEFORMATIONS (FIRST-ORDER APPROXIMATION) [CENT-MASS FRAME]     TOTAL  *
*                                                                             *
*******************************************************************************
*                                                                             *
*  B10 =    ZERO  B11 =    ZERO  .............  .............  .............  *
*                                                                             *
*  B20 =  0.9021  B21 =    ZERO  B22 =-4.6E-09  .............  .............  *
*                                                                             *
*  B30 =  0.2660  B31 =    ZERO  B32 = 3.5E-07  B33 =    ZERO  .............  *
*                                                                             *
*  B40 =  0.5913  B41 =    ZERO  B42 = 1.2E-07  B43 =    ZERO  B44 =-1.3E-08  *
*                                                                             *
*******************************************************************************
*                                                                             *
*  BOHR DENSITY = 0.0506 FM^(-3)  BOHR RADIUS =   9.4004 FM                   *
*                                                                             *
*******************************************************************************

*******************************************************************************
*                                                                             *
*  MULTIPOLE MOMENTS [UNITS:  (10 FERMI)^LAMBDA] [INTRINSIC FRAME]     TOTAL  *
*                                                                             *
*  REAL PART  FOR A NON-NEGATIVE PROJECTION                                   *
*  IMAGINARY PART FOR A NEGATIVE PROJECTION                                   *
*                                                                             *
*******************************************************************************
*                                                                             *
*  Q00 =176.0000  .............  .............  .............  .............  *
*                 .............  .............  .............  .............  *
*                                                                             *
*  Q10 =    ZERO  Q1+1=    ZERO  .............  .............  .............  *
*                 Q1-1=    ZERO  .............  .............  .............  *
*                                                                             *
*  Q20 =106.2019  Q2+1=    ZERO  Q2+2= 5.4E-07  .............  .............  *
*                 Q2-1=    ZERO  Q2-2=    ZERO  .............  .............  *
*                                                                             *
*  Q30 =  9.2845  Q3+1=    ZERO  Q3+2=-8.6E-06  Q3+3=    ZERO  .............  *
*                 Q3-1=    ZERO  Q3-2=    ZERO  Q3-3=    ZERO  .............  *
*                                                                             *
*  Q40 = 19.3987  Q4+1=    ZERO  Q4+2=-2.7E-06  Q4+3=    ZERO  Q4+4=-3.0E-07  *
*                 Q4-1=    ZERO  Q4-2=    ZERO  Q4-3=    ZERO  Q4-4=    ZERO  *
*                                                                             *
*******************************************************************************

*******************************************************************************
*                                                                             *
*  BOHR DEFORMATIONS (FIRST-ORDER APPROXIMATION) [INTRINSIC FRAME]     TOTAL  *
*                                                                             *
*  REAL PART  FOR A NON-NEGATIVE PROJECTION                                   *
*  IMAGINARY PART FOR A NEGATIVE PROJECTION                                   *
*                                                                             *
*******************************************************************************
*                                                                             *
*  B10 =    ZERO  B1+1=    ZERO  .............  .............  .............  *
*                 B1-1=    ZERO  .............  .............  .............  *
*                                                                             *
*  B20 =  0.9021  B2+1=    ZERO  B2+2= 4.6E-09  .............  .............  *
*                 B2-1=    ZERO  B2-2=    ZERO  .............  .............  *
*                                                                             *
*  B30 =  0.2660  B3+1=    ZERO  B3+2=-3.5E-07  B3+3=    ZERO  .............  *
*                 B3-1=    ZERO  B3-2=    ZERO  B3-3=    ZERO  .............  *
*                                                                             *
*  B40 =  0.5913  B4+1=    ZERO  B4+2=-1.2E-07  B4+3=    ZERO  B4+4=-1.3E-08  *
*                 B4-1=    ZERO  B4-2=    ZERO  B4-3=    ZERO  B4-4=    ZERO  *
*                                                                             *
*******************************************************************************
*                                                                             *
*  BOHR DENSITY = 0.0506 FM^(-3)  BOHR RADIUS =   9.4004 FM                   *
*                                                                             *
*******************************************************************************

*******************************************************************************
*                                                                             *
*                                ENERGIES (MEV)                               *
*                                                                             *
*******************************************************************************
*                                                                             *
*  KINETIC: (NEU)=  2009.249291    (PRO)=  1451.823066    (TOT)=  3461.072357 *
*  SUM EPS: (NEU)= -1767.492754    (PRO)=  -999.722360    (TOT)= -2767.215114 *
*  PAIRING: (NEU)=   -16.134576    (PRO)=   -10.184621    (TOT)=   -26.319196 *
*  P-REARR: (NEU)=     4.108358    (PRO)=     2.707494    (TOT)=     6.815852 *
*                                                                             *
*  PAIRGAP: (NEU)=     0.413829    (PRO)=     0.546370    THIS SPACE IS EMPTY *
*  E-FERMI: (NEU)=    -5.364623    (PRO)=    -1.291748    AND AWAITS  YOUR AD *
*                                                                             *
*  COULOMB: (DIR)=   728.760116    (EXC)=   -31.610115    (TOT)=   697.150001 *
*                                                                             *
*  CONSTR. (MULT)=   957.935889    SLOPE=  -998.779869    CORR.=   499.389935 *
*  CONSTR. (SURF)=     0.000000    SLOPE=     0.000000    CORR.=     0.000000 *
*  CONSTR. (SPIN)=     0.000000    SLOPE=     0.000000    CORR.=     0.000000 *
*  CONSTR. (ISOS)=     0.000000    SLOPE=     0.000000    CORR.=     0.000000 *
*                                                                             *
*  REARRANGEMENT ENERGY FROM THE SKYRME DENSITY-DEPENDENT TERMS=  1606.422979 *
*  ROUTHIAN= TOTAL ENERGY + MULTIPOLE AND (ISO)SPIN CONSTRAINTS=  -427.325309 *
*                                                                             *
*  SPIN-ORB (EVE)=   -92.313841    (ODD)=     0.000000    (TOT)=   -92.313841 *
*  SKYRME:  (EVE)= -5517.164359    (ODD)=     0.000000    (TOT)= -5517.164359 *
*                                                                             *
*  TOTAL:  (STAB)=  -417.294848     (SP)= -1802.556046    (FUN)= -1385.261198 *
*                                                                             *
*******************************************************************************

*******************************************************************************
*                                                                             *
*  ITERATION RESTARTED FROM THE DISC, THE FOLLOWING FILE(S) READ:             *
*  ./restart/HFODD_00000081.REC                                        VER=19 *
*                                                                             *
*******************************************************************************
*                                                                             *
* CONVERGENCE REPORT                                                          *
*                                                                             *
*******************************************************************************
*                                                                             *
* ITER     ENERGY     STABILITY    Q_2    GAMMA   SPIN  OMEGA   ANGLE   EPAIR *
*                                                                             *
* 1516 -1385.261198 -417.294848 106.202    0.00   0.00  0.000   0.000  -26.32 *
* 1517 -1198.692737   55.611559  72.293    0.00   0.00  0.000   0.000  -29.74 *
* 1518 -1046.859673  276.923334  50.613    0.00   0.00  0.000   0.000  -10.52 *
* 1519 -1090.982442  168.683314  58.605    0.00   0.00  0.000   0.000  -12.23 *
* 1520 -1087.876147  201.663783  57.832    0.00   0.00  0.000   0.000  -13.75 *
* 1521 -1083.846951  185.295682  58.266    0.00   0.00  0.000   0.000  -13.33 *
* 1522 -1022.925620  296.746381  45.077    0.00   0.00  0.000   0.000   -9.39 *
* 1523  -994.590714  320.666883  39.719    0.00   0.00  0.000   0.000   -8.58 *
* 1524 -1013.645458  311.779087  42.148    0.00   0.00  0.000   0.000   -9.94 *
* 1525 -1014.725536  321.860339  43.822    0.00   0.00  0.000   0.000  -10.12 *
* 1526  -947.211130  400.813736  39.321    0.00   0.00  0.000   0.000   -7.42 *
* 1527  -963.805823  338.802217  40.980    0.00   0.00  0.000   0.000  -10.33 *
* 1528  -600.633877  814.112884  45.447   60.00   0.00  0.000   0.000   -1.22 *
* 1529  -648.377434  898.548908  47.588   60.00   0.00  0.000   0.000  -12.82 *
* 1530  -676.273475    1.22E+03  47.301   60.00   0.00  0.000   0.000  -12.65 *
* 1531  -551.725994    1.71E+03  57.907   60.00   0.00  0.000   0.000  -10.08 *
* 1532  -379.135073    5.13E+03  74.969   59.99   0.00  0.000   0.000   -5.43 *
* 1533   251.426524    1.83E+03 138.617   59.98   0.00  0.000   0.000   -0.48 *
* 1534   112.013522   -1.10E+04  75.946   60.00   0.00  0.000   0.000  -18.49 *
* 1535  2461.113803    1.57E+03  13.668    0.00   0.00  0.000   0.000   -0.36 *
* 1536  2372.308496   -3.38E+04   6.591    0.01   0.00  0.000   0.000   -0.42 *
* 1537  3938.511027   -5.98E+05 124.538   59.97   0.00  0.000   0.000 -293.14 *

 //////////////////// MAXIMUM NUMBER OF ITERATIONS       ////////////////////
 //////////////////// EXCEEDED IN QUABCS                 ////////////////////

*******************************************************************************
*                                                                             *
*  PROCESSOR   EXECUTION  TIMES IN SUBROUTINES                                *
*  INCLUDING THEIR COMPLETE DOWN-CALLING TREES                                *
*                                                                             *
*******************************************************************************
*                                                                             *
*     6089 => HFODD    3185 => DENSHF   1368 => DIAMAT   1250 => HFBSIM       *
*                                                                             *
*      576 => QMULCM    323 => PAIMAC    283 => CANQUA    237 => RECORD       *
*                                                                             *
*      110 => AVEQUA     42 => INTEGH     37 => INTSOR     36 => INTEGD       *
*                                                                             *
*       31 => DENMAC     20 => MOMETS     20 => DOBROY     20 => INTMUL       *
*                                                                             *
*       13 => BEGINC     13 => SKFILD      9 => ROTAVR      9 => INTMAS       *
*                                                                             *
*        9 => LINAVR      7 => SPAVER      6 => COUMAT      6 => INTCOU       *
*                                                                             *
*        5 => AVOBSE      4 => INTCEN      3 => NILASP      2 => SKPAIR       *
*                                                                             *
*        2 => POWALL      2 => AVANGY      0 => INTKIN      0 => AVPARI       *
*                                                                             *
*        0 => QUABCS      0 => SHICOE      0 => AVSIMP      0 => PAXMOM       *
*                                                                             *
*        0 => MOMSIF      0 => SPIMOM      0 => MOMVMU      0 => MAGMOM       *
*                                                                             *
*        0 => SHIMOM      0 => SHISIF      0 => SHIMAG                        *
*                                                                             *
*******************************************************************************
*                                                                             *
*  NUMBERS OF CALLS TO SUBROUTINES                                            *
*                                                                             *
*******************************************************************************
*                                                                             *
*     1013 => BEGINC    842 => INTMUL    270 => INTSOR    111 => DIAMAT       *
*                                                                             *
*       90 => INTMAS     90 => INTCEN     89 => INTKIN     88 => AVEQUA       *
*                                                                             *
*       66 => PAXMOM     45 => INTEGH     45 => INTEGD     45 => HFBSIM       *
*                                                                             *
*       45 => QUABCS     44 => CANQUA     44 => AVPARI     44 => DENSHF       *
*                                                                             *
*       44 => DENMAC     44 => PAIMAC     44 => MOMETS     44 => MOMSIF       *
*                                                                             *
*       44 => MOMVMU     44 => MAGMOM     44 => SPIMOM     44 => LINAVR       *
*                                                                             *
*       44 => ROTAVR     44 => SHICOE     23 => RECORD     23 => COUMAT       *
*                                                                             *
*       23 => INTCOU     22 => QMULCM     22 => SKFILD     22 => SKPAIR       *
*                                                                             *
*       22 => DOBROY     22 => SHIMOM     22 => SHISIF     22 => SHIMAG       *
*                                                                             *
*       14 => SPAVER      2 => AVANGY      2 => AVOBSE      2 => AVSIMP       *
*                                                                             *
*        2 => NILASP      1 => HFODD       1 => POWALL                        *
*                                                                             *
*******************************************************************************
*                                                                             *
*  EXECUTION ENDS ON 2016.09.06 AT 13:33:09.631                               *
*                                                                             *
*******************************************************************************
