*******************************************************************************
*                                                                             *
*                     P A R A L L E L    M O D E L                            *
*                                                                             *
*  SIMPLE MPI FRAMEWORK (1 COMMUNICATOR)    :  1 MPI PROCESS per HFODD TASK   *
*  MULTI-THREADING FRAMEWORK WITH OPENMP   :  4 THREADS per HFODD MPI PROCESS *
*                                                                             *
*******************************************************************************
*                                                                             *
*                        __  __ _____  ___   ____   ____                      *
*                       / / / // ___/.' _ \ / __ \ / __ \                     *
*                      / /_/ // /_  / / / // / / // / / /                     *
*                     / __  // __/ / / / // / / // / / /                      *
*                    / / / // /   / /_/ // /_/ // /_/ /                       *
*                   /_/ /_//_/    \___.'/____.'/____.'                        *
*                                                                             *
*                                                                             *
*******************************************************************************
*                                                                             *
*             SKYRME-HARTREE-FOCK-BOGOLYUBOV CODE VERSION: 2.77B              *
*                                                                             *
*              NO SYMMETRY-PLANES AND NO TIME-REVERSAL SYMMETRY               *
*                                                                             *
*                DEFORMED CARTESIAN HARMONIC-OSCILLATOR BASIS                 *
*                                                                             *
*******************************************************************************
*                                                                             *
*             J. DOBACZEWSKI, P. BACZYK, B.G. CARLSSON, J. DUDEK              *
*                 J. ENGEL, Y. GAO, M. KONIECZKA, T. LESINSKI                 *
*                 J. MCDONNELL, P. OLBRATOWSKI, P. POWALOWSKI                 *
*                  M. SADZIAK, J. SARICH, K. SATO, W. SATULA                  *
*             N. SCHUNCK,  J.A. SHEIKH, A. STASZCZAK, M. STOITSOV             *
*             P. TOIVANEN, X.B. WANG, M. ZALEWSKI AND H. ZDUNCZUK             *
*                                                                             *
*                   INSTYTUT FIZYKI TEORETYCZNEJ, WARSZAWA                    *
*                 LAWRENCE LIVERMORE NATIONAL LABORATORY, USA                 *
*                                                                             *
*                                  1993-2016                                  *
*                                                                             *
*******************************************************************************

*******************************************************************************
*                                                                             *
*  CODE COMPILED WITH THE FOLLOWING ARRAY DIMENSIONS AND SWITCHES:            *
*                                                                             *
*******************************************************************************
*                                                                             *
*  NDBASE = 1200  NDSTAT = 1200  NDXHRM =   40  NDYHRM =   40  NDZHRM =   64  *
*                                                                             *
*  NDMAIN =   30  NDMULT =    9  NDMULR =    4  NDLAMB =    9  NDITER = 5000  *
*                                                                             *
*  NDAKNO =    1  NDBKNO =    1  NDPROI =    2  NDCOUL =   80  NDPOLS =   25  *
*                                                                             *
*  NDATKN =   20  NDBTKN =   10  NDPROT =    1  NDPROD =    3                 *
*                                                                             *
*  IPARAL =    0  IPARAT =    0  I_CRAY =    0                                *
*                                                                             *
*                                                                             *
*  PRE-PROCESSOR OPTIONS:                                                     *
*                                                                             *
*       switch_port = 1     switch_diag = 3     switch_essl = 0               *
*                                                                             *
*                           switch_quad = 0     switch_vect = 1               *
*                                                                             *
*******************************************************************************
*                                                                             *
*  EXECUTION BEGINS ON 2016.09.06 AT 12:59:14.367                             *
*                                                                             *
*******************************************************************************
 
*******************************************************************************
*                                                                             *
*  CLASSICAL NUCLEAR SURFACE DEFINED FOR:                    N = 98   Z = 78  *
*                                                                             *
*******************************************************************************
*                                                                             *
*  AL10 =   ZERO  AL11 =   ZERO  .............  .............  .............  *
*                                                                             *
*  AL20 =  0.665  AL21 =   ZERO  AL22 =   ZERO  .............  .............  *
*                                                                             *
*******************************************************************************
*                                                                             *
*                                           HOMEGA=  7.0135  FCHOM0=  0.9586  *
*                                                                             *
*  OSCILLATOR FREQUENCIES: HBAROX=  8.5038  HBAROY=  8.5038  HBAROZ=  4.7707  *
*                                                                             *
*  MOMENTS OF INERTIA:     XMOMFC=115.5147  YMOMFC=115.5147  ZMOMFC= 55.3048  *
*                                                                             *
*  CENTERS OF MASS:        CMSXFC= -0.0000  CMSYFC= -0.0000  CMSZFC= -0.0000  *
*                                                                             *
*******************************************************************************

*******************************************************************************
*                                                                             *
*                           SKYRME FORCE DEFINITION                           *
*                                                                             *
*******************************************************************************
*                                                                             *
* PARAMETER SET HFB1:  T0= -1666.41  T1=   255.23  T2=  1521.28  T3= 12072.51 *
*                                                                             *
* POWER=0.37658031358  X0=  0.14608  X1= -4.82248  X2= -1.35211  X3=  0.00432 *
*                                                                             *
* IETA: J=0  W=1 CM=3  M=1  P=1  T=0 HBM= 20.73553 W0=  44.0677 W0P= 207.6502 *
*                                                                             *
*******************************************************************************

*******************************************************************************
*                                                                             *
*              COUPLING CONSTANTS DEFINING THE SKYRME FUNCTIONAL              *
*                                                                             *
*******************************************************************************
*                                                                             *
*                   TOTAL(T)        SUM(S)      ISOSCALAR(P)  ISOVECTOR(M)    *
*                   --------        ------      ------------  ------------    *
*    CRHO_ =     -894.060074    538.315575       -624.902286    269.157788    *
*    CRHOD =     1008.213640   -507.363897        754.531691   -253.681949    *
*    CLPR_ =       98.335311   -287.870148        -45.599763   -143.935074    *
*    CTAU_ =       33.156062    -48.271535          9.020295    -24.135768    *
*    CSCU_ =        0.000000      0.000000          0.000000      0.000000    *
*    CDIV_ =      -22.033840   -103.825096        -73.946388    -51.912548    *
*                                                                             *
*    CSPI_ =      -60.857026    416.601524        147.443736    208.300762    *
*    CSPID =        2.171385   -503.021127       -249.339179   -251.510564    *
*    CLPS_ =       51.110395     71.467295         86.844042     35.733647    *
*    CCUR_ =      -33.156062     48.271535         -9.020295     24.135768    *
*    CKIS_ =        0.000000      0.000000          0.000000      0.000000    *
*    CROT_ =      -22.033840   -103.825096        -73.946388    -51.912548    *
*                                                                             *
*******************************************************************************

*******************************************************************************
*                                                                             *
*                          NUCLEAR MATTER PROPERTIES                          *
*                                                                             *
*******************************************************************************
*                                                                             *
*     E = -15.8000  rho0 =   0.15625   K =  244.6682   Ms =    0.9364         *
*                   asym =  28.66820   L =   40.1091   Mv =    1.2498         *
*                                                                             *
*******************************************************************************

*******************************************************************************
*                                                                             *
*  PHYSICAL CONSTANTS:     H_BARC=197.32891000           HBCOE2=137.03602000  *
*                                                                             *
*                          XMASSN=938.90590000           XMASSP=938.27231000  *
*                                                                             *
*                          HBMASS= 20.73553000           HBMRPA= 20.73553000  *
*                                                                             *
*                          ECHAR2=  1.43997841           COULEX= -1.06350868  *
*                                                                             *
*******************************************************************************
*                                                                             *
*  OSCILLATOR LENGTHS:     X= 2.2083708      Y= 2.2083708       Z= 2.9484212  *
*                                                                             *
*  OSCILLATOR CONSTANTS:   X= 0.4528225      Y= 0.4528225       Z= 0.3391646  *
*                                                                             *
*  OSCILLATOR FREQUENCIES: X= 8.5038459      Y= 8.5038459       Z= 4.7706803  *
*                                                                             *
*******************************************************************************
*                                                                             *
*  BASIS CUT-OFF CONTROL PARAMETERS:  NXMAXX = 14  NYMAXX = 14  NZMAXX =  25  *
*                                                                             *
*                                     NXHERM = 36  NYHERM = 36  NZHERM =  60  *
*                                                                             *
*                                     NLIMIT=1140  LDBASE=1143  MCOUNT=29791  *
*                                                                             *
*                                     ENECUT= 800.0000      ELIMIT= 133.0556  *
*                                                                             *
*******************************************************************************

*******************************************************************************
*                                                                             *
*   SHAPE OF THE OSCILLATOR-BASIS DIAMOND    (THREE CONSECUTIVE PROJECTIONS)  *
*                                                                             *
*******************************************************************************
*                                                                             *
*        NX ===>>>  0  1  2  3  4  5  6  7  8  9 10 11 12 13 14               *
*        MAX.NY => 14 13 12 11 10  9  8  7  6  5  4  3  2  1  0               *
*                 ---------------------------------------------               *
*   NY= 0  (14)  | 25 23 22 20 18 16 14 13 11  9  7  6  4  2  0               *
*   NY= 1  (13)  | 23 22 20 18 16 14 13 11  9  7  6  4  2  0                  *
*   NY= 2  (12)  | 22 20 18 16 14 13 11  9  7  6  4  2  0                     *
*   NY= 3  (11)  | 20 18 16 14 13 11  9  7  6  4  2  0                        *
*   NY= 4  (10)  | 18 16 14 13 11  9  7  6  4  2  0                           *
*   NY= 5  ( 9)  | 16 14 13 11  9  7  6  4  2  0                              *
*   NY= 6  ( 8)  | 14 13 11  9  7  6  4  2  0                                 *
*   NY= 7  ( 7)  | 13 11  9  7  6  4  2  0                                    *
*   NY= 8  ( 6)  | 11  9  7  6  4  2  0                                       *
*   NY= 9  ( 5)  |  9  7  6  4  2  0                                          *
*   NY=10  ( 4)  |  7  6  4  2  0                                             *
*   NY=11  ( 3)  |  6  4  2  0                                                *
*   NY=12  ( 2)  |  4  2  0                                                   *
*   NY=13  ( 1)  |  2  0                                                      *
*   NY=14  ( 0)  |  0                                                         *
*                                                                             *
*                                                                             *
*        NZ ===>>>  0  1  2  3  4  5  6  7  8  9 10 11 12 13 14 15 16 17 18   *
*        MAX.NY => 14 13 13 12 12 11 11 10  9  9  8  8  7  7  6  5  5  4  4   *
*                 ---------------------------------------------------------   *
*   NY= 0  (25)  | 14 13 13 12 12 11 11 10  9  9  8  8  7  7  6  5  5  4  4   *
*   NY= 1  (23)  | 13 12 12 11 11 10 10  9  8  8  7  7  6  6  5  4  4  3  3   *
*   NY= 2  (22)  | 12 11 11 10 10  9  9  8  7  7  6  6  5  5  4  3  3  2  2   *
*   NY= 3  (20)  | 11 10 10  9  9  8  8  7  6  6  5  5  4  4  3  2  2  1  1   *
*   NY= 4  (18)  | 10  9  9  8  8  7  7  6  5  5  4  4  3  3  2  1  1  0  0   *
*   NY= 5  (16)  |  9  8  8  7  7  6  6  5  4  4  3  3  2  2  1  0  0         *
*   NY= 6  (14)  |  8  7  7  6  6  5  5  4  3  3  2  2  1  1  0               *
*   NY= 7  (13)  |  7  6  6  5  5  4  4  3  2  2  1  1  0  0                  *
*   NY= 8  (11)  |  6  5  5  4  4  3  3  2  1  1  0  0                        *
*   NY= 9  ( 9)  |  5  4  4  3  3  2  2  1  0  0                              *
*   NY=10  ( 7)  |  4  3  3  2  2  1  1  0                                    *
*   NY=11  ( 6)  |  3  2  2  1  1  0  0                                       *
*   NY=12  ( 4)  |  2  1  1  0  0                                             *
*   NY=13  ( 2)  |  1  0  0                                                   *
*   NY=14  ( 0)  |  0                                                         *
*                                                                             *
*                                                                             *
*        NZ ===>>>  0  1  2  3  4  5  6  7  8  9 10 11 12 13 14 15 16 17 18   *
*        MAX.NX => 14 13 13 12 12 11 11 10  9  9  8  8  7  7  6  5  5  4  4   *
*                 ---------------------------------------------------------   *
*   NX= 0  (25)  | 14 13 13 12 12 11 11 10  9  9  8  8  7  7  6  5  5  4  4   *
*   NX= 1  (23)  | 13 12 12 11 11 10 10  9  8  8  7  7  6  6  5  4  4  3  3   *
*   NX= 2  (22)  | 12 11 11 10 10  9  9  8  7  7  6  6  5  5  4  3  3  2  2   *
*   NX= 3  (20)  | 11 10 10  9  9  8  8  7  6  6  5  5  4  4  3  2  2  1  1   *
*   NX= 4  (18)  | 10  9  9  8  8  7  7  6  5  5  4  4  3  3  2  1  1  0  0   *
*   NX= 5  (16)  |  9  8  8  7  7  6  6  5  4  4  3  3  2  2  1  0  0         *
*   NX= 6  (14)  |  8  7  7  6  6  5  5  4  3  3  2  2  1  1  0               *
*   NX= 7  (13)  |  7  6  6  5  5  4  4  3  2  2  1  1  0  0                  *
*   NX= 8  (11)  |  6  5  5  4  4  3  3  2  1  1  0  0                        *
*   NX= 9  ( 9)  |  5  4  4  3  3  2  2  1  0  0                              *
*   NX=10  ( 7)  |  4  3  3  2  2  1  1  0                                    *
*   NX=11  ( 6)  |  3  2  2  1  1  0  0                                       *
*   NX=12  ( 4)  |  2  1  1  0  0                                             *
*   NX=13  ( 2)  |  1  0  0                                                   *
*   NX=14  ( 0)  |  0                                                         *
*                                                                             *
*******************************************************************************

*******************************************************************************
*                                                                             *
* NUCLIDE: N =  98  Z =  78  NUMBER OF ITERATIONS = 1000   CONTINUATION? = 1  *
*                                                                             *
*******************************************************************************
*                                                                             *
* ITERATIONS WILL STOP WHEN THE STABILITY BECOMES LOWER THAN EPSITE=0.300000  *
*                                            FOR    5 CONSECUTIVE ITERATIONS  *
*                                                                             *
*******************************************************************************
*                                                                             *
* ITERATIONS WILL STOP WHEN THE PING-PONG DIVERGENCE OCCURS FOR EPSPNG=0.010  *
*                                DURING    5 PAIRS OF CONSECUTIVE ITERATIONS  *
*                                                                             *
*******************************************************************************
*                                                                             *
* ITERATIONS WILL STOP FOR CHAOTIC-DIVERGENCE CONDITION OCCURING   20  TIMES  *
*                                                                             *
*******************************************************************************
*                                                                             *
* SLOW-DOWN PARAMETERS:                                                       *
* TIME-EVEN = 0.85   TIME-ODD = 0.85   PAIRING = 0.85   LIPKIN-NOGAMI = 0.85  *
*                    LIP-MASS = 0.50   LIP-MOI = 0.50   LIPKIN-METHOD = 0.50  *
*                                                                             *
*******************************************************************************
*                                                                             *
* BROYDEN METHOD IS:  ON                                                      *
*                                                                             *
*    TRIGGERED ONLY WHEN STABILITY IS LOWER THAN :  1000.000 MEV              *
*    INITIAL SLOWING FACTOR (BEFORE TRIGGER)     :     0.85 (=SLOWEV)         *
*    BROYDEN SLOWING FACTOR (AFTER  TRIGGER)     :     0.40 (=1-ALPHAM)       *
*    NUMBER OF ITERATIONS RETAINED IN MEMORY     :    10                      *
*                                                                             *
*******************************************************************************
*                                                                             *
* DIRECT COULOMB TERMS SOLVED BY GREEN FUNCTION AND FOURIER TRANSFORM METHOD  *
* COULOMB PARAMETERS:  NUMCOU = 80  NUMETA = 79  BOUCOU = 20.0  FURMAX =0.25  *
*                                                                             *
*******************************************************************************
*                                                                             *
* EXCHANGE COULOMB TERMS TREATED BY THE SLATER APPROXIMATION                  *
*                                                                             *
*******************************************************************************
*                                                                             *
* MAXIMUM NUMBERS OF MULTIPOLE MOMENTS USED FOR THE CONSTRAINTS,    NMUCON=4  *
*                                           FOR THE COULOMB FIELD,  NMUCOU=4  *
*                                           FOR THE OUTPUT INFO,    NMUPRI=4  *
*                                                                             *
*******************************************************************************
*                                                                             *
* MULTIPOLE CONSTRAINTS: LAMBDA= 2  MIU= 0  MOMENT=177.000  STIFFNESS= 0.500  *
*                        LAMBDA= 3  MIU= 0  MOMENT=  0.000  STIFFNESS= 0.500  *
*                                                                             *
*******************************************************************************
*                                                                             *
* LINEAR MULTIPOLE CONSTRAINTS: LAMBDA= 2  MIU= 0  LAGRANGE PAR. USED= 0.000  *
*                               LAMBDA= 3  MIU= 0  LAGRANGE PAR. USED= 0.000  *
*                                                                             *
*******************************************************************************
*                                                                             *
* THE LAGRANGE PARAMETERS OF THE LINEAR CONSTRAINTS ARE RE-ADJUSTED AT EACH   *
* ITERATION BY USING THE CRANKING APPROXIMATION OF THE RPA MATRIX             *
*                                                                             *
*******************************************************************************
*                                                                             *
* PRINTING THE RESULTS FOR THE FOLLOWING ITERATIONS:         THE  FIRST: YES  *
*                                                            THE MIDDLE:  NO  *
*                                                     AND/OR THE   LAST: YES  *
*                                                                             *
*******************************************************************************
*                                                                             *
* PRINTING THE MOMENTS, RADII, AND DEFORMATIONS FOR:           NEUTRONS: YES  *
*                                                              PROTONS : YES  *
*                                                              MASS    : YES  *
*                                                                             *
*******************************************************************************
*                                                                             *
* PRINTING THE MOMENTS, MOMENTA AND DEFORMATIONS IN THE INTRINSIC FRAME: YES  *
*                                                                             *
*******************************************************************************
*                                                                             *
* NILSSON LABELS OF SINGLE-PARTICLE STATES SHOWN WITH RESPECT TO THE: Z-AXIS  *
*                                                                             *
*******************************************************************************
*                                                                             *
* CALCULATIONS WITH THE HFB PAIRING CORRELATIONS                              *
*                                                                             *
*******************************************************************************
*                                                                             *
* CONTACT PAIRING INTERACTION:     V0        V1       RHO-SAT      POWER      *
*                    NEUTRONS:  -234.380   732.438     0.320     1.0000000    *
*                     PROTONS:  -260.437   813.866     0.320     1.0000000    *
*                                                                             *
*******************************************************************************
*                                                                             *
* CUTOFF ENERGY DEFINING THE ACTIVE HFB PAIRING SPACE=      60.000            *
*                                                                             *
*******************************************************************************
*                                                                             *
* CALCULATIONS WITH SIMPLEX SYMMETRY                                          *
*                                                                             *
*******************************************************************************
*                                                                             *
* CALCULATIONS WITH TIME-ODD SYMMETRIES:        T*SIMPLEX_X =>     CONSERVED  *
*                                               T*SIMPLEX_Y =>     CONSERVED  *
*                                               T*SIMPLEX_Z => NON CONSERVED  *
*                                                                             *
*******************************************************************************
*                                                                             *
* CALCULATIONS WITHOUT ROTATION                                               *
*                                                                             *
*******************************************************************************

*******************************************************************************
*                                                                             *
*  CALLING SUBROUTINE "RECORD" TO READ THE REPLAY FILE OBTAINED PREVIOUSLY    *
*  ./restart/HFODD_00000012.REC                                               *
*                                                                             *
*******************************************************************************

*******************************************************************************
*                                                                             *
*  SINGLE-QUASIPARTICLE PROPERTIES:                                NEUTRONS   *
*                                                                             *
*******************************************************************************
*                                                                             *
*  NO)   ENERGY   (S=+,S=-)       PARITY   V2QUAP   EEQUIV   DEQUIV   V_CORR  *
*                                                                             *
*  65)    9.519   ( 33,  0)       -1.000  0.98818  -18.781    2.057  0.98654  *
*  66)    9.519   (  0, 33)       -1.000  0.98818  -18.781    2.057  0.98654  *
*  67)    9.336   (  0, 34)       -1.000  0.99192  -18.672    1.671  0.99025  *
*  68)    9.336   ( 34,  0)       -1.000  0.99192  -18.672    1.671  0.99025  *
*  69)    8.930   ( 35,  0)       -1.000  0.99474  -18.323    1.291  0.99285  *
*  70)    8.930   (  0, 35)       -1.000  0.99474  -18.323    1.291  0.99285  *
*  71)    9.016   (  0, 36)        1.000  0.98821  -18.290    1.946  0.98476  *
*  72)    9.016   ( 36,  0)        1.000  0.98821  -18.290    1.946  0.98476  *
*  73)    8.762   ( 37,  0)        1.000  0.99667  -18.190    1.010  0.99520  *
*  74)    8.762   (  0, 37)        1.000  0.99667  -18.190    1.010  0.99520  *
*  75)    8.353   ( 38,  0)        1.000  0.99492  -17.755    1.187  0.99178  *
*  76)    8.353   (  0, 38)        1.000  0.99492  -17.755    1.187  0.99178  *
*  77)    9.756   ( 39,  0)       -1.000  0.90398  -17.369    5.748  0.91831  *
*  78)    9.756   (  0, 39)       -1.000  0.90398  -17.369    5.748  0.91831  *
*  79)    7.878   (  0, 40)        1.000  0.99841  -17.340    0.628  0.99688  *
*  80)    7.878   ( 40,  0)        1.000  0.99841  -17.340    0.628  0.99688  *
*  81)    7.854   ( 41,  0)       -1.000  0.99716  -17.297    0.836  0.99443  *
*  82)    7.854   (  0, 41)       -1.000  0.99716  -17.297    0.836  0.99443  *
*  83)    7.293   ( 42,  0)        1.000  0.99773  -16.747    0.694  0.99433  *
*  84)    7.293   (  0, 42)        1.000  0.99773  -16.747    0.694  0.99433  *
*  85)    6.767   ( 43,  0)        1.000  0.99616  -16.202    0.837  0.98759  *
*  86)    6.767   (  0, 43)        1.000  0.99616  -16.202    0.837  0.98759  *
*  87)    6.403   ( 44,  0)       -1.000  0.99765  -15.860    0.620  0.99023  *
*  88)    6.403   (  0, 44)       -1.000  0.99765  -15.860    0.620  0.99023  *
*  89)    5.301   (  0, 45)        1.000  0.99536  -14.739    0.720  0.94690  *
*  90)    5.301   ( 45,  0)        1.000  0.99536  -14.739    0.720  0.94690  *
*  91)    5.094   (  0, 46)        1.000  0.99651  -14.545    0.601  0.94160  *
*  92)    5.094   ( 46,  0)        1.000  0.99651  -14.545    0.601  0.94160  *
*  93)    4.909   ( 47,  0)       -1.000  0.99537  -14.351    0.667  0.90158  *
*  94)    4.909   (  0, 47)       -1.000  0.99537  -14.351    0.667  0.90158  *
*  95)    5.043   (  0, 48)        1.000  0.97955  -14.324    1.428  0.82363  *
*  96)    5.043   ( 48,  0)        1.000  0.97955  -14.324    1.428  0.82363  *
*  97)    4.782   ( 49,  0)       -1.000  0.99580  -14.229    0.619  0.88084  *
*  98)    4.782   (  0, 49)       -1.000  0.99580  -14.229    0.619  0.88084  *
*  99)    4.634   ( 50,  0)       -1.000  0.99628  -14.087    0.564  0.84373  *
* 100)    4.634   (  0, 50)       -1.000  0.99628  -14.087    0.564  0.84373  *
* 101)    4.207   (  0, 51)       -1.000  0.99442  -13.647    0.627  0.60369  *
* 102)    4.207   ( 51,  0)       -1.000  0.99442  -13.647    0.627  0.60369  *
* 103)    3.658   (  0, 52)       -1.000  0.99230  -13.089    0.639  0.35086  *
* 104)    3.658   ( 52,  0)       -1.000  0.99230  -13.089    0.639  0.35086  *
* 105)    3.621   (  0, 53)       -1.000  0.99294  -13.057    0.606  0.32848  *
* 106)    3.621   ( 53,  0)       -1.000  0.99294  -13.057    0.606  0.32848  *
* 107)    2.928   ( 54,  0)        1.000  0.98888  -12.350    0.614  0.19695  *
* 108)    2.928   (  0, 54)        1.000  0.98888  -12.350    0.614  0.19695  *
* 109)    2.550   ( 55,  0)        1.000  0.98556  -11.964    0.608  0.15833  *
* 110)    2.550   (  0, 55)        1.000  0.98556  -11.964    0.608  0.15833  *
* 111)    1.714   (  0, 56)        1.000  0.96913  -11.095    0.593  0.10835  *
* 112)    1.714   ( 56,  0)        1.000  0.96913  -11.095    0.593  0.10835  *
* 113)    1.254   (  0, 57)        1.000  0.95326  -10.624    0.529  0.08377  *
* 114)    1.254   ( 57,  0)        1.000  0.95326  -10.624    0.529  0.08377  *
* 115)    1.250   ( 58,  0)        1.000  0.94258  -10.593    0.581  0.09151  *
* 116)    1.250   (  0, 58)        1.000  0.94258  -10.593    0.581  0.09151  *
* 117)    1.131   ( 59,  0)        1.000  0.92823  -10.456    0.584  0.08886  *
* 118)    1.131   (  0, 59)        1.000  0.92823  -10.456    0.584  0.08886  *
* 119)    1.104   ( 60,  0)       -1.000  0.92112  -10.417    0.595  0.08992  *
* 120)    1.104   (  0, 60)       -1.000  0.92112  -10.417    0.595  0.08992  *
* 121)    1.074   (  0, 61)        1.000  0.92528  -10.400    0.565  0.08478  *
* 122)    1.074   ( 61,  0)        1.000  0.92528  -10.400    0.565  0.08478  *
* 123)    0.868   (  0, 62)       -1.000  0.86628  -10.123    0.591  0.08486  *
* 124)    0.868   ( 62,  0)       -1.000  0.86628  -10.123    0.591  0.08486  *
* 125)    0.707   (  0, 63)        1.000  0.81184   -9.928    0.553  0.07813  *
* 126)    0.707   ( 63,  0)        1.000  0.81184   -9.928    0.553  0.07813  *
* 127)    0.650   (  0, 64)       -1.000  0.80125   -9.879    0.519  0.07293  *
* 128)    0.650   ( 64,  0)       -1.000  0.80125   -9.879    0.519  0.07293  *
* 129)    0.697   ( 65,  0)        1.000  0.77355   -9.868    0.583  0.08311  *
* 130)    0.697   (  0, 65)        1.000  0.77355   -9.868    0.583  0.08311  *
* 131)    0.598   (  0, 66)       -1.000  0.54596   -9.542    0.595  0.09334  *
* 132)    0.598   ( 66,  0)       -1.000  0.54596   -9.542    0.595  0.09334  *
* 133)    0.567   ( 67,  0)        1.000  0.41533   -9.391    0.559  0.09724  *
* 134)    0.567   (  0, 67)        1.000  0.41533   -9.391    0.559  0.09724  *
* 135)    1.070   ( 68,  0)       -1.000  0.05630   -8.537    0.493  0.19594  *
* 136)    1.070   (  0, 68)       -1.000  0.05630   -8.537    0.493  0.19594  *
* 137)    1.378   ( 69,  0)        1.000  0.04868   -8.244    0.593  0.23966  *
* 138)    1.378   (  0, 69)        1.000  0.04868   -8.244    0.593  0.23966  *
* 139)    1.450   ( 70,  0)        1.000  0.04210   -8.159    0.582  0.24943  *
* 140)    1.450   (  0, 70)        1.000  0.04210   -8.159    0.582  0.24943  *
* 141)    1.480   ( 71,  0)       -1.000  0.03887   -8.122    0.572  0.25338  *
* 142)    1.480   (  0, 71)       -1.000  0.03887   -8.122    0.572  0.25338  *
* 143)    1.599   (  0, 72)       -1.000  0.03124   -7.988    0.556  0.26866  *
* 144)    1.599   ( 72,  0)       -1.000  0.03124   -7.988    0.556  0.26866  *
* 145)    1.646   ( 73,  0)       -1.000  0.02450   -7.922    0.509  0.27449  *
* 146)    1.646   (  0, 73)       -1.000  0.02450   -7.922    0.509  0.27449  *
* 147)    2.568   ( 74,  0)       -1.000  0.01319   -6.986    0.586  0.37199  *
* 148)    2.568   (  0, 74)       -1.000  0.01319   -6.986    0.586  0.37199  *
* 149)    2.972   ( 75,  0)       -1.000  0.00913   -6.569    0.565  0.40672  *
* 150)    2.972   (  0, 75)       -1.000  0.00913   -6.569    0.565  0.40672  *
* 151)    3.251   ( 76,  0)       -1.000  0.00785   -6.287    0.574  0.42855  *
* 152)    3.251   (  0, 76)       -1.000  0.00785   -6.287    0.574  0.42855  *
* 153)    3.298   (  0, 77)        1.000  0.00884   -6.248    0.617  0.43212  *
* 154)    3.298   ( 77,  0)        1.000  0.00884   -6.248    0.617  0.43212  *
* 155)    3.604   ( 78,  0)        1.000  0.00567   -5.924    0.541  0.45393  *
* 156)    3.604   (  0, 78)        1.000  0.00567   -5.924    0.541  0.45393  *
* 157)    3.740   (  0, 79)        1.000  0.00612   -5.793    0.583  0.46322  *
* 158)    3.740   ( 79,  0)        1.000  0.00612   -5.793    0.583  0.46322  *
* 159)    4.248   ( 80,  0)       -1.000  0.00535   -5.285    0.620  0.49499  *
* 160)    4.248   (  0, 80)       -1.000  0.00535   -5.285    0.620  0.49499  *
* 161)    4.315   (  0, 81)       -1.000  0.00488   -5.214    0.602  0.49891  *
* 162)    4.315   ( 81,  0)       -1.000  0.00488   -5.214    0.602  0.49891  *
* 163)    4.409   ( 82,  0)        1.000  0.00408   -5.114    0.562  0.50426  *
* 164)    4.409   (  0, 82)        1.000  0.00408   -5.114    0.562  0.50426  *
* 165)    4.536   ( 83,  0)       -1.000  0.00501   -4.997    0.640  0.51138  *
* 166)    4.536   (  0, 83)       -1.000  0.00501   -4.997    0.640  0.51138  *
* 167)    4.797   ( 84,  0)        1.000  0.00434   -4.732    0.631  0.52534  *
* 168)    4.797   (  0, 84)        1.000  0.00434   -4.732    0.631  0.52534  *
* 169)    5.017   ( 85,  0)        1.000  0.01785   -4.649    1.329  0.53757  *
* 170)    5.017   (  0, 85)        1.000  0.01785   -4.649    1.329  0.53757  *
* 171)    5.288   ( 86,  0)        1.000  0.00471   -4.249    0.724  0.54962  *
* 172)    5.288   (  0, 86)        1.000  0.00471   -4.249    0.724  0.54962  *
* 173)    5.526   ( 87,  0)        1.000  0.00285   -3.993    0.589  0.56036  *
* 174)    5.526   (  0, 87)        1.000  0.00285   -3.993    0.589  0.56036  *
* 175)    5.846   (  0, 88)       -1.000  0.00172   -3.661    0.484  0.57411  *
* 176)    5.846   ( 88,  0)       -1.000  0.00172   -3.661    0.484  0.57411  *
* 177)    6.393   ( 89,  0)       -1.000  0.00215   -3.122    0.593  0.59587  *
* 178)    6.393   (  0, 89)       -1.000  0.00215   -3.122    0.593  0.59587  *
* 179)    6.649   (  0, 90)       -1.000  0.00191   -2.863    0.580  0.60527  *
* 180)    6.649   ( 90,  0)       -1.000  0.00191   -2.863    0.580  0.60527  *
* 181)    7.252   (  0, 91)       -1.000  0.00122   -2.253    0.507  0.62574  *
* 182)    7.252   ( 91,  0)       -1.000  0.00122   -2.253    0.507  0.62574  *
* 183)    7.262   ( 92,  0)       -1.000  0.00151   -2.247    0.564  0.62610  *
* 184)    7.262   (  0, 92)       -1.000  0.00151   -2.247    0.564  0.62610  *
* 185)    7.312   ( 93,  0)        1.000  0.00338   -2.225    0.848  0.62789  *
* 186)    7.312   (  0, 93)        1.000  0.00338   -2.225    0.848  0.62789  *
* 187)    7.662   ( 94,  0)       -1.000  0.00126   -1.845    0.543  0.63854  *
* 188)    7.662   (  0, 94)       -1.000  0.00126   -1.845    0.543  0.63854  *
* 189)    9.759   (  0, 95)       -1.000  0.09535   -1.589    5.733  0.70369  *
* 190)    9.759   ( 95,  0)       -1.000  0.09535   -1.589    5.733  0.70369  *
* 191)    7.944   ( 96,  0)        1.000  0.00088   -1.557    0.472  0.64683  *
* 192)    7.944   (  0, 96)        1.000  0.00088   -1.557    0.472  0.64683  *
* 193)    8.040   (  0, 97)       -1.000  0.00304   -1.496    0.886  0.64978  *
* 194)    8.040   ( 97,  0)       -1.000  0.00304   -1.496    0.886  0.64978  *
* 195)    8.050   (  0, 98)        1.000  0.00216   -1.472    0.747  0.64998  *
* 196)    8.050   ( 98,  0)        1.000  0.00216   -1.472    0.747  0.64998  *
* 197)    8.057   (  0, 99)        1.000  0.00147   -1.454    0.618  0.65010  *
* 198)    8.057   ( 99,  0)        1.000  0.00147   -1.454    0.618  0.65010  *
* 199)    8.131   (100,  0)       -1.000  0.00106   -1.373    0.529  0.65214  *
* 200)    8.131   (  0,100)       -1.000  0.00106   -1.373    0.529  0.65214  *
* 201)    8.515   (101,  0)       -1.000  0.00504   -1.057    1.206  0.66298  *
* 202)    8.515   (  0,101)       -1.000  0.00504   -1.057    1.206  0.66298  *
* 203)    8.758   (  0,102)       -1.000  0.00674   -0.847    1.434  0.66944  *
* 204)    8.758   (102,  0)       -1.000  0.00674   -0.847    1.434  0.66944  *
* 205)    8.742   (  0,103)       -1.000  0.00099   -0.762    0.549  0.66838  *
* 206)    8.742   (103,  0)       -1.000  0.00099   -0.762    0.549  0.66838  *
* 207)    9.191   (  0,104)       -1.000  0.01134   -0.505    1.947  0.68057  *
* 208)    9.191   (104,  0)       -1.000  0.01134   -0.505    1.947  0.68057  *
* 209)    9.285   (105,  0)        1.000  0.01113   -0.409    1.948  0.68275  *
* 210)    9.285   (  0,105)        1.000  0.01113   -0.409    1.948  0.68275  *
* 211)    9.199   (  0,106)        1.000  0.00268   -0.337    0.950  0.67977  *
* 212)    9.199   (106,  0)        1.000  0.00268   -0.337    0.950  0.67977  *
* 213)    9.638   (107,  0)        1.000  0.00117    0.129    0.659  0.68968  *
* 214)    9.638   (  0,107)        1.000  0.00117    0.129    0.659  0.68968  *
* 215)    9.706   (  0,108)        1.000  0.00297    0.161    1.057  0.69138  *
* 216)    9.706   (108,  0)        1.000  0.00297    0.161    1.057  0.69138  *
*                                                                             *
*2056)   TOTAL=  (1028,1028)                                                  *
*                                                                             *
*******************************************************************************

*******************************************************************************
*                                                                             *
*  SINGLE-PARTICLE PROPERTIES: CANONICAL                           NEUTRONS   *
*                                                                             *
*******************************************************************************
*                                                                             *
*  NO)   ENERGY   (S=+,S=-)   | N,nz,lz,OMEz>   <P>    <JY>    <SY>   GFACT   *
*                                                                             *
*  55)  -11.976   ( 55,---)   | 4, 0, 2, 5/2>   100   0.000   0.000   1.330   *
*  56)  -11.096   ( 56,---)   | 6, 3, 1, 3/2>   100   0.000   0.000   0.009   *
*  57)  -10.618   ( 57,---)   | 4, 0, 0, 1/2>   100  -0.357  -0.488   1.368   *
*  58)  -10.593   ( 58,---)   | 6, 2, 4, 9/2>   100  -0.000  -0.000   0.157   *
*  59)  -10.454   ( 59,---)   | 4, 0, 4, 7/2>   100   0.000   0.000   0.179   *
*  60)  -10.415   ( 60,---)   | 7, 4, 3, 7/2>  -100   0.000   0.000   0.049   *
*  61)  -10.399   ( 61,---)   | 8, 7, 1, 3/2>   100  -0.000  -0.000   0.221   *
*  62)  -10.117   ( 62,---)   | 7, 5, 0, 1/2>  -100  -0.327  -0.360   1.102   *
*  63)   -9.922   ( 63,---)   | 4, 0, 2, 3/2>   100  -0.000   0.000  -0.093   *
*  64)   -9.875   ( 64,---)   | 5, 1, 2, 5/2>  -100   0.000   0.000   2.419   *
*  65)   -9.865   ( 65,---)   | 6, 3, 3, 5/2>   100   0.000  -0.000  -0.105   *
*  66)   -9.539   ( 66,---)   | 7, 5, 2, 3/2>  -100  -0.000  -0.000   0.473   *
*  67)   -9.368   ( 67,---)   | 6, 3, 1, 1/2>   100   0.261  -0.100  -0.382   *
*  68)   -8.460   ( 68,---)   | 5, 1, 0, 1/2>  -100  -0.220  -0.489   2.223   *
*  69)   -8.231   ( 69,---)   | 8, 6, 2, 5/2>   100  -0.000   0.000  -0.062   *
*  70)   -8.133   ( 70,---)   | 8, 7, 1, 1/2>   100   0.231  -0.189  -0.817   *
*  71)   -8.081   ( 71,---)   | 5, 0, 5,11/2>  -100   0.000  -0.000  -0.051   *
*  72)   -7.968   ( 72,---)   | 5, 1, 4, 7/2>  -100  -0.000  -0.000   0.063   *
*  73)   -7.832   ( 73,---)   | 5, 1, 2, 3/2>  -100  -0.000  -0.000   1.712   *
*  74)   -6.908   ( 74,---)   | 9, 9, 0, 1/2>  -100  -2.986  -0.359   0.120   *
*  75)   -6.502   ( 75,---)   | 7, 3, 4, 9/2>  -100   0.000   0.000   0.287   *
*  76)   -6.096   ( 76,---)   | 7, 4, 1, 3/2>  -100   0.000   0.000   0.183   *
*  77)   -5.997   ( 77,---)   | 6, 2, 2, 5/2>   100   0.000   0.000   1.980   *
*  78)   -5.816   ( 78,---)   | 6, 1, 5,11/2>   100  -0.000  -0.000   0.019   *
*  79)   -5.692   ( 79,---)   | 8, 5, 3, 7/2>   100   0.000  -0.000  -0.000   *
*  80)   -5.132   ( 80,---)   | 9, 8, 1, 3/2>  -100   0.000   0.000   0.030   *
*  81)   -5.065   ( 81,---)   | 7, 4, 3, 5/2>  -100  -0.000  -0.000   0.042   *
*  82)   -4.814   ( 82,---)   | 8, 6, 0, 1/2>   100  -0.340  -0.326   0.959   *
*  83)   -4.637   ( 83,---)   | 7, 4, 1, 1/2>  -100   0.272  -0.110  -0.404   *
*  84)   -4.235   ( 84,---)   | 8, 6, 2, 3/2>   100  -0.000  -0.000   0.228   *
*  85)   -4.215   ( 85,---)   | 6, 2, 0, 1/2>   100  -0.176  -0.472   2.689   *
*  86)   -3.792   ( 86,---)   | 6, 2, 4, 7/2>   100  -0.000  -0.000   0.190   *
*  87)   -3.714   ( 87,---)   | 6, 2, 2, 3/2>   100  -0.000  -0.000   1.425   *
*  88)   -2.887   ( 88,---)   | 9, 7, 2, 5/2>  -100  -0.000  -0.000   0.004   *
*  89)   -2.729   ( 89,---)   | 5, 0, 3, 7/2>  -100   0.000  -0.000  -0.005   *
*  90)   -2.290   ( 90,---)   | 9, 8, 1, 1/2>  -100   0.353  -0.237  -0.671   *
*  91)   -1.894   ( 91,---)   | 7, 2, 5,11/2>  -100  -0.000  -0.000   0.022   *
*  92)   -1.889   ( 92,---)   | 8, 4, 4, 9/2>   100   0.000   0.000   0.469   *
*  93)   -1.403   ( 93,---)   | 7, 3, 2, 5/2>  -100  -0.000   0.000  -5.145   *
*  94)   -0.793   ( 94,---)   |10,10, 0, 1/2>   100  -3.207  -0.336   0.105   *
*  95)   -0.734   ( 95,---)   | 8, 5, 1, 3/2>   100   0.000   0.000   0.252   *
*  96)   -0.577   ( 96,---)   | 9, 6, 3, 7/2>  -100   0.000  -0.000  -0.074   *
*  97)   -0.054   ( 97,---)   | 5, 0, 5, 9/2>  -100  -0.000   0.000  -0.042   *
*                                                                             *
*******************************************************************************

*******************************************************************************
*                                                                             *
*  HFB PAIRING PROPERTIES                                           NEUTRONS  *
*                                                                             *
*  STRENGTH= 0.2011   GAP= 0.5963   FERMI ENERGY=-13.8267   ENERGY=  -1.7676  *
*                                                                             *
*******************************************************************************

*******************************************************************************
*                                                                             *
*  MULTIPOLE MOMENTS [UNITS:  (10 FERMI)^LAMBDA]                    NEUTRONS  *
*                                                                             *
*******************************************************************************
*                                                                             *
*  Q00 = 98.0000  .............  .............  .............  .............  *
*                                                                             *
*  Q10 = -0.0066  Q11 =    ZERO  .............  .............  .............  *
*                                                                             *
*  Q20 = 40.1977  Q21 =    ZERO  Q22 = 1.4E-08  .............  .............  *
*                                                                             *
*  Q30 =-8.3E-04  Q31 =    ZERO  Q32 =    ZERO  Q33 =    ZERO  .............  *
*                                                                             *
*  Q40 =  5.3555  Q41 =    ZERO  Q42 = 1.3E-09  Q43 =    ZERO  Q44 =-9.7E-07  *
*                                                                             *
*******************************************************************************

*******************************************************************************
*                                                                             *
*  ROOT-MEAN-SQUARE AND GEOMETRIC SIZES IN FERMIS                   NEUTRONS  *
*                                                                             *
*  R_RMS =  6.3719     X_RMS =  2.5879    Y_RMS =  2.5879    Z_RMS =  5.2160  *
*                                                                             *
*  R_GEO =  8.2260     X_GEO =  5.7867    Y_GEO =  5.7867    Z_GEO = 11.6632  *
*                                                                             *
*******************************************************************************

*******************************************************************************
*                                                                             *
*  BOHR DEFORMATIONS (FIRST-ORDER APPROXIMATION)                    NEUTRONS  *
*                                                                             *
*******************************************************************************
*                                                                             *
*  B10 =-1.7E-04  B11 =    ZERO  .............  .............  .............  *
*                                                                             *
*  B20 =  0.8008  B21 =    ZERO  B22 = 2.9E-10  .............  .............  *
*                                                                             *
*  B30 =-6.4E-05  B31 =    ZERO  B32 =    ZERO  B33 =    ZERO  .............  *
*                                                                             *
*  B40 =  0.4999  B41 =    ZERO  B42 = 1.7E-10  B43 =    ZERO  B44 =-1.3E-07  *
*                                                                             *
*******************************************************************************
*                                                                             *
*  BOHR DENSITY = 0.0420 FM^(-3)  BOHR RADIUS =   8.2260 FM                   *
*                                                                             *
*******************************************************************************

*******************************************************************************
*                                                                             *
*  SINGLE-QUASIPARTICLE PROPERTIES:                                 PROTONS   *
*                                                                             *
*******************************************************************************
*                                                                             *
*  NO)   ENERGY   (S=+,S=-)       PARITY   V2QUAP   EEQUIV   DEQUIV   V_CORR  *
*                                                                             *
*  37)    9.759   (  0, 19)        1.000  0.99940  -12.179    0.480  0.99987  *
*  38)    9.759   ( 19,  0)        1.000  0.99940  -12.179    0.480  0.99987  *
*  39)    9.653   ( 20,  0)       -1.000  0.99902  -12.065    0.604  0.99979  *
*  40)    9.653   (  0, 20)       -1.000  0.99902  -12.065    0.604  0.99979  *
*  43)    9.086   (  0, 22)       -1.000  0.99848  -11.489    0.707  0.99965  *
*  44)    9.086   ( 22,  0)       -1.000  0.99848  -11.489    0.707  0.99965  *
*  45)    7.443   ( 23,  0)       -1.000  0.99901   -9.859    0.467  0.99970  *
*  46)    7.443   (  0, 23)       -1.000  0.99901   -9.859    0.467  0.99970  *
*  47)    7.357   (  0, 24)       -1.000  0.99876   -9.769    0.519  0.99961  *
*  48)    7.357   ( 24,  0)       -1.000  0.99876   -9.769    0.519  0.99961  *
*  49)    7.312   (  0, 25)        1.000  0.99590   -9.684    0.935  0.99872  *
*  50)    7.312   ( 25,  0)        1.000  0.99590   -9.684    0.935  0.99872  *
*  51)    7.138   (  0, 26)        1.000  0.99737   -9.531    0.731  0.99915  *
*  52)    7.138   ( 26,  0)        1.000  0.99737   -9.531    0.731  0.99915  *
*  53)    6.253   (  0, 27)       -1.000  0.99815   -8.661    0.537  0.99927  *
*  54)    6.253   ( 27,  0)       -1.000  0.99815   -8.661    0.537  0.99927  *
*  55)    6.153   (  0, 28)        1.000  0.99847   -8.565    0.482  0.99938  *
*  56)    6.153   ( 28,  0)        1.000  0.99847   -8.565    0.482  0.99938  *
*  57)    5.732   ( 29,  0)        1.000  0.99748   -8.134    0.575  0.99887  *
*  58)    5.732   (  0, 29)        1.000  0.99748   -8.134    0.575  0.99887  *
*  59)    4.806   ( 30,  0)        1.000  0.97755   -7.021    1.424  0.98687  *
*  60)    4.806   (  0, 30)        1.000  0.97755   -7.021    1.424  0.98687  *
*  61)    3.662   (  0, 31)       -1.000  0.99563   -6.061    0.483  0.99550  *
*  62)    3.662   ( 31,  0)       -1.000  0.99563   -6.061    0.483  0.99550  *
*  63)    3.363   (  0, 32)       -1.000  0.99519   -5.762    0.465  0.99399  *
*  64)    3.363   ( 32,  0)       -1.000  0.99519   -5.762    0.465  0.99399  *
*  65)    3.043   ( 33,  0)       -1.000  0.99432   -5.440    0.457  0.99089  *
*  66)    3.043   (  0, 33)       -1.000  0.99432   -5.440    0.457  0.99089  *
*  67)    3.042   ( 34,  0)       -1.000  0.98843   -5.402    0.651  0.98195  *
*  68)    3.042   (  0, 34)       -1.000  0.98843   -5.402    0.651  0.98195  *
*  69)    2.797   (  0, 35)        1.000  0.99352   -5.192    0.449  0.98681  *
*  70)    2.797   ( 35,  0)        1.000  0.99352   -5.192    0.449  0.98681  *
*  71)    2.497   (  0, 36)        1.000  0.99091   -4.883    0.474  0.97372  *
*  72)    2.497   ( 36,  0)        1.000  0.99091   -4.883    0.474  0.97372  *
*  73)    2.491   (  0, 37)       -1.000  0.99111   -4.878    0.468  0.97405  *
*  74)    2.491   ( 37,  0)       -1.000  0.99111   -4.878    0.468  0.97405  *
*  75)    2.170   (  0, 38)       -1.000  0.98854   -4.552    0.462  0.94395  *
*  76)    2.170   ( 38,  0)       -1.000  0.98854   -4.552    0.462  0.94395  *
*  77)    1.809   (  0, 39)       -1.000  0.98409   -4.183    0.453  0.83099  *
*  78)    1.809   ( 39,  0)       -1.000  0.98409   -4.183    0.453  0.83099  *
*  79)    1.532   ( 40,  0)        1.000  0.97434   -3.884    0.484  0.62083  *
*  80)    1.532   (  0, 40)        1.000  0.97434   -3.884    0.484  0.62083  *
*  81)    1.469   (  0, 41)        1.000  0.97458   -3.825    0.462  0.56885  *
*  82)    1.469   ( 41,  0)        1.000  0.97458   -3.825    0.462  0.56885  *
*  83)    0.647   ( 42,  0)        1.000  0.84959   -2.883    0.462  0.21017  *
*  84)    0.647   (  0, 42)        1.000  0.84959   -2.883    0.462  0.21017  *
*  85)    0.472   (  0, 43)       -1.000  0.64056   -2.564    0.453  0.18899  *
*  86)    0.472   ( 43,  0)       -1.000  0.64056   -2.564    0.453  0.18899  *
*  87)    0.597   (  0, 44)        1.000  0.20814   -2.083    0.484  0.26940  *
*  88)    0.597   ( 44,  0)        1.000  0.20814   -2.083    0.484  0.26940  *
*  89)    1.309   ( 45,  0)        1.000  0.02966   -1.200    0.444  0.45480  *
*  90)    1.309   (  0, 45)        1.000  0.02966   -1.200    0.444  0.45480  *
*  91)    1.342   ( 46,  0)        1.000  0.03051   -1.171    0.462  0.46119  *
*  92)    1.342   (  0, 46)        1.000  0.03051   -1.171    0.462  0.46119  *
*  93)    1.366   (  0, 47)        1.000  0.03109   -1.150    0.474  0.46562  *
*  94)    1.366   ( 47,  0)        1.000  0.03109   -1.150    0.474  0.46562  *
*  95)    1.568   (  0, 48)       -1.000  0.02208   -0.933    0.461  0.49981  *
*  96)    1.568   ( 48,  0)       -1.000  0.02208   -0.933    0.461  0.49981  *
*  97)    1.907   (  0, 49)       -1.000  0.01294   -0.574    0.431  0.54828  *
*  98)    1.907   ( 49,  0)       -1.000  0.01294   -0.574    0.431  0.54828  *
*  99)    2.126   ( 50,  0)       -1.000  0.01318   -0.361    0.485  0.57522  *
* 100)    2.126   (  0, 50)       -1.000  0.01318   -0.361    0.485  0.57522  *
* 101)    2.295   (  0, 51)       -1.000  0.01037   -0.184    0.465  0.59362  *
* 102)    2.295   ( 51,  0)       -1.000  0.01037   -0.184    0.465  0.59362  *
* 103)    2.804   (  0, 52)       -1.000  0.00708    0.334    0.470  0.64075  *
* 104)    2.804   ( 52,  0)       -1.000  0.00708    0.334    0.470  0.64075  *
* 105)    2.993   (  0, 53)       -1.000  0.01153    0.493    0.639  0.65608  *
* 106)    2.993   ( 53,  0)       -1.000  0.01153    0.493    0.639  0.65608  *
* 107)    3.414   ( 54,  0)        1.000  0.00397    0.956    0.429  0.68444  *
* 108)    3.414   (  0, 54)        1.000  0.00397    0.956    0.429  0.68444  *
* 109)    4.775   (  0, 55)        1.000  0.02199    2.134    1.400  0.75425  *
* 110)    4.775   ( 55,  0)        1.000  0.02199    2.134    1.400  0.75425  *
* 111)    5.392   (  0, 56)        1.000  0.00142    2.946    0.407  0.77383  *
* 112)    5.392   ( 56,  0)        1.000  0.00142    2.946    0.407  0.77383  *
* 113)    5.502   ( 57,  0)       -1.000  0.00191    3.050    0.481  0.77739  *
* 114)    5.502   (  0, 57)       -1.000  0.00191    3.050    0.481  0.77739  *
* 115)    5.534   (  0, 58)        1.000  0.00173    3.084    0.460  0.77837  *
* 116)    5.534   ( 58,  0)        1.000  0.00173    3.084    0.460  0.77837  *
* 117)    5.820   ( 59,  0)        1.000  0.00235    3.362    0.563  0.78702  *
* 118)    5.820   (  0, 59)        1.000  0.00235    3.362    0.563  0.78702  *
* 119)    5.894   (  0, 60)        1.000  0.00151    3.445    0.458  0.78904  *
* 120)    5.894   ( 60,  0)        1.000  0.00151    3.445    0.458  0.78904  *
* 121)    5.992   ( 61,  0)        1.000  0.00161    3.542    0.480  0.79177  *
* 122)    5.992   (  0, 61)        1.000  0.00161    3.542    0.480  0.79177  *
* 123)    6.131   (  0, 62)       -1.000  0.00126    3.684    0.436  0.79549  *
* 124)    6.131   ( 62,  0)       -1.000  0.00126    3.684    0.436  0.79549  *
* 125)    6.203   ( 63,  0)       -1.000  0.00133    3.756    0.452  0.79741  *
* 126)    6.203   (  0, 63)       -1.000  0.00133    3.756    0.452  0.79741  *
* 127)    6.716   ( 64,  0)        1.000  0.00141    4.266    0.504  0.80995  *
* 128)    6.716   (  0, 64)        1.000  0.00141    4.266    0.504  0.80995  *
* 129)    7.131   ( 65,  0)        1.000  0.00388    4.645    0.886  0.81927  *
* 130)    7.131   (  0, 65)        1.000  0.00388    4.645    0.886  0.81927  *
* 131)    7.171   (  0, 66)       -1.000  0.00121    4.722    0.498  0.81981  *
* 132)    7.171   ( 66,  0)       -1.000  0.00121    4.722    0.498  0.81981  *
* 133)    7.311   ( 67,  0)        1.000  0.00191    4.852    0.639  0.82273  *
* 134)    7.311   (  0, 67)        1.000  0.00191    4.852    0.639  0.82273  *
* 135)    7.592   ( 68,  0)        1.000  0.00093    5.147    0.463  0.82806  *
* 136)    7.592   (  0, 68)        1.000  0.00093    5.147    0.463  0.82806  *
* 137)    7.858   (  0, 69)        1.000  0.00079    5.415    0.441  0.83289  *
* 138)    7.858   ( 69,  0)        1.000  0.00079    5.415    0.441  0.83289  *
* 139)    7.899   ( 70,  0)       -1.000  0.00097    5.453    0.492  0.83364  *
* 140)    7.899   (  0, 70)       -1.000  0.00097    5.453    0.492  0.83364  *
* 141)    8.732   (  0, 71)       -1.000  0.00073    6.288    0.472  0.84705  *
* 142)    8.732   ( 71,  0)       -1.000  0.00073    6.288    0.472  0.84705  *
* 143)    8.801   ( 72,  0)       -1.000  0.00071    6.358    0.467  0.84807  *
* 144)    8.801   (  0, 72)       -1.000  0.00071    6.358    0.467  0.84807  *
* 145)    8.855   (  0, 73)       -1.000  0.00076    6.410    0.488  0.84886  *
* 146)    8.855   ( 73,  0)       -1.000  0.00076    6.410    0.488  0.84886  *
* 147)    9.048   (  0, 74)       -1.000  0.00063    6.606    0.453  0.85160  *
* 148)    9.048   ( 74,  0)       -1.000  0.00063    6.606    0.453  0.85160  *
* 151)    9.452   (  0, 76)       -1.000  0.00061    7.010    0.466  0.85704  *
* 152)    9.452   ( 76,  0)       -1.000  0.00061    7.010    0.466  0.85704  *
* 153)    9.778   ( 77,  0)       -1.000  0.00122    7.324    0.683  0.86120  *
* 154)    9.778   (  0, 77)       -1.000  0.00122    7.324    0.683  0.86120  *
*                                                                             *
*1530)   TOTAL=  ( 765, 765)                                                  *
*                                                                             *
*******************************************************************************

*******************************************************************************
*                                                                             *
*  SINGLE-PARTICLE PROPERTIES: CANONICAL                            PROTONS   *
*                                                                             *
*******************************************************************************
*                                                                             *
*  NO)   ENERGY   (S=+,S=-)   | N,nz,lz,OMEz>   <P>    <JY>    <SY>   GFACT   *
*                                                                             *
*  22)  -11.527   ( 22,---)   | 5, 4, 1, 3/2>  -100  -0.000  -0.000   0.049   *
*  23)   -9.979   ( 23,---)   | 5, 4, 1, 1/2>  -100   0.485  -0.085  -0.176   *
*  24)   -9.772   ( 24,---)   | 3, 0, 3, 7/2>  -100  -0.000   0.000  -0.008   *
*  25)   -9.734   ( 25,---)   | 4, 2, 2, 3/2>   100   0.000   0.000   1.466   *
*  26)   -9.550   ( 26,---)   | 4, 2, 0, 1/2>   100  -1.008  -0.444   0.440   *
*  27)   -8.722   ( 27,---)   | 4, 2, 0, 1/2>   100  -1.447  -0.452   0.312   *
*  28)   -8.667   ( 28,---)   | 5, 3, 2, 5/2>  -100   0.000  -0.000  -0.139   *
*  29)   -8.142   ( 29,---)   | 4, 1, 3, 7/2>   100   0.000   0.000   0.035   *
*  30)   -7.215   ( 30,---)   | 6, 5, 1, 3/2>   100  -0.000  -0.000   0.063   *
*  31)   -6.062   ( 31,---)   | 3, 0, 3, 5/2>  -100   0.000   0.000   0.073   *
*  32)   -5.763   ( 32,---)   | 5, 3, 2, 3/2>  -100   0.000   0.000   0.173   *
*  33)   -5.442   ( 33,---)   | 3, 0, 1, 3/2>  -100  -0.000   0.000  -0.038   *
*  34)   -5.439   ( 34,---)   | 5, 3, 0, 1/2>  -100  -0.797  -0.421   0.528   *
*  35)   -5.193   ( 35,---)   | 6, 5, 1, 1/2>   100   0.585  -0.128  -0.219   *
*  36)   -4.883   ( 36,---)   | 6, 4, 2, 5/2>   100   0.000  -0.000  -0.050   *
*  37)   -4.879   ( 37,---)   | 5, 2, 3, 7/2>  -100   0.000   0.000   0.037   *
*  38)   -4.556   ( 38,---)   | 3, 0, 1, 1/2>  -100  -0.074  -0.039   0.528   *
*  39)   -4.189   ( 39,---)   | 7, 7, 0, 1/2>  -100  -1.921  -0.398   0.207   *
*  40)   -3.884   ( 40,---)   | 4, 1, 3, 5/2>   100   0.000  -0.000  -0.017   *
*  41)   -3.826   ( 41,---)   | 4, 1, 1, 3/2>   100  -0.000  -0.000   0.014   *
*  42)   -2.884   ( 42,---)   | 4, 1, 1, 1/2>   100   0.212  -0.012  -0.057   *
*  43)   -2.564   ( 43,---)   | 7, 6, 1, 3/2>  -100  -0.000  -0.000   0.073   *
*  44)   -2.081   ( 44,---)   | 4, 0, 4, 9/2>   100   0.000   0.000   2.524   *
*  45)   -1.185   ( 45,---)   | 6, 4, 0, 1/2>   100  -0.545  -0.414   0.760   *
*  46)   -1.160   ( 46,---)   | 6, 4, 2, 3/2>   100   0.000   0.000   0.883   *
*  47)   -1.140   ( 47,---)   | 6, 3, 3, 7/2>   100   0.000   0.000   0.016   *
*  48)   -0.919   ( 48,---)   | 5, 2, 3, 5/2>  -100   0.000   0.000   0.027   *
*  49)   -0.531   ( 49,---)   | 5, 2, 1, 3/2>  -100  -0.000  -0.000   0.034   *
*  50)   -0.330   ( 50,---)   | 5, 1, 4, 9/2>  -100  -0.000  -0.000   0.327   *
*  51)   -0.138   ( 51,---)   | 7, 6, 1, 1/2>  -100   0.651  -0.153  -0.235   *
*                                                                             *
*******************************************************************************

*******************************************************************************
*                                                                             *
*  HFB PAIRING PROPERTIES                                            PROTONS  *
*                                                                             *
*  STRENGTH= 0.1340   GAP=-0.4592   FERMI ENERGY= -4.0086   ENERGY=  -1.5742  *
*                                                                             *
*******************************************************************************

*******************************************************************************
*                                                                             *
*  MULTIPOLE MOMENTS [UNITS:  (10 FERMI)^LAMBDA]                     PROTONS  *
*                                                                             *
*******************************************************************************
*                                                                             *
*  Q00 = 78.0000  .............  .............  .............  .............  *
*                                                                             *
*  Q10 = -0.0056  Q11 =    ZERO  .............  .............  .............  *
*                                                                             *
*  Q20 = 34.9635  Q21 =    ZERO  Q22 = 3.9E-08  .............  .............  *
*                                                                             *
*  Q30 =-4.2E-04  Q31 =    ZERO  Q32 =    ZERO  Q33 =    ZERO  .............  *
*                                                                             *
*  Q40 =  5.1674  Q41 =    ZERO  Q42 = 5.8E-09  Q43 =    ZERO  Q44 = 1.8E-06  *
*                                                                             *
*******************************************************************************

*******************************************************************************
*                                                                             *
*  ROOT-MEAN-SQUARE AND GEOMETRIC SIZES IN FERMIS                    PROTONS  *
*                                                                             *
*  R_RMS =  6.4741     X_RMS =  2.5496    Y_RMS =  2.5496    Z_RMS =  5.3771  *
*                                                                             *
*  R_GEO =  8.3581     X_GEO =  5.7011    Y_GEO =  5.7011    Z_GEO = 12.0235  *
*                                                                             *
*******************************************************************************

*******************************************************************************
*                                                                             *
*  BOHR DEFORMATIONS (FIRST-ORDER APPROXIMATION)                     PROTONS  *
*                                                                             *
*******************************************************************************
*                                                                             *
*  B10 =-1.8E-04  B11 =    ZERO  .............  .............  .............  *
*                                                                             *
*  B20 =  0.8477  B21 =    ZERO  B22 = 9.5E-10  .............  .............  *
*                                                                             *
*  B30 =-3.9E-05  B31 =    ZERO  B32 =    ZERO  B33 =    ZERO  .............  *
*                                                                             *
*  B40 =  0.5687  B41 =    ZERO  B42 = 9.1E-10  B43 =    ZERO  B44 = 2.7E-07  *
*                                                                             *
*******************************************************************************
*                                                                             *
*  BOHR DENSITY = 0.0319 FM^(-3)  BOHR RADIUS =   8.3581 FM                   *
*                                                                             *
*******************************************************************************

*******************************************************************************
*                                                                             *
*                  DENSITY INTEGRALS IN THE SKYRME FUNCTIONAL                 *
*                                                                             *
*******************************************************************************
*                                                                             *
*                   TOTAL(T)        SUM(S)      ISOSCALAR(P)  ISOVECTOR(M)    *
*                   --------        ------      ------------  ------------    *
*    DRHO_ =       17.117272      8.673518         17.117272      0.229764    *
*    DRHOD =        7.404861      3.751946          7.404861      0.099031    *
*    DLPR_ =       -3.372754     -1.708246         -3.372754     -0.043738    *
*    DTAU_ =       13.408960      6.856954         13.408960      0.304949    *
*    DSCU_ =        0.098126      0.053907          0.098126      0.009687    *
*    DDIV_ =        0.708515      0.363267          0.708515      0.018018    *
*                                                                             *
*    DSPI_ =        0.000000      0.000000          0.000000      0.000000    *
*    DSPID =        0.000000      0.000000          0.000000      0.000000    *
*    DLPS_ =        0.000000      0.000000          0.000000      0.000000    *
*    DCUR_ =        0.000000      0.000000          0.000000      0.000000    *
*    DKIS_ =        0.000000      0.000000          0.000000      0.000000    *
*    DROT_ =        0.000000      0.000000          0.000000      0.000000    *
*                                                                             *
*******************************************************************************

*******************************************************************************
*                                                                             *
*               CONTRIBUTIONS TO ENERGY IN THE SKYRME FUNCTIONAL              *
*                                                                             *
*******************************************************************************
*                                                                             *
*                 TOTAL(T)        SUM(S)        ISOSCALAR(P)  ISOVECTOR(M)    *
*                 --------        ------        ------------  ------------    *
*    ERHO_ =   -15303.869368   4669.089930     -10696.622336     61.842898    *
*    ERHOD =     7465.682111  -1903.601903       5587.202480    -25.122273    *
*    ELPR_ =     -331.660773    491.752913        153.796764      6.295376    *
*    ETAU_ =      444.588298   -330.995714        120.952766     -7.360182    *
*    ESCU_ =        0.000000      0.000000          0.000000      0.000000    *
*    EDIV_ =      -15.611314    -37.716180        -52.392151     -0.935343    *
*               ============  ============      ============  ============    *
*    SUM EVEN:  -7740.871045   2888.529046      -4887.062476     34.720476    *
*                                                                             *
*    ESPI_ =        0.000000      0.000000          0.000000      0.000000    *
*    ESPID =        0.000000      0.000000          0.000000      0.000000    *
*    ELPS_ =        0.000000      0.000000          0.000000      0.000000    *
*    ECUR_ =        0.000000      0.000000          0.000000      0.000000    *
*    EKIS_ =        0.000000      0.000000          0.000000      0.000000    *
*    EROT_ =        0.000000      0.000000          0.000000      0.000000    *
*               ============  ============      ============  ============    *
*    SUM  ODD:      0.000000      0.000000          0.000000      0.000000    *
*                                                                             *
*******************************************************************************
 
*******************************************************************************
*                                                                             *
*  CENTER-OF-MASS COORDINATES IN FERMIS                                TOTAL  *
*                                                                             *
*  R_CMS =  0.0007     X_CMS =  0.0000    Y_CMS =  0.0000    Z_CMS = -0.0007  *
*                                                                             *
*******************************************************************************

*******************************************************************************
*                                                                             *
*  MULTIPOLE MOMENTS [UNITS:  (10 FERMI)^LAMBDA] [CENT-MASS FRAME]  NEUTRONS  *
*                                                                             *
*******************************************************************************
*                                                                             *
*  Q00 = 98.0000  .............  .............  .............  .............  *
*                                                                             *
*  Q10 = 1.7E-04  Q11 =    ZERO  .............  .............  .............  *
*                                                                             *
*  Q20 = 40.1977  Q21 =    ZERO  Q22 = 1.4E-08  .............  .............  *
*                                                                             *
*  Q30 =  0.0023  Q31 =    ZERO  Q32 =    ZERO  Q33 =    ZERO  .............  *
*                                                                             *
*  Q40 =  5.3555  Q41 =    ZERO  Q42 = 1.3E-09  Q43 =    ZERO  Q44 =-9.7E-07  *
*                                                                             *
*******************************************************************************

*******************************************************************************
*                                                                             *
*  BOHR DEFORMATIONS (FIRST-ORDER APPROXIMATION) [CENT-MASS FRAME]  NEUTRONS  *
*                                                                             *
*******************************************************************************
*                                                                             *
*  B10 = 4.2E-06  B11 =    ZERO  .............  .............  .............  *
*                                                                             *
*  B20 =  0.8007  B21 =    ZERO  B22 = 2.9E-10  .............  .............  *
*                                                                             *
*  B30 = 1.8E-04  B31 =    ZERO  B32 =    ZERO  B33 =    ZERO  .............  *
*                                                                             *
*  B40 =  0.4997  B41 =    ZERO  B42 = 1.7E-10  B43 =    ZERO  B44 =-1.3E-07  *
*                                                                             *
*******************************************************************************
*                                                                             *
*  BOHR DENSITY = 0.0420 FM^(-3)  BOHR RADIUS =   8.2267 FM                   *
*                                                                             *
*******************************************************************************

*******************************************************************************
*                                                                             *
*  MULTIPOLE MOMENTS [UNITS:  (10 FERMI)^LAMBDA] [CENT-MASS FRAME]   PROTONS  *
*                                                                             *
*******************************************************************************
*                                                                             *
*  Q00 = 78.0000  .............  .............  .............  .............  *
*                                                                             *
*  Q10 =-1.7E-04  Q11 =    ZERO  .............  .............  .............  *
*                                                                             *
*  Q20 = 34.9635  Q21 =    ZERO  Q22 = 3.9E-08  .............  .............  *
*                                                                             *
*  Q30 =  0.0023  Q31 =    ZERO  Q32 =    ZERO  Q33 =    ZERO  .............  *
*                                                                             *
*  Q40 =  5.1674  Q41 =    ZERO  Q42 = 5.8E-09  Q43 =    ZERO  Q44 = 1.8E-06  *
*                                                                             *
*******************************************************************************

*******************************************************************************
*                                                                             *
*  BOHR DEFORMATIONS (FIRST-ORDER APPROXIMATION) [CENT-MASS FRAME]   PROTONS  *
*                                                                             *
*******************************************************************************
*                                                                             *
*  B10 =-5.3E-06  B11 =    ZERO  .............  .............  .............  *
*                                                                             *
*  B20 =  0.8476  B21 =    ZERO  B22 = 9.5E-10  .............  .............  *
*                                                                             *
*  B30 = 2.1E-04  B31 =    ZERO  B32 =    ZERO  B33 =    ZERO  .............  *
*                                                                             *
*  B40 =  0.5684  B41 =    ZERO  B42 = 9.1E-10  B43 =    ZERO  B44 = 2.7E-07  *
*                                                                             *
*******************************************************************************
*                                                                             *
*  BOHR DENSITY = 0.0319 FM^(-3)  BOHR RADIUS =   8.3588 FM                   *
*                                                                             *
*******************************************************************************

*******************************************************************************
*                                                                             *
*  EULER ANGLES OF THE PRINCIPAL-AXES FRAME IN DEGREES                 TOTAL  *
*                                                                             *
*  ALPHA =  0.00000  BETA =  0.00000  GAMMA =  0.00000                        *
*                                                                             *
*******************************************************************************

*******************************************************************************
*                                                                             *
*  ROOT-MEAN-SQUARE AND GEOMETRIC SIZES IN FERMIS                      TOTAL  *
*                                                                             *
*  R_RMS =  6.4174     X_RMS =  2.5710    Y_RMS =  2.5710    Z_RMS =  5.2880  *
*                                                                             *
*  R_GEO =  8.2848     X_GEO =  5.7489    Y_GEO =  5.7489    Z_GEO = 11.8243  *
*                                                                             *
*******************************************************************************

*******************************************************************************
*                                                                             *
*  MULTIPOLE MOMENTS [UNITS:  (10 FERMI)^LAMBDA]                       TOTAL  *
*                                                                             *
*******************************************************************************
*                                                                             *
*  Q00 =176.0000  .............  .............  .............  .............  *
*                                                                             *
*  Q10 = -0.0122  Q11 =    ZERO  .............  .............  .............  *
*                                                                             *
*  Q20 = 75.1611  Q21 =    ZERO  Q22 = 5.3E-08  .............  .............  *
*                                                                             *
*  Q30 = -0.0013  Q31 =    ZERO  Q32 = 1.4E-10  Q33 =    ZERO  .............  *
*                                                                             *
*  Q40 = 10.5229  Q41 =    ZERO  Q42 = 7.1E-09  Q43 =    ZERO  Q44 = 7.9E-07  *
*                                                                             *
*******************************************************************************

*******************************************************************************
*                                                                             *
*  BOHR DEFORMATIONS (FIRST-ORDER APPROXIMATION)                       TOTAL  *
*                                                                             *
*******************************************************************************
*                                                                             *
*  B10 =-1.7E-04  B11 =    ZERO  .............  .............  .............  *
*                                                                             *
*  B20 =  0.8220  B21 =    ZERO  B22 = 5.8E-10  .............  .............  *
*                                                                             *
*  B30 =-5.2E-05  B31 =    ZERO  B32 =    ZERO  B33 =    ZERO  .............  *
*                                                                             *
*  B40 =  0.5316  B41 =    ZERO  B42 = 5.1E-10  B43 =    ZERO  B44 = 5.7E-08  *
*                                                                             *
*******************************************************************************
*                                                                             *
*  BOHR DENSITY = 0.0739 FM^(-3)  BOHR RADIUS =   8.2848 FM                   *
*                                                                             *
*******************************************************************************

*******************************************************************************
*                                                                             *
*  MULTIPOLE MOMENTS [UNITS:  (10 FERMI)^LAMBDA] [CENT-MASS FRAME]     TOTAL  *
*                                                                             *
*******************************************************************************
*                                                                             *
*  Q00 =176.0000  .............  .............  .............  .............  *
*                                                                             *
*  Q10 =    ZERO  Q11 =    ZERO  .............  .............  .............  *
*                                                                             *
*  Q20 = 75.1611  Q21 =    ZERO  Q22 = 5.3E-08  .............  .............  *
*                                                                             *
*  Q30 =  0.0046  Q31 =    ZERO  Q32 = 1.5E-10  Q33 =    ZERO  .............  *
*                                                                             *
*  Q40 = 10.5229  Q41 =    ZERO  Q42 = 7.1E-09  Q43 =    ZERO  Q44 = 7.9E-07  *
*                                                                             *
*******************************************************************************

*******************************************************************************
*                                                                             *
*  BOHR DEFORMATIONS (FIRST-ORDER APPROXIMATION) [CENT-MASS FRAME]     TOTAL  *
*                                                                             *
*******************************************************************************
*                                                                             *
*  B10 =    ZERO  B11 =    ZERO  .............  .............  .............  *
*                                                                             *
*  B20 =  0.8218  B21 =    ZERO  B22 = 5.8E-10  .............  .............  *
*                                                                             *
*  B30 = 1.9E-04  B31 =    ZERO  B32 =    ZERO  B33 =    ZERO  .............  *
*                                                                             *
*  B40 =  0.5314  B41 =    ZERO  B42 = 5.1E-10  B43 =    ZERO  B44 = 5.7E-08  *
*                                                                             *
*******************************************************************************
*                                                                             *
*  BOHR DENSITY = 0.0739 FM^(-3)  BOHR RADIUS =   8.2855 FM                   *
*                                                                             *
*******************************************************************************

*******************************************************************************
*                                                                             *
*  MULTIPOLE MOMENTS [UNITS:  (10 FERMI)^LAMBDA] [INTRINSIC FRAME]     TOTAL  *
*                                                                             *
*  REAL PART  FOR A NON-NEGATIVE PROJECTION                                   *
*  IMAGINARY PART FOR A NEGATIVE PROJECTION                                   *
*                                                                             *
*******************************************************************************
*                                                                             *
*  Q00 =176.0000  .............  .............  .............  .............  *
*                 .............  .............  .............  .............  *
*                                                                             *
*  Q10 =    ZERO  Q1+1=    ZERO  .............  .............  .............  *
*                 Q1-1=    ZERO  .............  .............  .............  *
*                                                                             *
*  Q20 = 75.1611  Q2+1=    ZERO  Q2+2= 5.3E-08  .............  .............  *
*                 Q2-1=    ZERO  Q2-2=    ZERO  .............  .............  *
*                                                                             *
*  Q30 =  0.0046  Q3+1=    ZERO  Q3+2= 1.5E-10  Q3+3=    ZERO  .............  *
*                 Q3-1=    ZERO  Q3-2=    ZERO  Q3-3=    ZERO  .............  *
*                                                                             *
*  Q40 = 10.5229  Q4+1=    ZERO  Q4+2= 7.1E-09  Q4+3=    ZERO  Q4+4= 7.9E-07  *
*                 Q4-1=    ZERO  Q4-2=    ZERO  Q4-3=    ZERO  Q4-4=    ZERO  *
*                                                                             *
*******************************************************************************

*******************************************************************************
*                                                                             *
*  BOHR DEFORMATIONS (FIRST-ORDER APPROXIMATION) [INTRINSIC FRAME]     TOTAL  *
*                                                                             *
*  REAL PART  FOR A NON-NEGATIVE PROJECTION                                   *
*  IMAGINARY PART FOR A NEGATIVE PROJECTION                                   *
*                                                                             *
*******************************************************************************
*                                                                             *
*  B10 =    ZERO  B1+1=    ZERO  .............  .............  .............  *
*                 B1-1=    ZERO  .............  .............  .............  *
*                                                                             *
*  B20 =  0.8218  B2+1=    ZERO  B2+2= 5.8E-10  .............  .............  *
*                 B2-1=    ZERO  B2-2=    ZERO  .............  .............  *
*                                                                             *
*  B30 = 1.9E-04  B3+1=    ZERO  B3+2=    ZERO  B3+3=    ZERO  .............  *
*                 B3-1=    ZERO  B3-2=    ZERO  B3-3=    ZERO  .............  *
*                                                                             *
*  B40 =  0.5314  B4+1=    ZERO  B4+2= 5.1E-10  B4+3=    ZERO  B4+4= 5.7E-08  *
*                 B4-1=    ZERO  B4-2=    ZERO  B4-3=    ZERO  B4-4=    ZERO  *
*                                                                             *
*******************************************************************************
*                                                                             *
*  BOHR DENSITY = 0.0739 FM^(-3)  BOHR RADIUS =   8.2855 FM                   *
*                                                                             *
*******************************************************************************

*******************************************************************************
*                                                                             *
*                                ENERGIES (MEV)                               *
*                                                                             *
*******************************************************************************
*                                                                             *
*  KINETIC: (NEU)=  1703.974620    (PRO)=  1182.359808    (TOT)=  2886.334428 *
*  SUM EPS: (NEU)= -2392.171940    (PRO)= -1022.957854    (TOT)= -3415.129794 *
*  PAIRING: (NEU)=    -1.767603    (PRO)=    -1.574216    (TOT)=    -3.341819 *
*  P-REARR: (NEU)=     0.502276    (PRO)=     0.459082    (TOT)=     0.961358 *
*                                                                             *
*  PAIRGAP: (NEU)=     0.596279    (PRO)=    -0.459203    THIS SPACE IS EMPTY *
*  E-FERMI: (NEU)=   -13.826658    (PRO)=    -4.008556    AND AWAITS  YOUR AD *
*                                                                             *
*  COULOMB: (DIR)=   688.060524    (EXC)=   -28.401904    (TOT)=   659.658620 *
*                                                                             *
*  CONSTR. (MULT)=  1435.123765    SLOPE=  1059.178801    CORR.=  -529.589401 *
*  CONSTR. (SURF)=     0.000000    SLOPE=     0.000000    CORR.=     0.000000 *
*  CONSTR. (SPIN)=     0.000000    SLOPE=     0.000000    CORR.=     0.000000 *
*  CONSTR. (ISOS)=     0.000000    SLOPE=     0.000000    CORR.=     0.000000 *
*                                                                             *
*  REARRANGEMENT ENERGY FROM THE SKYRME DENSITY-DEPENDENT TERMS=  1047.284954 *
*  ROUTHIAN= TOTAL ENERGY + MULTIPOLE AND (ISO)SPIN CONSTRAINTS=   125.432994 *
*                                                                             *
*  SPIN-ORB (EVE)=   -53.327494    (ODD)=     0.000000    (TOT)=   -53.327494 *
*  SKYRME:  (EVE)= -4852.342000    (ODD)=     0.000000    (TOT)= -4852.342000 *
*                                                                             *
*  TOTAL:  (STAB)=   513.827056     (SP)=  -795.863715    (FUN)= -1309.690771 *
*                                                                             *
*******************************************************************************

*******************************************************************************
*                                                                             *
*  ITERATION RESTARTED FROM THE DISC, THE FOLLOWING FILE(S) READ:             *
*  ./restart/HFODD_00000012.REC                                        VER=19 *
*                                                                             *
*******************************************************************************
*                                                                             *
* CONVERGENCE REPORT                                                          *
*                                                                             *
*******************************************************************************
*                                                                             *
* ITER     ENERGY     STABILITY    Q_2    GAMMA   SPIN  OMEGA   ANGLE   EPAIR *
*                                                                             *
* 1509 -1309.690771  513.827056  75.161    0.00   0.00  0.000   0.000   -3.34 *
* 1510  -634.947058    2.15E+03 751.466    0.00   0.00  0.000   0.000   -0.29 *
* 1511  -585.455267    2.04E+03 691.460    0.00   0.00  0.000   0.000   -4.28 *
* 1512  -693.732873    1.48E+03 767.774    0.00   0.00  0.000   0.000   -1.35 *
* 1513  -554.803629    1.79E+03 618.567    0.00   0.00  0.000   0.000  -34.34 *
* 1514  -696.093856    1.75E+03 720.185    0.00   0.00  0.000   0.000   -2.60 *
* 1515  -569.445740    1.40E+03 670.558    0.00   0.00  0.000   0.000   -9.75 *
* 1516  -672.229958    1.31E+03 655.407    0.00   0.00  0.000   0.000  -11.77 *
* 1517  -701.962064    1.17E+03 635.191    0.00   0.00  0.000   0.000  -13.74 *
* 1518  -692.276836  -63.099245 613.916    0.00   0.00  0.000   0.000  -14.21 *
* 1519 -1409.741967  896.906150 253.711    0.00   0.00  0.000   0.000 -162.92 *
* 1520  -631.456824    3.27E+04 676.148    0.00   0.00  0.000   0.000   -1.26 *
* 1521   159.510221   -5.48E+04 918.020    0.00   0.00  0.000   0.000   -0.06 *
* 1522 -1147.975940    2.15E+04  19.436    0.00   0.00  0.000   0.000-1059.06 *

 //////////////////// MAXIMUM NUMBER OF ITERATIONS       ////////////////////
 //////////////////// EXCEEDED IN QUABCS                 ////////////////////

*******************************************************************************
*                                                                             *
*  PROCESSOR   EXECUTION  TIMES IN SUBROUTINES                                *
*  INCLUDING THEIR COMPLETE DOWN-CALLING TREES                                *
*                                                                             *
*******************************************************************************
*                                                                             *
*     5335 => HFODD    3030 => DENSHF    880 => DIAMAT    801 => HFBSIM       *
*                                                                             *
*      677 => QMULCM    295 => PAIMAC    194 => CANQUA    175 => RECORD       *
*                                                                             *
*       70 => AVEQUA     29 => DENMAC     27 => INTEGH     24 => INTSOR       *
*                                                                             *
*       23 => INTEGD     13 => MOMETS     12 => INTMUL      9 => DOBROY       *
*                                                                             *
*        8 => SKFILD      8 => BEGINC      7 => SPAVER      6 => INTMAS       *
*                                                                             *
*        5 => ROTAVR      5 => LINAVR      5 => AVOBSE      4 => COUMAT       *
*                                                                             *
*        4 => INTCOU      3 => NILASP      3 => INTCEN      2 => POWALL       *
*                                                                             *
*        2 => AVANGY      1 => SKPAIR      0 => INTKIN      0 => AVPARI       *
*                                                                             *
*        0 => QUABCS      0 => SHICOE      0 => AVSIMP      0 => PAXMOM       *
*                                                                             *
*        0 => MOMSIF      0 => MOMVMU      0 => MAGMOM      0 => SPIMOM       *
*                                                                             *
*        0 => SHIMOM      0 => SHISIF      0 => SHIMAG                        *
*                                                                             *
*******************************************************************************
*                                                                             *
*  NUMBERS OF CALLS TO SUBROUTINES                                            *
*                                                                             *
*******************************************************************************
*                                                                             *
*      653 => BEGINC    538 => INTMUL    174 => INTSOR     71 => DIAMAT       *
*                                                                             *
*       58 => INTMAS     58 => INTCEN     57 => INTKIN     56 => AVEQUA       *
*                                                                             *
*       42 => PAXMOM     29 => INTEGH     29 => INTEGD     29 => HFBSIM       *
*                                                                             *
*       29 => QUABCS     28 => CANQUA     28 => AVPARI     28 => DENSHF       *
*                                                                             *
*       28 => DENMAC     28 => PAIMAC     28 => MOMETS     28 => MOMSIF       *
*                                                                             *
*       28 => MOMVMU     28 => MAGMOM     28 => SPIMOM     28 => LINAVR       *
*                                                                             *
*       28 => ROTAVR     28 => SHICOE     15 => RECORD     15 => COUMAT       *
*                                                                             *
*       15 => INTCOU     14 => SPAVER     14 => QMULCM     14 => SKFILD       *
*                                                                             *
*       14 => SKPAIR     14 => DOBROY     14 => SHIMOM     14 => SHISIF       *
*                                                                             *
*       14 => SHIMAG      2 => AVANGY      2 => AVOBSE      2 => AVSIMP       *
*                                                                             *
*        2 => NILASP      1 => HFODD       1 => POWALL                        *
*                                                                             *
*******************************************************************************
*                                                                             *
*  EXECUTION ENDS ON 2016.09.06 AT 13:28:26.367                               *
*                                                                             *
*******************************************************************************
