*******************************************************************************
*                                                                             *
*                     P A R A L L E L    M O D E L                            *
*                                                                             *
*  SIMPLE MPI FRAMEWORK (1 COMMUNICATOR)    :  1 MPI PROCESS per HFODD TASK   *
*  MULTI-THREADING FRAMEWORK WITH OPENMP   :  4 THREADS per HFODD MPI PROCESS *
*                                                                             *
*******************************************************************************
*                                                                             *
*                        __  __ _____  ___   ____   ____                      *
*                       / / / // ___/.' _ \ / __ \ / __ \                     *
*                      / /_/ // /_  / / / // / / // / / /                     *
*                     / __  // __/ / / / // / / // / / /                      *
*                    / / / // /   / /_/ // /_/ // /_/ /                       *
*                   /_/ /_//_/    \___.'/____.'/____.'                        *
*                                                                             *
*                                                                             *
*******************************************************************************
*                                                                             *
*             SKYRME-HARTREE-FOCK-BOGOLYUBOV CODE VERSION: 2.77B              *
*                                                                             *
*              NO SYMMETRY-PLANES AND NO TIME-REVERSAL SYMMETRY               *
*                                                                             *
*                DEFORMED CARTESIAN HARMONIC-OSCILLATOR BASIS                 *
*                                                                             *
*******************************************************************************
*                                                                             *
*             J. DOBACZEWSKI, P. BACZYK, B.G. CARLSSON, J. DUDEK              *
*                 J. ENGEL, Y. GAO, M. KONIECZKA, T. LESINSKI                 *
*                 J. MCDONNELL, P. OLBRATOWSKI, P. POWALOWSKI                 *
*                  M. SADZIAK, J. SARICH, K. SATO, W. SATULA                  *
*             N. SCHUNCK,  J.A. SHEIKH, A. STASZCZAK, M. STOITSOV             *
*             P. TOIVANEN, X.B. WANG, M. ZALEWSKI AND H. ZDUNCZUK             *
*                                                                             *
*                   INSTYTUT FIZYKI TEORETYCZNEJ, WARSZAWA                    *
*                 LAWRENCE LIVERMORE NATIONAL LABORATORY, USA                 *
*                                                                             *
*                                  1993-2016                                  *
*                                                                             *
*******************************************************************************

*******************************************************************************
*                                                                             *
*  CODE COMPILED WITH THE FOLLOWING ARRAY DIMENSIONS AND SWITCHES:            *
*                                                                             *
*******************************************************************************
*                                                                             *
*  NDBASE = 1200  NDSTAT = 1200  NDXHRM =   40  NDYHRM =   40  NDZHRM =   64  *
*                                                                             *
*  NDMAIN =   30  NDMULT =    9  NDMULR =    4  NDLAMB =    9  NDITER = 5000  *
*                                                                             *
*  NDAKNO =    1  NDBKNO =    1  NDPROI =    2  NDCOUL =   80  NDPOLS =   25  *
*                                                                             *
*  NDATKN =   20  NDBTKN =   10  NDPROT =    1  NDPROD =    3                 *
*                                                                             *
*  IPARAL =    0  IPARAT =    0  I_CRAY =    0                                *
*                                                                             *
*                                                                             *
*  PRE-PROCESSOR OPTIONS:                                                     *
*                                                                             *
*       switch_port = 1     switch_diag = 3     switch_essl = 0               *
*                                                                             *
*                           switch_quad = 0     switch_vect = 1               *
*                                                                             *
*******************************************************************************
*                                                                             *
*  EXECUTION BEGINS ON 2016.08.25 AT 10:32:25.057                             *
*                                                                             *
*******************************************************************************
 
*******************************************************************************
*                                                                             *
*  CLASSICAL NUCLEAR SURFACE DEFINED FOR:                    N = 98   Z = 78  *
*                                                                             *
*******************************************************************************
*                                                                             *
*  AL10 =   ZERO  AL11 =   ZERO  .............  .............  .............  *
*                                                                             *
*  AL20 =  0.610  AL21 =   ZERO  AL22 =   ZERO  .............  .............  *
*                                                                             *
*******************************************************************************
*                                                                             *
*                                           HOMEGA=  7.2568  FCHOM0=  0.9919  *
*                                                                             *
*  OSCILLATOR FREQUENCIES: HBAROX=  8.6825  HBAROY=  8.6825  HBAROZ=  5.0693  *
*                                                                             *
*  MOMENTS OF INERTIA:     XMOMFC=111.4637  YMOMFC=111.4637  ZMOMFC= 56.6729  *
*                                                                             *
*  CENTERS OF MASS:        CMSXFC= -0.0000  CMSYFC= -0.0000  CMSZFC= -0.0000  *
*                                                                             *
*******************************************************************************

*******************************************************************************
*                                                                             *
*                           SKYRME FORCE DEFINITION                           *
*                                                                             *
*******************************************************************************
*                                                                             *
* PARAMETER SET HFB1:  T0= -1666.41  T1=   255.23  T2=  1521.28  T3= 12072.51 *
*                                                                             *
* POWER=0.37658031358  X0=  0.14608  X1= -4.82248  X2= -1.35211  X3=  0.00432 *
*                                                                             *
* IETA: J=0  W=1 CM=3  M=1  P=1  T=0 HBM= 20.73553 W0=  44.0677 W0P= 207.6502 *
*                                                                             *
*******************************************************************************

*******************************************************************************
*                                                                             *
*              COUPLING CONSTANTS DEFINING THE SKYRME FUNCTIONAL              *
*                                                                             *
*******************************************************************************
*                                                                             *
*                   TOTAL(T)        SUM(S)      ISOSCALAR(P)  ISOVECTOR(M)    *
*                   --------        ------      ------------  ------------    *
*    CRHO_ =     -894.060074    538.315575       -624.902286    269.157788    *
*    CRHOD =     1008.213640   -507.363897        754.531691   -253.681949    *
*    CLPR_ =       98.335311   -287.870148        -45.599763   -143.935074    *
*    CTAU_ =       33.156062    -48.271535          9.020295    -24.135768    *
*    CSCU_ =        0.000000      0.000000          0.000000      0.000000    *
*    CDIV_ =      -22.033840   -103.825096        -73.946388    -51.912548    *
*                                                                             *
*    CSPI_ =      -60.857026    416.601524        147.443736    208.300762    *
*    CSPID =        2.171385   -503.021127       -249.339179   -251.510564    *
*    CLPS_ =       51.110395     71.467295         86.844042     35.733647    *
*    CCUR_ =      -33.156062     48.271535         -9.020295     24.135768    *
*    CKIS_ =        0.000000      0.000000          0.000000      0.000000    *
*    CROT_ =      -22.033840   -103.825096        -73.946388    -51.912548    *
*                                                                             *
*******************************************************************************

*******************************************************************************
*                                                                             *
*                          NUCLEAR MATTER PROPERTIES                          *
*                                                                             *
*******************************************************************************
*                                                                             *
*     E = -15.8000  rho0 =   0.15625   K =  244.6682   Ms =    0.9364         *
*                   asym =  28.66820   L =   40.1091   Mv =    1.2498         *
*                                                                             *
*******************************************************************************

*******************************************************************************
*                                                                             *
*  PHYSICAL CONSTANTS:     H_BARC=197.32891000           HBCOE2=137.03602000  *
*                                                                             *
*                          XMASSN=938.90590000           XMASSP=938.27231000  *
*                                                                             *
*                          HBMASS= 20.73553000           HBMRPA= 20.73553000  *
*                                                                             *
*                          ECHAR2=  1.43997841           COULEX= -1.06350868  *
*                                                                             *
*******************************************************************************
*                                                                             *
*  OSCILLATOR LENGTHS:     X= 2.1855304      Y= 2.1855304       Z= 2.8602660  *
*                                                                             *
*  OSCILLATOR CONSTANTS:   X= 0.4575548      Y= 0.4575548       Z= 0.3496178  *
*                                                                             *
*  OSCILLATOR FREQUENCIES: X= 8.6825175      Y= 8.6825175       Z= 5.0692826  *
*                                                                             *
*******************************************************************************
*                                                                             *
*  BASIS CUT-OFF CONTROL PARAMETERS:  NXMAXX = 14  NYMAXX = 14  NZMAXX =  24  *
*                                                                             *
*                                     NXHERM = 36  NYHERM = 36  NZHERM =  60  *
*                                                                             *
*                                     NLIMIT=1140  LDBASE=1142  MCOUNT=29791  *
*                                                                             *
*                                     ENECUT= 800.0000      ELIMIT= 137.8417  *
*                                                                             *
*******************************************************************************

*******************************************************************************
*                                                                             *
*   SHAPE OF THE OSCILLATOR-BASIS DIAMOND    (THREE CONSECUTIVE PROJECTIONS)  *
*                                                                             *
*******************************************************************************
*                                                                             *
*        NX ===>>>  0  1  2  3  4  5  6  7  8  9 10 11 12 13 14               *
*        MAX.NY => 14 13 12 11 10  9  8  7  6  5  4  3  2  1  0               *
*                 ---------------------------------------------               *
*   NY= 0  (14)  | 24 23 21 19 18 16 14 12 11  9  7  6  4  2  1               *
*   NY= 1  (13)  | 23 21 19 18 16 14 12 11  9  7  6  4  2  1                  *
*   NY= 2  (12)  | 21 19 18 16 14 12 11  9  7  6  4  2  1                     *
*   NY= 3  (11)  | 19 18 16 14 12 11  9  7  6  4  2  1                        *
*   NY= 4  (10)  | 18 16 14 12 11  9  7  6  4  2  1                           *
*   NY= 5  ( 9)  | 16 14 12 11  9  7  6  4  2  1                              *
*   NY= 6  ( 8)  | 14 12 11  9  7  6  4  2  1                                 *
*   NY= 7  ( 7)  | 12 11  9  7  6  4  2  1                                    *
*   NY= 8  ( 6)  | 11  9  7  6  4  2  1                                       *
*   NY= 9  ( 5)  |  9  7  6  4  2  1                                          *
*   NY=10  ( 4)  |  7  6  4  2  1                                             *
*   NY=11  ( 3)  |  6  4  2  1                                                *
*   NY=12  ( 2)  |  4  2  1                                                   *
*   NY=13  ( 1)  |  2  1                                                      *
*   NY=14  ( 0)  |  1                                                         *
*                                                                             *
*                                                                             *
*        NZ ===>>>  0  1  2  3  4  5  6  7  8  9 10 11 12 13 14 15 16 17 18   *
*        MAX.NY => 14 14 13 12 12 11 11 10  9  9  8  8  7  6  6  5  5  4  4   *
*                 ---------------------------------------------------------   *
*   NY= 0  (24)  | 14 14 13 12 12 11 11 10  9  9  8  8  7  6  6  5  5  4  4   *
*   NY= 1  (23)  | 13 13 12 11 11 10 10  9  8  8  7  7  6  5  5  4  4  3  3   *
*   NY= 2  (21)  | 12 12 11 10 10  9  9  8  7  7  6  6  5  4  4  3  3  2  2   *
*   NY= 3  (19)  | 11 11 10  9  9  8  8  7  6  6  5  5  4  3  3  2  2  1  1   *
*   NY= 4  (18)  | 10 10  9  8  8  7  7  6  5  5  4  4  3  2  2  1  1  0  0   *
*   NY= 5  (16)  |  9  9  8  7  7  6  6  5  4  4  3  3  2  1  1  0  0         *
*   NY= 6  (14)  |  8  8  7  6  6  5  5  4  3  3  2  2  1  0  0               *
*   NY= 7  (12)  |  7  7  6  5  5  4  4  3  2  2  1  1  0                     *
*   NY= 8  (11)  |  6  6  5  4  4  3  3  2  1  1  0  0                        *
*   NY= 9  ( 9)  |  5  5  4  3  3  2  2  1  0  0                              *
*   NY=10  ( 7)  |  4  4  3  2  2  1  1  0                                    *
*   NY=11  ( 6)  |  3  3  2  1  1  0  0                                       *
*   NY=12  ( 4)  |  2  2  1  0  0                                             *
*   NY=13  ( 2)  |  1  1  0                                                   *
*   NY=14  ( 1)  |  0  0                                                      *
*                                                                             *
*                                                                             *
*        NZ ===>>>  0  1  2  3  4  5  6  7  8  9 10 11 12 13 14 15 16 17 18   *
*        MAX.NX => 14 14 13 12 12 11 11 10  9  9  8  8  7  6  6  5  5  4  4   *
*                 ---------------------------------------------------------   *
*   NX= 0  (24)  | 14 14 13 12 12 11 11 10  9  9  8  8  7  6  6  5  5  4  4   *
*   NX= 1  (23)  | 13 13 12 11 11 10 10  9  8  8  7  7  6  5  5  4  4  3  3   *
*   NX= 2  (21)  | 12 12 11 10 10  9  9  8  7  7  6  6  5  4  4  3  3  2  2   *
*   NX= 3  (19)  | 11 11 10  9  9  8  8  7  6  6  5  5  4  3  3  2  2  1  1   *
*   NX= 4  (18)  | 10 10  9  8  8  7  7  6  5  5  4  4  3  2  2  1  1  0  0   *
*   NX= 5  (16)  |  9  9  8  7  7  6  6  5  4  4  3  3  2  1  1  0  0         *
*   NX= 6  (14)  |  8  8  7  6  6  5  5  4  3  3  2  2  1  0  0               *
*   NX= 7  (12)  |  7  7  6  5  5  4  4  3  2  2  1  1  0                     *
*   NX= 8  (11)  |  6  6  5  4  4  3  3  2  1  1  0  0                        *
*   NX= 9  ( 9)  |  5  5  4  3  3  2  2  1  0  0                              *
*   NX=10  ( 7)  |  4  4  3  2  2  1  1  0                                    *
*   NX=11  ( 6)  |  3  3  2  1  1  0  0                                       *
*   NX=12  ( 4)  |  2  2  1  0  0                                             *
*   NX=13  ( 2)  |  1  1  0                                                   *
*   NX=14  ( 1)  |  0  0                                                      *
*                                                                             *
*******************************************************************************

*******************************************************************************
*                                                                             *
* NUCLIDE: N =  98  Z =  78  NUMBER OF ITERATIONS = 1000   CONTINUATION? = 1  *
*                                                                             *
*******************************************************************************
*                                                                             *
* ITERATIONS WILL STOP WHEN THE STABILITY BECOMES LOWER THAN EPSITE=0.300000  *
*                                            FOR    5 CONSECUTIVE ITERATIONS  *
*                                                                             *
*******************************************************************************
*                                                                             *
* ITERATIONS WILL STOP WHEN THE PING-PONG DIVERGENCE OCCURS FOR EPSPNG=0.010  *
*                                DURING    5 PAIRS OF CONSECUTIVE ITERATIONS  *
*                                                                             *
*******************************************************************************
*                                                                             *
* ITERATIONS WILL STOP FOR CHAOTIC-DIVERGENCE CONDITION OCCURING   20  TIMES  *
*                                                                             *
*******************************************************************************
*                                                                             *
* SLOW-DOWN PARAMETERS:                                                       *
* TIME-EVEN = 0.85   TIME-ODD = 0.85   PAIRING = 0.85   LIPKIN-NOGAMI = 0.85  *
*                    LIP-MASS = 0.50   LIP-MOI = 0.50   LIPKIN-METHOD = 0.50  *
*                                                                             *
*******************************************************************************
*                                                                             *
* BROYDEN METHOD IS:  ON                                                      *
*                                                                             *
*    TRIGGERED ONLY WHEN STABILITY IS LOWER THAN :  1000.000 MEV              *
*    INITIAL SLOWING FACTOR (BEFORE TRIGGER)     :     0.85 (=SLOWEV)         *
*    BROYDEN SLOWING FACTOR (AFTER  TRIGGER)     :     0.40 (=1-ALPHAM)       *
*    NUMBER OF ITERATIONS RETAINED IN MEMORY     :    10                      *
*                                                                             *
*******************************************************************************
*                                                                             *
* DIRECT COULOMB TERMS SOLVED BY GREEN FUNCTION AND FOURIER TRANSFORM METHOD  *
* COULOMB PARAMETERS:  NUMCOU = 80  NUMETA = 79  BOUCOU = 20.0  FURMAX =0.25  *
*                                                                             *
*******************************************************************************
*                                                                             *
* EXCHANGE COULOMB TERMS TREATED BY THE SLATER APPROXIMATION                  *
*                                                                             *
*******************************************************************************
*                                                                             *
* MAXIMUM NUMBERS OF MULTIPOLE MOMENTS USED FOR THE CONSTRAINTS,    NMUCON=4  *
*                                           FOR THE COULOMB FIELD,  NMUCOU=4  *
*                                           FOR THE OUTPUT INFO,    NMUPRI=4  *
*                                                                             *
*******************************************************************************
*                                                                             *
* MULTIPOLE CONSTRAINTS: LAMBDA= 2  MIU= 0  MOMENT=149.000  STIFFNESS= 0.500  *
*                        LAMBDA= 3  MIU= 0  MOMENT= 64.000  STIFFNESS= 0.500  *
*                                                                             *
*******************************************************************************
*                                                                             *
* LINEAR MULTIPOLE CONSTRAINTS: LAMBDA= 2  MIU= 0  LAGRANGE PAR. USED= 0.000  *
*                               LAMBDA= 3  MIU= 0  LAGRANGE PAR. USED= 0.000  *
*                                                                             *
*******************************************************************************
*                                                                             *
* THE LAGRANGE PARAMETERS OF THE LINEAR CONSTRAINTS ARE RE-ADJUSTED AT EACH   *
* ITERATION BY USING THE CRANKING APPROXIMATION OF THE RPA MATRIX             *
*                                                                             *
*******************************************************************************
*                                                                             *
* PRINTING THE RESULTS FOR THE FOLLOWING ITERATIONS:         THE  FIRST: YES  *
*                                                            THE MIDDLE:  NO  *
*                                                     AND/OR THE   LAST: YES  *
*                                                                             *
*******************************************************************************
*                                                                             *
* PRINTING THE MOMENTS, RADII, AND DEFORMATIONS FOR:           NEUTRONS: YES  *
*                                                              PROTONS : YES  *
*                                                              MASS    : YES  *
*                                                                             *
*******************************************************************************
*                                                                             *
* PRINTING THE MOMENTS, MOMENTA AND DEFORMATIONS IN THE INTRINSIC FRAME: YES  *
*                                                                             *
*******************************************************************************
*                                                                             *
* NILSSON LABELS OF SINGLE-PARTICLE STATES SHOWN WITH RESPECT TO THE: Z-AXIS  *
*                                                                             *
*******************************************************************************
*                                                                             *
* CALCULATIONS WITH THE HFB PAIRING CORRELATIONS                              *
*                                                                             *
*******************************************************************************
*                                                                             *
* CONTACT PAIRING INTERACTION:     V0        V1       RHO-SAT      POWER      *
*                    NEUTRONS:  -234.380   732.438     0.320     1.0000000    *
*                     PROTONS:  -260.437   813.866     0.320     1.0000000    *
*                                                                             *
*******************************************************************************
*                                                                             *
* CUTOFF ENERGY DEFINING THE ACTIVE HFB PAIRING SPACE=      60.000            *
*                                                                             *
*******************************************************************************
*                                                                             *
* CALCULATIONS WITH SIMPLEX SYMMETRY                                          *
*                                                                             *
*******************************************************************************
*                                                                             *
* CALCULATIONS WITH TIME-ODD SYMMETRIES:        T*SIMPLEX_X =>     CONSERVED  *
*                                               T*SIMPLEX_Y =>     CONSERVED  *
*                                               T*SIMPLEX_Z => NON CONSERVED  *
*                                                                             *
*******************************************************************************
*                                                                             *
* CALCULATIONS WITHOUT ROTATION                                               *
*                                                                             *
*******************************************************************************

*******************************************************************************
*                                                                             *
*  CALLING SUBROUTINE "RECORD" TO READ THE REPLAY FILE OBTAINED PREVIOUSLY    *
*  ./restart/HFODD_00000041.REC                                               *
*                                                                             *
*******************************************************************************

*******************************************************************************
*                                                                             *
*  SINGLE-QUASIPARTICLE PROPERTIES:                                NEUTRONS   *
*                                                                             *
*******************************************************************************
*                                                                             *
*  NO)   ENERGY   (S=+,S=-)       PARITY   V2QUAP   EEQUIV   DEQUIV   V_CORR  *
*                                                                             *
*  49)    9.512   (  0, 25)        0.340  0.99425  -18.734    1.439  0.99980  *
*  50)    9.512   ( 25,  0)        0.340  0.99425  -18.734    1.439  0.99980  *
*  51)    8.577   (  0, 26)        0.212  0.99526  -17.827    1.178  0.99981  *
*  52)    8.577   ( 26,  0)        0.212  0.99526  -17.827    1.178  0.99981  *
*  53)    7.764   ( 27,  0)        0.307  0.99786  -17.062    0.717  0.99991  *
*  54)    7.764   (  0, 27)        0.307  0.99786  -17.062    0.717  0.99991  *
*  55)    7.626   (  0, 28)        0.144  0.99744  -16.918    0.770  0.99989  *
*  56)    7.626   ( 28,  0)        0.144  0.99744  -16.918    0.770  0.99989  *
*  57)    7.600   (  0, 29)       -0.125  0.99787  -16.899    0.701  0.99990  *
*  58)    7.600   ( 29,  0)       -0.125  0.99787  -16.899    0.701  0.99990  *
*  59)    7.307   (  0, 30)       -0.248  0.99753  -16.602    0.725  0.99988  *
*  60)    7.307   ( 30,  0)       -0.248  0.99753  -16.602    0.725  0.99988  *
*  61)    7.040   (  0, 31)       -0.197  0.98607  -16.175    1.650  0.99932  *
*  62)    7.040   ( 31,  0)       -0.197  0.98607  -16.175    1.650  0.99932  *
*  63)    6.199   (  0, 32)       -0.435  0.99354  -15.450    0.993  0.99964  *
*  64)    6.199   ( 32,  0)       -0.435  0.99354  -15.450    0.993  0.99964  *
*  65)    6.040   (  0, 33)       -0.001  0.99527  -15.314    0.829  0.99973  *
*  66)    6.040   ( 33,  0)       -0.001  0.99527  -15.314    0.829  0.99973  *
*  67)    5.176   (  0, 34)       -0.118  0.99528  -14.458    0.709  0.99968  *
*  68)    5.176   ( 34,  0)       -0.118  0.99528  -14.458    0.709  0.99968  *
*  71)    4.577   (  0, 36)       -0.213  0.96962  -13.630    1.571  0.99765  *
*  72)    4.577   ( 36,  0)       -0.213  0.96962  -13.630    1.571  0.99765  *
*  73)    3.949   (  0, 37)       -0.202  0.98125  -13.132    1.071  0.99829  *
*  74)    3.949   ( 37,  0)       -0.202  0.98125  -13.132    1.071  0.99829  *
*  75)    3.669   (  0, 38)       -0.159  0.99303  -12.949    0.610  0.99931  *
*  76)    3.669   ( 38,  0)       -0.159  0.99303  -12.949    0.610  0.99931  *
*  77)    2.626   ( 39,  0)        0.128  0.98427  -11.875    0.654  0.99769  *
*  78)    2.626   (  0, 39)        0.128  0.98427  -11.875    0.654  0.99769  *
*  79)    2.413   ( 40,  0)       -0.293  0.98288  -11.662    0.626  0.99722  *
*  80)    2.413   (  0, 40)       -0.293  0.98288  -11.662    0.626  0.99722  *
*  83)    2.336   (  0, 42)       -0.188  0.97895  -11.569    0.671  0.99644  *
*  84)    2.336   ( 42,  0)       -0.188  0.97895  -11.569    0.671  0.99644  *
*  85)    2.297   (  0, 43)        0.007  0.97989  -11.536    0.645  0.99653  *
*  86)    2.297   ( 43,  0)        0.007  0.97989  -11.536    0.645  0.99653  *
*  87)    2.092   (  0, 44)       -0.277  0.98056  -11.342    0.578  0.99623  *
*  88)    2.092   ( 44,  0)       -0.277  0.98056  -11.342    0.578  0.99623  *
*  89)    1.500   ( 45,  0)        0.033  0.97045  -10.742    0.508  0.99117  *
*  90)    1.500   (  0, 45)        0.033  0.97045  -10.742    0.508  0.99117  *
*  91)    1.397   (  0, 46)        0.126  0.91754  -10.498    0.768  0.97399  *
*  92)    1.397   ( 46,  0)        0.126  0.91754  -10.498    0.768  0.97399  *
*  93)    1.047   (  0, 47)       -0.150  0.91083  -10.191    0.597  0.95801  *
*  94)    1.047   ( 47,  0)       -0.150  0.91083  -10.191    0.597  0.95801  *
*  95)    0.817   (  0, 48)       -0.140  0.78589   -9.799    0.671  0.87968  *
*  96)    0.817   ( 48,  0)       -0.140  0.78589   -9.799    0.671  0.87968  *
*  97)    0.745   (  0, 49)       -0.272  0.74551   -9.697    0.649  0.84803  *
*  98)    0.745   ( 49,  0)       -0.272  0.74551   -9.697    0.649  0.84803  *
*  99)    0.681   (  0, 50)       -0.181  0.72335   -9.635    0.609  0.82126  *
* 100)    0.681   ( 50,  0)       -0.181  0.72335   -9.635    0.609  0.82126  *
* 101)    0.512   ( 51,  0)       -0.149  0.40177   -9.231    0.502  0.66843  *
* 102)    0.512   (  0, 51)       -0.149  0.40177   -9.231    0.502  0.66843  *
* 103)    0.475   (  0, 52)        0.052  0.36204   -9.200    0.457  0.64186  *
* 104)    0.475   ( 52,  0)        0.052  0.36204   -9.200    0.457  0.64186  *
* 105)    0.713   ( 53,  0)        0.246  0.31022   -9.061    0.659  0.73326  *
* 106)    0.713   (  0, 53)        0.246  0.31022   -9.061    0.659  0.73326  *
* 107)    0.725   ( 54,  0)        0.315  0.29795   -9.038    0.663  0.73496  *
* 108)    0.725   (  0, 54)        0.315  0.29795   -9.038    0.663  0.73496  *
* 109)    0.821   ( 55,  0)        0.118  0.22743   -8.884    0.688  0.75024  *
* 110)    0.821   (  0, 55)        0.118  0.22743   -8.884    0.688  0.75024  *
* 111)    1.481   ( 56,  0)        0.478  0.08711   -8.108    0.835  0.83250  *
* 112)    1.481   (  0, 56)        0.478  0.08711   -8.108    0.835  0.83250  *
* 113)    1.349   ( 57,  0)        0.286  0.03982   -8.089    0.528  0.81331  *
* 114)    1.349   (  0, 57)        0.286  0.03982   -8.089    0.528  0.81331  *
* 117)    2.758   ( 59,  0)       -0.105  0.01765   -6.671    0.726  0.89776  *
* 118)    2.758   (  0, 59)       -0.105  0.01765   -6.671    0.726  0.89776  *
* 119)    3.012   (  0, 60)        0.374  0.00907   -6.374    0.571  0.90495  *
* 120)    3.012   ( 60,  0)        0.374  0.00907   -6.374    0.571  0.90495  *
* 121)    3.531   (  0, 61)       -0.050  0.00551   -5.839    0.523  0.91755  *
* 122)    3.531   ( 61,  0)       -0.050  0.00551   -5.839    0.523  0.91755  *
* 123)    4.143   ( 62,  0)       -0.012  0.01744   -5.333    1.085  0.92958  *
* 124)    4.143   (  0, 62)       -0.012  0.01744   -5.333    1.085  0.92958  *
* 125)    4.347   ( 63,  0)        0.179  0.00366   -5.016    0.525  0.93188  *
* 126)    4.347   (  0, 63)        0.179  0.00366   -5.016    0.525  0.93188  *
* 127)    4.766   ( 64,  0)       -0.012  0.02920   -4.843    1.605  0.93886  *
* 128)    4.766   (  0, 64)       -0.012  0.02920   -4.843    1.605  0.93886  *
* 129)    4.731   ( 65,  0)        0.061  0.00359   -4.634    0.566  0.93706  *
* 130)    4.731   (  0, 65)        0.061  0.00359   -4.634    0.566  0.93706  *
* 131)    5.141   ( 66,  0)        0.253  0.00335   -4.225    0.594  0.94177  *
* 132)    5.141   (  0, 66)        0.253  0.00335   -4.225    0.594  0.94177  *
* 133)    5.742   ( 67,  0)        0.167  0.00504   -3.647    0.813  0.94763  *
* 134)    5.742   (  0, 67)        0.167  0.00504   -3.647    0.813  0.94763  *
* 135)    5.937   (  0, 68)        0.000  0.00115   -3.408    0.403  0.94908  *
* 136)    5.937   ( 68,  0)        0.000  0.00115   -3.408    0.403  0.94908  *
* 139)    6.073   ( 70,  0)       -0.259  0.00498   -3.319    0.855  0.95034  *
* 140)    6.073   (  0, 70)       -0.259  0.00498   -3.319    0.855  0.95034  *
* 141)    6.313   (  0, 71)        0.196  0.00161   -3.039    0.506  0.95199  *
* 142)    6.313   ( 71,  0)        0.196  0.00161   -3.039    0.506  0.95199  *
* 143)    6.426   (  0, 72)       -0.127  0.00248   -2.937    0.639  0.95283  *
* 144)    6.426   ( 72,  0)       -0.127  0.00248   -2.937    0.639  0.95283  *
* 145)    6.668   ( 73,  0)        0.085  0.00235   -2.694    0.646  0.95447  *
* 146)    6.668   (  0, 73)        0.085  0.00235   -2.694    0.646  0.95447  *
* 147)    6.926   ( 74,  0)        0.036  0.00653   -2.496    1.115  0.95625  *
* 148)    6.926   (  0, 74)        0.036  0.00653   -2.496    1.115  0.95625  *
* 149)    7.034   ( 75,  0)       -0.121  0.00708   -2.396    1.180  0.95691  *
* 150)    7.034   (  0, 75)       -0.121  0.00708   -2.396    1.180  0.95691  *
* 151)    6.982   ( 76,  0)        0.021  0.00224   -2.381    0.659  0.95642  *
* 152)    6.982   (  0, 76)        0.021  0.00224   -2.381    0.659  0.95642  *
* 153)    7.166   ( 77,  0)        0.301  0.00149   -2.186    0.552  0.95746  *
* 154)    7.166   (  0, 77)        0.301  0.00149   -2.186    0.552  0.95746  *
* 155)    7.250   (  0, 78)       -0.064  0.00127   -2.100    0.517  0.95792  *
* 156)    7.250   ( 78,  0)       -0.064  0.00127   -2.100    0.517  0.95792  *
* 157)    7.277   (  0, 79)       -0.207  0.00264   -2.092    0.747  0.95813  *
* 158)    7.277   ( 79,  0)       -0.207  0.00264   -2.092    0.747  0.95813  *
* 159)    7.491   ( 80,  0)        0.232  0.00177   -1.866    0.630  0.95924  *
* 160)    7.491   (  0, 80)        0.232  0.00177   -1.866    0.630  0.95924  *
* 161)    7.883   ( 81,  0)       -0.067  0.00154   -1.473    0.618  0.96118  *
* 162)    7.883   (  0, 81)       -0.067  0.00154   -1.473    0.618  0.96118  *
* 163)    8.108   ( 82,  0)        0.027  0.00122   -1.243    0.567  0.96221  *
* 164)    8.108   (  0, 82)        0.027  0.00122   -1.243    0.567  0.96221  *
* 165)    8.326   (  0, 83)       -0.435  0.00149   -1.030    0.641  0.96317  *
* 166)    8.326   ( 83,  0)       -0.435  0.00149   -1.030    0.641  0.96317  *
* 167)    8.543   ( 84,  0)        0.252  0.00333   -0.845    0.984  0.96413  *
* 168)    8.543   (  0, 84)        0.252  0.00333   -0.845    0.984  0.96413  *
* 169)    8.527   ( 85,  0)       -0.053  0.00153   -0.830    0.667  0.96401  *
* 170)    8.527   (  0, 85)       -0.053  0.00153   -0.830    0.667  0.96401  *
* 171)    8.652   ( 86,  0)       -0.014  0.00136   -0.702    0.639  0.96451  *
* 172)    8.652   (  0, 86)       -0.014  0.00136   -0.702    0.639  0.96451  *
* 173)    8.767   ( 87,  0)       -0.327  0.00109   -0.583    0.579  0.96494  *
* 174)    8.767   (  0, 87)       -0.327  0.00109   -0.583    0.579  0.96494  *
* 175)    9.379   ( 88,  0)        0.068  0.00114    0.026    0.633  0.96716  *
* 176)    9.379   (  0, 88)        0.068  0.00114    0.026    0.633  0.96716  *
* 177)    9.677   ( 89,  0)       -0.079  0.00098    0.327    0.606  0.96813  *
* 178)    9.677   (  0, 89)       -0.079  0.00098    0.327    0.606  0.96813  *
* 179)    9.854   ( 90,  0)        0.126  0.00566    0.411    1.479  0.96882  *
* 180)    9.854   (  0, 90)        0.126  0.00566    0.411    1.479  0.96882  *
*                                                                             *
*1764)   TOTAL=  ( 882, 882)                                                  *
*                                                                             *
*******************************************************************************

*******************************************************************************
*                                                                             *
*  SINGLE-PARTICLE PROPERTIES: CANONICAL                           NEUTRONS   *
*                                                                             *
*******************************************************************************
*                                                                             *
*  NO)   ENERGY   (S=+,S=-)   | N,nz,lz,OMEz>   <P>    <JY>    <SY>   GFACT   *
*                                                                             *
*  40)  -11.876   ( 40,---)   | 4, 0, 4, 7/2>    12  -0.033   0.003  -0.092   *
*  41)  -11.667   ( 41,---)   | 5, 3, 2, 3/2>   -28  -0.013  -0.018   1.365   *
*  42)  -11.593   ( 42,---)   | 5, 4, 1, 1/2>   -15  -0.489  -0.320   0.654   *
*  43)  -11.546   ( 43,---)   | 5, 2, 3, 5/2>    -2   0.087  -0.010  -0.116   *
*  44)  -11.362   ( 44,---)   | 3, 1, 0, 1/2>   -29  -0.105  -0.325   3.104   *
*  45)  -10.794   ( 45,---)   | 4, 0, 0, 1/2>    -1   0.040  -0.368  -9.146   *
*  46)  -10.618   ( 46,---)   | 4, 0, 2, 3/2>    14  -0.028   0.002  -0.083   *
*  47)  -10.223   ( 47,---)   | 4, 0, 0, 1/2>   -13   0.012  -0.246 -2.E+01   *
*  48)   -9.935   ( 48,---)   | 5, 4, 1, 3/2>   -15  -0.058  -0.021   0.362   *
*  49)   -9.698   ( 49,---)   | 5, 0, 5,11/2>   -27  -0.003  -0.000   0.176   *
*  50)   -9.649   ( 50,---)   | 5, 3, 2, 5/2>   -18   0.002   0.001   0.346   *
*  51)   -9.229   ( 51,---)   | 5, 5, 0, 1/2>   -12  -0.319  -0.346   1.086   *
*  52)   -9.184   ( 52,---)   |11, 9, 2, 3/2>     8  -0.025  -0.004   0.161   *
*  53)   -9.060   ( 53,---)   | 6, 3, 3, 7/2>    24   0.011   0.001   0.098   *
*  54)   -9.037   ( 54,---)   | 6, 2, 4, 9/2>    31  -0.017  -0.001   0.081   *
*  55)   -8.718   ( 55,---)   | 5, 3, 0, 1/2>    20  -1.579  -0.262   0.166   *
*  56)   -7.993   ( 56,---)   | 6, 4, 2, 5/2>    27  -0.009  -0.001   0.112   *
*  57)   -7.943   ( 57,---)   | 6, 3, 1, 3/2>    29   0.002  -0.002  -1.054   *
*  58)   -6.484   ( 58,---)   | 6, 5, 1, 1/2>    20  -0.954  -0.152   0.159   *
*  59)   -6.275   ( 59,---)   | 6, 2, 2, 5/2>    19  -0.006  -0.001   0.214   *
*  60)   -5.384   ( 60,---)   | 5, 3, 0, 1/2>    16   0.136  -0.308  -2.271   *
*  61)   -4.770   ( 61,---)   | 5, 0, 1, 3/2>    15  -0.004   0.000  -0.041   *
*  62)   -4.635   ( 62,---)   | 6, 1, 3, 7/2>    24  -0.001  -0.002   1.809   *
*  63)   -4.375   ( 63,---)   | 6, 5, 1, 3/2>    30  -0.007  -0.000   0.044   *
*  64)   -4.057   ( 64,---)   | 8, 8, 0, 1/2>    38  -0.986  -0.445   0.451   *
*  65)   -3.186   ( 65,---)   | 5, 0, 1, 1/2>    15  -0.673  -0.193   0.287   *
*  66)   -2.875   ( 66,---)   |13,10, 3, 7/2>     0  -0.000   0.000  -0.149   *
*  67)   -2.694   ( 67,---)   | 6, 3, 3, 5/2>    29   0.089  -0.001  -0.013   *
*  68)   -2.677   ( 68,---)   | 5, 0, 5, 9/2>    -6  -0.000   0.000  -1.085   *
*  69)   -2.550   ( 69,---)   | 6, 4, 2, 5/2>    12  -0.224  -0.065   0.291   *
*  70)   -2.384   ( 70,---)   | 6, 2, 4, 7/2>     2  -0.082   0.000  -0.002   *
*  71)   -2.208   ( 71,---)   | 5, 0, 1, 3/2>   -16  -0.007  -0.020   2.846   *
*  72)   -1.937   ( 72,---)   | 5, 0, 1, 1/2>   -27  -0.358  -0.219   0.611   *
*  73)   -1.763   ( 73,---)   | 6, 2, 2, 3/2>    44  -0.245   0.052  -0.212   *
*  74)   -1.729   ( 74,---)   | 6, 2, 0, 1/2>    28   1.364  -0.273  -0.200   *
*  75)   -1.498   ( 75,---)   | 6, 0, 6,13/2>    24  -0.000  -0.000   0.455   *
*  76)   -1.238   ( 76,---)   | 6, 1, 3, 5/2>    21  -0.029   0.003  -0.095   *
*  77)   -0.888   ( 77,---)   | 6, 1, 1, 1/2>     7  -0.298  -0.070   0.237   *
*  78)   -0.748   ( 78,---)   | 7, 2, 5,11/2>   -29   0.186  -0.043  -0.229   *
*  79)   -0.662   ( 79,---)   | 6, 4, 2, 3/2>    10  -0.006   0.001  -0.228   *
*  80)   -0.475   ( 80,---)   | 5, 1, 2, 3/2>    -5  -0.124  -0.007   0.056   *
*  81)   -0.367   ( 81,---)   | 7, 3, 4, 9/2>   -31   0.009   0.001   0.078   *
*  82)   -0.205   ( 82,---)   | 7, 4, 3, 7/2>   -13   0.019  -0.003  -0.133   *
*  83)   -0.110   ( 83,---)   | 7, 3, 2, 5/2>   -27  -0.057  -0.020   0.345   *
*  84)   -0.052   ( 84,---)   | 6, 4, 0, 1/2>     7  -0.959  -0.298   0.311   *
*                                                                             *
*******************************************************************************

*******************************************************************************
*                                                                             *
*  HFB PAIRING PROPERTIES                                           NEUTRONS  *
*                                                                             *
*  STRENGTH= 0.0624   GAP=-0.5801   FERMI ENERGY= -9.6500   ENERGY=  -5.3905  *
*                                                                             *
*******************************************************************************

*******************************************************************************
*                                                                             *
*  MULTIPOLE MOMENTS [UNITS:  (10 FERMI)^LAMBDA]                    NEUTRONS  *
*                                                                             *
*******************************************************************************
*                                                                             *
*  Q00 = 98.0000  .............  .............  .............  .............  *
*                                                                             *
*  Q10 = 18.3150  Q11 =    ZERO  .............  .............  .............  *
*                                                                             *
*  Q20 = 78.2293  Q21 =    ZERO  Q22 =  0.0426  .............  .............  *
*                                                                             *
*  Q30 = 35.3909  Q31 =    ZERO  Q32 = -0.0042  Q33 =    ZERO  .............  *
*                                                                             *
*  Q40 = 51.7696  Q41 =    ZERO  Q42 =  0.0128  Q43 =    ZERO  Q44 = 8.3E-05  *
*                                                                             *
*******************************************************************************

*******************************************************************************
*                                                                             *
*  ROOT-MEAN-SQUARE AND GEOMETRIC SIZES IN FERMIS                   NEUTRONS  *
*                                                                             *
*  R_RMS =  7.6983     X_RMS =  2.5422    Y_RMS =  2.5373    Z_RMS =  6.8091  *
*                                                                             *
*  R_GEO =  9.9385     X_GEO =  5.6846    Y_GEO =  5.6736    Z_GEO = 15.2255  *
*                                                                             *
*******************************************************************************

*******************************************************************************
*                                                                             *
*  BOHR DEFORMATIONS (FIRST-ORDER APPROXIMATION)                    NEUTRONS  *
*                                                                             *
*******************************************************************************
*                                                                             *
*  B10 =  0.3849  B11 =    ZERO  .............  .............  .............  *
*                                                                             *
*  B20 =  1.0677  B21 =    ZERO  B22 = 5.8E-04  .............  .............  *
*                                                                             *
*  B30 =  1.5410  B31 =    ZERO  B32 =-2.6E-04  B33 =    ZERO  .............  *
*                                                                             *
*  B40 =  2.2681  B41 =    ZERO  B42 = 7.9E-04  B43 =    ZERO  B44 = 5.1E-06  *
*                                                                             *
*******************************************************************************
*                                                                             *
*  BOHR DENSITY = 0.0238 FM^(-3)  BOHR RADIUS =   9.9385 FM                   *
*                                                                             *
*******************************************************************************

*******************************************************************************
*                                                                             *
*  SINGLE-QUASIPARTICLE PROPERTIES:                                 PROTONS   *
*                                                                             *
*******************************************************************************
*                                                                             *
*  NO)   ENERGY   (S=+,S=-)       PARITY   V2QUAP   EEQUIV   DEQUIV   V_CORR  *
*                                                                             *
*  39)    9.771   (  0, 20)       -0.061  0.99885  -12.505    0.664  0.99997  *
*  40)    9.771   ( 20,  0)       -0.061  0.99885  -12.505    0.664  0.99997  *
*  41)    8.772   ( 21,  0)        0.226  0.99799  -11.494    0.787  0.99994  *
*  42)    8.772   (  0, 21)        0.226  0.99799  -11.494    0.787  0.99994  *
*  43)    8.424   (  0, 22)       -0.116  0.99862  -11.157    0.626  0.99996  *
*  44)    8.424   ( 22,  0)       -0.116  0.99862  -11.157    0.626  0.99996  *
*  45)    8.149   ( 23,  0)        0.252  0.99852  -10.881    0.627  0.99996  *
*  46)    8.149   (  0, 23)        0.252  0.99852  -10.881    0.627  0.99996  *
*  47)    7.577   ( 24,  0)        0.043  0.99832  -10.308    0.620  0.99995  *
*  48)    7.577   (  0, 24)        0.043  0.99832  -10.308    0.620  0.99995  *
*  49)    7.292   (  0, 25)        0.102  0.99869  -10.029    0.528  0.99996  *
*  50)    7.292   ( 25,  0)        0.102  0.99869  -10.029    0.528  0.99996  *
*  51)    6.916   (  0, 26)        0.039  0.99809   -9.647    0.603  0.99993  *
*  52)    6.916   ( 26,  0)        0.039  0.99809   -9.647    0.603  0.99993  *
*  53)    6.039   ( 27,  0)        0.404  0.99759   -8.766    0.593  0.99990  *
*  54)    6.039   (  0, 27)        0.404  0.99759   -8.766    0.593  0.99990  *
*  55)    4.982   ( 28,  0)        0.238  0.99534   -7.692    0.679  0.99977  *
*  56)    4.982   (  0, 28)        0.238  0.99534   -7.692    0.679  0.99977  *
*  57)    4.897   (  0, 29)        0.268  0.99604   -7.615    0.615  0.99980  *
*  58)    4.897   ( 29,  0)        0.268  0.99604   -7.615    0.615  0.99980  *
*  59)    4.158   (  0, 30)        0.224  0.99501   -6.873    0.586  0.99970  *
*  60)    4.158   ( 30,  0)        0.224  0.99501   -6.873    0.586  0.99970  *
*  61)    4.143   (  0, 31)       -0.126  0.99570   -6.864    0.542  0.99974  *
*  62)    4.143   ( 31,  0)       -0.126  0.99570   -6.864    0.542  0.99974  *
*  63)    4.101   (  0, 32)       -0.275  0.99251   -6.796    0.707  0.99954  *
*  64)    4.101   ( 32,  0)       -0.275  0.99251   -6.796    0.707  0.99954  *
*  65)    3.663   ( 33,  0)       -0.234  0.98821   -6.333    0.791  0.99918  *
*  66)    3.663   (  0, 33)       -0.234  0.98821   -6.333    0.791  0.99918  *
*  67)    3.435   (  0, 34)       -0.001  0.99546   -6.160    0.462  0.99966  *
*  68)    3.435   ( 34,  0)       -0.001  0.99546   -6.160    0.462  0.99966  *
*  69)    2.730   (  0, 35)       -0.428  0.99115   -5.439    0.511  0.99914  *
*  70)    2.730   ( 35,  0)       -0.428  0.99115   -5.439    0.511  0.99914  *
*  71)    1.757   (  0, 36)       -0.117  0.97392   -4.422    0.560  0.99576  *
*  72)    1.757   ( 36,  0)       -0.117  0.97392   -4.422    0.560  0.99576  *
*  73)    1.123   (  0, 37)       -0.181  0.94616   -3.759    0.507  0.98476  *
*  74)    1.123   ( 37,  0)       -0.181  0.94616   -3.759    0.507  0.98476  *
*  75)    0.740   (  0, 38)       -0.169  0.87066   -3.305    0.497  0.93946  *
*  76)    0.740   ( 38,  0)       -0.169  0.87066   -3.305    0.497  0.93946  *
*  77)    0.632   (  0, 39)       -0.245  0.75375   -3.078    0.545  0.87725  *
*  78)    0.632   ( 39,  0)       -0.245  0.75375   -3.078    0.545  0.87725  *
*  79)    0.503   (  0, 40)       -0.029  0.61558   -2.873    0.489  0.79010  *
*  80)    0.503   ( 40,  0)       -0.029  0.61558   -2.873    0.489  0.79010  *
*  81)    0.593   (  0, 41)        0.077  0.35953   -2.590    0.569  0.76937  *
*  82)    0.593   ( 41,  0)        0.077  0.35953   -2.590    0.569  0.76937  *
*  83)    1.034   ( 42,  0)       -0.083  0.07162   -1.871    0.533  0.82438  *
*  84)    1.034   (  0, 42)       -0.083  0.07162   -1.871    0.533  0.82438  *
*  85)    1.097   ( 43,  0)       -0.368  0.05978   -1.791    0.520  0.83158  *
*  86)    1.097   (  0, 43)       -0.368  0.05978   -1.791    0.520  0.83158  *
*  87)    1.254   ( 44,  0)       -0.347  0.04741   -1.622    0.533  0.84838  *
*  88)    1.254   (  0, 44)       -0.347  0.04741   -1.622    0.533  0.84838  *
*  89)    1.493   (  0, 45)       -0.315  0.03269   -1.361    0.531  0.86828  *
*  90)    1.493   ( 45,  0)       -0.315  0.03269   -1.361    0.531  0.86828  *
*  91)    1.876   (  0, 46)       -0.002  0.01961   -0.954    0.520  0.89132  *
*  92)    1.876   ( 46,  0)       -0.002  0.01961   -0.954    0.520  0.89132  *
*  93)    2.347   ( 47,  0)       -0.308  0.01104   -0.462    0.490  0.91062  *
*  94)    2.347   (  0, 47)       -0.308  0.01104   -0.462    0.490  0.91062  *
*  95)    2.471   ( 48,  0)       -0.118  0.00827   -0.326    0.448  0.91455  *
*  96)    2.471   (  0, 48)       -0.118  0.00827   -0.326    0.448  0.91455  *
*  97)    2.761   (  0, 49)       -0.206  0.01092   -0.055    0.574  0.92301  *
*  98)    2.761   ( 49,  0)       -0.206  0.01092   -0.055    0.574  0.92301  *
*  99)    3.364   ( 50,  0)       -0.303  0.00496    0.574    0.473  0.93560  *
* 100)    3.364   (  0, 50)       -0.303  0.00496    0.574    0.473  0.93560  *
* 101)    3.499   ( 51,  0)       -0.070  0.00512    0.706    0.499  0.93794  *
* 102)    3.499   (  0, 51)       -0.070  0.00512    0.706    0.499  0.93794  *
* 103)    3.687   (  0, 52)        0.534  0.00574    0.888    0.557  0.94095  *
* 104)    3.687   ( 52,  0)        0.534  0.00574    0.888    0.557  0.94095  *
* 105)    3.803   (  0, 53)       -0.174  0.01197    0.955    0.827  0.94296  *
* 106)    3.803   ( 53,  0)       -0.174  0.01197    0.955    0.827  0.94296  *
* 107)    3.955   ( 54,  0)        0.112  0.00725    1.141    0.671  0.94481  *
* 108)    3.955   (  0, 54)        0.112  0.00725    1.141    0.671  0.94481  *
* 109)    4.504   (  0, 55)        0.198  0.00314    1.719    0.504  0.95103  *
* 110)    4.504   ( 55,  0)        0.198  0.00314    1.719    0.504  0.95103  *
* 111)    4.833   ( 56,  0)        0.101  0.00200    2.057    0.432  0.95417  *
* 112)    4.833   (  0, 56)        0.101  0.00200    2.057    0.432  0.95417  *
* 113)    5.136   (  0, 57)        0.020  0.00443    2.333    0.682  0.95685  *
* 114)    5.136   ( 57,  0)        0.020  0.00443    2.333    0.682  0.95685  *
* 115)    6.260   (  0, 58)        0.005  0.00246    3.472    0.620  0.96426  *
* 116)    6.260   ( 58,  0)        0.005  0.00246    3.472    0.620  0.96426  *
* 117)    6.833   ( 59,  0)        0.167  0.00130    4.059    0.492  0.96712  *
* 118)    6.833   (  0, 59)        0.167  0.00130    4.059    0.492  0.96712  *
* 119)    7.641   (  0, 60)       -0.080  0.00098    4.870    0.478  0.97049  *
* 120)    7.641   ( 60,  0)       -0.080  0.00098    4.870    0.478  0.97049  *
* 121)    7.987   ( 61,  0)        0.249  0.00122    5.211    0.558  0.97174  *
* 122)    7.987   (  0, 61)        0.249  0.00122    5.211    0.558  0.97174  *
* 123)    8.116   ( 62,  0)        0.178  0.00100    5.344    0.512  0.97217  *
* 124)    8.116   (  0, 62)        0.178  0.00100    5.344    0.512  0.97217  *
* 125)    8.436   ( 63,  0)        0.217  0.00104    5.662    0.544  0.97320  *
* 126)    8.436   (  0, 63)        0.217  0.00104    5.662    0.544  0.97320  *
* 127)    8.552   (  0, 64)       -0.013  0.00172    5.766    0.709  0.97357  *
* 128)    8.552   ( 64,  0)       -0.013  0.00172    5.766    0.709  0.97357  *
* 129)    8.664   (  0, 65)       -0.001  0.00056    5.898    0.408  0.97387  *
* 130)    8.664   ( 65,  0)       -0.001  0.00056    5.898    0.408  0.97387  *
* 131)    9.197   ( 66,  0)        0.148  0.00072    6.427    0.494  0.97535  *
* 132)    9.197   (  0, 66)        0.148  0.00072    6.427    0.494  0.97535  *
* 133)    9.237   ( 67,  0)       -0.076  0.00092    6.464    0.560  0.97546  *
* 134)    9.237   (  0, 67)       -0.076  0.00092    6.464    0.560  0.97546  *
* 135)    9.741   ( 68,  0)        0.153  0.00072    6.970    0.522  0.97670  *
* 136)    9.741   (  0, 68)        0.153  0.00072    6.970    0.522  0.97670  *
* 137)    9.972   (  0, 69)        0.162  0.00069    7.201    0.522  0.97722  *
* 138)    9.972   ( 69,  0)        0.162  0.00069    7.201    0.522  0.97722  *
*                                                                             *
*1426)   TOTAL=  ( 713, 713)                                                  *
*                                                                             *
*******************************************************************************

*******************************************************************************
*                                                                             *
*  SINGLE-PARTICLE PROPERTIES: CANONICAL                            PROTONS   *
*                                                                             *
*******************************************************************************
*                                                                             *
*  NO)   ENERGY   (S=+,S=-)   | N,nz,lz,OMEz>   <P>    <JY>    <SY>   GFACT   *
*                                                                             *
*  21)  -11.317   ( 21,---)   | 3, 2, 1, 1/2>    27   0.303  -0.287  -0.948   *
*  22)  -11.190   ( 22,---)   | 3, 0, 3, 5/2>   -17   0.004  -0.002  -0.556   *
*  23)  -10.874   ( 23,---)   | 4, 3, 1, 3/2>    17   0.033   0.001   0.019   *
*  24)  -10.697   ( 24,---)   | 4, 2, 2, 3/2>    19   0.019  -0.005  -0.236   *
*  25)  -10.338   ( 25,---)   | 3, 0, 1, 3/2>    -5  -0.014  -0.007   0.523   *
*  26)  -10.076   ( 26,---)   | 3, 0, 1, 1/2>     9  -0.748  -0.185   0.247   *
*  27)   -9.033   ( 27,---)   | 4, 4, 0, 1/2>    18   0.103  -0.289  -2.799   *
*  28)   -7.740   ( 28,---)   | 4, 3, 1, 3/2>    28   0.001  -0.002  -1.671   *
*  29)   -7.619   ( 29,---)   | 4, 0, 4, 9/2>    26   0.000  -0.000  -0.012   *
*  30)   -6.932   ( 30,---)   | 4, 3, 1, 1/2>    23   0.034  -0.114  -3.305   *
*  31)   -6.842   ( 31,---)   | 5, 3, 2, 5/2>   -12  -0.006  -0.000   0.020   *
*  32)   -6.824   ( 32,---)   | 5, 2, 3, 7/2>   -25   0.004   0.001   0.206   *
*  33)   -6.419   ( 33,---)   | 5, 4, 1, 1/2>   -23  -1.544  -0.194   0.126   *
*  34)   -6.192   ( 34,---)   |13,11, 2, 5/2>    -1  -0.003  -0.000   0.019   *
*  35)   -5.457   ( 35,---)   | 5, 4, 1, 3/2>   -44  -0.019  -0.004   0.190   *
*  36)   -4.443   ( 36,---)   | 5, 2, 1, 1/2>   -12  -1.166  -0.263   0.226   *
*  37)   -3.777   ( 37,---)   | 5, 5, 0, 1/2>   -18  -0.153  -0.380   2.487   *
*  38)   -3.307   ( 38,---)   | 5, 4, 1, 3/2>   -16   0.020  -0.001  -0.053   *
*  39)   -3.078   ( 39,---)   | 5, 1, 2, 5/2>   -24  -0.047   0.005  -0.112   *
*  40)   -2.873   ( 40,---)   |13,11, 0, 1/2>    -2  -0.127  -0.419   3.291   *
*  41)   -2.590   ( 41,---)   | 4, 0, 4, 7/2>     8   0.033  -0.004  -0.119   *
*  42)   -1.863   ( 42,---)   | 5, 2, 3, 5/2>    -8   0.061  -0.001  -0.014   *
*  43)   -1.779   ( 43,---)   | 5, 3, 2, 3/2>   -36  -0.031  -0.012   0.405   *
*  44)   -1.584   ( 44,---)   | 5, 1, 0, 1/2>   -34  -0.498  -0.416   0.834   *
*  45)   -1.311   ( 45,---)   | 5, 4, 1, 1/2>   -16   0.608  -0.221  -0.364   *
*  46)   -0.896   ( 46,---)   | 4, 0, 2, 3/2>     2  -0.014  -0.003   0.255   *
*  47)   -0.394   ( 47,---)   | 5, 4, 1, 1/2>   -29  -0.119  -0.155   1.294   *
*  48)   -0.250   ( 48,---)   |13,11, 2, 3/2>   -12  -0.004   0.006  -1.526   *
*  49)   -0.009   ( 49,---)   | 5, 0, 5,11/2>   -20   0.001   0.000   0.226   *
*                                                                             *
*******************************************************************************

*******************************************************************************
*                                                                             *
*  HFB PAIRING PROPERTIES                                            PROTONS  *
*                                                                             *
*  STRENGTH= 0.0765   GAP=-0.5183   FERMI ENERGY= -2.9892   ENERGY=  -3.5101  *
*                                                                             *
*******************************************************************************

*******************************************************************************
*                                                                             *
*  MULTIPOLE MOMENTS [UNITS:  (10 FERMI)^LAMBDA]                     PROTONS  *
*                                                                             *
*******************************************************************************
*                                                                             *
*  Q00 = 78.0000  .............  .............  .............  .............  *
*                                                                             *
*  Q10 = 16.7765  Q11 =    ZERO  .............  .............  .............  *
*                                                                             *
*  Q20 = 68.3628  Q21 =    ZERO  Q22 =  0.0328  .............  .............  *
*                                                                             *
*  Q30 = 31.2040  Q31 =    ZERO  Q32 = -0.0037  Q33 =    ZERO  .............  *
*                                                                             *
*  Q40 = 46.1344  Q41 =    ZERO  Q42 =  0.0091  Q43 =    ZERO  Q44 =-2.3E-04  *
*                                                                             *
*******************************************************************************

*******************************************************************************
*                                                                             *
*  ROOT-MEAN-SQUARE AND GEOMETRIC SIZES IN FERMIS                    PROTONS  *
*                                                                             *
*  R_RMS =  7.8799     X_RMS =  2.4703    Y_RMS =  2.4654    Z_RMS =  7.0649  *
*                                                                             *
*  R_GEO = 10.1729     X_GEO =  5.5237    Y_GEO =  5.5127    Z_GEO = 15.7975  *
*                                                                             *
*******************************************************************************

*******************************************************************************
*                                                                             *
*  BOHR DEFORMATIONS (FIRST-ORDER APPROXIMATION)                     PROTONS  *
*                                                                             *
*******************************************************************************
*                                                                             *
*  B10 =  0.4327  B11 =    ZERO  .............  .............  .............  *
*                                                                             *
*  B20 =  1.1189  B21 =    ZERO  B22 = 5.4E-04  .............  .............  *
*                                                                             *
*  B30 =  1.5917  B31 =    ZERO  B32 =-2.6E-04  B33 =    ZERO  .............  *
*                                                                             *
*  B40 =  2.3133  B41 =    ZERO  B42 = 6.5E-04  B43 =    ZERO  B44 =-1.6E-05  *
*                                                                             *
*******************************************************************************
*                                                                             *
*  BOHR DENSITY = 0.0177 FM^(-3)  BOHR RADIUS =  10.1729 FM                   *
*                                                                             *
*******************************************************************************

*******************************************************************************
*                                                                             *
*                  DENSITY INTEGRALS IN THE SKYRME FUNCTIONAL                 *
*                                                                             *
*******************************************************************************
*                                                                             *
*                   TOTAL(T)        SUM(S)      ISOSCALAR(P)  ISOVECTOR(M)    *
*                   --------        ------      ------------  ------------    *
*    DRHO_ =       19.612902      9.916006         19.612902      0.219110    *
*    DRHOD =        9.012895      4.555279          9.012895      0.097663    *
*    DLPR_ =       -4.826541     -2.431643         -4.826541     -0.036744    *
*    DTAU_ =       16.949552      8.628021         16.949552      0.306491    *
*    DSCU_ =        0.148770      0.080389          0.148770      0.012009    *
*    DDIV_ =        0.994664      0.493144          0.994664     -0.008375    *
*                                                                             *
*    DSPI_ =        0.000000      0.000000          0.000000      0.000000    *
*    DSPID =        0.000000      0.000000          0.000000      0.000000    *
*    DLPS_ =        0.000000      0.000000          0.000000      0.000000    *
*    DCUR_ =        0.000000      0.000000          0.000000      0.000000    *
*    DKIS_ =        0.000000      0.000000          0.000000      0.000000    *
*    DROT_ =        0.000000      0.000000          0.000000      0.000000    *
*                                                                             *
*******************************************************************************

*******************************************************************************
*                                                                             *
*               CONTRIBUTIONS TO ENERGY IN THE SKYRME FUNCTIONAL              *
*                                                                             *
*******************************************************************************
*                                                                             *
*                 TOTAL(T)        SUM(S)        ISOSCALAR(P)  ISOVECTOR(M)    *
*                 --------        ------        ------------  ------------    *
*    ERHO_ =   -17535.112651   5337.940374     -12256.147326     58.975050    *
*    ERHOD =     9086.923978  -2311.184242       6800.515135    -24.775399    *
*    ELPR_ =     -474.619410    699.997313        220.089126      5.288777    *
*    ETAU_ =      561.980388   -416.487836        152.889949     -7.397397    *
*    ESCU_ =        0.000000      0.000000          0.000000      0.000000    *
*    EDIV_ =      -21.916257    -51.200725        -73.551774      0.434792    *
*               ============  ============      ============  ============    *
*    SUM EVEN:  -8382.743952   3259.064885      -5156.204890     32.525823    *
*                                                                             *
*    ESPI_ =        0.000000      0.000000          0.000000      0.000000    *
*    ESPID =        0.000000      0.000000          0.000000      0.000000    *
*    ELPS_ =        0.000000      0.000000          0.000000      0.000000    *
*    ECUR_ =        0.000000      0.000000          0.000000      0.000000    *
*    EKIS_ =        0.000000      0.000000          0.000000      0.000000    *
*    EROT_ =        0.000000      0.000000          0.000000      0.000000    *
*               ============  ============      ============  ============    *
*    SUM  ODD:      0.000000      0.000000          0.000000      0.000000    *
*                                                                             *
*******************************************************************************
 
*******************************************************************************
*                                                                             *
*  CENTER-OF-MASS COORDINATES IN FERMIS                                TOTAL  *
*                                                                             *
*  R_CMS =  1.9938     X_CMS = -0.0000    Y_CMS =  0.0000    Z_CMS =  1.9938  *
*                                                                             *
*******************************************************************************

*******************************************************************************
*                                                                             *
*  MULTIPOLE MOMENTS [UNITS:  (10 FERMI)^LAMBDA] [CENT-MASS FRAME]  NEUTRONS  *
*                                                                             *
*******************************************************************************
*                                                                             *
*  Q00 = 98.0000  .............  .............  .............  .............  *
*                                                                             *
*  Q10 = -1.2246  Q11 =    ZERO  .............  .............  .............  *
*                                                                             *
*  Q20 = 71.4142  Q21 =    ZERO  Q22 =  0.0426  .............  .............  *
*                                                                             *
*  Q30 = 18.9794  Q31 =    ZERO  Q32 = -0.0092  Q33 =    ZERO  .............  *
*                                                                             *
*  Q40 = 27.3002  Q41 =    ZERO  Q42 =  0.0181  Q43 =    ZERO  Q44 = 8.3E-05  *
*                                                                             *
*******************************************************************************

*******************************************************************************
*                                                                             *
*  BOHR DEFORMATIONS (FIRST-ORDER APPROXIMATION) [CENT-MASS FRAME]  NEUTRONS  *
*                                                                             *
*******************************************************************************
*                                                                             *
*  B10 = -0.0324  B11 =    ZERO  .............  .............  .............  *
*                                                                             *
*  B20 =  1.5483  B21 =    ZERO  B22 = 9.2E-04  .............  .............  *
*                                                                             *
*  B30 =  1.6546  B31 =    ZERO  B32 = -0.0011  B33 =    ZERO  .............  *
*                                                                             *
*  B40 =  3.0183  B41 =    ZERO  B42 =  0.0028  B43 =    ZERO  B44 = 1.3E-05  *
*                                                                             *
*******************************************************************************
*                                                                             *
*  BOHR DENSITY = 0.0477 FM^(-3)  BOHR RADIUS =   7.8853 FM                   *
*                                                                             *
*******************************************************************************

*******************************************************************************
*                                                                             *
*  MULTIPOLE MOMENTS [UNITS:  (10 FERMI)^LAMBDA] [CENT-MASS FRAME]   PROTONS  *
*                                                                             *
*******************************************************************************
*                                                                             *
*  Q00 = 78.0000  .............  .............  .............  .............  *
*                                                                             *
*  Q10 =  1.2246  Q11 =    ZERO  .............  .............  .............  *
*                                                                             *
*  Q20 = 61.1845  Q21 =    ZERO  Q22 =  0.0328  .............  .............  *
*                                                                             *
*  Q30 = 16.9762  Q31 =    ZERO  Q32 = -0.0075  Q33 =    ZERO  .............  *
*                                                                             *
*  Q40 = 24.4699  Q41 =    ZERO  Q42 =  0.0135  Q43 =    ZERO  Q44 =-2.3E-04  *
*                                                                             *
*******************************************************************************

*******************************************************************************
*                                                                             *
*  BOHR DEFORMATIONS (FIRST-ORDER APPROXIMATION) [CENT-MASS FRAME]   PROTONS  *
*                                                                             *
*******************************************************************************
*                                                                             *
*  B10 =  0.0413  B11 =    ZERO  .............  .............  .............  *
*                                                                             *
*  B20 =  1.7116  B21 =    ZERO  B22 = 9.2E-04  .............  .............  *
*                                                                             *
*  B30 =  1.9351  B31 =    ZERO  B32 = -0.0012  B33 =    ZERO  .............  *
*                                                                             *
*  B40 =  3.5846  B41 =    ZERO  B42 =  0.0028  B43 =    ZERO  B44 =-4.7E-05  *
*                                                                             *
*******************************************************************************
*                                                                             *
*  BOHR DENSITY = 0.0395 FM^(-3)  BOHR RADIUS =   7.7812 FM                   *
*                                                                             *
*******************************************************************************

*******************************************************************************
*                                                                             *
*  EULER ANGLES OF THE PRINCIPAL-AXES FRAME IN DEGREES                 TOTAL  *
*                                                                             *
*  ALPHA =180.00000  BETA =  0.00000  GAMMA =  0.00000                        *
*                                                                             *
*******************************************************************************

*******************************************************************************
*                                                                             *
*  ROOT-MEAN-SQUARE AND GEOMETRIC SIZES IN FERMIS                      TOTAL  *
*                                                                             *
*  R_RMS =  7.7793     X_RMS =  2.5106    Y_RMS =  2.5057    Z_RMS =  6.9236  *
*                                                                             *
*  R_GEO = 10.0431     X_GEO =  5.6139    Y_GEO =  5.6029    Z_GEO = 15.4816  *
*                                                                             *
*******************************************************************************

*******************************************************************************
*                                                                             *
*  MULTIPOLE MOMENTS [UNITS:  (10 FERMI)^LAMBDA]                       TOTAL  *
*                                                                             *
*******************************************************************************
*                                                                             *
*  Q00 =176.0000  .............  .............  .............  .............  *
*                                                                             *
*  Q10 = 35.0916  Q11 =    ZERO  .............  .............  .............  *
*                                                                             *
*  Q20 =146.5921  Q21 =    ZERO  Q22 =  0.0754  .............  .............  *
*                                                                             *
*  Q30 = 66.5949  Q31 =    ZERO  Q32 = -0.0078  Q33 =    ZERO  .............  *
*                                                                             *
*  Q40 = 97.9040  Q41 =    ZERO  Q42 =  0.0220  Q43 =    ZERO  Q44 =-1.4E-04  *
*                                                                             *
*******************************************************************************

*******************************************************************************
*                                                                             *
*  BOHR DEFORMATIONS (FIRST-ORDER APPROXIMATION)                       TOTAL  *
*                                                                             *
*******************************************************************************
*                                                                             *
*  B10 =  0.4063  B11 =    ZERO  .............  .............  .............  *
*                                                                             *
*  B20 =  1.0909  B21 =    ZERO  B22 = 5.6E-04  .............  .............  *
*                                                                             *
*  B30 =  1.5647  B31 =    ZERO  B32 =-2.6E-04  B33 =    ZERO  .............  *
*                                                                             *
*  B40 =  2.2904  B41 =    ZERO  B42 = 7.3E-04  B43 =    ZERO  B44 =-4.7E-06  *
*                                                                             *
*******************************************************************************
*                                                                             *
*  BOHR DENSITY = 0.0415 FM^(-3)  BOHR RADIUS =  10.0431 FM                   *
*                                                                             *
*******************************************************************************

*******************************************************************************
*                                                                             *
*  MULTIPOLE MOMENTS [UNITS:  (10 FERMI)^LAMBDA] [CENT-MASS FRAME]     TOTAL  *
*                                                                             *
*******************************************************************************
*                                                                             *
*  Q00 =176.0000  .............  .............  .............  .............  *
*                                                                             *
*  Q10 =    ZERO  Q11 =    ZERO  .............  .............  .............  *
*                                                                             *
*  Q20 =132.5987  Q21 =    ZERO  Q22 =  0.0754  .............  .............  *
*                                                                             *
*  Q30 = 35.9556  Q31 =    ZERO  Q32 = -0.0167  Q33 =    ZERO  .............  *
*                                                                             *
*  Q40 = 51.7701  Q41 =    ZERO  Q42 =  0.0316  Q43 =    ZERO  Q44 =-1.4E-04  *
*                                                                             *
*******************************************************************************

*******************************************************************************
*                                                                             *
*  BOHR DEFORMATIONS (FIRST-ORDER APPROXIMATION) [CENT-MASS FRAME]     TOTAL  *
*                                                                             *
*******************************************************************************
*                                                                             *
*  B10 =    ZERO  B11 =    ZERO  .............  .............  .............  *
*                                                                             *
*  B20 =  1.6191  B21 =    ZERO  B22 = 9.2E-04  .............  .............  *
*                                                                             *
*  B30 =  1.7755  B31 =    ZERO  B32 = -0.0012  B33 =    ZERO  .............  *
*                                                                             *
*  B40 =  3.2605  B41 =    ZERO  B42 =  0.0028  B43 =    ZERO  B44 =-1.3E-05  *
*                                                                             *
*******************************************************************************
*                                                                             *
*  BOHR DENSITY = 0.0872 FM^(-3)  BOHR RADIUS =   7.8405 FM                   *
*                                                                             *
*******************************************************************************

*******************************************************************************
*                                                                             *
*  MULTIPOLE MOMENTS [UNITS:  (10 FERMI)^LAMBDA] [INTRINSIC FRAME]     TOTAL  *
*                                                                             *
*  REAL PART  FOR A NON-NEGATIVE PROJECTION                                   *
*  IMAGINARY PART FOR A NEGATIVE PROJECTION                                   *
*                                                                             *
*******************************************************************************
*                                                                             *
*  Q00 =176.0000  .............  .............  .............  .............  *
*                 .............  .............  .............  .............  *
*                                                                             *
*  Q10 =    ZERO  Q1+1=    ZERO  .............  .............  .............  *
*                 Q1-1=    ZERO  .............  .............  .............  *
*                                                                             *
*  Q20 =132.5987  Q2+1=    ZERO  Q2+2=  0.0754  .............  .............  *
*                 Q2-1=    ZERO  Q2-2=    ZERO  .............  .............  *
*                                                                             *
*  Q30 = 35.9556  Q3+1=    ZERO  Q3+2= -0.0167  Q3+3=    ZERO  .............  *
*                 Q3-1=    ZERO  Q3-2=    ZERO  Q3-3=    ZERO  .............  *
*                                                                             *
*  Q40 = 51.7701  Q4+1=    ZERO  Q4+2=  0.0316  Q4+3=    ZERO  Q4+4=-1.4E-04  *
*                 Q4-1=    ZERO  Q4-2=    ZERO  Q4-3=    ZERO  Q4-4=    ZERO  *
*                                                                             *
*******************************************************************************

*******************************************************************************
*                                                                             *
*  BOHR DEFORMATIONS (FIRST-ORDER APPROXIMATION) [INTRINSIC FRAME]     TOTAL  *
*                                                                             *
*  REAL PART  FOR A NON-NEGATIVE PROJECTION                                   *
*  IMAGINARY PART FOR A NEGATIVE PROJECTION                                   *
*                                                                             *
*******************************************************************************
*                                                                             *
*  B10 =    ZERO  B1+1=    ZERO  .............  .............  .............  *
*                 B1-1=    ZERO  .............  .............  .............  *
*                                                                             *
*  B20 =  1.6191  B2+1=    ZERO  B2+2= 9.2E-04  .............  .............  *
*                 B2-1=    ZERO  B2-2=    ZERO  .............  .............  *
*                                                                             *
*  B30 =  1.7755  B3+1=    ZERO  B3+2= -0.0012  B3+3=    ZERO  .............  *
*                 B3-1=    ZERO  B3-2=    ZERO  B3-3=    ZERO  .............  *
*                                                                             *
*  B40 =  3.2605  B4+1=    ZERO  B4+2=  0.0028  B4+3=    ZERO  B4+4=-1.3E-05  *
*                 B4-1=    ZERO  B4-2=    ZERO  B4-3=    ZERO  B4-4=    ZERO  *
*                                                                             *
*******************************************************************************
*                                                                             *
*  BOHR DENSITY = 0.0872 FM^(-3)  BOHR RADIUS =   7.8405 FM                   *
*                                                                             *
*******************************************************************************

*******************************************************************************
*                                                                             *
*                                ENERGIES (MEV)                               *
*                                                                             *
*******************************************************************************
*                                                                             *
*  KINETIC: (NEU)=  1824.815582    (PRO)=  1319.846103    (TOT)=  3144.661685 *
*  SUM EPS: (NEU)= -2043.035117    (PRO)= -1075.445332    (TOT)= -3118.480449 *
*  PAIRING: (NEU)=    -5.390461    (PRO)=    -3.510051    (TOT)=    -8.900512 *
*  P-REARR: (NEU)=     1.374612    (PRO)=     0.986159    (TOT)=     2.360771 *
*                                                                             *
*  PAIRGAP: (NEU)=    -0.580064    (PRO)=    -0.518271    THIS SPACE IS EMPTY *
*  E-FERMI: (NEU)=    -9.650006    (PRO)=    -2.989168    AND AWAITS  YOUR AD *
*                                                                             *
*  COULOMB: (DIR)=   670.878733    (EXC)=   -29.778961    (TOT)=   641.099772 *
*                                                                             *
*  CONSTR. (MULT)=    23.294250    SLOPE=    45.460262    CORR.=   -22.730131 *
*  CONSTR. (SURF)=     0.000000    SLOPE=     0.000000    CORR.=     0.000000 *
*  CONSTR. (SPIN)=     0.000000    SLOPE=     0.000000    CORR.=     0.000000 *
*  CONSTR. (ISOS)=     0.000000    SLOPE=     0.000000    CORR.=     0.000000 *
*                                                                             *
*  REARRANGEMENT ENERGY FROM THE SKYRME DENSITY-DEPENDENT TERMS=  1275.805097 *
*  ROUTHIAN= TOTAL ENERGY + MULTIPOLE AND (ISO)SPIN CONSTRAINTS= -1323.523873 *
*                                                                             *
*  SPIN-ORB (EVE)=   -73.116981    (ODD)=     0.000000    (TOT)=   -73.116981 *
*  SKYRME:  (EVE)= -5123.679067    (ODD)=     0.000000    (TOT)= -5123.679067 *
*                                                                             *
*  TOTAL:  (STAB)=    85.646171     (SP)= -1261.171952    (FUN)= -1346.818122 *
*                                                                             *
*******************************************************************************

*******************************************************************************
*                                                                             *
*  ITERATION RESTARTED FROM THE DISC, THE FOLLOWING FILE(S) READ:             *
*  ./restart/HFODD_00000041.REC                                        VER=19 *
*                                                                             *
*******************************************************************************
*                                                                             *
* CONVERGENCE REPORT                                                          *
*                                                                             *
*******************************************************************************
*                                                                             *
* ITER     ENERGY     STABILITY    Q_2    GAMMA   SPIN  OMEGA   ANGLE   EPAIR *
*                                                                             *
* 2834 -1346.818122   85.646171 132.599    0.03   0.00  0.000   0.000   -8.90 *
* 2835 -1129.151228  280.607700 272.258    0.01   0.00  0.000   0.000   -3.44 *
* 2836 -1188.152043  125.200619 235.422    0.01   0.00  0.000   0.000  -10.10 *
* 2837 -1182.553706  181.240478 256.010    0.01   0.00  0.000   0.000   -8.69 *
* 2838 -1248.126794  -66.037604 214.479    0.01   0.00  0.000   0.000  -12.94 *
* 2839 -1396.672237   31.868128 132.705    0.05   0.00  0.000   0.000  -25.62 *
* 2840 -1260.588437  523.776910 197.997    0.02   0.00  0.000   0.000   -8.80 *
* 2841  -767.970100    1.23E+03 315.162    0.01   0.00  0.000   0.000   -1.61 *
* 2842  -867.080784  873.378267 326.416    0.01   0.00  0.000   0.000   -9.96 *
* 2843  -874.828069  999.123529 323.603    0.00   0.00  0.000   0.000  -16.27 *
* 2844  -900.809219    1.07E+03 326.722    0.01   0.00  0.000   0.000  -13.04 *
* 2845  -930.179660    1.70E+03 326.503    0.01   0.00  0.000   0.000  -13.61 *
* 2846  -713.162688    1.34E+03 309.695    0.01   0.00  0.000   0.000   -4.85 *
* 2847  -739.560204  938.177461 323.087    0.01   0.00  0.000   0.000  -11.04 *
* 2848  -900.628994    4.80E+03 325.822    0.01   0.00  0.000   0.000  -30.98 *
* 2849   236.119018    2.19E+03  26.705    0.01   0.00  0.000   0.000   -0.77 *
* 2850   273.432711   -3.45E+03  81.499    0.02   0.00  0.000   0.000  -17.00 *
* 2851  -772.633376    1.09E+03 395.567    0.02   0.00  0.000   0.000 -316.92 *
* 2852   226.176169   -4.29E+04  55.764    0.05   0.00  0.000   0.000   -2.72 *
* 2853  1847.999286   -1.37E+05  14.207    0.01   0.00  0.000   0.000   -0.02 *
* 2854  -409.229754    6.27E+05   3.986   59.49   0.00  0.000   0.000 -125.73 *

 //////////////////// MAXIMUM NUMBER OF ITERATIONS       ////////////////////
 //////////////////// EXCEEDED IN QUABCS                 ////////////////////

*******************************************************************************
*                                                                             *
*  PROCESSOR   EXECUTION  TIMES IN SUBROUTINES                                *
*  INCLUDING THEIR COMPLETE DOWN-CALLING TREES                                *
*                                                                             *
*******************************************************************************
*                                                                             *
*     7582 => HFODD    4171 => DENSHF   1422 => DIAMAT   1292 => HFBSIM       *
*                                                                             *
*      879 => QMULCM    426 => PAIMAC    310 => CANQUA    235 => RECORD       *
*                                                                             *
*      111 => AVEQUA     48 => INTEGH     43 => INTSOR     42 => INTEGD       *
*                                                                             *
*       41 => DENMAC     22 => MOMETS     21 => INTMUL     20 => DOBROY       *
*                                                                             *
*       15 => BEGINC     14 => SKFILD     10 => ROTAVR     10 => INTMAS       *
*                                                                             *
*        9 => LINAVR      7 => COUMAT      7 => SPAVER      7 => INTCOU       *
*                                                                             *
*        5 => AVOBSE      5 => INTCEN      3 => NILASP      2 => SKPAIR       *
*                                                                             *
*        2 => POWALL      2 => AVANGY      0 => INTKIN      0 => AVPARI       *
*                                                                             *
*        0 => QUABCS      0 => SHICOE      0 => AVSIMP      0 => MOMSIF       *
*                                                                             *
*        0 => PAXMOM      0 => MOMVMU      0 => MAGMOM      0 => SPIMOM       *
*                                                                             *
*        0 => SHIMOM      0 => SHISIF      0 => SHIMAG                        *
*                                                                             *
*******************************************************************************
*                                                                             *
*  NUMBERS OF CALLS TO SUBROUTINES                                            *
*                                                                             *
*******************************************************************************
*                                                                             *
*      968 => BEGINC    804 => INTMUL    258 => INTSOR    106 => DIAMAT       *
*                                                                             *
*       86 => INTMAS     86 => INTCEN     85 => INTKIN     84 => AVEQUA       *
*                                                                             *
*       63 => PAXMOM     43 => INTEGH     43 => INTEGD     43 => HFBSIM       *
*                                                                             *
*       43 => QUABCS     42 => CANQUA     42 => AVPARI     42 => DENSHF       *
*                                                                             *
*       42 => DENMAC     42 => PAIMAC     42 => MOMETS     42 => MOMSIF       *
*                                                                             *
*       42 => MOMVMU     42 => MAGMOM     42 => SPIMOM     42 => LINAVR       *
*                                                                             *
*       42 => ROTAVR     42 => SHICOE     22 => RECORD     22 => COUMAT       *
*                                                                             *
*       22 => INTCOU     21 => QMULCM     21 => SKFILD     21 => SKPAIR       *
*                                                                             *
*       21 => DOBROY     21 => SHIMOM     21 => SHISIF     21 => SHIMAG       *
*                                                                             *
*       14 => SPAVER      2 => AVANGY      2 => AVOBSE      2 => AVSIMP       *
*                                                                             *
*        2 => NILASP      1 => HFODD       1 => POWALL                        *
*                                                                             *
*******************************************************************************
*                                                                             *
*  EXECUTION ENDS ON 2016.08.25 AT 11:14:11.612                               *
*                                                                             *
*******************************************************************************
