*******************************************************************************
*                                                                             *
*                     P A R A L L E L    M O D E L                            *
*                                                                             *
*  SIMPLE MPI FRAMEWORK (1 COMMUNICATOR)    :  1 MPI PROCESS per HFODD TASK   *
*  MULTI-THREADING FRAMEWORK WITH OPENMP   :  4 THREADS per HFODD MPI PROCESS *
*                                                                             *
*******************************************************************************
*                                                                             *
*                        __  __ _____  ___   ____   ____                      *
*                       / / / // ___/.' _ \ / __ \ / __ \                     *
*                      / /_/ // /_  / / / // / / // / / /                     *
*                     / __  // __/ / / / // / / // / / /                      *
*                    / / / // /   / /_/ // /_/ // /_/ /                       *
*                   /_/ /_//_/    \___.'/____.'/____.'                        *
*                                                                             *
*                                                                             *
*******************************************************************************
*                                                                             *
*             SKYRME-HARTREE-FOCK-BOGOLYUBOV CODE VERSION: 2.77B              *
*                                                                             *
*              NO SYMMETRY-PLANES AND NO TIME-REVERSAL SYMMETRY               *
*                                                                             *
*                DEFORMED CARTESIAN HARMONIC-OSCILLATOR BASIS                 *
*                                                                             *
*******************************************************************************
*                                                                             *
*             J. DOBACZEWSKI, P. BACZYK, B.G. CARLSSON, J. DUDEK              *
*                 J. ENGEL, Y. GAO, M. KONIECZKA, T. LESINSKI                 *
*                 J. MCDONNELL, P. OLBRATOWSKI, P. POWALOWSKI                 *
*                  M. SADZIAK, J. SARICH, K. SATO, W. SATULA                  *
*             N. SCHUNCK,  J.A. SHEIKH, A. STASZCZAK, M. STOITSOV             *
*             P. TOIVANEN, X.B. WANG, M. ZALEWSKI AND H. ZDUNCZUK             *
*                                                                             *
*                   INSTYTUT FIZYKI TEORETYCZNEJ, WARSZAWA                    *
*                 LAWRENCE LIVERMORE NATIONAL LABORATORY, USA                 *
*                                                                             *
*                                  1993-2016                                  *
*                                                                             *
*******************************************************************************

*******************************************************************************
*                                                                             *
*  CODE COMPILED WITH THE FOLLOWING ARRAY DIMENSIONS AND SWITCHES:            *
*                                                                             *
*******************************************************************************
*                                                                             *
*  NDBASE = 1200  NDSTAT = 1200  NDXHRM =   40  NDYHRM =   40  NDZHRM =   64  *
*                                                                             *
*  NDMAIN =   30  NDMULT =    9  NDMULR =    4  NDLAMB =    9  NDITER = 5000  *
*                                                                             *
*  NDAKNO =    1  NDBKNO =    1  NDPROI =    2  NDCOUL =   80  NDPOLS =   25  *
*                                                                             *
*  NDATKN =   20  NDBTKN =   10  NDPROT =    1  NDPROD =    3                 *
*                                                                             *
*  IPARAL =    0  IPARAT =    0  I_CRAY =    0                                *
*                                                                             *
*                                                                             *
*  PRE-PROCESSOR OPTIONS:                                                     *
*                                                                             *
*       switch_port = 1     switch_diag = 3     switch_essl = 0               *
*                                                                             *
*                           switch_quad = 0     switch_vect = 1               *
*                                                                             *
*******************************************************************************
*                                                                             *
*  EXECUTION BEGINS ON 2016.09.06 AT 12:59:14.804                             *
*                                                                             *
*******************************************************************************
 
*******************************************************************************
*                                                                             *
*  CLASSICAL NUCLEAR SURFACE DEFINED FOR:                    N = 98   Z = 78  *
*                                                                             *
*******************************************************************************
*                                                                             *
*  AL10 =   ZERO  AL11 =   ZERO  .............  .............  .............  *
*                                                                             *
*  AL20 =  0.502  AL21 =   ZERO  AL22 =   ZERO  .............  .............  *
*                                                                             *
*******************************************************************************
*                                                                             *
*                                           HOMEGA=  7.8398  FCHOM0=  1.0716  *
*                                                                             *
*  OSCILLATOR FREQUENCIES: HBAROX=  9.1219  HBAROY=  9.1219  HBAROZ=  5.7909  *
*                                                                             *
*  MOMENTS OF INERTIA:     XMOMFC=103.9843  YMOMFC=103.9843  ZMOMFC= 59.7397  *
*                                                                             *
*  CENTERS OF MASS:        CMSXFC= -0.0000  CMSYFC= -0.0000  CMSZFC= -0.0000  *
*                                                                             *
*******************************************************************************

*******************************************************************************
*                                                                             *
*                           SKYRME FORCE DEFINITION                           *
*                                                                             *
*******************************************************************************
*                                                                             *
* PARAMETER SET HFB1:  T0= -1666.41  T1=   255.23  T2=  1521.28  T3= 12072.51 *
*                                                                             *
* POWER=0.37658031358  X0=  0.14608  X1= -4.82248  X2= -1.35211  X3=  0.00432 *
*                                                                             *
* IETA: J=0  W=1 CM=3  M=1  P=1  T=0 HBM= 20.73553 W0=  44.0677 W0P= 207.6502 *
*                                                                             *
*******************************************************************************

*******************************************************************************
*                                                                             *
*              COUPLING CONSTANTS DEFINING THE SKYRME FUNCTIONAL              *
*                                                                             *
*******************************************************************************
*                                                                             *
*                   TOTAL(T)        SUM(S)      ISOSCALAR(P)  ISOVECTOR(M)    *
*                   --------        ------      ------------  ------------    *
*    CRHO_ =     -894.060074    538.315575       -624.902286    269.157788    *
*    CRHOD =     1008.213640   -507.363897        754.531691   -253.681949    *
*    CLPR_ =       98.335311   -287.870148        -45.599763   -143.935074    *
*    CTAU_ =       33.156062    -48.271535          9.020295    -24.135768    *
*    CSCU_ =        0.000000      0.000000          0.000000      0.000000    *
*    CDIV_ =      -22.033840   -103.825096        -73.946388    -51.912548    *
*                                                                             *
*    CSPI_ =      -60.857026    416.601524        147.443736    208.300762    *
*    CSPID =        2.171385   -503.021127       -249.339179   -251.510564    *
*    CLPS_ =       51.110395     71.467295         86.844042     35.733647    *
*    CCUR_ =      -33.156062     48.271535         -9.020295     24.135768    *
*    CKIS_ =        0.000000      0.000000          0.000000      0.000000    *
*    CROT_ =      -22.033840   -103.825096        -73.946388    -51.912548    *
*                                                                             *
*******************************************************************************

*******************************************************************************
*                                                                             *
*                          NUCLEAR MATTER PROPERTIES                          *
*                                                                             *
*******************************************************************************
*                                                                             *
*     E = -15.8000  rho0 =   0.15625   K =  244.6682   Ms =    0.9364         *
*                   asym =  28.66820   L =   40.1091   Mv =    1.2498         *
*                                                                             *
*******************************************************************************

*******************************************************************************
*                                                                             *
*  PHYSICAL CONSTANTS:     H_BARC=197.32891000           HBCOE2=137.03602000  *
*                                                                             *
*                          XMASSN=938.90590000           XMASSP=938.27231000  *
*                                                                             *
*                          HBMASS= 20.73553000           HBMRPA= 20.73553000  *
*                                                                             *
*                          ECHAR2=  1.43997841           COULEX= -1.06350868  *
*                                                                             *
*******************************************************************************
*                                                                             *
*  OSCILLATOR LENGTHS:     X= 2.1322467      Y= 2.1322467       Z= 2.6761162  *
*                                                                             *
*  OSCILLATOR CONSTANTS:   X= 0.4689889      Y= 0.4689889       Z= 0.3736758  *
*                                                                             *
*  OSCILLATOR FREQUENCIES: X= 9.1218819      Y= 9.1218819       Z= 5.7909447  *
*                                                                             *
*******************************************************************************
*                                                                             *
*  BASIS CUT-OFF CONTROL PARAMETERS:  NXMAXX = 15  NYMAXX = 15  NZMAXX =  23  *
*                                                                             *
*                                     NXHERM = 36  NYHERM = 36  NZHERM =  60  *
*                                                                             *
*                                     NLIMIT=1140  LDBASE=1151  MCOUNT=29791  *
*                                                                             *
*                                     ENECUT= 800.0000      ELIMIT= 148.8456  *
*                                                                             *
*******************************************************************************

*******************************************************************************
*                                                                             *
*   SHAPE OF THE OSCILLATOR-BASIS DIAMOND    (THREE CONSECUTIVE PROJECTIONS)  *
*                                                                             *
*******************************************************************************
*                                                                             *
*        NX ===>>>  0  1  2  3  4  5  6  7  8  9 10 11 12 13 14 15            *
*        MAX.NY => 15 14 13 12 11 10  9  8  7  6  5  4  3  2  1  0            *
*                 ------------------------------------------------            *
*   NY= 0  (15)  | 23 22 20 18 17 15 14 12 11  9  7  6  4  3  1  0            *
*   NY= 1  (14)  | 22 20 18 17 15 14 12 11  9  7  6  4  3  1  0               *
*   NY= 2  (13)  | 20 18 17 15 14 12 11  9  7  6  4  3  1  0                  *
*   NY= 3  (12)  | 18 17 15 14 12 11  9  7  6  4  3  1  0                     *
*   NY= 4  (11)  | 17 15 14 12 11  9  7  6  4  3  1  0                        *
*   NY= 5  (10)  | 15 14 12 11  9  7  6  4  3  1  0                           *
*   NY= 6  ( 9)  | 14 12 11  9  7  6  4  3  1  0                              *
*   NY= 7  ( 8)  | 12 11  9  7  6  4  3  1  0                                 *
*   NY= 8  ( 7)  | 11  9  7  6  4  3  1  0                                    *
*   NY= 9  ( 6)  |  9  7  6  4  3  1  0                                       *
*   NY=10  ( 5)  |  7  6  4  3  1  0                                          *
*   NY=11  ( 4)  |  6  4  3  1  0                                             *
*   NY=12  ( 3)  |  4  3  1  0                                                *
*   NY=13  ( 2)  |  3  1  0                                                   *
*   NY=14  ( 1)  |  1  0                                                      *
*   NY=15  ( 0)  |  0                                                         *
*                                                                             *
*                                                                             *
*        NZ ===>>>  0  1  2  3  4  5  6  7  8  9 10 11 12 13 14 15 16 17 18   *
*        MAX.NY => 15 14 13 13 12 11 11 10  9  9  8  8  7  6  6  5  4  4  3   *
*                 ---------------------------------------------------------   *
*   NY= 0  (23)  | 15 14 13 13 12 11 11 10  9  9  8  8  7  6  6  5  4  4  3   *
*   NY= 1  (22)  | 14 13 12 12 11 10 10  9  8  8  7  7  6  5  5  4  3  3  2   *
*   NY= 2  (20)  | 13 12 11 11 10  9  9  8  7  7  6  6  5  4  4  3  2  2  1   *
*   NY= 3  (18)  | 12 11 10 10  9  8  8  7  6  6  5  5  4  3  3  2  1  1  0   *
*   NY= 4  (17)  | 11 10  9  9  8  7  7  6  5  5  4  4  3  2  2  1  0  0      *
*   NY= 5  (15)  | 10  9  8  8  7  6  6  5  4  4  3  3  2  1  1  0            *
*   NY= 6  (14)  |  9  8  7  7  6  5  5  4  3  3  2  2  1  0  0               *
*   NY= 7  (12)  |  8  7  6  6  5  4  4  3  2  2  1  1  0                     *
*   NY= 8  (11)  |  7  6  5  5  4  3  3  2  1  1  0  0                        *
*   NY= 9  ( 9)  |  6  5  4  4  3  2  2  1  0  0                              *
*   NY=10  ( 7)  |  5  4  3  3  2  1  1  0                                    *
*   NY=11  ( 6)  |  4  3  2  2  1  0  0                                       *
*   NY=12  ( 4)  |  3  2  1  1  0                                             *
*   NY=13  ( 3)  |  2  1  0  0                                                *
*   NY=14  ( 1)  |  1  0                                                      *
*   NY=15  ( 0)  |  0                                                         *
*                                                                             *
*                                                                             *
*        NZ ===>>>  0  1  2  3  4  5  6  7  8  9 10 11 12 13 14 15 16 17 18   *
*        MAX.NX => 15 14 13 13 12 11 11 10  9  9  8  8  7  6  6  5  4  4  3   *
*                 ---------------------------------------------------------   *
*   NX= 0  (23)  | 15 14 13 13 12 11 11 10  9  9  8  8  7  6  6  5  4  4  3   *
*   NX= 1  (22)  | 14 13 12 12 11 10 10  9  8  8  7  7  6  5  5  4  3  3  2   *
*   NX= 2  (20)  | 13 12 11 11 10  9  9  8  7  7  6  6  5  4  4  3  2  2  1   *
*   NX= 3  (18)  | 12 11 10 10  9  8  8  7  6  6  5  5  4  3  3  2  1  1  0   *
*   NX= 4  (17)  | 11 10  9  9  8  7  7  6  5  5  4  4  3  2  2  1  0  0      *
*   NX= 5  (15)  | 10  9  8  8  7  6  6  5  4  4  3  3  2  1  1  0            *
*   NX= 6  (14)  |  9  8  7  7  6  5  5  4  3  3  2  2  1  0  0               *
*   NX= 7  (12)  |  8  7  6  6  5  4  4  3  2  2  1  1  0                     *
*   NX= 8  (11)  |  7  6  5  5  4  3  3  2  1  1  0  0                        *
*   NX= 9  ( 9)  |  6  5  4  4  3  2  2  1  0  0                              *
*   NX=10  ( 7)  |  5  4  3  3  2  1  1  0                                    *
*   NX=11  ( 6)  |  4  3  2  2  1  0  0                                       *
*   NX=12  ( 4)  |  3  2  1  1  0                                             *
*   NX=13  ( 3)  |  2  1  0  0                                                *
*   NX=14  ( 1)  |  1  0                                                      *
*   NX=15  ( 0)  |  0                                                         *
*                                                                             *
*******************************************************************************

*******************************************************************************
*                                                                             *
* NUCLIDE: N =  98  Z =  78  NUMBER OF ITERATIONS = 1000   CONTINUATION? = 1  *
*                                                                             *
*******************************************************************************
*                                                                             *
* ITERATIONS WILL STOP WHEN THE STABILITY BECOMES LOWER THAN EPSITE=0.300000  *
*                                            FOR    5 CONSECUTIVE ITERATIONS  *
*                                                                             *
*******************************************************************************
*                                                                             *
* ITERATIONS WILL STOP WHEN THE PING-PONG DIVERGENCE OCCURS FOR EPSPNG=0.010  *
*                                DURING    5 PAIRS OF CONSECUTIVE ITERATIONS  *
*                                                                             *
*******************************************************************************
*                                                                             *
* ITERATIONS WILL STOP FOR CHAOTIC-DIVERGENCE CONDITION OCCURING   20  TIMES  *
*                                                                             *
*******************************************************************************
*                                                                             *
* SLOW-DOWN PARAMETERS:                                                       *
* TIME-EVEN = 0.85   TIME-ODD = 0.85   PAIRING = 0.85   LIPKIN-NOGAMI = 0.85  *
*                    LIP-MASS = 0.50   LIP-MOI = 0.50   LIPKIN-METHOD = 0.50  *
*                                                                             *
*******************************************************************************
*                                                                             *
* BROYDEN METHOD IS:  ON                                                      *
*                                                                             *
*    TRIGGERED ONLY WHEN STABILITY IS LOWER THAN :  1000.000 MEV              *
*    INITIAL SLOWING FACTOR (BEFORE TRIGGER)     :     0.85 (=SLOWEV)         *
*    BROYDEN SLOWING FACTOR (AFTER  TRIGGER)     :     0.40 (=1-ALPHAM)       *
*    NUMBER OF ITERATIONS RETAINED IN MEMORY     :    10                      *
*                                                                             *
*******************************************************************************
*                                                                             *
* DIRECT COULOMB TERMS SOLVED BY GREEN FUNCTION AND FOURIER TRANSFORM METHOD  *
* COULOMB PARAMETERS:  NUMCOU = 80  NUMETA = 79  BOUCOU = 20.0  FURMAX =0.25  *
*                                                                             *
*******************************************************************************
*                                                                             *
* EXCHANGE COULOMB TERMS TREATED BY THE SLATER APPROXIMATION                  *
*                                                                             *
*******************************************************************************
*                                                                             *
* MAXIMUM NUMBERS OF MULTIPOLE MOMENTS USED FOR THE CONSTRAINTS,    NMUCON=4  *
*                                           FOR THE COULOMB FIELD,  NMUCOU=4  *
*                                           FOR THE OUTPUT INFO,    NMUPRI=4  *
*                                                                             *
*******************************************************************************
*                                                                             *
* MULTIPOLE CONSTRAINTS: LAMBDA= 2  MIU= 0  MOMENT=101.000  STIFFNESS= 0.500  *
*                        LAMBDA= 3  MIU= 0  MOMENT= 38.000  STIFFNESS= 0.500  *
*                                                                             *
*******************************************************************************
*                                                                             *
* LINEAR MULTIPOLE CONSTRAINTS: LAMBDA= 2  MIU= 0  LAGRANGE PAR. USED= 0.000  *
*                               LAMBDA= 3  MIU= 0  LAGRANGE PAR. USED= 0.000  *
*                                                                             *
*******************************************************************************
*                                                                             *
* THE LAGRANGE PARAMETERS OF THE LINEAR CONSTRAINTS ARE RE-ADJUSTED AT EACH   *
* ITERATION BY USING THE CRANKING APPROXIMATION OF THE RPA MATRIX             *
*                                                                             *
*******************************************************************************
*                                                                             *
* PRINTING THE RESULTS FOR THE FOLLOWING ITERATIONS:         THE  FIRST: YES  *
*                                                            THE MIDDLE:  NO  *
*                                                     AND/OR THE   LAST: YES  *
*                                                                             *
*******************************************************************************
*                                                                             *
* PRINTING THE MOMENTS, RADII, AND DEFORMATIONS FOR:           NEUTRONS: YES  *
*                                                              PROTONS : YES  *
*                                                              MASS    : YES  *
*                                                                             *
*******************************************************************************
*                                                                             *
* PRINTING THE MOMENTS, MOMENTA AND DEFORMATIONS IN THE INTRINSIC FRAME: YES  *
*                                                                             *
*******************************************************************************
*                                                                             *
* NILSSON LABELS OF SINGLE-PARTICLE STATES SHOWN WITH RESPECT TO THE: Z-AXIS  *
*                                                                             *
*******************************************************************************
*                                                                             *
* CALCULATIONS WITH THE HFB PAIRING CORRELATIONS                              *
*                                                                             *
*******************************************************************************
*                                                                             *
* CONTACT PAIRING INTERACTION:     V0        V1       RHO-SAT      POWER      *
*                    NEUTRONS:  -234.380   732.438     0.320     1.0000000    *
*                     PROTONS:  -260.437   813.866     0.320     1.0000000    *
*                                                                             *
*******************************************************************************
*                                                                             *
* CUTOFF ENERGY DEFINING THE ACTIVE HFB PAIRING SPACE=      60.000            *
*                                                                             *
*******************************************************************************
*                                                                             *
* CALCULATIONS WITH SIMPLEX SYMMETRY                                          *
*                                                                             *
*******************************************************************************
*                                                                             *
* CALCULATIONS WITH TIME-ODD SYMMETRIES:        T*SIMPLEX_X =>     CONSERVED  *
*                                               T*SIMPLEX_Y =>     CONSERVED  *
*                                               T*SIMPLEX_Z => NON CONSERVED  *
*                                                                             *
*******************************************************************************
*                                                                             *
* CALCULATIONS WITHOUT ROTATION                                               *
*                                                                             *
*******************************************************************************

*******************************************************************************
*                                                                             *
*  CALLING SUBROUTINE "RECORD" TO READ THE REPLAY FILE OBTAINED PREVIOUSLY    *
*  ./restart/HFODD_00000023.REC                                               *
*                                                                             *
*******************************************************************************

*******************************************************************************
*                                                                             *
*  SINGLE-QUASIPARTICLE PROPERTIES:                                NEUTRONS   *
*                                                                             *
*******************************************************************************
*                                                                             *
*  NO)   ENERGY   (S=+,S=-)       PARITY   V2QUAP   EEQUIV   DEQUIV   V_CORR  *
*                                                                             *
*  47)    9.977   (  0, 24)        0.751  0.99245  -19.215    1.728  1.00055  *
*  48)    9.977   ( 24,  0)        0.751  0.99245  -19.215    1.728  1.00055  *
*  51)    8.882   ( 26,  0)       -0.703  0.99856  -18.245    0.673  1.00012  *
*  52)    8.882   (  0, 26)       -0.703  0.99856  -18.245    0.673  1.00012  *
*  53)    8.134   ( 27,  0)        0.745  0.99800  -17.491    0.726  1.00017  *
*  54)    8.134   (  0, 27)        0.745  0.99800  -17.491    0.726  1.00017  *
*  55)    8.664   (  0, 28)       -0.740  0.96737  -17.487    3.078  1.00269  *
*  56)    8.664   ( 28,  0)       -0.740  0.96737  -17.487    3.078  1.00269  *
*  57)    7.257   (  0, 29)        0.752  0.99812  -16.618    0.629  1.00018  *
*  58)    7.257   ( 29,  0)        0.752  0.99812  -16.618    0.629  1.00018  *
*  59)    7.453   ( 30,  0)        0.746  0.98192  -16.572    1.986  1.00169  *
*  60)    7.453   (  0, 30)        0.746  0.98192  -16.572    1.986  1.00169  *
*  61)    6.855   (  0, 31)       -0.198  0.99904  -16.230    0.425  1.00010  *
*  62)    6.855   ( 31,  0)       -0.198  0.99904  -16.230    0.425  1.00010  *
*  63)    5.924   (  0, 32)       -0.678  0.99739  -15.282    0.604  1.00029  *
*  64)    5.924   ( 32,  0)       -0.678  0.99739  -15.282    0.604  1.00029  *
*  65)    5.051   (  0, 33)       -0.705  0.99624  -14.401    0.618  1.00048  *
*  66)    5.051   ( 33,  0)       -0.705  0.99624  -14.401    0.618  1.00048  *
*  67)    5.003   (  0, 34)        0.721  0.99672  -14.359    0.572  1.00043  *
*  68)    5.003   ( 34,  0)        0.721  0.99672  -14.359    0.572  1.00043  *
*  69)    5.044   (  0, 35)        0.126  0.98915  -14.323    1.045  1.00140  *
*  70)    5.044   ( 35,  0)        0.126  0.98915  -14.323    1.045  1.00140  *
*  71)    4.115   (  0, 36)       -0.704  0.99472  -13.460    0.596  1.00080  *
*  72)    4.115   ( 36,  0)       -0.704  0.99472  -13.460    0.596  1.00080  *
*  73)    4.030   (  0, 37)        0.658  0.99536  -13.381    0.548  1.00071  *
*  74)    4.030   ( 37,  0)        0.658  0.99536  -13.381    0.548  1.00071  *
*  75)    3.124   (  0, 38)       -0.684  0.99100  -12.456    0.590  1.00167  *
*  76)    3.124   ( 38,  0)       -0.684  0.99100  -12.456    0.590  1.00167  *
*  77)    2.742   (  0, 39)       -0.221  0.99538  -12.105    0.372  1.00094  *
*  78)    2.742   ( 39,  0)       -0.221  0.99538  -12.105    0.372  1.00094  *
*  79)    2.119   ( 40,  0)       -0.742  0.98412  -11.440    0.530  1.00382  *
*  80)    2.119   (  0, 40)       -0.742  0.98412  -11.440    0.530  1.00382  *
*  81)    1.590   (  0, 41)       -0.020  0.98394  -10.927    0.400  1.00455  *
*  82)    1.590   ( 41,  0)       -0.020  0.98394  -10.927    0.400  1.00455  *
*  83)    1.668   (  0, 42)        0.590  0.95280  -10.899    0.708  1.01327  *
*  84)    1.668   ( 42,  0)        0.590  0.95280  -10.899    0.708  1.01327  *
*  85)    1.438   (  0, 43)       -0.350  0.96292  -10.720    0.543  1.01121  *
*  86)    1.438   ( 43,  0)       -0.350  0.96292  -10.720    0.543  1.01121  *
*  87)    1.167   (  0, 44)        0.431  0.95637  -10.454    0.477  1.01464  *
*  88)    1.167   ( 44,  0)        0.431  0.95637  -10.454    0.477  1.01464  *
*  89)    1.092   (  0, 45)       -0.522  0.94976  -10.371    0.477  1.01744  *
*  90)    1.092   ( 45,  0)       -0.522  0.94976  -10.371    0.477  1.01744  *
*  91)    0.939   (  0, 46)        0.206  0.90245  -10.145    0.558  1.03731  *
*  92)    0.939   ( 46,  0)        0.206  0.90245  -10.145    0.558  1.03731  *
*  93)    0.602   ( 47,  0)        0.717  0.23667   -9.072    0.511  1.89178  *
*  94)    0.602   (  0, 47)        0.717  0.23667   -9.072    0.511  1.89178  *
*  95)    0.750   (  0, 48)        0.402  0.15928   -8.878    0.549  2.15410  *
*  96)    0.750   ( 48,  0)        0.402  0.15928   -8.878    0.549  2.15410  *
*  97)    0.860   (  0, 49)        0.797  0.10674   -8.712    0.531  2.41305  *
*  98)    0.860   ( 49,  0)        0.797  0.10674   -8.712    0.531  2.41305  *
*  99)    1.251   ( 50,  0)        0.544  0.07912   -8.336    0.675  2.04422  *
* 100)    1.251   (  0, 50)        0.544  0.07912   -8.336    0.675  2.04422  *
* 101)    1.278   ( 51,  0)       -0.605  0.04539   -8.226    0.532  2.22103  *
* 102)    1.278   (  0, 51)       -0.605  0.04539   -8.226    0.532  2.22103  *
* 103)    1.853   ( 52,  0)        0.251  0.03764   -7.675    0.705  1.67675  *
* 104)    1.853   (  0, 52)        0.251  0.03764   -7.675    0.705  1.67675  *
* 105)    1.884   (  0, 53)        0.811  0.01995   -7.580    0.527  1.70111  *
* 106)    1.884   ( 53,  0)        0.811  0.01995   -7.580    0.527  1.70111  *
* 107)    2.504   (  0, 54)        0.161  0.00554   -6.912    0.372  1.47124  *
* 108)    2.504   ( 54,  0)        0.161  0.00554   -6.912    0.372  1.47124  *
* 109)    2.645   ( 55,  0)       -0.265  0.00830   -6.787    0.480  1.43253  *
* 110)    2.645   (  0, 55)       -0.265  0.00830   -6.787    0.480  1.43253  *
* 111)    3.094   ( 56,  0)       -0.193  0.00751   -6.341    0.534  1.34904  *
* 112)    3.094   (  0, 56)       -0.193  0.00751   -6.341    0.534  1.34904  *
* 113)    3.350   ( 57,  0)        0.341  0.00646   -6.082    0.537  1.31482  *
* 114)    3.350   (  0, 57)        0.341  0.00646   -6.082    0.537  1.31482  *
* 115)    3.519   ( 58,  0)       -0.585  0.00494   -5.904    0.494  1.29614  *
* 116)    3.519   (  0, 58)       -0.585  0.00494   -5.904    0.494  1.29614  *
* 117)    4.265   (  0, 59)       -0.592  0.00296   -5.149    0.464  1.23323  *
* 118)    4.265   ( 59,  0)       -0.592  0.00296   -5.149    0.464  1.23323  *
* 119)    4.555   (  0, 60)       -0.009  0.00978   -4.922    0.896  1.21282  *
* 120)    4.555   ( 60,  0)       -0.009  0.00978   -4.922    0.896  1.21282  *
* 121)    4.689   ( 61,  0)        0.130  0.00302   -4.727    0.514  1.20773  *
* 122)    4.689   (  0, 61)        0.130  0.00302   -4.727    0.514  1.20773  *
* 123)    5.033   ( 62,  0)        0.013  0.00367   -4.392    0.608  1.19066  *
* 124)    5.033   (  0, 62)        0.013  0.00367   -4.392    0.608  1.19066  *
* 125)    5.071   ( 63,  0)       -0.285  0.00292   -4.348    0.547  1.18921  *
* 126)    5.071   (  0, 63)       -0.285  0.00292   -4.348    0.547  1.18921  *
* 127)    5.797   ( 64,  0)        0.111  0.00208   -3.615    0.528  1.16187  *
* 128)    5.797   (  0, 64)        0.111  0.00208   -3.615    0.528  1.16187  *
* 129)    6.302   ( 65,  0)        0.241  0.00064   -3.095    0.320  1.14731  *
* 130)    6.302   (  0, 65)        0.241  0.00064   -3.095    0.320  1.14731  *
* 131)    6.553   (  0, 66)        0.146  0.00181   -2.859    0.557  1.14064  *
* 132)    6.553   ( 66,  0)        0.146  0.00181   -2.859    0.557  1.14064  *
* 133)    6.954   ( 67,  0)        0.530  0.00609   -2.519    1.082  1.13071  *
* 134)    6.954   (  0, 67)        0.530  0.00609   -2.519    1.082  1.13071  *
* 135)    7.338   ( 68,  0)        0.418  0.00123   -2.068    0.513  1.12383  *
* 136)    7.338   (  0, 68)        0.418  0.00123   -2.068    0.513  1.12383  *
* 137)    7.342   ( 69,  0)        0.358  0.00051   -2.054    0.331  1.12388  *
* 138)    7.342   (  0, 69)        0.358  0.00051   -2.054    0.331  1.12388  *
* 139)    7.561   (  0, 70)        0.718  0.01384   -2.037    1.767  1.11776  *
* 140)    7.561   ( 70,  0)        0.718  0.01384   -2.037    1.767  1.11776  *
* 141)    7.828   (  0, 71)        0.313  0.00179   -1.589    0.661  1.11512  *
* 142)    7.828   ( 71,  0)        0.313  0.00179   -1.589    0.661  1.11512  *
* 143)    7.906   ( 72,  0)        0.643  0.00077   -1.495    0.438  1.11400  *
* 144)    7.906   (  0, 72)        0.643  0.00077   -1.495    0.438  1.11400  *
* 145)    8.007   ( 73,  0)       -0.244  0.00159   -1.407    0.637  1.11229  *
* 146)    8.007   (  0, 73)       -0.244  0.00159   -1.407    0.637  1.11229  *
* 147)    8.031   (  0, 74)        0.217  0.00045   -1.365    0.341  1.11208  *
* 148)    8.031   ( 74,  0)        0.217  0.00045   -1.365    0.341  1.11208  *
* 149)    8.628   ( 75,  0)       -0.709  0.03165   -1.307    3.021  1.09944  *
* 150)    8.628   (  0, 75)       -0.709  0.03165   -1.307    3.021  1.09944  *
* 151)    8.567   ( 76,  0)        0.380  0.00088   -0.837    0.509  1.10427  *
* 152)    8.567   (  0, 76)        0.380  0.00088   -0.837    0.509  1.10427  *
* 153)    8.599   (  0, 77)       -0.356  0.00064   -0.800    0.435  1.10387  *
* 154)    8.599   ( 77,  0)       -0.356  0.00064   -0.800    0.435  1.10387  *
* 155)    9.214   ( 78,  0)       -0.140  0.00149   -0.202    0.711  1.09618  *
* 156)    9.214   (  0, 78)       -0.140  0.00149   -0.202    0.711  1.09618  *
* 157)    9.633   (  0, 79)        0.195  0.00032    0.238    0.347  1.09174  *
* 158)    9.633   ( 79,  0)        0.195  0.00032    0.238    0.347  1.09174  *
* 159)    9.804   (  0, 80)       -0.374  0.00109    0.394    0.646  1.08991  *
* 160)    9.804   ( 80,  0)       -0.374  0.00109    0.394    0.646  1.08991  *
*                                                                             *
*1692)   TOTAL=  ( 846, 846)                                                  *
*                                                                             *
*******************************************************************************

*******************************************************************************
*                                                                             *
*  SINGLE-PARTICLE PROPERTIES: CANONICAL                           NEUTRONS   *
*                                                                             *
*******************************************************************************
*                                                                             *
*  NO)   ENERGY   (S=+,S=-)   | N,nz,lz,OMEz>   <P>    <JY>    <SY>   GFACT   *
*                                                                             *
*  40)  -11.390   ( 40,---)   | 3, 0, 3, 7/2>   -50   0.000   0.000   0.045   *
*  41)  -10.969   ( 41,---)   | 8, 6, 2, 3/2>    51   0.000   0.000   0.155   *
*  42)  -10.965   ( 42,---)   | 8, 6, 0, 1/2>    34  -0.427  -0.352   0.824   *
*  43)  -10.724   ( 43,---)   | 4, 1, 3, 5/2>   -14  -0.000   0.000  -0.001   *
*  44)  -10.520   ( 44,---)   | 3, 0, 1, 3/2>    -1   0.000   0.000   0.052   *
*  45)  -10.516   ( 45,---)   | 4, 1, 1, 1/2>    37   0.082  -0.155  -1.885   *
*  46)  -10.475   ( 46,---)   | 9, 7, 2, 5/2>   -38  -0.000  -0.000   0.240   *
*  47)   -9.207   ( 47,---)   | 6, 4, 2, 3/2>    48  -0.000   0.000  -1.002   *
*  48)   -8.990   ( 48,---)   | 3, 0, 1, 1/2>   -24   0.133  -0.011  -0.083   *
*  49)   -8.821   ( 49,---)   | 8, 5, 3, 7/2>    36   0.000   0.000   0.128   *
*  50)   -8.317   ( 50,---)   | 3, 0, 3, 5/2>   -10  -0.000   0.000  -0.066   *
*  51)   -8.210   ( 51,---)   |11,11, 0, 1/2>   -62  -1.697  -0.373   0.220   *
*  52)   -7.534   ( 52,---)   |10, 9, 1, 1/2>    65  -0.066  -0.135   2.032   *
*  53)   -7.482   ( 53,---)   | 3, 0, 1, 3/2>   -80   0.000   0.000   0.279   *
*  54)   -6.819   ( 54,---)   | 6, 2, 4, 9/2>    25   0.000   0.000   4.987   *
*  55)   -6.613   ( 55,---)   | 5, 3, 0, 1/2>   -74  -0.686  -0.339   0.494   *
*  56)   -6.225   ( 56,---)   | 9, 7, 2, 3/2>   -70   0.000   0.000   0.065   *
*  57)   -5.956   ( 57,---)   |10, 8, 2, 5/2>    69  -0.000  -0.000   1.676   *
*  58)   -5.549   ( 58,---)   | 3, 0, 1, 1/2>   -84   0.185  -0.137  -0.741   *
*  59)   -4.761   ( 59,---)   | 3, 0, 3, 5/2>   -87  -0.000   0.000  -0.101   *
*  60)   -4.588   ( 60,---)   | 5, 2, 3, 7/2>   -78  -0.000  -0.000   0.112   *
*  61)   -4.184   ( 61,---)   | 7, 5, 2, 3/2>   -55  -0.000   0.000  -0.100   *
*  62)   -4.151   ( 62,---)   | 4, 1, 1, 3/2>    66   0.000  -0.000  -0.019   *
*  63)   -4.142   ( 63,---)   | 5, 1, 4, 9/2>   -23   0.000  -0.000  -0.389   *
*  64)   -2.882   ( 64,---)   |10, 8, 0, 1/2>    72  -1.129  -0.293   0.260   *
*  65)   -2.478   ( 65,---)   | 4, 1, 1, 1/2>    76  -0.291  -0.108   0.371   *
*  66)   -1.993   ( 66,---)   |11,10, 1, 1/2>   -63   0.065  -0.157  -2.432   *
*  67)   -1.741   ( 67,---)   | 4, 1, 3, 5/2>    89  -0.000  -0.000   0.686   *
*  68)   -1.636   ( 68,---)   | 5, 1, 2, 5/2>   -43   0.000  -0.000  -9.903   *
*  69)   -1.022   ( 69,---)   |10, 8, 2, 3/2>    78   0.000   0.000   0.294   *
*  70)   -0.904   ( 70,---)   | 6, 4, 0, 1/2>    81  -0.841  -0.431   0.512   *
*  71)   -0.828   ( 71,---)   | 7, 5, 2, 5/2>   -77  -0.000  -0.000   0.266   *
*  72)   -0.120   ( 72,---)   | 6, 3, 3, 7/2>    88  -0.000  -0.000   0.076   *
*                                                                             *
*******************************************************************************

*******************************************************************************
*                                                                             *
*  HFB PAIRING PROPERTIES                                           NEUTRONS  *
*                                                                             *
*  STRENGTH= 0.0361   GAP= 0.5036   FERMI ENERGY= -8.5788   ENERGY=  -7.0341  *
*                                                                             *
*******************************************************************************

*******************************************************************************
*                                                                             *
*  MULTIPOLE MOMENTS [UNITS:  (10 FERMI)^LAMBDA]                    NEUTRONS  *
*                                                                             *
*******************************************************************************
*                                                                             *
*  Q00 = 98.0000  .............  .............  .............  .............  *
*                                                                             *
*  Q10 =  6.3667  Q11 =    ZERO  .............  .............  .............  *
*                                                                             *
*  Q20 = 62.2855  Q21 =    ZERO  Q22 =    ZERO  .............  .............  *
*                                                                             *
*  Q30 =  3.0268  Q31 =    ZERO  Q32 =    ZERO  Q33 =    ZERO  .............  *
*                                                                             *
*  Q40 = 12.5046  Q41 =    ZERO  Q42 =    ZERO  Q43 =    ZERO  Q44 = 2.8E-07  *
*                                                                             *
*******************************************************************************

*******************************************************************************
*                                                                             *
*  ROOT-MEAN-SQUARE AND GEOMETRIC SIZES IN FERMIS                   NEUTRONS  *
*                                                                             *
*  R_RMS =  6.8453     X_RMS =  2.2420    Y_RMS =  2.2420    Z_RMS =  6.0667  *
*                                                                             *
*  R_GEO =  8.8373     X_GEO =  5.0133    Y_GEO =  5.0133    Z_GEO = 13.5656  *
*                                                                             *
*******************************************************************************

*******************************************************************************
*                                                                             *
*  BOHR DEFORMATIONS (FIRST-ORDER APPROXIMATION)                    NEUTRONS  *
*                                                                             *
*******************************************************************************
*                                                                             *
*  B10 =  0.1505  B11 =    ZERO  .............  .............  .............  *
*                                                                             *
*  B20 =  1.0751  B21 =    ZERO  B22 =    ZERO  .............  .............  *
*                                                                             *
*  B30 =  0.1875  B31 =    ZERO  B32 =    ZERO  B33 =    ZERO  .............  *
*                                                                             *
*  B40 =  0.8763  B41 =    ZERO  B42 =    ZERO  B43 =    ZERO  B44 = 2.8E-08  *
*                                                                             *
*******************************************************************************
*                                                                             *
*  BOHR DENSITY = 0.0339 FM^(-3)  BOHR RADIUS =   8.8373 FM                   *
*                                                                             *
*******************************************************************************

*******************************************************************************
*                                                                             *
*  SINGLE-QUASIPARTICLE PROPERTIES:                                 PROTONS   *
*                                                                             *
*******************************************************************************
*                                                                             *
*  NO)   ENERGY   (S=+,S=-)       PARITY   V2QUAP   EEQUIV   DEQUIV   V_CORR  *
*                                                                             *
*  37)    9.892   (  0, 19)        0.142  0.99859  -12.387    0.742  1.00004  *
*  38)    9.892   ( 19,  0)        0.142  0.99859  -12.387    0.742  1.00004  *
*  39)    9.716   ( 20,  0)        0.095  0.99786  -12.197    0.897  1.00007  *
*  40)    9.716   (  0, 20)        0.095  0.99786  -12.197    0.897  1.00007  *
*  41)    9.174   (  0, 21)       -0.623  0.99857  -11.671    0.694  1.00005  *
*  42)    9.174   ( 21,  0)       -0.623  0.99857  -11.671    0.694  1.00005  *
*  43)    8.412   (  0, 22)        0.756  0.99886  -10.915    0.568  1.00004  *
*  44)    8.412   ( 22,  0)        0.756  0.99886  -10.915    0.568  1.00004  *
*  45)    7.775   (  0, 23)       -0.154  0.99940  -10.288    0.382  1.00002  *
*  46)    7.775   ( 23,  0)       -0.154  0.99940  -10.288    0.382  1.00002  *
*  47)    7.697   (  0, 24)       -0.101  0.99882  -10.202    0.529  1.00005  *
*  48)    7.697   ( 24,  0)       -0.101  0.99882  -10.202    0.529  1.00005  *
*  49)    7.072   (  0, 25)        0.727  0.99541   -9.530    0.956  1.00019  *
*  50)    7.072   ( 25,  0)        0.727  0.99541   -9.530    0.956  1.00019  *
*  51)    5.912   (  0, 26)       -0.684  0.98698   -8.281    1.341  1.00064  *
*  52)    5.912   ( 26,  0)       -0.684  0.98698   -8.281    1.341  1.00064  *
*  53)    5.692   (  0, 27)       -0.671  0.99581   -8.167    0.735  1.00021  *
*  54)    5.692   ( 27,  0)       -0.671  0.99581   -8.167    0.735  1.00021  *
*  55)    5.104   ( 28,  0)        0.710  0.99635   -7.590    0.615  1.00020  *
*  56)    5.104   (  0, 28)        0.710  0.99635   -7.590    0.615  1.00020  *
*  57)    4.519   (  0, 29)        0.708  0.99648   -7.010    0.535  1.00022  *
*  58)    4.519   ( 29,  0)        0.708  0.99648   -7.010    0.535  1.00022  *
*  59)    4.475   ( 30,  0)        0.738  0.99655   -6.967    0.525  1.00022  *
*  60)    4.475   (  0, 30)        0.738  0.99655   -6.967    0.525  1.00022  *
*  61)    4.298   (  0, 31)       -0.107  0.99061   -6.740    0.829  1.00061  *
*  62)    4.298   ( 31,  0)       -0.107  0.99061   -6.740    0.829  1.00061  *
*  63)    2.903   (  0, 32)       -0.639  0.99210   -5.380    0.514  1.00073  *
*  64)    2.903   ( 32,  0)       -0.639  0.99210   -5.380    0.514  1.00073  *
*  65)    2.071   (  0, 33)       -0.654  0.93070   -4.307    1.052  1.00865  *
*  66)    2.071   ( 33,  0)       -0.654  0.93070   -4.307    1.052  1.00865  *
*  67)    1.817   ( 34,  0)        0.031  0.98877   -4.299    0.383  1.00153  *
*  68)    1.817   (  0, 34)        0.031  0.98877   -4.299    0.383  1.00153  *
*  69)    1.284   (  0, 35)       -0.666  0.95322   -3.687    0.542  1.00841  *
*  70)    1.284   ( 35,  0)       -0.666  0.95322   -3.687    0.542  1.00841  *
*  71)    0.936   (  0, 36)        0.650  0.94385   -3.354    0.431  1.01262  *
*  72)    0.936   ( 36,  0)        0.650  0.94385   -3.354    0.431  1.01262  *
*  73)    0.444   ( 37,  0)       -0.648  0.53144   -2.551    0.443  1.23003  *
*  74)    0.444   (  0, 37)       -0.648  0.53144   -2.551    0.443  1.23003  *
*  75)    2.030   (  0, 38)        0.764  0.50109   -2.527    2.030  1.07303  *
*  76)    2.030   ( 38,  0)        0.764  0.50109   -2.527    2.030  1.07303  *
*  77)    2.156   ( 39,  0)        0.565  0.49814   -2.515    2.156  1.06945  *
*  78)    2.156   (  0, 39)        0.565  0.49814   -2.515    2.156  1.06945  *
*  79)    0.609   (  0, 40)       -0.084  0.43648   -2.446    0.604  1.24907  *
*  80)    0.609   ( 40,  0)       -0.084  0.43648   -2.446    0.604  1.24907  *
*  81)    1.182   ( 41,  0)       -0.039  0.07453   -1.517    0.621  1.30697  *
*  82)    1.182   (  0, 41)       -0.039  0.07453   -1.517    0.621  1.30697  *
*  83)    1.294   ( 42,  0)       -0.095  0.05619   -1.375    0.596  1.28470  *
*  84)    1.294   (  0, 42)       -0.095  0.05619   -1.375    0.596  1.28470  *
*  85)    1.281   ( 43,  0)       -0.319  0.03981   -1.344    0.501  1.29764  *
*  86)    1.281   (  0, 43)       -0.319  0.03981   -1.344    0.501  1.29764  *
*  87)    1.383   ( 44,  0)        0.035  0.04267   -1.258    0.559  1.26883  *
*  88)    1.383   (  0, 44)        0.035  0.04267   -1.258    0.559  1.26883  *
*  89)    1.839   ( 45,  0)       -0.756  0.07065   -0.943    0.943  1.18233  *
*  90)    1.839   (  0, 45)       -0.756  0.07065   -0.943    0.943  1.18233  *
*  91)    2.292   (  0, 46)        0.329  0.00506   -0.254    0.325  1.15630  *
*  92)    2.292   ( 46,  0)        0.329  0.00506   -0.254    0.325  1.15630  *
*  93)    3.295   ( 47,  0)        0.734  0.00555    0.735    0.489  1.10376  *
*  94)    3.295   (  0, 47)        0.734  0.00555    0.735    0.489  1.10376  *
*  95)    3.455   (  0, 48)        0.361  0.00181    0.919    0.294  1.09896  *
*  96)    3.455   ( 48,  0)        0.361  0.00181    0.919    0.294  1.09896  *
*  97)    3.945   ( 49,  0)        0.423  0.00676    1.369    0.647  1.08508  *
*  98)    3.945   (  0, 49)        0.423  0.00676    1.369    0.647  1.08508  *
*  99)    4.032   (  0, 50)        0.209  0.00161    1.496    0.324  1.08363  *
* 100)    4.032   ( 50,  0)        0.209  0.00161    1.496    0.324  1.08363  *
* 101)    4.386   (  0, 51)       -0.529  0.00299    1.837    0.479  1.07624  *
* 102)    4.386   ( 51,  0)       -0.529  0.00299    1.837    0.479  1.07624  *
* 103)    4.982   (  0, 52)        0.703  0.00256    2.433    0.504  1.06655  *
* 104)    4.982   ( 52,  0)        0.703  0.00256    2.433    0.504  1.06655  *
* 105)    5.403   ( 53,  0)        0.029  0.00340    2.843    0.629  1.06099  *
* 106)    5.403   (  0, 53)        0.029  0.00340    2.843    0.629  1.06099  *
* 107)    5.454   ( 54,  0)       -0.348  0.00194    2.909    0.479  1.06049  *
* 108)    5.454   (  0, 54)       -0.348  0.00194    2.909    0.479  1.06049  *
* 109)    6.008   ( 55,  0)       -0.660  0.01389    3.318    1.406  1.05386  *
* 110)    6.008   (  0, 55)       -0.660  0.01389    3.318    1.406  1.05386  *
* 111)    6.346   (  0, 56)        0.287  0.00375    3.776    0.775  1.05144  *
* 112)    6.346   ( 56,  0)        0.287  0.00375    3.776    0.775  1.05144  *
* 113)    6.589   (  0, 57)       -0.086  0.00380    4.016    0.811  1.04945  *
* 114)    6.589   ( 57,  0)       -0.086  0.00380    4.016    0.811  1.04945  *
* 115)    7.076   (  0, 58)       -0.502  0.00109    4.538    0.467  1.04603  *
* 116)    7.076   ( 58,  0)       -0.502  0.00109    4.538    0.467  1.04603  *
* 117)    7.240   (  0, 59)       -0.346  0.00121    4.700    0.503  1.04493  *
* 118)    7.240   ( 59,  0)       -0.346  0.00121    4.700    0.503  1.04493  *
* 119)    7.739   ( 60,  0)       -0.446  0.00102    5.200    0.495  1.04192  *
* 120)    7.739   (  0, 60)       -0.446  0.00102    5.200    0.495  1.04192  *
* 121)    8.119   ( 61,  0)        0.292  0.00192    5.565    0.711  1.03985  *
* 122)    8.119   (  0, 61)        0.292  0.00192    5.565    0.711  1.03985  *
* 123)    8.355   ( 62,  0)        0.409  0.00121    5.812    0.581  1.03870  *
* 124)    8.355   (  0, 62)        0.409  0.00121    5.812    0.581  1.03870  *
* 125)    8.513   (  0, 63)       -0.105  0.00031    5.985    0.301  1.03800  *
* 126)    8.513   ( 63,  0)       -0.105  0.00031    5.985    0.301  1.03800  *
* 127)    9.231   ( 64,  0)        0.243  0.00087    6.692    0.543  1.03492  *
* 128)    9.231   (  0, 64)        0.243  0.00087    6.692    0.543  1.03492  *
* 129)    9.956   (  0, 65)        0.787  0.00343    7.365    1.165  1.03220  *
* 130)    9.956   ( 65,  0)        0.787  0.00343    7.365    1.165  1.03220  *
*                                                                             *
*1336)   TOTAL=  ( 668, 668)                                                  *
*                                                                             *
*******************************************************************************

*******************************************************************************
*                                                                             *
*  SINGLE-PARTICLE PROPERTIES: CANONICAL                            PROTONS   *
*                                                                             *
*******************************************************************************
*                                                                             *
*  NO)   ENERGY   (S=+,S=-)   | N,nz,lz,OMEz>   <P>    <JY>    <SY>   GFACT   *
*                                                                             *
*  22)  -11.912   ( 22,---)   | 3, 1, 0, 1/2>   -19  -0.363  -0.492   1.356   *
*  23)  -11.769   ( 23,---)   | 3, 1, 2, 3/2>    -7  -0.000  -0.000   3.207   *
*  24)  -11.356   ( 24,---)   | 4, 3, 1, 3/2>    39   0.000  -0.000  -0.281   *
*  25)  -10.788   ( 25,---)   | 2, 0, 0, 1/2>    12  -0.394  -0.463   1.176   *
*  26)   -9.257   ( 26,---)   | 3, 1, 2, 5/2>   -60  -0.000   0.000  -0.658   *
*  27)   -8.886   ( 27,---)   | 9, 9, 0, 1/2>   -56  -1.277  -0.436   0.341   *
*  28)   -8.109   ( 28,---)   | 8, 7, 1, 1/2>    83   0.010  -0.085  -8.365   *
*  29)   -7.417   ( 29,---)   | 2, 0, 0, 1/2>    77  -0.322  -0.469   1.457   *
*  30)   -6.800   ( 30,---)   | 4, 3, 1, 3/2>    39   0.000   0.000   0.563   *
*  31)   -6.457   ( 31,---)   | 4, 1, 3, 7/2>    55  -0.000  -0.000   0.015   *
*  32)   -6.000   ( 32,---)   | 9, 8, 1, 3/2>   -33   0.000   0.000   0.086   *
*  33)   -4.995   ( 33,---)   | 3, 1, 2, 3/2>   -73  -0.000  -0.000   1.068   *
*  34)   -4.625   ( 34,---)   | 3, 0, 3, 7/2>   -61   0.000  -0.000  -0.026   *
*  35)   -4.565   ( 35,---)   | 8, 6, 2, 5/2>    67  -0.000  -0.000   0.303   *
*  36)   -4.545   ( 36,---)   | 7, 5, 0, 1/2>   -63  -0.578  -0.472   0.817   *
*  37)   -3.389   ( 37,---)   |10,10, 0, 1/2>    71  -1.688  -0.408   0.242   *
*  38)   -2.567   ( 38,---)   | 9, 8, 1, 1/2>   -70   0.109  -0.100  -0.918   *
*  39)   -2.447   ( 39,---)   | 5, 2, 1, 3/2>    -7  -0.000   0.000  -0.016   *
*  40)   -1.501   ( 40,---)   | 5, 2, 3, 5/2>    -7   0.000  -0.000  -0.038   *
*  41)   -1.326   ( 41,---)   | 5, 2, 1, 1/2>    -2   0.187  -0.025  -0.133   *
*  42)   -1.287   ( 42,---)   | 3, 0, 3, 7/2>   -53  -0.000  -0.000   0.048   *
*  43)   -1.169   ( 43,---)   | 8, 6, 2, 3/2>    55   0.000   0.000   0.172   *
*  44)   -0.643   ( 44,---)   | 8, 6, 0, 1/2>    57  -0.558  -0.456   0.817   *
*  45)   -0.403   ( 45,---)   | 9, 7, 2, 5/2>   -54  -0.000  -0.000   0.404   *
*                                                                             *
*******************************************************************************

*******************************************************************************
*                                                                             *
*  HFB PAIRING PROPERTIES                                            PROTONS  *
*                                                                             *
*  STRENGTH= 0.0527   GAP=-0.4635   FERMI ENERGY= -2.2113   ENERGY=  -4.0756  *
*                                                                             *
*******************************************************************************

*******************************************************************************
*                                                                             *
*  MULTIPOLE MOMENTS [UNITS:  (10 FERMI)^LAMBDA]                     PROTONS  *
*                                                                             *
*******************************************************************************
*                                                                             *
*  Q00 = 78.0000  .............  .............  .............  .............  *
*                                                                             *
*  Q10 =  4.8588  Q11 =    ZERO  .............  .............  .............  *
*                                                                             *
*  Q20 = 51.4422  Q21 =    ZERO  Q22 =-2.2E-10  .............  .............  *
*                                                                             *
*  Q30 =  2.4057  Q31 =    ZERO  Q32 =    ZERO  Q33 =    ZERO  .............  *
*                                                                             *
*  Q40 = 10.7459  Q41 =    ZERO  Q42 =    ZERO  Q43 =    ZERO  Q44 = 6.1E-08  *
*                                                                             *
*******************************************************************************

*******************************************************************************
*                                                                             *
*  ROOT-MEAN-SQUARE AND GEOMETRIC SIZES IN FERMIS                    PROTONS  *
*                                                                             *
*  R_RMS =  6.8597     X_RMS =  2.1664    Y_RMS =  2.1664    Z_RMS =  6.1375  *
*                                                                             *
*  R_GEO =  8.8559     X_GEO =  4.8443    Y_GEO =  4.8443    Z_GEO = 13.7239  *
*                                                                             *
*******************************************************************************

*******************************************************************************
*                                                                             *
*  BOHR DEFORMATIONS (FIRST-ORDER APPROXIMATION)                     PROTONS  *
*                                                                             *
*******************************************************************************
*                                                                             *
*  B10 =  0.1440  B11 =    ZERO  .............  .............  .............  *
*                                                                             *
*  B20 =  1.1110  B21 =    ZERO  B22 =    ZERO  .............  .............  *
*                                                                             *
*  B30 =  0.1860  B31 =    ZERO  B32 =    ZERO  B33 =    ZERO  .............  *
*                                                                             *
*  B40 =  0.9382  B41 =    ZERO  B42 =    ZERO  B43 =    ZERO  B44 = 7.6E-09  *
*                                                                             *
*******************************************************************************
*                                                                             *
*  BOHR DENSITY = 0.0268 FM^(-3)  BOHR RADIUS =   8.8559 FM                   *
*                                                                             *
*******************************************************************************

*******************************************************************************
*                                                                             *
*                  DENSITY INTEGRALS IN THE SKYRME FUNCTIONAL                 *
*                                                                             *
*******************************************************************************
*                                                                             *
*                   TOTAL(T)        SUM(S)      ISOSCALAR(P)  ISOVECTOR(M)    *
*                   --------        ------      ------------  ------------    *
*    DRHO_ =       21.049465     10.633290         21.049465      0.217116    *
*    DRHOD =        9.904809      5.001197          9.904809      0.097585    *
*    DLPR_ =       -5.036392     -2.538365         -5.036392     -0.040338    *
*    DTAU_ =       18.976393      9.642863         18.976393      0.309334    *
*    DSCU_ =        0.162280      0.087181          0.162280      0.012082    *
*    DDIV_ =        1.074433      0.541182          1.074433      0.007931    *
*                                                                             *
*    DSPI_ =        0.000000      0.000000          0.000000      0.000000    *
*    DSPID =        0.000000      0.000000          0.000000      0.000000    *
*    DLPS_ =        0.000000      0.000000          0.000000      0.000000    *
*    DCUR_ =        0.000000      0.000000          0.000000      0.000000    *
*    DKIS_ =        0.000000      0.000000          0.000000      0.000000    *
*    DROT_ =        0.000000      0.000000          0.000000      0.000000    *
*                                                                             *
*******************************************************************************

*******************************************************************************
*                                                                             *
*               CONTRIBUTIONS TO ENERGY IN THE SKYRME FUNCTIONAL              *
*                                                                             *
*******************************************************************************
*                                                                             *
*                 TOTAL(T)        SUM(S)        ISOSCALAR(P)  ISOVECTOR(M)    *
*                 --------        ------        ------------  ------------    *
*    ERHO_ =   -18819.485852   5724.065865     -13153.858535     58.438548    *
*    ERHOD =     9986.163394  -2537.426734       7473.492181    -24.755521    *
*    ELPR_ =     -495.255222    730.719578        229.658304      5.806051    *
*    ETAU_ =      629.182474   -465.475824        171.172658     -7.466008    *
*    ESCU_ =        0.000000      0.000000          0.000000      0.000000    *
*    EDIV_ =      -23.673889    -56.188304        -79.450452     -0.411740    *
*               ============  ============      ============  ============    *
*    SUM EVEN:  -8723.069095   3395.694580      -5358.985845     31.611330    *
*                                                                             *
*    ESPI_ =        0.000000      0.000000          0.000000      0.000000    *
*    ESPID =        0.000000      0.000000          0.000000      0.000000    *
*    ELPS_ =        0.000000      0.000000          0.000000      0.000000    *
*    ECUR_ =        0.000000      0.000000          0.000000      0.000000    *
*    EKIS_ =        0.000000      0.000000          0.000000      0.000000    *
*    EROT_ =        0.000000      0.000000          0.000000      0.000000    *
*               ============  ============      ============  ============    *
*    SUM  ODD:      0.000000      0.000000          0.000000      0.000000    *
*                                                                             *
*******************************************************************************
 
*******************************************************************************
*                                                                             *
*  CENTER-OF-MASS COORDINATES IN FERMIS                                TOTAL  *
*                                                                             *
*  R_CMS =  0.6378     X_CMS = -0.0000    Y_CMS =  0.0000    Z_CMS =  0.6378  *
*                                                                             *
*******************************************************************************

*******************************************************************************
*                                                                             *
*  MULTIPOLE MOMENTS [UNITS:  (10 FERMI)^LAMBDA] [CENT-MASS FRAME]  NEUTRONS  *
*                                                                             *
*******************************************************************************
*                                                                             *
*  Q00 = 98.0000  .............  .............  .............  .............  *
*                                                                             *
*  Q10 =  0.1161  Q11 =    ZERO  .............  .............  .............  *
*                                                                             *
*  Q20 = 61.4585  Q21 =    ZERO  Q22 =    ZERO  .............  .............  *
*                                                                             *
*  Q30 = -1.3817  Q31 =    ZERO  Q32 =    ZERO  Q33 =    ZERO  .............  *
*                                                                             *
*  Q40 = 12.2680  Q41 =    ZERO  Q42 =    ZERO  Q43 =    ZERO  Q44 = 2.8E-07  *
*                                                                             *
*******************************************************************************

*******************************************************************************
*                                                                             *
*  BOHR DEFORMATIONS (FIRST-ORDER APPROXIMATION) [CENT-MASS FRAME]  NEUTRONS  *
*                                                                             *
*******************************************************************************
*                                                                             *
*  B10 =  0.0030  B11 =    ZERO  .............  .............  .............  *
*                                                                             *
*  B20 =  1.2618  B21 =    ZERO  B22 =    ZERO  .............  .............  *
*                                                                             *
*  B30 = -0.1110  B31 =    ZERO  B32 =    ZERO  B33 =    ZERO  .............  *
*                                                                             *
*  B40 =  1.2162  B41 =    ZERO  B42 =    ZERO  B43 =    ZERO  B44 = 4.0E-08  *
*                                                                             *
*******************************************************************************
*                                                                             *
*  BOHR DENSITY = 0.0440 FM^(-3)  BOHR RADIUS =   8.1033 FM                   *
*                                                                             *
*******************************************************************************

*******************************************************************************
*                                                                             *
*  MULTIPOLE MOMENTS [UNITS:  (10 FERMI)^LAMBDA] [CENT-MASS FRAME]   PROTONS  *
*                                                                             *
*******************************************************************************
*                                                                             *
*  Q00 = 78.0000  .............  .............  .............  .............  *
*                                                                             *
*  Q10 = -0.1161  Q11 =    ZERO  .............  .............  .............  *
*                                                                             *
*  Q20 = 50.8372  Q21 =    ZERO  Q22 =-2.2E-10  .............  .............  *
*                                                                             *
*  Q30 = -1.2384  Q31 =    ZERO  Q32 =    ZERO  Q33 =    ZERO  .............  *
*                                                                             *
*  Q40 = 10.5781  Q41 =    ZERO  Q42 =    ZERO  Q43 =    ZERO  Q44 = 6.1E-08  *
*                                                                             *
*******************************************************************************

*******************************************************************************
*                                                                             *
*  BOHR DEFORMATIONS (FIRST-ORDER APPROXIMATION) [CENT-MASS FRAME]   PROTONS  *
*                                                                             *
*******************************************************************************
*                                                                             *
*  B10 = -0.0037  B11 =    ZERO  .............  .............  .............  *
*                                                                             *
*  B20 =  1.2981  B21 =    ZERO  B22 =    ZERO  .............  .............  *
*                                                                             *
*  B30 = -0.1231  B31 =    ZERO  B32 =    ZERO  B33 =    ZERO  .............  *
*                                                                             *
*  B40 =  1.2912  B41 =    ZERO  B42 =    ZERO  B43 =    ZERO  B44 = 1.1E-08  *
*                                                                             *
*******************************************************************************
*                                                                             *
*  BOHR DENSITY = 0.0345 FM^(-3)  BOHR RADIUS =   8.1443 FM                   *
*                                                                             *
*******************************************************************************

*******************************************************************************
*                                                                             *
*  EULER ANGLES OF THE PRINCIPAL-AXES FRAME IN DEGREES                 TOTAL  *
*                                                                             *
*  ALPHA =270.00000  BETA =  0.00000  GAMMA =  0.00000                        *
*                                                                             *
*******************************************************************************

*******************************************************************************
*                                                                             *
*  ROOT-MEAN-SQUARE AND GEOMETRIC SIZES IN FERMIS                      TOTAL  *
*                                                                             *
*  R_RMS =  6.8517     X_RMS =  2.2088    Y_RMS =  2.2088    Z_RMS =  6.0982  *
*                                                                             *
*  R_GEO =  8.8455     X_GEO =  4.9391    Y_GEO =  4.9391    Z_GEO = 13.6360  *
*                                                                             *
*******************************************************************************

*******************************************************************************
*                                                                             *
*  MULTIPOLE MOMENTS [UNITS:  (10 FERMI)^LAMBDA]                       TOTAL  *
*                                                                             *
*******************************************************************************
*                                                                             *
*  Q00 =176.0000  .............  .............  .............  .............  *
*                                                                             *
*  Q10 = 11.2255  Q11 =    ZERO  .............  .............  .............  *
*                                                                             *
*  Q20 =113.7276  Q21 =    ZERO  Q22 =-2.2E-10  .............  .............  *
*                                                                             *
*  Q30 =  5.4325  Q31 =    ZERO  Q32 =    ZERO  Q33 =    ZERO  .............  *
*                                                                             *
*  Q40 = 23.2505  Q41 =    ZERO  Q42 =    ZERO  Q43 =    ZERO  Q44 = 3.5E-07  *
*                                                                             *
*******************************************************************************

*******************************************************************************
*                                                                             *
*  BOHR DEFORMATIONS (FIRST-ORDER APPROXIMATION)                       TOTAL  *
*                                                                             *
*******************************************************************************
*                                                                             *
*  B10 =  0.1476  B11 =    ZERO  .............  .............  .............  *
*                                                                             *
*  B20 =  1.0911  B21 =    ZERO  B22 =    ZERO  .............  .............  *
*                                                                             *
*  B30 =  0.1868  B31 =    ZERO  B32 =    ZERO  B33 =    ZERO  .............  *
*                                                                             *
*  B40 =  0.9039  B41 =    ZERO  B42 =    ZERO  B43 =    ZERO  B44 = 1.9E-08  *
*                                                                             *
*******************************************************************************
*                                                                             *
*  BOHR DENSITY = 0.0607 FM^(-3)  BOHR RADIUS =   8.8455 FM                   *
*                                                                             *
*******************************************************************************

*******************************************************************************
*                                                                             *
*  MULTIPOLE MOMENTS [UNITS:  (10 FERMI)^LAMBDA] [CENT-MASS FRAME]     TOTAL  *
*                                                                             *
*******************************************************************************
*                                                                             *
*  Q00 =176.0000  .............  .............  .............  .............  *
*                                                                             *
*  Q10 =    ZERO  Q11 =    ZERO  .............  .............  .............  *
*                                                                             *
*  Q20 =112.2957  Q21 =    ZERO  Q22 =-2.2E-10  .............  .............  *
*                                                                             *
*  Q30 = -2.6200  Q31 =    ZERO  Q32 =    ZERO  Q33 =    ZERO  .............  *
*                                                                             *
*  Q40 = 22.8461  Q41 =    ZERO  Q42 =    ZERO  Q43 =    ZERO  Q44 = 3.5E-07  *
*                                                                             *
*******************************************************************************

*******************************************************************************
*                                                                             *
*  BOHR DEFORMATIONS (FIRST-ORDER APPROXIMATION) [CENT-MASS FRAME]     TOTAL  *
*                                                                             *
*******************************************************************************
*                                                                             *
*  B10 =    ZERO  B11 =    ZERO  .............  .............  .............  *
*                                                                             *
*  B20 =  1.2780  B21 =    ZERO  B22 =    ZERO  .............  .............  *
*                                                                             *
*  B30 = -0.1164  B31 =    ZERO  B32 =    ZERO  B33 =    ZERO  .............  *
*                                                                             *
*  B40 =  1.2499  B41 =    ZERO  B42 =    ZERO  B43 =    ZERO  B44 = 2.7E-08  *
*                                                                             *
*******************************************************************************
*                                                                             *
*  BOHR DENSITY = 0.0784 FM^(-3)  BOHR RADIUS =   8.1213 FM                   *
*                                                                             *
*******************************************************************************

*******************************************************************************
*                                                                             *
*  MULTIPOLE MOMENTS [UNITS:  (10 FERMI)^LAMBDA] [INTRINSIC FRAME]     TOTAL  *
*                                                                             *
*  REAL PART  FOR A NON-NEGATIVE PROJECTION                                   *
*  IMAGINARY PART FOR A NEGATIVE PROJECTION                                   *
*                                                                             *
*******************************************************************************
*                                                                             *
*  Q00 =176.0000  .............  .............  .............  .............  *
*                 .............  .............  .............  .............  *
*                                                                             *
*  Q10 =    ZERO  Q1+1=    ZERO  .............  .............  .............  *
*                 Q1-1=    ZERO  .............  .............  .............  *
*                                                                             *
*  Q20 =112.2957  Q2+1=    ZERO  Q2+2= 2.2E-10  .............  .............  *
*                 Q2-1=    ZERO  Q2-2=    ZERO  .............  .............  *
*                                                                             *
*  Q30 = -2.6200  Q3+1=    ZERO  Q3+2=    ZERO  Q3+3=    ZERO  .............  *
*                 Q3-1=    ZERO  Q3-2=    ZERO  Q3-3=    ZERO  .............  *
*                                                                             *
*  Q40 = 22.8461  Q4+1=    ZERO  Q4+2=    ZERO  Q4+3=    ZERO  Q4+4= 3.5E-07  *
*                 Q4-1=    ZERO  Q4-2=    ZERO  Q4-3=    ZERO  Q4-4=    ZERO  *
*                                                                             *
*******************************************************************************

*******************************************************************************
*                                                                             *
*  BOHR DEFORMATIONS (FIRST-ORDER APPROXIMATION) [INTRINSIC FRAME]     TOTAL  *
*                                                                             *
*  REAL PART  FOR A NON-NEGATIVE PROJECTION                                   *
*  IMAGINARY PART FOR A NEGATIVE PROJECTION                                   *
*                                                                             *
*******************************************************************************
*                                                                             *
*  B10 =    ZERO  B1+1=    ZERO  .............  .............  .............  *
*                 B1-1=    ZERO  .............  .............  .............  *
*                                                                             *
*  B20 =  1.2780  B2+1=    ZERO  B2+2=    ZERO  .............  .............  *
*                 B2-1=    ZERO  B2-2=    ZERO  .............  .............  *
*                                                                             *
*  B30 = -0.1164  B3+1=    ZERO  B3+2=    ZERO  B3+3=    ZERO  .............  *
*                 B3-1=    ZERO  B3-2=    ZERO  B3-3=    ZERO  .............  *
*                                                                             *
*  B40 =  1.2499  B4+1=    ZERO  B4+2=    ZERO  B4+3=    ZERO  B4+4= 2.7E-08  *
*                 B4-1=    ZERO  B4-2=    ZERO  B4-3=    ZERO  B4-4=    ZERO  *
*                                                                             *
*******************************************************************************
*                                                                             *
*  BOHR DENSITY = 0.0784 FM^(-3)  BOHR RADIUS =   8.1213 FM                   *
*                                                                             *
*******************************************************************************

*******************************************************************************
*                                                                             *
*                                ENERGIES (MEV)                               *
*                                                                             *
*******************************************************************************
*                                                                             *
*  KINETIC: (NEU)=  1901.735864    (PRO)=  1376.424498    (TOT)=  3278.160361 *
*  SUM EPS: (NEU)= -1992.078958    (PRO)= -1043.003094    (TOT)= -3035.082052 *
*  PAIRING: (NEU)=    -7.034111    (PRO)=    -4.075607    (TOT)=   -11.109719 *
*  P-REARR: (NEU)=     1.834218    (PRO)=     1.149071    (TOT)=     2.983289 *
*                                                                             *
*  PAIRGAP: (NEU)=     0.503596    (PRO)=    -0.463504    THIS SPACE IS EMPTY *
*  E-FERMI: (NEU)=    -8.578800    (PRO)=    -2.211279    AND AWAITS  YOUR AD *
*                                                                             *
*  COULOMB: (DIR)=   707.888569    (EXC)=   -30.597103    (TOT)=   677.291466 *
*                                                                             *
*  CONSTR. (MULT)=  1240.952376    SLOPE=  -297.872499    CORR.=   148.936250 *
*  CONSTR. (SURF)=     0.000000    SLOPE=     0.000000    CORR.=     0.000000 *
*  CONSTR. (SPIN)=     0.000000    SLOPE=     0.000000    CORR.=     0.000000 *
*  CONSTR. (ISOS)=     0.000000    SLOPE=     0.000000    CORR.=     0.000000 *
*                                                                             *
*  REARRANGEMENT ENERGY FROM THE SKYRME DENSITY-DEPENDENT TERMS=  1402.523794 *
*  ROUTHIAN= TOTAL ENERGY + MULTIPOLE AND (ISO)SPIN CONSTRAINTS=  -142.080029 *
*                                                                             *
*  SPIN-ORB (EVE)=   -79.862192    (ODD)=     0.000000    (TOT)=   -79.862192 *
*  SKYRME:  (EVE)= -5327.374514    (ODD)=     0.000000    (TOT)= -5327.374514 *
*                                                                             *
*  TOTAL:  (STAB)=   -71.180525     (SP)= -1454.212931    (FUN)= -1383.032405 *
*                                                                             *
*******************************************************************************

*******************************************************************************
*                                                                             *
*  ITERATION RESTARTED FROM THE DISC, THE FOLLOWING FILE(S) READ:             *
*  ./restart/HFODD_00000023.REC                                        VER=19 *
*                                                                             *
*******************************************************************************
*                                                                             *
* CONVERGENCE REPORT                                                          *
*                                                                             *
*******************************************************************************
*                                                                             *
* ITER     ENERGY     STABILITY    Q_2    GAMMA   SPIN  OMEGA   ANGLE   EPAIR *
*                                                                             *
* 1721 -1383.032405  -71.180525 112.296    0.00   0.00  0.000   0.000  -11.11 *
* 1722  -953.587775  748.455651 152.641    0.00   0.00  0.000   0.000   -1.76 *
* 1723 -1046.639289  687.131211 164.147    0.00   0.00  0.000   0.000   -8.00 *
* 1724 -1059.967715  800.544129 160.092    0.00   0.00  0.000   0.000   -6.56 *
* 1725 -1059.926928  746.908418 160.442    0.00   0.00  0.000   0.000   -8.11 *
* 1726 -1053.475454  868.724266 160.980    0.00   0.00  0.000   0.000   -6.44 *
* 1727 -1033.338067  834.589941 161.748    0.00   0.00  0.000   0.000   -5.60 *
* 1728 -1031.126995  819.205997 161.277    0.00   0.00  0.000   0.000   -6.27 *
* 1729 -1033.037345  726.660496 161.397    0.00   0.00  0.000   0.000   -6.65 *
* 1730 -1079.423932  751.950336 161.586    0.00   0.00  0.000   0.000  -10.08 *
* 1731 -1069.503693  680.865234 161.748    0.00   0.00  0.000   0.000   -7.77 *
* 1732 -1082.276916   -4.65E+03 163.061    0.00   0.00  0.000   0.000   -9.11 *
* 1733  -505.385382   -2.19E+03  84.283   60.00   0.00  0.000   0.000  -12.21 *
* 1734  1793.948533   -6.78E+03  24.811    0.00   0.00  0.000   0.000   -0.04 *
* 1735   953.292792   -6.11E+03 387.455    0.00   0.00  0.000   0.000   -0.13 *
* 1736  1323.124572   -2.10E+03 611.755    0.00   0.00  0.000   0.000 -142.41 *
* 1737  2152.985756   -7.49E+04 105.793    0.00   0.00  0.000   0.000 -287.78 *
* 1738   326.968536   -5.05E+03 154.239   60.00   0.00  0.000   0.000   -0.06 *
* 1739  2670.770550   -3.32E+05 132.942   60.00   0.00  0.000   0.000 -287.04 *

 //////////////////// MAXIMUM NUMBER OF ITERATIONS       ////////////////////
 //////////////////// EXCEEDED IN QUABCS                 ////////////////////

*******************************************************************************
*                                                                             *
*  PROCESSOR   EXECUTION  TIMES IN SUBROUTINES                                *
*  INCLUDING THEIR COMPLETE DOWN-CALLING TREES                                *
*                                                                             *
*******************************************************************************
*                                                                             *
*     6009 => HFODD    3225 => DENSHF   1262 => DIAMAT   1146 => HFBSIM       *
*                                                                             *
*      613 => QMULCM    331 => PAIMAC    273 => CANQUA    192 => RECORD       *
*                                                                             *
*      102 => AVEQUA     42 => INTEGH     39 => INTSOR     38 => INTEGD       *
*                                                                             *
*       31 => DENMAC     19 => MOMETS     18 => INTMUL     14 => DOBROY       *
*                                                                             *
*       13 => BEGINC     11 => SKFILD      9 => INTMAS      8 => ROTAVR       *
*                                                                             *
*        8 => LINAVR      7 => SPAVER      6 => COUMAT      6 => INTCOU       *
*                                                                             *
*        5 => AVOBSE      4 => INTCEN      3 => NILASP      2 => POWALL       *
*                                                                             *
*        2 => SKPAIR      2 => AVANGY      0 => INTKIN      0 => AVPARI       *
*                                                                             *
*        0 => QUABCS      0 => SHICOE      0 => AVSIMP      0 => MAGMOM       *
*                                                                             *
*        0 => SPIMOM      0 => SHIMOM      0 => PAXMOM      0 => MOMVMU       *
*                                                                             *
*        0 => MOMSIF      0 => SHISIF      0 => SHIMAG                        *
*                                                                             *
*******************************************************************************
*                                                                             *
*  NUMBERS OF CALLS TO SUBROUTINES                                            *
*                                                                             *
*******************************************************************************
*                                                                             *
*      878 => BEGINC    728 => INTMUL    234 => INTSOR     96 => DIAMAT       *
*                                                                             *
*       78 => INTMAS     78 => INTCEN     77 => INTKIN     76 => AVEQUA       *
*                                                                             *
*       57 => PAXMOM     39 => INTEGH     39 => INTEGD     39 => HFBSIM       *
*                                                                             *
*       39 => QUABCS     38 => CANQUA     38 => AVPARI     38 => DENSHF       *
*                                                                             *
*       38 => DENMAC     38 => PAIMAC     38 => MOMETS     38 => MOMSIF       *
*                                                                             *
*       38 => MOMVMU     38 => MAGMOM     38 => SPIMOM     38 => LINAVR       *
*                                                                             *
*       38 => ROTAVR     38 => SHICOE     20 => RECORD     20 => COUMAT       *
*                                                                             *
*       20 => INTCOU     19 => QMULCM     19 => SKFILD     19 => SKPAIR       *
*                                                                             *
*       19 => DOBROY     19 => SHIMOM     19 => SHISIF     19 => SHIMAG       *
*                                                                             *
*       14 => SPAVER      2 => AVANGY      2 => AVOBSE      2 => AVSIMP       *
*                                                                             *
*        2 => NILASP      1 => HFODD       1 => POWALL                        *
*                                                                             *
*******************************************************************************
*                                                                             *
*  EXECUTION ENDS ON 2016.09.06 AT 13:32:23.579                               *
*                                                                             *
*******************************************************************************
