*******************************************************************************
*                                                                             *
*                     P A R A L L E L    M O D E L                            *
*                                                                             *
*  SIMPLE MPI FRAMEWORK (1 COMMUNICATOR)    :  1 MPI PROCESS per HFODD TASK   *
*  MULTI-THREADING FRAMEWORK WITH OPENMP   :  4 THREADS per HFODD MPI PROCESS *
*                                                                             *
*******************************************************************************
*                                                                             *
*                        __  __ _____  ___   ____   ____                      *
*                       / / / // ___/.' _ \ / __ \ / __ \                     *
*                      / /_/ // /_  / / / // / / // / / /                     *
*                     / __  // __/ / / / // / / // / / /                      *
*                    / / / // /   / /_/ // /_/ // /_/ /                       *
*                   /_/ /_//_/    \___.'/____.'/____.'                        *
*                                                                             *
*                                                                             *
*******************************************************************************
*                                                                             *
*             SKYRME-HARTREE-FOCK-BOGOLYUBOV CODE VERSION: 2.77B              *
*                                                                             *
*              NO SYMMETRY-PLANES AND NO TIME-REVERSAL SYMMETRY               *
*                                                                             *
*                DEFORMED CARTESIAN HARMONIC-OSCILLATOR BASIS                 *
*                                                                             *
*******************************************************************************
*                                                                             *
*             J. DOBACZEWSKI, P. BACZYK, B.G. CARLSSON, J. DUDEK              *
*                 J. ENGEL, Y. GAO, M. KONIECZKA, T. LESINSKI                 *
*                 J. MCDONNELL, P. OLBRATOWSKI, P. POWALOWSKI                 *
*                  M. SADZIAK, J. SARICH, K. SATO, W. SATULA                  *
*             N. SCHUNCK,  J.A. SHEIKH, A. STASZCZAK, M. STOITSOV             *
*             P. TOIVANEN, X.B. WANG, M. ZALEWSKI AND H. ZDUNCZUK             *
*                                                                             *
*                   INSTYTUT FIZYKI TEORETYCZNEJ, WARSZAWA                    *
*                 LAWRENCE LIVERMORE NATIONAL LABORATORY, USA                 *
*                                                                             *
*                                  1993-2016                                  *
*                                                                             *
*******************************************************************************

*******************************************************************************
*                                                                             *
*  CODE COMPILED WITH THE FOLLOWING ARRAY DIMENSIONS AND SWITCHES:            *
*                                                                             *
*******************************************************************************
*                                                                             *
*  NDBASE = 1200  NDSTAT = 1200  NDXHRM =   40  NDYHRM =   40  NDZHRM =   64  *
*                                                                             *
*  NDMAIN =   30  NDMULT =    9  NDMULR =    4  NDLAMB =    9  NDITER = 5000  *
*                                                                             *
*  NDAKNO =    1  NDBKNO =    1  NDPROI =    2  NDCOUL =   80  NDPOLS =   25  *
*                                                                             *
*  NDATKN =   20  NDBTKN =   10  NDPROT =    1  NDPROD =    3                 *
*                                                                             *
*  IPARAL =    0  IPARAT =    0  I_CRAY =    0                                *
*                                                                             *
*                                                                             *
*  PRE-PROCESSOR OPTIONS:                                                     *
*                                                                             *
*       switch_port = 1     switch_diag = 3     switch_essl = 0               *
*                                                                             *
*                           switch_quad = 0     switch_vect = 1               *
*                                                                             *
*******************************************************************************
*                                                                             *
*  EXECUTION BEGINS ON 2016.08.25 AT 09:15:53.283                             *
*                                                                             *
*******************************************************************************
 
*******************************************************************************
*                                                                             *
*  CLASSICAL NUCLEAR SURFACE DEFINED FOR:                    N = 98   Z = 78  *
*                                                                             *
*******************************************************************************
*                                                                             *
*  AL10 =   ZERO  AL11 =   ZERO  .............  .............  .............  *
*                                                                             *
*  AL20 =  0.532  AL21 =   ZERO  AL22 =   ZERO  .............  .............  *
*                                                                             *
*******************************************************************************
*                                                                             *
*                                           HOMEGA=  7.6792  FCHOM0=  1.0496  *
*                                                                             *
*  OSCILLATOR FREQUENCIES: HBAROX=  9.0043  HBAROY=  9.0043  HBAROZ=  5.5852  *
*                                                                             *
*  MOMENTS OF INERTIA:     XMOMFC=105.9278  YMOMFC=105.9278  ZMOMFC= 58.8641  *
*                                                                             *
*  CENTERS OF MASS:        CMSXFC= -0.0000  CMSYFC= -0.0000  CMSZFC= -0.0000  *
*                                                                             *
*******************************************************************************

*******************************************************************************
*                                                                             *
*                           SKYRME FORCE DEFINITION                           *
*                                                                             *
*******************************************************************************
*                                                                             *
* PARAMETER SET HFB1:  T0= -1666.41  T1=   255.23  T2=  1521.28  T3= 12072.51 *
*                                                                             *
* POWER=0.37658031358  X0=  0.14608  X1= -4.82248  X2= -1.35211  X3=  0.00432 *
*                                                                             *
* IETA: J=0  W=1 CM=3  M=1  P=1  T=0 HBM= 20.73553 W0=  44.0677 W0P= 207.6502 *
*                                                                             *
*******************************************************************************

*******************************************************************************
*                                                                             *
*              COUPLING CONSTANTS DEFINING THE SKYRME FUNCTIONAL              *
*                                                                             *
*******************************************************************************
*                                                                             *
*                   TOTAL(T)        SUM(S)      ISOSCALAR(P)  ISOVECTOR(M)    *
*                   --------        ------      ------------  ------------    *
*    CRHO_ =     -894.060074    538.315575       -624.902286    269.157788    *
*    CRHOD =     1008.213640   -507.363897        754.531691   -253.681949    *
*    CLPR_ =       98.335311   -287.870148        -45.599763   -143.935074    *
*    CTAU_ =       33.156062    -48.271535          9.020295    -24.135768    *
*    CSCU_ =        0.000000      0.000000          0.000000      0.000000    *
*    CDIV_ =      -22.033840   -103.825096        -73.946388    -51.912548    *
*                                                                             *
*    CSPI_ =      -60.857026    416.601524        147.443736    208.300762    *
*    CSPID =        2.171385   -503.021127       -249.339179   -251.510564    *
*    CLPS_ =       51.110395     71.467295         86.844042     35.733647    *
*    CCUR_ =      -33.156062     48.271535         -9.020295     24.135768    *
*    CKIS_ =        0.000000      0.000000          0.000000      0.000000    *
*    CROT_ =      -22.033840   -103.825096        -73.946388    -51.912548    *
*                                                                             *
*******************************************************************************

*******************************************************************************
*                                                                             *
*                          NUCLEAR MATTER PROPERTIES                          *
*                                                                             *
*******************************************************************************
*                                                                             *
*     E = -15.8000  rho0 =   0.15625   K =  244.6682   Ms =    0.9364         *
*                   asym =  28.66820   L =   40.1091   Mv =    1.2498         *
*                                                                             *
*******************************************************************************

*******************************************************************************
*                                                                             *
*  PHYSICAL CONSTANTS:     H_BARC=197.32891000           HBCOE2=137.03602000  *
*                                                                             *
*                          XMASSN=938.90590000           XMASSP=938.27231000  *
*                                                                             *
*                          HBMASS= 20.73553000           HBMRPA= 20.73553000  *
*                                                                             *
*                          ECHAR2=  1.43997841           COULEX= -1.06350868  *
*                                                                             *
*******************************************************************************
*                                                                             *
*  OSCILLATOR LENGTHS:     X= 2.1461236      Y= 2.1461236       Z= 2.7249528  *
*                                                                             *
*  OSCILLATOR CONSTANTS:   X= 0.4659564      Y= 0.4659564       Z= 0.3669788  *
*                                                                             *
*  OSCILLATOR FREQUENCIES: X= 9.0042990      Y= 9.0042990       Z= 5.5852345  *
*                                                                             *
*******************************************************************************
*                                                                             *
*  BASIS CUT-OFF CONTROL PARAMETERS:  NXMAXX = 14  NYMAXX = 14  NZMAXX =  24  *
*                                                                             *
*                                     NXHERM = 36  NYHERM = 36  NZHERM =  60  *
*                                                                             *
*                                     NLIMIT=1140  LDBASE=1140  MCOUNT=29791  *
*                                                                             *
*                                     ENECUT= 800.0000      ELIMIT= 145.8426  *
*                                                                             *
*******************************************************************************

*******************************************************************************
*                                                                             *
*   SHAPE OF THE OSCILLATOR-BASIS DIAMOND    (THREE CONSECUTIVE PROJECTIONS)  *
*                                                                             *
*******************************************************************************
*                                                                             *
*        NX ===>>>  0  1  2  3  4  5  6  7  8  9 10 11 12 13 14               *
*        MAX.NY => 14 13 12 11 10  9  8  7  6  5  4  3  2  1  0               *
*                 ---------------------------------------------               *
*   NY= 0  (14)  | 24 22 20 19 17 15 14 12 11  9  7  6  4  3  1               *
*   NY= 1  (13)  | 22 20 19 17 15 14 12 11  9  7  6  4  3  1                  *
*   NY= 2  (12)  | 20 19 17 15 14 12 11  9  7  6  4  3  1                     *
*   NY= 3  (11)  | 19 17 15 14 12 11  9  7  6  4  3  1                        *
*   NY= 4  (10)  | 17 15 14 12 11  9  7  6  4  3  1                           *
*   NY= 5  ( 9)  | 15 14 12 11  9  7  6  4  3  1                              *
*   NY= 6  ( 8)  | 14 12 11  9  7  6  4  3  1                                 *
*   NY= 7  ( 7)  | 12 11  9  7  6  4  3  1                                    *
*   NY= 8  ( 6)  | 11  9  7  6  4  3  1                                       *
*   NY= 9  ( 5)  |  9  7  6  4  3  1                                          *
*   NY=10  ( 4)  |  7  6  4  3  1                                             *
*   NY=11  ( 3)  |  6  4  3  1                                                *
*   NY=12  ( 2)  |  4  3  1                                                   *
*   NY=13  ( 1)  |  3  1                                                      *
*   NY=14  ( 0)  |  1                                                         *
*                                                                             *
*                                                                             *
*        NZ ===>>>  0  1  2  3  4  5  6  7  8  9 10 11 12 13 14 15 16 17 18   *
*        MAX.NY => 14 14 13 13 12 11 11 10  9  9  8  8  7  6  6  5  4  4  3   *
*                 ---------------------------------------------------------   *
*   NY= 0  (24)  | 14 14 13 13 12 11 11 10  9  9  8  8  7  6  6  5  4  4  3   *
*   NY= 1  (22)  | 13 13 12 12 11 10 10  9  8  8  7  7  6  5  5  4  3  3  2   *
*   NY= 2  (20)  | 12 12 11 11 10  9  9  8  7  7  6  6  5  4  4  3  2  2  1   *
*   NY= 3  (19)  | 11 11 10 10  9  8  8  7  6  6  5  5  4  3  3  2  1  1  0   *
*   NY= 4  (17)  | 10 10  9  9  8  7  7  6  5  5  4  4  3  2  2  1  0  0      *
*   NY= 5  (15)  |  9  9  8  8  7  6  6  5  4  4  3  3  2  1  1  0            *
*   NY= 6  (14)  |  8  8  7  7  6  5  5  4  3  3  2  2  1  0  0               *
*   NY= 7  (12)  |  7  7  6  6  5  4  4  3  2  2  1  1  0                     *
*   NY= 8  (11)  |  6  6  5  5  4  3  3  2  1  1  0  0                        *
*   NY= 9  ( 9)  |  5  5  4  4  3  2  2  1  0  0                              *
*   NY=10  ( 7)  |  4  4  3  3  2  1  1  0                                    *
*   NY=11  ( 6)  |  3  3  2  2  1  0  0                                       *
*   NY=12  ( 4)  |  2  2  1  1  0                                             *
*   NY=13  ( 3)  |  1  1  0  0                                                *
*   NY=14  ( 1)  |  0  0                                                      *
*                                                                             *
*                                                                             *
*        NZ ===>>>  0  1  2  3  4  5  6  7  8  9 10 11 12 13 14 15 16 17 18   *
*        MAX.NX => 14 14 13 13 12 11 11 10  9  9  8  8  7  6  6  5  4  4  3   *
*                 ---------------------------------------------------------   *
*   NX= 0  (24)  | 14 14 13 13 12 11 11 10  9  9  8  8  7  6  6  5  4  4  3   *
*   NX= 1  (22)  | 13 13 12 12 11 10 10  9  8  8  7  7  6  5  5  4  3  3  2   *
*   NX= 2  (20)  | 12 12 11 11 10  9  9  8  7  7  6  6  5  4  4  3  2  2  1   *
*   NX= 3  (19)  | 11 11 10 10  9  8  8  7  6  6  5  5  4  3  3  2  1  1  0   *
*   NX= 4  (17)  | 10 10  9  9  8  7  7  6  5  5  4  4  3  2  2  1  0  0      *
*   NX= 5  (15)  |  9  9  8  8  7  6  6  5  4  4  3  3  2  1  1  0            *
*   NX= 6  (14)  |  8  8  7  7  6  5  5  4  3  3  2  2  1  0  0               *
*   NX= 7  (12)  |  7  7  6  6  5  4  4  3  2  2  1  1  0                     *
*   NX= 8  (11)  |  6  6  5  5  4  3  3  2  1  1  0  0                        *
*   NX= 9  ( 9)  |  5  5  4  4  3  2  2  1  0  0                              *
*   NX=10  ( 7)  |  4  4  3  3  2  1  1  0                                    *
*   NX=11  ( 6)  |  3  3  2  2  1  0  0                                       *
*   NX=12  ( 4)  |  2  2  1  1  0                                             *
*   NX=13  ( 3)  |  1  1  0  0                                                *
*   NX=14  ( 1)  |  0  0                                                      *
*                                                                             *
*******************************************************************************

*******************************************************************************
*                                                                             *
* NUCLIDE: N =  98  Z =  78  NUMBER OF ITERATIONS = 1000   CONTINUATION? = 1  *
*                                                                             *
*******************************************************************************
*                                                                             *
* ITERATIONS WILL STOP WHEN THE STABILITY BECOMES LOWER THAN EPSITE=0.300000  *
*                                            FOR    5 CONSECUTIVE ITERATIONS  *
*                                                                             *
*******************************************************************************
*                                                                             *
* ITERATIONS WILL STOP WHEN THE PING-PONG DIVERGENCE OCCURS FOR EPSPNG=0.010  *
*                                DURING    5 PAIRS OF CONSECUTIVE ITERATIONS  *
*                                                                             *
*******************************************************************************
*                                                                             *
* ITERATIONS WILL STOP FOR CHAOTIC-DIVERGENCE CONDITION OCCURING   20  TIMES  *
*                                                                             *
*******************************************************************************
*                                                                             *
* SLOW-DOWN PARAMETERS:                                                       *
* TIME-EVEN = 0.85   TIME-ODD = 0.85   PAIRING = 0.85   LIPKIN-NOGAMI = 0.85  *
*                    LIP-MASS = 0.50   LIP-MOI = 0.50   LIPKIN-METHOD = 0.50  *
*                                                                             *
*******************************************************************************
*                                                                             *
* BROYDEN METHOD IS:  ON                                                      *
*                                                                             *
*    TRIGGERED ONLY WHEN STABILITY IS LOWER THAN :  1000.000 MEV              *
*    INITIAL SLOWING FACTOR (BEFORE TRIGGER)     :     0.85 (=SLOWEV)         *
*    BROYDEN SLOWING FACTOR (AFTER  TRIGGER)     :     0.40 (=1-ALPHAM)       *
*    NUMBER OF ITERATIONS RETAINED IN MEMORY     :    10                      *
*                                                                             *
*******************************************************************************
*                                                                             *
* DIRECT COULOMB TERMS SOLVED BY GREEN FUNCTION AND FOURIER TRANSFORM METHOD  *
* COULOMB PARAMETERS:  NUMCOU = 80  NUMETA = 79  BOUCOU = 20.0  FURMAX =0.25  *
*                                                                             *
*******************************************************************************
*                                                                             *
* EXCHANGE COULOMB TERMS TREATED BY THE SLATER APPROXIMATION                  *
*                                                                             *
*******************************************************************************
*                                                                             *
* MAXIMUM NUMBERS OF MULTIPOLE MOMENTS USED FOR THE CONSTRAINTS,    NMUCON=4  *
*                                           FOR THE COULOMB FIELD,  NMUCOU=4  *
*                                           FOR THE OUTPUT INFO,    NMUPRI=4  *
*                                                                             *
*******************************************************************************
*                                                                             *
* MULTIPOLE CONSTRAINTS: LAMBDA= 2  MIU= 0  MOMENT=113.000  STIFFNESS= 0.500  *
*                        LAMBDA= 3  MIU= 0  MOMENT= 44.000  STIFFNESS= 0.500  *
*                                                                             *
*******************************************************************************
*                                                                             *
* LINEAR MULTIPOLE CONSTRAINTS: LAMBDA= 2  MIU= 0  LAGRANGE PAR. USED= 0.000  *
*                               LAMBDA= 3  MIU= 0  LAGRANGE PAR. USED= 0.000  *
*                                                                             *
*******************************************************************************
*                                                                             *
* THE LAGRANGE PARAMETERS OF THE LINEAR CONSTRAINTS ARE RE-ADJUSTED AT EACH   *
* ITERATION BY USING THE CRANKING APPROXIMATION OF THE RPA MATRIX             *
*                                                                             *
*******************************************************************************
*                                                                             *
* PRINTING THE RESULTS FOR THE FOLLOWING ITERATIONS:         THE  FIRST: YES  *
*                                                            THE MIDDLE:  NO  *
*                                                     AND/OR THE   LAST: YES  *
*                                                                             *
*******************************************************************************
*                                                                             *
* PRINTING THE MOMENTS, RADII, AND DEFORMATIONS FOR:           NEUTRONS: YES  *
*                                                              PROTONS : YES  *
*                                                              MASS    : YES  *
*                                                                             *
*******************************************************************************
*                                                                             *
* PRINTING THE MOMENTS, MOMENTA AND DEFORMATIONS IN THE INTRINSIC FRAME: YES  *
*                                                                             *
*******************************************************************************
*                                                                             *
* NILSSON LABELS OF SINGLE-PARTICLE STATES SHOWN WITH RESPECT TO THE: Z-AXIS  *
*                                                                             *
*******************************************************************************
*                                                                             *
* CALCULATIONS WITH THE HFB PAIRING CORRELATIONS                              *
*                                                                             *
*******************************************************************************
*                                                                             *
* CONTACT PAIRING INTERACTION:     V0        V1       RHO-SAT      POWER      *
*                    NEUTRONS:  -234.380   732.438     0.320     1.0000000    *
*                     PROTONS:  -260.437   813.866     0.320     1.0000000    *
*                                                                             *
*******************************************************************************
*                                                                             *
* CUTOFF ENERGY DEFINING THE ACTIVE HFB PAIRING SPACE=      60.000            *
*                                                                             *
*******************************************************************************
*                                                                             *
* CALCULATIONS WITH SIMPLEX SYMMETRY                                          *
*                                                                             *
*******************************************************************************
*                                                                             *
* CALCULATIONS WITH TIME-ODD SYMMETRIES:        T*SIMPLEX_X =>     CONSERVED  *
*                                               T*SIMPLEX_Y =>     CONSERVED  *
*                                               T*SIMPLEX_Z => NON CONSERVED  *
*                                                                             *
*******************************************************************************
*                                                                             *
* CALCULATIONS WITHOUT ROTATION                                               *
*                                                                             *
*******************************************************************************

*******************************************************************************
*                                                                             *
*  CALLING SUBROUTINE "RECORD" TO READ THE REPLAY FILE OBTAINED PREVIOUSLY    *
*  ./restart/HFODD_00000057.REC                                               *
*                                                                             *
*******************************************************************************

*******************************************************************************
*                                                                             *
*  SINGLE-QUASIPARTICLE PROPERTIES:                                NEUTRONS   *
*                                                                             *
*******************************************************************************
*                                                                             *
*  NO)   ENERGY   (S=+,S=-)       PARITY   V2QUAP   EEQUIV   DEQUIV   V_CORR  *
*                                                                             *
*  49)    9.401   (  0, 25)        0.158  0.99917  -19.065    0.542  0.99999  *
*  50)    9.401   ( 25,  0)        0.158  0.99917  -19.065    0.542  0.99999  *
*  51)    8.962   (  0, 26)        0.564  0.99812  -18.608    0.776  0.99996  *
*  52)    8.962   ( 26,  0)        0.564  0.99812  -18.608    0.776  0.99996  *
*  53)    8.719   ( 27,  0)        0.217  0.99882  -18.378    0.598  0.99998  *
*  54)    8.719   (  0, 27)        0.217  0.99882  -18.378    0.598  0.99998  *
*  57)    8.098   (  0, 29)        0.140  0.99873  -17.757    0.576  0.99997  *
*  58)    8.098   ( 29,  0)        0.140  0.99873  -17.757    0.576  0.99997  *
*  59)    7.348   ( 30,  0)       -0.583  0.99736  -16.988    0.754  0.99994  *
*  60)    7.348   (  0, 30)       -0.583  0.99736  -16.988    0.754  0.99994  *
*  61)    6.904   ( 31,  0)        0.157  0.99855  -16.563    0.525  0.99996  *
*  62)    6.904   (  0, 31)        0.157  0.99855  -16.563    0.525  0.99996  *
*  63)    6.568   (  0, 32)       -0.903  0.99861  -16.229    0.490  0.99996  *
*  64)    6.568   ( 32,  0)       -0.903  0.99861  -16.229    0.490  0.99996  *
*  65)    6.157   ( 33,  0)        0.882  0.99801  -15.812    0.548  0.99994  *
*  66)    6.157   (  0, 33)        0.882  0.99801  -15.812    0.548  0.99994  *
*  67)    5.980   ( 34,  0)       -0.906  0.99148  -15.557    1.099  0.99976  *
*  68)    5.980   (  0, 34)       -0.906  0.99148  -15.557    1.099  0.99976  *
*  69)    5.544   (  0, 35)       -0.421  0.99643  -15.183    0.661  0.99989  *
*  70)    5.544   ( 35,  0)       -0.421  0.99643  -15.183    0.661  0.99989  *
*  71)    5.525   ( 36,  0)        0.147  0.99785  -15.180    0.512  0.99993  *
*  72)    5.525   (  0, 36)        0.147  0.99785  -15.180    0.512  0.99993  *
*  73)    5.235   ( 37,  0)       -0.056  0.98734  -14.781    1.170  0.99958  *
*  74)    5.235   (  0, 37)       -0.056  0.98734  -14.781    1.170  0.99958  *
*  75)    5.062   ( 38,  0)       -0.562  0.99731  -14.714    0.524  0.99991  *
*  76)    5.062   (  0, 38)       -0.562  0.99731  -14.714    0.524  0.99991  *
*  77)    4.060   (  0, 39)       -0.077  0.99278  -13.680    0.688  0.99969  *
*  78)    4.060   ( 39,  0)       -0.077  0.99278  -13.680    0.688  0.99969  *
*  79)    3.202   ( 40,  0)       -0.375  0.99372  -12.840    0.506  0.99965  *
*  80)    3.202   (  0, 40)       -0.375  0.99372  -12.840    0.506  0.99965  *
*  81)    2.380   (  0, 41)        0.127  0.99071  -12.015    0.457  0.99929  *
*  82)    2.380   ( 41,  0)        0.127  0.99071  -12.015    0.457  0.99929  *
*  83)    2.212   ( 42,  0)        0.914  0.99016  -11.847    0.437  0.99918  *
*  84)    2.212   (  0, 42)        0.914  0.99016  -11.847    0.437  0.99918  *
*  85)    2.121   (  0, 43)        0.758  0.98814  -11.750    0.459  0.99896  *
*  86)    2.121   ( 43,  0)        0.758  0.98814  -11.750    0.459  0.99896  *
*  87)    2.051   (  0, 44)       -0.448  0.98743  -11.678    0.457  0.99886  *
*  88)    2.051   ( 44,  0)       -0.448  0.98743  -11.678    0.457  0.99886  *
*  89)    1.226   (  0, 45)        0.146  0.96722  -10.824    0.436  0.99460  *
*  90)    1.226   ( 45,  0)        0.146  0.96722  -10.824    0.436  0.99460  *
*  91)    1.201   ( 46,  0)       -0.270  0.95909  -10.781    0.476  0.99312  *
*  92)    1.201   (  0, 46)       -0.270  0.95909  -10.781    0.476  0.99312  *
*  93)    1.087   ( 47,  0)        0.640  0.94799  -10.653    0.483  0.99016  *
*  94)    1.087   (  0, 47)        0.640  0.94799  -10.653    0.483  0.99016  *
*  95)    0.755   ( 48,  0)        0.481  0.90225  -10.287    0.448  0.97139  *
*  96)    0.755   (  0, 48)        0.481  0.90225  -10.287    0.448  0.97139  *
*  97)    0.768   ( 49,  0)        0.280  0.88691  -10.273    0.486  0.96797  *
*  98)    0.768   (  0, 49)        0.280  0.88691  -10.273    0.486  0.96797  *
*  99)    0.495   (  0, 50)       -0.446  0.56007   -9.739    0.492  0.84049  *
* 100)    0.495   ( 50,  0)       -0.446  0.56007   -9.739    0.492  0.84049  *
* 101)    0.794   ( 51,  0)       -0.291  0.08120   -9.014    0.433  0.83712  *
* 102)    0.794   (  0, 51)       -0.291  0.08120   -9.014    0.433  0.83712  *
* 103)    0.947   ( 52,  0)        0.469  0.06323   -8.852    0.461  0.85835  *
* 104)    0.947   (  0, 52)        0.469  0.06323   -8.852    0.461  0.85835  *
* 105)    1.861   (  0, 53)       -0.360  0.01395   -7.870    0.437  0.91971  *
* 106)    1.861   ( 53,  0)       -0.360  0.01395   -7.870    0.437  0.91971  *
* 107)    1.973   ( 54,  0)        0.834  0.00856   -7.740    0.364  0.92358  *
* 108)    1.973   (  0, 54)        0.834  0.00856   -7.740    0.364  0.92358  *
* 109)    2.856   ( 55,  0)       -0.442  0.00798   -6.869    0.508  0.94592  *
* 110)    2.856   (  0, 55)       -0.442  0.00798   -6.869    0.508  0.94592  *
* 111)    2.896   ( 56,  0)        0.360  0.00600   -6.818    0.447  0.94653  *
* 112)    2.896   (  0, 56)        0.360  0.00600   -6.818    0.447  0.94653  *
* 113)    2.942   ( 57,  0)       -0.403  0.00669   -6.776    0.480  0.94736  *
* 114)    2.942   (  0, 57)       -0.403  0.00669   -6.776    0.480  0.94736  *
* 115)    3.102   ( 58,  0)        0.093  0.00517   -6.609    0.445  0.94987  *
* 116)    3.102   (  0, 58)        0.093  0.00517   -6.609    0.445  0.94987  *
* 117)    3.380   ( 59,  0)        0.855  0.00239   -6.315    0.330  0.95369  *
* 118)    3.380   (  0, 59)        0.855  0.00239   -6.315    0.330  0.95369  *
* 119)    3.607   (  0, 60)       -0.046  0.00436   -6.104    0.475  0.95655  *
* 120)    3.607   ( 60,  0)       -0.046  0.00436   -6.104    0.475  0.95655  *
* 121)    3.730   (  0, 61)        0.073  0.00307   -5.972    0.413  0.95788  *
* 122)    3.730   ( 61,  0)        0.073  0.00307   -5.972    0.413  0.95788  *
* 123)    3.824   (  0, 62)        0.077  0.00326   -5.880    0.436  0.95888  *
* 124)    3.824   ( 62,  0)        0.077  0.00326   -5.880    0.436  0.95888  *
* 125)    3.836   (  0, 63)        0.266  0.00396   -5.874    0.482  0.95903  *
* 126)    3.836   ( 63,  0)        0.266  0.00396   -5.874    0.482  0.95903  *
* 127)    3.978   ( 64,  0)        0.680  0.00386   -5.732    0.493  0.96043  *
* 128)    3.978   (  0, 64)        0.680  0.00386   -5.732    0.493  0.96043  *
* 129)    4.053   ( 65,  0)       -0.062  0.00537   -5.669    0.592  0.96119  *
* 130)    4.053   (  0, 65)       -0.062  0.00537   -5.669    0.592  0.96119  *
* 131)    4.362   (  0, 66)        0.891  0.00220   -5.336    0.408  0.96374  *
* 132)    4.362   ( 66,  0)        0.891  0.00220   -5.336    0.408  0.96374  *
* 133)    5.141   (  0, 67)       -0.525  0.01397   -4.682    1.207  0.96940  *
* 134)    5.141   ( 67,  0)       -0.525  0.01397   -4.682    1.207  0.96940  *
* 135)    6.143   (  0, 68)       -0.578  0.00179   -3.558    0.519  0.97396  *
* 136)    6.143   ( 68,  0)       -0.578  0.00179   -3.558    0.519  0.97396  *
* 137)    6.286   ( 69,  0)       -0.873  0.00847   -3.500    1.152  0.97470  *
* 138)    6.286   (  0, 69)       -0.873  0.00847   -3.500    1.152  0.97470  *
* 139)    6.441   (  0, 70)        0.524  0.00136   -3.256    0.475  0.97513  *
* 140)    6.441   ( 70,  0)        0.524  0.00136   -3.256    0.475  0.97513  *
* 141)    6.747   (  0, 71)       -0.922  0.00083   -2.943    0.390  0.97622  *
* 142)    6.747   ( 71,  0)       -0.922  0.00083   -2.943    0.390  0.97622  *
* 143)    6.976   (  0, 72)       -0.809  0.00086   -2.715    0.410  0.97698  *
* 144)    6.976   ( 72,  0)       -0.809  0.00086   -2.715    0.410  0.97698  *
* 145)    7.724   (  0, 73)       -0.225  0.00225   -1.990    0.732  0.97919  *
* 146)    7.724   ( 73,  0)       -0.225  0.00225   -1.990    0.732  0.97919  *
* 147)    7.925   (  0, 74)        0.215  0.00096   -1.769    0.490  0.97968  *
* 148)    7.925   ( 74,  0)        0.215  0.00096   -1.769    0.490  0.97968  *
* 149)    8.056   (  0, 75)       -0.574  0.00058   -1.632    0.388  0.98000  *
* 150)    8.056   ( 75,  0)       -0.574  0.00058   -1.632    0.388  0.98000  *
* 151)    8.359   (  0, 76)       -0.255  0.00091   -1.335    0.503  0.98072  *
* 152)    8.359   ( 76,  0)       -0.255  0.00091   -1.335    0.503  0.98072  *
* 153)    8.432   ( 77,  0)        0.113  0.00096   -1.263    0.522  0.98088  *
* 154)    8.432   (  0, 77)        0.113  0.00096   -1.263    0.522  0.98088  *
* 155)    8.494   ( 78,  0)        0.462  0.00081   -1.199    0.482  0.98102  *
* 156)    8.494   (  0, 78)        0.462  0.00081   -1.199    0.482  0.98102  *
* 159)    8.734   ( 80,  0)        0.181  0.00174   -0.975    0.728  0.98155  *
* 160)    8.734   (  0, 80)        0.181  0.00174   -0.975    0.728  0.98155  *
* 161)    8.818   ( 81,  0)       -0.596  0.00052   -0.870    0.401  0.98170  *
* 162)    8.818   (  0, 81)       -0.596  0.00052   -0.870    0.401  0.98170  *
* 163)    9.268   ( 82,  0)        0.387  0.00049   -0.420    0.409  0.98257  *
* 164)    9.268   (  0, 82)        0.387  0.00049   -0.420    0.409  0.98257  *
* 165)    9.338   (  0, 83)       -0.162  0.00060   -0.352    0.456  0.98270  *
* 166)    9.338   ( 83,  0)       -0.162  0.00060   -0.352    0.456  0.98270  *
* 167)    9.531   ( 84,  0)        0.317  0.00062   -0.160    0.476  0.98304  *
* 168)    9.531   (  0, 84)        0.317  0.00062   -0.160    0.476  0.98304  *
* 169)    9.800   (  0, 85)       -0.811  0.00060    0.109    0.481  0.98350  *
* 170)    9.800   ( 85,  0)       -0.811  0.00060    0.109    0.481  0.98350  *
*                                                                             *
*1680)   TOTAL=  ( 840, 840)                                                  *
*                                                                             *
*******************************************************************************

*******************************************************************************
*                                                                             *
*  SINGLE-PARTICLE PROPERTIES: CANONICAL                           NEUTRONS   *
*                                                                             *
*******************************************************************************
*                                                                             *
*  NO)   ENERGY   (S=+,S=-)   | N,nz,lz,OMEz>   <P>    <JY>    <SY>   GFACT   *
*                                                                             *
*  42)  -11.853   ( 42,---)   | 4, 0, 4, 9/2>    91  -0.000   0.000  -6.231   *
*  43)  -11.757   ( 43,---)   | 4, 1, 1, 3/2>    74   0.001   0.000   0.510   *
*  44)  -11.686   ( 44,---)   | 5, 4, 1, 1/2>   -45   0.142  -0.192  -1.346   *
*  45)  -10.829   ( 45,---)   | 4, 1, 1, 1/2>    13  -0.943  -0.333   0.353   *
*  46)  -10.785   ( 46,---)   | 5, 3, 2, 3/2>   -27  -0.001  -0.000   0.215   *
*  47)  -10.656   ( 47,---)   | 4, 1, 3, 5/2>    61   0.000   0.000   0.856   *
*  48)  -10.288   ( 48,---)   | 4, 1, 1, 1/2>    47   0.082  -0.156  -1.895   *
*  49)  -10.274   ( 49,---)   | 4, 1, 3, 5/2>    30  -0.000  -0.000   0.051   *
*  50)   -9.739   ( 50,---)   | 5, 2, 3, 7/2>   -44   0.000   0.000   0.090   *
*  51)   -9.002   ( 51,---)   | 5, 2, 1, 3/2>   -29   0.000  -0.000  -0.262   *
*  52)   -8.843   ( 52,---)   | 6, 5, 1, 3/2>    37   0.000   0.000   0.204   *
*  53)   -7.795   ( 53,---)   | 5, 2, 1, 1/2>   -30  -0.081  -0.075   0.934   *
*  54)   -7.474   ( 54,---)   | 4, 0, 2, 5/2>    42  -0.000  -0.000   0.163   *
*  55)   -6.861   ( 55,---)   | 5, 2, 3, 5/2>     9  -0.000  -0.000   0.356   *
*  56)   -6.757   ( 56,---)   | 5, 1, 4, 9/2>   -88   0.000   0.000   0.739   *
*  57)   -6.731   ( 57,---)   | 6, 4, 0, 1/2>    25  -0.985  -0.286   0.291   *
*  58)   -6.508   ( 58,---)   | 6, 5, 1, 1/2>    10   0.247  -0.213  -0.859   *
*  59)   -5.998   ( 59,---)   | 6, 4, 2, 3/2>     4   0.000   0.000   6.077   *
*  60)   -5.964   ( 60,---)   | 4, 0, 0, 1/2>    87  -0.199  -0.470   2.359   *
*  61)   -5.772   ( 61,---)   | 6, 4, 2, 5/2>    36   0.000   0.000   0.044   *
*  62)   -5.631   ( 62,---)   | 6, 6, 0, 1/2>     8  -1.725  -0.407   0.236   *
*  63)   -5.624   ( 63,---)   | 5, 2, 1, 3/2>   -46   0.000   0.000   0.127   *
*  64)   -5.608   ( 64,---)   | 6, 3, 3, 7/2>    61  -0.000  -0.000   0.028   *
*  65)   -5.351   ( 65,---)   | 4, 0, 2, 3/2>    88   0.000   0.000   1.306   *
*  66)   -5.111   ( 66,---)   | 4, 0, 4, 7/2>    94  -0.000  -0.000   0.376   *
*  67)   -4.129   ( 67,---)   | 5, 2, 1, 1/2>   -41   0.342  -0.051  -0.149   *
*  68)   -3.280   ( 68,---)   | 7, 6, 1, 3/2>   -37   0.000   0.000   0.054   *
*  69)   -3.054   ( 69,---)   | 5, 2, 3, 5/2>   -34  -0.000  -0.000   0.031   *
*  70)   -2.937   ( 70,---)   | 6, 2, 4, 9/2>    48  -0.000  -0.000   0.089   *
*  71)   -2.416   ( 71,---)   | 5, 0, 5,11/2>   -96   0.000  -0.000  -0.119   *
*  72)   -1.702   ( 72,---)   | 5, 1, 2, 5/2>   -79  -0.000  -0.000   0.306   *
*  73)   -1.462   ( 73,---)   | 6, 4, 0, 1/2>    32  -0.726  -0.350   0.482   *
*  74)   -0.814   ( 74,---)   | 7, 4, 3, 7/2>   -11   0.000   0.000   0.081   *
*  75)   -0.805   ( 75,---)   | 6, 3, 1, 3/2>    49  -0.000   0.000  -0.011   *
*  76)   -0.766   ( 76,---)   | 7, 6, 1, 1/2>    -6  -0.162  -0.228   1.407   *
*  77)   -0.744   ( 77,---)   | 6, 4, 2, 3/2>    34   0.000  -0.000  -0.008   *
*  78)   -0.561   ( 78,---)   | 7, 5, 2, 5/2>   -34  -0.000   0.000  -0.046   *
*                                                                             *
*******************************************************************************

*******************************************************************************
*                                                                             *
*  HFB PAIRING PROPERTIES                                           NEUTRONS  *
*                                                                             *
*  STRENGTH= 0.0681   GAP=-0.4627   FERMI ENERGY= -9.8436   ENERGY=  -3.1420  *
*                                                                             *
*******************************************************************************

*******************************************************************************
*                                                                             *
*  MULTIPOLE MOMENTS [UNITS:  (10 FERMI)^LAMBDA]                    NEUTRONS  *
*                                                                             *
*******************************************************************************
*                                                                             *
*  Q00 = 98.0000  .............  .............  .............  .............  *
*                                                                             *
*  Q10 = 23.5317  Q11 =    ZERO  .............  .............  .............  *
*                                                                             *
*  Q20 = 60.0680  Q21 =    ZERO  Q22 = 1.1E-05  .............  .............  *
*                                                                             *
*  Q30 = 17.5917  Q31 =    ZERO  Q32 = 1.1E-04  Q33 =    ZERO  .............  *
*                                                                             *
*  Q40 = 20.2950  Q41 =    ZERO  Q42 = 2.9E-05  Q43 =    ZERO  Q44 =-1.9E-07  *
*                                                                             *
*******************************************************************************

*******************************************************************************
*                                                                             *
*  ROOT-MEAN-SQUARE AND GEOMETRIC SIZES IN FERMIS                   NEUTRONS  *
*                                                                             *
*  R_RMS =  6.8777     X_RMS =  2.3563    Y_RMS =  2.3563    Z_RMS =  6.0166  *
*                                                                             *
*  R_GEO =  8.8791     X_GEO =  5.2688    Y_GEO =  5.2688    Z_GEO = 13.4534  *
*                                                                             *
*******************************************************************************

*******************************************************************************
*                                                                             *
*  BOHR DEFORMATIONS (FIRST-ORDER APPROXIMATION)                    NEUTRONS  *
*                                                                             *
*******************************************************************************
*                                                                             *
*  B10 =  0.5535  B11 =    ZERO  .............  .............  .............  *
*                                                                             *
*  B20 =  1.0271  B21 =    ZERO  B22 = 2.0E-07  .............  .............  *
*                                                                             *
*  B30 =  1.0741  B31 =    ZERO  B32 = 9.2E-06  B33 =    ZERO  .............  *
*                                                                             *
*  B40 =  1.3957  B41 =    ZERO  B42 = 2.9E-06  B43 =    ZERO  B44 =-1.8E-08  *
*                                                                             *
*******************************************************************************
*                                                                             *
*  BOHR DENSITY = 0.0334 FM^(-3)  BOHR RADIUS =   8.8791 FM                   *
*                                                                             *
*******************************************************************************

*******************************************************************************
*                                                                             *
*  SINGLE-QUASIPARTICLE PROPERTIES:                                 PROTONS   *
*                                                                             *
*******************************************************************************
*                                                                             *
*  NO)   ENERGY   (S=+,S=-)       PARITY   V2QUAP   EEQUIV   DEQUIV   V_CORR  *
*                                                                             *
*  39)    8.809   (  0, 20)        0.420  0.99924  -11.411    0.486  1.00000  *
*  40)    8.809   ( 20,  0)        0.420  0.99924  -11.411    0.486  1.00000  *
*  41)    8.705   ( 21,  0)        0.134  0.99911  -11.306    0.519  1.00000  *
*  42)    8.705   (  0, 21)        0.134  0.99911  -11.306    0.519  1.00000  *
*  43)    8.330   (  0, 22)        0.338  0.99918  -10.932    0.476  1.00000  *
*  44)    8.330   ( 22,  0)        0.338  0.99918  -10.932    0.476  1.00000  *
*  45)    7.950   ( 23,  0)       -0.817  0.99916  -10.552    0.461  1.00000  *
*  46)    7.950   (  0, 23)       -0.817  0.99916  -10.552    0.461  1.00000  *
*  47)    7.597   ( 24,  0)       -0.668  0.99853  -10.191    0.582  1.00000  *
*  48)    7.597   (  0, 24)       -0.668  0.99853  -10.191    0.582  1.00000  *
*  49)    6.679   (  0, 25)       -0.904  0.99893   -9.280    0.437  1.00000  *
*  50)    6.679   ( 25,  0)       -0.904  0.99893   -9.280    0.437  1.00000  *
*  51)    6.114   (  0, 26)        0.186  0.99843   -8.711    0.484  0.99999  *
*  52)    6.114   ( 26,  0)        0.186  0.99843   -8.711    0.484  0.99999  *
*  53)    5.502   (  0, 27)        0.598  0.99827   -8.099    0.458  0.99999  *
*  54)    5.502   ( 27,  0)        0.598  0.99827   -8.099    0.458  0.99999  *
*  55)    5.078   ( 28,  0)        0.157  0.99818   -7.675    0.433  0.99999  *
*  56)    5.078   (  0, 28)        0.157  0.99818   -7.675    0.433  0.99999  *
*  57)    4.824   (  0, 29)        0.097  0.99530   -7.394    0.660  0.99998  *
*  58)    4.824   ( 29,  0)        0.097  0.99530   -7.394    0.660  0.99998  *
*  59)    3.987   (  0, 30)       -0.568  0.99688   -6.578    0.445  0.99998  *
*  60)    3.987   ( 30,  0)       -0.568  0.99688   -6.578    0.445  0.99998  *
*  61)    3.646   (  0, 31)        0.216  0.99627   -6.235    0.445  0.99998  *
*  62)    3.646   ( 31,  0)        0.216  0.99627   -6.235    0.445  0.99998  *
*  63)    2.445   (  0, 32)        0.854  0.99223   -5.023    0.429  0.99993  *
*  64)    2.445   ( 32,  0)        0.854  0.99223   -5.023    0.429  0.99993  *
*  65)    2.404   ( 33,  0)       -0.874  0.99164   -4.980    0.438  0.99993  *
*  66)    2.404   (  0, 33)       -0.874  0.99164   -4.980    0.438  0.99993  *
*  67)    2.073   (  0, 34)       -0.732  0.98978   -4.646    0.417  0.99990  *
*  68)    2.073   ( 34,  0)       -0.732  0.98978   -4.646    0.417  0.99990  *
*  69)    1.691   ( 35,  0)        0.368  0.98446   -4.254    0.418  0.99981  *
*  70)    1.691   (  0, 35)        0.368  0.98446   -4.254    0.418  0.99981  *
*  71)    1.636   ( 36,  0)       -0.564  0.98160   -4.192    0.440  0.99976  *
*  72)    1.636   (  0, 36)       -0.564  0.98160   -4.192    0.440  0.99976  *
*  73)    2.259   (  0, 37)        0.090  0.82802   -4.098    1.705  0.99842  *
*  74)    2.259   ( 37,  0)        0.090  0.82802   -4.098    1.705  0.99842  *
*  75)    1.112   ( 38,  0)       -0.835  0.96684   -3.654    0.398  0.99937  *
*  76)    1.112   (  0, 38)       -0.835  0.96684   -3.654    0.398  0.99937  *
*  77)    0.711   ( 39,  0)       -0.149  0.88855   -3.168    0.447  0.99666  *
*  78)    0.711   (  0, 39)       -0.149  0.88855   -3.168    0.447  0.99666  *
*  79)    0.714   ( 40,  0)       -0.339  0.11402   -2.065    0.454  0.97500  *
*  80)    0.714   (  0, 40)       -0.339  0.11402   -2.065    0.454  0.97500  *
*  81)    1.147   (  0, 41)        0.155  0.03695   -1.553    0.433  0.98301  *
*  82)    1.147   ( 41,  0)        0.155  0.03695   -1.553    0.433  0.98301  *
*  83)    1.448   (  0, 42)       -0.523  0.02377   -1.237    0.441  0.98631  *
*  84)    1.448   ( 42,  0)       -0.523  0.02377   -1.237    0.441  0.98631  *
*  85)    2.264   ( 43,  0)        0.084  0.17156   -1.128    1.707  0.99251  *
*  86)    2.264   (  0, 43)        0.084  0.17156   -1.128    1.707  0.99251  *
*  87)    1.881   ( 44,  0)        0.379  0.01111   -0.776    0.394  0.98930  *
*  88)    1.881   (  0, 44)        0.379  0.01111   -0.776    0.394  0.98930  *
*  89)    2.023   ( 45,  0)        0.871  0.01085   -0.637    0.419  0.99004  *
*  90)    2.023   (  0, 45)        0.871  0.01085   -0.637    0.419  0.99004  *
*  91)    2.487   (  0, 46)       -0.050  0.00634   -0.160    0.395  0.99185  *
*  92)    2.487   ( 46,  0)       -0.050  0.00634   -0.160    0.395  0.99185  *
*  93)    2.545   ( 47,  0)        0.659  0.00744   -0.109    0.437  0.99204  *
*  94)    2.545   (  0, 47)        0.659  0.00744   -0.109    0.437  0.99204  *
*  95)    2.920   (  0, 48)        0.227  0.00542    0.273    0.429  0.99304  *
*  96)    2.920   ( 48,  0)        0.227  0.00542    0.273    0.429  0.99304  *
*  97)    3.131   (  0, 49)        0.614  0.00374    0.491    0.382  0.99350  *
*  98)    3.131   ( 49,  0)        0.614  0.00374    0.491    0.382  0.99350  *
*  99)    3.673   (  0, 50)       -0.445  0.00357    1.031    0.438  0.99445  *
* 100)    3.673   ( 50,  0)       -0.445  0.00357    1.031    0.438  0.99445  *
* 101)    4.493   (  0, 51)        0.426  0.00246    1.855    0.445  0.99545  *
* 102)    4.493   ( 51,  0)        0.426  0.00246    1.855    0.445  0.99545  *
* 103)    4.908   ( 52,  0)       -0.052  0.00379    2.255    0.603  0.99584  *
* 104)    4.908   (  0, 52)       -0.052  0.00379    2.255    0.603  0.99584  *
* 105)    5.849   (  0, 53)       -0.200  0.00116    3.220    0.399  0.99650  *
* 106)    5.849   ( 53,  0)       -0.200  0.00116    3.220    0.399  0.99650  *
* 107)    6.336   ( 54,  0)       -0.364  0.00123    3.705    0.444  0.99677  *
* 108)    6.336   (  0, 54)       -0.364  0.00123    3.705    0.444  0.99677  *
* 109)    6.468   (  0, 55)        0.198  0.00105    3.839    0.419  0.99683  *
* 110)    6.468   ( 55,  0)        0.198  0.00105    3.839    0.419  0.99683  *
* 111)    6.663   (  0, 56)        0.035  0.00103    4.033    0.427  0.99693  *
* 112)    6.663   ( 56,  0)        0.035  0.00103    4.033    0.427  0.99693  *
* 113)    6.898   ( 57,  0)       -0.841  0.00086    4.271    0.405  0.99703  *
* 114)    6.898   (  0, 57)       -0.841  0.00086    4.271    0.405  0.99703  *
* 115)    6.965   (  0, 58)        0.027  0.00114    4.334    0.470  0.99706  *
* 116)    6.965   ( 58,  0)        0.027  0.00114    4.334    0.470  0.99706  *
* 117)    7.291   (  0, 59)        0.711  0.00066    4.665    0.374  0.99719  *
* 118)    7.291   ( 59,  0)        0.711  0.00066    4.665    0.374  0.99719  *
* 119)    7.568   (  0, 60)        0.531  0.00089    4.939    0.452  0.99729  *
* 120)    7.568   ( 60,  0)        0.531  0.00089    4.939    0.452  0.99729  *
* 121)    7.687   (  0, 61)        0.638  0.00076    5.060    0.425  0.99733  *
* 122)    7.687   ( 61,  0)        0.638  0.00076    5.060    0.425  0.99733  *
* 123)    7.817   ( 62,  0)       -0.130  0.00136    5.180    0.577  0.99738  *
* 124)    7.817   (  0, 62)       -0.130  0.00136    5.180    0.577  0.99738  *
* 125)    8.121   ( 63,  0)       -0.370  0.00054    5.497    0.378  0.99748  *
* 126)    8.121   (  0, 63)       -0.370  0.00054    5.497    0.378  0.99748  *
* 127)    8.171   ( 64,  0)        0.859  0.00064    5.545    0.412  0.99749  *
* 128)    8.171   (  0, 64)        0.859  0.00064    5.545    0.412  0.99749  *
* 129)    9.022   ( 65,  0)        0.758  0.00037    6.400    0.346  0.99773  *
* 130)    9.022   (  0, 65)        0.758  0.00037    6.400    0.346  0.99773  *
* 131)    9.039   ( 66,  0)        0.586  0.00039    6.416    0.355  0.99773  *
* 132)    9.039   (  0, 66)        0.586  0.00039    6.416    0.355  0.99773  *
* 133)    9.365   (  0, 67)       -0.214  0.00039    6.741    0.368  0.99781  *
* 134)    9.365   ( 67,  0)       -0.214  0.00039    6.741    0.368  0.99781  *
* 135)    9.779   ( 68,  0)       -0.333  0.00052    7.153    0.444  0.99790  *
* 136)    9.779   (  0, 68)       -0.333  0.00052    7.153    0.444  0.99790  *
* 137)    9.820   ( 69,  0)       -0.388  0.00052    7.194    0.446  0.99791  *
* 138)    9.820   (  0, 69)       -0.388  0.00052    7.194    0.446  0.99791  *
*                                                                             *
*1344)   TOTAL=  ( 672, 672)                                                  *
*                                                                             *
*******************************************************************************

*******************************************************************************
*                                                                             *
*  SINGLE-PARTICLE PROPERTIES: CANONICAL                            PROTONS   *
*                                                                             *
*******************************************************************************
*                                                                             *
*  NO)   ENERGY   (S=+,S=-)   | N,nz,lz,OMEz>   <P>    <JY>    <SY>   GFACT   *
*                                                                             *
*  20)  -11.433   ( 20,---)   | 4, 4, 0, 1/2>    41  -1.432  -0.409   0.286   *
*  21)  -11.350   ( 21,---)   | 4, 2, 2, 5/2>    23   0.000   0.000   0.754   *
*  22)  -10.978   ( 22,---)   | 4, 3, 1, 1/2>    22  -0.088  -0.170   1.935   *
*  23)  -10.546   ( 23,---)   | 3, 1, 2, 3/2>   -85  -0.000   0.000  -0.323   *
*  24)  -10.256   ( 24,---)   | 3, 1, 0, 1/2>   -58  -0.256  -0.404   1.574   *
*  25)   -9.281   ( 25,---)   | 3, 0, 3, 7/2>   -91  -0.000   0.000 -1.E+01   *
*  26)   -8.717   ( 26,---)   | 5, 4, 1, 3/2>    17   0.000   0.000   0.641   *
*  27)   -8.107   ( 27,---)   | 4, 2, 2, 5/2>    57   0.000   0.000   0.177   *
*  28)   -7.729   ( 28,---)   | 4, 2, 0, 1/2>    19  -0.462  -0.485   1.049   *
*  29)   -7.434   ( 29,---)   | 4, 2, 2, 3/2>    14  -0.000  -0.000   0.387   *
*  30)   -6.591   ( 30,---)   | 5, 5, 0, 1/2>   -56  -1.564  -0.345   0.221   *
*  31)   -6.242   ( 31,---)   | 4, 3, 1, 1/2>    22   0.215  -0.159  -0.739   *
*  32)   -5.025   ( 32,---)   | 4, 1, 3, 7/2>    86   0.000  -0.000  -0.013   *
*  33)   -4.982   ( 33,---)   | 3, 0, 3, 5/2>   -87  -0.000   0.000  -0.133   *
*  34)   -4.830   ( 34,---)   | 4, 2, 2, 3/2>    19  -0.000   0.000  -0.151   *
*  35)   -4.656   ( 35,---)   | 3, 0, 1, 3/2>   -84  -0.000  -0.000   1.077   *
*  36)   -4.262   ( 36,---)   | 4, 2, 0, 1/2>    36  -0.610  -0.451   0.738   *
*  37)   -4.194   ( 37,---)   | 5, 3, 2, 5/2>   -56   0.000   0.000   0.133   *
*  38)   -3.656   ( 38,---)   | 3, 0, 1, 1/2>   -82   0.192  -0.038  -0.198   *
*  39)   -3.169   ( 39,---)   | 5, 4, 1, 3/2>   -15  -0.000   0.000 -3.E+01   *
*  40)   -2.061   ( 40,---)   | 5, 2, 3, 7/2>   -34  -0.000  -0.000   0.502   *
*  41)   -1.545   ( 41,---)   | 5, 3, 0, 1/2>    14  -1.635  -0.349   0.213   *
*  42)   -1.220   ( 42,---)   | 5, 4, 1, 1/2>   -47   0.308  -0.161  -0.521   *
*  43)   -0.686   ( 43,---)   | 4, 1, 1, 3/2>     6  -0.000  -0.000   0.948   *
*  44)   -0.606   ( 44,---)   | 4, 0, 4, 9/2>    87  -0.000  -0.000   0.377   *
*  45)   -0.401   ( 45,---)   | 4, 1, 1, 3/2>    38  -0.000  -0.000   0.620   *
*  46)   -0.087   ( 46,---)   | 5, 3, 0, 1/2>   -11  -0.955  -0.432   0.453   *
*  47)   -0.057   ( 47,---)   | 4, 1, 3, 5/2>    49  -0.000  -0.000   0.215   *
*                                                                             *
*******************************************************************************

*******************************************************************************
*                                                                             *
*  HFB PAIRING PROPERTIES                                            PROTONS  *
*                                                                             *
*  STRENGTH= 0.0859   GAP= 0.4314   FERMI ENERGY= -2.6363   ENERGY=  -2.1671  *
*                                                                             *
*******************************************************************************

*******************************************************************************
*                                                                             *
*  MULTIPOLE MOMENTS [UNITS:  (10 FERMI)^LAMBDA]                     PROTONS  *
*                                                                             *
*******************************************************************************
*                                                                             *
*  Q00 = 78.0000  .............  .............  .............  .............  *
*                                                                             *
*  Q10 = 18.8742  Q11 =    ZERO  .............  .............  .............  *
*                                                                             *
*  Q20 = 49.2898  Q21 =    ZERO  Q22 = 8.5E-06  .............  .............  *
*                                                                             *
*  Q30 = 14.6214  Q31 =    ZERO  Q32 = 1.3E-05  Q33 =    ZERO  .............  *
*                                                                             *
*  Q40 = 16.9836  Q41 =    ZERO  Q42 = 8.9E-06  Q43 =    ZERO  Q44 =-5.3E-08  *
*                                                                             *
*******************************************************************************

*******************************************************************************
*                                                                             *
*  ROOT-MEAN-SQUARE AND GEOMETRIC SIZES IN FERMIS                    PROTONS  *
*                                                                             *
*  R_RMS =  6.8945     X_RMS =  2.3049    Y_RMS =  2.3049    Z_RMS =  6.0753  *
*                                                                             *
*  R_GEO =  8.9008     X_GEO =  5.1540    Y_GEO =  5.1540    Z_GEO = 13.5847  *
*                                                                             *
*******************************************************************************

*******************************************************************************
*                                                                             *
*  BOHR DEFORMATIONS (FIRST-ORDER APPROXIMATION)                     PROTONS  *
*                                                                             *
*******************************************************************************
*                                                                             *
*  B10 =  0.5564  B11 =    ZERO  .............  .............  .............  *
*                                                                             *
*  B20 =  1.0538  B21 =    ZERO  B22 = 1.8E-07  .............  .............  *
*                                                                             *
*  B30 =  1.1135  B31 =    ZERO  B32 = 1.4E-06  B33 =    ZERO  .............  *
*                                                                             *
*  B40 =  1.4532  B41 =    ZERO  B42 = 1.1E-06  B43 =    ZERO  B44 =-6.4E-09  *
*                                                                             *
*******************************************************************************
*                                                                             *
*  BOHR DENSITY = 0.0264 FM^(-3)  BOHR RADIUS =   8.9008 FM                   *
*                                                                             *
*******************************************************************************

*******************************************************************************
*                                                                             *
*                  DENSITY INTEGRALS IN THE SKYRME FUNCTIONAL                 *
*                                                                             *
*******************************************************************************
*                                                                             *
*                   TOTAL(T)        SUM(S)      ISOSCALAR(P)  ISOVECTOR(M)    *
*                   --------        ------      ------------  ------------    *
*    DRHO_ =       20.291456     10.256929         20.291456      0.222402    *
*    DRHOD =        9.395866      4.747985          9.395866      0.100104    *
*    DLPR_ =       -4.559821     -2.297989         -4.559821     -0.036156    *
*    DTAU_ =       17.805017      9.064284         17.805017      0.323551    *
*    DSCU_ =        0.129096      0.070997          0.129096      0.012898    *
*    DDIV_ =        0.927532      0.471668          0.927532      0.015804    *
*                                                                             *
*    DSPI_ =        0.000000      0.000000          0.000000      0.000000    *
*    DSPID =        0.000000      0.000000          0.000000      0.000000    *
*    DLPS_ =        0.000000      0.000000          0.000000      0.000000    *
*    DCUR_ =        0.000000      0.000000          0.000000      0.000000    *
*    DKIS_ =        0.000000      0.000000          0.000000      0.000000    *
*    DROT_ =        0.000000      0.000000          0.000000      0.000000    *
*                                                                             *
*******************************************************************************

*******************************************************************************
*                                                                             *
*               CONTRIBUTIONS TO ENERGY IN THE SKYRME FUNCTIONAL              *
*                                                                             *
*******************************************************************************
*                                                                             *
*                 TOTAL(T)        SUM(S)        ISOSCALAR(P)  ISOVECTOR(M)    *
*                 --------        ------        ------------  ------------    *
*    ERHO_ =   -18141.780250   5521.464428     -12680.176965     59.861143    *
*    ERHOD =     9473.040035  -2408.956074       7089.478495    -25.394534    *
*    ELPR_ =     -448.391440    661.522314        207.926768      5.204106    *
*    ETAU_ =      590.344256   -437.546909        160.606501     -7.809153    *
*    ESCU_ =        0.000000      0.000000          0.000000      0.000000    *
*    EDIV_ =      -20.437098    -48.971015        -68.587663     -0.820450    *
*               ============  ============      ============  ============    *
*    SUM EVEN:  -8547.224497   3287.512744      -5290.752864     31.041111    *
*                                                                             *
*    ESPI_ =        0.000000      0.000000          0.000000      0.000000    *
*    ESPID =        0.000000      0.000000          0.000000      0.000000    *
*    ELPS_ =        0.000000      0.000000          0.000000      0.000000    *
*    ECUR_ =        0.000000      0.000000          0.000000      0.000000    *
*    EKIS_ =        0.000000      0.000000          0.000000      0.000000    *
*    EROT_ =        0.000000      0.000000          0.000000      0.000000    *
*               ============  ============      ============  ============    *
*    SUM  ODD:      0.000000      0.000000          0.000000      0.000000    *
*                                                                             *
*******************************************************************************
 
*******************************************************************************
*                                                                             *
*  CENTER-OF-MASS COORDINATES IN FERMIS                                TOTAL  *
*                                                                             *
*  R_CMS =  2.4094     X_CMS =  0.0000    Y_CMS =  0.0000    Z_CMS =  2.4094  *
*                                                                             *
*******************************************************************************

*******************************************************************************
*                                                                             *
*  MULTIPOLE MOMENTS [UNITS:  (10 FERMI)^LAMBDA] [CENT-MASS FRAME]  NEUTRONS  *
*                                                                             *
*******************************************************************************
*                                                                             *
*  Q00 = 98.0000  .............  .............  .............  .............  *
*                                                                             *
*  Q10 = -0.0807  Q11 =    ZERO  .............  .............  .............  *
*                                                                             *
*  Q20 = 48.7673  Q21 =    ZERO  Q22 = 1.1E-05  .............  .............  *
*                                                                             *
*  Q30 =  3.4245  Q31 =    ZERO  Q32 = 1.0E-04  Q33 =    ZERO  .............  *
*                                                                             *
*  Q40 =  9.0893  Q41 =    ZERO  Q42 =-7.0E-05  Q43 =    ZERO  Q44 =-1.9E-07  *
*                                                                             *
*******************************************************************************

*******************************************************************************
*                                                                             *
*  BOHR DEFORMATIONS (FIRST-ORDER APPROXIMATION) [CENT-MASS FRAME]  NEUTRONS  *
*                                                                             *
*******************************************************************************
*                                                                             *
*  B10 = -0.0027  B11 =    ZERO  .............  .............  .............  *
*                                                                             *
*  B20 =  1.6317  B21 =    ZERO  B22 = 3.8E-07  .............  .............  *
*                                                                             *
*  B30 =  0.5723  B31 =    ZERO  B32 = 2.5E-05  B33 =    ZERO  .............  *
*                                                                             *
*  B40 =  2.3931  B41 =    ZERO  B42 =-2.6E-05  B43 =    ZERO  B44 =-7.1E-08  *
*                                                                             *
*******************************************************************************
*                                                                             *
*  BOHR DENSITY = 0.0915 FM^(-3)  BOHR RADIUS =   6.3476 FM                   *
*                                                                             *
*******************************************************************************

*******************************************************************************
*                                                                             *
*  MULTIPOLE MOMENTS [UNITS:  (10 FERMI)^LAMBDA] [CENT-MASS FRAME]   PROTONS  *
*                                                                             *
*******************************************************************************
*                                                                             *
*  Q00 = 78.0000  .............  .............  .............  .............  *
*                                                                             *
*  Q10 =  0.0807  Q11 =    ZERO  .............  .............  .............  *
*                                                                             *
*  Q20 = 40.1557  Q21 =    ZERO  Q22 = 8.5E-06  .............  .............  *
*                                                                             *
*  Q30 =  2.9649  Q31 =    ZERO  Q32 = 1.2E-05  Q33 =    ZERO  .............  *
*                                                                             *
*  Q40 =  7.5987  Q41 =    ZERO  Q42 =-2.6E-06  Q43 =    ZERO  Q44 =-5.3E-08  *
*                                                                             *
*******************************************************************************

*******************************************************************************
*                                                                             *
*  BOHR DEFORMATIONS (FIRST-ORDER APPROXIMATION) [CENT-MASS FRAME]   PROTONS  *
*                                                                             *
*******************************************************************************
*                                                                             *
*  B10 =  0.0033  B11 =    ZERO  .............  .............  .............  *
*                                                                             *
*  B20 =  1.7012  B21 =    ZERO  B22 = 3.6E-07  .............  .............  *
*                                                                             *
*  B30 =  0.6299  B31 =    ZERO  B32 = 3.5E-06  B33 =    ZERO  .............  *
*                                                                             *
*  B40 =  2.5530  B41 =    ZERO  B42 =-1.3E-06  B43 =    ZERO  B44 =-2.5E-08  *
*                                                                             *
*******************************************************************************
*                                                                             *
*  BOHR DENSITY = 0.0737 FM^(-3)  BOHR RADIUS =   6.3230 FM                   *
*                                                                             *
*******************************************************************************

*******************************************************************************
*                                                                             *
*  EULER ANGLES OF THE PRINCIPAL-AXES FRAME IN DEGREES                 TOTAL  *
*                                                                             *
*  ALPHA =  0.00000  BETA =  0.00000  GAMMA =  0.00000                        *
*                                                                             *
*******************************************************************************

*******************************************************************************
*                                                                             *
*  ROOT-MEAN-SQUARE AND GEOMETRIC SIZES IN FERMIS                      TOTAL  *
*                                                                             *
*  R_RMS =  6.8852     X_RMS =  2.3337    Y_RMS =  2.3337    Z_RMS =  6.0426  *
*                                                                             *
*  R_GEO =  8.8887     X_GEO =  5.2182    Y_GEO =  5.2182    Z_GEO = 13.5118  *
*                                                                             *
*******************************************************************************

*******************************************************************************
*                                                                             *
*  MULTIPOLE MOMENTS [UNITS:  (10 FERMI)^LAMBDA]                       TOTAL  *
*                                                                             *
*******************************************************************************
*                                                                             *
*  Q00 =176.0000  .............  .............  .............  .............  *
*                                                                             *
*  Q10 = 42.4059  Q11 =    ZERO  .............  .............  .............  *
*                                                                             *
*  Q20 =109.3577  Q21 =    ZERO  Q22 = 2.0E-05  .............  .............  *
*                                                                             *
*  Q30 = 32.2130  Q31 =    ZERO  Q32 = 1.2E-04  Q33 =    ZERO  .............  *
*                                                                             *
*  Q40 = 37.2786  Q41 =    ZERO  Q42 = 3.8E-05  Q43 =    ZERO  Q44 =-2.4E-07  *
*                                                                             *
*******************************************************************************

*******************************************************************************
*                                                                             *
*  BOHR DEFORMATIONS (FIRST-ORDER APPROXIMATION)                       TOTAL  *
*                                                                             *
*******************************************************************************
*                                                                             *
*  B10 =  0.5548  B11 =    ZERO  .............  .............  .............  *
*                                                                             *
*  B20 =  1.0390  B21 =    ZERO  B22 = 1.9E-07  .............  .............  *
*                                                                             *
*  B30 =  1.0917  B31 =    ZERO  B32 = 5.7E-06  B33 =    ZERO  .............  *
*                                                                             *
*  B40 =  1.4213  B41 =    ZERO  B42 = 2.1E-06  B43 =    ZERO  B44 =-1.3E-08  *
*                                                                             *
*******************************************************************************
*                                                                             *
*  BOHR DENSITY = 0.0598 FM^(-3)  BOHR RADIUS =   8.8887 FM                   *
*                                                                             *
*******************************************************************************

*******************************************************************************
*                                                                             *
*  MULTIPOLE MOMENTS [UNITS:  (10 FERMI)^LAMBDA] [CENT-MASS FRAME]     TOTAL  *
*                                                                             *
*******************************************************************************
*                                                                             *
*  Q00 =176.0000  .............  .............  .............  .............  *
*                                                                             *
*  Q10 =    ZERO  Q11 =    ZERO  .............  .............  .............  *
*                                                                             *
*  Q20 = 88.9230  Q21 =    ZERO  Q22 = 2.0E-05  .............  .............  *
*                                                                             *
*  Q30 =  6.3894  Q31 =    ZERO  Q32 = 1.2E-04  Q33 =    ZERO  .............  *
*                                                                             *
*  Q40 = 16.6880  Q41 =    ZERO  Q42 =-7.3E-05  Q43 =    ZERO  Q44 =-2.4E-07  *
*                                                                             *
*******************************************************************************

*******************************************************************************
*                                                                             *
*  BOHR DEFORMATIONS (FIRST-ORDER APPROXIMATION) [CENT-MASS FRAME]     TOTAL  *
*                                                                             *
*******************************************************************************
*                                                                             *
*  B10 =    ZERO  B11 =    ZERO  .............  .............  .............  *
*                                                                             *
*  B20 =  1.6623  B21 =    ZERO  B22 = 3.7E-07  .............  .............  *
*                                                                             *
*  B30 =  0.5976  B31 =    ZERO  B32 = 1.5E-05  B33 =    ZERO  .............  *
*                                                                             *
*  B40 =  2.4634  B41 =    ZERO  B42 =-1.5E-05  B43 =    ZERO  B44 =-5.1E-08  *
*                                                                             *
*******************************************************************************
*                                                                             *
*  BOHR DENSITY = 0.1651 FM^(-3)  BOHR RADIUS =   6.3367 FM                   *
*                                                                             *
*******************************************************************************

*******************************************************************************
*                                                                             *
*  MULTIPOLE MOMENTS [UNITS:  (10 FERMI)^LAMBDA] [INTRINSIC FRAME]     TOTAL  *
*                                                                             *
*  REAL PART  FOR A NON-NEGATIVE PROJECTION                                   *
*  IMAGINARY PART FOR A NEGATIVE PROJECTION                                   *
*                                                                             *
*******************************************************************************
*                                                                             *
*  Q00 =176.0000  .............  .............  .............  .............  *
*                 .............  .............  .............  .............  *
*                                                                             *
*  Q10 =    ZERO  Q1+1=    ZERO  .............  .............  .............  *
*                 Q1-1=    ZERO  .............  .............  .............  *
*                                                                             *
*  Q20 = 88.9230  Q2+1=    ZERO  Q2+2= 2.0E-05  .............  .............  *
*                 Q2-1=    ZERO  Q2-2=    ZERO  .............  .............  *
*                                                                             *
*  Q30 =  6.3894  Q3+1=    ZERO  Q3+2= 1.2E-04  Q3+3=    ZERO  .............  *
*                 Q3-1=    ZERO  Q3-2=    ZERO  Q3-3=    ZERO  .............  *
*                                                                             *
*  Q40 = 16.6880  Q4+1=    ZERO  Q4+2=-7.3E-05  Q4+3=    ZERO  Q4+4=-2.4E-07  *
*                 Q4-1=    ZERO  Q4-2=    ZERO  Q4-3=    ZERO  Q4-4=    ZERO  *
*                                                                             *
*******************************************************************************

*******************************************************************************
*                                                                             *
*  BOHR DEFORMATIONS (FIRST-ORDER APPROXIMATION) [INTRINSIC FRAME]     TOTAL  *
*                                                                             *
*  REAL PART  FOR A NON-NEGATIVE PROJECTION                                   *
*  IMAGINARY PART FOR A NEGATIVE PROJECTION                                   *
*                                                                             *
*******************************************************************************
*                                                                             *
*  B10 =    ZERO  B1+1=    ZERO  .............  .............  .............  *
*                 B1-1=    ZERO  .............  .............  .............  *
*                                                                             *
*  B20 =  1.6623  B2+1=    ZERO  B2+2= 3.7E-07  .............  .............  *
*                 B2-1=    ZERO  B2-2=    ZERO  .............  .............  *
*                                                                             *
*  B30 =  0.5976  B3+1=    ZERO  B3+2= 1.5E-05  B3+3=    ZERO  .............  *
*                 B3-1=    ZERO  B3-2=    ZERO  B3-3=    ZERO  .............  *
*                                                                             *
*  B40 =  2.4634  B4+1=    ZERO  B4+2=-1.5E-05  B4+3=    ZERO  B4+4=-5.1E-08  *
*                 B4-1=    ZERO  B4-2=    ZERO  B4-3=    ZERO  B4-4=    ZERO  *
*                                                                             *
*******************************************************************************
*                                                                             *
*  BOHR DENSITY = 0.1651 FM^(-3)  BOHR RADIUS =   6.3367 FM                   *
*                                                                             *
*******************************************************************************

*******************************************************************************
*                                                                             *
*                                ENERGIES (MEV)                               *
*                                                                             *
*******************************************************************************
*                                                                             *
*  KINETIC: (NEU)=  1870.706170    (PRO)=  1327.754580    (TOT)=  3198.460750 *
*  SUM EPS: (NEU)= -2088.739671    (PRO)= -1042.374092    (TOT)= -3131.113763 *
*  PAIRING: (NEU)=    -3.142005    (PRO)=    -2.167146    (TOT)=    -5.309151 *
*  P-REARR: (NEU)=     0.834275    (PRO)=     0.605198    (TOT)=     1.439473 *
*                                                                             *
*  PAIRGAP: (NEU)=    -0.462708    (PRO)=     0.431394    THIS SPACE IS EMPTY *
*  E-FERMI: (NEU)=    -9.843574    (PRO)=    -2.636346    AND AWAITS  YOUR AD *
*                                                                             *
*  COULOMB: (DIR)=   717.286123    (EXC)=   -30.168024    (TOT)=   687.118099 *
*                                                                             *
*  CONSTR. (MULT)=   329.684003    SLOPE=  -287.728917    CORR.=   143.864458 *
*  CONSTR. (SURF)=     0.000000    SLOPE=     0.000000    CORR.=     0.000000 *
*  CONSTR. (SPIN)=     0.000000    SLOPE=     0.000000    CORR.=     0.000000 *
*  CONSTR. (ISOS)=     0.000000    SLOPE=     0.000000    CORR.=     0.000000 *
*                                                                             *
*  REARRANGEMENT ENERGY FROM THE SKYRME DENSITY-DEPENDENT TERMS=  1330.097477 *
*  ROUTHIAN= TOTAL ENERGY + MULTIPOLE AND (ISO)SPIN CONSTRAINTS= -1049.758052 *
*                                                                             *
*  SPIN-ORB (EVE)=   -69.408113    (ODD)=     0.000000    (TOT)=   -69.408113 *
*  SKYRME:  (EVE)= -5259.711753    (ODD)=     0.000000    (TOT)= -5259.711753 *
*                                                                             *
*  TOTAL:  (STAB)=   -77.651019     (SP)= -1457.093074    (FUN)= -1379.442055 *
*                                                                             *
*******************************************************************************

*******************************************************************************
*                                                                             *
*  ITERATION RESTARTED FROM THE DISC, THE FOLLOWING FILE(S) READ:             *
*  ./restart/HFODD_00000057.REC                                        VER=19 *
*                                                                             *
*******************************************************************************
*                                                                             *
* CONVERGENCE REPORT                                                          *
*                                                                             *
*******************************************************************************
*                                                                             *
* ITER     ENERGY     STABILITY    Q_2    GAMMA   SPIN  OMEGA   ANGLE   EPAIR *
*                                                                             *
* 2172 -1379.442055  -77.651019  88.923    0.00   0.00  0.000   0.000   -5.31 *
* 2173 -1265.616044  188.449429 126.187    0.00   0.00  0.000   0.000   -4.76 *
* 2174 -1275.990341  163.341730 123.094    0.00   0.00  0.000   0.000   -6.27 *
* 2175 -1278.321727  173.530864 123.907    0.00   0.00  0.000   0.000   -6.71 *
* 2176 -1275.808140  174.413175 123.748    0.00   0.00  0.000   0.000   -6.91 *
* 2177 -1272.969185  174.320105 124.188    0.00   0.00  0.000   0.000   -6.89 *
* 2178 -1273.259504  174.070285 124.127    0.00   0.00  0.000   0.000   -7.01 *
* 2179 -1275.972478  174.922469 124.199    0.00   0.00  0.000   0.000   -6.97 *
* 2180 -1277.253135  174.387075 124.359    0.00   0.00  0.000   0.000   -6.96 *
* 2181 -1277.247276  172.356128 124.444    0.00   0.00  0.000   0.000   -7.03 *
* 2182 -1280.500925  166.090808 124.895    0.00   0.00  0.000   0.000   -7.34 *
* 2183 -1297.062105   28.711735 125.910    0.00   0.00  0.000   0.000   -7.86 *
* 2184  -594.125241    1.57E+03 370.089    0.00   0.00  0.000   0.000   -2.77 *
* 2185  -532.266988    1.76E+03 287.486    0.00   0.00  0.000   0.000   -2.38 *
* 2186  -354.863172  994.361302 293.740    0.00   0.00  0.000   0.000   -2.10 *
* 2187  -618.083733    2.27E+03 339.094    0.00   0.00  0.000   0.000   -9.00 *
* 2188  -268.868772    3.05E+03 233.154    0.00   0.00  0.000   0.000   -3.07 *
* 2189   107.047231    4.81E+03 207.538    0.00   0.00  0.000   0.000   -1.69 *
* 2190   775.574736  898.639094  74.300    0.00   0.00  0.000   0.000   -1.07 *
* 2191   576.428254  284.841589 154.093    0.00   0.00  0.000   0.000  -18.27 *
* 2192   397.470164   -1.20E+04 313.834    0.03   0.00  0.000   0.000  -49.07 *
* 2193  -925.369037 -388.910810 109.749    0.04   0.00  0.000   0.000 -230.50 *
* 2194  -983.839507    2.25E+03 149.333    0.01   0.00  0.000   0.000  -54.26 *
* 2195  -199.056599    1.20E+04 632.099    0.02   0.00  0.000   0.000   -0.58 *
* 2196  1558.484846    2.86E+04  41.171    0.02   0.00  0.000   0.000   -0.36 *
* 2197  1938.821866   -5.62E+04  19.000    0.09   0.00  0.000   0.000   -0.10 *
* 2198  2098.455468    6.15E+03   1.958    6.74   0.00  0.000   0.000-1259.93 *
* 2199  1633.555267   -1.40E+05  10.792    0.36   0.00  0.000   0.000   -0.46 *
* 2200   733.095800   -2.86E+04 146.350   59.97   0.00  0.000   0.000   -5.47 *
* 2201  1835.706109    5.50E+03  25.763    0.21   0.00  0.000   0.000   -0.02 *
* 2202  1700.437694    1.27E+03  79.851    0.04   0.00  0.000   0.000   -0.03 *
* 2203  1797.184939    3.73E+03  20.381    0.10   0.00  0.000   0.000   -0.74 *
* 2204  1685.174565   -5.65E+03  19.876    0.17   0.00  0.000   0.000   -0.01 *
* 2205  1816.831810   -3.78E+03  15.732    1.29   0.00  0.000   0.000   -9.00 *
* 2206  1865.351259    1.25E+04  24.968    0.79   0.00  0.000   0.000  -21.78 *
* 2207  1586.939094   -1.83E+03  35.096    0.23   0.00  0.000   0.000   -0.00 *
* 2208  1639.991768   -5.18E+03  33.538    0.04   0.00  0.000   0.000   -4.82 *
* 2209  1976.655931    6.52E+03  34.409    1.10   0.00  0.000   0.000  -12.27 *
* 2210  1507.347773  -12.033365  39.059    0.64   0.00  0.000   0.000   -0.12 *
* 2211  1509.023942    4.57E+03  28.627    1.02   0.00  0.000   0.000   -3.34 *
* 2212   586.883551  285.342665 660.315    0.00   0.00  0.000   0.000   -0.00 *
* 2213   648.680467    4.33E+03 609.767    0.04   0.00  0.000   0.000   -4.24 *
* 2214   591.977704   -4.89E+03 665.273    0.01   0.00  0.000   0.000   -0.01 *
* 2215   932.023819    1.06E+04 342.506    0.07   0.00  0.000   0.000  -58.48 *
* 2216   909.296260   -1.33E+04 485.392    0.01   0.00  0.000   0.000   -0.02 *
* 2217   537.243668    1.86E+04 458.683    0.05   0.00  0.000   0.000  -69.51 *
* 2218   458.145514   -1.36E+03 723.677    0.00   0.00  0.000   0.000   -0.01 *
* 2219   633.487270   -1.15E+04 713.114    0.05   0.00  0.000   0.000  -18.55 *
* 2220  4103.457231   -1.32E+04 184.232    0.09   0.00  0.000   0.000 -171.73 *
* 2221  1162.467905    1.91E+04  73.642    0.05   0.00  0.000   0.000   -2.89 *
* 2222  1558.794584   -5.45E+04  23.650    0.76   0.00  0.000   0.000   -0.00 *
* 2223  3292.863644    1.42E+06  74.421    0.14   0.00  0.000   0.000 -571.86 *

 //////////////////// MAXIMUM NUMBER OF ITERATIONS       ////////////////////
 //////////////////// EXCEEDED IN QUABCS                 ////////////////////

*******************************************************************************
*                                                                             *
*  PROCESSOR   EXECUTION  TIMES IN SUBROUTINES                                *
*  INCLUDING THEIR COMPLETE DOWN-CALLING TREES                                *
*                                                                             *
*******************************************************************************
*                                                                             *
*    12943 => HFODD    6435 => DENSHF   3044 => DIAMAT   2773 => HFBSIM       *
*                                                                             *
*     1643 => QMULCM    681 => PAIMAC    664 => CANQUA    255 => AVEQUA       *
*                                                                             *
*      249 => RECORD     93 => INTEGH     83 => INTSOR     79 => INTEGD       *
*                                                                             *
*       67 => DENMAC     46 => DOBROY     46 => MOMETS     44 => INTMUL       *
*                                                                             *
*       28 => SKFILD     27 => BEGINC     20 => INTMAS     20 => ROTAVR       *
*                                                                             *
*       19 => LINAVR     14 => COUMAT     13 => INTCOU     11 => INTCEN       *
*                                                                             *
*        7 => SPAVER      5 => SKPAIR      5 => AVOBSE      3 => NILASP       *
*                                                                             *
*        2 => POWALL      2 => AVANGY      1 => INTKIN      0 => AVPARI       *
*                                                                             *
*        0 => QUABCS      0 => SHICOE      0 => PAXMOM      0 => AVSIMP       *
*                                                                             *
*        0 => MAGMOM      0 => MOMSIF      0 => SHIMOM      0 => SHISIF       *
*                                                                             *
*        0 => SHIMAG      0 => MOMVMU      0 => SPIMOM                        *
*                                                                             *
*******************************************************************************
*                                                                             *
*  NUMBERS OF CALLS TO SUBROUTINES                                            *
*                                                                             *
*******************************************************************************
*                                                                             *
*     2363 => BEGINC   1982 => INTMUL    630 => INTSOR    261 => DIAMAT       *
*                                                                             *
*      210 => INTMAS    210 => INTCEN    209 => INTKIN    208 => AVEQUA       *
*                                                                             *
*      156 => PAXMOM    105 => INTEGH    105 => INTEGD    105 => HFBSIM       *
*                                                                             *
*      105 => QUABCS    104 => CANQUA    104 => AVPARI    104 => DENSHF       *
*                                                                             *
*      104 => DENMAC    104 => PAIMAC    104 => MOMETS    104 => MOMSIF       *
*                                                                             *
*      104 => MOMVMU    104 => MAGMOM    104 => SPIMOM    104 => LINAVR       *
*                                                                             *
*      104 => ROTAVR    104 => SHICOE     53 => RECORD     53 => COUMAT       *
*                                                                             *
*       53 => INTCOU     52 => QMULCM     52 => SKFILD     52 => SKPAIR       *
*                                                                             *
*       52 => DOBROY     52 => SHIMOM     52 => SHISIF     52 => SHIMAG       *
*                                                                             *
*       14 => SPAVER      2 => AVANGY      2 => AVOBSE      2 => AVSIMP       *
*                                                                             *
*        2 => NILASP      1 => HFODD       1 => POWALL                        *
*                                                                             *
*******************************************************************************
*                                                                             *
*  EXECUTION ENDS ON 2016.08.25 AT 10:24:37.991                               *
*                                                                             *
*******************************************************************************
