*******************************************************************************
*                                                                             *
*                     P A R A L L E L    M O D E L                            *
*                                                                             *
*  SIMPLE MPI FRAMEWORK (1 COMMUNICATOR)    :  1 MPI PROCESS per HFODD TASK   *
*  MULTI-THREADING FRAMEWORK WITH OPENMP   :  4 THREADS per HFODD MPI PROCESS *
*                                                                             *
*******************************************************************************
*                                                                             *
*                        __  __ _____  ___   ____   ____                      *
*                       / / / // ___/.' _ \ / __ \ / __ \                     *
*                      / /_/ // /_  / / / // / / // / / /                     *
*                     / __  // __/ / / / // / / // / / /                      *
*                    / / / // /   / /_/ // /_/ // /_/ /                       *
*                   /_/ /_//_/    \___.'/____.'/____.'                        *
*                                                                             *
*                                                                             *
*******************************************************************************
*                                                                             *
*             SKYRME-HARTREE-FOCK-BOGOLYUBOV CODE VERSION: 2.77B              *
*                                                                             *
*              NO SYMMETRY-PLANES AND NO TIME-REVERSAL SYMMETRY               *
*                                                                             *
*                DEFORMED CARTESIAN HARMONIC-OSCILLATOR BASIS                 *
*                                                                             *
*******************************************************************************
*                                                                             *
*             J. DOBACZEWSKI, P. BACZYK, B.G. CARLSSON, J. DUDEK              *
*                 J. ENGEL, Y. GAO, M. KONIECZKA, T. LESINSKI                 *
*                 J. MCDONNELL, P. OLBRATOWSKI, P. POWALOWSKI                 *
*                  M. SADZIAK, J. SARICH, K. SATO, W. SATULA                  *
*             N. SCHUNCK,  J.A. SHEIKH, A. STASZCZAK, M. STOITSOV             *
*             P. TOIVANEN, X.B. WANG, M. ZALEWSKI AND H. ZDUNCZUK             *
*                                                                             *
*                   INSTYTUT FIZYKI TEORETYCZNEJ, WARSZAWA                    *
*                 LAWRENCE LIVERMORE NATIONAL LABORATORY, USA                 *
*                                                                             *
*                                  1993-2016                                  *
*                                                                             *
*******************************************************************************

*******************************************************************************
*                                                                             *
*  CODE COMPILED WITH THE FOLLOWING ARRAY DIMENSIONS AND SWITCHES:            *
*                                                                             *
*******************************************************************************
*                                                                             *
*  NDBASE = 1200  NDSTAT = 1200  NDXHRM =   40  NDYHRM =   40  NDZHRM =   64  *
*                                                                             *
*  NDMAIN =   30  NDMULT =    9  NDMULR =    4  NDLAMB =    9  NDITER = 5000  *
*                                                                             *
*  NDAKNO =    1  NDBKNO =    1  NDPROI =    2  NDCOUL =   80  NDPOLS =   25  *
*                                                                             *
*  NDATKN =   20  NDBTKN =   10  NDPROT =    1  NDPROD =    3                 *
*                                                                             *
*  IPARAL =    0  IPARAT =    0  I_CRAY =    0                                *
*                                                                             *
*                                                                             *
*  PRE-PROCESSOR OPTIONS:                                                     *
*                                                                             *
*       switch_port = 1     switch_diag = 3     switch_essl = 0               *
*                                                                             *
*                           switch_quad = 0     switch_vect = 1               *
*                                                                             *
*******************************************************************************
*                                                                             *
*  EXECUTION BEGINS ON 2016.08.25 AT 09:22:14.466                             *
*                                                                             *
*******************************************************************************
 
*******************************************************************************
*                                                                             *
*  CLASSICAL NUCLEAR SURFACE DEFINED FOR:                    N = 98   Z = 78  *
*                                                                             *
*******************************************************************************
*                                                                             *
*  AL10 =   ZERO  AL11 =   ZERO  .............  .............  .............  *
*                                                                             *
*  AL20 =  0.512  AL21 =   ZERO  AL22 =   ZERO  .............  .............  *
*                                                                             *
*******************************************************************************
*                                                                             *
*                                           HOMEGA=  7.7858  FCHOM0=  1.0642  *
*                                                                             *
*  OSCILLATOR FREQUENCIES: HBAROX=  9.0830  HBAROY=  9.0830  HBAROZ=  5.7207  *
*                                                                             *
*  MOMENTS OF INERTIA:     XMOMFC=104.6383  YMOMFC=104.6383  ZMOMFC= 59.4381  *
*                                                                             *
*  CENTERS OF MASS:        CMSXFC= -0.0000  CMSYFC= -0.0000  CMSZFC= -0.0000  *
*                                                                             *
*******************************************************************************

*******************************************************************************
*                                                                             *
*                           SKYRME FORCE DEFINITION                           *
*                                                                             *
*******************************************************************************
*                                                                             *
* PARAMETER SET HFB1:  T0= -1666.41  T1=   255.23  T2=  1521.28  T3= 12072.51 *
*                                                                             *
* POWER=0.37658031358  X0=  0.14608  X1= -4.82248  X2= -1.35211  X3=  0.00432 *
*                                                                             *
* IETA: J=0  W=1 CM=3  M=1  P=1  T=0 HBM= 20.73553 W0=  44.0677 W0P= 207.6502 *
*                                                                             *
*******************************************************************************

*******************************************************************************
*                                                                             *
*              COUPLING CONSTANTS DEFINING THE SKYRME FUNCTIONAL              *
*                                                                             *
*******************************************************************************
*                                                                             *
*                   TOTAL(T)        SUM(S)      ISOSCALAR(P)  ISOVECTOR(M)    *
*                   --------        ------      ------------  ------------    *
*    CRHO_ =     -894.060074    538.315575       -624.902286    269.157788    *
*    CRHOD =     1008.213640   -507.363897        754.531691   -253.681949    *
*    CLPR_ =       98.335311   -287.870148        -45.599763   -143.935074    *
*    CTAU_ =       33.156062    -48.271535          9.020295    -24.135768    *
*    CSCU_ =        0.000000      0.000000          0.000000      0.000000    *
*    CDIV_ =      -22.033840   -103.825096        -73.946388    -51.912548    *
*                                                                             *
*    CSPI_ =      -60.857026    416.601524        147.443736    208.300762    *
*    CSPID =        2.171385   -503.021127       -249.339179   -251.510564    *
*    CLPS_ =       51.110395     71.467295         86.844042     35.733647    *
*    CCUR_ =      -33.156062     48.271535         -9.020295     24.135768    *
*    CKIS_ =        0.000000      0.000000          0.000000      0.000000    *
*    CROT_ =      -22.033840   -103.825096        -73.946388    -51.912548    *
*                                                                             *
*******************************************************************************

*******************************************************************************
*                                                                             *
*                          NUCLEAR MATTER PROPERTIES                          *
*                                                                             *
*******************************************************************************
*                                                                             *
*     E = -15.8000  rho0 =   0.15625   K =  244.6682   Ms =    0.9364         *
*                   asym =  28.66820   L =   40.1091   Mv =    1.2498         *
*                                                                             *
*******************************************************************************

*******************************************************************************
*                                                                             *
*  PHYSICAL CONSTANTS:     H_BARC=197.32891000           HBCOE2=137.03602000  *
*                                                                             *
*                          XMASSN=938.90590000           XMASSP=938.27231000  *
*                                                                             *
*                          HBMASS= 20.73553000           HBMRPA= 20.73553000  *
*                                                                             *
*                          ECHAR2=  1.43997841           COULEX= -1.06350868  *
*                                                                             *
*******************************************************************************
*                                                                             *
*  OSCILLATOR LENGTHS:     X= 2.1368057      Y= 2.1368057       Z= 2.6924939  *
*                                                                             *
*  OSCILLATOR CONSTANTS:   X= 0.4679883      Y= 0.4679883       Z= 0.3714029  *
*                                                                             *
*  OSCILLATOR FREQUENCIES: X= 9.0829993      Y= 9.0829993       Z= 5.7207097  *
*                                                                             *
*******************************************************************************
*                                                                             *
*  BASIS CUT-OFF CONTROL PARAMETERS:  NXMAXX = 15  NYMAXX = 15  NZMAXX =  23  *
*                                                                             *
*                                     NXHERM = 36  NYHERM = 36  NZHERM =  60  *
*                                                                             *
*                                     NLIMIT=1140  LDBASE=1155  MCOUNT=29791  *
*                                                                             *
*                                     ENECUT= 800.0000      ELIMIT= 148.1884  *
*                                                                             *
*******************************************************************************

*******************************************************************************
*                                                                             *
*   SHAPE OF THE OSCILLATOR-BASIS DIAMOND    (THREE CONSECUTIVE PROJECTIONS)  *
*                                                                             *
*******************************************************************************
*                                                                             *
*        NX ===>>>  0  1  2  3  4  5  6  7  8  9 10 11 12 13 14 15            *
*        MAX.NY => 15 14 13 12 11 10  9  8  7  6  5  4  3  2  1  0            *
*                 ------------------------------------------------            *
*   NY= 0  (15)  | 23 22 20 19 17 15 14 12 11  9  7  6  4  3  1  0            *
*   NY= 1  (14)  | 22 20 19 17 15 14 12 11  9  7  6  4  3  1  0               *
*   NY= 2  (13)  | 20 19 17 15 14 12 11  9  7  6  4  3  1  0                  *
*   NY= 3  (12)  | 19 17 15 14 12 11  9  7  6  4  3  1  0                     *
*   NY= 4  (11)  | 17 15 14 12 11  9  7  6  4  3  1  0                        *
*   NY= 5  (10)  | 15 14 12 11  9  7  6  4  3  1  0                           *
*   NY= 6  ( 9)  | 14 12 11  9  7  6  4  3  1  0                              *
*   NY= 7  ( 8)  | 12 11  9  7  6  4  3  1  0                                 *
*   NY= 8  ( 7)  | 11  9  7  6  4  3  1  0                                    *
*   NY= 9  ( 6)  |  9  7  6  4  3  1  0                                       *
*   NY=10  ( 5)  |  7  6  4  3  1  0                                          *
*   NY=11  ( 4)  |  6  4  3  1  0                                             *
*   NY=12  ( 3)  |  4  3  1  0                                                *
*   NY=13  ( 2)  |  3  1  0                                                   *
*   NY=14  ( 1)  |  1  0                                                      *
*   NY=15  ( 0)  |  0                                                         *
*                                                                             *
*                                                                             *
*        NZ ===>>>  0  1  2  3  4  5  6  7  8  9 10 11 12 13 14 15 16 17 18   *
*        MAX.NY => 15 14 13 13 12 11 11 10  9  9  8  8  7  6  6  5  4  4  3   *
*                 ---------------------------------------------------------   *
*   NY= 0  (23)  | 15 14 13 13 12 11 11 10  9  9  8  8  7  6  6  5  4  4  3   *
*   NY= 1  (22)  | 14 13 12 12 11 10 10  9  8  8  7  7  6  5  5  4  3  3  2   *
*   NY= 2  (20)  | 13 12 11 11 10  9  9  8  7  7  6  6  5  4  4  3  2  2  1   *
*   NY= 3  (19)  | 12 11 10 10  9  8  8  7  6  6  5  5  4  3  3  2  1  1  0   *
*   NY= 4  (17)  | 11 10  9  9  8  7  7  6  5  5  4  4  3  2  2  1  0  0      *
*   NY= 5  (15)  | 10  9  8  8  7  6  6  5  4  4  3  3  2  1  1  0            *
*   NY= 6  (14)  |  9  8  7  7  6  5  5  4  3  3  2  2  1  0  0               *
*   NY= 7  (12)  |  8  7  6  6  5  4  4  3  2  2  1  1  0                     *
*   NY= 8  (11)  |  7  6  5  5  4  3  3  2  1  1  0  0                        *
*   NY= 9  ( 9)  |  6  5  4  4  3  2  2  1  0  0                              *
*   NY=10  ( 7)  |  5  4  3  3  2  1  1  0                                    *
*   NY=11  ( 6)  |  4  3  2  2  1  0  0                                       *
*   NY=12  ( 4)  |  3  2  1  1  0                                             *
*   NY=13  ( 3)  |  2  1  0  0                                                *
*   NY=14  ( 1)  |  1  0                                                      *
*   NY=15  ( 0)  |  0                                                         *
*                                                                             *
*                                                                             *
*        NZ ===>>>  0  1  2  3  4  5  6  7  8  9 10 11 12 13 14 15 16 17 18   *
*        MAX.NX => 15 14 13 13 12 11 11 10  9  9  8  8  7  6  6  5  4  4  3   *
*                 ---------------------------------------------------------   *
*   NX= 0  (23)  | 15 14 13 13 12 11 11 10  9  9  8  8  7  6  6  5  4  4  3   *
*   NX= 1  (22)  | 14 13 12 12 11 10 10  9  8  8  7  7  6  5  5  4  3  3  2   *
*   NX= 2  (20)  | 13 12 11 11 10  9  9  8  7  7  6  6  5  4  4  3  2  2  1   *
*   NX= 3  (19)  | 12 11 10 10  9  8  8  7  6  6  5  5  4  3  3  2  1  1  0   *
*   NX= 4  (17)  | 11 10  9  9  8  7  7  6  5  5  4  4  3  2  2  1  0  0      *
*   NX= 5  (15)  | 10  9  8  8  7  6  6  5  4  4  3  3  2  1  1  0            *
*   NX= 6  (14)  |  9  8  7  7  6  5  5  4  3  3  2  2  1  0  0               *
*   NX= 7  (12)  |  8  7  6  6  5  4  4  3  2  2  1  1  0                     *
*   NX= 8  (11)  |  7  6  5  5  4  3  3  2  1  1  0  0                        *
*   NX= 9  ( 9)  |  6  5  4  4  3  2  2  1  0  0                              *
*   NX=10  ( 7)  |  5  4  3  3  2  1  1  0                                    *
*   NX=11  ( 6)  |  4  3  2  2  1  0  0                                       *
*   NX=12  ( 4)  |  3  2  1  1  0                                             *
*   NX=13  ( 3)  |  2  1  0  0                                                *
*   NX=14  ( 1)  |  1  0                                                      *
*   NX=15  ( 0)  |  0                                                         *
*                                                                             *
*******************************************************************************

*******************************************************************************
*                                                                             *
* NUCLIDE: N =  98  Z =  78  NUMBER OF ITERATIONS = 1000   CONTINUATION? = 1  *
*                                                                             *
*******************************************************************************
*                                                                             *
* ITERATIONS WILL STOP WHEN THE STABILITY BECOMES LOWER THAN EPSITE=0.300000  *
*                                            FOR    5 CONSECUTIVE ITERATIONS  *
*                                                                             *
*******************************************************************************
*                                                                             *
* ITERATIONS WILL STOP WHEN THE PING-PONG DIVERGENCE OCCURS FOR EPSPNG=0.010  *
*                                DURING    5 PAIRS OF CONSECUTIVE ITERATIONS  *
*                                                                             *
*******************************************************************************
*                                                                             *
* ITERATIONS WILL STOP FOR CHAOTIC-DIVERGENCE CONDITION OCCURING   20  TIMES  *
*                                                                             *
*******************************************************************************
*                                                                             *
* SLOW-DOWN PARAMETERS:                                                       *
* TIME-EVEN = 0.85   TIME-ODD = 0.85   PAIRING = 0.85   LIPKIN-NOGAMI = 0.85  *
*                    LIP-MASS = 0.50   LIP-MOI = 0.50   LIPKIN-METHOD = 0.50  *
*                                                                             *
*******************************************************************************
*                                                                             *
* BROYDEN METHOD IS:  ON                                                      *
*                                                                             *
*    TRIGGERED ONLY WHEN STABILITY IS LOWER THAN :  1000.000 MEV              *
*    INITIAL SLOWING FACTOR (BEFORE TRIGGER)     :     0.85 (=SLOWEV)         *
*    BROYDEN SLOWING FACTOR (AFTER  TRIGGER)     :     0.40 (=1-ALPHAM)       *
*    NUMBER OF ITERATIONS RETAINED IN MEMORY     :    10                      *
*                                                                             *
*******************************************************************************
*                                                                             *
* DIRECT COULOMB TERMS SOLVED BY GREEN FUNCTION AND FOURIER TRANSFORM METHOD  *
* COULOMB PARAMETERS:  NUMCOU = 80  NUMETA = 79  BOUCOU = 20.0  FURMAX =0.25  *
*                                                                             *
*******************************************************************************
*                                                                             *
* EXCHANGE COULOMB TERMS TREATED BY THE SLATER APPROXIMATION                  *
*                                                                             *
*******************************************************************************
*                                                                             *
* MAXIMUM NUMBERS OF MULTIPOLE MOMENTS USED FOR THE CONSTRAINTS,    NMUCON=4  *
*                                           FOR THE COULOMB FIELD,  NMUCOU=4  *
*                                           FOR THE OUTPUT INFO,    NMUPRI=4  *
*                                                                             *
*******************************************************************************
*                                                                             *
* MULTIPOLE CONSTRAINTS: LAMBDA= 2  MIU= 0  MOMENT=105.000  STIFFNESS= 0.500  *
*                        LAMBDA= 3  MIU= 0  MOMENT= 48.000  STIFFNESS= 0.500  *
*                                                                             *
*******************************************************************************
*                                                                             *
* LINEAR MULTIPOLE CONSTRAINTS: LAMBDA= 2  MIU= 0  LAGRANGE PAR. USED= 0.000  *
*                               LAMBDA= 3  MIU= 0  LAGRANGE PAR. USED= 0.000  *
*                                                                             *
*******************************************************************************
*                                                                             *
* THE LAGRANGE PARAMETERS OF THE LINEAR CONSTRAINTS ARE RE-ADJUSTED AT EACH   *
* ITERATION BY USING THE CRANKING APPROXIMATION OF THE RPA MATRIX             *
*                                                                             *
*******************************************************************************
*                                                                             *
* PRINTING THE RESULTS FOR THE FOLLOWING ITERATIONS:         THE  FIRST: YES  *
*                                                            THE MIDDLE:  NO  *
*                                                     AND/OR THE   LAST: YES  *
*                                                                             *
*******************************************************************************
*                                                                             *
* PRINTING THE MOMENTS, RADII, AND DEFORMATIONS FOR:           NEUTRONS: YES  *
*                                                              PROTONS : YES  *
*                                                              MASS    : YES  *
*                                                                             *
*******************************************************************************
*                                                                             *
* PRINTING THE MOMENTS, MOMENTA AND DEFORMATIONS IN THE INTRINSIC FRAME: YES  *
*                                                                             *
*******************************************************************************
*                                                                             *
* NILSSON LABELS OF SINGLE-PARTICLE STATES SHOWN WITH RESPECT TO THE: Z-AXIS  *
*                                                                             *
*******************************************************************************
*                                                                             *
* CALCULATIONS WITH THE HFB PAIRING CORRELATIONS                              *
*                                                                             *
*******************************************************************************
*                                                                             *
* CONTACT PAIRING INTERACTION:     V0        V1       RHO-SAT      POWER      *
*                    NEUTRONS:  -234.380   732.438     0.320     1.0000000    *
*                     PROTONS:  -260.437   813.866     0.320     1.0000000    *
*                                                                             *
*******************************************************************************
*                                                                             *
* CUTOFF ENERGY DEFINING THE ACTIVE HFB PAIRING SPACE=      60.000            *
*                                                                             *
*******************************************************************************
*                                                                             *
* CALCULATIONS WITH SIMPLEX SYMMETRY                                          *
*                                                                             *
*******************************************************************************
*                                                                             *
* CALCULATIONS WITH TIME-ODD SYMMETRIES:        T*SIMPLEX_X =>     CONSERVED  *
*                                               T*SIMPLEX_Y =>     CONSERVED  *
*                                               T*SIMPLEX_Z => NON CONSERVED  *
*                                                                             *
*******************************************************************************
*                                                                             *
* CALCULATIONS WITHOUT ROTATION                                               *
*                                                                             *
*******************************************************************************

*******************************************************************************
*                                                                             *
*  CALLING SUBROUTINE "RECORD" TO READ THE REPLAY FILE OBTAINED PREVIOUSLY    *
*  ./restart/HFODD_00000074.REC                                               *
*                                                                             *
*******************************************************************************

*******************************************************************************
*                                                                             *
*  SINGLE-QUASIPARTICLE PROPERTIES:                                NEUTRONS   *
*                                                                             *
*******************************************************************************
*                                                                             *
*  NO)   ENERGY   (S=+,S=-)       PARITY   V2QUAP   EEQUIV   DEQUIV   V_CORR  *
*                                                                             *
*  51)    9.073   ( 26,  0)        0.168  0.98587  -18.496    2.142  1.00024  *
*  52)    9.073   (  0, 26)        0.168  0.98587  -18.496    2.142  1.00024  *
*  53)    8.687   ( 27,  0)        0.566  0.99891  -18.347    0.574  1.00002  *
*  54)    8.687   (  0, 27)        0.566  0.99891  -18.347    0.574  1.00002  *
*  55)    8.487   ( 28,  0)        0.203  0.99858  -18.142    0.640  1.00003  *
*  56)    8.487   (  0, 28)        0.203  0.99858  -18.142    0.640  1.00003  *
*  57)    7.822   ( 29,  0)        0.114  0.99873  -17.481    0.558  1.00003  *
*  58)    7.822   (  0, 29)        0.114  0.99873  -17.481    0.558  1.00003  *
*  59)    6.887   (  0, 30)       -0.573  0.99854  -16.546    0.527  1.00003  *
*  60)    6.887   ( 30,  0)       -0.573  0.99854  -16.546    0.527  1.00003  *
*  61)    6.494   ( 31,  0)        0.170  0.99840  -16.152    0.520  1.00004  *
*  62)    6.494   (  0, 31)        0.170  0.99840  -16.152    0.520  1.00004  *
*  63)    6.374   (  0, 32)       -0.907  0.99861  -16.035    0.475  1.00003  *
*  64)    6.374   ( 32,  0)       -0.907  0.99861  -16.035    0.475  1.00003  *
*  65)    5.928   ( 33,  0)        0.881  0.99791  -15.582    0.541  1.00005  *
*  66)    5.928   (  0, 33)        0.881  0.99791  -15.582    0.541  1.00005  *
*  67)    5.769   ( 34,  0)       -0.909  0.99766  -15.421    0.558  1.00006  *
*  68)    5.769   (  0, 34)       -0.909  0.99766  -15.421    0.558  1.00006  *
*  69)    5.308   ( 35,  0)       -0.631  0.98826  -14.862    1.144  1.00034  *
*  70)    5.308   (  0, 35)       -0.631  0.98826  -14.862    1.144  1.00034  *
*  71)    5.183   (  0, 36)        0.197  0.99754  -14.837    0.513  1.00007  *
*  72)    5.183   ( 36,  0)        0.197  0.99754  -14.837    0.513  1.00007  *
*  73)    4.951   (  0, 37)        0.131  0.99484  -14.579    0.709  1.00016  *
*  74)    4.951   ( 37,  0)        0.131  0.99484  -14.579    0.709  1.00016  *
*  75)    4.718   ( 38,  0)       -0.558  0.99426  -14.343    0.713  1.00018  *
*  76)    4.718   (  0, 38)       -0.558  0.99426  -14.343    0.713  1.00018  *
*  77)    3.645   ( 39,  0)       -0.112  0.99524  -13.289    0.502  1.00020  *
*  78)    3.645   (  0, 39)       -0.112  0.99524  -13.289    0.502  1.00020  *
*  79)    2.946   ( 40,  0)       -0.365  0.99289  -12.583    0.495  1.00036  *
*  80)    2.946   (  0, 40)       -0.365  0.99289  -12.583    0.495  1.00036  *
*  81)    1.984   (  0, 41)        0.917  0.98863  -11.618    0.421  1.00082  *
*  82)    1.984   ( 41,  0)        0.917  0.98863  -11.618    0.421  1.00082  *
*  83)    1.903   (  0, 42)        0.079  0.98595  -11.529    0.448  1.00105  *
*  84)    1.903   ( 42,  0)        0.079  0.98595  -11.529    0.448  1.00105  *
*  85)    1.878   ( 43,  0)        0.773  0.98488  -11.500    0.458  1.00114  *
*  86)    1.878   (  0, 43)        0.773  0.98488  -11.500    0.458  1.00114  *
*  87)    1.584   (  0, 44)       -0.452  0.97940  -11.198    0.450  1.00181  *
*  88)    1.584   ( 44,  0)       -0.452  0.97940  -11.198    0.450  1.00181  *
*  89)    0.858   (  0, 45)        0.412  0.93179  -10.420    0.433  1.01009  *
*  90)    0.858   ( 45,  0)        0.412  0.93179  -10.420    0.433  1.01009  *
*  91)    0.847   (  0, 46)       -0.305  0.91606  -10.384    0.470  1.01261  *
*  92)    0.847   ( 46,  0)       -0.305  0.91606  -10.384    0.470  1.01261  *
*  93)    0.814   ( 47,  0)        0.776  0.90196  -10.333    0.484  1.01528  *
*  94)    0.814   (  0, 47)        0.776  0.90196  -10.333    0.484  1.01528  *
*  95)    0.534   (  0, 48)        0.275  0.77674   -9.975    0.445  1.05073  *
*  96)    0.534   ( 48,  0)        0.275  0.77674   -9.975    0.445  1.05073  *
*  97)    0.533   ( 49,  0)        0.138  0.71445   -9.908    0.482  1.06725  *
*  98)    0.533   (  0, 49)        0.138  0.71445   -9.908    0.482  1.06725  *
*  99)    0.560   ( 50,  0)       -0.458  0.25964   -9.410    0.491  1.22730  *
* 100)    0.560   (  0, 50)       -0.458  0.25964   -9.410    0.491  1.22730  *
* 101)    1.030   ( 51,  0)       -0.242  0.04609   -8.744    0.432  1.17077  *
* 102)    1.030   (  0, 51)       -0.242  0.04609   -8.744    0.432  1.17077  *
* 103)    1.423   (  0, 52)        0.312  0.02677   -8.332    0.459  1.12178  *
* 104)    1.423   ( 52,  0)        0.312  0.02677   -8.332    0.459  1.12178  *
* 105)    2.145   ( 53,  0)       -0.290  0.01010   -7.578    0.429  1.07936  *
* 106)    2.145   (  0, 53)       -0.290  0.01010   -7.578    0.429  1.07936  *
* 107)    2.210   ( 54,  0)        0.845  0.00655   -7.498    0.357  1.07716  *
* 108)    2.210   (  0, 54)        0.845  0.00655   -7.498    0.357  1.07716  *
* 109)    3.143   (  0, 55)       -0.647  0.00610   -6.575    0.490  1.05310  *
* 110)    3.143   ( 55,  0)       -0.647  0.00610   -6.575    0.490  1.05310  *
* 111)    3.232   (  0, 56)       -0.390  0.00550   -6.483    0.478  1.05160  *
* 112)    3.232   ( 56,  0)       -0.390  0.00550   -6.483    0.478  1.05160  *
* 113)    3.381   ( 57,  0)        0.181  0.00419   -6.327    0.437  1.04928  *
* 114)    3.381   (  0, 57)        0.181  0.00419   -6.327    0.437  1.04928  *
* 115)    3.586   ( 58,  0)        0.543  0.00270   -6.112    0.372  1.04640  *
* 116)    3.586   (  0, 58)        0.543  0.00270   -6.112    0.372  1.04640  *
* 117)    3.657   ( 59,  0)        0.299  0.00323   -6.046    0.415  1.04545  *
* 118)    3.657   (  0, 59)        0.299  0.00323   -6.046    0.415  1.04545  *
* 119)    3.998   ( 60,  0)        0.362  0.00239   -5.700    0.390  1.04145  *
* 120)    3.998   (  0, 60)        0.362  0.00239   -5.700    0.390  1.04145  *
* 121)    4.086   ( 61,  0)        0.086  0.00364   -5.623    0.492  1.04046  *
* 122)    4.086   (  0, 61)        0.086  0.00364   -5.623    0.492  1.04046  *
* 123)    4.317   ( 62,  0)       -0.187  0.00595   -5.413    0.664  1.03811  *
* 124)    4.317   (  0, 62)       -0.187  0.00595   -5.413    0.664  1.03811  *
* 125)    4.349   ( 63,  0)       -0.164  0.00215   -5.349    0.402  1.03798  *
* 126)    4.349   (  0, 63)       -0.164  0.00215   -5.349    0.402  1.03798  *
* 127)    4.365   ( 64,  0)        0.693  0.00298   -5.340    0.476  1.03780  *
* 128)    4.365   (  0, 64)        0.693  0.00298   -5.340    0.476  1.03780  *
* 129)    4.458   ( 65,  0)        0.082  0.00516   -5.267    0.639  1.03690  *
* 130)    4.458   (  0, 65)        0.082  0.00516   -5.267    0.639  1.03690  *
* 131)    4.634   ( 66,  0)        0.876  0.00202   -5.064    0.417  1.03557  *
* 132)    4.634   (  0, 66)        0.876  0.00202   -5.064    0.417  1.03557  *
* 133)    5.488   (  0, 67)       -0.760  0.01156   -4.318    1.173  1.02956  *
* 134)    5.488   ( 67,  0)       -0.760  0.01156   -4.318    1.173  1.02956  *
* 135)    6.652   (  0, 68)       -0.617  0.00204   -3.055    0.600  1.02452  *
* 136)    6.652   ( 68,  0)       -0.617  0.00204   -3.055    0.600  1.02452  *
* 137)    6.746   (  0, 69)       -0.442  0.00153   -2.954    0.527  1.02418  *
* 138)    6.746   ( 69,  0)       -0.442  0.00153   -2.954    0.527  1.02418  *
* 139)    6.755   ( 70,  0)        0.513  0.00123   -2.940    0.473  1.02415  *
* 140)    6.755   (  0, 70)        0.513  0.00123   -2.940    0.473  1.02415  *
* 141)    7.027   ( 71,  0)       -0.925  0.00077   -2.663    0.389  1.02321  *
* 142)    7.027   (  0, 71)       -0.925  0.00077   -2.663    0.389  1.02321  *
* 143)    7.262   ( 72,  0)       -0.787  0.00078   -2.428    0.406  1.02244  *
* 144)    7.262   (  0, 72)       -0.787  0.00078   -2.428    0.406  1.02244  *
* 145)    8.251   ( 73,  0)        0.145  0.00085   -1.442    0.480  1.01970  *
* 146)    8.251   (  0, 73)        0.145  0.00085   -1.442    0.480  1.01970  *
* 147)    8.315   (  0, 74)       -0.151  0.00081   -1.377    0.472  1.01954  *
* 148)    8.315   ( 74,  0)       -0.151  0.00081   -1.377    0.472  1.01954  *
* 149)    8.317   ( 75,  0)        0.128  0.00069   -1.373    0.437  1.01954  *
* 150)    8.317   (  0, 75)        0.128  0.00069   -1.373    0.437  1.01954  *
* 151)    9.097   (  0, 76)        0.099  0.01266   -0.812    2.034  1.01761  *
* 152)    9.097   ( 76,  0)        0.099  0.01266   -0.812    2.034  1.01761  *
* 153)    8.909   ( 77,  0)        0.019  0.00081   -0.785    0.507  1.01822  *
* 154)    8.909   (  0, 77)        0.019  0.00081   -0.785    0.507  1.01822  *
* 155)    8.991   ( 78,  0)       -0.242  0.00066   -0.700    0.463  1.01805  *
* 156)    8.991   (  0, 78)       -0.242  0.00066   -0.700    0.463  1.01805  *
* 157)    9.032   ( 79,  0)        0.100  0.00172   -0.678    0.749  1.01795  *
* 158)    9.032   (  0, 79)        0.100  0.00172   -0.678    0.749  1.01795  *
* 159)    9.279   (  0, 80)       -0.137  0.00081   -0.415    0.527  1.01748  *
* 160)    9.279   ( 80,  0)       -0.137  0.00081   -0.415    0.527  1.01748  *
* 161)    9.664   ( 81,  0)        0.354  0.00046   -0.024    0.413  1.01677  *
* 162)    9.664   (  0, 81)        0.354  0.00046   -0.024    0.413  1.01677  *
* 163)    9.910   (  0, 82)        0.328  0.00057    0.219    0.474  1.01635  *
* 164)    9.910   ( 82,  0)        0.328  0.00057    0.219    0.474  1.01635  *
*                                                                             *
*1686)   TOTAL=  ( 843, 843)                                                  *
*                                                                             *
*******************************************************************************

*******************************************************************************
*                                                                             *
*  SINGLE-PARTICLE PROPERTIES: CANONICAL                           NEUTRONS   *
*                                                                             *
*******************************************************************************
*                                                                             *
*  NO)   ENERGY   (S=+,S=-)   | N,nz,lz,OMEz>   <P>    <JY>    <SY>   GFACT   *
*                                                                             *
*  41)  -11.620   ( 41,---)   | 4, 0, 4, 9/2>    91  -0.000   0.000  -3.711   *
*  42)  -11.538   ( 42,---)   | 5, 3, 0, 1/2>    11  -1.415  -0.301   0.213   *
*  43)  -11.511   ( 43,---)   | 4, 1, 1, 3/2>    75   0.000   0.000   4.289   *
*  44)  -11.205   ( 44,---)   | 5, 4, 1, 1/2>   -45   0.166  -0.193  -1.159   *
*  45)  -10.424   ( 45,---)   | 4, 1, 1, 1/2>    36  -0.894  -0.264   0.295   *
*  46)  -10.386   ( 46,---)   | 5, 3, 2, 3/2>   -31   0.000  -0.000  -0.100   *
*  47)  -10.336   ( 47,---)   | 4, 1, 3, 5/2>    72  -0.000   0.000  -1.067   *
*  48)   -9.978   ( 48,---)   | 4, 1, 1, 1/2>    29  -0.107  -0.227   2.132   *
*  49)   -9.910   ( 49,---)   | 4, 1, 3, 5/2>    19  -0.000  -0.000   0.490   *
*  50)   -9.409   ( 50,---)   | 5, 2, 3, 7/2>   -44   0.000   0.000   0.092   *
*  51)   -8.723   ( 51,---)   | 5, 2, 1, 3/2>   -29   0.000  -0.000  -0.012   *
*  52)   -8.315   ( 52,---)   | 6, 5, 1, 3/2>    41   0.000   0.000   0.126   *
*  53)   -7.482   ( 53,---)   | 5, 2, 1, 1/2>   -29  -0.014  -0.060   4.395   *
*  54)   -7.264   ( 54,---)   | 4, 0, 2, 5/2>    54  -0.000  -0.000   0.168   *
*  55)   -6.503   ( 55,---)   | 5, 2, 3, 5/2>     0  -0.000  -0.000   0.341   *
*  56)   -6.451   ( 56,---)   | 5, 1, 4, 9/2>   -88   0.000   0.000   0.849   *
*  57)   -6.213   ( 57,---)   | 6, 4, 0, 1/2>    17  -0.834  -0.324   0.389   *
*  58)   -5.949   ( 58,---)   | 6, 5, 1, 1/2>    19   0.132  -0.196  -1.486   *
*  59)   -5.651   ( 59,---)   | 4, 0, 0, 1/2>    84  -0.274  -0.472   1.724   *
*  60)   -5.503   ( 60,---)   | 6, 4, 2, 3/2>     4  -0.000   0.000  -1.069   *
*  61)   -5.261   ( 61,---)   | 6, 4, 2, 5/2>    34  -0.000  -0.000   0.059   *
*  62)   -5.256   ( 62,---)   | 5, 2, 1, 3/2>   -45  -0.000   0.000  -0.265   *
*  63)   -5.188   ( 63,---)   | 6, 3, 3, 7/2>    61   0.000   0.000   0.065   *
*  64)   -5.070   ( 64,---)   | 4, 0, 2, 3/2>    87   0.000   0.000   0.679   *
*  65)   -4.986   ( 65,---)   | 6, 6, 0, 1/2>    10  -1.782  -0.403   0.226   *
*  66)   -4.829   ( 66,---)   | 4, 0, 4, 7/2>    94  -0.000  -0.000   0.375   *
*  67)   -3.722   ( 67,---)   | 5, 2, 1, 1/2>   -43   0.363  -0.045  -0.123   *
*  68)   -2.646   ( 68,---)   | 5, 2, 3, 5/2>   -34  -0.000  -0.000   0.034   *
*  69)   -2.632   ( 69,---)   | 7, 6, 1, 3/2>   -37   0.000   0.000   0.063   *
*  70)   -2.594   ( 70,---)   | 6, 2, 4, 9/2>    47  -0.000  -0.000   0.114   *
*  71)   -2.099   ( 71,---)   | 5, 0, 5,11/2>   -96   0.000  -0.000  -0.092   *
*  72)   -1.398   ( 72,---)   | 5, 1, 2, 5/2>   -82   0.000  -0.000  -0.375   *
*  73)   -0.862   ( 73,---)   | 6, 4, 0, 1/2>    35  -0.665  -0.352   0.529   *
*  74)   -0.296   ( 74,---)   | 7, 4, 3, 7/2>   -12   0.000   0.000   0.082   *
*  75)   -0.252   ( 75,---)   | 6, 3, 1, 3/2>    49  -0.000   0.000  -0.104   *
*  76)   -0.206   ( 76,---)   | 6, 4, 2, 3/2>    33   0.000  -0.000  -0.035   *
*  77)   -0.074   ( 77,---)   | 7, 6, 1, 1/2>    -4  -0.122  -0.230   1.891   *
*                                                                             *
*******************************************************************************

*******************************************************************************
*                                                                             *
*  HFB PAIRING PROPERTIES                                           NEUTRONS  *
*                                                                             *
*  STRENGTH= 0.0533   GAP=-0.4623   FERMI ENERGY= -9.5196   ENERGY=  -4.0124  *
*                                                                             *
*******************************************************************************

*******************************************************************************
*                                                                             *
*  MULTIPOLE MOMENTS [UNITS:  (10 FERMI)^LAMBDA]                    NEUTRONS  *
*                                                                             *
*******************************************************************************
*                                                                             *
*  Q00 = 98.0000  .............  .............  .............  .............  *
*                                                                             *
*  Q10 = 23.3021  Q11 =    ZERO  .............  .............  .............  *
*                                                                             *
*  Q20 = 58.7191  Q21 =    ZERO  Q22 =-1.2E-04  .............  .............  *
*                                                                             *
*  Q30 = 17.0098  Q31 =    ZERO  Q32 = 1.2E-04  Q33 =    ZERO  .............  *
*                                                                             *
*  Q40 = 19.3661  Q41 =    ZERO  Q42 = 4.6E-05  Q43 =    ZERO  Q44 =-1.9E-07  *
*                                                                             *
*******************************************************************************

*******************************************************************************
*                                                                             *
*  ROOT-MEAN-SQUARE AND GEOMETRIC SIZES IN FERMIS                   NEUTRONS  *
*                                                                             *
*  R_RMS =  6.8219     X_RMS =  2.3509    Y_RMS =  2.3509    Z_RMS =  5.9570  *
*                                                                             *
*  R_GEO =  8.8071     X_GEO =  5.2567    Y_GEO =  5.2568    Z_GEO = 13.3202  *
*                                                                             *
*******************************************************************************

*******************************************************************************
*                                                                             *
*  BOHR DEFORMATIONS (FIRST-ORDER APPROXIMATION)                    NEUTRONS  *
*                                                                             *
*******************************************************************************
*                                                                             *
*  B10 =  0.5526  B11 =    ZERO  .............  .............  .............  *
*                                                                             *
*  B20 =  1.0205  B21 =    ZERO  B22 =-2.1E-06  .............  .............  *
*                                                                             *
*  B30 =  1.0643  B31 =    ZERO  B32 = 1.1E-05  B33 =    ZERO  .............  *
*                                                                             *
*  B40 =  1.3759  B41 =    ZERO  B42 = 4.6E-06  B43 =    ZERO  B44 =-1.9E-08  *
*                                                                             *
*******************************************************************************
*                                                                             *
*  BOHR DENSITY = 0.0342 FM^(-3)  BOHR RADIUS =   8.8071 FM                   *
*                                                                             *
*******************************************************************************

*******************************************************************************
*                                                                             *
*  SINGLE-QUASIPARTICLE PROPERTIES:                                 PROTONS   *
*                                                                             *
*******************************************************************************
*                                                                             *
*  NO)   ENERGY   (S=+,S=-)       PARITY   V2QUAP   EEQUIV   DEQUIV   V_CORR  *
*                                                                             *
*  37)    9.994   (  0, 19)        0.421  0.99944  -12.599    0.471  1.00001  *
*  38)    9.994   ( 19,  0)        0.421  0.99944  -12.599    0.471  1.00001  *
*  39)    8.652   ( 20,  0)        0.128  0.99900  -11.250    0.546  1.00001  *
*  40)    8.652   (  0, 20)        0.128  0.99900  -11.250    0.546  1.00001  *
*  41)    8.568   ( 21,  0)        0.390  0.99848  -11.158    0.668  1.00002  *
*  42)    8.568   (  0, 21)        0.390  0.99848  -11.158    0.668  1.00002  *
*  43)    8.164   ( 22,  0)        0.319  0.99857  -10.756    0.616  1.00002  *
*  44)    8.164   (  0, 22)        0.319  0.99857  -10.756    0.616  1.00002  *
*  45)    7.918   ( 23,  0)       -0.808  0.99910  -10.519    0.474  1.00001  *
*  46)    7.918   (  0, 23)       -0.808  0.99910  -10.519    0.474  1.00001  *
*  47)    7.566   ( 24,  0)       -0.621  0.99903  -10.167    0.470  1.00002  *
*  48)    7.566   (  0, 24)       -0.621  0.99903  -10.167    0.470  1.00002  *
*  49)    6.674   ( 25,  0)       -0.908  0.99893   -9.276    0.437  1.00002  *
*  50)    6.674   (  0, 25)       -0.908  0.99893   -9.276    0.437  1.00002  *
*  51)    5.940   ( 26,  0)        0.192  0.99842   -8.537    0.472  1.00003  *
*  52)    5.940   (  0, 26)        0.192  0.99842   -8.537    0.472  1.00003  *
*  53)    5.378   ( 27,  0)        0.598  0.99822   -7.974    0.453  1.00004  *
*  54)    5.378   (  0, 27)        0.598  0.99822   -7.974    0.453  1.00004  *
*  55)    4.995   (  0, 28)        0.145  0.99815   -7.593    0.429  1.00005  *
*  56)    4.995   ( 28,  0)        0.145  0.99815   -7.593    0.429  1.00005  *
*  57)    4.699   ( 29,  0)        0.074  0.99727   -7.289    0.491  1.00007  *
*  58)    4.699   (  0, 29)        0.074  0.99727   -7.289    0.491  1.00007  *
*  59)    3.686   (  0, 30)       -0.535  0.99614   -6.274    0.457  1.00013  *
*  60)    3.686   ( 30,  0)       -0.535  0.99614   -6.274    0.457  1.00013  *
*  61)    3.375   (  0, 31)        0.210  0.99486   -5.956    0.483  1.00018  *
*  62)    3.375   ( 31,  0)        0.210  0.99486   -5.956    0.483  1.00018  *
*  63)    2.378   ( 32,  0)        0.856  0.99183   -4.955    0.428  1.00041  *
*  64)    2.378   (  0, 32)        0.856  0.99183   -4.955    0.428  1.00041  *
*  65)    2.363   ( 33,  0)       -0.880  0.99167   -4.939    0.430  1.00042  *
*  66)    2.363   (  0, 33)       -0.880  0.99167   -4.939    0.430  1.00042  *
*  67)    2.140   ( 34,  0)       -0.439  0.99040   -4.715    0.417  1.00052  *
*  68)    2.140   (  0, 34)       -0.439  0.99040   -4.715    0.417  1.00052  *
*  69)    1.526   ( 35,  0)        0.286  0.97740   -4.073    0.454  1.00168  *
*  70)    1.526   (  0, 35)        0.286  0.97740   -4.073    0.454  1.00168  *
*  71)    1.447   ( 36,  0)       -0.557  0.97639   -3.994    0.439  1.00184  *
*  72)    1.447   (  0, 36)       -0.557  0.97639   -3.994    0.439  1.00184  *
*  73)    1.989   (  0, 37)       -0.179  0.78751   -3.759    1.627  1.01279  *
*  74)    1.989   ( 37,  0)       -0.179  0.78751   -3.759    1.627  1.01279  *
*  75)    1.079   (  0, 38)       -0.786  0.96487   -3.619    0.397  1.00354  *
*  76)    1.079   ( 38,  0)       -0.786  0.96487   -3.619    0.397  1.00354  *
*  77)    0.522   ( 39,  0)       -0.180  0.75778   -2.885    0.447  1.04764  *
*  78)    0.522   (  0, 39)       -0.180  0.75778   -2.885    0.447  1.04764  *
*  79)    0.803   (  0, 40)       -0.329  0.08718   -1.953    0.453  1.16456  *
*  80)    0.803   ( 40,  0)       -0.329  0.08718   -1.953    0.453  1.16456  *
*  81)    1.997   ( 41,  0)       -0.078  0.21030   -1.459    1.628  1.05186  *
*  82)    1.997   (  0, 41)       -0.078  0.21030   -1.459    1.628  1.05186  *
*  83)    1.491   (  0, 42)        0.161  0.02497   -1.199    0.465  1.09047  *
*  84)    1.491   ( 42,  0)        0.161  0.02497   -1.199    0.465  1.09047  *
*  85)    1.773   ( 43,  0)       -0.281  0.01609   -0.899    0.446  1.07587  *
*  86)    1.773   (  0, 43)       -0.281  0.01609   -0.899    0.446  1.07587  *
*  87)    2.096   (  0, 44)        0.875  0.01006   -0.562    0.418  1.06391  *
*  88)    2.096   ( 44,  0)        0.875  0.01006   -0.562    0.418  1.06391  *
*  89)    2.488   (  0, 45)       -0.241  0.00738   -0.165    0.426  1.05350  *
*  90)    2.488   ( 45,  0)       -0.241  0.00738   -0.165    0.426  1.05350  *
*  91)    2.697   (  0, 46)        0.812  0.00625    0.048    0.425  1.04920  *
*  92)    2.697   ( 46,  0)        0.812  0.00625    0.048    0.425  1.04920  *
*  93)    2.797   (  0, 47)        0.151  0.00502    0.153    0.395  1.04743  *
*  94)    2.797   ( 47,  0)        0.151  0.00502    0.153    0.395  1.04743  *
*  95)    3.148   (  0, 48)        0.068  0.00472    0.503    0.432  1.04193  *
*  96)    3.148   ( 48,  0)        0.068  0.00472    0.503    0.432  1.04193  *
*  97)    3.251   ( 49,  0)        0.281  0.00449    0.606    0.435  1.04056  *
*  98)    3.251   (  0, 49)        0.281  0.00449    0.606    0.435  1.04056  *
*  99)    3.861   (  0, 50)       -0.456  0.00320    1.221    0.436  1.03399  *
* 100)    3.861   ( 50,  0)       -0.456  0.00320    1.221    0.436  1.03399  *
* 101)    4.863   ( 51,  0)        0.254  0.00214    2.226    0.449  1.02683  *
* 102)    4.863   (  0, 51)        0.254  0.00214    2.226    0.449  1.02683  *
* 103)    5.055   (  0, 52)       -0.050  0.00161    2.423    0.405  1.02580  *
* 104)    5.055   ( 52,  0)       -0.050  0.00161    2.423    0.405  1.02580  *
* 105)    6.049   (  0, 53)       -0.246  0.00102    3.421    0.386  1.02148  *
* 106)    6.049   ( 53,  0)       -0.246  0.00102    3.421    0.386  1.02148  *
* 107)    6.480   (  0, 54)       -0.353  0.00116    3.850    0.442  1.02002  *
* 108)    6.480   ( 54,  0)       -0.353  0.00116    3.850    0.442  1.02002  *
* 109)    6.795   ( 55,  0)        0.051  0.00101    4.166    0.432  1.01908  *
* 110)    6.795   (  0, 55)        0.051  0.00101    4.166    0.432  1.01908  *
* 111)    7.039   (  0, 56)       -0.846  0.00082    4.411    0.404  1.01841  *
* 112)    7.039   ( 56,  0)       -0.846  0.00082    4.411    0.404  1.01841  *
* 113)    7.066   ( 57,  0)        0.130  0.00097    4.436    0.439  1.01833  *
* 114)    7.066   (  0, 57)        0.130  0.00097    4.436    0.439  1.01833  *
* 115)    7.300   ( 58,  0)       -0.116  0.00102    4.669    0.466  1.01773  *
* 116)    7.300   (  0, 58)       -0.116  0.00102    4.669    0.466  1.01773  *
* 117)    7.397   (  0, 59)        0.791  0.00058    4.773    0.355  1.01750  *
* 118)    7.397   ( 59,  0)        0.791  0.00058    4.773    0.355  1.01750  *
* 119)    7.899   (  0, 60)        0.482  0.00097    5.268    0.491  1.01637  *
* 120)    7.899   ( 60,  0)        0.482  0.00097    5.268    0.491  1.01637  *
* 121)    7.932   ( 61,  0)        0.652  0.00071    5.305    0.422  1.01630  *
* 122)    7.932   (  0, 61)        0.652  0.00071    5.305    0.422  1.01630  *
* 123)    8.293   ( 62,  0)        0.845  0.00062    5.667    0.413  1.01558  *
* 124)    8.293   (  0, 62)        0.845  0.00062    5.667    0.413  1.01558  *
* 125)    8.321   (  0, 63)        0.400  0.00202    5.671    0.747  1.01551  *
* 126)    8.321   ( 63,  0)        0.400  0.00202    5.671    0.747  1.01551  *
* 127)    8.328   (  0, 64)       -0.363  0.00050    5.704    0.371  1.01552  *
* 128)    8.328   ( 64,  0)       -0.363  0.00050    5.704    0.371  1.01552  *
* 129)    9.109   (  0, 65)        0.747  0.00036    6.487    0.344  1.01417  *
* 130)    9.109   ( 65,  0)        0.747  0.00036    6.487    0.344  1.01417  *
* 131)    9.137   ( 66,  0)        0.721  0.00035    6.515    0.344  1.01413  *
* 132)    9.137   (  0, 66)        0.721  0.00035    6.515    0.344  1.01413  *
* 133)    9.559   ( 67,  0)       -0.333  0.00036    6.937    0.362  1.01350  *
* 134)    9.559   (  0, 67)       -0.333  0.00036    6.937    0.362  1.01350  *
*                                                                             *
*1320)   TOTAL=  ( 660, 660)                                                  *
*                                                                             *
*******************************************************************************

*******************************************************************************
*                                                                             *
*  SINGLE-PARTICLE PROPERTIES: CANONICAL                            PROTONS   *
*                                                                             *
*******************************************************************************
*                                                                             *
*  NO)   ENERGY   (S=+,S=-)   | N,nz,lz,OMEz>   <P>    <JY>    <SY>   GFACT   *
*                                                                             *
*  20)  -11.295   ( 20,---)   | 4, 2, 2, 5/2>    23   0.000   0.000   0.480   *
*  21)  -11.081   ( 21,---)   | 4, 3, 1, 1/2>    32  -0.983  -0.285   0.290   *
*  22)  -10.880   ( 22,---)   | 4, 4, 0, 1/2>    30  -0.486  -0.304   0.626   *
*  23)  -10.510   ( 23,---)   | 3, 1, 2, 3/2>   -84  -0.000   0.000  -0.376   *
*  24)  -10.208   ( 24,---)   | 3, 1, 0, 1/2>   -58  -0.239  -0.398   1.666   *
*  25)   -9.276   ( 25,---)   | 3, 0, 3, 7/2>   -91   0.000   0.000  2.E+01   *
*  26)   -8.539   ( 26,---)   | 5, 4, 1, 3/2>    18   0.000   0.000   0.940   *
*  27)   -7.982   ( 27,---)   | 4, 2, 2, 5/2>    57   0.000   0.000   0.181   *
*  28)   -7.638   ( 28,---)   | 4, 2, 0, 1/2>    18  -0.463  -0.486   1.051   *
*  29)   -7.312   ( 29,---)   | 4, 2, 2, 3/2>    11  -0.000  -0.000   0.307   *
*  30)   -6.284   ( 30,---)   | 5, 4, 1, 1/2>   -52  -1.364  -0.299   0.219   *
*  31)   -5.971   ( 31,---)   | 4, 3, 1, 1/2>    21   0.027  -0.202  -7.497   *
*  32)   -4.956   ( 32,---)   | 4, 1, 3, 7/2>    86   0.000  -0.000  -0.034   *
*  33)   -4.940   ( 33,---)   | 3, 0, 3, 5/2>   -87  -0.000   0.000  -0.080   *
*  34)   -4.718   ( 34,---)   | 3, 0, 1, 3/2>   -42  -0.000  -0.000   0.679   *
*  35)   -4.561   ( 35,---)   | 3, 0, 1, 3/2>   -17  -0.000  -0.000   1.435   *
*  36)   -4.093   ( 36,---)   | 4, 2, 0, 1/2>    27  -0.611  -0.427   0.699   *
*  37)   -3.996   ( 37,---)   | 5, 3, 2, 5/2>   -56   0.000   0.000   0.149   *
*  38)   -3.621   ( 38,---)   | 3, 0, 1, 1/2>   -76   0.169  -0.062  -0.366   *
*  39)   -2.885   ( 39,---)   | 5, 4, 1, 3/2>   -18   0.000   0.000  1.E+01   *
*  40)   -1.948   ( 40,---)   | 5, 2, 3, 7/2>   -33  -0.000  -0.000   0.538   *
*  41)   -1.173   ( 41,---)   | 5, 3, 0, 1/2>     8  -1.529  -0.344   0.225   *
*  42)   -0.874   ( 42,---)   | 5, 4, 1, 1/2>   -47   0.307  -0.167  -0.544   *
*  43)   -0.560   ( 43,---)   | 4, 1, 1, 3/2>    30  -0.000  -0.000   0.954   *
*  44)   -0.529   ( 44,---)   | 4, 0, 4, 9/2>    87  -0.000  -0.000   0.363   *
*  45)   -0.170   ( 45,---)   | 4, 1, 1, 3/2>    12  -0.000  -0.000   0.978   *
*                                                                             *
*******************************************************************************

*******************************************************************************
*                                                                             *
*  HFB PAIRING PROPERTIES                                            PROTONS  *
*                                                                             *
*  STRENGTH= 0.0799   GAP= 0.4312   FERMI ENERGY= -2.4884   ENERGY=  -2.3268  *
*                                                                             *
*******************************************************************************

*******************************************************************************
*                                                                             *
*  MULTIPOLE MOMENTS [UNITS:  (10 FERMI)^LAMBDA]                     PROTONS  *
*                                                                             *
*******************************************************************************
*                                                                             *
*  Q00 = 78.0000  .............  .............  .............  .............  *
*                                                                             *
*  Q10 = 18.6608  Q11 =    ZERO  .............  .............  .............  *
*                                                                             *
*  Q20 = 48.0579  Q21 =    ZERO  Q22 = 8.1E-06  .............  .............  *
*                                                                             *
*  Q30 = 14.0961  Q31 =    ZERO  Q32 = 1.2E-05  Q33 =    ZERO  .............  *
*                                                                             *
*  Q40 = 16.1454  Q41 =    ZERO  Q42 = 7.6E-06  Q43 =    ZERO  Q44 =-9.6E-08  *
*                                                                             *
*******************************************************************************

*******************************************************************************
*                                                                             *
*  ROOT-MEAN-SQUARE AND GEOMETRIC SIZES IN FERMIS                    PROTONS  *
*                                                                             *
*  R_RMS =  6.8305     X_RMS =  2.2985    Y_RMS =  2.2985    Z_RMS =  6.0074  *
*                                                                             *
*  R_GEO =  8.8181     X_GEO =  5.1396    Y_GEO =  5.1396    Z_GEO = 13.4331  *
*                                                                             *
*******************************************************************************

*******************************************************************************
*                                                                             *
*  BOHR DEFORMATIONS (FIRST-ORDER APPROXIMATION)                     PROTONS  *
*                                                                             *
*******************************************************************************
*                                                                             *
*  B10 =  0.5553  B11 =    ZERO  .............  .............  .............  *
*                                                                             *
*  B20 =  1.0468  B21 =    ZERO  B22 = 1.8E-07  .............  .............  *
*                                                                             *
*  B30 =  1.1040  B31 =    ZERO  B32 = 1.3E-06  B33 =    ZERO  .............  *
*                                                                             *
*  B40 =  1.4340  B41 =    ZERO  B42 = 9.6E-07  B43 =    ZERO  B44 =-1.2E-08  *
*                                                                             *
*******************************************************************************
*                                                                             *
*  BOHR DENSITY = 0.0272 FM^(-3)  BOHR RADIUS =   8.8181 FM                   *
*                                                                             *
*******************************************************************************

*******************************************************************************
*                                                                             *
*                  DENSITY INTEGRALS IN THE SKYRME FUNCTIONAL                 *
*                                                                             *
*******************************************************************************
*                                                                             *
*                   TOTAL(T)        SUM(S)      ISOSCALAR(P)  ISOVECTOR(M)    *
*                   --------        ------      ------------  ------------    *
*    DRHO_ =       20.603358     10.413514         20.603358      0.223671    *
*    DRHOD =        9.596156      4.848611          9.596156      0.101065    *
*    DLPR_ =       -4.660885     -2.348743         -4.660885     -0.036600    *
*    DTAU_ =       18.260309      9.293825         18.260309      0.327341    *
*    DSCU_ =        0.131758      0.072343          0.131758      0.012928    *
*    DDIV_ =        0.946336      0.480972          0.946336      0.015609    *
*                                                                             *
*    DSPI_ =        0.000000      0.000000          0.000000      0.000000    *
*    DSPID =        0.000000      0.000000          0.000000      0.000000    *
*    DLPS_ =        0.000000      0.000000          0.000000      0.000000    *
*    DCUR_ =        0.000000      0.000000          0.000000      0.000000    *
*    DKIS_ =        0.000000      0.000000          0.000000      0.000000    *
*    DROT_ =        0.000000      0.000000          0.000000      0.000000    *
*                                                                             *
*******************************************************************************

*******************************************************************************
*                                                                             *
*               CONTRIBUTIONS TO ENERGY IN THE SKYRME FUNCTIONAL              *
*                                                                             *
*******************************************************************************
*                                                                             *
*                 TOTAL(T)        SUM(S)        ISOSCALAR(P)  ISOVECTOR(M)    *
*                 --------        ------        ------------  ------------    *
*    ERHO_ =   -18420.639400   5605.756972     -12875.085255     60.202827    *
*    ERHOD =     9674.975019  -2460.009957       7240.603553    -25.638492    *
*    ELPR_ =     -458.329598    676.132928        212.535261      5.268069    *
*    ETAU_ =      605.439925   -448.627191        164.713363     -7.900629    *
*    ESCU_ =        0.000000      0.000000          0.000000      0.000000    *
*    EDIV_ =      -20.851413    -49.936991        -69.978119     -0.810285    *
*               ============  ============      ============  ============    *
*    SUM EVEN:  -8619.405468   3323.315760      -5327.211197     31.121489    *
*                                                                             *
*    ESPI_ =        0.000000      0.000000          0.000000      0.000000    *
*    ESPID =        0.000000      0.000000          0.000000      0.000000    *
*    ELPS_ =        0.000000      0.000000          0.000000      0.000000    *
*    ECUR_ =        0.000000      0.000000          0.000000      0.000000    *
*    EKIS_ =        0.000000      0.000000          0.000000      0.000000    *
*    EROT_ =        0.000000      0.000000          0.000000      0.000000    *
*               ============  ============      ============  ============    *
*    SUM  ODD:      0.000000      0.000000          0.000000      0.000000    *
*                                                                             *
*******************************************************************************
 
*******************************************************************************
*                                                                             *
*  CENTER-OF-MASS COORDINATES IN FERMIS                                TOTAL  *
*                                                                             *
*  R_CMS =  2.3843     X_CMS =  0.0000    Y_CMS =  0.0000    Z_CMS =  2.3843  *
*                                                                             *
*******************************************************************************

*******************************************************************************
*                                                                             *
*  MULTIPOLE MOMENTS [UNITS:  (10 FERMI)^LAMBDA] [CENT-MASS FRAME]  NEUTRONS  *
*                                                                             *
*******************************************************************************
*                                                                             *
*  Q00 = 98.0000  .............  .............  .............  .............  *
*                                                                             *
*  Q10 = -0.0636  Q11 =    ZERO  .............  .............  .............  *
*                                                                             *
*  Q20 = 47.6379  Q21 =    ZERO  Q22 =-1.2E-04  .............  .............  *
*                                                                             *
*  Q30 =  3.3108  Q31 =    ZERO  Q32 = 1.4E-04  Q33 =    ZERO  .............  *
*                                                                             *
*  Q40 =  8.6454  Q41 =    ZERO  Q42 =-7.4E-05  Q43 =    ZERO  Q44 =-1.9E-07  *
*                                                                             *
*******************************************************************************

*******************************************************************************
*                                                                             *
*  BOHR DEFORMATIONS (FIRST-ORDER APPROXIMATION) [CENT-MASS FRAME]  NEUTRONS  *
*                                                                             *
*******************************************************************************
*                                                                             *
*  B10 = -0.0021  B11 =    ZERO  .............  .............  .............  *
*                                                                             *
*  B20 =  1.6146  B21 =    ZERO  B22 =-4.0E-06  .............  .............  *
*                                                                             *
*  B30 =  0.5642  B31 =    ZERO  B32 = 3.3E-05  B33 =    ZERO  .............  *
*                                                                             *
*  B40 =  2.3359  B41 =    ZERO  B42 =-2.8E-05  B43 =    ZERO  B44 =-7.3E-08  *
*                                                                             *
*******************************************************************************
*                                                                             *
*  BOHR DENSITY = 0.0933 FM^(-3)  BOHR RADIUS =   6.3066 FM                   *
*                                                                             *
*******************************************************************************

*******************************************************************************
*                                                                             *
*  MULTIPOLE MOMENTS [UNITS:  (10 FERMI)^LAMBDA] [CENT-MASS FRAME]   PROTONS  *
*                                                                             *
*******************************************************************************
*                                                                             *
*  Q00 = 78.0000  .............  .............  .............  .............  *
*                                                                             *
*  Q10 =  0.0636  Q11 =    ZERO  .............  .............  .............  *
*                                                                             *
*  Q20 = 39.1291  Q21 =    ZERO  Q22 = 8.1E-06  .............  .............  *
*                                                                             *
*  Q30 =  2.8544  Q31 =    ZERO  Q32 = 1.1E-05  Q33 =    ZERO  .............  *
*                                                                             *
*  Q40 =  7.1951  Q41 =    ZERO  Q42 =-2.9E-06  Q43 =    ZERO  Q44 =-9.6E-08  *
*                                                                             *
*******************************************************************************

*******************************************************************************
*                                                                             *
*  BOHR DEFORMATIONS (FIRST-ORDER APPROXIMATION) [CENT-MASS FRAME]   PROTONS  *
*                                                                             *
*******************************************************************************
*                                                                             *
*  B10 =  0.0027  B11 =    ZERO  .............  .............  .............  *
*                                                                             *
*  B20 =  1.6825  B21 =    ZERO  B22 = 3.5E-07  .............  .............  *
*                                                                             *
*  B30 =  0.6200  B31 =    ZERO  B32 = 3.3E-06  B33 =    ZERO  .............  *
*                                                                             *
*  B40 =  2.4902  B41 =    ZERO  B42 =-1.4E-06  B43 =    ZERO  B44 =-4.7E-08  *
*                                                                             *
*******************************************************************************
*                                                                             *
*  BOHR DENSITY = 0.0753 FM^(-3)  BOHR RADIUS =   6.2762 FM                   *
*                                                                             *
*******************************************************************************

*******************************************************************************
*                                                                             *
*  EULER ANGLES OF THE PRINCIPAL-AXES FRAME IN DEGREES                 TOTAL  *
*                                                                             *
*  ALPHA =270.00000  BETA =  0.00000  GAMMA =  0.00000                        *
*                                                                             *
*******************************************************************************

*******************************************************************************
*                                                                             *
*  ROOT-MEAN-SQUARE AND GEOMETRIC SIZES IN FERMIS                      TOTAL  *
*                                                                             *
*  R_RMS =  6.8257     X_RMS =  2.3278    Y_RMS =  2.3278    Z_RMS =  5.9794  *
*                                                                             *
*  R_GEO =  8.8120     X_GEO =  5.2051    Y_GEO =  5.2052    Z_GEO = 13.3703  *
*                                                                             *
*******************************************************************************

*******************************************************************************
*                                                                             *
*  MULTIPOLE MOMENTS [UNITS:  (10 FERMI)^LAMBDA]                       TOTAL  *
*                                                                             *
*******************************************************************************
*                                                                             *
*  Q00 =176.0000  .............  .............  .............  .............  *
*                                                                             *
*  Q10 = 41.9628  Q11 =    ZERO  .............  .............  .............  *
*                                                                             *
*  Q20 =106.7770  Q21 =    ZERO  Q22 =-1.1E-04  .............  .............  *
*                                                                             *
*  Q30 = 31.1058  Q31 =    ZERO  Q32 = 1.3E-04  Q33 =    ZERO  .............  *
*                                                                             *
*  Q40 = 35.5115  Q41 =    ZERO  Q42 = 5.3E-05  Q43 =    ZERO  Q44 =-2.9E-07  *
*                                                                             *
*******************************************************************************

*******************************************************************************
*                                                                             *
*  BOHR DEFORMATIONS (FIRST-ORDER APPROXIMATION)                       TOTAL  *
*                                                                             *
*******************************************************************************
*                                                                             *
*  B10 =  0.5538  B11 =    ZERO  .............  .............  .............  *
*                                                                             *
*  B20 =  1.0322  B21 =    ZERO  B22 =-1.1E-06  .............  .............  *
*                                                                             *
*  B30 =  1.0819  B31 =    ZERO  B32 = 6.5E-06  B33 =    ZERO  .............  *
*                                                                             *
*  B40 =  1.4017  B41 =    ZERO  B42 = 3.0E-06  B43 =    ZERO  B44 =-1.6E-08  *
*                                                                             *
*******************************************************************************
*                                                                             *
*  BOHR DENSITY = 0.0614 FM^(-3)  BOHR RADIUS =   8.8120 FM                   *
*                                                                             *
*******************************************************************************

*******************************************************************************
*                                                                             *
*  MULTIPOLE MOMENTS [UNITS:  (10 FERMI)^LAMBDA] [CENT-MASS FRAME]     TOTAL  *
*                                                                             *
*******************************************************************************
*                                                                             *
*  Q00 =176.0000  .............  .............  .............  .............  *
*                                                                             *
*  Q10 =    ZERO  Q11 =    ZERO  .............  .............  .............  *
*                                                                             *
*  Q20 = 86.7670  Q21 =    ZERO  Q22 =-1.1E-04  .............  .............  *
*                                                                             *
*  Q30 =  6.1653  Q31 =    ZERO  Q32 = 1.5E-04  Q33 =    ZERO  .............  *
*                                                                             *
*  Q40 = 15.8404  Q41 =    ZERO  Q42 =-7.7E-05  Q43 =    ZERO  Q44 =-2.9E-07  *
*                                                                             *
*******************************************************************************

*******************************************************************************
*                                                                             *
*  BOHR DEFORMATIONS (FIRST-ORDER APPROXIMATION) [CENT-MASS FRAME]     TOTAL  *
*                                                                             *
*******************************************************************************
*                                                                             *
*  B10 =    ZERO  B11 =    ZERO  .............  .............  .............  *
*                                                                             *
*  B20 =  1.6445  B21 =    ZERO  B22 =-2.1E-06  .............  .............  *
*                                                                             *
*  B30 =  0.5887  B31 =    ZERO  B32 = 2.0E-05  B33 =    ZERO  .............  *
*                                                                             *
*  B40 =  2.4036  B41 =    ZERO  B42 =-1.7E-05  B43 =    ZERO  B44 =-6.2E-08  *
*                                                                             *
*******************************************************************************
*                                                                             *
*  BOHR DENSITY = 0.1686 FM^(-3)  BOHR RADIUS =   6.2932 FM                   *
*                                                                             *
*******************************************************************************

*******************************************************************************
*                                                                             *
*  MULTIPOLE MOMENTS [UNITS:  (10 FERMI)^LAMBDA] [INTRINSIC FRAME]     TOTAL  *
*                                                                             *
*  REAL PART  FOR A NON-NEGATIVE PROJECTION                                   *
*  IMAGINARY PART FOR A NEGATIVE PROJECTION                                   *
*                                                                             *
*******************************************************************************
*                                                                             *
*  Q00 =176.0000  .............  .............  .............  .............  *
*                 .............  .............  .............  .............  *
*                                                                             *
*  Q10 =    ZERO  Q1+1=    ZERO  .............  .............  .............  *
*                 Q1-1=    ZERO  .............  .............  .............  *
*                                                                             *
*  Q20 = 86.7670  Q2+1=    ZERO  Q2+2= 1.1E-04  .............  .............  *
*                 Q2-1=    ZERO  Q2-2=    ZERO  .............  .............  *
*                                                                             *
*  Q30 =  6.1653  Q3+1=    ZERO  Q3+2=-1.5E-04  Q3+3=    ZERO  .............  *
*                 Q3-1=    ZERO  Q3-2=    ZERO  Q3-3=    ZERO  .............  *
*                                                                             *
*  Q40 = 15.8404  Q4+1=    ZERO  Q4+2= 7.7E-05  Q4+3=    ZERO  Q4+4=-2.9E-07  *
*                 Q4-1=    ZERO  Q4-2=    ZERO  Q4-3=    ZERO  Q4-4=    ZERO  *
*                                                                             *
*******************************************************************************

*******************************************************************************
*                                                                             *
*  BOHR DEFORMATIONS (FIRST-ORDER APPROXIMATION) [INTRINSIC FRAME]     TOTAL  *
*                                                                             *
*  REAL PART  FOR A NON-NEGATIVE PROJECTION                                   *
*  IMAGINARY PART FOR A NEGATIVE PROJECTION                                   *
*                                                                             *
*******************************************************************************
*                                                                             *
*  B10 =    ZERO  B1+1=    ZERO  .............  .............  .............  *
*                 B1-1=    ZERO  .............  .............  .............  *
*                                                                             *
*  B20 =  1.6445  B2+1=    ZERO  B2+2= 2.1E-06  .............  .............  *
*                 B2-1=    ZERO  B2-2=    ZERO  .............  .............  *
*                                                                             *
*  B30 =  0.5887  B3+1=    ZERO  B3+2=-2.0E-05  B3+3=    ZERO  .............  *
*                 B3-1=    ZERO  B3-2=    ZERO  B3-3=    ZERO  .............  *
*                                                                             *
*  B40 =  2.4036  B4+1=    ZERO  B4+2= 1.7E-05  B4+3=    ZERO  B4+4=-6.2E-08  *
*                 B4-1=    ZERO  B4-2=    ZERO  B4-3=    ZERO  B4-4=    ZERO  *
*                                                                             *
*******************************************************************************
*                                                                             *
*  BOHR DENSITY = 0.1686 FM^(-3)  BOHR RADIUS =   6.2932 FM                   *
*                                                                             *
*******************************************************************************

*******************************************************************************
*                                                                             *
*                                ENERGIES (MEV)                               *
*                                                                             *
*******************************************************************************
*                                                                             *
*  KINETIC: (NEU)=  1886.834559    (PRO)=  1341.378660    (TOT)=  3228.213220 *
*  SUM EPS: (NEU)= -2064.436542    (PRO)= -1037.468865    (TOT)= -3101.905407 *
*  PAIRING: (NEU)=    -4.012372    (PRO)=    -2.326800    (TOT)=    -6.339172 *
*  P-REARR: (NEU)=     1.062612    (PRO)=     0.648330    (TOT)=     1.710942 *
*                                                                             *
*  PAIRGAP: (NEU)=    -0.462317    (PRO)=     0.431155    THIS SPACE IS EMPTY *
*  E-FERMI: (NEU)=    -9.519573    (PRO)=    -2.488449    AND AWAITS  YOUR AD *
*                                                                             *
*  COULOMB: (DIR)=   722.215740    (EXC)=   -30.331284    (TOT)=   691.884456 *
*                                                                             *
*  CONSTR. (MULT)=   990.508288    SLOPE=  -508.306523    CORR.=   254.153262 *
*  CONSTR. (SURF)=     0.000000    SLOPE=     0.000000    CORR.=     0.000000 *
*  CONSTR. (SPIN)=     0.000000    SLOPE=     0.000000    CORR.=     0.000000 *
*  CONSTR. (ISOS)=     0.000000    SLOPE=     0.000000    CORR.=     0.000000 *
*                                                                             *
*  REARRANGEMENT ENERGY FROM THE SKYRME DENSITY-DEPENDENT TERMS=  1358.506903 *
*  ROUTHIAN= TOTAL ENERGY + MULTIPOLE AND (ISO)SPIN CONSTRAINTS=  -391.822917 *
*                                                                             *
*  SPIN-ORB (EVE)=   -70.788404    (ODD)=     0.000000    (TOT)=   -70.788404 *
*  SKYRME:  (EVE)= -5296.089708    (ODD)=     0.000000    (TOT)= -5296.089708 *
*                                                                             *
*  TOTAL:  (STAB)=  -185.335595     (SP)= -1567.666800    (FUN)= -1382.331205 *
*                                                                             *
*******************************************************************************

*******************************************************************************
*                                                                             *
*  ITERATION RESTARTED FROM THE DISC, THE FOLLOWING FILE(S) READ:             *
*  ./restart/HFODD_00000074.REC                                        VER=19 *
*                                                                             *
*******************************************************************************
*                                                                             *
* CONVERGENCE REPORT                                                          *
*                                                                             *
*******************************************************************************
*                                                                             *
* ITER     ENERGY     STABILITY    Q_2    GAMMA   SPIN  OMEGA   ANGLE   EPAIR *
*                                                                             *
* 2172 -1382.331205 -185.335595  86.767    0.00   0.00  0.000   0.000   -6.34 *
* 2173  -786.904757  570.650516 128.286    0.00   0.00  0.000   0.000   -1.13 *
* 2174  -859.752868  444.882160 124.069    0.00   0.00  0.000   0.000   -5.08 *

 //////////////////// MAXIMUM NUMBER OF ITERATIONS       ////////////////////
 //////////////////// EXCEEDED IN QUABCS                 ////////////////////

*******************************************************************************
*                                                                             *
*  PROCESSOR   EXECUTION  TIMES IN SUBROUTINES                                *
*  INCLUDING THEIR COMPLETE DOWN-CALLING TREES                                *
*                                                                             *
*******************************************************************************
*                                                                             *
*     1184 => HFODD     502 => DENSHF    236 => DIAMAT    218 => HFBSIM       *
*                                                                             *
*      209 => RECORD     97 => QMULCM     55 => PAIMAC     44 => CANQUA       *
*                                                                             *
*       16 => AVEQUA      8 => INTEGH      8 => INTSOR      8 => INTEGD       *
*                                                                             *
*        7 => SPAVER      6 => AVOBSE      4 => DENMAC      3 => NILASP       *
*                                                                             *
*        3 => INTMUL      3 => MOMETS      2 => BEGINC      2 => POWALL       *
*                                                                             *
*        2 => AVANGY      2 => SKFILD      1 => INTMAS      1 => ROTAVR       *
*                                                                             *
*        1 => LINAVR      1 => COUMAT      1 => INTCOU      1 => DOBROY       *
*                                                                             *
*        0 => INTCEN      0 => SKPAIR      0 => INTKIN      0 => AVPARI       *
*                                                                             *
*        0 => QUABCS      0 => AVSIMP      0 => SHICOE      0 => MOMSIF       *
*                                                                             *
*        0 => MOMVMU      0 => MAGMOM      0 => SPIMOM      0 => SHIMOM       *
*                                                                             *
*        0 => SHISIF      0 => SHIMAG      0 => PAXMOM                        *
*                                                                             *
*******************************************************************************
*                                                                             *
*  NUMBERS OF CALLS TO SUBROUTINES                                            *
*                                                                             *
*******************************************************************************
*                                                                             *
*      158 => BEGINC    120 => INTMUL     42 => INTSOR     16 => DIAMAT       *
*                                                                             *
*       14 => INTMAS     14 => INTCEN     14 => SPAVER     13 => INTKIN       *
*                                                                             *
*       12 => AVEQUA      9 => PAXMOM      7 => INTEGH      7 => INTEGD       *
*                                                                             *
*        7 => HFBSIM      7 => QUABCS      6 => CANQUA      6 => AVPARI       *
*                                                                             *
*        6 => DENSHF      6 => DENMAC      6 => PAIMAC      6 => MOMETS       *
*                                                                             *
*        6 => MOMSIF      6 => MOMVMU      6 => MAGMOM      6 => SPIMOM       *
*                                                                             *
*        6 => LINAVR      6 => ROTAVR      6 => SHICOE      4 => RECORD       *
*                                                                             *
*        4 => COUMAT      4 => INTCOU      3 => QMULCM      3 => SKFILD       *
*                                                                             *
*        3 => SKPAIR      3 => DOBROY      3 => SHIMOM      3 => SHISIF       *
*                                                                             *
*        3 => SHIMAG      2 => AVANGY      2 => AVOBSE      2 => AVSIMP       *
*                                                                             *
*        2 => NILASP      1 => HFODD       1 => POWALL                        *
*                                                                             *
*******************************************************************************
*                                                                             *
*  EXECUTION ENDS ON 2016.08.25 AT 09:30:50.581                               *
*                                                                             *
*******************************************************************************
