*******************************************************************************
*                                                                             *
*                     P A R A L L E L    M O D E L                            *
*                                                                             *
*  SIMPLE MPI FRAMEWORK (1 COMMUNICATOR)    :  1 MPI PROCESS per HFODD TASK   *
*  MULTI-THREADING FRAMEWORK WITH OPENMP   :  4 THREADS per HFODD MPI PROCESS *
*                                                                             *
*******************************************************************************
*                                                                             *
*                        __  __ _____  ___   ____   ____                      *
*                       / / / // ___/.' _ \ / __ \ / __ \                     *
*                      / /_/ // /_  / / / // / / // / / /                     *
*                     / __  // __/ / / / // / / // / / /                      *
*                    / / / // /   / /_/ // /_/ // /_/ /                       *
*                   /_/ /_//_/    \___.'/____.'/____.'                        *
*                                                                             *
*                                                                             *
*******************************************************************************
*                                                                             *
*             SKYRME-HARTREE-FOCK-BOGOLYUBOV CODE VERSION: 2.77B              *
*                                                                             *
*              NO SYMMETRY-PLANES AND NO TIME-REVERSAL SYMMETRY               *
*                                                                             *
*                DEFORMED CARTESIAN HARMONIC-OSCILLATOR BASIS                 *
*                                                                             *
*******************************************************************************
*                                                                             *
*             J. DOBACZEWSKI, P. BACZYK, B.G. CARLSSON, J. DUDEK              *
*                 J. ENGEL, Y. GAO, M. KONIECZKA, T. LESINSKI                 *
*                 J. MCDONNELL, P. OLBRATOWSKI, P. POWALOWSKI                 *
*                  M. SADZIAK, J. SARICH, K. SATO, W. SATULA                  *
*             N. SCHUNCK,  J.A. SHEIKH, A. STASZCZAK, M. STOITSOV             *
*             P. TOIVANEN, X.B. WANG, M. ZALEWSKI AND H. ZDUNCZUK             *
*                                                                             *
*                   INSTYTUT FIZYKI TEORETYCZNEJ, WARSZAWA                    *
*                 LAWRENCE LIVERMORE NATIONAL LABORATORY, USA                 *
*                                                                             *
*                                  1993-2016                                  *
*                                                                             *
*******************************************************************************

*******************************************************************************
*                                                                             *
*  CODE COMPILED WITH THE FOLLOWING ARRAY DIMENSIONS AND SWITCHES:            *
*                                                                             *
*******************************************************************************
*                                                                             *
*  NDBASE = 1200  NDSTAT = 1200  NDXHRM =   40  NDYHRM =   40  NDZHRM =   64  *
*                                                                             *
*  NDMAIN =   30  NDMULT =    9  NDMULR =    4  NDLAMB =    9  NDITER = 5000  *
*                                                                             *
*  NDAKNO =    1  NDBKNO =    1  NDPROI =    2  NDCOUL =   80  NDPOLS =   25  *
*                                                                             *
*  NDATKN =   20  NDBTKN =   10  NDPROT =    1  NDPROD =    3                 *
*                                                                             *
*  IPARAL =    0  IPARAT =    0  I_CRAY =    0                                *
*                                                                             *
*                                                                             *
*  PRE-PROCESSOR OPTIONS:                                                     *
*                                                                             *
*       switch_port = 1     switch_diag = 3     switch_essl = 0               *
*                                                                             *
*                           switch_quad = 0     switch_vect = 1               *
*                                                                             *
*******************************************************************************
*                                                                             *
*  EXECUTION BEGINS ON 2016.09.06 AT 12:59:14.803                             *
*                                                                             *
*******************************************************************************
 
*******************************************************************************
*                                                                             *
*  CLASSICAL NUCLEAR SURFACE DEFINED FOR:                    N = 98   Z = 78  *
*                                                                             *
*******************************************************************************
*                                                                             *
*  AL10 =   ZERO  AL11 =   ZERO  .............  .............  .............  *
*                                                                             *
*  AL20 =  0.626  AL21 =   ZERO  AL22 =   ZERO  .............  .............  *
*                                                                             *
*******************************************************************************
*                                                                             *
*                                           HOMEGA=  7.1795  FCHOM0=  0.9813  *
*                                                                             *
*  OSCILLATOR FREQUENCIES: HBAROX=  8.6244  HBAROY=  8.6244  HBAROZ=  4.9755  *
*                                                                             *
*  MOMENTS OF INERTIA:     XMOMFC=112.6418  YMOMFC=112.6418  ZMOMFC= 56.2565  *
*                                                                             *
*  CENTERS OF MASS:        CMSXFC= -0.0000  CMSYFC= -0.0000  CMSZFC=  0.0000  *
*                                                                             *
*******************************************************************************

*******************************************************************************
*                                                                             *
*                           SKYRME FORCE DEFINITION                           *
*                                                                             *
*******************************************************************************
*                                                                             *
* PARAMETER SET HFB1:  T0= -1666.41  T1=   255.23  T2=  1521.28  T3= 12072.51 *
*                                                                             *
* POWER=0.37658031358  X0=  0.14608  X1= -4.82248  X2= -1.35211  X3=  0.00432 *
*                                                                             *
* IETA: J=0  W=1 CM=3  M=1  P=1  T=0 HBM= 20.73553 W0=  44.0677 W0P= 207.6502 *
*                                                                             *
*******************************************************************************

*******************************************************************************
*                                                                             *
*              COUPLING CONSTANTS DEFINING THE SKYRME FUNCTIONAL              *
*                                                                             *
*******************************************************************************
*                                                                             *
*                   TOTAL(T)        SUM(S)      ISOSCALAR(P)  ISOVECTOR(M)    *
*                   --------        ------      ------------  ------------    *
*    CRHO_ =     -894.060074    538.315575       -624.902286    269.157788    *
*    CRHOD =     1008.213640   -507.363897        754.531691   -253.681949    *
*    CLPR_ =       98.335311   -287.870148        -45.599763   -143.935074    *
*    CTAU_ =       33.156062    -48.271535          9.020295    -24.135768    *
*    CSCU_ =        0.000000      0.000000          0.000000      0.000000    *
*    CDIV_ =      -22.033840   -103.825096        -73.946388    -51.912548    *
*                                                                             *
*    CSPI_ =      -60.857026    416.601524        147.443736    208.300762    *
*    CSPID =        2.171385   -503.021127       -249.339179   -251.510564    *
*    CLPS_ =       51.110395     71.467295         86.844042     35.733647    *
*    CCUR_ =      -33.156062     48.271535         -9.020295     24.135768    *
*    CKIS_ =        0.000000      0.000000          0.000000      0.000000    *
*    CROT_ =      -22.033840   -103.825096        -73.946388    -51.912548    *
*                                                                             *
*******************************************************************************

*******************************************************************************
*                                                                             *
*                          NUCLEAR MATTER PROPERTIES                          *
*                                                                             *
*******************************************************************************
*                                                                             *
*     E = -15.8000  rho0 =   0.15625   K =  244.6682   Ms =    0.9364         *
*                   asym =  28.66820   L =   40.1091   Mv =    1.2498         *
*                                                                             *
*******************************************************************************

*******************************************************************************
*                                                                             *
*  PHYSICAL CONSTANTS:     H_BARC=197.32891000           HBCOE2=137.03602000  *
*                                                                             *
*                          XMASSN=938.90590000           XMASSP=938.27231000  *
*                                                                             *
*                          HBMASS= 20.73553000           HBMRPA= 20.73553000  *
*                                                                             *
*                          ECHAR2=  1.43997841           COULEX= -1.06350868  *
*                                                                             *
*******************************************************************************
*                                                                             *
*  OSCILLATOR LENGTHS:     X= 2.1928863      Y= 2.1928863       Z= 2.8871005  *
*                                                                             *
*  OSCILLATOR CONSTANTS:   X= 0.4560200      Y= 0.4560200       Z= 0.3463683  *
*                                                                             *
*  OSCILLATOR FREQUENCIES: X= 8.6243653      Y= 8.6243653       Z= 4.9754866  *
*                                                                             *
*******************************************************************************
*                                                                             *
*  BASIS CUT-OFF CONTROL PARAMETERS:  NXMAXX = 14  NYMAXX = 14  NZMAXX =  25  *
*                                                                             *
*                                     NXHERM = 36  NYHERM = 36  NZHERM =  60  *
*                                                                             *
*                                     NLIMIT=1140  LDBASE=1140  MCOUNT=29791  *
*                                                                             *
*                                     ENECUT= 800.0000      ELIMIT= 136.4949  *
*                                                                             *
*******************************************************************************

*******************************************************************************
*                                                                             *
*   SHAPE OF THE OSCILLATOR-BASIS DIAMOND    (THREE CONSECUTIVE PROJECTIONS)  *
*                                                                             *
*******************************************************************************
*                                                                             *
*        NX ===>>>  0  1  2  3  4  5  6  7  8  9 10 11 12 13 14               *
*        MAX.NY => 14 13 12 11 10  9  8  7  6  5  4  3  2  1  0               *
*                 ---------------------------------------------               *
*   NY= 0  (14)  | 25 23 21 20 18 16 14 13 11  9  7  6  4  2  0               *
*   NY= 1  (13)  | 23 21 20 18 16 14 13 11  9  7  6  4  2  0                  *
*   NY= 2  (12)  | 21 20 18 16 14 13 11  9  7  6  4  2  0                     *
*   NY= 3  (11)  | 20 18 16 14 13 11  9  7  6  4  2  0                        *
*   NY= 4  (10)  | 18 16 14 13 11  9  7  6  4  2  0                           *
*   NY= 5  ( 9)  | 16 14 13 11  9  7  6  4  2  0                              *
*   NY= 6  ( 8)  | 14 13 11  9  7  6  4  2  0                                 *
*   NY= 7  ( 7)  | 13 11  9  7  6  4  2  0                                    *
*   NY= 8  ( 6)  | 11  9  7  6  4  2  0                                       *
*   NY= 9  ( 5)  |  9  7  6  4  2  0                                          *
*   NY=10  ( 4)  |  7  6  4  2  0                                             *
*   NY=11  ( 3)  |  6  4  2  0                                                *
*   NY=12  ( 2)  |  4  2  0                                                   *
*   NY=13  ( 1)  |  2  0                                                      *
*   NY=14  ( 0)  |  0                                                         *
*                                                                             *
*                                                                             *
*        NZ ===>>>  0  1  2  3  4  5  6  7  8  9 10 11 12 13 14 15 16 17 18   *
*        MAX.NY => 14 13 13 12 12 11 11 10  9  9  8  8  7  7  6  5  5  4  4   *
*                 ---------------------------------------------------------   *
*   NY= 0  (25)  | 14 13 13 12 12 11 11 10  9  9  8  8  7  7  6  5  5  4  4   *
*   NY= 1  (23)  | 13 12 12 11 11 10 10  9  8  8  7  7  6  6  5  4  4  3  3   *
*   NY= 2  (21)  | 12 11 11 10 10  9  9  8  7  7  6  6  5  5  4  3  3  2  2   *
*   NY= 3  (20)  | 11 10 10  9  9  8  8  7  6  6  5  5  4  4  3  2  2  1  1   *
*   NY= 4  (18)  | 10  9  9  8  8  7  7  6  5  5  4  4  3  3  2  1  1  0  0   *
*   NY= 5  (16)  |  9  8  8  7  7  6  6  5  4  4  3  3  2  2  1  0  0         *
*   NY= 6  (14)  |  8  7  7  6  6  5  5  4  3  3  2  2  1  1  0               *
*   NY= 7  (13)  |  7  6  6  5  5  4  4  3  2  2  1  1  0  0                  *
*   NY= 8  (11)  |  6  5  5  4  4  3  3  2  1  1  0  0                        *
*   NY= 9  ( 9)  |  5  4  4  3  3  2  2  1  0  0                              *
*   NY=10  ( 7)  |  4  3  3  2  2  1  1  0                                    *
*   NY=11  ( 6)  |  3  2  2  1  1  0  0                                       *
*   NY=12  ( 4)  |  2  1  1  0  0                                             *
*   NY=13  ( 2)  |  1  0  0                                                   *
*   NY=14  ( 0)  |  0                                                         *
*                                                                             *
*                                                                             *
*        NZ ===>>>  0  1  2  3  4  5  6  7  8  9 10 11 12 13 14 15 16 17 18   *
*        MAX.NX => 14 13 13 12 12 11 11 10  9  9  8  8  7  7  6  5  5  4  4   *
*                 ---------------------------------------------------------   *
*   NX= 0  (25)  | 14 13 13 12 12 11 11 10  9  9  8  8  7  7  6  5  5  4  4   *
*   NX= 1  (23)  | 13 12 12 11 11 10 10  9  8  8  7  7  6  6  5  4  4  3  3   *
*   NX= 2  (21)  | 12 11 11 10 10  9  9  8  7  7  6  6  5  5  4  3  3  2  2   *
*   NX= 3  (20)  | 11 10 10  9  9  8  8  7  6  6  5  5  4  4  3  2  2  1  1   *
*   NX= 4  (18)  | 10  9  9  8  8  7  7  6  5  5  4  4  3  3  2  1  1  0  0   *
*   NX= 5  (16)  |  9  8  8  7  7  6  6  5  4  4  3  3  2  2  1  0  0         *
*   NX= 6  (14)  |  8  7  7  6  6  5  5  4  3  3  2  2  1  1  0               *
*   NX= 7  (13)  |  7  6  6  5  5  4  4  3  2  2  1  1  0  0                  *
*   NX= 8  (11)  |  6  5  5  4  4  3  3  2  1  1  0  0                        *
*   NX= 9  ( 9)  |  5  4  4  3  3  2  2  1  0  0                              *
*   NX=10  ( 7)  |  4  3  3  2  2  1  1  0                                    *
*   NX=11  ( 6)  |  3  2  2  1  1  0  0                                       *
*   NX=12  ( 4)  |  2  1  1  0  0                                             *
*   NX=13  ( 2)  |  1  0  0                                                   *
*   NX=14  ( 0)  |  0                                                         *
*                                                                             *
*******************************************************************************

*******************************************************************************
*                                                                             *
* NUCLIDE: N =  98  Z =  78  NUMBER OF ITERATIONS = 1000   CONTINUATION? = 1  *
*                                                                             *
*******************************************************************************
*                                                                             *
* ITERATIONS WILL STOP WHEN THE STABILITY BECOMES LOWER THAN EPSITE=0.300000  *
*                                            FOR    5 CONSECUTIVE ITERATIONS  *
*                                                                             *
*******************************************************************************
*                                                                             *
* ITERATIONS WILL STOP WHEN THE PING-PONG DIVERGENCE OCCURS FOR EPSPNG=0.010  *
*                                DURING    5 PAIRS OF CONSECUTIVE ITERATIONS  *
*                                                                             *
*******************************************************************************
*                                                                             *
* ITERATIONS WILL STOP FOR CHAOTIC-DIVERGENCE CONDITION OCCURING   20  TIMES  *
*                                                                             *
*******************************************************************************
*                                                                             *
* SLOW-DOWN PARAMETERS:                                                       *
* TIME-EVEN = 0.85   TIME-ODD = 0.85   PAIRING = 0.85   LIPKIN-NOGAMI = 0.85  *
*                    LIP-MASS = 0.50   LIP-MOI = 0.50   LIPKIN-METHOD = 0.50  *
*                                                                             *
*******************************************************************************
*                                                                             *
* BROYDEN METHOD IS:  ON                                                      *
*                                                                             *
*    TRIGGERED ONLY WHEN STABILITY IS LOWER THAN :  1000.000 MEV              *
*    INITIAL SLOWING FACTOR (BEFORE TRIGGER)     :     0.85 (=SLOWEV)         *
*    BROYDEN SLOWING FACTOR (AFTER  TRIGGER)     :     0.40 (=1-ALPHAM)       *
*    NUMBER OF ITERATIONS RETAINED IN MEMORY     :    10                      *
*                                                                             *
*******************************************************************************
*                                                                             *
* DIRECT COULOMB TERMS SOLVED BY GREEN FUNCTION AND FOURIER TRANSFORM METHOD  *
* COULOMB PARAMETERS:  NUMCOU = 80  NUMETA = 79  BOUCOU = 20.0  FURMAX =0.25  *
*                                                                             *
*******************************************************************************
*                                                                             *
* EXCHANGE COULOMB TERMS TREATED BY THE SLATER APPROXIMATION                  *
*                                                                             *
*******************************************************************************
*                                                                             *
* MAXIMUM NUMBERS OF MULTIPOLE MOMENTS USED FOR THE CONSTRAINTS,    NMUCON=4  *
*                                           FOR THE COULOMB FIELD,  NMUCOU=4  *
*                                           FOR THE OUTPUT INFO,    NMUPRI=4  *
*                                                                             *
*******************************************************************************
*                                                                             *
* MULTIPOLE CONSTRAINTS: LAMBDA= 2  MIU= 0  MOMENT=157.000  STIFFNESS= 0.500  *
*                        LAMBDA= 3  MIU= 0  MOMENT= 48.000  STIFFNESS= 0.500  *
*                                                                             *
*******************************************************************************
*                                                                             *
* LINEAR MULTIPOLE CONSTRAINTS: LAMBDA= 2  MIU= 0  LAGRANGE PAR. USED= 0.000  *
*                               LAMBDA= 3  MIU= 0  LAGRANGE PAR. USED= 0.000  *
*                                                                             *
*******************************************************************************
*                                                                             *
* THE LAGRANGE PARAMETERS OF THE LINEAR CONSTRAINTS ARE RE-ADJUSTED AT EACH   *
* ITERATION BY USING THE CRANKING APPROXIMATION OF THE RPA MATRIX             *
*                                                                             *
*******************************************************************************
*                                                                             *
* PRINTING THE RESULTS FOR THE FOLLOWING ITERATIONS:         THE  FIRST: YES  *
*                                                            THE MIDDLE:  NO  *
*                                                     AND/OR THE   LAST: YES  *
*                                                                             *
*******************************************************************************
*                                                                             *
* PRINTING THE MOMENTS, RADII, AND DEFORMATIONS FOR:           NEUTRONS: YES  *
*                                                              PROTONS : YES  *
*                                                              MASS    : YES  *
*                                                                             *
*******************************************************************************
*                                                                             *
* PRINTING THE MOMENTS, MOMENTA AND DEFORMATIONS IN THE INTRINSIC FRAME: YES  *
*                                                                             *
*******************************************************************************
*                                                                             *
* NILSSON LABELS OF SINGLE-PARTICLE STATES SHOWN WITH RESPECT TO THE: Z-AXIS  *
*                                                                             *
*******************************************************************************
*                                                                             *
* CALCULATIONS WITH THE HFB PAIRING CORRELATIONS                              *
*                                                                             *
*******************************************************************************
*                                                                             *
* CONTACT PAIRING INTERACTION:     V0        V1       RHO-SAT      POWER      *
*                    NEUTRONS:  -234.380   732.438     0.320     1.0000000    *
*                     PROTONS:  -260.437   813.866     0.320     1.0000000    *
*                                                                             *
*******************************************************************************
*                                                                             *
* CUTOFF ENERGY DEFINING THE ACTIVE HFB PAIRING SPACE=      60.000            *
*                                                                             *
*******************************************************************************
*                                                                             *
* CALCULATIONS WITH SIMPLEX SYMMETRY                                          *
*                                                                             *
*******************************************************************************
*                                                                             *
* CALCULATIONS WITH TIME-ODD SYMMETRIES:        T*SIMPLEX_X =>     CONSERVED  *
*                                               T*SIMPLEX_Y =>     CONSERVED  *
*                                               T*SIMPLEX_Z => NON CONSERVED  *
*                                                                             *
*******************************************************************************
*                                                                             *
* CALCULATIONS WITHOUT ROTATION                                               *
*                                                                             *
*******************************************************************************

*******************************************************************************
*                                                                             *
*  CALLING SUBROUTINE "RECORD" TO READ THE REPLAY FILE OBTAINED PREVIOUSLY    *
*  ./restart/HFODD_00000054.REC                                               *
*                                                                             *
*******************************************************************************

*******************************************************************************
*                                                                             *
*  SINGLE-QUASIPARTICLE PROPERTIES:                                NEUTRONS   *
*                                                                             *
*******************************************************************************
*                                                                             *
*  NO)   ENERGY   (S=+,S=-)       PARITY   V2QUAP   EEQUIV   DEQUIV   V_CORR  *
*                                                                             *
*  59)    9.474   ( 30,  0)        0.378  0.98717  -18.718    2.132  0.99609  *
*  60)    9.474   (  0, 30)        0.378  0.98717  -18.718    2.132  0.99609  *
*  61)    9.160   ( 31,  0)        0.158  0.99543  -18.564    1.236  0.99853  *
*  62)    9.160   (  0, 31)        0.158  0.99543  -18.564    1.236  0.99853  *
*  63)    8.335   (  0, 32)       -0.310  0.99895  -17.805    0.540  0.99961  *
*  64)    8.335   ( 32,  0)       -0.310  0.99895  -17.805    0.540  0.99961  *
*  65)    7.880   (  0, 33)       -0.195  0.99845  -17.343    0.619  0.99938  *
*  66)    7.880   ( 33,  0)       -0.195  0.99845  -17.343    0.619  0.99938  *
*  67)    7.570   ( 34,  0)        0.276  0.99734  -17.018    0.780  0.99886  *
*  68)    7.570   (  0, 34)        0.276  0.99734  -17.018    0.780  0.99886  *
*  69)    7.418   ( 35,  0)       -0.579  0.99854  -16.884    0.566  0.99935  *
*  70)    7.418   (  0, 35)       -0.579  0.99854  -16.884    0.566  0.99935  *
*  71)    7.319   ( 36,  0)       -0.410  0.99815  -16.780    0.629  0.99916  *
*  72)    7.319   (  0, 36)       -0.410  0.99815  -16.780    0.629  0.99916  *
*  73)    7.252   (  0, 37)        0.315  0.99832  -16.716    0.593  0.99923  *
*  74)    7.252   ( 37,  0)        0.315  0.99832  -16.716    0.593  0.99923  *
*  75)    6.755   (  0, 38)       -0.275  0.99392  -16.161    1.050  0.99687  *
*  76)    6.755   ( 38,  0)       -0.275  0.99392  -16.161    1.050  0.99687  *
*  77)    6.502   ( 39,  0)       -0.585  0.99784  -15.962    0.604  0.99881  *
*  78)    6.502   (  0, 39)       -0.585  0.99784  -15.962    0.604  0.99881  *
*  79)    6.478   ( 40,  0)       -0.332  0.99856  -15.947    0.491  0.99920  *
*  80)    6.478   (  0, 40)       -0.332  0.99856  -15.947    0.491  0.99920  *
*  81)    5.730   ( 41,  0)       -0.260  0.99799  -15.194    0.513  0.99861  *
*  82)    5.730   (  0, 41)       -0.260  0.99799  -15.194    0.513  0.99861  *
*  83)    4.147   ( 42,  0)       -0.094  0.99651  -13.606    0.489  0.99517  *
*  84)    4.147   (  0, 42)       -0.094  0.99651  -13.606    0.489  0.99517  *
*  85)    3.812   ( 43,  0)        0.163  0.99653  -13.274    0.449  0.99398  *
*  86)    3.812   (  0, 43)        0.163  0.99653  -13.274    0.449  0.99398  *
*  87)    3.791   (  0, 44)       -0.680  0.99437  -13.236    0.567  0.99022  *
*  88)    3.791   ( 44,  0)       -0.680  0.99437  -13.236    0.567  0.99022  *
*  89)    3.830   (  0, 45)        0.595  0.98853  -13.230    0.816  0.98122  *
*  90)    3.830   ( 45,  0)        0.595  0.98853  -13.230    0.816  0.98122  *
*  91)    3.241   ( 46,  0)       -0.378  0.99391  -12.689    0.504  0.98265  *
*  92)    3.241   (  0, 46)       -0.378  0.99391  -12.689    0.504  0.98265  *
*  93)    2.616   ( 47,  0)        0.452  0.99168  -12.060    0.475  0.94108  *
*  94)    2.616   (  0, 47)        0.452  0.99168  -12.060    0.475  0.94108  *
*  95)    2.185   (  0, 48)       -0.390  0.97822  -11.578    0.638  0.75160  *
*  96)    2.185   ( 48,  0)       -0.390  0.97822  -11.578    0.638  0.75160  *
*  97)    2.055   (  0, 49)       -0.283  0.98496  -11.481    0.500  0.69127  *
*  98)    2.055   ( 49,  0)       -0.283  0.98496  -11.481    0.500  0.69127  *
*  99)    2.007   ( 50,  0)        0.556  0.98508  -11.435    0.486  0.65540  *
* 100)    2.007   (  0, 50)        0.556  0.98508  -11.435    0.486  0.65540  *
* 101)    1.871   ( 51,  0)        0.289  0.98487  -11.302    0.457  0.54518  *
* 102)    1.871   (  0, 51)        0.289  0.98487  -11.302    0.457  0.54518  *
* 103)    4.398   ( 52,  0)        0.385  0.66971  -10.981    4.137  0.80732  *
* 104)    4.398   (  0, 52)        0.385  0.66971  -10.981    4.137  0.80732  *
* 105)    1.242   (  0, 53)        0.027  0.96766  -10.650    0.440  0.23787  *
* 106)    1.242   ( 53,  0)        0.027  0.96766  -10.650    0.440  0.23787  *
* 107)    0.806   (  0, 54)       -0.329  0.92498  -10.173    0.425  0.15934  *
* 108)    0.806   ( 54,  0)       -0.329  0.92498  -10.173    0.425  0.15934  *
* 109)    0.466   ( 55,  0)       -0.345  0.73688   -9.709    0.411  0.13024  *
* 110)    0.466   (  0, 55)       -0.345  0.73688   -9.709    0.411  0.13024  *
* 111)    0.443   ( 56,  0)       -0.261  0.38669   -9.388    0.432  0.16099  *
* 112)    0.443   (  0, 56)       -0.261  0.38669   -9.388    0.432  0.16099  *
* 113)    0.440   ( 57,  0)        0.274  0.27074   -9.286    0.391  0.16693  *
* 114)    0.440   (  0, 57)        0.274  0.27074   -9.286    0.391  0.16693  *
* 115)    0.527   ( 58,  0)        0.448  0.23378   -9.208    0.446  0.19744  *
* 116)    0.527   (  0, 58)        0.448  0.23378   -9.208    0.446  0.19744  *
* 117)    1.084   ( 59,  0)       -0.217  0.03533   -8.481    0.400  0.34911  *
* 118)    1.084   (  0, 59)       -0.217  0.03533   -8.481    0.400  0.34911  *
* 119)    1.351   ( 60,  0)        0.452  0.03417   -8.229    0.491  0.40134  *
* 120)    1.351   (  0, 60)        0.452  0.03417   -8.229    0.491  0.40134  *
* 121)    1.474   ( 61,  0)       -0.718  0.02582   -8.090    0.468  0.42244  *
* 122)    1.474   (  0, 61)       -0.718  0.02582   -8.090    0.468  0.42244  *
* 123)    4.348   (  0, 62)        0.367  0.33031   -8.012    4.090  0.72789  *
* 124)    4.348   ( 62,  0)        0.367  0.33031   -8.012    4.090  0.72789  *
* 125)    1.691   (  0, 63)        0.515  0.01611   -7.851    0.426  0.45615  *
* 126)    1.691   ( 63,  0)        0.515  0.01611   -7.851    0.426  0.45615  *
* 127)    1.713   (  0, 64)        0.241  0.01322   -7.820    0.391  0.45917  *
* 128)    1.713   ( 64,  0)        0.241  0.01322   -7.820    0.391  0.45917  *
* 129)    1.925   ( 65,  0)       -0.344  0.02273   -7.650    0.574  0.48899  *
* 130)    1.925   (  0, 65)       -0.344  0.02273   -7.650    0.574  0.48899  *
* 131)    1.959   ( 66,  0)       -0.042  0.01337   -7.581    0.450  0.49285  *
* 132)    1.959   (  0, 66)       -0.042  0.01337   -7.581    0.450  0.49285  *
* 133)    2.352   ( 67,  0)        0.331  0.00592   -7.164    0.361  0.53815  *
* 134)    2.352   (  0, 67)        0.331  0.00592   -7.164    0.361  0.53815  *
* 135)    2.592   ( 68,  0)        0.194  0.00633   -6.929    0.411  0.56225  *
* 136)    2.592   (  0, 68)        0.194  0.00633   -6.929    0.411  0.56225  *
* 137)    2.713   (  0, 69)        0.197  0.00653   -6.810    0.437  0.57353  *
* 138)    2.713   ( 69,  0)        0.197  0.00653   -6.810    0.437  0.57353  *
* 139)    3.330   (  0, 70)        0.046  0.00610   -6.198    0.519  0.62281  *
* 140)    3.330   ( 70,  0)        0.046  0.00610   -6.198    0.519  0.62281  *
* 141)    3.695   ( 71,  0)        0.202  0.00442   -5.826    0.490  0.64674  *
* 142)    3.695   (  0, 71)        0.202  0.00442   -5.826    0.490  0.64674  *
* 143)    4.272   (  0, 72)       -0.326  0.00374   -5.248    0.521  0.67913  *
* 144)    4.272   ( 72,  0)       -0.326  0.00374   -5.248    0.521  0.67913  *
* 145)    4.359   (  0, 73)        0.619  0.00771   -5.197    0.762  0.68394  *
* 146)    4.359   ( 73,  0)        0.619  0.00771   -5.197    0.762  0.68394  *
* 147)    4.576   ( 74,  0)       -0.310  0.00381   -4.947    0.564  0.69394  *
* 148)    4.576   (  0, 74)       -0.310  0.00381   -4.947    0.564  0.69394  *
* 149)    4.776   ( 75,  0)       -0.163  0.00171   -4.729    0.395  0.70270  *
* 150)    4.776   (  0, 75)       -0.163  0.00171   -4.729    0.395  0.70270  *
* 151)    5.197   (  0, 76)        0.813  0.00241   -4.316    0.510  0.72016  *
* 152)    5.197   ( 76,  0)        0.813  0.00241   -4.316    0.510  0.72016  *
* 153)    5.238   ( 77,  0)       -0.767  0.00162   -4.267    0.421  0.72162  *
* 154)    5.238   (  0, 77)       -0.767  0.00162   -4.267    0.421  0.72162  *
* 155)    5.297   (  0, 78)        0.450  0.00228   -4.215    0.505  0.72396  *
* 156)    5.297   ( 78,  0)        0.450  0.00228   -4.215    0.505  0.72396  *
* 157)    5.468   ( 79,  0)        0.548  0.00140   -4.035    0.409  0.73016  *
* 158)    5.468   (  0, 79)        0.548  0.00140   -4.035    0.409  0.73016  *
* 159)    6.239   ( 80,  0)       -0.331  0.00185   -3.272    0.537  0.75541  *
* 160)    6.239   (  0, 80)       -0.331  0.00185   -3.272    0.537  0.75541  *
* 161)    6.567   (  0, 81)       -0.461  0.00198   -2.947    0.585  0.76478  *
* 162)    6.567   ( 81,  0)       -0.461  0.00198   -2.947    0.585  0.76478  *
* 163)    6.907   ( 82,  0)       -0.282  0.00532   -2.655    1.004  0.77412  *
* 164)    6.907   (  0, 82)       -0.282  0.00532   -2.655    1.004  0.77412  *
* 165)    7.347   ( 83,  0)        0.404  0.00075   -2.152    0.401  0.78424  *
* 166)    7.347   (  0, 83)        0.404  0.00075   -2.152    0.401  0.78424  *
* 167)    7.559   ( 84,  0)       -0.206  0.00097   -1.944    0.470  0.78903  *
* 168)    7.559   (  0, 84)       -0.206  0.00097   -1.944    0.470  0.78903  *
* 169)    7.917   ( 85,  0)       -0.073  0.00287   -1.616    0.847  0.79685  *
* 170)    7.917   (  0, 85)       -0.073  0.00287   -1.616    0.847  0.79685  *
* 171)    8.081   (  0, 86)        0.079  0.00076   -1.419    0.444  0.79991  *
* 172)    8.081   ( 86,  0)        0.079  0.00076   -1.419    0.444  0.79991  *
* 173)    8.084   ( 87,  0)        0.414  0.00078   -1.416    0.450  0.79998  *
* 174)    8.084   (  0, 87)        0.414  0.00078   -1.416    0.450  0.79998  *
* 175)    8.477   (  0, 88)       -0.213  0.00074   -1.024    0.462  0.80746  *
* 176)    8.477   ( 88,  0)       -0.213  0.00074   -1.024    0.462  0.80746  *
* 177)    8.730   (  0, 89)        0.158  0.00054   -0.767    0.407  0.81198  *
* 178)    8.730   ( 89,  0)        0.158  0.00054   -0.767    0.407  0.81198  *
* 179)    8.929   (  0, 90)        0.005  0.00347   -0.620    1.050  0.81572  *
* 180)    8.929   ( 90,  0)        0.005  0.00347   -0.620    1.050  0.81572  *
* 181)    8.897   (  0, 91)        0.079  0.00053   -0.601    0.411  0.81484  *
* 182)    8.897   ( 91,  0)        0.079  0.00053   -0.601    0.411  0.81484  *
* 183)    9.039   (  0, 92)        0.170  0.00113   -0.469    0.607  0.81729  *
* 184)    9.039   ( 92,  0)        0.170  0.00113   -0.469    0.607  0.81729  *
* 185)    9.074   (  0, 93)        0.362  0.00099   -0.432    0.572  0.81785  *
* 186)    9.074   ( 93,  0)        0.362  0.00099   -0.432    0.572  0.81785  *
* 187)    9.256   (  0, 94)        0.108  0.00063   -0.244    0.463  0.82075  *
* 188)    9.256   ( 94,  0)        0.108  0.00063   -0.244    0.463  0.82075  *
* 189)    9.283   ( 95,  0)       -0.373  0.00082   -0.220    0.530  0.82120  *
* 190)    9.283   (  0, 95)       -0.373  0.00082   -0.220    0.530  0.82120  *
* 193)    9.707   (  0, 97)        0.468  0.01241   -0.022    2.149  0.82890  *
* 194)    9.707   ( 97,  0)        0.468  0.01241   -0.022    2.149  0.82890  *
*                                                                             *
*1890)   TOTAL=  ( 945, 945)                                                  *
*                                                                             *
*******************************************************************************

*******************************************************************************
*                                                                             *
*  SINGLE-PARTICLE PROPERTIES: CANONICAL                           NEUTRONS   *
*                                                                             *
*******************************************************************************
*                                                                             *
*  NO)   ENERGY   (S=+,S=-)   | N,nz,lz,OMEz>   <P>    <JY>    <SY>   GFACT   *
*                                                                             *
*  49)  -11.613   ( 49,---)   | 3, 0, 3, 5/2>   -39   0.000   0.000   0.049   *
*  50)  -11.492   ( 50,---)   | 3, 0, 1, 1/2>   -28   0.073  -0.074  -1.014   *
*  51)  -11.436   ( 51,---)   | 6, 3, 3, 7/2>    55   0.000  -0.000  -0.201   *
*  52)  -11.310   ( 52,---)   | 8, 8, 0, 1/2>    28  -1.776  -0.343   0.193   *
*  53)  -10.651   ( 53,---)   | 7, 6, 1, 1/2>     2   0.164  -0.148  -0.903   *
*  54)  -10.175   ( 54,---)   | 4, 1, 1, 3/2>   -31   0.000   0.000   0.087   *
*  55)   -9.707   ( 55,---)   | 7, 5, 0, 1/2>   -35  -0.817  -0.392   0.480   *
*  56)   -9.382   ( 56,---)   | 5, 2, 1, 3/2>   -28  -0.000  -0.000   0.053   *
*  57)   -9.297   ( 57,---)   | 8, 6, 2, 5/2>    48   0.000   0.000   0.047   *
*  58)   -9.177   ( 58,---)   | 4, 0, 2, 5/2>    16   0.000   0.000   2.629   *
*  59)   -8.422   ( 59,---)   | 4, 1, 1, 1/2>   -18   0.208  -0.093  -0.448   *
*  60)   -8.177   ( 60,---)   | 4, 0, 4, 9/2>    51   0.000   0.000   0.807   *
*  61)   -8.061   ( 61,---)   | 7, 4, 3, 7/2>   -71  -0.000  -0.000   0.209   *
*  62)   -7.690   ( 62,---)   | 7, 5, 2, 3/2>    -1  -0.000  -0.000   0.034   *
*  63)   -7.591   ( 63,---)   | 6, 3, 1, 3/2>    43  -0.000  -0.000   0.209   *
*  64)   -7.569   ( 64,---)   | 4, 1, 3, 5/2>     4   0.000   0.000   0.427   *
*  65)   -7.450   ( 65,---)   | 4, 0, 0, 1/2>    16  -0.397  -0.368   0.927   *
*  66)   -6.975   ( 66,---)   | 4, 0, 2, 3/2>    27  -0.000  -0.000   2.286   *
*  67)   -6.932   ( 67,---)   | 4, 0, 0, 1/2>    17  -0.885  -0.329   0.371   *
*  68)   -6.797   ( 68,---)   | 4, 0, 4, 7/2>    23  -0.000  -0.000   1.099   *
*  69)   -5.970   ( 69,---)   | 6, 3, 1, 1/2>    17  -0.584  -0.134   0.229   *
*  70)   -5.678   ( 70,---)   | 8, 7, 1, 1/2>    15   0.095  -0.201  -2.115   *
*  71)   -5.025   ( 71,---)   | 8, 6, 2, 3/2>    36   0.000   0.000   0.198   *
*  72)   -5.017   ( 72,---)   | 6, 3, 3, 5/2>    36   0.000  -0.000  -0.317   *
*  73)   -4.783   ( 73,---)   | 9, 9, 0, 1/2>    -2  -0.999  -0.423   0.423   *
*  74)   -4.779   ( 74,---)   | 9, 7, 2, 5/2>   -30  -0.000  -0.000   0.038   *
*  75)   -4.346   ( 75,---)   | 5, 0, 5,11/2>   -24   0.000  -0.000  -0.001   *
*  76)   -4.076   ( 76,---)   | 8, 5, 3, 7/2>    74  -0.000  -0.000   0.090   *
*  77)   -3.882   ( 77,---)   | 5, 1, 4, 9/2>   -19   0.000   0.000   0.149   *
*  78)   -3.741   ( 78,---)   | 7, 4, 1, 3/2>   -64   0.000   0.000   0.174   *
*  79)   -3.312   ( 79,---)   | 4, 0, 2, 5/2>    56  -0.000   0.000  -0.398   *
*  80)   -2.513   ( 80,---)   | 9, 8, 1, 3/2>   -14  -0.000   0.000  -0.099   *
*  81)   -2.381   ( 81,---)   | 7, 4, 1, 1/2>   -51   0.161  -0.097  -0.602   *
*  82)   -1.477   ( 82,---)   | 7, 3, 4, 9/2>   -21  -0.000  -0.000   0.563   *
*  83)   -1.283   ( 83,---)   | 4, 0, 0, 1/2>    28  -0.207  -0.407   1.966   *
*  84)   -1.025   ( 84,---)   | 9, 7, 0, 1/2>    15  -1.496  -0.324   0.217   *
*  85)   -1.012   ( 85,---)   | 7, 4, 3, 5/2>   -64   0.000  -0.000  -0.013   *
*  86)   -0.840   ( 86,---)   | 4, 0, 2, 3/2>    46  -0.000  -0.000   1.137   *
*  87)   -0.431   ( 87,---)   | 4, 0, 4, 7/2>    48   0.000   0.000   0.437   *
*  88)   -0.389   ( 88,---)   | 9, 8, 1, 1/2>   -18   0.378  -0.230  -0.610   *
*                                                                             *
*******************************************************************************

*******************************************************************************
*                                                                             *
*  HFB PAIRING PROPERTIES                                           NEUTRONS  *
*                                                                             *
*  STRENGTH= 0.1289   GAP= 0.4549   FERMI ENERGY=-11.5103   ENERGY=  -1.6050  *
*                                                                             *
*******************************************************************************

*******************************************************************************
*                                                                             *
*  MULTIPOLE MOMENTS [UNITS:  (10 FERMI)^LAMBDA]                    NEUTRONS  *
*                                                                             *
*******************************************************************************
*                                                                             *
*  Q00 = 98.0000  .............  .............  .............  .............  *
*                                                                             *
*  Q10 =  1.0384  Q11 =    ZERO  .............  .............  .............  *
*                                                                             *
*  Q20 = 62.2969  Q21 =    ZERO  Q22 =    ZERO  .............  .............  *
*                                                                             *
*  Q30 =  6.4870  Q31 =    ZERO  Q32 =    ZERO  Q33 =    ZERO  .............  *
*                                                                             *
*  Q40 = 15.2735  Q41 =    ZERO  Q42 =    ZERO  Q43 =    ZERO  Q44 =-2.3E-07  *
*                                                                             *
*******************************************************************************

*******************************************************************************
*                                                                             *
*  ROOT-MEAN-SQUARE AND GEOMETRIC SIZES IN FERMIS                   NEUTRONS  *
*                                                                             *
*  R_RMS =  6.9731     X_RMS =  2.3693    Y_RMS =  2.3693    Z_RMS =  6.1153  *
*                                                                             *
*  R_GEO =  9.0022     X_GEO =  5.2978    Y_GEO =  5.2978    Z_GEO = 13.6743  *
*                                                                             *
*******************************************************************************

*******************************************************************************
*                                                                             *
*  BOHR DEFORMATIONS (FIRST-ORDER APPROXIMATION)                    NEUTRONS  *
*                                                                             *
*******************************************************************************
*                                                                             *
*  B10 =  0.0241  B11 =    ZERO  .............  .............  .............  *
*                                                                             *
*  B20 =  1.0363  B21 =    ZERO  B22 =    ZERO  .............  .............  *
*                                                                             *
*  B30 =  0.3801  B31 =    ZERO  B32 =    ZERO  B33 =    ZERO  .............  *
*                                                                             *
*  B40 =  0.9940  B41 =    ZERO  B42 =    ZERO  B43 =    ZERO  B44 =-2.1E-08  *
*                                                                             *
*******************************************************************************
*                                                                             *
*  BOHR DENSITY = 0.0321 FM^(-3)  BOHR RADIUS =   9.0022 FM                   *
*                                                                             *
*******************************************************************************

*******************************************************************************
*                                                                             *
*  SINGLE-QUASIPARTICLE PROPERTIES:                                 PROTONS   *
*                                                                             *
*******************************************************************************
*                                                                             *
*  NO)   ENERGY   (S=+,S=-)       PARITY   V2QUAP   EEQUIV   DEQUIV   V_CORR  *
*                                                                             *
*  41)    9.305   (  0, 21)       -0.612  0.99916  -12.200    0.538  0.99986  *
*  42)    9.305   ( 21,  0)       -0.612  0.99916  -12.200    0.538  0.99986  *
*  43)    8.466   ( 22,  0)        0.446  0.99922  -11.364    0.473  0.99985  *
*  44)    8.466   (  0, 22)        0.446  0.99922  -11.364    0.473  0.99985  *
*  45)    7.628   ( 23,  0)        0.518  0.99889  -10.523    0.508  0.99975  *
*  46)    7.628   (  0, 23)        0.518  0.99889  -10.523    0.508  0.99975  *
*  47)    7.078   ( 24,  0)        0.154  0.99855   -9.969    0.539  0.99965  *
*  48)    7.078   (  0, 24)        0.154  0.99855   -9.969    0.539  0.99965  *
*  49)    7.015   ( 25,  0)        0.142  0.99897   -9.912    0.450  0.99974  *
*  50)    7.015   (  0, 25)        0.142  0.99897   -9.912    0.450  0.99974  *
*  51)    6.547   ( 26,  0)       -0.188  0.99859   -9.440    0.492  0.99962  *
*  52)    6.547   (  0, 26)       -0.188  0.99859   -9.440    0.492  0.99962  *
*  53)    6.206   ( 27,  0)        0.293  0.99824   -9.096    0.521  0.99948  *
*  54)    6.206   (  0, 27)        0.293  0.99824   -9.096    0.521  0.99948  *
*  55)    5.929   ( 28,  0)       -0.791  0.99847   -8.822    0.464  0.99952  *
*  56)    5.929   (  0, 28)       -0.791  0.99847   -8.822    0.464  0.99952  *
*  57)    5.510   ( 29,  0)        0.365  0.99809   -8.400    0.481  0.99934  *
*  58)    5.510   (  0, 29)        0.365  0.99809   -8.400    0.481  0.99934  *
*  59)    4.757   ( 30,  0)        0.428  0.99723   -7.642    0.500  0.99880  *
*  60)    4.757   (  0, 30)        0.428  0.99723   -7.642    0.500  0.99880  *
*  61)    4.676   ( 31,  0)        0.308  0.99766   -7.565    0.452  0.99896  *
*  62)    4.676   (  0, 31)        0.308  0.99766   -7.565    0.452  0.99896  *
*  63)    3.613   (  0, 32)       -0.304  0.99568   -6.493    0.474  0.99701  *
*  64)    3.613   ( 32,  0)       -0.304  0.99568   -6.493    0.474  0.99701  *
*  65)    2.798   ( 33,  0)        0.614  0.99336   -5.672    0.454  0.99224  *
*  66)    2.798   (  0, 33)        0.614  0.99336   -5.672    0.454  0.99224  *
*  67)    2.414   ( 34,  0)       -0.617  0.99197   -5.287    0.431  0.98647  *
*  68)    2.414   (  0, 34)       -0.617  0.99197   -5.287    0.431  0.98647  *
*  69)    2.302   (  0, 35)       -0.063  0.99052   -5.169    0.446  0.98187  *
*  70)    2.302   ( 35,  0)       -0.063  0.99052   -5.169    0.446  0.98187  *
*  71)    2.127   (  0, 36)       -0.426  0.98954   -4.994    0.433  0.97472  *
*  72)    2.127   ( 36,  0)       -0.426  0.98954   -4.994    0.433  0.97472  *
*  73)    2.073   ( 37,  0)       -0.207  0.98858   -4.937    0.440  0.97020  *
*  74)    2.073   (  0, 37)       -0.207  0.98858   -4.937    0.440  0.97020  *
*  75)    1.900   (  0, 38)       -0.580  0.98534   -4.756    0.457  0.94975  *
*  76)    1.900   ( 38,  0)       -0.580  0.98534   -4.756    0.457  0.94975  *
*  77)    1.773   ( 39,  0)       -0.387  0.98099   -4.617    0.484  0.92003  *
*  78)    1.773   (  0, 39)       -0.387  0.98099   -4.617    0.484  0.92003  *
*  79)    1.146   (  0, 40)       -0.311  0.96219   -3.971    0.437  0.53467  *
*  80)    1.146   ( 40,  0)       -0.311  0.96219   -3.971    0.437  0.53467  *
*  81)    1.065   (  0, 41)       -0.108  0.94971   -3.869    0.465  0.47618  *
*  82)    1.065   ( 41,  0)       -0.108  0.94971   -3.869    0.465  0.47618  *
*  83)    0.542   (  0, 42)        0.352  0.22550   -2.614    0.453  0.29355  *
*  84)    0.542   ( 42,  0)        0.352  0.22550   -2.614    0.453  0.29355  *
*  85)    0.924   (  0, 43)       -0.167  0.05670   -2.092    0.428  0.42122  *
*  86)    0.924   ( 43,  0)       -0.167  0.05670   -2.092    0.428  0.42122  *
*  87)    1.031   (  0, 44)       -0.602  0.05035   -1.985    0.451  0.44822  *
*  88)    1.031   ( 44,  0)       -0.602  0.05035   -1.985    0.451  0.44822  *
*  89)    1.027   ( 45,  0)        0.535  0.04622   -1.980    0.431  0.44709  *
*  90)    1.027   (  0, 45)        0.535  0.04622   -1.980    0.431  0.44709  *
*  91)    1.744   (  0, 46)        0.133  0.01585   -1.222    0.436  0.57827  *
*  92)    1.744   ( 46,  0)        0.133  0.01585   -1.222    0.436  0.57827  *
*  93)    2.215   (  0, 47)        0.250  0.01063   -0.744    0.454  0.63493  *
*  94)    2.215   ( 47,  0)        0.250  0.01063   -0.744    0.454  0.63493  *
*  95)    2.243   ( 48,  0)       -0.069  0.00865   -0.707    0.415  0.63766  *
*  96)    2.243   (  0, 48)       -0.069  0.00865   -0.707    0.415  0.63766  *
*  97)    2.888   ( 49,  0)       -0.269  0.00572   -0.057    0.436  0.69359  *
*  98)    2.888   (  0, 49)       -0.269  0.00572   -0.057    0.436  0.69359  *
*  99)    2.973   ( 50,  0)        0.761  0.00545    0.030    0.438  0.69974  *
* 100)    2.973   (  0, 50)        0.761  0.00545    0.030    0.438  0.69974  *
* 101)    3.051   (  0, 51)        0.345  0.00613    0.103    0.476  0.70524  *
* 102)    3.051   ( 51,  0)        0.345  0.00613    0.103    0.476  0.70524  *
* 103)    3.334   (  0, 52)       -0.188  0.00367    0.398    0.403  0.72306  *
* 104)    3.334   ( 52,  0)       -0.188  0.00367    0.398    0.403  0.72306  *
* 105)    3.667   (  0, 53)       -0.152  0.00407    0.725    0.467  0.74176  *
* 106)    3.667   ( 53,  0)       -0.152  0.00407    0.725    0.467  0.74176  *
* 107)    4.445   ( 54,  0)       -0.328  0.00260    1.510    0.453  0.77675  *
* 108)    4.445   (  0, 54)       -0.328  0.00260    1.510    0.453  0.77675  *
* 109)    4.965   (  0, 55)       -0.170  0.00239    2.030    0.485  0.79533  *
* 110)    4.965   ( 55,  0)       -0.170  0.00239    2.030    0.485  0.79533  *
* 111)    5.118   ( 56,  0)        0.385  0.00194    2.187    0.450  0.80019  *
* 112)    5.118   (  0, 56)        0.385  0.00194    2.187    0.450  0.80019  *
* 113)    5.327   (  0, 57)       -0.143  0.00127    2.402    0.379  0.80643  *
* 114)    5.327   ( 57,  0)       -0.143  0.00127    2.402    0.379  0.80643  *
* 115)    6.376   ( 58,  0)       -0.420  0.00134    3.448    0.467  0.83299  *
* 116)    6.376   (  0, 58)       -0.420  0.00134    3.448    0.467  0.83299  *
* 117)    6.479   ( 59,  0)       -0.097  0.00085    3.557    0.378  0.83516  *
* 118)    6.479   (  0, 59)       -0.097  0.00085    3.557    0.378  0.83516  *
* 119)    6.591   (  0, 60)       -0.060  0.00133    3.662    0.481  0.83755  *
* 120)    6.591   ( 60,  0)       -0.060  0.00133    3.662    0.481  0.83755  *
* 121)    6.611   ( 61,  0)       -0.072  0.00098    3.687    0.415  0.83792  *
* 122)    6.611   (  0, 61)       -0.072  0.00098    3.687    0.415  0.83792  *
* 123)    6.747   ( 62,  0)        0.465  0.00094    3.823    0.414  0.84066  *
* 124)    6.747   (  0, 62)        0.465  0.00094    3.823    0.414  0.84066  *
* 125)    6.964   (  0, 63)        0.080  0.00077    4.042    0.388  0.84485  *
* 126)    6.964   ( 63,  0)        0.080  0.00077    4.042    0.388  0.84485  *
* 127)    7.307   ( 64,  0)        0.446  0.00113    4.380    0.490  0.85109  *
* 128)    7.307   (  0, 64)        0.446  0.00113    4.380    0.490  0.85109  *
* 129)    7.711   (  0, 65)        0.113  0.00077    4.788    0.428  0.85774  *
* 130)    7.711   ( 65,  0)        0.113  0.00077    4.788    0.428  0.85774  *
* 131)    7.794   (  0, 66)       -0.034  0.00091    4.868    0.470  0.85905  *
* 132)    7.794   ( 66,  0)       -0.034  0.00091    4.868    0.470  0.85905  *
* 133)    8.441   (  0, 67)        0.237  0.00083    5.515    0.487  0.86843  *
* 134)    8.441   ( 67,  0)        0.237  0.00083    5.515    0.487  0.86843  *
* 135)    8.583   (  0, 68)       -0.075  0.00063    5.661    0.430  0.87031  *
* 136)    8.583   ( 68,  0)       -0.075  0.00063    5.661    0.430  0.87031  *
* 137)    8.668   (  0, 69)        0.158  0.00046    5.749    0.371  0.87140  *
* 138)    8.668   ( 69,  0)        0.158  0.00046    5.749    0.371  0.87140  *
* 139)    8.831   ( 70,  0)        0.267  0.00046    5.912    0.378  0.87347  *
* 140)    8.831   (  0, 70)        0.267  0.00046    5.912    0.378  0.87347  *
* 141)    8.885   ( 71,  0)        0.490  0.00057    5.964    0.424  0.87416  *
* 142)    8.885   (  0, 71)        0.490  0.00057    5.964    0.424  0.87416  *
* 143)    9.148   (  0, 72)        0.225  0.00058    6.226    0.442  0.87733  *
* 144)    9.148   ( 72,  0)        0.225  0.00058    6.226    0.442  0.87733  *
* 145)    9.439   ( 73,  0)       -0.090  0.00056    6.517    0.446  0.88066  *
* 146)    9.439   (  0, 73)       -0.090  0.00056    6.517    0.446  0.88066  *
* 147)    9.907   ( 74,  0)       -0.197  0.00041    6.987    0.402  0.88564  *
* 148)    9.907   (  0, 74)       -0.197  0.00041    6.987    0.402  0.88564  *
*                                                                             *
*1490)   TOTAL=  ( 745, 745)                                                  *
*                                                                             *
*******************************************************************************

*******************************************************************************
*                                                                             *
*  SINGLE-PARTICLE PROPERTIES: CANONICAL                            PROTONS   *
*                                                                             *
*******************************************************************************
*                                                                             *
*  NO)   ENERGY   (S=+,S=-)   | N,nz,lz,OMEz>   <P>    <JY>    <SY>   GFACT   *
*                                                                             *
*  22)  -11.947   ( 22,---)   | 2, 0, 0, 1/2>    11  -0.192  -0.482   2.504   *
*  23)  -11.366   ( 23,---)   | 4, 2, 2, 5/2>    43   0.000  -0.000  -0.242   *
*  24)  -10.637   ( 24,---)   | 2, 0, 2, 3/2>    44  -0.000  -0.000   0.097   *
*  25)  -10.015   ( 25,---)   | 2, 0, 2, 3/2>    13   0.000   0.000   0.247   *
*  26)   -9.444   ( 26,---)   | 3, 0, 3, 7/2>   -19  -0.000  -0.000   0.005   *
*  27)   -9.127   ( 27,---)   | 6, 6, 0, 1/2>    27  -1.527  -0.405   0.265   *
*  28)   -8.825   ( 28,---)   | 5, 3, 2, 5/2>   -80  -0.000  -0.000   0.111   *
*  29)   -8.430   ( 29,---)   | 5, 4, 1, 1/2>    35  -0.120  -0.221   1.843   *
*  30)   -7.668   ( 30,---)   | 4, 2, 0, 1/2>    44  -0.139  -0.377   2.717   *
*  31)   -7.569   ( 31,---)   | 4, 2, 2, 3/2>    31   0.000   0.000   4.623   *
*  32)   -6.495   ( 32,---)   | 6, 5, 1, 3/2>   -31   0.000   0.000   1.040   *
*  33)   -5.674   ( 33,---)   | 4, 2, 2, 5/2>    61   0.000  -0.000  -2.690   *
*  34)   -5.288   ( 34,---)   | 7, 5, 0, 1/2>   -62  -0.689  -0.449   0.651   *
*  35)   -5.170   ( 35,---)   | 3, 0, 3, 5/2>    -6   0.000  -0.000  -0.116   *
*  36)   -4.995   ( 36,---)   | 3, 0, 3, 7/2>   -42   0.000   0.000   0.038   *
*  37)   -4.942   ( 37,---)   | 3, 0, 1, 3/2>   -20  -0.000   0.000  -0.036   *
*  38)   -4.757   ( 38,---)   | 5, 3, 2, 3/2>   -57  -0.000   0.000  -0.710   *
*  39)   -4.618   ( 39,---)   | 7, 7, 0, 1/2>   -38  -1.658  -0.412   0.249   *
*  40)   -3.972   ( 40,---)   | 3, 0, 1, 1/2>   -31   0.202  -0.073  -0.363   *
*  41)   -3.877   ( 41,---)   | 3, 0, 1, 1/2>   -10   0.217  -0.063  -0.292   *
*  42)   -2.611   ( 42,---)   | 8, 6, 2, 3/2>    34   0.000   0.000   1.695   *
*  43)   -2.084   ( 43,---)   | 4, 1, 3, 7/2>   -18   0.000   0.000   0.129   *
*  44)   -1.978   ( 44,---)   | 5, 3, 2, 5/2>   -60   0.000  -0.000  -1.521   *
*  45)   -1.959   ( 45,---)   | 4, 2, 0, 1/2>    51  -0.669  -0.462   0.690   *
*  46)   -1.200   ( 46,---)   | 5, 1, 4, 9/2>    13  -0.000  -0.000   0.556   *
*  47)   -0.708   ( 47,---)   | 6, 4, 2, 3/2>    34  -0.000   0.000  -0.328   *
*  48)   -0.631   ( 48,---)   | 3, 0, 1, 3/2>   -45   0.000  -0.000  -0.077   *
*                                                                             *
*******************************************************************************

*******************************************************************************
*                                                                             *
*  HFB PAIRING PROPERTIES                                            PROTONS  *
*                                                                             *
*  STRENGTH= 0.1282   GAP= 0.4482   FERMI ENERGY= -4.1910   ENERGY=  -1.5662  *
*                                                                             *
*******************************************************************************

*******************************************************************************
*                                                                             *
*  MULTIPOLE MOMENTS [UNITS:  (10 FERMI)^LAMBDA]                     PROTONS  *
*                                                                             *
*******************************************************************************
*                                                                             *
*  Q00 = 78.0000  .............  .............  .............  .............  *
*                                                                             *
*  Q10 =  1.8511  Q11 =    ZERO  .............  .............  .............  *
*                                                                             *
*  Q20 = 52.9281  Q21 =    ZERO  Q22 =    ZERO  .............  .............  *
*                                                                             *
*  Q30 =  5.9086  Q31 =    ZERO  Q32 =    ZERO  Q33 =    ZERO  .............  *
*                                                                             *
*  Q40 = 13.5920  Q41 =    ZERO  Q42 =    ZERO  Q43 =    ZERO  Q44 = 4.5E-07  *
*                                                                             *
*******************************************************************************

*******************************************************************************
*                                                                             *
*  ROOT-MEAN-SQUARE AND GEOMETRIC SIZES IN FERMIS                    PROTONS  *
*                                                                             *
*  R_RMS =  7.0715     X_RMS =  2.3150    Y_RMS =  2.3150    Z_RMS =  6.2680  *
*                                                                             *
*  R_GEO =  9.1293     X_GEO =  5.1766    Y_GEO =  5.1766    Z_GEO = 14.0157  *
*                                                                             *
*******************************************************************************

*******************************************************************************
*                                                                             *
*  BOHR DEFORMATIONS (FIRST-ORDER APPROXIMATION)                     PROTONS  *
*                                                                             *
*******************************************************************************
*                                                                             *
*  B10 =  0.0532  B11 =    ZERO  .............  .............  .............  *
*                                                                             *
*  B20 =  1.0756  B21 =    ZERO  B22 =    ZERO  .............  .............  *
*                                                                             *
*  B30 =  0.4170  B31 =    ZERO  B32 =    ZERO  B33 =    ZERO  .............  *
*                                                                             *
*  B40 =  1.0508  B41 =    ZERO  B42 =    ZERO  B43 =    ZERO  B44 = 4.9E-08  *
*                                                                             *
*******************************************************************************
*                                                                             *
*  BOHR DENSITY = 0.0245 FM^(-3)  BOHR RADIUS =   9.1293 FM                   *
*                                                                             *
*******************************************************************************

*******************************************************************************
*                                                                             *
*                  DENSITY INTEGRALS IN THE SKYRME FUNCTIONAL                 *
*                                                                             *
*******************************************************************************
*                                                                             *
*                   TOTAL(T)        SUM(S)      ISOSCALAR(P)  ISOVECTOR(M)    *
*                   --------        ------      ------------  ------------    *
*    DRHO_ =       18.371003      9.294734         18.371003      0.218464    *
*    DRHOD =        8.191732      4.143594          8.191732      0.095456    *
*    DLPR_ =       -4.081181     -2.060424         -4.081181     -0.039667    *
*    DTAU_ =       15.096819      7.699712         15.096819      0.302606    *
*    DSCU_ =        0.120657      0.066669          0.120657      0.012682    *
*    DDIV_ =        0.847958      0.432830          0.847958      0.017703    *
*                                                                             *
*    DSPI_ =        0.000000      0.000000          0.000000      0.000000    *
*    DSPID =        0.000000      0.000000          0.000000      0.000000    *
*    DLPS_ =        0.000000      0.000000          0.000000      0.000000    *
*    DCUR_ =        0.000000      0.000000          0.000000      0.000000    *
*    DKIS_ =        0.000000      0.000000          0.000000      0.000000    *
*    DROT_ =        0.000000      0.000000          0.000000      0.000000    *
*                                                                             *
*******************************************************************************

*******************************************************************************
*                                                                             *
*               CONTRIBUTIONS TO ENERGY IN THE SKYRME FUNCTIONAL              *
*                                                                             *
*******************************************************************************
*                                                                             *
*                 TOTAL(T)        SUM(S)        ISOSCALAR(P)  ISOVECTOR(M)    *
*                 --------        ------        ------------  ------------    *
*    ERHO_ =   -16424.780609   5003.499842     -11480.081991     58.801224    *
*    ERHOD =     8259.015796  -2102.310055       6180.921295    -24.215554    *
*    ELPR_ =     -401.324184    593.134605        186.100877      5.709544    *
*    ETAU_ =      500.551064   -371.676942        136.177754     -7.303632    *
*    ESCU_ =        0.000000      0.000000          0.000000      0.000000    *
*    EDIV_ =      -18.683768    -44.938663        -62.703423     -0.919008    *
*               ============  ============      ============  ============    *
*    SUM EVEN:  -8085.221701   3077.708787      -5039.585487     32.072574    *
*                                                                             *
*    ESPI_ =        0.000000      0.000000          0.000000      0.000000    *
*    ESPID =        0.000000      0.000000          0.000000      0.000000    *
*    ELPS_ =        0.000000      0.000000          0.000000      0.000000    *
*    ECUR_ =        0.000000      0.000000          0.000000      0.000000    *
*    EKIS_ =        0.000000      0.000000          0.000000      0.000000    *
*    EROT_ =        0.000000      0.000000          0.000000      0.000000    *
*               ============  ============      ============  ============    *
*    SUM  ODD:      0.000000      0.000000          0.000000      0.000000    *
*                                                                             *
*******************************************************************************
 
*******************************************************************************
*                                                                             *
*  CENTER-OF-MASS COORDINATES IN FERMIS                                TOTAL  *
*                                                                             *
*  R_CMS =  0.1642     X_CMS =  0.0000    Y_CMS =  0.0000    Z_CMS =  0.1642  *
*                                                                             *
*******************************************************************************

*******************************************************************************
*                                                                             *
*  MULTIPOLE MOMENTS [UNITS:  (10 FERMI)^LAMBDA] [CENT-MASS FRAME]  NEUTRONS  *
*                                                                             *
*******************************************************************************
*                                                                             *
*  Q00 = 98.0000  .............  .............  .............  .............  *
*                                                                             *
*  Q10 = -0.5705  Q11 =    ZERO  .............  .............  .............  *
*                                                                             *
*  Q20 = 62.2815  Q21 =    ZERO  Q22 =    ZERO  .............  .............  *
*                                                                             *
*  Q30 =  5.3423  Q31 =    ZERO  Q32 =    ZERO  Q33 =    ZERO  .............  *
*                                                                             *
*  Q40 = 14.8331  Q41 =    ZERO  Q42 =    ZERO  Q43 =    ZERO  Q44 =-2.3E-07  *
*                                                                             *
*******************************************************************************

*******************************************************************************
*                                                                             *
*  BOHR DEFORMATIONS (FIRST-ORDER APPROXIMATION) [CENT-MASS FRAME]  NEUTRONS  *
*                                                                             *
*******************************************************************************
*                                                                             *
*  B10 = -0.0134  B11 =    ZERO  .............  .............  .............  *
*                                                                             *
*  B20 =  1.0641  B21 =    ZERO  B22 =    ZERO  .............  .............  *
*                                                                             *
*  B30 =  0.3258  B31 =    ZERO  B32 =    ZERO  B33 =    ZERO  .............  *
*                                                                             *
*  B40 =  1.0185  B41 =    ZERO  B42 =    ZERO  B43 =    ZERO  B44 =-2.2E-08  *
*                                                                             *
*******************************************************************************
*                                                                             *
*  BOHR DENSITY = 0.0334 FM^(-3)  BOHR RADIUS =   8.8825 FM                   *
*                                                                             *
*******************************************************************************

*******************************************************************************
*                                                                             *
*  MULTIPOLE MOMENTS [UNITS:  (10 FERMI)^LAMBDA] [CENT-MASS FRAME]   PROTONS  *
*                                                                             *
*******************************************************************************
*                                                                             *
*  Q00 = 78.0000  .............  .............  .............  .............  *
*                                                                             *
*  Q10 =  0.5705  Q11 =    ZERO  .............  .............  .............  *
*                                                                             *
*  Q20 = 52.8486  Q21 =    ZERO  Q22 =    ZERO  .............  .............  *
*                                                                             *
*  Q30 =  4.9367  Q31 =    ZERO  Q32 =    ZERO  Q33 =    ZERO  .............  *
*                                                                             *
*  Q40 = 13.1883  Q41 =    ZERO  Q42 =    ZERO  Q43 =    ZERO  Q44 = 4.5E-07  *
*                                                                             *
*******************************************************************************

*******************************************************************************
*                                                                             *
*  BOHR DEFORMATIONS (FIRST-ORDER APPROXIMATION) [CENT-MASS FRAME]   PROTONS  *
*                                                                             *
*******************************************************************************
*                                                                             *
*  B10 =  0.0169  B11 =    ZERO  .............  .............  .............  *
*                                                                             *
*  B20 =  1.1406  B21 =    ZERO  B22 =    ZERO  .............  .............  *
*                                                                             *
*  B30 =  0.3813  B31 =    ZERO  B32 =    ZERO  B33 =    ZERO  .............  *
*                                                                             *
*  B40 =  1.1499  B41 =    ZERO  B42 =    ZERO  B43 =    ZERO  B44 = 5.6E-08  *
*                                                                             *
*******************************************************************************
*                                                                             *
*  BOHR DENSITY = 0.0268 FM^(-3)  BOHR RADIUS =   8.8589 FM                   *
*                                                                             *
*******************************************************************************

*******************************************************************************
*                                                                             *
*  EULER ANGLES OF THE PRINCIPAL-AXES FRAME IN DEGREES                 TOTAL  *
*                                                                             *
*  ALPHA =  0.00000  BETA =  0.00000  GAMMA =  0.00000                        *
*                                                                             *
*******************************************************************************

*******************************************************************************
*                                                                             *
*  ROOT-MEAN-SQUARE AND GEOMETRIC SIZES IN FERMIS                      TOTAL  *
*                                                                             *
*  R_RMS =  7.0169     X_RMS =  2.3454    Y_RMS =  2.3454    Z_RMS =  6.1835  *
*                                                                             *
*  R_GEO =  9.0588     X_GEO =  5.2444    Y_GEO =  5.2444    Z_GEO = 13.8266  *
*                                                                             *
*******************************************************************************

*******************************************************************************
*                                                                             *
*  MULTIPOLE MOMENTS [UNITS:  (10 FERMI)^LAMBDA]                       TOTAL  *
*                                                                             *
*******************************************************************************
*                                                                             *
*  Q00 =176.0000  .............  .............  .............  .............  *
*                                                                             *
*  Q10 =  2.8895  Q11 =    ZERO  .............  .............  .............  *
*                                                                             *
*  Q20 =115.2250  Q21 =    ZERO  Q22 =    ZERO  .............  .............  *
*                                                                             *
*  Q30 = 12.3956  Q31 =    ZERO  Q32 =    ZERO  Q33 =    ZERO  .............  *
*                                                                             *
*  Q40 = 28.8656  Q41 =    ZERO  Q42 =    ZERO  Q43 =    ZERO  Q44 = 2.2E-07  *
*                                                                             *
*******************************************************************************

*******************************************************************************
*                                                                             *
*  BOHR DEFORMATIONS (FIRST-ORDER APPROXIMATION)                       TOTAL  *
*                                                                             *
*******************************************************************************
*                                                                             *
*  B10 =  0.0371  B11 =    ZERO  .............  .............  .............  *
*                                                                             *
*  B20 =  1.0540  B21 =    ZERO  B22 =    ZERO  .............  .............  *
*                                                                             *
*  B30 =  0.3969  B31 =    ZERO  B32 =    ZERO  B33 =    ZERO  .............  *
*                                                                             *
*  B40 =  1.0202  B41 =    ZERO  B42 =    ZERO  B43 =    ZERO  B44 = 1.1E-08  *
*                                                                             *
*******************************************************************************
*                                                                             *
*  BOHR DENSITY = 0.0565 FM^(-3)  BOHR RADIUS =   9.0588 FM                   *
*                                                                             *
*******************************************************************************

*******************************************************************************
*                                                                             *
*  MULTIPOLE MOMENTS [UNITS:  (10 FERMI)^LAMBDA] [CENT-MASS FRAME]     TOTAL  *
*                                                                             *
*******************************************************************************
*                                                                             *
*  Q00 =176.0000  .............  .............  .............  .............  *
*                                                                             *
*  Q10 =    ZERO  Q11 =    ZERO  .............  .............  .............  *
*                                                                             *
*  Q20 =115.1301  Q21 =    ZERO  Q22 =    ZERO  .............  .............  *
*                                                                             *
*  Q30 = 10.2790  Q31 =    ZERO  Q32 =    ZERO  Q33 =    ZERO  .............  *
*                                                                             *
*  Q40 = 28.0214  Q41 =    ZERO  Q42 =    ZERO  Q43 =    ZERO  Q44 = 2.2E-07  *
*                                                                             *
*******************************************************************************

*******************************************************************************
*                                                                             *
*  BOHR DEFORMATIONS (FIRST-ORDER APPROXIMATION) [CENT-MASS FRAME]     TOTAL  *
*                                                                             *
*******************************************************************************
*                                                                             *
*  B10 =    ZERO  B11 =    ZERO  .............  .............  .............  *
*                                                                             *
*  B20 =  1.0978  B21 =    ZERO  B22 =    ZERO  .............  .............  *
*                                                                             *
*  B30 =  0.3502  B31 =    ZERO  B32 =    ZERO  B33 =    ZERO  .............  *
*                                                                             *
*  B40 =  1.0761  B41 =    ZERO  B42 =    ZERO  B43 =    ZERO  B44 = 1.2E-08  *
*                                                                             *
*******************************************************************************
*                                                                             *
*  BOHR DENSITY = 0.0602 FM^(-3)  BOHR RADIUS =   8.8726 FM                   *
*                                                                             *
*******************************************************************************

*******************************************************************************
*                                                                             *
*  MULTIPOLE MOMENTS [UNITS:  (10 FERMI)^LAMBDA] [INTRINSIC FRAME]     TOTAL  *
*                                                                             *
*  REAL PART  FOR A NON-NEGATIVE PROJECTION                                   *
*  IMAGINARY PART FOR A NEGATIVE PROJECTION                                   *
*                                                                             *
*******************************************************************************
*                                                                             *
*  Q00 =176.0000  .............  .............  .............  .............  *
*                 .............  .............  .............  .............  *
*                                                                             *
*  Q10 =    ZERO  Q1+1=    ZERO  .............  .............  .............  *
*                 Q1-1=    ZERO  .............  .............  .............  *
*                                                                             *
*  Q20 =115.1301  Q2+1=    ZERO  Q2+2=    ZERO  .............  .............  *
*                 Q2-1=    ZERO  Q2-2=    ZERO  .............  .............  *
*                                                                             *
*  Q30 = 10.2790  Q3+1=    ZERO  Q3+2=    ZERO  Q3+3=    ZERO  .............  *
*                 Q3-1=    ZERO  Q3-2=    ZERO  Q3-3=    ZERO  .............  *
*                                                                             *
*  Q40 = 28.0214  Q4+1=    ZERO  Q4+2=    ZERO  Q4+3=    ZERO  Q4+4= 2.2E-07  *
*                 Q4-1=    ZERO  Q4-2=    ZERO  Q4-3=    ZERO  Q4-4=    ZERO  *
*                                                                             *
*******************************************************************************

*******************************************************************************
*                                                                             *
*  BOHR DEFORMATIONS (FIRST-ORDER APPROXIMATION) [INTRINSIC FRAME]     TOTAL  *
*                                                                             *
*  REAL PART  FOR A NON-NEGATIVE PROJECTION                                   *
*  IMAGINARY PART FOR A NEGATIVE PROJECTION                                   *
*                                                                             *
*******************************************************************************
*                                                                             *
*  B10 =    ZERO  B1+1=    ZERO  .............  .............  .............  *
*                 B1-1=    ZERO  .............  .............  .............  *
*                                                                             *
*  B20 =  1.0978  B2+1=    ZERO  B2+2=    ZERO  .............  .............  *
*                 B2-1=    ZERO  B2-2=    ZERO  .............  .............  *
*                                                                             *
*  B30 =  0.3502  B3+1=    ZERO  B3+2=    ZERO  B3+3=    ZERO  .............  *
*                 B3-1=    ZERO  B3-2=    ZERO  B3-3=    ZERO  .............  *
*                                                                             *
*  B40 =  1.0761  B4+1=    ZERO  B4+2=    ZERO  B4+3=    ZERO  B4+4= 1.2E-08  *
*                 B4-1=    ZERO  B4-2=    ZERO  B4-3=    ZERO  B4-4=    ZERO  *
*                                                                             *
*******************************************************************************
*                                                                             *
*  BOHR DENSITY = 0.0602 FM^(-3)  BOHR RADIUS =   8.8726 FM                   *
*                                                                             *
*******************************************************************************

*******************************************************************************
*                                                                             *
*                                ENERGIES (MEV)                               *
*                                                                             *
*******************************************************************************
*                                                                             *
*  KINETIC: (NEU)=  1772.087230    (PRO)=  1246.538389    (TOT)=  3018.625619 *
*  SUM EPS: (NEU)= -2229.130673    (PRO)= -1073.055576    (TOT)= -3302.186249 *
*  PAIRING: (NEU)=    -1.604953    (PRO)=    -1.566248    (TOT)=    -3.171201 *
*  P-REARR: (NEU)=     0.426058    (PRO)=     0.446819    (TOT)=     0.872877 *
*                                                                             *
*  PAIRGAP: (NEU)=     0.454907    (PRO)=     0.448169    THIS SPACE IS EMPTY *
*  E-FERMI: (NEU)=   -11.510305    (PRO)=    -4.190978    AND AWAITS  YOUR AD *
*                                                                             *
*  COULOMB: (DIR)=   677.302370    (EXC)=   -29.140739    (TOT)=   648.161631 *
*                                                                             *
*  CONSTR. (MULT)=   739.437015    SLOPE=   193.873878    CORR.=   -96.936939 *
*  CONSTR. (SURF)=     0.000000    SLOPE=     0.000000    CORR.=     0.000000 *
*  CONSTR. (SPIN)=     0.000000    SLOPE=     0.000000    CORR.=     0.000000 *
*  CONSTR. (ISOS)=     0.000000    SLOPE=     0.000000    CORR.=     0.000000 *
*                                                                             *
*  REARRANGEMENT ENERGY FROM THE SKYRME DENSITY-DEPENDENT TERMS=  1159.247089 *
*  ROUTHIAN= TOTAL ENERGY + MULTIPOLE AND (ISO)SPIN CONSTRAINTS=  -604.459850 *
*                                                                             *
*  SPIN-ORB (EVE)=   -63.622431    (ODD)=     0.000000    (TOT)=   -63.622431 *
*  SKYRME:  (EVE)= -5007.512914    (ODD)=     0.000000    (TOT)= -5007.512914 *
*                                                                             *
*  TOTAL:  (STAB)=   126.048741     (SP)= -1217.848123    (FUN)= -1343.896865 *
*                                                                             *
*******************************************************************************

*******************************************************************************
*                                                                             *
*  ITERATION RESTARTED FROM THE DISC, THE FOLLOWING FILE(S) READ:             *
*  ./restart/HFODD_00000054.REC                                        VER=19 *
*                                                                             *
*******************************************************************************
*                                                                             *
* CONVERGENCE REPORT                                                          *
*                                                                             *
*******************************************************************************
*                                                                             *
* ITER     ENERGY     STABILITY    Q_2    GAMMA   SPIN  OMEGA   ANGLE   EPAIR *
*                                                                             *
* 2355 -1343.896865  126.048741 115.130    0.00   0.00  0.000   0.000   -3.17 *
* 2356  -948.350563  770.165122 221.059    0.00   0.00  0.000   0.000   -0.67 *
* 2357  -968.027264  675.332568 235.660    0.00   0.00  0.000   0.000   -3.00 *
* 2358 -1020.488888  740.971795 227.560    0.00   0.00  0.000   0.000   -4.93 *
* 2359 -1004.205937  742.016579 232.488    0.00   0.00  0.000   0.000   -4.92 *
* 2360 -1009.830613  404.953882 228.568    0.00   0.00  0.000   0.000   -4.59 *
* 2361 -1082.061423  517.002386 226.975    0.00   0.00  0.000   0.000  -17.79 *
* 2362 -1059.396656  612.921079 229.407    0.00   0.00  0.000   0.000   -4.81 *
* 2363 -1061.797715  625.670690 227.471    0.00   0.00  0.000   0.000   -5.16 *
* 2364 -1035.167243  730.064290 229.500    0.00   0.00  0.000   0.000   -2.86 *
* 2365 -1014.231198  757.245223 231.642    0.00   0.00  0.000   0.000   -2.84 *
* 2366 -1018.075010   -3.82E+03 228.601    0.00   0.00  0.000   0.000   -2.17 *
* 2367 -1660.760170  385.776336  55.488    0.00   0.00  0.000   0.000 -273.86 *
* 2368  1779.867904   -1.70E+04  12.152    0.00   0.00  0.000   0.000   -0.01 *
* 2369  2781.686673   -5.70E+04  30.023    0.00   0.00  0.000   0.000   -8.22 *
* 2370  8875.502100    4.02E+06  49.848   60.00   0.00  0.000   0.000  -84.70 *

 //////////////////// MAXIMUM NUMBER OF ITERATIONS       ////////////////////
 //////////////////// EXCEEDED IN QUABCS                 ////////////////////

*******************************************************************************
*                                                                             *
*  PROCESSOR   EXECUTION  TIMES IN SUBROUTINES                                *
*  INCLUDING THEIR COMPLETE DOWN-CALLING TREES                                *
*                                                                             *
*******************************************************************************
*                                                                             *
*     5296 => HFODD    2933 => DENSHF   1007 => DIAMAT    918 => HFBSIM       *
*                                                                             *
*      567 => QMULCM    269 => PAIMAC    219 => RECORD    215 => CANQUA       *
*                                                                             *
*       80 => AVEQUA     29 => INTEGH     27 => INTSOR     27 => DENMAC       *
*                                                                             *
*       26 => INTEGD     14 => MOMETS     14 => INTMUL     11 => DOBROY       *
*                                                                             *
*        9 => SKFILD      9 => BEGINC      7 => SPAVER      6 => INTMAS       *
*                                                                             *
*        5 => ROTAVR      5 => LINAVR      5 => AVOBSE      4 => COUMAT       *
*                                                                             *
*        4 => INTCOU      3 => NILASP      3 => INTCEN      2 => POWALL       *
*                                                                             *
*        2 => AVANGY      1 => SKPAIR      0 => INTKIN      0 => AVPARI       *
*                                                                             *
*        0 => QUABCS      0 => SHICOE      0 => AVSIMP      0 => SPIMOM       *
*                                                                             *
*        0 => SHIMAG      0 => PAXMOM      0 => MOMSIF      0 => MOMVMU       *
*                                                                             *
*        0 => MAGMOM      0 => SHIMOM      0 => SHISIF                        *
*                                                                             *
*******************************************************************************
*                                                                             *
*  NUMBERS OF CALLS TO SUBROUTINES                                            *
*                                                                             *
*******************************************************************************
*                                                                             *
*      743 => BEGINC    614 => INTMUL    198 => INTSOR     81 => DIAMAT       *
*                                                                             *
*       66 => INTMAS     66 => INTCEN     65 => INTKIN     64 => AVEQUA       *
*                                                                             *
*       48 => PAXMOM     33 => INTEGH     33 => INTEGD     33 => HFBSIM       *
*                                                                             *
*       33 => QUABCS     32 => CANQUA     32 => AVPARI     32 => DENSHF       *
*                                                                             *
*       32 => DENMAC     32 => PAIMAC     32 => MOMETS     32 => MOMSIF       *
*                                                                             *
*       32 => MOMVMU     32 => MAGMOM     32 => SPIMOM     32 => LINAVR       *
*                                                                             *
*       32 => ROTAVR     32 => SHICOE     17 => RECORD     17 => COUMAT       *
*                                                                             *
*       17 => INTCOU     16 => QMULCM     16 => SKFILD     16 => SKPAIR       *
*                                                                             *
*       16 => DOBROY     16 => SHIMOM     16 => SHISIF     16 => SHIMAG       *
*                                                                             *
*       14 => SPAVER      2 => AVANGY      2 => AVOBSE      2 => AVSIMP       *
*                                                                             *
*        2 => NILASP      1 => HFODD       1 => POWALL                        *
*                                                                             *
*******************************************************************************
*                                                                             *
*  EXECUTION ENDS ON 2016.09.06 AT 13:28:30.037                               *
*                                                                             *
*******************************************************************************
