*******************************************************************************
*                                                                             *
*                     P A R A L L E L    M O D E L                            *
*                                                                             *
*  SIMPLE MPI FRAMEWORK (1 COMMUNICATOR)    :  1 MPI PROCESS per HFODD TASK   *
*  MULTI-THREADING FRAMEWORK WITH OPENMP   :  4 THREADS per HFODD MPI PROCESS *
*                                                                             *
*******************************************************************************
*                                                                             *
*                        __  __ _____  ___   ____   ____                      *
*                       / / / // ___/.' _ \ / __ \ / __ \                     *
*                      / /_/ // /_  / / / // / / // / / /                     *
*                     / __  // __/ / / / // / / // / / /                      *
*                    / / / // /   / /_/ // /_/ // /_/ /                       *
*                   /_/ /_//_/    \___.'/____.'/____.'                        *
*                                                                             *
*                                                                             *
*******************************************************************************
*                                                                             *
*             SKYRME-HARTREE-FOCK-BOGOLYUBOV CODE VERSION: 2.77B              *
*                                                                             *
*              NO SYMMETRY-PLANES AND NO TIME-REVERSAL SYMMETRY               *
*                                                                             *
*                DEFORMED CARTESIAN HARMONIC-OSCILLATOR BASIS                 *
*                                                                             *
*******************************************************************************
*                                                                             *
*             J. DOBACZEWSKI, P. BACZYK, B.G. CARLSSON, J. DUDEK              *
*                 J. ENGEL, Y. GAO, M. KONIECZKA, T. LESINSKI                 *
*                 J. MCDONNELL, P. OLBRATOWSKI, P. POWALOWSKI                 *
*                  M. SADZIAK, J. SARICH, K. SATO, W. SATULA                  *
*             N. SCHUNCK,  J.A. SHEIKH, A. STASZCZAK, M. STOITSOV             *
*             P. TOIVANEN, X.B. WANG, M. ZALEWSKI AND H. ZDUNCZUK             *
*                                                                             *
*                   INSTYTUT FIZYKI TEORETYCZNEJ, WARSZAWA                    *
*                 LAWRENCE LIVERMORE NATIONAL LABORATORY, USA                 *
*                                                                             *
*                                  1993-2016                                  *
*                                                                             *
*******************************************************************************

*******************************************************************************
*                                                                             *
*  CODE COMPILED WITH THE FOLLOWING ARRAY DIMENSIONS AND SWITCHES:            *
*                                                                             *
*******************************************************************************
*                                                                             *
*  NDBASE = 1200  NDSTAT = 1200  NDXHRM =   40  NDYHRM =   40  NDZHRM =   64  *
*                                                                             *
*  NDMAIN =   30  NDMULT =    9  NDMULR =    4  NDLAMB =    9  NDITER = 5000  *
*                                                                             *
*  NDAKNO =    1  NDBKNO =    1  NDPROI =    2  NDCOUL =   80  NDPOLS =   25  *
*                                                                             *
*  NDATKN =   20  NDBTKN =   10  NDPROT =    1  NDPROD =    3                 *
*                                                                             *
*  IPARAL =    0  IPARAT =    0  I_CRAY =    0                                *
*                                                                             *
*                                                                             *
*  PRE-PROCESSOR OPTIONS:                                                     *
*                                                                             *
*       switch_port = 1     switch_diag = 3     switch_essl = 0               *
*                                                                             *
*                           switch_quad = 0     switch_vect = 1               *
*                                                                             *
*******************************************************************************
*                                                                             *
*  EXECUTION BEGINS ON 2016.09.06 AT 12:59:14.317                             *
*                                                                             *
*******************************************************************************
 
*******************************************************************************
*                                                                             *
*  CLASSICAL NUCLEAR SURFACE DEFINED FOR:                    N = 98   Z = 78  *
*                                                                             *
*******************************************************************************
*                                                                             *
*  AL10 =   ZERO  AL11 =   ZERO  .............  .............  .............  *
*                                                                             *
*  AL20 =  0.391  AL21 =   ZERO  AL22 =   ZERO  .............  .............  *
*                                                                             *
*******************************************************************************
*                                                                             *
*                                           HOMEGA=  8.3009  FCHOM0=  1.1346  *
*                                                                             *
*  OSCILLATOR FREQUENCIES: HBAROX=  9.3612  HBAROY=  9.3612  HBAROZ=  6.5269  *
*                                                                             *
*  MOMENTS OF INERTIA:     XMOMFC= 97.0217  YMOMFC= 97.0217  ZMOMFC= 63.4737  *
*                                                                             *
*  CENTERS OF MASS:        CMSXFC= -0.0000  CMSYFC= -0.0000  CMSZFC= -0.0000  *
*                                                                             *
*******************************************************************************

*******************************************************************************
*                                                                             *
*                           SKYRME FORCE DEFINITION                           *
*                                                                             *
*******************************************************************************
*                                                                             *
* PARAMETER SET HFB1:  T0= -1666.41  T1=   255.23  T2=  1521.28  T3= 12072.51 *
*                                                                             *
* POWER=0.37658031358  X0=  0.14608  X1= -4.82248  X2= -1.35211  X3=  0.00432 *
*                                                                             *
* IETA: J=0  W=1 CM=3  M=1  P=1  T=0 HBM= 20.73553 W0=  44.0677 W0P= 207.6502 *
*                                                                             *
*******************************************************************************

*******************************************************************************
*                                                                             *
*              COUPLING CONSTANTS DEFINING THE SKYRME FUNCTIONAL              *
*                                                                             *
*******************************************************************************
*                                                                             *
*                   TOTAL(T)        SUM(S)      ISOSCALAR(P)  ISOVECTOR(M)    *
*                   --------        ------      ------------  ------------    *
*    CRHO_ =     -894.060074    538.315575       -624.902286    269.157788    *
*    CRHOD =     1008.213640   -507.363897        754.531691   -253.681949    *
*    CLPR_ =       98.335311   -287.870148        -45.599763   -143.935074    *
*    CTAU_ =       33.156062    -48.271535          9.020295    -24.135768    *
*    CSCU_ =        0.000000      0.000000          0.000000      0.000000    *
*    CDIV_ =      -22.033840   -103.825096        -73.946388    -51.912548    *
*                                                                             *
*    CSPI_ =      -60.857026    416.601524        147.443736    208.300762    *
*    CSPID =        2.171385   -503.021127       -249.339179   -251.510564    *
*    CLPS_ =       51.110395     71.467295         86.844042     35.733647    *
*    CCUR_ =      -33.156062     48.271535         -9.020295     24.135768    *
*    CKIS_ =        0.000000      0.000000          0.000000      0.000000    *
*    CROT_ =      -22.033840   -103.825096        -73.946388    -51.912548    *
*                                                                             *
*******************************************************************************

*******************************************************************************
*                                                                             *
*                          NUCLEAR MATTER PROPERTIES                          *
*                                                                             *
*******************************************************************************
*                                                                             *
*     E = -15.8000  rho0 =   0.15625   K =  244.6682   Ms =    0.9364         *
*                   asym =  28.66820   L =   40.1091   Mv =    1.2498         *
*                                                                             *
*******************************************************************************

*******************************************************************************
*                                                                             *
*  PHYSICAL CONSTANTS:     H_BARC=197.32891000           HBCOE2=137.03602000  *
*                                                                             *
*                          XMASSN=938.90590000           XMASSP=938.27231000  *
*                                                                             *
*                          HBMASS= 20.73553000           HBMRPA= 20.73553000  *
*                                                                             *
*                          ECHAR2=  1.43997841           COULEX= -1.06350868  *
*                                                                             *
*******************************************************************************
*                                                                             *
*  OSCILLATOR LENGTHS:     X= 2.1048102      Y= 2.1048102       Z= 2.5207227  *
*                                                                             *
*  OSCILLATOR CONSTANTS:   X= 0.4751022      Y= 0.4751022       Z= 0.3967116  *
*                                                                             *
*  OSCILLATOR FREQUENCIES: X= 9.3612420      Y= 9.3612420       Z= 6.5269341  *
*                                                                             *
*******************************************************************************
*                                                                             *
*  BASIS CUT-OFF CONTROL PARAMETERS:  NXMAXX = 15  NYMAXX = 15  NZMAXX =  22  *
*                                                                             *
*                                     NXHERM = 36  NYHERM = 36  NZHERM =  60  *
*                                                                             *
*                                     NLIMIT=1140  LDBASE=1146  MCOUNT=29791  *
*                                                                             *
*                                     ENECUT= 800.0000      ELIMIT= 157.5943  *
*                                                                             *
*******************************************************************************

*******************************************************************************
*                                                                             *
*   SHAPE OF THE OSCILLATOR-BASIS DIAMOND    (THREE CONSECUTIVE PROJECTIONS)  *
*                                                                             *
*******************************************************************************
*                                                                             *
*        NX ===>>>  0  1  2  3  4  5  6  7  8  9 10 11 12 13 14 15            *
*        MAX.NY => 15 14 13 12 11 10  9  8  7  6  5  4  3  2  1  0            *
*                 ------------------------------------------------            *
*   NY= 0  (15)  | 22 20 19 17 16 15 13 12 10  9  7  6  5  3  2  0            *
*   NY= 1  (14)  | 20 19 17 16 15 13 12 10  9  7  6  5  3  2  0               *
*   NY= 2  (13)  | 19 17 16 15 13 12 10  9  7  6  5  3  2  0                  *
*   NY= 3  (12)  | 17 16 15 13 12 10  9  7  6  5  3  2  0                     *
*   NY= 4  (11)  | 16 15 13 12 10  9  7  6  5  3  2  0                        *
*   NY= 5  (10)  | 15 13 12 10  9  7  6  5  3  2  0                           *
*   NY= 6  ( 9)  | 13 12 10  9  7  6  5  3  2  0                              *
*   NY= 7  ( 8)  | 12 10  9  7  6  5  3  2  0                                 *
*   NY= 8  ( 7)  | 10  9  7  6  5  3  2  0                                    *
*   NY= 9  ( 6)  |  9  7  6  5  3  2  0                                       *
*   NY=10  ( 5)  |  7  6  5  3  2  0                                          *
*   NY=11  ( 4)  |  6  5  3  2  0                                             *
*   NY=12  ( 3)  |  5  3  2  0                                                *
*   NY=13  ( 2)  |  3  2  0                                                   *
*   NY=14  ( 1)  |  2  0                                                      *
*   NY=15  ( 0)  |  0                                                         *
*                                                                             *
*                                                                             *
*        NZ ===>>>  0  1  2  3  4  5  6  7  8  9 10 11 12 13 14 15 16 17 18   *
*        MAX.NY => 15 14 14 13 12 12 11 10  9  9  8  7  7  6  5  5  4  3  2   *
*                 ---------------------------------------------------------   *
*   NY= 0  (22)  | 15 14 14 13 12 12 11 10  9  9  8  7  7  6  5  5  4  3  2   *
*   NY= 1  (20)  | 14 13 13 12 11 11 10  9  8  8  7  6  6  5  4  4  3  2  1   *
*   NY= 2  (19)  | 13 12 12 11 10 10  9  8  7  7  6  5  5  4  3  3  2  1  0   *
*   NY= 3  (17)  | 12 11 11 10  9  9  8  7  6  6  5  4  4  3  2  2  1  0      *
*   NY= 4  (16)  | 11 10 10  9  8  8  7  6  5  5  4  3  3  2  1  1  0         *
*   NY= 5  (15)  | 10  9  9  8  7  7  6  5  4  4  3  2  2  1  0  0            *
*   NY= 6  (13)  |  9  8  8  7  6  6  5  4  3  3  2  1  1  0                  *
*   NY= 7  (12)  |  8  7  7  6  5  5  4  3  2  2  1  0  0                     *
*   NY= 8  (10)  |  7  6  6  5  4  4  3  2  1  1  0                           *
*   NY= 9  ( 9)  |  6  5  5  4  3  3  2  1  0  0                              *
*   NY=10  ( 7)  |  5  4  4  3  2  2  1  0                                    *
*   NY=11  ( 6)  |  4  3  3  2  1  1  0                                       *
*   NY=12  ( 5)  |  3  2  2  1  0  0                                          *
*   NY=13  ( 3)  |  2  1  1  0                                                *
*   NY=14  ( 2)  |  1  0  0                                                   *
*   NY=15  ( 0)  |  0                                                         *
*                                                                             *
*                                                                             *
*        NZ ===>>>  0  1  2  3  4  5  6  7  8  9 10 11 12 13 14 15 16 17 18   *
*        MAX.NX => 15 14 14 13 12 12 11 10  9  9  8  7  7  6  5  5  4  3  2   *
*                 ---------------------------------------------------------   *
*   NX= 0  (22)  | 15 14 14 13 12 12 11 10  9  9  8  7  7  6  5  5  4  3  2   *
*   NX= 1  (20)  | 14 13 13 12 11 11 10  9  8  8  7  6  6  5  4  4  3  2  1   *
*   NX= 2  (19)  | 13 12 12 11 10 10  9  8  7  7  6  5  5  4  3  3  2  1  0   *
*   NX= 3  (17)  | 12 11 11 10  9  9  8  7  6  6  5  4  4  3  2  2  1  0      *
*   NX= 4  (16)  | 11 10 10  9  8  8  7  6  5  5  4  3  3  2  1  1  0         *
*   NX= 5  (15)  | 10  9  9  8  7  7  6  5  4  4  3  2  2  1  0  0            *
*   NX= 6  (13)  |  9  8  8  7  6  6  5  4  3  3  2  1  1  0                  *
*   NX= 7  (12)  |  8  7  7  6  5  5  4  3  2  2  1  0  0                     *
*   NX= 8  (10)  |  7  6  6  5  4  4  3  2  1  1  0                           *
*   NX= 9  ( 9)  |  6  5  5  4  3  3  2  1  0  0                              *
*   NX=10  ( 7)  |  5  4  4  3  2  2  1  0                                    *
*   NX=11  ( 6)  |  4  3  3  2  1  1  0                                       *
*   NX=12  ( 5)  |  3  2  2  1  0  0                                          *
*   NX=13  ( 3)  |  2  1  1  0                                                *
*   NX=14  ( 2)  |  1  0  0                                                   *
*   NX=15  ( 0)  |  0                                                         *
*                                                                             *
*******************************************************************************

*******************************************************************************
*                                                                             *
* NUCLIDE: N =  98  Z =  78  NUMBER OF ITERATIONS = 1000   CONTINUATION? = 1  *
*                                                                             *
*******************************************************************************
*                                                                             *
* ITERATIONS WILL STOP WHEN THE STABILITY BECOMES LOWER THAN EPSITE=0.300000  *
*                                            FOR    5 CONSECUTIVE ITERATIONS  *
*                                                                             *
*******************************************************************************
*                                                                             *
* ITERATIONS WILL STOP WHEN THE PING-PONG DIVERGENCE OCCURS FOR EPSPNG=0.010  *
*                                DURING    5 PAIRS OF CONSECUTIVE ITERATIONS  *
*                                                                             *
*******************************************************************************
*                                                                             *
* ITERATIONS WILL STOP FOR CHAOTIC-DIVERGENCE CONDITION OCCURING   20  TIMES  *
*                                                                             *
*******************************************************************************
*                                                                             *
* SLOW-DOWN PARAMETERS:                                                       *
* TIME-EVEN = 0.85   TIME-ODD = 0.85   PAIRING = 0.85   LIPKIN-NOGAMI = 0.85  *
*                    LIP-MASS = 0.50   LIP-MOI = 0.50   LIPKIN-METHOD = 0.50  *
*                                                                             *
*******************************************************************************
*                                                                             *
* BROYDEN METHOD IS:  ON                                                      *
*                                                                             *
*    TRIGGERED ONLY WHEN STABILITY IS LOWER THAN :  1000.000 MEV              *
*    INITIAL SLOWING FACTOR (BEFORE TRIGGER)     :     0.85 (=SLOWEV)         *
*    BROYDEN SLOWING FACTOR (AFTER  TRIGGER)     :     0.40 (=1-ALPHAM)       *
*    NUMBER OF ITERATIONS RETAINED IN MEMORY     :    10                      *
*                                                                             *
*******************************************************************************
*                                                                             *
* DIRECT COULOMB TERMS SOLVED BY GREEN FUNCTION AND FOURIER TRANSFORM METHOD  *
* COULOMB PARAMETERS:  NUMCOU = 80  NUMETA = 79  BOUCOU = 20.0  FURMAX =0.25  *
*                                                                             *
*******************************************************************************
*                                                                             *
* EXCHANGE COULOMB TERMS TREATED BY THE SLATER APPROXIMATION                  *
*                                                                             *
*******************************************************************************
*                                                                             *
* MAXIMUM NUMBERS OF MULTIPOLE MOMENTS USED FOR THE CONSTRAINTS,    NMUCON=4  *
*                                           FOR THE COULOMB FIELD,  NMUCOU=4  *
*                                           FOR THE OUTPUT INFO,    NMUPRI=4  *
*                                                                             *
*******************************************************************************
*                                                                             *
* MULTIPOLE CONSTRAINTS: LAMBDA= 2  MIU= 0  MOMENT= 61.000  STIFFNESS= 0.500  *
*                        LAMBDA= 3  MIU= 0  MOMENT= 18.000  STIFFNESS= 0.500  *
*                                                                             *
*******************************************************************************
*                                                                             *
* LINEAR MULTIPOLE CONSTRAINTS: LAMBDA= 2  MIU= 0  LAGRANGE PAR. USED= 0.000  *
*                               LAMBDA= 3  MIU= 0  LAGRANGE PAR. USED= 0.000  *
*                                                                             *
*******************************************************************************
*                                                                             *
* THE LAGRANGE PARAMETERS OF THE LINEAR CONSTRAINTS ARE RE-ADJUSTED AT EACH   *
* ITERATION BY USING THE CRANKING APPROXIMATION OF THE RPA MATRIX             *
*                                                                             *
*******************************************************************************
*                                                                             *
* PRINTING THE RESULTS FOR THE FOLLOWING ITERATIONS:         THE  FIRST: YES  *
*                                                            THE MIDDLE:  NO  *
*                                                     AND/OR THE   LAST: YES  *
*                                                                             *
*******************************************************************************
*                                                                             *
* PRINTING THE MOMENTS, RADII, AND DEFORMATIONS FOR:           NEUTRONS: YES  *
*                                                              PROTONS : YES  *
*                                                              MASS    : YES  *
*                                                                             *
*******************************************************************************
*                                                                             *
* PRINTING THE MOMENTS, MOMENTA AND DEFORMATIONS IN THE INTRINSIC FRAME: YES  *
*                                                                             *
*******************************************************************************
*                                                                             *
* NILSSON LABELS OF SINGLE-PARTICLE STATES SHOWN WITH RESPECT TO THE: Z-AXIS  *
*                                                                             *
*******************************************************************************
*                                                                             *
* CALCULATIONS WITH THE HFB PAIRING CORRELATIONS                              *
*                                                                             *
*******************************************************************************
*                                                                             *
* CONTACT PAIRING INTERACTION:     V0        V1       RHO-SAT      POWER      *
*                    NEUTRONS:  -234.380   732.438     0.320     1.0000000    *
*                     PROTONS:  -260.437   813.866     0.320     1.0000000    *
*                                                                             *
*******************************************************************************
*                                                                             *
* CUTOFF ENERGY DEFINING THE ACTIVE HFB PAIRING SPACE=      60.000            *
*                                                                             *
*******************************************************************************
*                                                                             *
* CALCULATIONS WITH SIMPLEX SYMMETRY                                          *
*                                                                             *
*******************************************************************************
*                                                                             *
* CALCULATIONS WITH TIME-ODD SYMMETRIES:        T*SIMPLEX_X =>     CONSERVED  *
*                                               T*SIMPLEX_Y =>     CONSERVED  *
*                                               T*SIMPLEX_Z => NON CONSERVED  *
*                                                                             *
*******************************************************************************
*                                                                             *
* CALCULATIONS WITHOUT ROTATION                                               *
*                                                                             *
*******************************************************************************

*******************************************************************************
*                                                                             *
*  CALLING SUBROUTINE "RECORD" TO READ THE REPLAY FILE OBTAINED PREVIOUSLY    *
*  ./restart/HFODD_00000019.REC                                               *
*                                                                             *
*******************************************************************************

*******************************************************************************
*                                                                             *
*  SINGLE-QUASIPARTICLE PROPERTIES:                                NEUTRONS   *
*                                                                             *
*******************************************************************************
*                                                                             *
*  NO)   ENERGY   (S=+,S=-)       PARITY   V2QUAP   EEQUIV   DEQUIV   V_CORR  *
*                                                                             *
*  51)    9.736   ( 26,  0)        0.876  0.99777  -19.206    0.919  0.99997  *
*  52)    9.736   (  0, 26)        0.876  0.99777  -19.206    0.919  0.99997  *
*  53)    9.408   ( 27,  0)       -0.464  0.98505  -18.640    2.284  0.99977  *
*  54)    9.408   (  0, 27)       -0.464  0.98505  -18.640    2.284  0.99977  *
*  55)    9.058   (  0, 28)       -0.679  0.99751  -18.525    0.903  0.99996  *
*  56)    9.058   ( 28,  0)       -0.679  0.99751  -18.525    0.903  0.99996  *
*  57)    8.253   (  0, 29)       -0.958  0.99408  -17.669    1.267  0.99989  *
*  58)    8.253   ( 29,  0)       -0.958  0.99408  -17.669    1.267  0.99989  *
*  59)    7.884   ( 30,  0)       -0.915  0.99836  -17.371    0.638  0.99997  *
*  60)    7.884   (  0, 30)       -0.915  0.99836  -17.371    0.638  0.99997  *
*  61)    7.352   ( 31,  0)        0.292  0.99798  -16.836    0.660  0.99996  *
*  62)    7.352   (  0, 31)        0.292  0.99798  -16.836    0.660  0.99996  *
*  63)    7.215   ( 32,  0)       -0.948  0.99763  -16.694    0.701  0.99995  *
*  64)    7.215   (  0, 32)       -0.948  0.99763  -16.694    0.701  0.99995  *
*  65)    6.372   ( 33,  0)        0.581  0.99781  -15.857    0.595  0.99995  *
*  66)    6.372   (  0, 33)        0.581  0.99781  -15.857    0.595  0.99995  *
*  67)    5.650   ( 34,  0)       -0.613  0.99725  -15.132    0.591  0.99993  *
*  68)    5.650   (  0, 34)       -0.613  0.99725  -15.132    0.591  0.99993  *
*  69)    5.639   (  0, 35)       -0.751  0.99719  -15.121    0.597  0.99993  *
*  70)    5.639   ( 35,  0)       -0.751  0.99719  -15.121    0.597  0.99993  *
*  71)    5.481   (  0, 36)       -0.599  0.99706  -14.962    0.593  0.99992  *
*  72)    5.481   ( 36,  0)       -0.599  0.99706  -14.962    0.593  0.99992  *
*  73)    5.473   ( 37,  0)        0.836  0.99735  -14.958    0.562  0.99993  *
*  74)    5.473   (  0, 37)        0.836  0.99735  -14.958    0.562  0.99993  *
*  75)    5.399   ( 38,  0)        0.670  0.99725  -14.883    0.565  0.99992  *
*  76)    5.399   (  0, 38)        0.670  0.99725  -14.883    0.565  0.99992  *
*  77)    4.709   ( 39,  0)        0.828  0.99620  -14.186    0.580  0.99988  *
*  78)    4.709   (  0, 39)        0.828  0.99620  -14.186    0.580  0.99988  *
*  79)    4.139   (  0, 40)        0.966  0.99511  -13.612    0.578  0.99982  *
*  80)    4.139   ( 40,  0)        0.966  0.99511  -13.612    0.578  0.99982  *
*  81)    3.755   ( 41,  0)        0.528  0.99385  -13.221    0.587  0.99975  *
*  82)    3.755   (  0, 41)        0.528  0.99385  -13.221    0.587  0.99975  *
*  83)    3.339   ( 42,  0)        0.352  0.99225  -12.800    0.586  0.99964  *
*  84)    3.339   (  0, 42)        0.352  0.99225  -12.800    0.586  0.99964  *
*  85)    1.741   (  0, 43)       -0.711  0.97412  -11.164    0.553  0.99759  *
*  86)    1.741   ( 43,  0)       -0.711  0.97412  -11.164    0.553  0.99759  *
*  87)    1.617   ( 44,  0)       -0.871  0.97180  -11.039    0.535  0.99714  *
*  88)    1.617   (  0, 44)       -0.871  0.97180  -11.039    0.535  0.99714  *
*  89)    1.543   (  0, 45)       -0.223  0.96437  -10.946    0.572  0.99620  *
*  90)    1.543   ( 45,  0)       -0.223  0.96437  -10.946    0.572  0.99620  *
*  91)    1.080   ( 46,  0)        0.628  0.92650  -10.434    0.564  0.98826  *
*  92)    1.080   (  0, 46)        0.628  0.92650  -10.434    0.564  0.98826  *
*  93)    1.010   ( 47,  0)       -0.721  0.91323  -10.347    0.568  0.98507  *
*  94)    1.010   (  0, 47)       -0.721  0.91323  -10.347    0.568  0.98507  *
*  95)    0.673   ( 48,  0)        0.474  0.76309   -9.867    0.572  0.93898  *
*  96)    0.673   (  0, 48)        0.474  0.76309   -9.867    0.572  0.93898  *
*  97)    0.592   ( 49,  0)       -0.687  0.69284   -9.741    0.546  0.91250  *
*  98)    0.592   (  0, 49)       -0.687  0.69284   -9.741    0.546  0.91250  *
*  99)    0.579   ( 50,  0)       -0.290  0.53480   -9.553    0.578  0.87795  *
* 100)    0.579   (  0, 50)       -0.290  0.53480   -9.553    0.578  0.87795  *
* 101)    0.584   (  0, 51)        0.472  0.45261   -9.458    0.581  0.86449  *
* 102)    0.584   ( 51,  0)        0.472  0.45261   -9.458    0.581  0.86449  *
* 103)    0.551   (  0, 52)        0.960  0.30763   -9.301    0.509  0.83337  *
* 104)    0.551   ( 52,  0)        0.960  0.30763   -9.301    0.509  0.83337  *
* 105)    1.649   ( 53,  0)        0.949  0.02101   -7.934    0.473  0.92138  *
* 106)    1.649   (  0, 53)        0.949  0.02101   -7.934    0.473  0.92138  *
* 107)    1.892   (  0, 54)       -0.434  0.02362   -7.711    0.575  0.93096  *
* 108)    1.892   ( 54,  0)       -0.434  0.02362   -7.711    0.575  0.93096  *
* 109)    2.102   (  0, 55)        0.929  0.01418   -7.471    0.497  0.93693  *
* 110)    2.102   ( 55,  0)        0.929  0.01418   -7.471    0.497  0.93693  *
* 111)    2.159   ( 56,  0)        0.945  0.01642   -7.425    0.549  0.93861  *
* 112)    2.159   (  0, 56)        0.945  0.01642   -7.425    0.549  0.93861  *
* 113)    2.691   (  0, 57)       -0.221  0.01082   -6.880    0.557  0.94992  *
* 114)    2.691   ( 57,  0)       -0.221  0.01082   -6.880    0.557  0.94992  *
* 115)    2.856   ( 58,  0)        0.753  0.00987   -6.713    0.565  0.95264  *
* 116)    2.856   (  0, 58)        0.753  0.00987   -6.713    0.565  0.95264  *
* 117)    2.907   ( 59,  0)       -0.762  0.00706   -6.648    0.487  0.95330  *
* 118)    2.907   (  0, 59)       -0.762  0.00706   -6.648    0.487  0.95330  *
* 119)    3.294   ( 60,  0)        0.604  0.00660   -6.262    0.534  0.95856  *
* 120)    3.294   (  0, 60)        0.604  0.00660   -6.262    0.534  0.95856  *
* 121)    4.006   ( 61,  0)       -0.598  0.00491   -5.546    0.560  0.96561  *
* 122)    4.006   (  0, 61)       -0.598  0.00491   -5.546    0.560  0.96561  *
* 123)    4.082   (  0, 62)       -0.819  0.00314   -5.457    0.457  0.96618  *
* 124)    4.082   ( 62,  0)       -0.819  0.00314   -5.457    0.457  0.96618  *
* 125)    4.200   (  0, 63)        0.446  0.00431   -5.349    0.550  0.96713  *
* 126)    4.200   ( 63,  0)        0.446  0.00431   -5.349    0.550  0.96713  *
* 127)    4.423   (  0, 64)        0.581  0.00394   -5.125    0.554  0.96873  *
* 128)    4.423   ( 64,  0)        0.581  0.00394   -5.125    0.554  0.96873  *
* 129)    4.642   ( 65,  0)       -0.963  0.00332   -4.902    0.534  0.97014  *
* 130)    4.642   (  0, 65)       -0.963  0.00332   -4.902    0.534  0.97014  *
* 131)    4.666   (  0, 66)       -0.835  0.00263   -4.872    0.478  0.97027  *
* 132)    4.666   ( 66,  0)       -0.835  0.00263   -4.872    0.478  0.97027  *
* 133)    5.166   (  0, 67)        0.205  0.00295   -4.378    0.560  0.97308  *
* 134)    5.166   ( 67,  0)        0.205  0.00295   -4.378    0.560  0.97308  *
* 135)    5.302   ( 68,  0)       -0.691  0.00270   -4.240    0.550  0.97375  *
* 136)    5.302   (  0, 68)       -0.691  0.00270   -4.240    0.550  0.97375  *
* 137)    5.474   (  0, 69)       -0.306  0.00244   -4.066    0.540  0.97454  *
* 138)    5.474   ( 69,  0)       -0.306  0.00244   -4.066    0.540  0.97454  *
* 139)    6.042   ( 70,  0)       -0.363  0.00208   -3.496    0.550  0.97688  *
* 140)    6.042   (  0, 70)       -0.363  0.00208   -3.496    0.550  0.97688  *
* 141)    6.085   ( 71,  0)        0.082  0.00206   -3.453    0.552  0.97703  *
* 142)    6.085   (  0, 71)        0.082  0.00206   -3.453    0.552  0.97703  *
* 143)    7.063   (  0, 72)        0.656  0.00135   -2.469    0.519  0.98014  *
* 144)    7.063   ( 72,  0)        0.656  0.00135   -2.469    0.519  0.98014  *
* 145)    7.258   ( 73,  0)        0.865  0.00124   -2.273    0.511  0.98066  *
* 146)    7.258   (  0, 73)        0.865  0.00124   -2.273    0.511  0.98066  *
* 147)    7.718   ( 74,  0)       -0.602  0.00122   -1.813    0.538  0.98179  *
* 148)    7.718   (  0, 74)       -0.602  0.00122   -1.813    0.538  0.98179  *
* 149)    8.075   ( 75,  0)        0.227  0.00114   -1.456    0.544  0.98258  *
* 150)    8.075   (  0, 75)        0.227  0.00114   -1.456    0.544  0.98258  *
* 151)    8.306   (  0, 76)        0.547  0.00125   -1.228    0.588  0.98306  *
* 152)    8.306   ( 76,  0)        0.547  0.00125   -1.228    0.588  0.98306  *
* 153)    8.669   (  0, 77)       -0.820  0.00350   -0.905    1.024  0.98379  *
* 154)    8.669   ( 77,  0)       -0.820  0.00350   -0.905    1.024  0.98379  *
* 155)    8.850   ( 78,  0)       -0.959  0.00073   -0.676    0.477  0.98407  *
* 156)    8.850   (  0, 78)       -0.959  0.00073   -0.676    0.477  0.98407  *
* 157)    8.895   (  0, 79)        0.166  0.00100   -0.636    0.562  0.98416  *
* 158)    8.895   ( 79,  0)        0.166  0.00100   -0.636    0.562  0.98416  *
* 159)    9.062   (  0, 80)        0.696  0.00123   -0.473    0.635  0.98445  *
* 160)    9.062   ( 80,  0)        0.696  0.00123   -0.473    0.635  0.98445  *
* 161)    9.069   ( 81,  0)        0.700  0.00119   -0.466    0.626  0.98446  *
* 162)    9.069   (  0, 81)        0.700  0.00119   -0.466    0.626  0.98446  *
* 163)    9.603   ( 82,  0)       -0.487  0.01461   -0.191    2.304  0.98550  *
* 164)    9.603   (  0, 82)       -0.487  0.01461   -0.191    2.304  0.98550  *
* 165)    9.817   ( 83,  0)       -0.633  0.00193    0.266    0.862  0.98564  *
* 166)    9.817   (  0, 83)       -0.633  0.00193    0.266    0.862  0.98564  *
*                                                                             *
*1614)   TOTAL=  ( 807, 807)                                                  *
*                                                                             *
*******************************************************************************

*******************************************************************************
*                                                                             *
*  SINGLE-PARTICLE PROPERTIES: CANONICAL                           NEUTRONS   *
*                                                                             *
*******************************************************************************
*                                                                             *
*  NO)   ENERGY   (S=+,S=-)   | N,nz,lz,OMEz>   <P>    <JY>    <SY>   GFACT   *
*                                                                             *
*  43)  -11.167   ( 43,---)   | 5, 2, 1, 3/2>   -71  -0.012  -0.005   0.414   *
*  44)  -11.039   ( 44,---)   | 5, 1, 4, 9/2>   -87  -0.000  -0.000   0.186   *
*  45)  -10.949   ( 45,---)   | 7, 7, 0, 1/2>   -22  -2.417  -0.331   0.137   *
*  46)  -10.435   ( 46,---)   | 6, 3, 3, 7/2>    62  -0.000  -0.000   1.946   *
*  47)  -10.348   ( 47,---)   | 5, 2, 3, 5/2>   -72  -0.000   0.000  -6.035   *
*  48)   -9.868   ( 48,---)   | 6, 4, 0, 1/2>    47  -0.410  -0.371   0.905   *
*  49)   -9.742   ( 49,---)   | 5, 2, 1, 1/2>   -68  -0.011  -0.073   6.708   *
*  50)   -9.554   ( 50,---)   | 7, 6, 1, 3/2>   -28   0.015   0.003   0.206   *
*  51)   -9.457   ( 51,---)   | 6, 4, 2, 3/2>    46  -0.003   0.002  -0.744   *
*  52)   -9.299   ( 52,---)   | 4, 0, 2, 5/2>    96  -0.000  -0.000   1.524   *
*  53)   -7.853   ( 53,---)   | 4, 0, 0, 1/2>    95  -0.346  -0.498   1.440   *
*  54)   -7.687   ( 54,---)   | 7, 5, 2, 5/2>   -42   0.000  -0.000  -0.128   *
*  55)   -7.387   ( 55,---)   | 4, 0, 4, 7/2>    95  -0.000  -0.000   0.065   *
*  56)   -7.366   ( 56,---)   | 4, 0, 2, 3/2>    93  -0.004   0.000  -0.015   *
*  57)   -6.792   ( 57,---)   | 7, 6, 1, 1/2>   -18   0.197  -0.258  -1.311   *
*  58)   -6.658   ( 58,---)   | 6, 2, 4, 9/2>    74   0.000   0.000   2.118   *
*  59)   -6.501   ( 59,---)   | 5, 1, 2, 5/2>   -80  -0.000  -0.000   2.157   *
*  60)   -6.130   ( 60,---)   | 6, 3, 1, 3/2>    60  -0.003  -0.003   1.130   *
*  61)   -5.431   ( 61,---)   | 7, 4, 3, 7/2>   -56  -0.000  -0.000   0.073   *
*  62)   -5.136   ( 62,---)   | 6, 3, 1, 1/2>    35  -1.264  -0.205   0.162   *
*  63)   -4.995   ( 63,---)   | 6, 3, 3, 5/2>    58  -0.001  -0.000   0.144   *
*  64)   -4.969   ( 64,---)   | 5, 1, 0, 1/2>   -73   0.036  -0.421 -1.E+01   *
*  65)   -4.722   ( 65,---)   | 5, 0, 5,11/2>   -96   0.000  -0.000  -0.348   *
*  66)   -4.400   ( 66,---)   | 5, 1, 2, 3/2>   -75  -0.007   0.002  -0.293   *
*  67)   -4.100   ( 67,---)   | 6, 3, 1, 1/2>    25  -1.406  -0.212   0.151   *
*  68)   -4.086   ( 68,---)   | 5, 1, 4, 7/2>   -77  -0.000  -0.000   0.805   *
*  69)   -3.884   ( 69,---)   | 7, 5, 0, 1/2>   -40  -0.283  -0.376   1.330   *
*  70)   -3.253   ( 70,---)   | 7, 5, 2, 3/2>   -38  -0.005   0.002  -0.461   *
*  71)   -3.192   ( 71,---)   | 8, 7, 1, 3/2>     9   0.009   0.001   0.080   *
*  72)   -1.938   ( 72,---)   | 6, 1, 5,11/2>    86  -0.000  -0.000   0.029   *
*  73)   -1.901   ( 73,---)   | 8, 6, 2, 5/2>    44   0.000  -0.000  -0.048   *
*  74)   -1.482   ( 74,---)   | 7, 3, 4, 9/2>   -60   0.000   0.000   0.315   *
*  75)   -0.959   ( 75,---)   | 6, 2, 2, 5/2>    48   0.000  -0.000 -3.E+01   *
*  76)   -0.140   ( 76,---)   | 7, 4, 1, 3/2>   -42  -0.001  -0.002   1.591   *
*  77)   -0.096   ( 77,---)   | 8, 8, 0, 1/2>    16  -0.039  -0.355   9.189   *
*                                                                             *
*******************************************************************************

*******************************************************************************
*                                                                             *
*  HFB PAIRING PROPERTIES                                           NEUTRONS  *
*                                                                             *
*  STRENGTH= 0.0626   GAP= 0.5738   FERMI ENERGY= -9.6564   ENERGY=  -5.2595  *
*                                                                             *
*******************************************************************************

*******************************************************************************
*                                                                             *
*  MULTIPOLE MOMENTS [UNITS:  (10 FERMI)^LAMBDA]                    NEUTRONS  *
*                                                                             *
*******************************************************************************
*                                                                             *
*  Q00 = 98.0000  .............  .............  .............  .............  *
*                                                                             *
*  Q10 =  6.7385  Q11 =    ZERO  .............  .............  .............  *
*                                                                             *
*  Q20 = 30.1740  Q21 =    ZERO  Q22 =  0.0106  .............  .............  *
*                                                                             *
*  Q30 =  2.2936  Q31 =    ZERO  Q32 = 4.7E-04  Q33 =    ZERO  .............  *
*                                                                             *
*  Q40 =  2.7875  Q41 =    ZERO  Q42 =  0.0021  Q43 =    ZERO  Q44 = 1.9E-05  *
*                                                                             *
*******************************************************************************

*******************************************************************************
*                                                                             *
*  ROOT-MEAN-SQUARE AND GEOMETRIC SIZES IN FERMIS                   NEUTRONS  *
*                                                                             *
*  R_RMS =  5.8771     X_RMS =  2.5268    Y_RMS =  2.5256    Z_RMS =  4.6665  *
*                                                                             *
*  R_GEO =  7.5873     X_GEO =  5.6502    Y_GEO =  5.6474    Z_GEO = 10.4347  *
*                                                                             *
*******************************************************************************

*******************************************************************************
*                                                                             *
*  BOHR DEFORMATIONS (FIRST-ORDER APPROXIMATION)                    NEUTRONS  *
*                                                                             *
*******************************************************************************
*                                                                             *
*  B10 =  0.1855  B11 =    ZERO  .............  .............  .............  *
*                                                                             *
*  B20 =  0.7066  B21 =    ZERO  B22 = 2.5E-04  .............  .............  *
*                                                                             *
*  B30 =  0.2244  B31 =    ZERO  B32 = 6.5E-05  B33 =    ZERO  .............  *
*                                                                             *
*  B40 =  0.3595  B41 =    ZERO  B42 = 3.8E-04  B43 =    ZERO  B44 = 3.5E-06  *
*                                                                             *
*******************************************************************************
*                                                                             *
*  BOHR DENSITY = 0.0536 FM^(-3)  BOHR RADIUS =   7.5873 FM                   *
*                                                                             *
*******************************************************************************

*******************************************************************************
*                                                                             *
*  SINGLE-QUASIPARTICLE PROPERTIES:                                 PROTONS   *
*                                                                             *
*******************************************************************************
*                                                                             *
*  NO)   ENERGY   (S=+,S=-)       PARITY   V2QUAP   EEQUIV   DEQUIV   V_CORR  *
*                                                                             *
*  37)    9.488   ( 19,  0)        0.770  0.99936  -11.886    0.481  1.00000  *
*  38)    9.488   (  0, 19)        0.770  0.99936  -11.886    0.481  1.00000  *
*  39)    8.882   (  0, 20)       -0.464  0.99919  -11.279    0.504  1.00000  *
*  40)    8.882   ( 20,  0)       -0.464  0.99919  -11.279    0.504  1.00000  *
*  41)    7.887   (  0, 21)       -0.970  0.99627  -10.239    0.962  0.99999  *
*  42)    7.887   ( 21,  0)       -0.970  0.99627  -10.239    0.962  0.99999  *
*  43)    7.486   ( 22,  0)       -0.532  0.99895   -9.881    0.484  1.00000  *
*  44)    7.486   (  0, 22)       -0.532  0.99895   -9.881    0.484  1.00000  *
*  45)    6.714   ( 23,  0)        0.749  0.99854   -9.106    0.512  1.00000  *
*  46)    6.714   (  0, 23)        0.749  0.99854   -9.106    0.512  1.00000  *
*  47)    6.270   (  0, 24)        0.742  0.99867   -8.664    0.456  1.00000  *
*  48)    6.270   ( 24,  0)        0.742  0.99867   -8.664    0.456  1.00000  *
*  49)    5.687   (  0, 25)        0.883  0.99807   -8.076    0.499  0.99999  *
*  50)    5.687   ( 25,  0)        0.883  0.99807   -8.076    0.499  0.99999  *
*  51)    5.386   ( 26,  0)       -0.478  0.99804   -7.776    0.477  0.99999  *
*  52)    5.386   (  0, 26)       -0.478  0.99804   -7.776    0.477  0.99999  *
*  53)    5.112   (  0, 27)       -0.683  0.99777   -7.501    0.482  0.99999  *
*  54)    5.112   ( 27,  0)       -0.683  0.99777   -7.501    0.482  0.99999  *
*  55)    3.789   (  0, 28)       -0.920  0.99600   -6.169    0.478  0.99998  *
*  56)    3.789   ( 28,  0)       -0.920  0.99600   -6.169    0.478  0.99998  *
*  59)    3.366   ( 30,  0)       -0.957  0.99533   -5.745    0.459  0.99997  *
*  60)    3.366   (  0, 30)       -0.957  0.99533   -5.745    0.459  0.99997  *
*  61)    3.334   ( 31,  0)        0.316  0.99500   -5.711    0.470  0.99997  *
*  62)    3.334   (  0, 31)        0.316  0.99500   -5.711    0.470  0.99997  *
*  63)    2.456   ( 32,  0)       -0.942  0.99159   -4.826    0.449  0.99993  *
*  64)    2.456   (  0, 32)       -0.942  0.99159   -4.826    0.449  0.99993  *
*  65)    2.298   (  0, 33)        0.518  0.98988   -4.662    0.460  0.99991  *
*  66)    2.298   ( 33,  0)        0.518  0.98988   -4.662    0.460  0.99991  *
*  67)    1.672   ( 34,  0)       -0.606  0.98024   -4.017    0.465  0.99976  *
*  68)    1.672   (  0, 34)       -0.606  0.98024   -4.017    0.465  0.99976  *
*  69)    1.667   (  0, 35)        0.849  0.97886   -4.008    0.480  0.99974  *
*  70)    1.667   ( 35,  0)        0.849  0.97886   -4.008    0.480  0.99974  *
*  71)    1.568   ( 36,  0)       -0.759  0.97760   -3.909    0.464  0.99971  *
*  72)    1.568   (  0, 36)       -0.759  0.97760   -3.909    0.464  0.99971  *
*  73)    1.394   (  0, 37)       -0.623  0.97379   -3.732    0.446  0.99962  *
*  74)    1.394   ( 37,  0)       -0.623  0.97379   -3.732    0.446  0.99962  *
*  75)    0.995   (  0, 38)        0.748  0.94306   -3.293    0.461  0.99883  *
*  76)    0.995   ( 38,  0)        0.748  0.94306   -3.293    0.461  0.99883  *
*  77)    0.554   ( 39,  0)        0.789  0.79198   -2.735    0.450  0.99226  *
*  78)    0.554   (  0, 39)        0.789  0.79198   -2.735    0.450  0.99226  *
*  79)    0.628   ( 40,  0)        0.526  0.17601   -2.004    0.478  0.97433  *
*  80)    0.628   (  0, 40)        0.526  0.17601   -2.004    0.478  0.97433  *
*  81)    0.706   (  0, 41)        0.968  0.13080   -1.890    0.476  0.97593  *
*  82)    0.706   ( 41,  0)        0.968  0.13080   -1.890    0.476  0.97593  *
*  83)    0.927   ( 42,  0)        0.423  0.06313   -1.601    0.451  0.98024  *
*  84)    0.927   (  0, 42)        0.423  0.06313   -1.601    0.451  0.98024  *
*  85)    2.570   (  0, 43)       -0.237  0.00730    0.121    0.438  0.99237  *
*  86)    2.570   ( 43,  0)       -0.237  0.00730    0.121    0.438  0.99237  *
*  87)    2.632   (  0, 44)       -0.657  0.00690    0.184    0.436  0.99254  *
*  88)    2.632   ( 44,  0)       -0.657  0.00690    0.184    0.436  0.99254  *
*  89)    2.828   (  0, 45)       -0.874  0.00728    0.376    0.481  0.99306  *
*  90)    2.828   ( 45,  0)       -0.874  0.00728    0.376    0.481  0.99306  *
*  91)    3.092   (  0, 46)       -0.725  0.00549    0.648    0.457  0.99364  *
*  92)    3.092   ( 46,  0)       -0.725  0.00549    0.648    0.457  0.99364  *
*  93)    3.231   (  0, 47)        0.634  0.00535    0.785    0.471  0.99391  *
*  94)    3.231   ( 47,  0)        0.634  0.00535    0.785    0.471  0.99391  *
*  95)    3.988   ( 48,  0)        0.483  0.00343    1.550    0.467  0.99505  *
*  96)    3.988   (  0, 48)        0.483  0.00343    1.550    0.467  0.99505  *
*  97)    4.139   ( 49,  0)        0.466  0.00310    1.703    0.460  0.99523  *
*  98)    4.139   (  0, 49)        0.466  0.00310    1.703    0.460  0.99523  *
*  99)    4.152   ( 50,  0)       -0.640  0.00269    1.718    0.430  0.99524  *
* 100)    4.152   (  0, 50)       -0.640  0.00269    1.718    0.430  0.99524  *
* 103)    4.354   ( 52,  0)       -0.343  0.00275    1.920    0.456  0.99546  *
* 104)    4.354   (  0, 52)       -0.343  0.00275    1.920    0.456  0.99546  *
* 105)    5.849   ( 53,  0)        0.954  0.00109    3.425    0.386  0.99661  *
* 106)    5.849   (  0, 53)        0.954  0.00109    3.425    0.386  0.99661  *
* 107)    6.017   ( 54,  0)       -0.406  0.00150    3.588    0.466  0.99671  *
* 108)    6.017   (  0, 54)       -0.406  0.00150    3.588    0.466  0.99671  *
* 109)    6.370   (  0, 55)        0.952  0.00135    3.942    0.468  0.99689  *
* 110)    6.370   ( 55,  0)        0.952  0.00135    3.942    0.468  0.99689  *
* 111)    7.069   (  0, 56)       -0.134  0.00089    4.646    0.421  0.99719  *
* 112)    7.069   ( 56,  0)       -0.134  0.00089    4.646    0.421  0.99719  *
* 113)    7.197   ( 57,  0)        0.742  0.00099    4.772    0.452  0.99724  *
* 114)    7.197   (  0, 57)        0.742  0.00099    4.772    0.452  0.99724  *
* 115)    7.353   (  0, 58)        0.804  0.00099    4.928    0.462  0.99730  *
* 116)    7.353   ( 58,  0)        0.804  0.00099    4.928    0.462  0.99730  *
* 117)    7.624   ( 59,  0)        0.928  0.00057    5.205    0.364  0.99740  *
* 118)    7.624   (  0, 59)        0.928  0.00057    5.205    0.364  0.99740  *
* 119)    7.914   (  0, 60)        0.660  0.00069    5.492    0.414  0.99749  *
* 120)    7.914   ( 60,  0)        0.660  0.00069    5.492    0.414  0.99749  *
* 121)    8.148   ( 61,  0)       -0.871  0.00351    5.679    0.964  0.99757  *
* 122)    8.148   (  0, 61)       -0.871  0.00351    5.679    0.964  0.99757  *
* 123)    8.196   (  0, 62)       -0.785  0.00063    5.775    0.410  0.99758  *
* 124)    8.196   ( 62,  0)       -0.785  0.00063    5.775    0.410  0.99758  *
* 125)    8.376   (  0, 63)        0.571  0.00074    5.953    0.457  0.99763  *
* 126)    8.376   ( 63,  0)        0.571  0.00074    5.953    0.457  0.99763  *
* 127)    8.595   (  0, 64)        0.351  0.00065    6.173    0.439  0.99769  *
* 128)    8.595   ( 64,  0)        0.351  0.00065    6.173    0.439  0.99769  *
* 129)    9.419   (  0, 65)       -0.681  0.00069    6.995    0.494  0.99789  *
* 130)    9.419   ( 65,  0)       -0.681  0.00069    6.995    0.494  0.99789  *
* 131)    9.495   (  0, 66)       -0.621  0.00050    7.074    0.423  0.99791  *
* 132)    9.495   ( 66,  0)       -0.621  0.00050    7.074    0.423  0.99791  *
* 133)    9.590   (  0, 67)       -0.782  0.00047    7.170    0.414  0.99793  *
* 134)    9.590   ( 67,  0)       -0.782  0.00047    7.170    0.414  0.99793  *
* 135)    9.645   ( 68,  0)        0.233  0.00052    7.224    0.439  0.99794  *
* 136)    9.645   (  0, 68)        0.233  0.00052    7.224    0.439  0.99794  *
* 137)    9.647   ( 69,  0)       -0.963  0.00056    7.225    0.458  0.99794  *
* 138)    9.647   (  0, 69)       -0.963  0.00056    7.225    0.458  0.99794  *
*                                                                             *
*1232)   TOTAL=  ( 616, 616)                                                  *
*                                                                             *
*******************************************************************************

*******************************************************************************
*                                                                             *
*  SINGLE-PARTICLE PROPERTIES: CANONICAL                            PROTONS   *
*                                                                             *
*******************************************************************************
*                                                                             *
*  NO)   ENERGY   (S=+,S=-)   | N,nz,lz,OMEz>   <P>    <JY>    <SY>   GFACT   *
*                                                                             *
*  20)  -11.893   ( 20,---)   | 4, 2, 2, 5/2>    76  -0.000  -0.000   1.863   *
*  21)  -11.273   ( 21,---)   | 5, 5, 0, 1/2>   -44  -1.629  -0.438   0.269   *
*  22)  -10.284   ( 22,---)   | 3, 0, 3, 7/2>   -96   0.000  -0.000  -1.404   *
*  23)   -9.895   ( 23,---)   | 5, 4, 1, 3/2>   -53   0.003  -0.002  -0.606   *
*  24)   -9.114   ( 24,---)   | 4, 2, 2, 3/2>    75   0.009  -0.002  -0.243   *
*  25)   -8.690   ( 25,---)   | 4, 2, 0, 1/2>    74  -0.577  -0.464   0.804   *
*  26)   -8.077   ( 26,---)   | 4, 1, 3, 7/2>    88   0.000  -0.000  -0.300   *
*  27)   -7.814   ( 27,---)   | 5, 4, 1, 1/2>   -48   0.721  -0.113  -0.156   *
*  28)   -7.504   ( 28,---)   | 5, 3, 2, 5/2>   -67   0.000  -0.000  -1.186   *
*  29)   -6.171   ( 29,---)   | 3, 0, 3, 5/2>   -92   0.000  -0.000  -0.136   *
*  30)   -5.758   ( 30,---)   | 3, 0, 1, 3/2>   -95  -0.005  -0.006   1.285   *
*  31)   -5.718   ( 31,---)   | 6, 6, 0, 1/2>    31  -2.208  -0.384   0.174   *
*  32)   -4.832   ( 32,---)   | 3, 0, 1, 1/2>   -94   0.143  -0.001  -0.010   *
*  33)   -4.664   ( 33,---)   | 6, 5, 1, 3/2>    52   0.006  -0.001  -0.098   *
*  34)   -4.018   ( 34,---)   | 5, 3, 2, 3/2>   -60   0.008  -0.003  -0.310   *
*  35)   -4.008   ( 35,---)   | 4, 1, 3, 5/2>    84   0.000   0.000   0.060   *
*  36)   -3.909   ( 36,---)   | 5, 2, 3, 7/2>   -75   0.000  -0.000  -0.635   *
*  37)   -3.735   ( 37,---)   | 5, 3, 0, 1/2>   -62  -0.577  -0.432   0.748   *
*  38)   -3.294   ( 38,---)   | 4, 1, 1, 3/2>    74  -0.005  -0.005   1.087   *
*  39)   -2.736   ( 39,---)   | 4, 1, 1, 1/2>    79   0.274  -0.054  -0.197   *
*  40)   -2.003   ( 40,---)   | 6, 4, 2, 5/2>    52   0.000  -0.000  -0.233   *
*  41)   -1.887   ( 41,---)   | 4, 0, 4, 9/2>    96   0.000   0.000  2.E+02   *
*  42)   -1.593   ( 42,---)   | 6, 5, 1, 1/2>    39   0.687  -0.134  -0.196   *
*                                                                             *
*******************************************************************************

*******************************************************************************
*                                                                             *
*  HFB PAIRING PROPERTIES                                            PROTONS  *
*                                                                             *
*  STRENGTH= 0.0755   GAP= 0.4621   FERMI ENERGY= -2.4307   ENERGY=  -2.8284  *
*                                                                             *
*******************************************************************************

*******************************************************************************
*                                                                             *
*  MULTIPOLE MOMENTS [UNITS:  (10 FERMI)^LAMBDA]                     PROTONS  *
*                                                                             *
*******************************************************************************
*                                                                             *
*  Q00 = 78.0000  .............  .............  .............  .............  *
*                                                                             *
*  Q10 =  5.3639  Q11 =    ZERO  .............  .............  .............  *
*                                                                             *
*  Q20 = 24.4154  Q21 =    ZERO  Q22 =  0.0074  .............  .............  *
*                                                                             *
*  Q30 =  1.8572  Q31 =    ZERO  Q32 = 3.3E-04  Q33 =    ZERO  .............  *
*                                                                             *
*  Q40 =  2.2568  Q41 =    ZERO  Q42 =  0.0014  Q43 =    ZERO  Q44 = 1.6E-05  *
*                                                                             *
*******************************************************************************

*******************************************************************************
*                                                                             *
*  ROOT-MEAN-SQUARE AND GEOMETRIC SIZES IN FERMIS                    PROTONS  *
*                                                                             *
*  R_RMS =  5.8460     X_RMS =  2.4855    Y_RMS =  2.4844    Z_RMS =  4.6718  *
*                                                                             *
*  R_GEO =  7.5471     X_GEO =  5.5577    Y_GEO =  5.5552    Z_GEO = 10.4465  *
*                                                                             *
*******************************************************************************

*******************************************************************************
*                                                                             *
*  BOHR DEFORMATIONS (FIRST-ORDER APPROXIMATION)                     PROTONS  *
*                                                                             *
*******************************************************************************
*                                                                             *
*  B10 =  0.1865  B11 =    ZERO  .............  .............  .............  *
*                                                                             *
*  B20 =  0.7260  B21 =    ZERO  B22 = 2.2E-04  .............  .............  *
*                                                                             *
*  B30 =  0.2320  B31 =    ZERO  B32 = 5.8E-05  B33 =    ZERO  .............  *
*                                                                             *
*  B40 =  0.3736  B41 =    ZERO  B42 = 3.3E-04  B43 =    ZERO  B44 = 3.7E-06  *
*                                                                             *
*******************************************************************************
*                                                                             *
*  BOHR DENSITY = 0.0433 FM^(-3)  BOHR RADIUS =   7.5471 FM                   *
*                                                                             *
*******************************************************************************

*******************************************************************************
*                                                                             *
*                  DENSITY INTEGRALS IN THE SKYRME FUNCTIONAL                 *
*                                                                             *
*******************************************************************************
*                                                                             *
*                   TOTAL(T)        SUM(S)      ISOSCALAR(P)  ISOVECTOR(M)    *
*                   --------        ------      ------------  ------------    *
*    DRHO_ =       20.617035     10.422916         20.617035      0.228797    *
*    DRHOD =        9.579340      4.841659          9.579340      0.103978    *
*    DLPR_ =       -4.338245     -2.187045         -4.338245     -0.035844    *
*    DTAU_ =       18.313662      9.327796         18.313662      0.341929    *
*    DSCU_ =        0.125923      0.071539          0.125923      0.017155    *
*    DDIV_ =        0.899208      0.461276          0.899208      0.023344    *
*                                                                             *
*    DSPI_ =        0.000000      0.000000          0.000000      0.000000    *
*    DSPID =        0.000000      0.000000          0.000000      0.000000    *
*    DLPS_ =        0.000000      0.000000          0.000000      0.000000    *
*    DCUR_ =        0.000000      0.000000          0.000000      0.000000    *
*    DKIS_ =        0.000000      0.000000          0.000000      0.000000    *
*    DROT_ =        0.000000      0.000000          0.000000      0.000000    *
*                                                                             *
*******************************************************************************

*******************************************************************************
*                                                                             *
*               CONTRIBUTIONS TO ENERGY IN THE SKYRME FUNCTIONAL              *
*                                                                             *
*******************************************************************************
*                                                                             *
*                 TOTAL(T)        SUM(S)        ISOSCALAR(P)  ISOVECTOR(M)    *
*                 --------        ------        ------------  ------------    *
*    ERHO_ =   -18432.867720   5610.818014     -12883.632226     61.582520    *
*    ERHOD =     9658.021534  -2456.483077       7227.915825    -26.377367    *
*    ELPR_ =     -426.602689    629.584857        197.822952      5.159216    *
*    ETAU_ =      607.208915   -450.267019        165.194627     -8.252730    *
*    ESCU_ =        0.000000      0.000000          0.000000      0.000000    *
*    EDIV_ =      -19.813011    -47.892022        -66.493204     -1.211830    *
*               ============  ============      ============  ============    *
*    SUM EVEN:  -8614.052971   3285.760753      -5359.192027     30.899809    *
*                                                                             *
*    ESPI_ =        0.000000      0.000000          0.000000      0.000000    *
*    ESPID =        0.000000      0.000000          0.000000      0.000000    *
*    ELPS_ =        0.000000      0.000000          0.000000      0.000000    *
*    ECUR_ =        0.000000      0.000000          0.000000      0.000000    *
*    EKIS_ =        0.000000      0.000000          0.000000      0.000000    *
*    EROT_ =        0.000000      0.000000          0.000000      0.000000    *
*               ============  ============      ============  ============    *
*    SUM  ODD:      0.000000      0.000000          0.000000      0.000000    *
*                                                                             *
*******************************************************************************
 
*******************************************************************************
*                                                                             *
*  CENTER-OF-MASS COORDINATES IN FERMIS                                TOTAL  *
*                                                                             *
*  R_CMS =  0.6876     X_CMS =  0.0000    Y_CMS =  0.0000    Z_CMS =  0.6876  *
*                                                                             *
*******************************************************************************

*******************************************************************************
*                                                                             *
*  MULTIPOLE MOMENTS [UNITS:  (10 FERMI)^LAMBDA] [CENT-MASS FRAME]  NEUTRONS  *
*                                                                             *
*******************************************************************************
*                                                                             *
*  Q00 = 98.0000  .............  .............  .............  .............  *
*                                                                             *
*  Q10 =-3.4E-04  Q11 =    ZERO  .............  .............  .............  *
*                                                                             *
*  Q20 = 29.2473  Q21 =    ZERO  Q22 =  0.0106  .............  .............  *
*                                                                             *
*  Q30 =  0.0182  Q31 =    ZERO  Q32 = 3.6E-05  Q33 =    ZERO  .............  *
*                                                                             *
*  Q40 =  2.4288  Q41 =    ZERO  Q42 =  0.0020  Q43 =    ZERO  Q44 = 1.9E-05  *
*                                                                             *
*******************************************************************************

*******************************************************************************
*                                                                             *
*  BOHR DEFORMATIONS (FIRST-ORDER APPROXIMATION) [CENT-MASS FRAME]  NEUTRONS  *
*                                                                             *
*******************************************************************************
*                                                                             *
*  B10 =-1.0E-05  B11 =    ZERO  .............  .............  .............  *
*                                                                             *
*  B20 =  0.8273  B21 =    ZERO  B22 = 3.0E-04  .............  .............  *
*                                                                             *
*  B30 =  0.0024  B31 =    ZERO  B32 = 6.6E-06  B33 =    ZERO  .............  *
*                                                                             *
*  B40 =  0.4571  B41 =    ZERO  B42 = 5.3E-04  B43 =    ZERO  B44 = 5.0E-06  *
*                                                                             *
*******************************************************************************
*                                                                             *
*  BOHR DENSITY = 0.0711 FM^(-3)  BOHR RADIUS =   6.9036 FM                   *
*                                                                             *
*******************************************************************************

*******************************************************************************
*                                                                             *
*  MULTIPOLE MOMENTS [UNITS:  (10 FERMI)^LAMBDA] [CENT-MASS FRAME]   PROTONS  *
*                                                                             *
*******************************************************************************
*                                                                             *
*  Q00 = 78.0000  .............  .............  .............  .............  *
*                                                                             *
*  Q10 = 3.4E-04  Q11 =    ZERO  .............  .............  .............  *
*                                                                             *
*  Q20 = 23.6777  Q21 =    ZERO  Q22 =  0.0074  .............  .............  *
*                                                                             *
*  Q30 =  0.0155  Q31 =    ZERO  Q32 = 2.6E-05  Q33 =    ZERO  .............  *
*                                                                             *
*  Q40 =  1.9662  Q41 =    ZERO  Q42 =  0.0014  Q43 =    ZERO  Q44 = 1.6E-05  *
*                                                                             *
*******************************************************************************

*******************************************************************************
*                                                                             *
*  BOHR DEFORMATIONS (FIRST-ORDER APPROXIMATION) [CENT-MASS FRAME]   PROTONS  *
*                                                                             *
*******************************************************************************
*                                                                             *
*  B10 = 1.3E-05  B11 =    ZERO  .............  .............  .............  *
*                                                                             *
*  B20 =  0.8526  B21 =    ZERO  B22 = 2.7E-04  .............  .............  *
*                                                                             *
*  B30 =  0.0026  B31 =    ZERO  B32 = 6.2E-06  B33 =    ZERO  .............  *
*                                                                             *
*  B40 =  0.4772  B41 =    ZERO  B42 = 4.7E-04  B43 =    ZERO  B44 = 5.4E-06  *
*                                                                             *
*******************************************************************************
*                                                                             *
*  BOHR DENSITY = 0.0577 FM^(-3)  BOHR RADIUS =   6.8584 FM                   *
*                                                                             *
*******************************************************************************

*******************************************************************************
*                                                                             *
*  EULER ANGLES OF THE PRINCIPAL-AXES FRAME IN DEGREES                 TOTAL  *
*                                                                             *
*  ALPHA =  0.00000  BETA =  0.00000  GAMMA =  0.00000                        *
*                                                                             *
*******************************************************************************

*******************************************************************************
*                                                                             *
*  ROOT-MEAN-SQUARE AND GEOMETRIC SIZES IN FERMIS                      TOTAL  *
*                                                                             *
*  R_RMS =  5.8633     X_RMS =  2.5086    Y_RMS =  2.5074    Z_RMS =  4.6689  *
*                                                                             *
*  R_GEO =  7.5695     X_GEO =  5.6094    Y_GEO =  5.6067    Z_GEO = 10.4399  *
*                                                                             *
*******************************************************************************

*******************************************************************************
*                                                                             *
*  MULTIPOLE MOMENTS [UNITS:  (10 FERMI)^LAMBDA]                       TOTAL  *
*                                                                             *
*******************************************************************************
*                                                                             *
*  Q00 =176.0000  .............  .............  .............  .............  *
*                                                                             *
*  Q10 = 12.1024  Q11 =    ZERO  .............  .............  .............  *
*                                                                             *
*  Q20 = 54.5895  Q21 =    ZERO  Q22 =  0.0180  .............  .............  *
*                                                                             *
*  Q30 =  4.1508  Q31 =    ZERO  Q32 = 7.9E-04  Q33 =    ZERO  .............  *
*                                                                             *
*  Q40 =  5.0443  Q41 =    ZERO  Q42 =  0.0035  Q43 =    ZERO  Q44 = 3.5E-05  *
*                                                                             *
*******************************************************************************

*******************************************************************************
*                                                                             *
*  BOHR DEFORMATIONS (FIRST-ORDER APPROXIMATION)                       TOTAL  *
*                                                                             *
*******************************************************************************
*                                                                             *
*  B10 =  0.1859  B11 =    ZERO  .............  .............  .............  *
*                                                                             *
*  B20 =  0.7152  B21 =    ZERO  B22 = 2.4E-04  .............  .............  *
*                                                                             *
*  B30 =  0.2278  B31 =    ZERO  B32 = 6.2E-05  B33 =    ZERO  .............  *
*                                                                             *
*  B40 =  0.3657  B41 =    ZERO  B42 = 3.6E-04  B43 =    ZERO  B44 = 3.6E-06  *
*                                                                             *
*******************************************************************************
*                                                                             *
*  BOHR DENSITY = 0.0969 FM^(-3)  BOHR RADIUS =   7.5695 FM                   *
*                                                                             *
*******************************************************************************

*******************************************************************************
*                                                                             *
*  MULTIPOLE MOMENTS [UNITS:  (10 FERMI)^LAMBDA] [CENT-MASS FRAME]     TOTAL  *
*                                                                             *
*******************************************************************************
*                                                                             *
*  Q00 =176.0000  .............  .............  .............  .............  *
*                                                                             *
*  Q10 =    ZERO  Q11 =    ZERO  .............  .............  .............  *
*                                                                             *
*  Q20 = 52.9250  Q21 =    ZERO  Q22 =  0.0180  .............  .............  *
*                                                                             *
*  Q30 =  0.0337  Q31 =    ZERO  Q32 = 6.2E-05  Q33 =    ZERO  .............  *
*                                                                             *
*  Q40 =  4.3951  Q41 =    ZERO  Q42 =  0.0034  Q43 =    ZERO  Q44 = 3.5E-05  *
*                                                                             *
*******************************************************************************

*******************************************************************************
*                                                                             *
*  BOHR DEFORMATIONS (FIRST-ORDER APPROXIMATION) [CENT-MASS FRAME]     TOTAL  *
*                                                                             *
*******************************************************************************
*                                                                             *
*  B10 =    ZERO  B11 =    ZERO  .............  .............  .............  *
*                                                                             *
*  B20 =  0.8384  B21 =    ZERO  B22 = 2.9E-04  .............  .............  *
*                                                                             *
*  B30 =  0.0025  B31 =    ZERO  B32 = 6.4E-06  B33 =    ZERO  .............  *
*                                                                             *
*  B40 =  0.4659  B41 =    ZERO  B42 = 5.0E-04  B43 =    ZERO  B44 = 5.2E-06  *
*                                                                             *
*******************************************************************************
*                                                                             *
*  BOHR DENSITY = 0.1288 FM^(-3)  BOHR RADIUS =   6.8836 FM                   *
*                                                                             *
*******************************************************************************

*******************************************************************************
*                                                                             *
*  MULTIPOLE MOMENTS [UNITS:  (10 FERMI)^LAMBDA] [INTRINSIC FRAME]     TOTAL  *
*                                                                             *
*  REAL PART  FOR A NON-NEGATIVE PROJECTION                                   *
*  IMAGINARY PART FOR A NEGATIVE PROJECTION                                   *
*                                                                             *
*******************************************************************************
*                                                                             *
*  Q00 =176.0000  .............  .............  .............  .............  *
*                 .............  .............  .............  .............  *
*                                                                             *
*  Q10 =    ZERO  Q1+1=    ZERO  .............  .............  .............  *
*                 Q1-1=    ZERO  .............  .............  .............  *
*                                                                             *
*  Q20 = 52.9250  Q2+1=    ZERO  Q2+2=  0.0180  .............  .............  *
*                 Q2-1=    ZERO  Q2-2=    ZERO  .............  .............  *
*                                                                             *
*  Q30 =  0.0337  Q3+1=    ZERO  Q3+2= 6.2E-05  Q3+3=    ZERO  .............  *
*                 Q3-1=    ZERO  Q3-2=    ZERO  Q3-3=    ZERO  .............  *
*                                                                             *
*  Q40 =  4.3951  Q4+1=    ZERO  Q4+2=  0.0034  Q4+3=    ZERO  Q4+4= 3.5E-05  *
*                 Q4-1=    ZERO  Q4-2=    ZERO  Q4-3=    ZERO  Q4-4=    ZERO  *
*                                                                             *
*******************************************************************************

*******************************************************************************
*                                                                             *
*  BOHR DEFORMATIONS (FIRST-ORDER APPROXIMATION) [INTRINSIC FRAME]     TOTAL  *
*                                                                             *
*  REAL PART  FOR A NON-NEGATIVE PROJECTION                                   *
*  IMAGINARY PART FOR A NEGATIVE PROJECTION                                   *
*                                                                             *
*******************************************************************************
*                                                                             *
*  B10 =    ZERO  B1+1=    ZERO  .............  .............  .............  *
*                 B1-1=    ZERO  .............  .............  .............  *
*                                                                             *
*  B20 =  0.8384  B2+1=    ZERO  B2+2= 2.9E-04  .............  .............  *
*                 B2-1=    ZERO  B2-2=    ZERO  .............  .............  *
*                                                                             *
*  B30 =  0.0025  B3+1=    ZERO  B3+2= 6.4E-06  B3+3=    ZERO  .............  *
*                 B3-1=    ZERO  B3-2=    ZERO  B3-3=    ZERO  .............  *
*                                                                             *
*  B40 =  0.4659  B4+1=    ZERO  B4+2= 5.0E-04  B4+3=    ZERO  B4+4= 5.2E-06  *
*                 B4-1=    ZERO  B4-2=    ZERO  B4-3=    ZERO  B4-4=    ZERO  *
*                                                                             *
*******************************************************************************
*                                                                             *
*  BOHR DENSITY = 0.1288 FM^(-3)  BOHR RADIUS =   6.8836 FM                   *
*                                                                             *
*******************************************************************************

*******************************************************************************
*                                                                             *
*                                ENERGIES (MEV)                               *
*                                                                             *
*******************************************************************************
*                                                                             *
*  KINETIC: (NEU)=  1899.712257    (PRO)=  1335.874872    (TOT)=  3235.587129 *
*  SUM EPS: (NEU)= -2105.216014    (PRO)= -1008.336130    (TOT)= -3113.552144 *
*  PAIRING: (NEU)=    -5.259489    (PRO)=    -2.828435    (TOT)=    -8.087924 *
*  P-REARR: (NEU)=     1.471833    (PRO)=     0.805427    (TOT)=     2.277260 *
*                                                                             *
*  PAIRGAP: (NEU)=     0.573759    (PRO)=     0.462064    THIS SPACE IS EMPTY *
*  E-FERMI: (NEU)=    -9.656391    (PRO)=    -2.430704    AND AWAITS  YOUR AD *
*                                                                             *
*  COULOMB: (DIR)=   748.255853    (EXC)=   -30.333922    (TOT)=   717.921931 *
*                                                                             *
*  CONSTR. (MULT)=   860.481498    SLOPE=   -24.569614    CORR.=    12.284807 *
*  CONSTR. (SURF)=     0.000000    SLOPE=     0.000000    CORR.=     0.000000 *
*  CONSTR. (SPIN)=     0.000000    SLOPE=     0.000000    CORR.=     0.000000 *
*  CONSTR. (ISOS)=     0.000000    SLOPE=     0.000000    CORR.=     0.000000 *
*                                                                             *
*  REARRANGEMENT ENERGY FROM THE SKYRME DENSITY-DEPENDENT TERMS=  1355.978805 *
*  ROUTHIAN= TOTAL ENERGY + MULTIPOLE AND (ISO)SPIN CONSTRAINTS=  -522.389583 *
*                                                                             *
*  SPIN-ORB (EVE)=   -67.705034    (ODD)=     0.000000    (TOT)=   -67.705034 *
*  SKYRME:  (EVE)= -5328.292218    (ODD)=     0.000000    (TOT)= -5328.292218 *
*                                                                             *
*  TOTAL:  (STAB)=    55.148470     (SP)= -1327.722611    (FUN)= -1382.871081 *
*                                                                             *
*******************************************************************************

*******************************************************************************
*                                                                             *
*  ITERATION RESTARTED FROM THE DISC, THE FOLLOWING FILE(S) READ:             *
*  ./restart/HFODD_00000019.REC                                        VER=19 *
*                                                                             *
*******************************************************************************
*                                                                             *
* CONVERGENCE REPORT                                                          *
*                                                                             *
*******************************************************************************
*                                                                             *
* ITER     ENERGY     STABILITY    Q_2    GAMMA   SPIN  OMEGA   ANGLE   EPAIR *
*                                                                             *
* 2211 -1382.871081   55.148470  52.925    0.02   0.00  0.000   0.000   -8.09 *
* 2212  -598.487338  897.069965 119.109    0.00   0.00  0.000   0.000   -0.95 *
* 2213  -746.006664  899.390099 131.915    0.00   0.00  0.000   0.000   -9.65 *
* 2214  -763.284105  802.262830 127.504    0.01   0.00  0.000   0.000   -9.70 *
* 2215  -806.917855  927.097516 130.317    0.00   0.00  0.000   0.000   -7.33 *
* 2216  -814.456135    1.01E+03 129.603    0.00   0.00  0.000   0.000   -6.80 *
* 2217  -797.255137    1.03E+03 129.635    0.00   0.00  0.000   0.000   -5.38 *
* 2218  -776.543055    1.16E+03 128.892    0.00   0.00  0.000   0.000   -5.12 *
* 2219  -730.570430    1.04E+03 126.083    0.00   0.00  0.000   0.000   -4.14 *
* 2220  -745.581826    1.35E+03 127.312    0.00   0.00  0.000   0.000   -6.27 *
* 2221  -616.764160  847.960384 118.305    0.00   0.00  0.000   0.000   -3.55 *
* 2222  -760.988272   -9.78E+03 128.964    0.00   0.00  0.000   0.000  -11.08 *
* 2223   -52.614120    2.38E+03 142.690   60.00   0.00  0.000   0.000   -0.16 *
* 2224  -115.206954    1.20E+04 144.912   59.94   0.00  0.000   0.000   -0.24 *
* 2225   543.591385   -1.14E+04 152.643   59.96   0.00  0.000   0.000   -0.02 *
* 2226  3289.820014   -1.10E+05  14.755   38.64   0.00  0.000   0.000  -47.98 *

 //////////////////// MAXIMUM NUMBER OF ITERATIONS       ////////////////////
 //////////////////// EXCEEDED IN QUABCS                 ////////////////////

*******************************************************************************
*                                                                             *
*  PROCESSOR   EXECUTION  TIMES IN SUBROUTINES                                *
*  INCLUDING THEIR COMPLETE DOWN-CALLING TREES                                *
*                                                                             *
*******************************************************************************
*                                                                             *
*     4601 => HFODD    2406 => DENSHF   1015 => DIAMAT    929 => HFBSIM       *
*                                                                             *
*      443 => QMULCM    238 => PAIMAC    206 => CANQUA    203 => RECORD       *
*                                                                             *
*       80 => AVEQUA     31 => INTEGH     28 => INTSOR     27 => INTEGD       *
*                                                                             *
*       23 => DENMAC     15 => MOMETS     14 => INTMUL     12 => DOBROY       *
*                                                                             *
*       10 => BEGINC      9 => SKFILD      7 => SPAVER      6 => INTMAS       *
*                                                                             *
*        6 => ROTAVR      6 => LINAVR      5 => AVOBSE      4 => COUMAT       *
*                                                                             *
*        4 => INTCOU      3 => NILASP      3 => INTCEN      2 => POWALL       *
*                                                                             *
*        2 => AVANGY      1 => SKPAIR      0 => INTKIN      0 => AVPARI       *
*                                                                             *
*        0 => QUABCS      0 => SHICOE      0 => AVSIMP      0 => PAXMOM       *
*                                                                             *
*        0 => SHISIF      0 => MOMSIF      0 => MOMVMU      0 => MAGMOM       *
*                                                                             *
*        0 => SPIMOM      0 => SHIMOM      0 => SHIMAG                        *
*                                                                             *
*******************************************************************************
*                                                                             *
*  NUMBERS OF CALLS TO SUBROUTINES                                            *
*                                                                             *
*******************************************************************************
*                                                                             *
*      743 => BEGINC    614 => INTMUL    198 => INTSOR     81 => DIAMAT       *
*                                                                             *
*       66 => INTMAS     66 => INTCEN     65 => INTKIN     64 => AVEQUA       *
*                                                                             *
*       48 => PAXMOM     33 => INTEGH     33 => INTEGD     33 => HFBSIM       *
*                                                                             *
*       33 => QUABCS     32 => CANQUA     32 => AVPARI     32 => DENSHF       *
*                                                                             *
*       32 => DENMAC     32 => PAIMAC     32 => MOMETS     32 => MOMSIF       *
*                                                                             *
*       32 => MOMVMU     32 => MAGMOM     32 => SPIMOM     32 => LINAVR       *
*                                                                             *
*       32 => ROTAVR     32 => SHICOE     17 => RECORD     17 => COUMAT       *
*                                                                             *
*       17 => INTCOU     16 => QMULCM     16 => SKFILD     16 => SKPAIR       *
*                                                                             *
*       16 => DOBROY     16 => SHIMOM     16 => SHISIF     16 => SHIMAG       *
*                                                                             *
*       14 => SPAVER      2 => AVANGY      2 => AVOBSE      2 => AVSIMP       *
*                                                                             *
*        2 => NILASP      1 => HFODD       1 => POWALL                        *
*                                                                             *
*******************************************************************************
*                                                                             *
*  EXECUTION ENDS ON 2016.09.06 AT 13:25:03.703                               *
*                                                                             *
*******************************************************************************
