*******************************************************************************
*                                                                             *
*                     P A R A L L E L    M O D E L                            *
*                                                                             *
*  SIMPLE MPI FRAMEWORK (1 COMMUNICATOR)    :  1 MPI PROCESS per HFODD TASK   *
*  MULTI-THREADING FRAMEWORK WITH OPENMP   :  4 THREADS per HFODD MPI PROCESS *
*                                                                             *
*******************************************************************************
*                                                                             *
*                        __  __ _____  ___   ____   ____                      *
*                       / / / // ___/.' _ \ / __ \ / __ \                     *
*                      / /_/ // /_  / / / // / / // / / /                     *
*                     / __  // __/ / / / // / / // / / /                      *
*                    / / / // /   / /_/ // /_/ // /_/ /                       *
*                   /_/ /_//_/    \___.'/____.'/____.'                        *
*                                                                             *
*                                                                             *
*******************************************************************************
*                                                                             *
*             SKYRME-HARTREE-FOCK-BOGOLYUBOV CODE VERSION: 2.77B              *
*                                                                             *
*              NO SYMMETRY-PLANES AND NO TIME-REVERSAL SYMMETRY               *
*                                                                             *
*                DEFORMED CARTESIAN HARMONIC-OSCILLATOR BASIS                 *
*                                                                             *
*******************************************************************************
*                                                                             *
*             J. DOBACZEWSKI, P. BACZYK, B.G. CARLSSON, J. DUDEK              *
*                 J. ENGEL, Y. GAO, M. KONIECZKA, T. LESINSKI                 *
*                 J. MCDONNELL, P. OLBRATOWSKI, P. POWALOWSKI                 *
*                  M. SADZIAK, J. SARICH, K. SATO, W. SATULA                  *
*             N. SCHUNCK,  J.A. SHEIKH, A. STASZCZAK, M. STOITSOV             *
*             P. TOIVANEN, X.B. WANG, M. ZALEWSKI AND H. ZDUNCZUK             *
*                                                                             *
*                   INSTYTUT FIZYKI TEORETYCZNEJ, WARSZAWA                    *
*                 LAWRENCE LIVERMORE NATIONAL LABORATORY, USA                 *
*                                                                             *
*                                  1993-2016                                  *
*                                                                             *
*******************************************************************************

*******************************************************************************
*                                                                             *
*  CODE COMPILED WITH THE FOLLOWING ARRAY DIMENSIONS AND SWITCHES:            *
*                                                                             *
*******************************************************************************
*                                                                             *
*  NDBASE = 1200  NDSTAT = 1200  NDXHRM =   40  NDYHRM =   40  NDZHRM =   64  *
*                                                                             *
*  NDMAIN =   30  NDMULT =    9  NDMULR =    4  NDLAMB =    9  NDITER = 5000  *
*                                                                             *
*  NDAKNO =    1  NDBKNO =    1  NDPROI =    2  NDCOUL =   80  NDPOLS =   25  *
*                                                                             *
*  NDATKN =   20  NDBTKN =   10  NDPROT =    1  NDPROD =    3                 *
*                                                                             *
*  IPARAL =    0  IPARAT =    0  I_CRAY =    0                                *
*                                                                             *
*                                                                             *
*  PRE-PROCESSOR OPTIONS:                                                     *
*                                                                             *
*       switch_port = 1     switch_diag = 3     switch_essl = 0               *
*                                                                             *
*                           switch_quad = 0     switch_vect = 1               *
*                                                                             *
*******************************************************************************
*                                                                             *
*  EXECUTION BEGINS ON 2016.08.25 AT 05:44:15.690                             *
*                                                                             *
*******************************************************************************
 
*******************************************************************************
*                                                                             *
*  CLASSICAL NUCLEAR SURFACE DEFINED FOR:                    N = 98   Z = 78  *
*                                                                             *
*******************************************************************************
*                                                                             *
*  AL10 =   ZERO  AL11 =   ZERO  .............  .............  .............  *
*                                                                             *
*  AL20 =  0.450  AL21 =   ZERO  AL22 =   ZERO  .............  .............  *
*                                                                             *
*******************************************************************************
*                                                                             *
*                                           HOMEGA=  8.1030  FCHOM0=  1.1076  *
*                                                                             *
*  OSCILLATOR FREQUENCIES: HBAROX=  9.2935  HBAROY=  9.2935  HBAROZ=  6.1600  *
*                                                                             *
*  MOMENTS OF INERTIA:     XMOMFC=100.6096  YMOMFC=100.6096  ZMOMFC= 61.4198  *
*                                                                             *
*  CENTERS OF MASS:        CMSXFC= -0.0000  CMSYFC= -0.0000  CMSZFC=  0.0000  *
*                                                                             *
*******************************************************************************

*******************************************************************************
*                                                                             *
*                           SKYRME FORCE DEFINITION                           *
*                                                                             *
*******************************************************************************
*                                                                             *
* PARAMETER SET HFB1:  T0= -1666.41  T1=   255.23  T2=  1521.28  T3= 12072.51 *
*                                                                             *
* POWER=0.37658031358  X0=  0.14608  X1= -4.82248  X2= -1.35211  X3=  0.00432 *
*                                                                             *
* IETA: J=0  W=1 CM=3  M=1  P=1  T=0 HBM= 20.73553 W0=  44.0677 W0P= 207.6502 *
*                                                                             *
*******************************************************************************

*******************************************************************************
*                                                                             *
*              COUPLING CONSTANTS DEFINING THE SKYRME FUNCTIONAL              *
*                                                                             *
*******************************************************************************
*                                                                             *
*                   TOTAL(T)        SUM(S)      ISOSCALAR(P)  ISOVECTOR(M)    *
*                   --------        ------      ------------  ------------    *
*    CRHO_ =     -894.060074    538.315575       -624.902286    269.157788    *
*    CRHOD =     1008.213640   -507.363897        754.531691   -253.681949    *
*    CLPR_ =       98.335311   -287.870148        -45.599763   -143.935074    *
*    CTAU_ =       33.156062    -48.271535          9.020295    -24.135768    *
*    CSCU_ =        0.000000      0.000000          0.000000      0.000000    *
*    CDIV_ =      -22.033840   -103.825096        -73.946388    -51.912548    *
*                                                                             *
*    CSPI_ =      -60.857026    416.601524        147.443736    208.300762    *
*    CSPID =        2.171385   -503.021127       -249.339179   -251.510564    *
*    CLPS_ =       51.110395     71.467295         86.844042     35.733647    *
*    CCUR_ =      -33.156062     48.271535         -9.020295     24.135768    *
*    CKIS_ =        0.000000      0.000000          0.000000      0.000000    *
*    CROT_ =      -22.033840   -103.825096        -73.946388    -51.912548    *
*                                                                             *
*******************************************************************************

*******************************************************************************
*                                                                             *
*                          NUCLEAR MATTER PROPERTIES                          *
*                                                                             *
*******************************************************************************
*                                                                             *
*     E = -15.8000  rho0 =   0.15625   K =  244.6682   Ms =    0.9364         *
*                   asym =  28.66820   L =   40.1091   Mv =    1.2498         *
*                                                                             *
*******************************************************************************

*******************************************************************************
*                                                                             *
*  PHYSICAL CONSTANTS:     H_BARC=197.32891000           HBCOE2=137.03602000  *
*                                                                             *
*                          XMASSN=938.90590000           XMASSP=938.27231000  *
*                                                                             *
*                          HBMASS= 20.73553000           HBMRPA= 20.73553000  *
*                                                                             *
*                          ECHAR2=  1.43997841           COULEX= -1.06350868  *
*                                                                             *
*******************************************************************************
*                                                                             *
*  OSCILLATOR LENGTHS:     X= 2.1124716      Y= 2.1124716       Z= 2.5947182  *
*                                                                             *
*  OSCILLATOR CONSTANTS:   X= 0.4733792      Y= 0.4733792       Z= 0.3853983  *
*                                                                             *
*  OSCILLATOR FREQUENCIES: X= 9.2934639      Y= 9.2934639       Z= 6.1599754  *
*                                                                             *
*******************************************************************************
*                                                                             *
*  BASIS CUT-OFF CONTROL PARAMETERS:  NXMAXX = 15  NYMAXX = 15  NZMAXX =  23  *
*                                                                             *
*                                     NXHERM = 36  NYHERM = 36  NZHERM =  60  *
*                                                                             *
*                                     NLIMIT=1140  LDBASE=1140  MCOUNT=29791  *
*                                                                             *
*                                     ENECUT= 800.0000      ELIMIT= 154.3739  *
*                                                                             *
*******************************************************************************

*******************************************************************************
*                                                                             *
*   SHAPE OF THE OSCILLATOR-BASIS DIAMOND    (THREE CONSECUTIVE PROJECTIONS)  *
*                                                                             *
*******************************************************************************
*                                                                             *
*        NX ===>>>  0  1  2  3  4  5  6  7  8  9 10 11 12 13 14 15            *
*        MAX.NY => 15 14 13 12 11 10  9  8  7  6  5  4  3  2  1  0            *
*                 ------------------------------------------------            *
*   NY= 0  (15)  | 23 21 20 18 17 15 14 12 10  9  7  6  4  3  1  0            *
*   NY= 1  (14)  | 21 20 18 17 15 14 12 10  9  7  6  4  3  1  0               *
*   NY= 2  (13)  | 20 18 17 15 14 12 10  9  7  6  4  3  1  0                  *
*   NY= 3  (12)  | 18 17 15 14 12 10  9  7  6  4  3  1  0                     *
*   NY= 4  (11)  | 17 15 14 12 10  9  7  6  4  3  1  0                        *
*   NY= 5  (10)  | 15 14 12 10  9  7  6  4  3  1  0                           *
*   NY= 6  ( 9)  | 14 12 10  9  7  6  4  3  1  0                              *
*   NY= 7  ( 8)  | 12 10  9  7  6  4  3  1  0                                 *
*   NY= 8  ( 7)  | 10  9  7  6  4  3  1  0                                    *
*   NY= 9  ( 6)  |  9  7  6  4  3  1  0                                       *
*   NY=10  ( 5)  |  7  6  4  3  1  0                                          *
*   NY=11  ( 4)  |  6  4  3  1  0                                             *
*   NY=12  ( 3)  |  4  3  1  0                                                *
*   NY=13  ( 2)  |  3  1  0                                                   *
*   NY=14  ( 1)  |  1  0                                                      *
*   NY=15  ( 0)  |  0                                                         *
*                                                                             *
*                                                                             *
*        NZ ===>>>  0  1  2  3  4  5  6  7  8  9 10 11 12 13 14 15 16 17 18   *
*        MAX.NY => 15 14 13 13 12 11 11 10  9  9  8  7  7  6  6  5  4  4  3   *
*                 ---------------------------------------------------------   *
*   NY= 0  (23)  | 15 14 13 13 12 11 11 10  9  9  8  7  7  6  6  5  4  4  3   *
*   NY= 1  (21)  | 14 13 12 12 11 10 10  9  8  8  7  6  6  5  5  4  3  3  2   *
*   NY= 2  (20)  | 13 12 11 11 10  9  9  8  7  7  6  5  5  4  4  3  2  2  1   *
*   NY= 3  (18)  | 12 11 10 10  9  8  8  7  6  6  5  4  4  3  3  2  1  1  0   *
*   NY= 4  (17)  | 11 10  9  9  8  7  7  6  5  5  4  3  3  2  2  1  0  0      *
*   NY= 5  (15)  | 10  9  8  8  7  6  6  5  4  4  3  2  2  1  1  0            *
*   NY= 6  (14)  |  9  8  7  7  6  5  5  4  3  3  2  1  1  0  0               *
*   NY= 7  (12)  |  8  7  6  6  5  4  4  3  2  2  1  0  0                     *
*   NY= 8  (10)  |  7  6  5  5  4  3  3  2  1  1  0                           *
*   NY= 9  ( 9)  |  6  5  4  4  3  2  2  1  0  0                              *
*   NY=10  ( 7)  |  5  4  3  3  2  1  1  0                                    *
*   NY=11  ( 6)  |  4  3  2  2  1  0  0                                       *
*   NY=12  ( 4)  |  3  2  1  1  0                                             *
*   NY=13  ( 3)  |  2  1  0  0                                                *
*   NY=14  ( 1)  |  1  0                                                      *
*   NY=15  ( 0)  |  0                                                         *
*                                                                             *
*                                                                             *
*        NZ ===>>>  0  1  2  3  4  5  6  7  8  9 10 11 12 13 14 15 16 17 18   *
*        MAX.NX => 15 14 13 13 12 11 11 10  9  9  8  7  7  6  6  5  4  4  3   *
*                 ---------------------------------------------------------   *
*   NX= 0  (23)  | 15 14 13 13 12 11 11 10  9  9  8  7  7  6  6  5  4  4  3   *
*   NX= 1  (21)  | 14 13 12 12 11 10 10  9  8  8  7  6  6  5  5  4  3  3  2   *
*   NX= 2  (20)  | 13 12 11 11 10  9  9  8  7  7  6  5  5  4  4  3  2  2  1   *
*   NX= 3  (18)  | 12 11 10 10  9  8  8  7  6  6  5  4  4  3  3  2  1  1  0   *
*   NX= 4  (17)  | 11 10  9  9  8  7  7  6  5  5  4  3  3  2  2  1  0  0      *
*   NX= 5  (15)  | 10  9  8  8  7  6  6  5  4  4  3  2  2  1  1  0            *
*   NX= 6  (14)  |  9  8  7  7  6  5  5  4  3  3  2  1  1  0  0               *
*   NX= 7  (12)  |  8  7  6  6  5  4  4  3  2  2  1  0  0                     *
*   NX= 8  (10)  |  7  6  5  5  4  3  3  2  1  1  0                           *
*   NX= 9  ( 9)  |  6  5  4  4  3  2  2  1  0  0                              *
*   NX=10  ( 7)  |  5  4  3  3  2  1  1  0                                    *
*   NX=11  ( 6)  |  4  3  2  2  1  0  0                                       *
*   NX=12  ( 4)  |  3  2  1  1  0                                             *
*   NX=13  ( 3)  |  2  1  0  0                                                *
*   NX=14  ( 1)  |  1  0                                                      *
*   NX=15  ( 0)  |  0                                                         *
*                                                                             *
*******************************************************************************

*******************************************************************************
*                                                                             *
* NUCLIDE: N =  98  Z =  78  NUMBER OF ITERATIONS = 1000   CONTINUATION? = 1  *
*                                                                             *
*******************************************************************************
*                                                                             *
* ITERATIONS WILL STOP WHEN THE STABILITY BECOMES LOWER THAN EPSITE=0.300000  *
*                                            FOR    5 CONSECUTIVE ITERATIONS  *
*                                                                             *
*******************************************************************************
*                                                                             *
* ITERATIONS WILL STOP WHEN THE PING-PONG DIVERGENCE OCCURS FOR EPSPNG=0.010  *
*                                DURING    5 PAIRS OF CONSECUTIVE ITERATIONS  *
*                                                                             *
*******************************************************************************
*                                                                             *
* ITERATIONS WILL STOP FOR CHAOTIC-DIVERGENCE CONDITION OCCURING   20  TIMES  *
*                                                                             *
*******************************************************************************
*                                                                             *
* SLOW-DOWN PARAMETERS:                                                       *
* TIME-EVEN = 0.85   TIME-ODD = 0.85   PAIRING = 0.85   LIPKIN-NOGAMI = 0.85  *
*                    LIP-MASS = 0.50   LIP-MOI = 0.50   LIPKIN-METHOD = 0.50  *
*                                                                             *
*******************************************************************************
*                                                                             *
* BROYDEN METHOD IS:  ON                                                      *
*                                                                             *
*    TRIGGERED ONLY WHEN STABILITY IS LOWER THAN :  1000.000 MEV              *
*    INITIAL SLOWING FACTOR (BEFORE TRIGGER)     :     0.85 (=SLOWEV)         *
*    BROYDEN SLOWING FACTOR (AFTER  TRIGGER)     :     0.40 (=1-ALPHAM)       *
*    NUMBER OF ITERATIONS RETAINED IN MEMORY     :    10                      *
*                                                                             *
*******************************************************************************
*                                                                             *
* DIRECT COULOMB TERMS SOLVED BY GREEN FUNCTION AND FOURIER TRANSFORM METHOD  *
* COULOMB PARAMETERS:  NUMCOU = 80  NUMETA = 79  BOUCOU = 20.0  FURMAX =0.25  *
*                                                                             *
*******************************************************************************
*                                                                             *
* EXCHANGE COULOMB TERMS TREATED BY THE SLATER APPROXIMATION                  *
*                                                                             *
*******************************************************************************
*                                                                             *
* MAXIMUM NUMBERS OF MULTIPOLE MOMENTS USED FOR THE CONSTRAINTS,    NMUCON=4  *
*                                           FOR THE COULOMB FIELD,  NMUCOU=4  *
*                                           FOR THE OUTPUT INFO,    NMUPRI=4  *
*                                                                             *
*******************************************************************************
*                                                                             *
* MULTIPOLE CONSTRAINTS: LAMBDA= 2  MIU= 0  MOMENT= 81.000  STIFFNESS= 0.500  *
*                        LAMBDA= 3  MIU= 0  MOMENT= 26.000  STIFFNESS= 0.500  *
*                                                                             *
*******************************************************************************
*                                                                             *
* LINEAR MULTIPOLE CONSTRAINTS: LAMBDA= 2  MIU= 0  LAGRANGE PAR. USED= 0.000  *
*                               LAMBDA= 3  MIU= 0  LAGRANGE PAR. USED= 0.000  *
*                                                                             *
*******************************************************************************
*                                                                             *
* THE LAGRANGE PARAMETERS OF THE LINEAR CONSTRAINTS ARE RE-ADJUSTED AT EACH   *
* ITERATION BY USING THE CRANKING APPROXIMATION OF THE RPA MATRIX             *
*                                                                             *
*******************************************************************************
*                                                                             *
* PRINTING THE RESULTS FOR THE FOLLOWING ITERATIONS:         THE  FIRST: YES  *
*                                                            THE MIDDLE:  NO  *
*                                                     AND/OR THE   LAST: YES  *
*                                                                             *
*******************************************************************************
*                                                                             *
* PRINTING THE MOMENTS, RADII, AND DEFORMATIONS FOR:           NEUTRONS: YES  *
*                                                              PROTONS : YES  *
*                                                              MASS    : YES  *
*                                                                             *
*******************************************************************************
*                                                                             *
* PRINTING THE MOMENTS, MOMENTA AND DEFORMATIONS IN THE INTRINSIC FRAME: YES  *
*                                                                             *
*******************************************************************************
*                                                                             *
* NILSSON LABELS OF SINGLE-PARTICLE STATES SHOWN WITH RESPECT TO THE: Z-AXIS  *
*                                                                             *
*******************************************************************************
*                                                                             *
* CALCULATIONS WITH THE HFB PAIRING CORRELATIONS                              *
*                                                                             *
*******************************************************************************
*                                                                             *
* CONTACT PAIRING INTERACTION:     V0        V1       RHO-SAT      POWER      *
*                    NEUTRONS:  -234.380   732.438     0.320     1.0000000    *
*                     PROTONS:  -260.437   813.866     0.320     1.0000000    *
*                                                                             *
*******************************************************************************
*                                                                             *
* CUTOFF ENERGY DEFINING THE ACTIVE HFB PAIRING SPACE=      60.000            *
*                                                                             *
*******************************************************************************
*                                                                             *
* CALCULATIONS WITH SIMPLEX SYMMETRY                                          *
*                                                                             *
*******************************************************************************
*                                                                             *
* CALCULATIONS WITH TIME-ODD SYMMETRIES:        T*SIMPLEX_X =>     CONSERVED  *
*                                               T*SIMPLEX_Y =>     CONSERVED  *
*                                               T*SIMPLEX_Z => NON CONSERVED  *
*                                                                             *
*******************************************************************************
*                                                                             *
* CALCULATIONS WITHOUT ROTATION                                               *
*                                                                             *
*******************************************************************************

*******************************************************************************
*                                                                             *
*  CALLING SUBROUTINE "RECORD" TO READ THE REPLAY FILE OBTAINED PREVIOUSLY    *
*  ./restart/HFODD_00000033.REC                                               *
*                                                                             *
*******************************************************************************

*******************************************************************************
*                                                                             *
*  SINGLE-QUASIPARTICLE PROPERTIES:                                NEUTRONS   *
*                                                                             *
*******************************************************************************
*                                                                             *
*  NO)   ENERGY   (S=+,S=-)       PARITY   V2QUAP   EEQUIV   DEQUIV   V_CORR  *
*                                                                             *
*  47)    9.568   (  0, 24)        0.052  0.99902  -19.518    0.599  0.99999  *
*  48)    9.568   ( 24,  0)        0.052  0.99902  -19.518    0.599  0.99999  *
*  49)    9.074   ( 25,  0)        0.753  0.99862  -19.017    0.674  0.99998  *
*  50)    9.074   (  0, 25)        0.753  0.99862  -19.017    0.674  0.99998  *
*  51)    8.592   ( 26,  0)        0.220  0.99507  -18.476    1.203  0.99994  *
*  52)    8.592   (  0, 26)        0.220  0.99507  -18.476    1.203  0.99994  *
*  53)    7.862   ( 27,  0)        0.757  0.99863  -17.809    0.581  0.99998  *
*  54)    7.862   (  0, 27)        0.757  0.99863  -17.809    0.581  0.99998  *
*  55)    7.556   ( 28,  0)        0.271  0.99872  -17.505    0.540  0.99998  *
*  56)    7.556   (  0, 28)        0.271  0.99872  -17.505    0.540  0.99998  *
*  57)    7.926   ( 29,  0)        0.609  0.95804  -17.229    3.178  0.99943  *
*  58)    7.926   (  0, 29)        0.609  0.95804  -17.229    3.178  0.99943  *
*  59)    5.527   ( 30,  0)       -0.170  0.99762  -15.468    0.539  0.99995  *
*  60)    5.527   (  0, 30)       -0.170  0.99762  -15.468    0.539  0.99995  *
*  61)    5.138   (  0, 31)        0.607  0.99563  -15.061    0.678  0.99991  *
*  62)    5.138   ( 31,  0)        0.607  0.99563  -15.061    0.678  0.99991  *
*  63)    4.522   (  0, 32)        0.318  0.99698  -14.463    0.496  0.99993  *
*  64)    4.522   ( 32,  0)        0.318  0.99698  -14.463    0.496  0.99993  *
*  65)    6.698   ( 33,  0)        0.353  0.82012  -14.256    5.145  0.99709  *
*  66)    6.698   (  0, 33)        0.353  0.82012  -14.256    5.145  0.99709  *
*  67)    4.094   ( 34,  0)        0.382  0.99532  -14.024    0.559  0.99987  *
*  68)    4.094   (  0, 34)        0.382  0.99532  -14.024    0.559  0.99987  *
*  69)    4.064   (  0, 35)        0.369  0.99653  -14.003    0.478  0.99991  *
*  70)    4.064   ( 35,  0)        0.369  0.99653  -14.003    0.478  0.99991  *
*  71)    3.757   ( 36,  0)        0.277  0.99431  -13.682    0.565  0.99983  *
*  72)    3.757   (  0, 36)        0.277  0.99431  -13.682    0.565  0.99983  *
*  75)    3.127   ( 38,  0)        0.579  0.99272  -13.049    0.532  0.99974  *
*  76)    3.127   (  0, 38)        0.579  0.99272  -13.049    0.532  0.99974  *
*  77)    3.016   ( 39,  0)        0.686  0.99303  -12.942    0.502  0.99974  *
*  78)    3.016   (  0, 39)        0.686  0.99303  -12.942    0.502  0.99974  *
*  79)    2.969   ( 40,  0)        0.189  0.99177  -12.888    0.537  0.99969  *
*  80)    2.969   (  0, 40)        0.189  0.99177  -12.888    0.537  0.99969  *
*  81)    1.869   ( 41,  0)       -0.265  0.98343  -11.775    0.477  0.99897  *
*  82)    1.869   (  0, 41)       -0.265  0.98343  -11.775    0.477  0.99897  *
*  85)    1.724   (  0, 43)        0.363  0.97585  -11.609    0.529  0.99837  *
*  86)    1.724   ( 43,  0)        0.363  0.97585  -11.609    0.529  0.99837  *
*  87)    1.702   ( 44,  0)       -0.309  0.97545  -11.587    0.527  0.99832  *
*  88)    1.702   (  0, 44)       -0.309  0.97545  -11.587    0.527  0.99832  *
*  89)    1.653   ( 45,  0)        0.574  0.97948  -11.553    0.469  0.99855  *
*  90)    1.653   (  0, 45)        0.574  0.97948  -11.553    0.469  0.99855  *
*  91)    1.232   ( 46,  0)        0.235  0.96510  -11.114    0.452  0.99658  *
*  92)    1.232   (  0, 46)        0.235  0.96510  -11.114    0.452  0.99658  *
*  93)    1.193   ( 47,  0)       -0.575  0.94991  -11.042    0.520  0.99492  *
*  94)    1.193   (  0, 47)       -0.575  0.94991  -11.042    0.520  0.99492  *
*  95)    0.753   (  0, 48)       -0.725  0.85137  -10.497    0.536  0.97526  *
*  96)    0.753   ( 48,  0)       -0.725  0.85137  -10.497    0.536  0.97526  *
*  97)    0.690   (  0, 49)       -0.496  0.81270  -10.400    0.539  0.96608  *
*  98)    0.690   ( 49,  0)       -0.496  0.81270  -10.400    0.539  0.96608  *
*  99)    0.486   (  0, 50)       -0.130  0.45675   -9.926    0.484  0.87962  *
* 100)    0.486   ( 50,  0)       -0.130  0.45675   -9.926    0.484  0.87962  *
* 101)    0.570   (  0, 51)       -0.284  0.22487   -9.654    0.476  0.86737  *
* 102)    0.570   ( 51,  0)       -0.284  0.22487   -9.654    0.476  0.86737  *
* 103)    1.053   ( 52,  0)       -0.271  0.04868   -9.017    0.453  0.91180  *
* 104)    1.053   (  0, 52)       -0.271  0.04868   -9.017    0.453  0.91180  *
* 105)    1.099   (  0, 53)       -0.001  0.05234   -8.984    0.490  0.91545  *
* 106)    1.099   ( 53,  0)       -0.001  0.05234   -8.984    0.490  0.91545  *
* 107)    1.320   (  0, 54)        0.101  0.03965   -8.753    0.515  0.92786  *
* 108)    1.320   ( 54,  0)        0.101  0.03965   -8.753    0.515  0.92786  *
* 111)    1.932   ( 56,  0)       -0.348  0.01781   -8.104    0.511  0.94863  *
* 112)    1.932   (  0, 56)       -0.348  0.01781   -8.104    0.511  0.94863  *
* 113)    3.201   (  0, 57)       -0.164  0.00689   -6.811    0.530  0.96803  *
* 114)    3.201   ( 57,  0)       -0.164  0.00689   -6.811    0.530  0.96803  *
* 115)    3.437   ( 58,  0)       -0.426  0.00442   -6.562    0.456  0.97010  *
* 116)    3.437   (  0, 58)       -0.426  0.00442   -6.562    0.456  0.97010  *
* 117)    3.538   ( 59,  0)        0.015  0.00432   -6.461    0.464  0.97092  *
* 118)    3.538   (  0, 59)        0.015  0.00432   -6.461    0.464  0.97092  *
* 121)    4.149   ( 61,  0)        0.185  0.00436   -5.855    0.546  0.97510  *
* 122)    4.149   (  0, 61)        0.185  0.00436   -5.855    0.546  0.97510  *
* 123)    6.725   (  0, 62)        0.356  0.17680   -5.621    5.131  0.98709  *
* 124)    6.725   ( 62,  0)        0.356  0.17680   -5.621    5.131  0.98709  *
* 125)    4.486   ( 63,  0)       -0.053  0.00414   -5.519    0.576  0.97693  *
* 126)    4.486   (  0, 63)       -0.053  0.00414   -5.519    0.576  0.97693  *
* 127)    5.046   ( 64,  0)        0.437  0.00309   -4.954    0.560  0.97941  *
* 128)    5.046   (  0, 64)        0.437  0.00309   -4.954    0.560  0.97941  *
* 129)    5.041   (  0, 65)       -0.668  0.00234   -4.951    0.488  0.97938  *
* 130)    5.041   ( 65,  0)       -0.668  0.00234   -4.951    0.488  0.97938  *
* 131)    5.083   ( 66,  0)       -0.092  0.00207   -4.906    0.462  0.97954  *
* 132)    5.083   (  0, 66)       -0.092  0.00207   -4.906    0.462  0.97954  *
* 133)    5.204   ( 67,  0)       -0.401  0.00195   -4.784    0.460  0.98000  *
* 134)    5.204   (  0, 67)       -0.401  0.00195   -4.784    0.460  0.98000  *
* 135)    5.834   ( 68,  0)       -0.442  0.00196   -4.157    0.516  0.98212  *
* 136)    5.834   (  0, 68)       -0.442  0.00196   -4.157    0.516  0.98212  *
* 137)    5.843   ( 69,  0)        0.143  0.00142   -4.142    0.440  0.98214  *
* 138)    5.843   (  0, 69)        0.143  0.00142   -4.142    0.440  0.98214  *
* 139)    6.185   ( 70,  0)       -0.217  0.00119   -3.798    0.427  0.98311  *
* 140)    6.185   (  0, 70)       -0.217  0.00119   -3.798    0.427  0.98311  *
* 141)    6.249   ( 71,  0)        0.361  0.00343   -3.762    0.731  0.98331  *
* 142)    6.249   (  0, 71)        0.361  0.00343   -3.762    0.731  0.98331  *
* 143)    6.518   ( 72,  0)       -0.112  0.00152   -3.470    0.509  0.98396  *
* 144)    6.518   (  0, 72)       -0.112  0.00152   -3.470    0.509  0.98396  *
* 145)    6.677   (  0, 73)       -0.436  0.00110   -3.305    0.443  0.98433  *
* 146)    6.677   ( 73,  0)       -0.436  0.00110   -3.305    0.443  0.98433  *
* 147)    6.971   (  0, 74)        0.393  0.00119   -3.014    0.481  0.98498  *
* 148)    6.971   ( 74,  0)        0.393  0.00119   -3.014    0.481  0.98498  *
* 149)    7.018   (  0, 75)        0.085  0.00099   -2.964    0.441  0.98508  *
* 150)    7.018   ( 75,  0)        0.085  0.00099   -2.964    0.441  0.98508  *
* 151)    7.287   (  0, 76)        0.279  0.00133   -2.700    0.531  0.98563  *
* 152)    7.287   ( 76,  0)        0.279  0.00133   -2.700    0.531  0.98563  *
* 153)    7.293   (  0, 77)        0.706  0.00127   -2.693    0.519  0.98564  *
* 154)    7.293   ( 77,  0)        0.706  0.00127   -2.693    0.519  0.98564  *
* 155)    7.949   (  0, 78)        0.561  0.04154   -2.680    3.172  0.98732  *
* 156)    7.949   ( 78,  0)        0.561  0.04154   -2.680    3.172  0.98732  *
* 157)    7.381   ( 79,  0)        0.328  0.00102   -2.602    0.470  0.98581  *
* 158)    7.381   (  0, 79)        0.328  0.00102   -2.602    0.470  0.98581  *
* 159)    7.507   (  0, 80)        0.283  0.00123   -2.479    0.527  0.98604  *
* 160)    7.507   ( 80,  0)        0.283  0.00123   -2.479    0.527  0.98604  *
* 161)    8.253   ( 81,  0)        0.254  0.00068   -1.726    0.430  0.98728  *
* 162)    8.253   (  0, 81)        0.254  0.00068   -1.726    0.430  0.98728  *
* 163)    8.446   (  0, 82)        0.312  0.00467   -1.601    1.152  0.98762  *
* 164)    8.446   ( 82,  0)        0.312  0.00467   -1.601    1.152  0.98762  *
* 165)    9.612   ( 83,  0)        0.012  0.00049   -0.366    0.424  0.98906  *
* 166)    9.612   (  0, 83)        0.012  0.00049   -0.366    0.424  0.98906  *
* 167)    9.682   ( 84,  0)        0.354  0.00098   -0.305    0.607  0.98914  *
* 168)    9.682   (  0, 84)        0.354  0.00098   -0.305    0.607  0.98914  *
*                                                                             *
*1606)   TOTAL=  ( 803, 803)                                                  *
*                                                                             *
*******************************************************************************

*******************************************************************************
*                                                                             *
*  SINGLE-PARTICLE PROPERTIES: CANONICAL                           NEUTRONS   *
*                                                                             *
*******************************************************************************
*                                                                             *
*  NO)   ENERGY   (S=+,S=-)   | N,nz,lz,OMEz>   <P>    <JY>    <SY>   GFACT   *
*                                                                             *
*  42)  -11.787   ( 42,---)   | 5, 4, 1, 3/2>   -32   0.002   0.001   0.408   *
*  43)  -11.637   ( 43,---)   | 4, 1, 1, 1/2>    41   0.531  -0.243  -0.458   *
*  44)  -11.602   ( 44,---)   | 5, 3, 2, 5/2>   -31  -0.000  -0.000   0.157   *
*  45)  -11.561   ( 45,---)   | 4, 0, 2, 3/2>    58   0.066  -0.010  -0.157   *
*  46)  -11.122   ( 46,---)   | 4, 0, 0, 1/2>    16  -0.663  -0.473   0.713   *
*  47)  -11.043   ( 47,---)   | 5, 2, 3, 7/2>   -56   0.000   0.000   0.075   *
*  48)  -10.498   ( 48,---)   | 5, 0, 5,11/2>   -72  -0.000  -0.000   0.108   *
*  49)  -10.400   ( 49,---)   | 5, 1, 4, 9/2>   -49  -0.000  -0.000   0.118   *
*  50)   -9.926   ( 50,---)   | 7, 5, 0, 1/2>   -14  -1.439  -0.348   0.242   *
*  51)   -9.652   ( 51,---)   | 5, 3, 2, 3/2>   -30  -0.001   0.000  -0.129   *
*  52)   -9.002   ( 52,---)   | 5, 4, 1, 1/2>   -30   0.173  -0.254  -1.469   *
*  53)   -8.967   ( 53,---)   | 6, 4, 2, 3/2>    -1  -0.001   0.000  -0.207   *
*  54)   -8.724   ( 54,---)   | 6, 4, 2, 5/2>    13   0.000   0.000   0.109   *
*  55)   -8.018   ( 55,---)   | 5, 3, 0, 1/2>   -44  -1.133  -0.324   0.286   *
*  56)   -6.622   ( 56,---)   | 5, 3, 0, 1/2>   -12  -0.710  -0.289   0.408   *
*  57)   -6.371   ( 57,---)   | 5, 3, 2, 3/2>   -48   0.000  -0.001 -2.E+02   *
*  58)   -6.249   ( 58,---)   | 6, 3, 3, 7/2>    16   0.000   0.000   0.114   *
*  59)   -5.529   ( 59,---)   | 7, 5, 2, 5/2>   -29   0.000   0.000   0.046   *
*  60)   -5.285   ( 60,---)   | 6, 5, 1, 3/2>   -24  -0.001   0.000  -0.415   *
*  61)   -4.786   ( 61,---)   | 5, 2, 3, 5/2>   -52  -0.000  -0.000   2.018   *
*  62)   -4.549   ( 62,---)   | 5, 0, 3, 7/2>   -54   0.000  -0.000  -0.068   *
*  63)   -4.455   ( 63,---)   | 5, 2, 1, 3/2>     6  -0.001  -0.001   0.782   *
*  64)   -4.357   ( 64,---)   | 5, 2, 1, 1/2>   -26   0.702  -0.276  -0.393   *
*  65)   -3.929   ( 65,---)   | 5, 0, 5, 9/2>   -48  -0.000   0.000  -0.067   *
*  66)   -3.604   ( 66,---)   | 5, 1, 0, 1/2>     6  -1.623  -0.264   0.163   *
*  67)   -3.211   ( 67,---)   | 6, 3, 3, 7/2>     1   0.000   0.000   0.011   *
*  68)   -3.195   ( 68,---)   | 5, 2, 1, 1/2>   -23   0.291  -0.231  -0.795   *
*  69)   -3.122   ( 69,---)   | 5, 0, 1, 3/2>   -31  -0.001   0.000  -0.808   *
*  70)   -2.581   ( 70,---)   | 6, 4, 2, 5/2>    25   0.000   0.000   0.139   *
*  71)   -2.552   ( 71,---)   | 5, 0, 3, 5/2>   -60   0.003  -0.001  -0.187   *
*  72)   -2.346   ( 72,---)   | 6, 0, 6,13/2>    72   0.000   0.000   0.102   *
*  73)   -2.339   ( 73,---)   | 6, 2, 4, 9/2>    25  -0.000   0.000  -0.015   *
*  74)   -2.231   ( 74,---)   | 5, 1, 2, 3/2>   -20  -0.002   0.001  -0.492   *
*  75)   -2.202   ( 75,---)   | 5, 0, 1, 1/2>   -37   0.111  -0.161  -1.450   *
*  76)   -2.119   ( 76,---)   | 6, 1, 5,11/2>    37  -0.000  -0.000   0.083   *
*  77)   -1.554   ( 77,---)   | 5, 0, 1, 1/2>   -18  -0.373  -0.369   0.988   *
*  78)   -1.426   ( 78,---)   | 7, 4, 3, 7/2>    -9  -0.000  -0.000   0.065   *
*  79)   -1.099   ( 79,---)   | 5, 0, 1, 1/2>   -24  -2.085  -0.253   0.122   *
*  80)   -0.926   ( 80,---)   | 6, 4, 2, 3/2>    -3   0.012   0.002   0.168   *
*                                                                             *
*******************************************************************************

*******************************************************************************
*                                                                             *
*  HFB PAIRING PROPERTIES                                           NEUTRONS  *
*                                                                             *
*  STRENGTH= 0.0623   GAP= 0.4944   FERMI ENERGY=-10.0744   ENERGY=  -3.9216  *
*                                                                             *
*******************************************************************************

*******************************************************************************
*                                                                             *
*  MULTIPOLE MOMENTS [UNITS:  (10 FERMI)^LAMBDA]                    NEUTRONS  *
*                                                                             *
*******************************************************************************
*                                                                             *
*  Q00 = 98.0000  .............  .............  .............  .............  *
*                                                                             *
*  Q10 = 15.6609  Q11 =    ZERO  .............  .............  .............  *
*                                                                             *
*  Q20 = 40.7078  Q21 =    ZERO  Q22 = -0.0021  .............  .............  *
*                                                                             *
*  Q30 = 15.6973  Q31 =    ZERO  Q32 = 4.8E-05  Q33 =    ZERO  .............  *
*                                                                             *
*  Q40 = 18.1234  Q41 =    ZERO  Q42 =-1.7E-04  Q43 =    ZERO  Q44 =-3.5E-07  *
*                                                                             *
*******************************************************************************

*******************************************************************************
*                                                                             *
*  ROOT-MEAN-SQUARE AND GEOMETRIC SIZES IN FERMIS                   NEUTRONS  *
*                                                                             *
*  R_RMS =  6.4536     X_RMS =  2.6380    Y_RMS =  2.6383    Z_RMS =  5.2659  *
*                                                                             *
*  R_GEO =  8.3316     X_GEO =  5.8989    Y_GEO =  5.8994    Z_GEO = 11.7748  *
*                                                                             *
*******************************************************************************

*******************************************************************************
*                                                                             *
*  BOHR DEFORMATIONS (FIRST-ORDER APPROXIMATION)                    NEUTRONS  *
*                                                                             *
*******************************************************************************
*                                                                             *
*  B10 =  0.3926  B11 =    ZERO  .............  .............  .............  *
*                                                                             *
*  B20 =  0.7906  B21 =    ZERO  B22 =-4.0E-05  .............  .............  *
*                                                                             *
*  B30 =  1.1601  B31 =    ZERO  B32 = 5.0E-06  B33 =    ZERO  .............  *
*                                                                             *
*  B40 =  1.6077  B41 =    ZERO  B42 =-2.1E-05  B43 =    ZERO  B44 =-4.4E-08  *
*                                                                             *
*******************************************************************************
*                                                                             *
*  BOHR DENSITY = 0.0405 FM^(-3)  BOHR RADIUS =   8.3316 FM                   *
*                                                                             *
*******************************************************************************

*******************************************************************************
*                                                                             *
*  SINGLE-QUASIPARTICLE PROPERTIES:                                 PROTONS   *
*                                                                             *
*******************************************************************************
*                                                                             *
*  NO)   ENERGY   (S=+,S=-)       PARITY   V2QUAP   EEQUIV   DEQUIV   V_CORR  *
*                                                                             *
*  37)    9.534   (  0, 19)       -0.315  0.99801  -11.890    0.849  0.99999  *
*  38)    9.534   ( 19,  0)       -0.315  0.99801  -11.890    0.849  0.99999  *
*  39)    8.843   (  0, 20)       -0.694  0.99795  -11.200    0.801  0.99999  *
*  40)    8.843   ( 20,  0)       -0.694  0.99795  -11.200    0.801  0.99999  *
*  41)    8.604   (  0, 21)       -0.416  0.99737  -10.951    0.882  0.99999  *
*  42)    8.604   ( 21,  0)       -0.416  0.99737  -10.951    0.882  0.99999  *
*  43)    8.168   ( 22,  0)       -0.497  0.99678  -10.508    0.925  0.99998  *
*  44)    8.168   (  0, 22)       -0.497  0.99678  -10.508    0.925  0.99998  *
*  45)    9.995   (  0, 23)       -0.060  0.87421   -9.873    6.629  0.99948  *
*  46)    9.995   ( 23,  0)       -0.060  0.87421   -9.873    6.629  0.99948  *
*  47)    7.210   ( 24,  0)       -0.508  0.99775   -9.571    0.683  0.99999  *
*  48)    7.210   (  0, 24)       -0.508  0.99775   -9.571    0.683  0.99999  *
*  49)    6.905   (  0, 25)       -0.088  0.99720   -9.259    0.730  0.99998  *
*  50)    6.905   ( 25,  0)       -0.088  0.99720   -9.259    0.730  0.99998  *
*  51)    6.196   ( 26,  0)       -0.001  0.99639   -8.544    0.744  0.99998  *
*  52)    6.196   (  0, 26)       -0.001  0.99639   -8.544    0.744  0.99998  *
*  53)    5.641   (  0, 27)        0.755  0.99673   -7.997    0.644  0.99998  *
*  54)    5.641   ( 27,  0)        0.755  0.99673   -7.997    0.644  0.99998  *
*  55)    5.354   (  0, 28)        0.242  0.99616   -7.706    0.663  0.99997  *
*  56)    5.354   ( 28,  0)        0.242  0.99616   -7.706    0.663  0.99997  *
*  57)    5.020   (  0, 29)        0.728  0.99541   -7.367    0.678  0.99996  *
*  58)    5.020   ( 29,  0)        0.728  0.99541   -7.367    0.678  0.99996  *
*  59)    4.811   ( 30,  0)        0.556  0.99542   -7.160    0.650  0.99996  *
*  60)    4.811   (  0, 30)        0.556  0.99542   -7.160    0.650  0.99996  *
*  61)    4.168   ( 31,  0)        0.300  0.99319   -6.504    0.686  0.99993  *
*  62)    4.168   (  0, 31)        0.300  0.99319   -6.504    0.686  0.99993  *
*  63)    3.327   ( 32,  0)        0.327  0.92810   -5.241    1.719  0.99910  *
*  64)    3.327   (  0, 32)        0.327  0.92810   -5.241    1.719  0.99910  *
*  65)    2.342   (  0, 33)       -0.129  0.98362   -4.659    0.595  0.99971  *
*  66)    2.342   ( 33,  0)       -0.129  0.98362   -4.659    0.595  0.99971  *
*  67)    1.935   ( 34,  0)        0.574  0.96828   -4.205    0.678  0.99931  *
*  68)    1.935   (  0, 34)        0.574  0.96828   -4.205    0.678  0.99931  *
*  69)    1.246   ( 35,  0)        0.365  0.94004   -3.490    0.592  0.99795  *
*  70)    1.246   (  0, 35)        0.365  0.94004   -3.490    0.592  0.99795  *
*  71)    0.891   ( 36,  0)        0.244  0.86656   -3.047    0.606  0.99355  *
*  72)    0.891   (  0, 36)        0.244  0.86656   -3.047    0.606  0.99355  *
*  73)    0.881   ( 37,  0)        0.345  0.85776   -3.024    0.616  0.99305  *
*  74)    0.881   (  0, 37)        0.345  0.85776   -3.024    0.616  0.99305  *
*  75)    0.706   ( 38,  0)        0.430  0.77827   -2.786    0.587  0.98646  *
*  76)    0.706   (  0, 38)        0.430  0.77827   -2.786    0.587  0.98646  *
*  77)    0.741   ( 39,  0)        0.627  0.73275   -2.738    0.656  0.98460  *
*  78)    0.741   (  0, 39)        0.627  0.73275   -2.738    0.656  0.98460  *
*  79)    0.639   ( 40,  0)        0.633  0.42411   -2.296    0.631  0.96312  *
*  80)    0.639   (  0, 40)        0.633  0.42411   -2.296    0.631  0.96312  *
*  81)    0.609   (  0, 41)        0.131  0.36548   -2.229    0.586  0.95776  *
*  82)    0.609   ( 41,  0)        0.131  0.36548   -2.229    0.586  0.95776  *
*  83)    1.597   (  0, 42)        0.316  0.03635   -0.912    0.598  0.97594  *
*  84)    1.597   ( 42,  0)        0.316  0.03635   -0.912    0.598  0.97594  *
*  85)    1.620   ( 43,  0)        0.496  0.04063   -0.904    0.640  0.97637  *
*  86)    1.620   (  0, 43)        0.496  0.04063   -0.904    0.640  0.97637  *
*  87)    1.756   (  0, 44)        0.483  0.03049   -0.744    0.604  0.97793  *
*  88)    1.756   ( 44,  0)        0.483  0.03049   -0.744    0.604  0.97793  *
*  89)    1.761   (  0, 45)       -0.250  0.02868   -0.733    0.588  0.97796  *
*  90)    1.761   ( 45,  0)       -0.250  0.02868   -0.733    0.588  0.97796  *
*  91)    1.788   (  0, 46)       -0.281  0.03135   -0.718    0.623  0.97834  *
*  92)    1.788   ( 46,  0)       -0.281  0.03135   -0.718    0.623  0.97834  *
*  93)    2.433   (  0, 47)       -0.515  0.01598   -0.038    0.610  0.98375  *
*  94)    2.433   ( 47,  0)       -0.515  0.01598   -0.038    0.610  0.98375  *
*  95)    2.536   (  0, 48)       -0.669  0.01725    0.055    0.660  0.98442  *
*  96)    2.536   ( 48,  0)       -0.669  0.01725    0.055    0.660  0.98442  *
*  97)    2.866   (  0, 49)       -0.303  0.01246    0.402    0.636  0.98613  *
*  98)    2.866   ( 49,  0)       -0.303  0.01246    0.402    0.636  0.98613  *
*  99)    3.359   (  0, 50)        0.009  0.07100    0.489    1.725  0.98882  *
* 100)    3.359   ( 50,  0)        0.009  0.07100    0.489    1.725  0.98882  *
* 101)    3.651   ( 51,  0)       -0.268  0.00624    1.213    0.575  0.98901  *
* 102)    3.651   (  0, 51)       -0.268  0.00624    1.213    0.575  0.98901  *
* 103)    4.372   (  0, 52)        0.204  0.00558    1.930    0.651  0.99080  *
* 104)    4.372   ( 52,  0)        0.204  0.00558    1.930    0.651  0.99080  *
* 105)    4.397   (  0, 53)       -0.082  0.00449    1.964    0.588  0.99084  *
* 106)    4.397   ( 53,  0)       -0.082  0.00449    1.964    0.588  0.99084  *
* 107)    4.766   (  0, 54)        0.068  0.00392    2.335    0.595  0.99154  *
* 108)    4.766   ( 54,  0)        0.068  0.00392    2.335    0.595  0.99154  *
* 109)    5.507   (  0, 55)       -0.184  0.00389    3.071    0.686  0.99267  *
* 110)    5.507   ( 55,  0)       -0.184  0.00389    3.071    0.686  0.99267  *
* 111)    6.767   ( 56,  0)       -0.011  0.00189    4.348    0.588  0.99402  *
* 112)    6.767   (  0, 56)       -0.011  0.00189    4.348    0.588  0.99402  *
* 113)    6.783   ( 57,  0)       -0.473  0.00250    4.357    0.677  0.99403  *
* 114)    6.783   (  0, 57)       -0.473  0.00250    4.357    0.677  0.99403  *
* 115)    7.274   (  0, 58)       -0.043  0.00175    4.856    0.609  0.99443  *
* 116)    7.274   ( 58,  0)       -0.043  0.00175    4.856    0.609  0.99443  *
* 117)    9.918   ( 59,  0)       -0.066  0.12230    5.099    6.499  0.99640  *
* 118)    9.918   (  0, 59)       -0.066  0.12230    5.099    6.499  0.99640  *
* 119)    7.801   ( 60,  0)       -0.289  0.00139    5.386    0.581  0.99480  *
* 120)    7.801   (  0, 60)       -0.289  0.00139    5.386    0.581  0.99480  *
* 121)    8.188   (  0, 61)       -0.477  0.00265    5.751    0.842  0.99505  *
* 122)    8.188   ( 61,  0)       -0.477  0.00265    5.751    0.842  0.99505  *
* 123)    8.517   ( 62,  0)       -0.697  0.00170    6.095    0.702  0.99524  *
* 124)    8.517   (  0, 62)       -0.697  0.00170    6.095    0.702  0.99524  *
* 125)    8.657   ( 63,  0)       -0.539  0.00139    6.240    0.645  0.99531  *
* 126)    8.657   (  0, 63)       -0.539  0.00139    6.240    0.645  0.99531  *
* 127)    8.714   ( 64,  0)       -0.429  0.00114    6.301    0.589  0.99534  *
* 128)    8.714   (  0, 64)       -0.429  0.00114    6.301    0.589  0.99534  *
* 129)    8.950   ( 65,  0)       -0.297  0.00204    6.520    0.808  0.99547  *
* 130)    8.950   (  0, 65)       -0.297  0.00204    6.520    0.808  0.99547  *
* 131)    9.293   ( 66,  0)       -0.260  0.00120    6.878    0.644  0.99563  *
* 132)    9.293   (  0, 66)       -0.260  0.00120    6.878    0.644  0.99563  *
* 133)    9.792   (  0, 67)       -0.057  0.00088    7.382    0.580  0.99585  *
* 134)    9.792   ( 67,  0)       -0.057  0.00088    7.382    0.580  0.99585  *
*                                                                             *
*1274)   TOTAL=  ( 637, 637)                                                  *
*                                                                             *
*******************************************************************************

*******************************************************************************
*                                                                             *
*  SINGLE-PARTICLE PROPERTIES: CANONICAL                            PROTONS   *
*                                                                             *
*******************************************************************************
*                                                                             *
*  NO)   ENERGY   (S=+,S=-)   | N,nz,lz,OMEz>   <P>    <JY>    <SY>   GFACT   *
*                                                                             *
*  20)  -11.884   ( 20,---)   | 3, 1, 2, 3/2>   -22  -0.001   0.000  -0.118   *
*  21)  -11.223   ( 21,---)   | 3, 0, 3, 5/2>   -69  -0.000   0.000  -0.142   *
*  22)  -11.037   ( 22,---)   | 3, 1, 0, 1/2>   -34  -0.209  -0.265   1.266   *
*  23)  -10.431   ( 23,---)   | 3, 1, 2, 3/2>   -36   0.004   0.000   0.074   *
*  24)   -9.572   ( 24,---)   | 3, 0, 1, 1/2>   -39   0.268  -0.146  -0.545   *
*  25)   -9.455   ( 25,---)   | 3, 0, 1, 3/2>   -44  -0.002  -0.002   0.838   *
*  26)   -8.663   ( 26,---)   | 4, 4, 0, 1/2>    -3  -1.125  -0.415   0.369   *
*  27)   -8.003   ( 27,---)   | 4, 2, 2, 5/2>    76   0.000   0.000   0.317   *
*  28)   -7.785   ( 28,---)   | 4, 3, 1, 1/2>    12  -0.109  -0.080   0.740   *
*  29)   -7.368   ( 29,---)   | 4, 0, 4, 9/2>    73   0.000   0.000   0.121   *
*  30)   -7.167   ( 30,---)   | 4, 1, 3, 7/2>    58  -0.000  -0.000   0.119   *
*  31)   -6.535   ( 31,---)   | 4, 2, 2, 3/2>    34   0.001   0.000   0.163   *
*  32)   -5.673   ( 32,---)   | 4, 2, 0, 1/2>    32  -1.205  -0.332   0.276   *
*  33)   -4.661   ( 33,---)   | 5, 3, 2, 5/2>   -12   0.000  -0.000  -2.505   *
*  34)   -4.238   ( 34,---)   | 4, 2, 2, 3/2>    57  -0.000   0.000  -0.416   *
*  35)   -3.500   ( 35,---)   | 4, 3, 1, 1/2>    38   0.309  -0.221  -0.713   *
*  36)   -3.050   ( 36,---)   | 4, 1, 3, 5/2>    25  -0.000  -0.000   1.889   *
*  37)   -3.025   ( 37,---)   | 4, 1, 1, 3/2>    35   0.000   0.000   0.920   *
*  38)   -2.788   ( 38,---)   | 4, 2, 0, 1/2>    43  -0.972  -0.403   0.415   *
*  39)   -2.739   ( 39,---)   | 4, 0, 4, 7/2>    62  -0.000  -0.000   3.041   *
*  40)   -2.296   ( 40,---)   | 4, 0, 2, 5/2>    63   0.000  -0.000  -0.163   *
*  41)   -2.228   ( 41,---)   | 4, 0, 0, 1/2>    13  -0.811  -0.280   0.345   *
*  42)   -0.867   ( 42,---)   | 4, 0, 2, 3/2>    55  -0.012   0.002  -0.187   *
*  43)   -0.846   ( 43,---)   | 4, 1, 1, 1/2>    39   0.695  -0.217  -0.312   *
*  44)   -0.723   ( 44,---)   | 4, 0, 0, 1/2>    21  -0.532  -0.491   0.923   *
*  45)   -0.705   ( 45,---)   | 5, 3, 2, 5/2>   -36  -0.000  -0.000   0.322   *
*  46)   -0.667   ( 46,---)   | 5, 4, 1, 3/2>   -29  -0.002  -0.000   0.200   *
*  47)   -0.002   ( 47,---)   | 5, 2, 3, 7/2>   -56  -0.000  -0.000   0.078   *
*                                                                             *
*******************************************************************************

*******************************************************************************
*                                                                             *
*  HFB PAIRING PROPERTIES                                            PROTONS  *
*                                                                             *
*  STRENGTH= 0.0683   GAP=-0.6215   FERMI ENERGY= -2.4338   ENERGY=  -5.6594  *
*                                                                             *
*******************************************************************************

*******************************************************************************
*                                                                             *
*  MULTIPOLE MOMENTS [UNITS:  (10 FERMI)^LAMBDA]                     PROTONS  *
*                                                                             *
*******************************************************************************
*                                                                             *
*  Q00 = 78.0000  .............  .............  .............  .............  *
*                                                                             *
*  Q10 = 13.8605  Q11 =    ZERO  .............  .............  .............  *
*                                                                             *
*  Q20 = 36.0319  Q21 =    ZERO  Q22 = -0.0018  .............  .............  *
*                                                                             *
*  Q30 = 13.9476  Q31 =    ZERO  Q32 = 4.7E-05  Q33 =    ZERO  .............  *
*                                                                             *
*  Q40 = 16.3858  Q41 =    ZERO  Q42 =-1.6E-04  Q43 =    ZERO  Q44 = 1.9E-06  *
*                                                                             *
*******************************************************************************

*******************************************************************************
*                                                                             *
*  ROOT-MEAN-SQUARE AND GEOMETRIC SIZES IN FERMIS                    PROTONS  *
*                                                                             *
*  R_RMS =  6.5511     X_RMS =  2.5702    Y_RMS =  2.5704    Z_RMS =  5.4501  *
*                                                                             *
*  R_GEO =  8.4574     X_GEO =  5.7471    Y_GEO =  5.7477    Z_GEO = 12.1869  *
*                                                                             *
*******************************************************************************

*******************************************************************************
*                                                                             *
*  BOHR DEFORMATIONS (FIRST-ORDER APPROXIMATION)                     PROTONS  *
*                                                                             *
*******************************************************************************
*                                                                             *
*  B10 =  0.4300  B11 =    ZERO  .............  .............  .............  *
*                                                                             *
*  B20 =  0.8532  B21 =    ZERO  B22 =-4.3E-05  .............  .............  *
*                                                                             *
*  B30 =  1.2382  B31 =    ZERO  B32 = 5.9E-06  B33 =    ZERO  .............  *
*                                                                             *
*  B40 =  1.7199  B41 =    ZERO  B42 =-2.4E-05  B43 =    ZERO  B44 = 2.8E-07  *
*                                                                             *
*******************************************************************************
*                                                                             *
*  BOHR DENSITY = 0.0308 FM^(-3)  BOHR RADIUS =   8.4574 FM                   *
*                                                                             *
*******************************************************************************

*******************************************************************************
*                                                                             *
*                  DENSITY INTEGRALS IN THE SKYRME FUNCTIONAL                 *
*                                                                             *
*******************************************************************************
*                                                                             *
*                   TOTAL(T)        SUM(S)      ISOSCALAR(P)  ISOVECTOR(M)    *
*                   --------        ------      ------------  ------------    *
*    DRHO_ =       20.122340     10.175852         20.122340      0.229363    *
*    DRHOD =        9.291369      4.697347          9.291369      0.103325    *
*    DLPR_ =       -4.582795     -2.309197         -4.582795     -0.035600    *
*    DTAU_ =       17.612543      8.971794         17.612543      0.331044    *
*    DSCU_ =        0.142992      0.079172          0.142992      0.015352    *
*    DDIV_ =        0.969208      0.492619          0.969208      0.016030    *
*                                                                             *
*    DSPI_ =        0.000000      0.000000          0.000000      0.000000    *
*    DSPID =        0.000000      0.000000          0.000000      0.000000    *
*    DLPS_ =        0.000000      0.000000          0.000000      0.000000    *
*    DCUR_ =        0.000000      0.000000          0.000000      0.000000    *
*    DKIS_ =        0.000000      0.000000          0.000000      0.000000    *
*    DROT_ =        0.000000      0.000000          0.000000      0.000000    *
*                                                                             *
*******************************************************************************

*******************************************************************************
*                                                                             *
*               CONTRIBUTIONS TO ENERGY IN THE SKYRME FUNCTIONAL              *
*                                                                             *
*******************************************************************************
*                                                                             *
*                 TOTAL(T)        SUM(S)        ISOSCALAR(P)  ISOVECTOR(M)    *
*                 --------        ------        ------------  ------------    *
*    ERHO_ =   -17990.580592   5477.819409     -12574.496134     61.734951    *
*    ERHOD =     9367.685175  -2383.264377       7010.632527    -26.211730    *
*    ELPR_ =     -450.650581    664.748994        208.974370      5.124043    *
*    ETAU_ =      583.962587   -433.082248        158.870331     -7.989992    *
*    ESCU_ =        0.000000      0.000000          0.000000      0.000000    *
*    EDIV_ =      -21.355364    -51.146202        -71.669399     -0.832168    *
*               ============  ============      ============  ============    *
*    SUM EVEN:  -8510.938775   3275.075576      -5267.688303     31.825104    *
*                                                                             *
*    ESPI_ =        0.000000      0.000000          0.000000      0.000000    *
*    ESPID =        0.000000      0.000000          0.000000      0.000000    *
*    ELPS_ =        0.000000      0.000000          0.000000      0.000000    *
*    ECUR_ =        0.000000      0.000000          0.000000      0.000000    *
*    EKIS_ =        0.000000      0.000000          0.000000      0.000000    *
*    EROT_ =        0.000000      0.000000          0.000000      0.000000    *
*               ============  ============      ============  ============    *
*    SUM  ODD:      0.000000      0.000000          0.000000      0.000000    *
*                                                                             *
*******************************************************************************
 
*******************************************************************************
*                                                                             *
*  CENTER-OF-MASS COORDINATES IN FERMIS                                TOTAL  *
*                                                                             *
*  R_CMS =  1.6774     X_CMS = -0.0000    Y_CMS =  0.0000    Z_CMS =  1.6774  *
*                                                                             *
*******************************************************************************

*******************************************************************************
*                                                                             *
*  MULTIPOLE MOMENTS [UNITS:  (10 FERMI)^LAMBDA] [CENT-MASS FRAME]  NEUTRONS  *
*                                                                             *
*******************************************************************************
*                                                                             *
*  Q00 = 98.0000  .............  .............  .............  .............  *
*                                                                             *
*  Q10 = -0.7771  Q11 =    ZERO  .............  .............  .............  *
*                                                                             *
*  Q20 = 35.7147  Q21 =    ZERO  Q22 = -0.0021  .............  .............  *
*                                                                             *
*  Q30 =  8.6944  Q31 =    ZERO  Q32 = 2.5E-04  Q33 =    ZERO  .............  *
*                                                                             *
*  Q40 =  8.9045  Q41 =    ZERO  Q42 =-2.6E-04  Q43 =    ZERO  Q44 =-3.5E-07  *
*                                                                             *
*******************************************************************************

*******************************************************************************
*                                                                             *
*  BOHR DEFORMATIONS (FIRST-ORDER APPROXIMATION) [CENT-MASS FRAME]  NEUTRONS  *
*                                                                             *
*******************************************************************************
*                                                                             *
*  B10 = -0.0240  B11 =    ZERO  .............  .............  .............  *
*                                                                             *
*  B20 =  1.0553  B21 =    ZERO  B22 =-6.1E-05  .............  .............  *
*                                                                             *
*  B30 =  1.2060  B31 =    ZERO  B32 = 4.9E-05  B33 =    ZERO  .............  *
*                                                                             *
*  B40 =  1.8287  B41 =    ZERO  B42 =-7.7E-05  B43 =    ZERO  B44 =-1.0E-07  *
*                                                                             *
*******************************************************************************
*                                                                             *
*  BOHR DENSITY = 0.0759 FM^(-3)  BOHR RADIUS =   6.7543 FM                   *
*                                                                             *
*******************************************************************************

*******************************************************************************
*                                                                             *
*  MULTIPOLE MOMENTS [UNITS:  (10 FERMI)^LAMBDA] [CENT-MASS FRAME]   PROTONS  *
*                                                                             *
*******************************************************************************
*                                                                             *
*  Q00 = 78.0000  .............  .............  .............  .............  *
*                                                                             *
*  Q10 =  0.7771  Q11 =    ZERO  .............  .............  .............  *
*                                                                             *
*  Q20 = 31.1214  Q21 =    ZERO  Q22 = -0.0018  .............  .............  *
*                                                                             *
*  Q30 =  7.7797  Q31 =    ZERO  Q32 = 2.3E-04  Q33 =    ZERO  .............  *
*                                                                             *
*  Q40 =  8.1795  Q41 =    ZERO  Q42 =-2.5E-04  Q43 =    ZERO  Q44 = 1.9E-06  *
*                                                                             *
*******************************************************************************

*******************************************************************************
*                                                                             *
*  BOHR DEFORMATIONS (FIRST-ORDER APPROXIMATION) [CENT-MASS FRAME]   PROTONS  *
*                                                                             *
*******************************************************************************
*                                                                             *
*  B10 =  0.0306  B11 =    ZERO  .............  .............  .............  *
*                                                                             *
*  B20 =  1.1843  B21 =    ZERO  B22 =-6.9E-05  .............  .............  *
*                                                                             *
*  B30 =  1.4070  B31 =    ZERO  B32 = 5.8E-05  B33 =    ZERO  .............  *
*                                                                             *
*  B40 =  2.2174  B41 =    ZERO  B42 =-9.6E-05  B43 =    ZERO  B44 = 7.2E-07  *
*                                                                             *
*******************************************************************************
*                                                                             *
*  BOHR DENSITY = 0.0627 FM^(-3)  BOHR RADIUS =   6.6715 FM                   *
*                                                                             *
*******************************************************************************

*******************************************************************************
*                                                                             *
*  EULER ANGLES OF THE PRINCIPAL-AXES FRAME IN DEGREES                 TOTAL  *
*                                                                             *
*  ALPHA =270.00000  BETA =  0.00000  GAMMA =  0.00000                        *
*                                                                             *
*******************************************************************************

*******************************************************************************
*                                                                             *
*  ROOT-MEAN-SQUARE AND GEOMETRIC SIZES IN FERMIS                      TOTAL  *
*                                                                             *
*  R_RMS =  6.4970     X_RMS =  2.6082    Y_RMS =  2.6084    Z_RMS =  5.3483  *
*                                                                             *
*  R_GEO =  8.3876     X_GEO =  5.8321    Y_GEO =  5.8326    Z_GEO = 11.9592  *
*                                                                             *
*******************************************************************************

*******************************************************************************
*                                                                             *
*  MULTIPOLE MOMENTS [UNITS:  (10 FERMI)^LAMBDA]                       TOTAL  *
*                                                                             *
*******************************************************************************
*                                                                             *
*  Q00 =176.0000  .............  .............  .............  .............  *
*                                                                             *
*  Q10 = 29.5214  Q11 =    ZERO  .............  .............  .............  *
*                                                                             *
*  Q20 = 76.7398  Q21 =    ZERO  Q22 = -0.0039  .............  .............  *
*                                                                             *
*  Q30 = 29.6449  Q31 =    ZERO  Q32 = 9.5E-05  Q33 =    ZERO  .............  *
*                                                                             *
*  Q40 = 34.5092  Q41 =    ZERO  Q42 =-3.3E-04  Q43 =    ZERO  Q44 = 1.5E-06  *
*                                                                             *
*******************************************************************************

*******************************************************************************
*                                                                             *
*  BOHR DEFORMATIONS (FIRST-ORDER APPROXIMATION)                       TOTAL  *
*                                                                             *
*******************************************************************************
*                                                                             *
*  B10 =  0.4093  B11 =    ZERO  .............  .............  .............  *
*                                                                             *
*  B20 =  0.8188  B21 =    ZERO  B22 =-4.1E-05  .............  .............  *
*                                                                             *
*  B30 =  1.1957  B31 =    ZERO  B32 = 5.4E-06  B33 =    ZERO  .............  *
*                                                                             *
*  B40 =  1.6594  B41 =    ZERO  B42 =-2.2E-05  B43 =    ZERO  B44 = 1.0E-07  *
*                                                                             *
*******************************************************************************
*                                                                             *
*  BOHR DENSITY = 0.0712 FM^(-3)  BOHR RADIUS =   8.3876 FM                   *
*                                                                             *
*******************************************************************************

*******************************************************************************
*                                                                             *
*  MULTIPOLE MOMENTS [UNITS:  (10 FERMI)^LAMBDA] [CENT-MASS FRAME]     TOTAL  *
*                                                                             *
*******************************************************************************
*                                                                             *
*  Q00 =176.0000  .............  .............  .............  .............  *
*                                                                             *
*  Q10 =    ZERO  Q11 =    ZERO  .............  .............  .............  *
*                                                                             *
*  Q20 = 66.8362  Q21 =    ZERO  Q22 = -0.0039  .............  .............  *
*                                                                             *
*  Q30 = 16.4741  Q31 =    ZERO  Q32 = 4.8E-04  Q33 =    ZERO  .............  *
*                                                                             *
*  Q40 = 17.0840  Q41 =    ZERO  Q42 =-5.1E-04  Q43 =    ZERO  Q44 = 1.5E-06  *
*                                                                             *
*******************************************************************************

*******************************************************************************
*                                                                             *
*  BOHR DEFORMATIONS (FIRST-ORDER APPROXIMATION) [CENT-MASS FRAME]     TOTAL  *
*                                                                             *
*******************************************************************************
*                                                                             *
*  B10 =    ZERO  B11 =    ZERO  .............  .............  .............  *
*                                                                             *
*  B20 =  1.1115  B21 =    ZERO  B22 =-6.4E-05  .............  .............  *
*                                                                             *
*  B30 =  1.2929  B31 =    ZERO  B32 = 5.3E-05  B33 =    ZERO  .............  *
*                                                                             *
*  B40 =  1.9957  B41 =    ZERO  B42 =-8.5E-05  B43 =    ZERO  B44 = 2.5E-07  *
*                                                                             *
*******************************************************************************
*                                                                             *
*  BOHR DENSITY = 0.1386 FM^(-3)  BOHR RADIUS =   6.7184 FM                   *
*                                                                             *
*******************************************************************************

*******************************************************************************
*                                                                             *
*  MULTIPOLE MOMENTS [UNITS:  (10 FERMI)^LAMBDA] [INTRINSIC FRAME]     TOTAL  *
*                                                                             *
*  REAL PART  FOR A NON-NEGATIVE PROJECTION                                   *
*  IMAGINARY PART FOR A NEGATIVE PROJECTION                                   *
*                                                                             *
*******************************************************************************
*                                                                             *
*  Q00 =176.0000  .............  .............  .............  .............  *
*                 .............  .............  .............  .............  *
*                                                                             *
*  Q10 =    ZERO  Q1+1=    ZERO  .............  .............  .............  *
*                 Q1-1=    ZERO  .............  .............  .............  *
*                                                                             *
*  Q20 = 66.8362  Q2+1=    ZERO  Q2+2=  0.0039  .............  .............  *
*                 Q2-1=    ZERO  Q2-2=    ZERO  .............  .............  *
*                                                                             *
*  Q30 = 16.4741  Q3+1=    ZERO  Q3+2=-4.8E-04  Q3+3=    ZERO  .............  *
*                 Q3-1=    ZERO  Q3-2=    ZERO  Q3-3=    ZERO  .............  *
*                                                                             *
*  Q40 = 17.0840  Q4+1=    ZERO  Q4+2= 5.1E-04  Q4+3=    ZERO  Q4+4= 1.5E-06  *
*                 Q4-1=    ZERO  Q4-2=    ZERO  Q4-3=    ZERO  Q4-4=    ZERO  *
*                                                                             *
*******************************************************************************

*******************************************************************************
*                                                                             *
*  BOHR DEFORMATIONS (FIRST-ORDER APPROXIMATION) [INTRINSIC FRAME]     TOTAL  *
*                                                                             *
*  REAL PART  FOR A NON-NEGATIVE PROJECTION                                   *
*  IMAGINARY PART FOR A NEGATIVE PROJECTION                                   *
*                                                                             *
*******************************************************************************
*                                                                             *
*  B10 =    ZERO  B1+1=    ZERO  .............  .............  .............  *
*                 B1-1=    ZERO  .............  .............  .............  *
*                                                                             *
*  B20 =  1.1115  B2+1=    ZERO  B2+2= 6.4E-05  .............  .............  *
*                 B2-1=    ZERO  B2-2=    ZERO  .............  .............  *
*                                                                             *
*  B30 =  1.2929  B3+1=    ZERO  B3+2=-5.3E-05  B3+3=    ZERO  .............  *
*                 B3-1=    ZERO  B3-2=    ZERO  B3-3=    ZERO  .............  *
*                                                                             *
*  B40 =  1.9957  B4+1=    ZERO  B4+2= 8.5E-05  B4+3=    ZERO  B4+4= 2.5E-07  *
*                 B4-1=    ZERO  B4-2=    ZERO  B4-3=    ZERO  B4-4=    ZERO  *
*                                                                             *
*******************************************************************************
*                                                                             *
*  BOHR DENSITY = 0.1386 FM^(-3)  BOHR RADIUS =   6.7184 FM                   *
*                                                                             *
*******************************************************************************

*******************************************************************************
*                                                                             *
*                                ENERGIES (MEV)                               *
*                                                                             *
*******************************************************************************
*                                                                             *
*  KINETIC: (NEU)=  1863.771626    (PRO)=  1330.534773    (TOT)=  3194.306400 *
*  SUM EPS: (NEU)= -2085.830815    (PRO)= -1020.788547    (TOT)= -3106.619362 *
*  PAIRING: (NEU)=    -3.921649    (PRO)=    -5.659406    (TOT)=    -9.581055 *
*  P-REARR: (NEU)=     1.022863    (PRO)=     1.613016    (TOT)=     2.635879 *
*                                                                             *
*  PAIRGAP: (NEU)=     0.494395    (PRO)=    -0.621503    THIS SPACE IS EMPTY *
*  E-FERMI: (NEU)=   -10.074425    (PRO)=    -2.433808    AND AWAITS  YOUR AD *
*                                                                             *
*  COULOMB: (DIR)=   720.514374    (EXC)=   -30.071363    (TOT)=   690.443011 *
*                                                                             *
*  CONSTR. (MULT)=   115.713206    SLOPE=    57.658814    CORR.=   -28.829407 *
*  CONSTR. (SURF)=     0.000000    SLOPE=     0.000000    CORR.=     0.000000 *
*  CONSTR. (SPIN)=     0.000000    SLOPE=     0.000000    CORR.=     0.000000 *
*  CONSTR. (ISOS)=     0.000000    SLOPE=     0.000000    CORR.=     0.000000 *
*                                                                             *
*  REARRANGEMENT ENERGY FROM THE SKYRME DENSITY-DEPENDENT TERMS=  1315.097687 *
*  ROUTHIAN= TOTAL ENERGY + MULTIPOLE AND (ISO)SPIN CONSTRAINTS= -1244.981638 *
*                                                                             *
*  SPIN-ORB (EVE)=   -72.501566    (ODD)=     0.000000    (TOT)=   -72.501566 *
*  SKYRME:  (EVE)= -5235.863199    (ODD)=     0.000000    (TOT)= -5235.863199 *
*                                                                             *
*  TOTAL:  (STAB)=    96.029361     (SP)= -1264.665483    (FUN)= -1360.694844 *
*                                                                             *
*******************************************************************************

*******************************************************************************
*                                                                             *
*  ITERATION RESTARTED FROM THE DISC, THE FOLLOWING FILE(S) READ:             *
*  ./restart/HFODD_00000033.REC                                        VER=19 *
*                                                                             *
*******************************************************************************
*                                                                             *
* CONVERGENCE REPORT                                                          *
*                                                                             *
*******************************************************************************
*                                                                             *
* ITER     ENERGY     STABILITY    Q_2    GAMMA   SPIN  OMEGA   ANGLE   EPAIR *
*                                                                             *
* 1767 -1360.694844   96.029361  66.836    0.00   0.00  0.000   0.000   -9.58 *
* 1768  -716.304635    1.05E+03 228.164    0.00   0.00  0.000   0.000   -1.13 *
* 1769  -864.400798    1.48E+03 233.818    0.00   0.00  0.000   0.000   -6.32 *
* 1770  -651.009357    1.16E+03 223.904    0.00   0.00  0.000   0.000   -2.83 *
* 1771  -733.270755    1.19E+03 233.509    0.00   0.00  0.000   0.000  -10.05 *
* 1772  -754.420332   -1.07E+03 233.103    0.00   0.00  0.000   0.000  -10.40 *
* 1773 -1760.458216  104.142104  73.789    0.00   0.00  0.000   0.000 -135.87 *
* 1774 -1290.750777  171.346804 127.730    0.00   0.00  0.000   0.000  -23.62 *
* 1775 -1254.456349  116.491125 129.852    0.00   0.00  0.000   0.000   -9.17 *
* 1776 -1257.742358  123.089622 129.724    0.00   0.00  0.000   0.000  -10.93 *
* 1777 -1258.076875  129.749546 130.755    0.00   0.00  0.000   0.000  -10.99 *
* 1778 -1216.325832 -445.256461 148.475    0.00   0.00  0.000   0.000   -8.96 *
* 1779 -1357.674487  -53.844831  52.726    0.00   0.00  0.000   0.000  -40.12 *
* 1780 -1367.355440   30.795688  60.218    0.00   0.00  0.000   0.000  -29.22 *
* 1781 -1356.874473   17.766474  61.183    0.00   0.00  0.000   0.000  -26.39 *
* 1782 -1361.872105   81.916873  61.996    0.00   0.00  0.000   0.000  -25.25 *
* 1783  -733.109926    1.10E+03 231.936    0.00   0.00  0.000   0.000   -4.10 *
* 1784  -844.475812    1.30E+03 236.870    0.00   0.00  0.000   0.000  -15.15 *
* 1785  -654.526893  946.284856 227.527    0.00   0.00  0.000   0.000   -8.54 *
* 1786  -846.818456    1.11E+03 239.511    0.00   0.00  0.000   0.000  -23.15 *
* 1787  -773.777573  104.521772 237.113    0.00   0.00  0.000   0.000  -16.24 *
* 1788 -1173.011444  604.670057 210.677    0.00   0.00  0.000   0.000  -71.35 *
* 1789  -979.918441  413.316035 227.909    0.00   0.00  0.000   0.000  -15.64 *
* 1790 -1199.394205  -72.055437 187.516    0.00   0.00  0.000   0.000  -51.35 *
* 1791 -1404.545579   -2.629819 100.560    0.00   0.00  0.000   0.000  -68.64 *
* 1792 -1363.105467    5.373629  82.632    0.00   0.00  0.000   0.000  -41.82 *
* 1793 -1374.870443   11.450978  62.380    0.00   0.00  0.000   0.000  -31.68 *
* 1794 -1102.570688    1.15E+03 185.509    0.00   0.00  0.000   0.000  -11.96 *
* 1795  -721.951780    3.33E+03 229.385    0.00   0.00  0.000   0.000   -5.21 *
* 1796   262.719238    1.71E+03 139.680    0.00   0.00  0.000   0.000   -2.97 *
* 1797   254.829488 -702.573852 151.747    0.00   0.00  0.000   0.000  -10.04 *
* 1798  -372.229835 -818.559311 252.436    0.00   0.00  0.000   0.000 -116.05 *
* 1799 -1279.020708  566.456617 167.780    0.00   0.00  0.000   0.000 -194.88 *
* 1800  -972.516913  738.481838 232.795    0.00   0.00  0.000   0.000  -14.90 *
* 1801  -997.711448   48.043381 223.173    0.00   0.00  0.000   0.000  -23.02 *
* 1802 -1322.387228   16.565335 156.289    0.00   0.00  0.000   0.000  -65.36 *
* 1803 -1350.987142  166.230310 105.379    0.00   0.00  0.000   0.000  -57.01 *
* 1804 -1045.262810    1.89E+03 212.924    0.00   0.00  0.000   0.000  -11.23 *
* 1805  -275.994765    5.28E+03 236.539    0.00   0.00  0.000   0.000   -5.18 *
* 1806  1232.939935    2.18E+03  18.698    0.00   0.00  0.000   0.000   -2.08 *
* 1807  1314.533544   -1.32E+04  19.043    0.01   0.00  0.000   0.000   -4.39 *
* 1808 -2013.959950  110.027949  25.153    0.01   0.00  0.000   0.000 -929.36 *
* 1809    -8.347478    1.29E+03 605.233    0.00   0.00  0.000   0.000   -0.40 *
* 1810    30.554405    2.10E+03 588.502    0.00   0.00  0.000   0.000  -15.42 *
* 1811  -165.375751  891.878388 610.482    0.00   0.00  0.000   0.000   -4.09 *
* 1812   -22.581007  623.648329 572.537    0.00   0.00  0.000   0.000  -22.29 *
* 1813   157.139904    1.68E+03 386.600    0.01   0.00  0.000   0.000  -47.20 *
* 1814    41.244689    2.35E+04 456.959    0.00   0.00  0.000   0.000  -12.21 *
* 1815  2266.530537    5.42E+04 199.497    0.00   0.00  0.000   0.000   -0.09 *
* 1816  1122.124796    1.18E+05 621.227    0.00   0.00  0.000   0.000   -0.01 *

 //////////////////// MAXIMUM NUMBER OF ITERATIONS       ////////////////////
 //////////////////// EXCEEDED IN QUABCS                 ////////////////////

*******************************************************************************
*                                                                             *
*  PROCESSOR   EXECUTION  TIMES IN SUBROUTINES                                *
*  INCLUDING THEIR COMPLETE DOWN-CALLING TREES                                *
*                                                                             *
*******************************************************************************
*                                                                             *
*    15993 => HFODD    9177 => DENSHF   3059 => DIAMAT   2788 => HFBSIM       *
*                                                                             *
*     1741 => QMULCM    881 => PAIMAC    657 => CANQUA    248 => AVEQUA       *
*                                                                             *
*      217 => RECORD     97 => INTEGH     89 => INTSOR     86 => DENMAC       *
*                                                                             *
*       84 => INTEGD     49 => DOBROY     46 => MOMETS     45 => INTMUL       *
*                                                                             *
*       31 => BEGINC     29 => SKFILD     20 => INTMAS     19 => ROTAVR       *
*                                                                             *
*       19 => LINAVR     15 => COUMAT     14 => INTCOU      9 => INTCEN       *
*                                                                             *
*        7 => SPAVER      5 => SKPAIR      5 => AVOBSE      3 => NILASP       *
*                                                                             *
*        2 => POWALL      2 => AVANGY      1 => INTKIN      0 => AVPARI       *
*                                                                             *
*        0 => QUABCS      0 => SHICOE      0 => PAXMOM      0 => AVSIMP       *
*                                                                             *
*        0 => MAGMOM      0 => SPIMOM      0 => MOMSIF      0 => MOMVMU       *
*                                                                             *
*        0 => SHIMOM      0 => SHISIF      0 => SHIMAG                        *
*                                                                             *
*******************************************************************************
*                                                                             *
*  NUMBERS OF CALLS TO SUBROUTINES                                            *
*                                                                             *
*******************************************************************************
*                                                                             *
*     2273 => BEGINC   1906 => INTMUL    606 => INTSOR    251 => DIAMAT       *
*                                                                             *
*      202 => INTMAS    202 => INTCEN    201 => INTKIN    200 => AVEQUA       *
*                                                                             *
*      150 => PAXMOM    101 => INTEGH    101 => INTEGD    101 => HFBSIM       *
*                                                                             *
*      101 => QUABCS    100 => CANQUA    100 => AVPARI    100 => DENSHF       *
*                                                                             *
*      100 => DENMAC    100 => PAIMAC    100 => MOMETS    100 => MOMSIF       *
*                                                                             *
*      100 => MOMVMU    100 => MAGMOM    100 => SPIMOM    100 => LINAVR       *
*                                                                             *
*      100 => ROTAVR    100 => SHICOE     51 => RECORD     51 => COUMAT       *
*                                                                             *
*       51 => INTCOU     50 => QMULCM     50 => SKFILD     50 => SKPAIR       *
*                                                                             *
*       50 => DOBROY     50 => SHIMOM     50 => SHISIF     50 => SHIMAG       *
*                                                                             *
*       14 => SPAVER      2 => AVANGY      2 => AVOBSE      2 => AVSIMP       *
*                                                                             *
*        2 => NILASP      1 => HFODD       1 => POWALL                        *
*                                                                             *
*******************************************************************************
*                                                                             *
*  EXECUTION ENDS ON 2016.08.25 AT 07:07:46.864                               *
*                                                                             *
*******************************************************************************
